Using TensorFlow backend.
16.02.2018 07:05:36 INFO    Hi! How are you today?
16.02.2018 07:05:36 INFO    Startup options:
16.02.2018 07:05:36 INFO      Algorithm:                     regression
16.02.2018 07:05:36 INFO      Point by point:                False
16.02.2018 07:05:36 INFO      Morphing-aware mode:           False
16.02.2018 07:05:36 INFO      Smeared data:                  False
16.02.2018 07:05:36 INFO      Training sample:               baseline
16.02.2018 07:05:36 INFO      AFC X indices:                 [1, 38, 39, 40, 41]
16.02.2018 07:05:36 INFO      alpha:                         None
16.02.2018 07:05:36 INFO      AFC epsilon:                   None
16.02.2018 07:05:36 INFO      Neyman construction toys:      False
16.02.2018 07:05:36 INFO      Other options:                 ['largebatch']
16.02.2018 07:05:36 INFO      Base directory:                /home/jb6504/higgs_inference
16.02.2018 07:05:36 INFO      ML-based strategies available: True
16.02.2018 07:05:36 INFO    Starting parameterized inference
16.02.2018 07:05:36 INFO    Main settings:
16.02.2018 07:05:36 INFO      Algorithm:                regression
16.02.2018 07:05:36 INFO      Morphing-aware:           False
16.02.2018 07:05:36 INFO      Training sample:          baseline
16.02.2018 07:05:36 INFO    Options:
16.02.2018 07:05:36 INFO      Number of hidden layers:  2
16.02.2018 07:05:36 INFO      Batch size:               256
16.02.2018 07:05:36 INFO      Learning rate:            0.001
16.02.2018 07:05:36 INFO      Learning rate decay:      0.0921034037198
16.02.2018 07:05:36 INFO      Number of epochs:         50
16.02.2018 07:05:36 INFO      Debug mode:               False
16.02.2018 07:06:04 INFO    Starting training
Train on 7995920 samples, validate on 1998980 samples
2018-02-16 07:06:05.430178: W tensorflow/core/platform/cpu_feature_guard.cc:45] The TensorFlow library wasn't compiled to use SSE4.1 instructions, but these are available on your machine and could speed up CPU computations.
2018-02-16 07:06:05.430545: W tensorflow/core/platform/cpu_feature_guard.cc:45] The TensorFlow library wasn't compiled to use SSE4.2 instructions, but these are available on your machine and could speed up CPU computations.
2018-02-16 07:06:05.430553: W tensorflow/core/platform/cpu_feature_guard.cc:45] The TensorFlow library wasn't compiled to use AVX instructions, but these are available on your machine and could speed up CPU computations.
2018-02-16 07:06:05.430557: W tensorflow/core/platform/cpu_feature_guard.cc:45] The TensorFlow library wasn't compiled to use AVX2 instructions, but these are available on your machine and could speed up CPU computations.
2018-02-16 07:06:05.430561: W tensorflow/core/platform/cpu_feature_guard.cc:45] The TensorFlow library wasn't compiled to use FMA instructions, but these are available on your machine and could speed up CPU computations.
2018-02-16 07:06:05.726453: I tensorflow/core/common_runtime/gpu/gpu_device.cc:940] Found device 0 with properties: 
name: Tesla K80
major: 3 minor: 7 memoryClockRate (GHz) 0.8235
pciBusID 0000:85:00.0
Total memory: 11.17GiB
Free memory: 11.10GiB
2018-02-16 07:06:05.726487: I tensorflow/core/common_runtime/gpu/gpu_device.cc:961] DMA: 0 
2018-02-16 07:06:05.726492: I tensorflow/core/common_runtime/gpu/gpu_device.cc:971] 0:   Y 
2018-02-16 07:06:05.726502: I tensorflow/core/common_runtime/gpu/gpu_device.cc:1030] Creating TensorFlow device (/gpu:0) -> (device: 0, name: Tesla K80, pci bus id: 0000:85:00.0)
Epoch 1/50
227s - loss: 809.2834 - full_cross_entropy: 0.6806 - trimmed_cross_entropy: 0.6753 - full_mse_log_r: 0.2331 - trimmed_mse_log_r: 0.2313 - full_mae_log_r: 0.3154 - full_mse_score: 2.0254 - trimmed_mse_score: 1.0657 - full_mae_score: 0.5932 - val_loss: 722.2416 - val_full_cross_entropy: 0.6678 - val_trimmed_cross_entropy: 0.6626 - val_full_mse_log_r: 0.1053 - val_trimmed_mse_log_r: 0.1045 - val_full_mae_log_r: 0.2246 - val_full_mse_score: 1.6076 - val_trimmed_mse_score: 0.7648 - val_full_mae_score: 0.5217
Epoch 2/50
226s - loss: 756.4748 - full_cross_entropy: 0.6668 - trimmed_cross_entropy: 0.6616 - full_mse_log_r: 0.0944 - trimmed_mse_log_r: 0.0936 - full_mae_log_r: 0.2066 - full_mse_score: 1.5855 - trimmed_mse_score: 0.7674 - full_mae_score: 0.5339 - val_loss: 716.0335 - val_full_cross_entropy: 0.6652 - val_trimmed_cross_entropy: 0.6600 - val_full_mse_log_r: 0.0815 - val_trimmed_mse_log_r: 0.0809 - val_full_mae_log_r: 0.1890 - val_full_mse_score: 1.5021 - val_trimmed_mse_score: 0.7267 - val_full_mae_score: 0.5231
Epoch 3/50
226s - loss: 745.6227 - full_cross_entropy: 0.6650 - trimmed_cross_entropy: 0.6598 - full_mse_log_r: 0.0749 - trimmed_mse_log_r: 0.0743 - full_mae_log_r: 0.1832 - full_mse_score: 1.4292 - trimmed_mse_score: 0.6859 - full_mae_score: 0.5106 - val_loss: 665.8828 - val_full_cross_entropy: 0.6646 - val_trimmed_cross_entropy: 0.6594 - val_full_mse_log_r: 0.0722 - val_trimmed_mse_log_r: 0.0717 - val_full_mae_log_r: 0.1769 - val_full_mse_score: 1.3958 - val_trimmed_mse_score: 0.6812 - val_full_mae_score: 0.5068
Epoch 4/50
226s - loss: 734.2567 - full_cross_entropy: 0.6643 - trimmed_cross_entropy: 0.6591 - full_mse_log_r: 0.0660 - trimmed_mse_log_r: 0.0654 - full_mae_log_r: 0.1727 - full_mse_score: 1.3477 - trimmed_mse_score: 0.6511 - full_mae_score: 0.5029 - val_loss: 695.3855 - val_full_cross_entropy: 0.6635 - val_trimmed_cross_entropy: 0.6584 - val_full_mse_log_r: 0.0608 - val_trimmed_mse_log_r: 0.0603 - val_full_mae_log_r: 0.1656 - val_full_mse_score: 1.2884 - val_trimmed_mse_score: 0.6155 - val_full_mae_score: 0.4928
Epoch 5/50
226s - loss: 717.9254 - full_cross_entropy: 0.6637 - trimmed_cross_entropy: 0.6585 - full_mse_log_r: 0.0598 - trimmed_mse_log_r: 0.0593 - full_mae_log_r: 0.1660 - full_mse_score: 1.2805 - trimmed_mse_score: 0.6280 - full_mae_score: 0.5013 - val_loss: 645.3604 - val_full_cross_entropy: 0.6639 - val_trimmed_cross_entropy: 0.6587 - val_full_mse_log_r: 0.0615 - val_trimmed_mse_log_r: 0.0611 - val_full_mae_log_r: 0.1666 - val_full_mse_score: 1.2833 - val_trimmed_mse_score: 0.6401 - val_full_mae_score: 0.5062
Epoch 6/50
226s - loss: 702.9959 - full_cross_entropy: 0.6633 - trimmed_cross_entropy: 0.6582 - full_mse_log_r: 0.0554 - trimmed_mse_log_r: 0.0550 - full_mae_log_r: 0.1605 - full_mse_score: 1.2190 - trimmed_mse_score: 0.6025 - full_mae_score: 0.4957 - val_loss: 646.8919 - val_full_cross_entropy: 0.6633 - val_trimmed_cross_entropy: 0.6581 - val_full_mse_log_r: 0.0555 - val_trimmed_mse_log_r: 0.0550 - val_full_mae_log_r: 0.1602 - val_full_mse_score: 1.2169 - val_trimmed_mse_score: 0.6165 - val_full_mae_score: 0.5024
Epoch 7/50
226s - loss: 711.6296 - full_cross_entropy: 0.6630 - trimmed_cross_entropy: 0.6578 - full_mse_log_r: 0.0515 - trimmed_mse_log_r: 0.0511 - full_mae_log_r: 0.1551 - full_mse_score: 1.1767 - trimmed_mse_score: 0.5837 - full_mae_score: 0.4912 - val_loss: 649.0274 - val_full_cross_entropy: 0.6629 - val_trimmed_cross_entropy: 0.6577 - val_full_mse_log_r: 0.0501 - val_trimmed_mse_log_r: 0.0497 - val_full_mae_log_r: 0.1558 - val_full_mse_score: 1.1306 - val_trimmed_mse_score: 0.5521 - val_full_mae_score: 0.4762
Epoch 8/50
226s - loss: 706.9855 - full_cross_entropy: 0.6626 - trimmed_cross_entropy: 0.6574 - full_mse_log_r: 0.0475 - trimmed_mse_log_r: 0.0472 - full_mae_log_r: 0.1485 - full_mse_score: 1.1203 - trimmed_mse_score: 0.5498 - full_mae_score: 0.4753 - val_loss: 637.3308 - val_full_cross_entropy: 0.6623 - val_trimmed_cross_entropy: 0.6572 - val_full_mse_log_r: 0.0453 - val_trimmed_mse_log_r: 0.0449 - val_full_mae_log_r: 0.1449 - val_full_mse_score: 1.1123 - val_trimmed_mse_score: 0.5497 - val_full_mae_score: 0.4759
Epoch 9/50
226s - loss: 690.5467 - full_cross_entropy: 0.6624 - trimmed_cross_entropy: 0.6572 - full_mse_log_r: 0.0448 - trimmed_mse_log_r: 0.0445 - full_mae_log_r: 0.1444 - full_mse_score: 1.0757 - trimmed_mse_score: 0.5299 - full_mae_score: 0.4678 - val_loss: 628.5204 - val_full_cross_entropy: 0.6620 - val_trimmed_cross_entropy: 0.6569 - val_full_mse_log_r: 0.0420 - val_trimmed_mse_log_r: 0.0417 - val_full_mae_log_r: 0.1406 - val_full_mse_score: 1.0508 - val_trimmed_mse_score: 0.5155 - val_full_mae_score: 0.4594
Epoch 10/50
226s - loss: 679.2822 - full_cross_entropy: 0.6621 - trimmed_cross_entropy: 0.6570 - full_mse_log_r: 0.0424 - trimmed_mse_log_r: 0.0421 - full_mae_log_r: 0.1407 - full_mse_score: 1.0354 - trimmed_mse_score: 0.5124 - full_mae_score: 0.4603 - val_loss: 634.5448 - val_full_cross_entropy: 0.6621 - val_trimmed_cross_entropy: 0.6569 - val_full_mse_log_r: 0.0413 - val_trimmed_mse_log_r: 0.0410 - val_full_mae_log_r: 0.1382 - val_full_mse_score: 1.0231 - val_trimmed_mse_score: 0.5037 - val_full_mae_score: 0.4565
Epoch 11/50
226s - loss: 690.3099 - full_cross_entropy: 0.6619 - trimmed_cross_entropy: 0.6567 - full_mse_log_r: 0.0400 - trimmed_mse_log_r: 0.0397 - full_mae_log_r: 0.1364 - full_mse_score: 0.9930 - trimmed_mse_score: 0.4888 - full_mae_score: 0.4489 - val_loss: 638.9950 - val_full_cross_entropy: 0.6617 - val_trimmed_cross_entropy: 0.6566 - val_full_mse_log_r: 0.0392 - val_trimmed_mse_log_r: 0.0389 - val_full_mae_log_r: 0.1329 - val_full_mse_score: 0.9901 - val_trimmed_mse_score: 0.4724 - val_full_mae_score: 0.4390
Epoch 12/50
226s - loss: 680.8633 - full_cross_entropy: 0.6617 - trimmed_cross_entropy: 0.6565 - full_mse_log_r: 0.0381 - trimmed_mse_log_r: 0.0378 - full_mae_log_r: 0.1330 - full_mse_score: 0.9613 - trimmed_mse_score: 0.4693 - full_mae_score: 0.4374 - val_loss: 636.8943 - val_full_cross_entropy: 0.6616 - val_trimmed_cross_entropy: 0.6564 - val_full_mse_log_r: 0.0368 - val_trimmed_mse_log_r: 0.0365 - val_full_mae_log_r: 0.1301 - val_full_mse_score: 0.9363 - val_trimmed_mse_score: 0.4597 - val_full_mae_score: 0.4331
Epoch 13/50
226s - loss: 675.4468 - full_cross_entropy: 0.6615 - trimmed_cross_entropy: 0.6564 - full_mse_log_r: 0.0360 - trimmed_mse_log_r: 0.0357 - full_mae_log_r: 0.1291 - full_mse_score: 0.9247 - trimmed_mse_score: 0.4529 - full_mae_score: 0.4277 - val_loss: 608.3001 - val_full_cross_entropy: 0.6614 - val_trimmed_cross_entropy: 0.6562 - val_full_mse_log_r: 0.0353 - val_trimmed_mse_log_r: 0.0350 - val_full_mae_log_r: 0.1276 - val_full_mse_score: 0.9432 - val_trimmed_mse_score: 0.4509 - val_full_mae_score: 0.4237
Epoch 14/50
226s - loss: 671.1159 - full_cross_entropy: 0.6614 - trimmed_cross_entropy: 0.6562 - full_mse_log_r: 0.0345 - trimmed_mse_log_r: 0.0342 - full_mae_log_r: 0.1265 - full_mse_score: 0.8964 - trimmed_mse_score: 0.4344 - full_mae_score: 0.4190 - val_loss: 616.5940 - val_full_cross_entropy: 0.6612 - val_trimmed_cross_entropy: 0.6560 - val_full_mse_log_r: 0.0329 - val_trimmed_mse_log_r: 0.0327 - val_full_mae_log_r: 0.1234 - val_full_mse_score: 0.8771 - val_trimmed_mse_score: 0.4203 - val_full_mae_score: 0.4113
Epoch 15/50
226s - loss: 661.7397 - full_cross_entropy: 0.6613 - trimmed_cross_entropy: 0.6561 - full_mse_log_r: 0.0333 - trimmed_mse_log_r: 0.0331 - full_mae_log_r: 0.1242 - full_mse_score: 0.8721 - trimmed_mse_score: 0.4225 - full_mae_score: 0.4119 - val_loss: 621.2156 - val_full_cross_entropy: 0.6611 - val_trimmed_cross_entropy: 0.6560 - val_full_mse_log_r: 0.0324 - val_trimmed_mse_log_r: 0.0321 - val_full_mae_log_r: 0.1212 - val_full_mse_score: 0.8986 - val_trimmed_mse_score: 0.4337 - val_full_mae_score: 0.4145
Epoch 16/50
226s - loss: 659.6542 - full_cross_entropy: 0.6612 - trimmed_cross_entropy: 0.6560 - full_mse_log_r: 0.0322 - trimmed_mse_log_r: 0.0320 - full_mae_log_r: 0.1217 - full_mse_score: 0.8585 - trimmed_mse_score: 0.4143 - full_mae_score: 0.4067 - val_loss: 588.0662 - val_full_cross_entropy: 0.6611 - val_trimmed_cross_entropy: 0.6559 - val_full_mse_log_r: 0.0320 - val_trimmed_mse_log_r: 0.0318 - val_full_mae_log_r: 0.1207 - val_full_mse_score: 0.8834 - val_trimmed_mse_score: 0.4281 - val_full_mae_score: 0.4104
Epoch 17/50
226s - loss: 658.9233 - full_cross_entropy: 0.6611 - trimmed_cross_entropy: 0.6559 - full_mse_log_r: 0.0313 - trimmed_mse_log_r: 0.0311 - full_mae_log_r: 0.1203 - full_mse_score: 0.8378 - trimmed_mse_score: 0.4062 - full_mae_score: 0.4038 - val_loss: 589.3214 - val_full_cross_entropy: 0.6611 - val_trimmed_cross_entropy: 0.6559 - val_full_mse_log_r: 0.0317 - val_trimmed_mse_log_r: 0.0315 - val_full_mae_log_r: 0.1202 - val_full_mse_score: 0.8524 - val_trimmed_mse_score: 0.4156 - val_full_mae_score: 0.4055
Epoch 18/50
226s - loss: 645.2838 - full_cross_entropy: 0.6610 - trimmed_cross_entropy: 0.6559 - full_mse_log_r: 0.0305 - trimmed_mse_log_r: 0.0303 - full_mae_log_r: 0.1186 - full_mse_score: 0.8233 - trimmed_mse_score: 0.3987 - full_mae_score: 0.4004 - val_loss: 588.7110 - val_full_cross_entropy: 0.6610 - val_trimmed_cross_entropy: 0.6558 - val_full_mse_log_r: 0.0309 - val_trimmed_mse_log_r: 0.0306 - val_full_mae_log_r: 0.1190 - val_full_mse_score: 0.8377 - val_trimmed_mse_score: 0.4083 - val_full_mae_score: 0.3994
Epoch 19/50
226s - loss: 656.0543 - full_cross_entropy: 0.6610 - trimmed_cross_entropy: 0.6558 - full_mse_log_r: 0.0298 - trimmed_mse_log_r: 0.0296 - full_mae_log_r: 0.1173 - full_mse_score: 0.8083 - trimmed_mse_score: 0.3915 - full_mae_score: 0.3951 - val_loss: 603.0553 - val_full_cross_entropy: 0.6608 - val_trimmed_cross_entropy: 0.6557 - val_full_mse_log_r: 0.0293 - val_trimmed_mse_log_r: 0.0291 - val_full_mae_log_r: 0.1160 - val_full_mse_score: 0.8017 - val_trimmed_mse_score: 0.3851 - val_full_mae_score: 0.3895
Epoch 20/50
226s - loss: 641.5516 - full_cross_entropy: 0.6609 - trimmed_cross_entropy: 0.6557 - full_mse_log_r: 0.0292 - trimmed_mse_log_r: 0.0289 - full_mae_log_r: 0.1161 - full_mse_score: 0.7904 - trimmed_mse_score: 0.3827 - full_mae_score: 0.3906 - val_loss: 586.5735 - val_full_cross_entropy: 0.6608 - val_trimmed_cross_entropy: 0.6557 - val_full_mse_log_r: 0.0289 - val_trimmed_mse_log_r: 0.0287 - val_full_mae_log_r: 0.1155 - val_full_mse_score: 0.7930 - val_trimmed_mse_score: 0.3835 - val_full_mae_score: 0.3883
Epoch 21/50
226s - loss: 649.8420 - full_cross_entropy: 0.6608 - trimmed_cross_entropy: 0.6557 - full_mse_log_r: 0.0284 - trimmed_mse_log_r: 0.0282 - full_mae_log_r: 0.1145 - full_mse_score: 0.7781 - trimmed_mse_score: 0.3767 - full_mae_score: 0.3879 - val_loss: 597.0528 - val_full_cross_entropy: 0.6609 - val_trimmed_cross_entropy: 0.6557 - val_full_mse_log_r: 0.0295 - val_trimmed_mse_log_r: 0.0292 - val_full_mae_log_r: 0.1173 - val_full_mse_score: 0.7826 - val_trimmed_mse_score: 0.3751 - val_full_mae_score: 0.3847
Epoch 22/50
226s - loss: 648.1057 - full_cross_entropy: 0.6608 - trimmed_cross_entropy: 0.6556 - full_mse_log_r: 0.0280 - trimmed_mse_log_r: 0.0278 - full_mae_log_r: 0.1138 - full_mse_score: 0.7683 - trimmed_mse_score: 0.3725 - full_mae_score: 0.3849 - val_loss: 596.1461 - val_full_cross_entropy: 0.6607 - val_trimmed_cross_entropy: 0.6556 - val_full_mse_log_r: 0.0278 - val_trimmed_mse_log_r: 0.0276 - val_full_mae_log_r: 0.1128 - val_full_mse_score: 0.7740 - val_trimmed_mse_score: 0.3707 - val_full_mae_score: 0.3823
Epoch 23/50
226s - loss: 655.8566 - full_cross_entropy: 0.6607 - trimmed_cross_entropy: 0.6556 - full_mse_log_r: 0.0275 - trimmed_mse_log_r: 0.0273 - full_mae_log_r: 0.1128 - full_mse_score: 0.7543 - trimmed_mse_score: 0.3669 - full_mae_score: 0.3809 - val_loss: 582.3060 - val_full_cross_entropy: 0.6609 - val_trimmed_cross_entropy: 0.6557 - val_full_mse_log_r: 0.0293 - val_trimmed_mse_log_r: 0.0291 - val_full_mae_log_r: 0.1144 - val_full_mse_score: 0.7878 - val_trimmed_mse_score: 0.3814 - val_full_mae_score: 0.3822
Epoch 24/50
226s - loss: 635.6084 - full_cross_entropy: 0.6607 - trimmed_cross_entropy: 0.6555 - full_mse_log_r: 0.0270 - trimmed_mse_log_r: 0.0268 - full_mae_log_r: 0.1117 - full_mse_score: 0.7469 - trimmed_mse_score: 0.3635 - full_mae_score: 0.3788 - val_loss: 584.3591 - val_full_cross_entropy: 0.6607 - val_trimmed_cross_entropy: 0.6555 - val_full_mse_log_r: 0.0272 - val_trimmed_mse_log_r: 0.0270 - val_full_mae_log_r: 0.1113 - val_full_mse_score: 0.7460 - val_trimmed_mse_score: 0.3610 - val_full_mae_score: 0.3772
Epoch 25/50
226s - loss: 644.0591 - full_cross_entropy: 0.6606 - trimmed_cross_entropy: 0.6555 - full_mse_log_r: 0.0265 - trimmed_mse_log_r: 0.0263 - full_mae_log_r: 0.1104 - full_mse_score: 0.7373 - trimmed_mse_score: 0.3562 - full_mae_score: 0.3752 - val_loss: 597.6362 - val_full_cross_entropy: 0.6606 - val_trimmed_cross_entropy: 0.6555 - val_full_mse_log_r: 0.0267 - val_trimmed_mse_log_r: 0.0265 - val_full_mae_log_r: 0.1108 - val_full_mse_score: 0.7458 - val_trimmed_mse_score: 0.3611 - val_full_mae_score: 0.3766
Epoch 26/50
226s - loss: 634.0201 - full_cross_entropy: 0.6606 - trimmed_cross_entropy: 0.6555 - full_mse_log_r: 0.0261 - trimmed_mse_log_r: 0.0259 - full_mae_log_r: 0.1099 - full_mse_score: 0.7311 - trimmed_mse_score: 0.3540 - full_mae_score: 0.3743 - val_loss: 591.3793 - val_full_cross_entropy: 0.6606 - val_trimmed_cross_entropy: 0.6554 - val_full_mse_log_r: 0.0261 - val_trimmed_mse_log_r: 0.0259 - val_full_mae_log_r: 0.1096 - val_full_mse_score: 0.7296 - val_trimmed_mse_score: 0.3514 - val_full_mae_score: 0.3728
Epoch 27/50
226s - loss: 635.5873 - full_cross_entropy: 0.6606 - trimmed_cross_entropy: 0.6554 - full_mse_log_r: 0.0259 - trimmed_mse_log_r: 0.0257 - full_mae_log_r: 0.1094 - full_mse_score: 0.7260 - trimmed_mse_score: 0.3521 - full_mae_score: 0.3730 - val_loss: 601.5127 - val_full_cross_entropy: 0.6605 - val_trimmed_cross_entropy: 0.6554 - val_full_mse_log_r: 0.0259 - val_trimmed_mse_log_r: 0.0257 - val_full_mae_log_r: 0.1090 - val_full_mse_score: 0.7313 - val_trimmed_mse_score: 0.3516 - val_full_mae_score: 0.3720
Epoch 28/50
226s - loss: 640.1184 - full_cross_entropy: 0.6606 - trimmed_cross_entropy: 0.6554 - full_mse_log_r: 0.0255 - trimmed_mse_log_r: 0.0253 - full_mae_log_r: 0.1084 - full_mse_score: 0.7176 - trimmed_mse_score: 0.3474 - full_mae_score: 0.3702 - val_loss: 578.3447 - val_full_cross_entropy: 0.6606 - val_trimmed_cross_entropy: 0.6554 - val_full_mse_log_r: 0.0261 - val_trimmed_mse_log_r: 0.0259 - val_full_mae_log_r: 0.1095 - val_full_mse_score: 0.7251 - val_trimmed_mse_score: 0.3495 - val_full_mae_score: 0.3687
Epoch 29/50
226s - loss: 654.2525 - full_cross_entropy: 0.6605 - trimmed_cross_entropy: 0.6554 - full_mse_log_r: 0.0252 - trimmed_mse_log_r: 0.0250 - full_mae_log_r: 0.1077 - full_mse_score: 0.7125 - trimmed_mse_score: 0.3449 - full_mae_score: 0.3675 - val_loss: 585.3561 - val_full_cross_entropy: 0.6605 - val_trimmed_cross_entropy: 0.6554 - val_full_mse_log_r: 0.0257 - val_trimmed_mse_log_r: 0.0255 - val_full_mae_log_r: 0.1083 - val_full_mse_score: 0.7204 - val_trimmed_mse_score: 0.3442 - val_full_mae_score: 0.3651
Epoch 30/50
226s - loss: 628.3413 - full_cross_entropy: 0.6605 - trimmed_cross_entropy: 0.6553 - full_mse_log_r: 0.0249 - trimmed_mse_log_r: 0.0247 - full_mae_log_r: 0.1072 - full_mse_score: 0.7053 - trimmed_mse_score: 0.3415 - full_mae_score: 0.3655 - val_loss: 591.7291 - val_full_cross_entropy: 0.6605 - val_trimmed_cross_entropy: 0.6553 - val_full_mse_log_r: 0.0251 - val_trimmed_mse_log_r: 0.0249 - val_full_mae_log_r: 0.1073 - val_full_mse_score: 0.7148 - val_trimmed_mse_score: 0.3441 - val_full_mae_score: 0.3654
Epoch 31/50
226s - loss: 633.2602 - full_cross_entropy: 0.6605 - trimmed_cross_entropy: 0.6553 - full_mse_log_r: 0.0247 - trimmed_mse_log_r: 0.0245 - full_mae_log_r: 0.1067 - full_mse_score: 0.7016 - trimmed_mse_score: 0.3389 - full_mae_score: 0.3644 - val_loss: 596.6711 - val_full_cross_entropy: 0.6605 - val_trimmed_cross_entropy: 0.6553 - val_full_mse_log_r: 0.0250 - val_trimmed_mse_log_r: 0.0248 - val_full_mae_log_r: 0.1067 - val_full_mse_score: 0.7173 - val_trimmed_mse_score: 0.3418 - val_full_mae_score: 0.3638
Epoch 32/50
226s - loss: 631.4760 - full_cross_entropy: 0.6605 - trimmed_cross_entropy: 0.6553 - full_mse_log_r: 0.0245 - trimmed_mse_log_r: 0.0243 - full_mae_log_r: 0.1063 - full_mse_score: 0.6956 - trimmed_mse_score: 0.3358 - full_mae_score: 0.3627 - val_loss: 591.0551 - val_full_cross_entropy: 0.6604 - val_trimmed_cross_entropy: 0.6553 - val_full_mse_log_r: 0.0247 - val_trimmed_mse_log_r: 0.0245 - val_full_mae_log_r: 0.1064 - val_full_mse_score: 0.7129 - val_trimmed_mse_score: 0.3400 - val_full_mae_score: 0.3634
Epoch 33/50
226s - loss: 630.7660 - full_cross_entropy: 0.6604 - trimmed_cross_entropy: 0.6553 - full_mse_log_r: 0.0242 - trimmed_mse_log_r: 0.0241 - full_mae_log_r: 0.1058 - full_mse_score: 0.6908 - trimmed_mse_score: 0.3346 - full_mae_score: 0.3616 - val_loss: 587.4819 - val_full_cross_entropy: 0.6604 - val_trimmed_cross_entropy: 0.6552 - val_full_mse_log_r: 0.0245 - val_trimmed_mse_log_r: 0.0243 - val_full_mae_log_r: 0.1056 - val_full_mse_score: 0.7026 - val_trimmed_mse_score: 0.3366 - val_full_mae_score: 0.3616
Epoch 34/50
226s - loss: 625.0013 - full_cross_entropy: 0.6604 - trimmed_cross_entropy: 0.6553 - full_mse_log_r: 0.0241 - trimmed_mse_log_r: 0.0239 - full_mae_log_r: 0.1055 - full_mse_score: 0.6881 - trimmed_mse_score: 0.3322 - full_mae_score: 0.3605 - val_loss: 584.0219 - val_full_cross_entropy: 0.6604 - val_trimmed_cross_entropy: 0.6553 - val_full_mse_log_r: 0.0246 - val_trimmed_mse_log_r: 0.0244 - val_full_mae_log_r: 0.1068 - val_full_mse_score: 0.6952 - val_trimmed_mse_score: 0.3351 - val_full_mae_score: 0.3604
Epoch 35/50
226s - loss: 616.4704 - full_cross_entropy: 0.6604 - trimmed_cross_entropy: 0.6552 - full_mse_log_r: 0.0239 - trimmed_mse_log_r: 0.0237 - full_mae_log_r: 0.1051 - full_mse_score: 0.6847 - trimmed_mse_score: 0.3305 - full_mae_score: 0.3594 - val_loss: 585.2362 - val_full_cross_entropy: 0.6604 - val_trimmed_cross_entropy: 0.6552 - val_full_mse_log_r: 0.0242 - val_trimmed_mse_log_r: 0.0240 - val_full_mae_log_r: 0.1051 - val_full_mse_score: 0.6969 - val_trimmed_mse_score: 0.3336 - val_full_mae_score: 0.3597
Epoch 36/50
226s - loss: 635.3864 - full_cross_entropy: 0.6604 - trimmed_cross_entropy: 0.6552 - full_mse_log_r: 0.0239 - trimmed_mse_log_r: 0.0237 - full_mae_log_r: 0.1051 - full_mse_score: 0.6820 - trimmed_mse_score: 0.3297 - full_mae_score: 0.3590 - val_loss: 580.0917 - val_full_cross_entropy: 0.6603 - val_trimmed_cross_entropy: 0.6552 - val_full_mse_log_r: 0.0240 - val_trimmed_mse_log_r: 0.0238 - val_full_mae_log_r: 0.1047 - val_full_mse_score: 0.6905 - val_trimmed_mse_score: 0.3299 - val_full_mae_score: 0.3579
Epoch 37/50
227s - loss: 626.4782 - full_cross_entropy: 0.6604 - trimmed_cross_entropy: 0.6552 - full_mse_log_r: 0.0237 - trimmed_mse_log_r: 0.0235 - full_mae_log_r: 0.1045 - full_mse_score: 0.6789 - trimmed_mse_score: 0.3278 - full_mae_score: 0.3573 - val_loss: 581.8960 - val_full_cross_entropy: 0.6603 - val_trimmed_cross_entropy: 0.6552 - val_full_mse_log_r: 0.0239 - val_trimmed_mse_log_r: 0.0237 - val_full_mae_log_r: 0.1046 - val_full_mse_score: 0.6878 - val_trimmed_mse_score: 0.3302 - val_full_mae_score: 0.3578
Epoch 38/50
226s - loss: 633.7446 - full_cross_entropy: 0.6604 - trimmed_cross_entropy: 0.6552 - full_mse_log_r: 0.0236 - trimmed_mse_log_r: 0.0234 - full_mae_log_r: 0.1043 - full_mse_score: 0.6773 - trimmed_mse_score: 0.3270 - full_mae_score: 0.3571 - val_loss: 576.9169 - val_full_cross_entropy: 0.6603 - val_trimmed_cross_entropy: 0.6552 - val_full_mse_log_r: 0.0238 - val_trimmed_mse_log_r: 0.0236 - val_full_mae_log_r: 0.1044 - val_full_mse_score: 0.6850 - val_trimmed_mse_score: 0.3285 - val_full_mae_score: 0.3561
Epoch 39/50
226s - loss: 632.8670 - full_cross_entropy: 0.6604 - trimmed_cross_entropy: 0.6552 - full_mse_log_r: 0.0234 - trimmed_mse_log_r: 0.0232 - full_mae_log_r: 0.1040 - full_mse_score: 0.6732 - trimmed_mse_score: 0.3238 - full_mae_score: 0.3556 - val_loss: 581.5597 - val_full_cross_entropy: 0.6603 - val_trimmed_cross_entropy: 0.6552 - val_full_mse_log_r: 0.0237 - val_trimmed_mse_log_r: 0.0236 - val_full_mae_log_r: 0.1041 - val_full_mse_score: 0.6834 - val_trimmed_mse_score: 0.3258 - val_full_mae_score: 0.3549
Epoch 40/50
226s - loss: 636.7260 - full_cross_entropy: 0.6603 - trimmed_cross_entropy: 0.6552 - full_mse_log_r: 0.0233 - trimmed_mse_log_r: 0.0231 - full_mae_log_r: 0.1039 - full_mse_score: 0.6719 - trimmed_mse_score: 0.3237 - full_mae_score: 0.3553 - val_loss: 585.1393 - val_full_cross_entropy: 0.6603 - val_trimmed_cross_entropy: 0.6551 - val_full_mse_log_r: 0.0235 - val_trimmed_mse_log_r: 0.0233 - val_full_mae_log_r: 0.1037 - val_full_mse_score: 0.6814 - val_trimmed_mse_score: 0.3254 - val_full_mae_score: 0.3550
Epoch 41/50
226s - loss: 624.8785 - full_cross_entropy: 0.6603 - trimmed_cross_entropy: 0.6552 - full_mse_log_r: 0.0233 - trimmed_mse_log_r: 0.0231 - full_mae_log_r: 0.1037 - full_mse_score: 0.6698 - trimmed_mse_score: 0.3229 - full_mae_score: 0.3546 - val_loss: 584.8031 - val_full_cross_entropy: 0.6603 - val_trimmed_cross_entropy: 0.6551 - val_full_mse_log_r: 0.0235 - val_trimmed_mse_log_r: 0.0233 - val_full_mae_log_r: 0.1038 - val_full_mse_score: 0.6802 - val_trimmed_mse_score: 0.3245 - val_full_mae_score: 0.3542
Epoch 42/50
226s - loss: 634.4374 - full_cross_entropy: 0.6603 - trimmed_cross_entropy: 0.6552 - full_mse_log_r: 0.0232 - trimmed_mse_log_r: 0.0230 - full_mae_log_r: 0.1034 - full_mse_score: 0.6675 - trimmed_mse_score: 0.3210 - full_mae_score: 0.3537 - val_loss: 581.8013 - val_full_cross_entropy: 0.6603 - val_trimmed_cross_entropy: 0.6551 - val_full_mse_log_r: 0.0235 - val_trimmed_mse_log_r: 0.0233 - val_full_mae_log_r: 0.1036 - val_full_mse_score: 0.6773 - val_trimmed_mse_score: 0.3233 - val_full_mae_score: 0.3538
Epoch 43/50
226s - loss: 625.8976 - full_cross_entropy: 0.6603 - trimmed_cross_entropy: 0.6552 - full_mse_log_r: 0.0231 - trimmed_mse_log_r: 0.0229 - full_mae_log_r: 0.1033 - full_mse_score: 0.6660 - trimmed_mse_score: 0.3203 - full_mae_score: 0.3538 - val_loss: 583.5517 - val_full_cross_entropy: 0.6603 - val_trimmed_cross_entropy: 0.6551 - val_full_mse_log_r: 0.0234 - val_trimmed_mse_log_r: 0.0232 - val_full_mae_log_r: 0.1036 - val_full_mse_score: 0.6754 - val_trimmed_mse_score: 0.3226 - val_full_mae_score: 0.3533
Epoch 44/50
226s - loss: 625.8656 - full_cross_entropy: 0.6603 - trimmed_cross_entropy: 0.6552 - full_mse_log_r: 0.0231 - trimmed_mse_log_r: 0.0229 - full_mae_log_r: 0.1032 - full_mse_score: 0.6658 - trimmed_mse_score: 0.3205 - full_mae_score: 0.3529 - val_loss: 580.1387 - val_full_cross_entropy: 0.6603 - val_trimmed_cross_entropy: 0.6551 - val_full_mse_log_r: 0.0234 - val_trimmed_mse_log_r: 0.0232 - val_full_mae_log_r: 0.1035 - val_full_mse_score: 0.6763 - val_trimmed_mse_score: 0.3233 - val_full_mae_score: 0.3532
Epoch 45/50
226s - loss: 622.3148 - full_cross_entropy: 0.6603 - trimmed_cross_entropy: 0.6552 - full_mse_log_r: 0.0230 - trimmed_mse_log_r: 0.0228 - full_mae_log_r: 0.1030 - full_mse_score: 0.6646 - trimmed_mse_score: 0.3204 - full_mae_score: 0.3527 - val_loss: 584.1296 - val_full_cross_entropy: 0.6603 - val_trimmed_cross_entropy: 0.6551 - val_full_mse_log_r: 0.0232 - val_trimmed_mse_log_r: 0.0230 - val_full_mae_log_r: 0.1032 - val_full_mse_score: 0.6736 - val_trimmed_mse_score: 0.3215 - val_full_mae_score: 0.3526
Epoch 46/50
226s - loss: 625.6022 - full_cross_entropy: 0.6603 - trimmed_cross_entropy: 0.6552 - full_mse_log_r: 0.0230 - trimmed_mse_log_r: 0.0228 - full_mae_log_r: 0.1029 - full_mse_score: 0.6633 - trimmed_mse_score: 0.3196 - full_mae_score: 0.3525 - val_loss: 581.6992 - val_full_cross_entropy: 0.6603 - val_trimmed_cross_entropy: 0.6551 - val_full_mse_log_r: 0.0233 - val_trimmed_mse_log_r: 0.0231 - val_full_mae_log_r: 0.1032 - val_full_mse_score: 0.6735 - val_trimmed_mse_score: 0.3209 - val_full_mae_score: 0.3518
Epoch 47/50
226s - loss: 624.8019 - full_cross_entropy: 0.6603 - trimmed_cross_entropy: 0.6551 - full_mse_log_r: 0.0229 - trimmed_mse_log_r: 0.0227 - full_mae_log_r: 0.1028 - full_mse_score: 0.6626 - trimmed_mse_score: 0.3202 - full_mae_score: 0.3522 - val_loss: 585.9374 - val_full_cross_entropy: 0.6603 - val_trimmed_cross_entropy: 0.6551 - val_full_mse_log_r: 0.0231 - val_trimmed_mse_log_r: 0.0229 - val_full_mae_log_r: 0.1029 - val_full_mse_score: 0.6690 - val_trimmed_mse_score: 0.3184 - val_full_mae_score: 0.3513
Epoch 48/50
227s - loss: 631.1449 - full_cross_entropy: 0.6603 - trimmed_cross_entropy: 0.6551 - full_mse_log_r: 0.0228 - trimmed_mse_log_r: 0.0226 - full_mae_log_r: 0.1027 - full_mse_score: 0.6618 - trimmed_mse_score: 0.3171 - full_mae_score: 0.3518 - val_loss: 585.0121 - val_full_cross_entropy: 0.6603 - val_trimmed_cross_entropy: 0.6551 - val_full_mse_log_r: 0.0232 - val_trimmed_mse_log_r: 0.0230 - val_full_mae_log_r: 0.1032 - val_full_mse_score: 0.6703 - val_trimmed_mse_score: 0.3187 - val_full_mae_score: 0.3514
Epoch 49/50
226s - loss: 633.1674 - full_cross_entropy: 0.6603 - trimmed_cross_entropy: 0.6551 - full_mse_log_r: 0.0228 - trimmed_mse_log_r: 0.0226 - full_mae_log_r: 0.1027 - full_mse_score: 0.6604 - trimmed_mse_score: 0.3177 - full_mae_score: 0.3516 - val_loss: 583.9122 - val_full_cross_entropy: 0.6603 - val_trimmed_cross_entropy: 0.6551 - val_full_mse_log_r: 0.0231 - val_trimmed_mse_log_r: 0.0229 - val_full_mae_log_r: 0.1030 - val_full_mse_score: 0.6691 - val_trimmed_mse_score: 0.3190 - val_full_mae_score: 0.3513
Epoch 00048: early stopping
16.02.2018 10:11:23 INFO    Starting evaluation
16.02.2018 10:32:44 INFO    Starting roaming
16.02.2018 10:32:49 INFO    Starting calibrated evaluation and roaming
