INFO (theano.gof.compilelock): Waiting for existing lock by unknown process (I am process '163858')
INFO (theano.gof.compilelock): To manually release the lock, delete /home/jb6504/.theano/compiledir_Linux-3.10-el7.x86_64-x86_64-with-centos-7.3.1611-Core-x86_64-2.7.12-64/lock_dir
Using TensorFlow backend.
10.04.2018 11:34:20 INFO    Hi! How are you today?
10.04.2018 11:34:20 INFO    Startup options:
10.04.2018 11:34:20 INFO      Algorithm:                     scoreregression
10.04.2018 11:34:20 INFO      Point by point:                False
10.04.2018 11:34:20 INFO      Morphing-aware mode:           False
10.04.2018 11:34:20 INFO      Smeared data:                  False
10.04.2018 11:34:20 INFO      Training sample:               baseline
10.04.2018 11:34:20 INFO      alpha:                         None
10.04.2018 11:34:20 INFO      Histogram / AFC X indices:     [1, 38, 39, 40, 41]
10.04.2018 11:34:20 INFO      AFC epsilon:                   None
10.04.2018 11:34:20 INFO      Denominator theta:             False
10.04.2018 11:34:20 INFO      Neyman construction toys:      3
10.04.2018 11:34:20 INFO      Other options:                 ['deep']
10.04.2018 11:34:20 INFO      Base directory:                /home/jb6504/higgs_inference
10.04.2018 11:34:20 INFO      ML-based strategies available: True
10.04.2018 11:34:20 INFO    Starting score regression inference
10.04.2018 11:34:20 INFO    Options:
10.04.2018 11:34:20 INFO      Denominator theta:       denominator 3 = theta 498 = [-0.04796927 -0.24493299]
10.04.2018 11:34:20 INFO      Number of hidden layers: 5
10.04.2018 11:34:20 INFO      Batch size:              128
10.04.2018 11:34:20 INFO      Learning rate:           0.001
10.04.2018 11:34:20 INFO      Learning rate decay:     0.0921034037198
10.04.2018 11:34:20 INFO      Number of epochs:        50
10.04.2018 11:34:20 INFO      NC experiments:          False
10.04.2018 11:34:48 INFO    Starting training of score regression
Train on 8000000 samples, validate on 2000000 samples
2018-04-10 11:34:49.092012: W tensorflow/core/platform/cpu_feature_guard.cc:45] The TensorFlow library wasn't compiled to use SSE4.1 instructions, but these are available on your machine and could speed up CPU computations.
2018-04-10 11:34:49.092337: W tensorflow/core/platform/cpu_feature_guard.cc:45] The TensorFlow library wasn't compiled to use SSE4.2 instructions, but these are available on your machine and could speed up CPU computations.
2018-04-10 11:34:49.092347: W tensorflow/core/platform/cpu_feature_guard.cc:45] The TensorFlow library wasn't compiled to use AVX instructions, but these are available on your machine and could speed up CPU computations.
2018-04-10 11:34:49.092351: W tensorflow/core/platform/cpu_feature_guard.cc:45] The TensorFlow library wasn't compiled to use AVX2 instructions, but these are available on your machine and could speed up CPU computations.
2018-04-10 11:34:49.092355: W tensorflow/core/platform/cpu_feature_guard.cc:45] The TensorFlow library wasn't compiled to use FMA instructions, but these are available on your machine and could speed up CPU computations.
2018-04-10 11:34:49.408359: I tensorflow/core/common_runtime/gpu/gpu_device.cc:940] Found device 0 with properties: 
name: Tesla P40
major: 6 minor: 1 memoryClockRate (GHz) 1.531
pciBusID 0000:84:00.0
Total memory: 22.38GiB
Free memory: 22.21GiB
2018-04-10 11:34:49.408399: I tensorflow/core/common_runtime/gpu/gpu_device.cc:961] DMA: 0 
2018-04-10 11:34:49.408405: I tensorflow/core/common_runtime/gpu/gpu_device.cc:971] 0:   Y 
2018-04-10 11:34:49.408415: I tensorflow/core/common_runtime/gpu/gpu_device.cc:1030] Creating TensorFlow device (/gpu:0) -> (device: 0, name: Tesla P40, pci bus id: 0000:84:00.0)
Epoch 1/50
413s - loss: 0.0624 - val_loss: 0.0659
Epoch 2/50
412s - loss: 0.0391 - val_loss: 0.0436
Epoch 3/50
413s - loss: 0.0293 - val_loss: 0.0423
Epoch 4/50
414s - loss: 0.0257 - val_loss: 0.0258
Epoch 5/50
414s - loss: 0.0225 - val_loss: 0.0275
Epoch 6/50
413s - loss: 0.0197 - val_loss: 0.0278
Epoch 7/50
414s - loss: 0.0175 - val_loss: 0.0265
Epoch 8/50
414s - loss: 0.0154 - val_loss: 0.0200
Epoch 9/50
416s - loss: 0.0134 - val_loss: 0.0177
Epoch 10/50
414s - loss: 0.0112 - val_loss: 0.0170
Epoch 11/50
413s - loss: 0.0100 - val_loss: 0.0163
Epoch 12/50
413s - loss: 0.0091 - val_loss: 0.0143
Epoch 13/50
414s - loss: 0.0081 - val_loss: 0.0128
Epoch 14/50
412s - loss: 0.0074 - val_loss: 0.0114
Epoch 15/50
413s - loss: 0.0065 - val_loss: 0.0103
Epoch 16/50
413s - loss: 0.0061 - val_loss: 0.0117
Epoch 17/50
413s - loss: 0.0055 - val_loss: 0.0104
Epoch 18/50
414s - loss: 0.0052 - val_loss: 0.0103
Epoch 19/50
415s - loss: 0.0048 - val_loss: 0.0102
Epoch 20/50
415s - loss: 0.0046 - val_loss: 0.0089
Epoch 21/50
414s - loss: 0.0043 - val_loss: 0.0087
Epoch 22/50
413s - loss: 0.0041 - val_loss: 0.0084
Epoch 23/50
413s - loss: 0.0039 - val_loss: 0.0082
Epoch 24/50
413s - loss: 0.0038 - val_loss: 0.0077
Epoch 25/50
413s - loss: 0.0037 - val_loss: 0.0078
Epoch 26/50
413s - loss: 0.0035 - val_loss: 0.0080
Epoch 27/50
412s - loss: 0.0034 - val_loss: 0.0071
Epoch 28/50
412s - loss: 0.0033 - val_loss: 0.0070
Epoch 29/50
414s - loss: 0.0032 - val_loss: 0.0069
Epoch 30/50
416s - loss: 0.0031 - val_loss: 0.0066
Epoch 31/50
412s - loss: 0.0031 - val_loss: 0.0065
Epoch 32/50
413s - loss: 0.0030 - val_loss: 0.0065
Epoch 33/50
414s - loss: 0.0030 - val_loss: 0.0063
Epoch 34/50
412s - loss: 0.0029 - val_loss: 0.0062
Epoch 35/50
412s - loss: 0.0029 - val_loss: 0.0063
Epoch 36/50
413s - loss: 0.0028 - val_loss: 0.0061
Epoch 37/50
412s - loss: 0.0028 - val_loss: 0.0061
Epoch 38/50
412s - loss: 0.0028 - val_loss: 0.0062
Epoch 39/50
413s - loss: 0.0028 - val_loss: 0.0061
Epoch 40/50
413s - loss: 0.0027 - val_loss: 0.0061
Epoch 41/50
416s - loss: 0.0027 - val_loss: 0.0060
Epoch 42/50
413s - loss: 0.0027 - val_loss: 0.0060
Epoch 43/50
412s - loss: 0.0027 - val_loss: 0.0060
Epoch 44/50
412s - loss: 0.0026 - val_loss: 0.0059
Epoch 45/50
413s - loss: 0.0026 - val_loss: 0.0059
Epoch 46/50
413s - loss: 0.0026 - val_loss: 0.0059
Epoch 47/50
412s - loss: 0.0026 - val_loss: 0.0059
Epoch 48/50
412s - loss: 0.0026 - val_loss: 0.0058
Epoch 49/50
412s - loss: 0.0026 - val_loss: 0.0058
Epoch 50/50
412s - loss: 0.0026 - val_loss: 0.0058
10.04.2018 17:19:29 INFO    Starting evaluation
10.04.2018 17:20:16 INFO    Score regression evaluation timing: 1.03324007988 s
10.04.2018 17:20:16 INFO    Starting density estimation
10.04.2018 17:22:08 INFO    Starting theta 100 / 1017
10.04.2018 17:24:01 INFO    Starting theta 200 / 1017
10.04.2018 17:25:58 INFO    Starting theta 300 / 1017
10.04.2018 17:27:56 INFO    Starting theta 400 / 1017
10.04.2018 17:29:52 INFO    Starting theta 500 / 1017
10.04.2018 17:31:46 INFO    Starting theta 600 / 1017
10.04.2018 17:33:38 INFO    Starting theta 700 / 1017
10.04.2018 17:35:28 INFO    Starting theta 800 / 1017
10.04.2018 17:37:19 INFO    Starting theta 900 / 1017
10.04.2018 17:39:09 INFO    Starting theta 1000 / 1017
10.04.2018 17:39:28 INFO    Score density estimation timing: median 0.00495100021362 s, mean 0.00495307400984 s
10.04.2018 17:39:28 INFO    Rotated score density estimation timing: median 0.00741815567017 s, mean 0.00734042253935 s
10.04.2018 17:39:28 INFO    Score times theta density estimation timing: median 0.00705981254578 s, mean 0.00701391216342 s
10.04.2018 17:39:28 INFO    That's it -- have a great day!
