Using TensorFlow backend.
09.07.2018 15:00:49 INFO    Hi! How are you today?
09.07.2018 15:00:49 INFO    Startup options:
09.07.2018 15:00:49 INFO      Algorithm:                     mxe
09.07.2018 15:00:49 INFO      Point by point:                False
09.07.2018 15:00:49 INFO      Morphing-aware mode:           False
09.07.2018 15:00:49 INFO      Smeared data:                  True
09.07.2018 15:00:49 INFO      Training sample:               baseline
09.07.2018 15:00:49 INFO      alpha:                         None
09.07.2018 15:00:49 INFO      Histogram / AFC X indices:     [1, 38, 39, 40, 41]
09.07.2018 15:00:49 INFO      AFC epsilon:                   None
09.07.2018 15:00:49 INFO      Denominator theta:             True
09.07.2018 15:00:49 INFO      Neyman construction toys:      0
09.07.2018 15:00:49 INFO      Training sample size limit:    None
09.07.2018 15:00:49 INFO      Other options:                 ['neyman2', 'deep']
09.07.2018 15:00:49 INFO      Base directory:                /home/jb6504/higgs_inference
09.07.2018 15:00:49 INFO      ML-based strategies available: True
09.07.2018 15:00:49 INFO    Starting parameterized inference
09.07.2018 15:00:49 INFO    Main settings:
09.07.2018 15:00:49 INFO      Algorithm:                mxe
09.07.2018 15:00:49 INFO      Morphing-aware:           False
09.07.2018 15:00:49 INFO      Training sample:          baseline
09.07.2018 15:00:49 INFO      Denominator theta:        denominator 0 = theta 708 = [ 0.39293227  0.43229216]
09.07.2018 15:00:49 INFO    Options:
09.07.2018 15:00:49 INFO      Number of hidden layers:  5
09.07.2018 15:00:49 INFO      Batch size:               128
09.07.2018 15:00:49 INFO      Learning rate:            0.001
09.07.2018 15:00:49 INFO      Learning rate decay:      0.0921034037198
09.07.2018 15:00:49 INFO      Number of epochs:         50
09.07.2018 15:00:49 INFO      Training samples:         all
09.07.2018 15:00:49 INFO      NC experiments:           (10000 alternate + 10000 null) experiments with 1 alternate events each
09.07.2018 15:00:49 INFO      Debug mode:               False
09.07.2018 15:01:36 INFO    Starting training
Train on 7999997 samples, validate on 2000000 samples
2018-07-09 15:01:37.264331: W tensorflow/core/platform/cpu_feature_guard.cc:45] The TensorFlow library wasn't compiled to use SSE4.1 instructions, but these are available on your machine and could speed up CPU computations.
2018-07-09 15:01:37.264673: W tensorflow/core/platform/cpu_feature_guard.cc:45] The TensorFlow library wasn't compiled to use SSE4.2 instructions, but these are available on your machine and could speed up CPU computations.
2018-07-09 15:01:37.264681: W tensorflow/core/platform/cpu_feature_guard.cc:45] The TensorFlow library wasn't compiled to use AVX instructions, but these are available on your machine and could speed up CPU computations.
2018-07-09 15:01:37.264684: W tensorflow/core/platform/cpu_feature_guard.cc:45] The TensorFlow library wasn't compiled to use AVX2 instructions, but these are available on your machine and could speed up CPU computations.
2018-07-09 15:01:37.264688: W tensorflow/core/platform/cpu_feature_guard.cc:45] The TensorFlow library wasn't compiled to use FMA instructions, but these are available on your machine and could speed up CPU computations.
2018-07-09 15:01:37.484922: I tensorflow/core/common_runtime/gpu/gpu_device.cc:940] Found device 0 with properties: 
name: Tesla P40
major: 6 minor: 1 memoryClockRate (GHz) 1.531
pciBusID 0000:04:00.0
Total memory: 22.38GiB
Free memory: 22.22GiB
2018-07-09 15:01:37.484958: I tensorflow/core/common_runtime/gpu/gpu_device.cc:961] DMA: 0 
2018-07-09 15:01:37.484963: I tensorflow/core/common_runtime/gpu/gpu_device.cc:971] 0:   Y 
2018-07-09 15:01:37.484972: I tensorflow/core/common_runtime/gpu/gpu_device.cc:1030] Creating TensorFlow device (/gpu:0) -> (device: 0, name: Tesla P40, pci bus id: 0000:04:00.0)
Epoch 1/50
499s - loss: 0.6601 - full_cross_entropy: 0.6602 - trimmed_cross_entropy: 0.6498 - full_modified_cross_entropy: 0.6601 - full_mse_log_r: 0.0487 - trimmed_mse_log_r: 0.0479 - full_mae_log_r: 0.0905 - full_mse_score: 6.1782 - trimmed_mse_score: 0.3794 - full_mae_score: 0.2547 - val_loss: 0.6592 - val_full_cross_entropy: 0.6592 - val_trimmed_cross_entropy: 0.6489 - val_full_modified_cross_entropy: 0.6592 - val_full_mse_log_r: 0.0335 - val_trimmed_mse_log_r: 0.0330 - val_full_mae_log_r: 0.0718 - val_full_mse_score: 4.4599 - val_trimmed_mse_score: 0.3371 - val_full_mae_score: 0.2415
Epoch 2/50
499s - loss: 0.6591 - full_cross_entropy: 0.6591 - trimmed_cross_entropy: 0.6488 - full_modified_cross_entropy: 0.6591 - full_mse_log_r: 0.0305 - trimmed_mse_log_r: 0.0300 - full_mae_log_r: 0.0716 - full_mse_score: 6.0368 - trimmed_mse_score: 0.3368 - full_mae_score: 0.2392 - val_loss: 0.6593 - val_full_cross_entropy: 0.6593 - val_trimmed_cross_entropy: 0.6490 - val_full_modified_cross_entropy: 0.6593 - val_full_mse_log_r: 0.0327 - val_trimmed_mse_log_r: 0.0322 - val_full_mae_log_r: 0.0719 - val_full_mse_score: 4.5233 - val_trimmed_mse_score: 0.3517 - val_full_mae_score: 0.2446
Epoch 3/50
498s - loss: 0.6589 - full_cross_entropy: 0.6590 - trimmed_cross_entropy: 0.6487 - full_modified_cross_entropy: 0.6589 - full_mse_log_r: 0.0274 - trimmed_mse_log_r: 0.0270 - full_mae_log_r: 0.0675 - full_mse_score: 5.9943 - trimmed_mse_score: 0.3375 - full_mae_score: 0.2366 - val_loss: 0.6590 - val_full_cross_entropy: 0.6589 - val_trimmed_cross_entropy: 0.6486 - val_full_modified_cross_entropy: 0.6590 - val_full_mse_log_r: 0.0257 - val_trimmed_mse_log_r: 0.0253 - val_full_mae_log_r: 0.0655 - val_full_mse_score: 4.4439 - val_trimmed_mse_score: 0.3561 - val_full_mae_score: 0.2389
Epoch 4/50
499s - loss: 0.6589 - full_cross_entropy: 0.6589 - trimmed_cross_entropy: 0.6486 - full_modified_cross_entropy: 0.6589 - full_mse_log_r: 0.0257 - trimmed_mse_log_r: 0.0253 - full_mae_log_r: 0.0649 - full_mse_score: 5.9945 - trimmed_mse_score: 0.3469 - full_mae_score: 0.2349 - val_loss: 0.6589 - val_full_cross_entropy: 0.6589 - val_trimmed_cross_entropy: 0.6486 - val_full_modified_cross_entropy: 0.6589 - val_full_mse_log_r: 0.0242 - val_trimmed_mse_log_r: 0.0238 - val_full_mae_log_r: 0.0627 - val_full_mse_score: 4.3740 - val_trimmed_mse_score: 0.3326 - val_full_mae_score: 0.2323
Epoch 5/50
498s - loss: 0.6588 - full_cross_entropy: 0.6588 - trimmed_cross_entropy: 0.6485 - full_modified_cross_entropy: 0.6588 - full_mse_log_r: 0.0242 - trimmed_mse_log_r: 0.0238 - full_mae_log_r: 0.0629 - full_mse_score: 6.0035 - trimmed_mse_score: 0.3383 - full_mae_score: 0.2319 - val_loss: 0.6589 - val_full_cross_entropy: 0.6589 - val_trimmed_cross_entropy: 0.6486 - val_full_modified_cross_entropy: 0.6589 - val_full_mse_log_r: 0.0242 - val_trimmed_mse_log_r: 0.0239 - val_full_mae_log_r: 0.0615 - val_full_mse_score: 4.3945 - val_trimmed_mse_score: 0.3349 - val_full_mae_score: 0.2287
Epoch 6/50
498s - loss: 0.6588 - full_cross_entropy: 0.6588 - trimmed_cross_entropy: 0.6485 - full_modified_cross_entropy: 0.6588 - full_mse_log_r: 0.0232 - trimmed_mse_log_r: 0.0228 - full_mae_log_r: 0.0614 - full_mse_score: 6.0013 - trimmed_mse_score: 0.3408 - full_mae_score: 0.2291 - val_loss: 0.6589 - val_full_cross_entropy: 0.6589 - val_trimmed_cross_entropy: 0.6486 - val_full_modified_cross_entropy: 0.6589 - val_full_mse_log_r: 0.0246 - val_trimmed_mse_log_r: 0.0243 - val_full_mae_log_r: 0.0613 - val_full_mse_score: 4.4633 - val_trimmed_mse_score: 0.3496 - val_full_mae_score: 0.2304
Epoch 7/50
498s - loss: 0.6587 - full_cross_entropy: 0.6588 - trimmed_cross_entropy: 0.6485 - full_modified_cross_entropy: 0.6587 - full_mse_log_r: 0.0223 - trimmed_mse_log_r: 0.0219 - full_mae_log_r: 0.0600 - full_mse_score: 5.9707 - trimmed_mse_score: 0.3334 - full_mae_score: 0.2256 - val_loss: 0.6588 - val_full_cross_entropy: 0.6588 - val_trimmed_cross_entropy: 0.6485 - val_full_modified_cross_entropy: 0.6588 - val_full_mse_log_r: 0.0217 - val_trimmed_mse_log_r: 0.0214 - val_full_mae_log_r: 0.0587 - val_full_mse_score: 4.3709 - val_trimmed_mse_score: 0.3380 - val_full_mae_score: 0.2275
Epoch 8/50
499s - loss: 0.6587 - full_cross_entropy: 0.6587 - trimmed_cross_entropy: 0.6484 - full_modified_cross_entropy: 0.6587 - full_mse_log_r: 0.0214 - trimmed_mse_log_r: 0.0211 - full_mae_log_r: 0.0587 - full_mse_score: 5.9472 - trimmed_mse_score: 0.3340 - full_mae_score: 0.2218 - val_loss: 0.6588 - val_full_cross_entropy: 0.6588 - val_trimmed_cross_entropy: 0.6485 - val_full_modified_cross_entropy: 0.6588 - val_full_mse_log_r: 0.0205 - val_trimmed_mse_log_r: 0.0202 - val_full_mae_log_r: 0.0574 - val_full_mse_score: 4.4080 - val_trimmed_mse_score: 0.3314 - val_full_mae_score: 0.2230
Epoch 9/50
499s - loss: 0.6587 - full_cross_entropy: 0.6587 - trimmed_cross_entropy: 0.6484 - full_modified_cross_entropy: 0.6587 - full_mse_log_r: 0.0206 - trimmed_mse_log_r: 0.0203 - full_mae_log_r: 0.0576 - full_mse_score: 5.9247 - trimmed_mse_score: 0.3156 - full_mae_score: 0.2175 - val_loss: 0.6588 - val_full_cross_entropy: 0.6588 - val_trimmed_cross_entropy: 0.6485 - val_full_modified_cross_entropy: 0.6588 - val_full_mse_log_r: 0.0217 - val_trimmed_mse_log_r: 0.0214 - val_full_mae_log_r: 0.0585 - val_full_mse_score: 4.3348 - val_trimmed_mse_score: 0.3171 - val_full_mae_score: 0.2170
Epoch 10/50
499s - loss: 0.6586 - full_cross_entropy: 0.6587 - trimmed_cross_entropy: 0.6484 - full_modified_cross_entropy: 0.6586 - full_mse_log_r: 0.0200 - trimmed_mse_log_r: 0.0197 - full_mae_log_r: 0.0566 - full_mse_score: 5.9149 - trimmed_mse_score: 0.3061 - full_mae_score: 0.2130 - val_loss: 0.6588 - val_full_cross_entropy: 0.6588 - val_trimmed_cross_entropy: 0.6485 - val_full_modified_cross_entropy: 0.6588 - val_full_mse_log_r: 0.0213 - val_trimmed_mse_log_r: 0.0209 - val_full_mae_log_r: 0.0580 - val_full_mse_score: 4.5145 - val_trimmed_mse_score: 0.3423 - val_full_mae_score: 0.2212
Epoch 11/50
500s - loss: 0.6586 - full_cross_entropy: 0.6587 - trimmed_cross_entropy: 0.6484 - full_modified_cross_entropy: 0.6586 - full_mse_log_r: 0.0194 - trimmed_mse_log_r: 0.0191 - full_mae_log_r: 0.0557 - full_mse_score: 5.8949 - trimmed_mse_score: 0.3001 - full_mae_score: 0.2086 - val_loss: 0.6587 - val_full_cross_entropy: 0.6587 - val_trimmed_cross_entropy: 0.6484 - val_full_modified_cross_entropy: 0.6587 - val_full_mse_log_r: 0.0196 - val_trimmed_mse_log_r: 0.0193 - val_full_mae_log_r: 0.0553 - val_full_mse_score: 4.2540 - val_trimmed_mse_score: 0.2932 - val_full_mae_score: 0.2059
Epoch 12/50
500s - loss: 0.6586 - full_cross_entropy: 0.6586 - trimmed_cross_entropy: 0.6483 - full_modified_cross_entropy: 0.6586 - full_mse_log_r: 0.0189 - trimmed_mse_log_r: 0.0186 - full_mae_log_r: 0.0548 - full_mse_score: 5.8392 - trimmed_mse_score: 0.2988 - full_mae_score: 0.2050 - val_loss: 0.6587 - val_full_cross_entropy: 0.6587 - val_trimmed_cross_entropy: 0.6484 - val_full_modified_cross_entropy: 0.6587 - val_full_mse_log_r: 0.0186 - val_trimmed_mse_log_r: 0.0183 - val_full_mae_log_r: 0.0540 - val_full_mse_score: 4.2034 - val_trimmed_mse_score: 0.2817 - val_full_mae_score: 0.2008
Epoch 13/50
499s - loss: 0.6586 - full_cross_entropy: 0.6586 - trimmed_cross_entropy: 0.6483 - full_modified_cross_entropy: 0.6586 - full_mse_log_r: 0.0184 - trimmed_mse_log_r: 0.0181 - full_mae_log_r: 0.0540 - full_mse_score: 5.8182 - trimmed_mse_score: 0.2837 - full_mae_score: 0.2008 - val_loss: 0.6587 - val_full_cross_entropy: 0.6587 - val_trimmed_cross_entropy: 0.6484 - val_full_modified_cross_entropy: 0.6587 - val_full_mse_log_r: 0.0190 - val_trimmed_mse_log_r: 0.0187 - val_full_mae_log_r: 0.0542 - val_full_mse_score: 4.2119 - val_trimmed_mse_score: 0.2787 - val_full_mae_score: 0.1993
Epoch 14/50
499s - loss: 0.6586 - full_cross_entropy: 0.6586 - trimmed_cross_entropy: 0.6483 - full_modified_cross_entropy: 0.6586 - full_mse_log_r: 0.0180 - trimmed_mse_log_r: 0.0177 - full_mae_log_r: 0.0534 - full_mse_score: 5.7852 - trimmed_mse_score: 0.2722 - full_mae_score: 0.1973 - val_loss: 0.6587 - val_full_cross_entropy: 0.6587 - val_trimmed_cross_entropy: 0.6484 - val_full_modified_cross_entropy: 0.6587 - val_full_mse_log_r: 0.0177 - val_trimmed_mse_log_r: 0.0174 - val_full_mae_log_r: 0.0534 - val_full_mse_score: 4.1818 - val_trimmed_mse_score: 0.2777 - val_full_mae_score: 0.1962
Epoch 15/50
500s - loss: 0.6585 - full_cross_entropy: 0.6586 - trimmed_cross_entropy: 0.6483 - full_modified_cross_entropy: 0.6585 - full_mse_log_r: 0.0177 - trimmed_mse_log_r: 0.0174 - full_mae_log_r: 0.0527 - full_mse_score: 5.7353 - trimmed_mse_score: 0.2638 - full_mae_score: 0.1938 - val_loss: 0.6586 - val_full_cross_entropy: 0.6587 - val_trimmed_cross_entropy: 0.6484 - val_full_modified_cross_entropy: 0.6586 - val_full_mse_log_r: 0.0174 - val_trimmed_mse_log_r: 0.0171 - val_full_mae_log_r: 0.0521 - val_full_mse_score: 4.1704 - val_trimmed_mse_score: 0.2684 - val_full_mae_score: 0.1922
Epoch 16/50
499s - loss: 0.6585 - full_cross_entropy: 0.6586 - trimmed_cross_entropy: 0.6483 - full_modified_cross_entropy: 0.6585 - full_mse_log_r: 0.0173 - trimmed_mse_log_r: 0.0170 - full_mae_log_r: 0.0521 - full_mse_score: 5.7241 - trimmed_mse_score: 0.2550 - full_mae_score: 0.1905 - val_loss: 0.6587 - val_full_cross_entropy: 0.6587 - val_trimmed_cross_entropy: 0.6484 - val_full_modified_cross_entropy: 0.6587 - val_full_mse_log_r: 0.0172 - val_trimmed_mse_log_r: 0.0169 - val_full_mae_log_r: 0.0542 - val_full_mse_score: 4.1491 - val_trimmed_mse_score: 0.2627 - val_full_mae_score: 0.1901
Epoch 17/50
500s - loss: 0.6585 - full_cross_entropy: 0.6586 - trimmed_cross_entropy: 0.6483 - full_modified_cross_entropy: 0.6585 - full_mse_log_r: 0.0169 - trimmed_mse_log_r: 0.0167 - full_mae_log_r: 0.0516 - full_mse_score: 5.6846 - trimmed_mse_score: 0.2546 - full_mae_score: 0.1872 - val_loss: 0.6586 - val_full_cross_entropy: 0.6587 - val_trimmed_cross_entropy: 0.6484 - val_full_modified_cross_entropy: 0.6586 - val_full_mse_log_r: 0.0175 - val_trimmed_mse_log_r: 0.0172 - val_full_mae_log_r: 0.0513 - val_full_mse_score: 4.0567 - val_trimmed_mse_score: 0.2413 - val_full_mae_score: 0.1841
Epoch 18/50
500s - loss: 0.6585 - full_cross_entropy: 0.6585 - trimmed_cross_entropy: 0.6483 - full_modified_cross_entropy: 0.6585 - full_mse_log_r: 0.0167 - trimmed_mse_log_r: 0.0164 - full_mae_log_r: 0.0511 - full_mse_score: 5.6855 - trimmed_mse_score: 0.2429 - full_mae_score: 0.1846 - val_loss: 0.6586 - val_full_cross_entropy: 0.6586 - val_trimmed_cross_entropy: 0.6483 - val_full_modified_cross_entropy: 0.6586 - val_full_mse_log_r: 0.0165 - val_trimmed_mse_log_r: 0.0162 - val_full_mae_log_r: 0.0501 - val_full_mse_score: 4.0060 - val_trimmed_mse_score: 0.2289 - val_full_mae_score: 0.1799
Epoch 19/50
500s - loss: 0.6585 - full_cross_entropy: 0.6585 - trimmed_cross_entropy: 0.6483 - full_modified_cross_entropy: 0.6585 - full_mse_log_r: 0.0164 - trimmed_mse_log_r: 0.0161 - full_mae_log_r: 0.0506 - full_mse_score: 5.6202 - trimmed_mse_score: 0.2321 - full_mae_score: 0.1813 - val_loss: 0.6586 - val_full_cross_entropy: 0.6586 - val_trimmed_cross_entropy: 0.6483 - val_full_modified_cross_entropy: 0.6586 - val_full_mse_log_r: 0.0172 - val_trimmed_mse_log_r: 0.0170 - val_full_mae_log_r: 0.0507 - val_full_mse_score: 3.9950 - val_trimmed_mse_score: 0.2353 - val_full_mae_score: 0.1791
Epoch 20/50
499s - loss: 0.6585 - full_cross_entropy: 0.6585 - trimmed_cross_entropy: 0.6482 - full_modified_cross_entropy: 0.6585 - full_mse_log_r: 0.0162 - trimmed_mse_log_r: 0.0159 - full_mae_log_r: 0.0502 - full_mse_score: 5.6335 - trimmed_mse_score: 0.2269 - full_mae_score: 0.1793 - val_loss: 0.6586 - val_full_cross_entropy: 0.6586 - val_trimmed_cross_entropy: 0.6483 - val_full_modified_cross_entropy: 0.6586 - val_full_mse_log_r: 0.0161 - val_trimmed_mse_log_r: 0.0159 - val_full_mae_log_r: 0.0495 - val_full_mse_score: 4.0265 - val_trimmed_mse_score: 0.2273 - val_full_mae_score: 0.1779
Epoch 21/50
499s - loss: 0.6585 - full_cross_entropy: 0.6585 - trimmed_cross_entropy: 0.6482 - full_modified_cross_entropy: 0.6585 - full_mse_log_r: 0.0159 - trimmed_mse_log_r: 0.0157 - full_mae_log_r: 0.0498 - full_mse_score: 5.5834 - trimmed_mse_score: 0.2295 - full_mae_score: 0.1762 - val_loss: 0.6586 - val_full_cross_entropy: 0.6586 - val_trimmed_cross_entropy: 0.6483 - val_full_modified_cross_entropy: 0.6586 - val_full_mse_log_r: 0.0164 - val_trimmed_mse_log_r: 0.0162 - val_full_mae_log_r: 0.0502 - val_full_mse_score: 3.8956 - val_trimmed_mse_score: 0.2158 - val_full_mae_score: 0.1729
Epoch 22/50
500s - loss: 0.6585 - full_cross_entropy: 0.6585 - trimmed_cross_entropy: 0.6482 - full_modified_cross_entropy: 0.6585 - full_mse_log_r: 0.0157 - trimmed_mse_log_r: 0.0155 - full_mae_log_r: 0.0495 - full_mse_score: 5.5746 - trimmed_mse_score: 0.2178 - full_mae_score: 0.1746 - val_loss: 0.6586 - val_full_cross_entropy: 0.6586 - val_trimmed_cross_entropy: 0.6483 - val_full_modified_cross_entropy: 0.6586 - val_full_mse_log_r: 0.0161 - val_trimmed_mse_log_r: 0.0159 - val_full_mae_log_r: 0.0491 - val_full_mse_score: 3.9786 - val_trimmed_mse_score: 0.2200 - val_full_mae_score: 0.1728
Epoch 23/50
494s - loss: 0.6585 - full_cross_entropy: 0.6585 - trimmed_cross_entropy: 0.6482 - full_modified_cross_entropy: 0.6585 - full_mse_log_r: 0.0156 - trimmed_mse_log_r: 0.0153 - full_mae_log_r: 0.0491 - full_mse_score: 5.5718 - trimmed_mse_score: 0.2138 - full_mae_score: 0.1730 - val_loss: 0.6586 - val_full_cross_entropy: 0.6586 - val_trimmed_cross_entropy: 0.6483 - val_full_modified_cross_entropy: 0.6586 - val_full_mse_log_r: 0.0156 - val_trimmed_mse_log_r: 0.0154 - val_full_mae_log_r: 0.0491 - val_full_mse_score: 4.0112 - val_trimmed_mse_score: 0.2182 - val_full_mae_score: 0.1717
Epoch 24/50
490s - loss: 0.6585 - full_cross_entropy: 0.6585 - trimmed_cross_entropy: 0.6482 - full_modified_cross_entropy: 0.6585 - full_mse_log_r: 0.0154 - trimmed_mse_log_r: 0.0151 - full_mae_log_r: 0.0488 - full_mse_score: 5.5477 - trimmed_mse_score: 0.2124 - full_mae_score: 0.1710 - val_loss: 0.6586 - val_full_cross_entropy: 0.6586 - val_trimmed_cross_entropy: 0.6483 - val_full_modified_cross_entropy: 0.6586 - val_full_mse_log_r: 0.0158 - val_trimmed_mse_log_r: 0.0155 - val_full_mae_log_r: 0.0492 - val_full_mse_score: 3.9226 - val_trimmed_mse_score: 0.2131 - val_full_mae_score: 0.1701
Epoch 25/50
486s - loss: 0.6585 - full_cross_entropy: 0.6585 - trimmed_cross_entropy: 0.6482 - full_modified_cross_entropy: 0.6585 - full_mse_log_r: 0.0152 - trimmed_mse_log_r: 0.0150 - full_mae_log_r: 0.0486 - full_mse_score: 5.5152 - trimmed_mse_score: 0.2097 - full_mae_score: 0.1694 - val_loss: 0.6586 - val_full_cross_entropy: 0.6586 - val_trimmed_cross_entropy: 0.6483 - val_full_modified_cross_entropy: 0.6586 - val_full_mse_log_r: 0.0156 - val_trimmed_mse_log_r: 0.0154 - val_full_mae_log_r: 0.0486 - val_full_mse_score: 3.8208 - val_trimmed_mse_score: 0.2000 - val_full_mae_score: 0.1664
Epoch 26/50
487s - loss: 0.6585 - full_cross_entropy: 0.6585 - trimmed_cross_entropy: 0.6482 - full_modified_cross_entropy: 0.6585 - full_mse_log_r: 0.0151 - trimmed_mse_log_r: 0.0149 - full_mae_log_r: 0.0483 - full_mse_score: 5.5128 - trimmed_mse_score: 0.2058 - full_mae_score: 0.1680 - val_loss: 0.6586 - val_full_cross_entropy: 0.6586 - val_trimmed_cross_entropy: 0.6483 - val_full_modified_cross_entropy: 0.6586 - val_full_mse_log_r: 0.0154 - val_trimmed_mse_log_r: 0.0151 - val_full_mae_log_r: 0.0488 - val_full_mse_score: 3.9651 - val_trimmed_mse_score: 0.2141 - val_full_mae_score: 0.1692
Epoch 27/50
486s - loss: 0.6585 - full_cross_entropy: 0.6585 - trimmed_cross_entropy: 0.6482 - full_modified_cross_entropy: 0.6585 - full_mse_log_r: 0.0150 - trimmed_mse_log_r: 0.0147 - full_mae_log_r: 0.0481 - full_mse_score: 5.4963 - trimmed_mse_score: 0.2020 - full_mae_score: 0.1667 - val_loss: 0.6586 - val_full_cross_entropy: 0.6586 - val_trimmed_cross_entropy: 0.6483 - val_full_modified_cross_entropy: 0.6586 - val_full_mse_log_r: 0.0152 - val_trimmed_mse_log_r: 0.0150 - val_full_mae_log_r: 0.0484 - val_full_mse_score: 3.9348 - val_trimmed_mse_score: 0.2001 - val_full_mae_score: 0.1662
Epoch 28/50
486s - loss: 0.6584 - full_cross_entropy: 0.6585 - trimmed_cross_entropy: 0.6482 - full_modified_cross_entropy: 0.6584 - full_mse_log_r: 0.0149 - trimmed_mse_log_r: 0.0147 - full_mae_log_r: 0.0479 - full_mse_score: 5.4722 - trimmed_mse_score: 0.2012 - full_mae_score: 0.1656 - val_loss: 0.6586 - val_full_cross_entropy: 0.6586 - val_trimmed_cross_entropy: 0.6483 - val_full_modified_cross_entropy: 0.6586 - val_full_mse_log_r: 0.0157 - val_trimmed_mse_log_r: 0.0155 - val_full_mae_log_r: 0.0480 - val_full_mse_score: 3.8299 - val_trimmed_mse_score: 0.2008 - val_full_mae_score: 0.1641
Epoch 29/50
487s - loss: 0.6584 - full_cross_entropy: 0.6585 - trimmed_cross_entropy: 0.6482 - full_modified_cross_entropy: 0.6584 - full_mse_log_r: 0.0148 - trimmed_mse_log_r: 0.0146 - full_mae_log_r: 0.0477 - full_mse_score: 5.4694 - trimmed_mse_score: 0.1958 - full_mae_score: 0.1648 - val_loss: 0.6586 - val_full_cross_entropy: 0.6586 - val_trimmed_cross_entropy: 0.6483 - val_full_modified_cross_entropy: 0.6586 - val_full_mse_log_r: 0.0155 - val_trimmed_mse_log_r: 0.0152 - val_full_mae_log_r: 0.0480 - val_full_mse_score: 3.8024 - val_trimmed_mse_score: 0.1967 - val_full_mae_score: 0.1633
Epoch 30/50
486s - loss: 0.6584 - full_cross_entropy: 0.6585 - trimmed_cross_entropy: 0.6482 - full_modified_cross_entropy: 0.6584 - full_mse_log_r: 0.0147 - trimmed_mse_log_r: 0.0145 - full_mae_log_r: 0.0475 - full_mse_score: 5.4829 - trimmed_mse_score: 0.2002 - full_mae_score: 0.1640 - val_loss: 0.6586 - val_full_cross_entropy: 0.6586 - val_trimmed_cross_entropy: 0.6483 - val_full_modified_cross_entropy: 0.6586 - val_full_mse_log_r: 0.0155 - val_trimmed_mse_log_r: 0.0153 - val_full_mae_log_r: 0.0483 - val_full_mse_score: 3.9047 - val_trimmed_mse_score: 0.2007 - val_full_mae_score: 0.1639
Epoch 31/50
487s - loss: 0.6584 - full_cross_entropy: 0.6585 - trimmed_cross_entropy: 0.6482 - full_modified_cross_entropy: 0.6584 - full_mse_log_r: 0.0146 - trimmed_mse_log_r: 0.0144 - full_mae_log_r: 0.0474 - full_mse_score: 5.4646 - trimmed_mse_score: 0.2107 - full_mae_score: 0.1631 - val_loss: 0.6586 - val_full_cross_entropy: 0.6586 - val_trimmed_cross_entropy: 0.6483 - val_full_modified_cross_entropy: 0.6586 - val_full_mse_log_r: 0.0148 - val_trimmed_mse_log_r: 0.0146 - val_full_mae_log_r: 0.0476 - val_full_mse_score: 3.8560 - val_trimmed_mse_score: 0.1958 - val_full_mae_score: 0.1618
Epoch 32/50
486s - loss: 0.6584 - full_cross_entropy: 0.6585 - trimmed_cross_entropy: 0.6482 - full_modified_cross_entropy: 0.6584 - full_mse_log_r: 0.0145 - trimmed_mse_log_r: 0.0143 - full_mae_log_r: 0.0472 - full_mse_score: 5.4491 - trimmed_mse_score: 0.1936 - full_mae_score: 0.1621 - val_loss: 0.6586 - val_full_cross_entropy: 0.6586 - val_trimmed_cross_entropy: 0.6483 - val_full_modified_cross_entropy: 0.6586 - val_full_mse_log_r: 0.0152 - val_trimmed_mse_log_r: 0.0149 - val_full_mae_log_r: 0.0478 - val_full_mse_score: 3.8459 - val_trimmed_mse_score: 0.1931 - val_full_mae_score: 0.1617
Epoch 33/50
489s - loss: 0.6584 - full_cross_entropy: 0.6585 - trimmed_cross_entropy: 0.6482 - full_modified_cross_entropy: 0.6584 - full_mse_log_r: 0.0145 - trimmed_mse_log_r: 0.0142 - full_mae_log_r: 0.0471 - full_mse_score: 5.4487 - trimmed_mse_score: 0.1955 - full_mae_score: 0.1613 - val_loss: 0.6585 - val_full_cross_entropy: 0.6586 - val_trimmed_cross_entropy: 0.6483 - val_full_modified_cross_entropy: 0.6585 - val_full_mse_log_r: 0.0149 - val_trimmed_mse_log_r: 0.0147 - val_full_mae_log_r: 0.0474 - val_full_mse_score: 3.8258 - val_trimmed_mse_score: 0.1927 - val_full_mae_score: 0.1603
Epoch 34/50
487s - loss: 0.6584 - full_cross_entropy: 0.6585 - trimmed_cross_entropy: 0.6482 - full_modified_cross_entropy: 0.6584 - full_mse_log_r: 0.0144 - trimmed_mse_log_r: 0.0142 - full_mae_log_r: 0.0469 - full_mse_score: 5.4374 - trimmed_mse_score: 0.1952 - full_mae_score: 0.1608 - val_loss: 0.6585 - val_full_cross_entropy: 0.6586 - val_trimmed_cross_entropy: 0.6483 - val_full_modified_cross_entropy: 0.6585 - val_full_mse_log_r: 0.0148 - val_trimmed_mse_log_r: 0.0146 - val_full_mae_log_r: 0.0474 - val_full_mse_score: 3.8324 - val_trimmed_mse_score: 0.1899 - val_full_mae_score: 0.1592
Epoch 35/50
508s - loss: 0.6584 - full_cross_entropy: 0.6585 - trimmed_cross_entropy: 0.6482 - full_modified_cross_entropy: 0.6584 - full_mse_log_r: 0.0143 - trimmed_mse_log_r: 0.0141 - full_mae_log_r: 0.0468 - full_mse_score: 5.4297 - trimmed_mse_score: 0.1872 - full_mae_score: 0.1602 - val_loss: 0.6585 - val_full_cross_entropy: 0.6586 - val_trimmed_cross_entropy: 0.6483 - val_full_modified_cross_entropy: 0.6585 - val_full_mse_log_r: 0.0148 - val_trimmed_mse_log_r: 0.0145 - val_full_mae_log_r: 0.0472 - val_full_mse_score: 3.8115 - val_trimmed_mse_score: 0.1900 - val_full_mae_score: 0.1593
Epoch 36/50
491s - loss: 0.6584 - full_cross_entropy: 0.6585 - trimmed_cross_entropy: 0.6482 - full_modified_cross_entropy: 0.6584 - full_mse_log_r: 0.0143 - trimmed_mse_log_r: 0.0140 - full_mae_log_r: 0.0467 - full_mse_score: 5.4361 - trimmed_mse_score: 0.1945 - full_mae_score: 0.1598 - val_loss: 0.6585 - val_full_cross_entropy: 0.6586 - val_trimmed_cross_entropy: 0.6483 - val_full_modified_cross_entropy: 0.6585 - val_full_mse_log_r: 0.0147 - val_trimmed_mse_log_r: 0.0145 - val_full_mae_log_r: 0.0472 - val_full_mse_score: 3.8199 - val_trimmed_mse_score: 0.1928 - val_full_mae_score: 0.1595
Epoch 37/50
483s - loss: 0.6584 - full_cross_entropy: 0.6585 - trimmed_cross_entropy: 0.6482 - full_modified_cross_entropy: 0.6584 - full_mse_log_r: 0.0142 - trimmed_mse_log_r: 0.0140 - full_mae_log_r: 0.0466 - full_mse_score: 5.4266 - trimmed_mse_score: 0.1892 - full_mae_score: 0.1594 - val_loss: 0.6585 - val_full_cross_entropy: 0.6586 - val_trimmed_cross_entropy: 0.6483 - val_full_modified_cross_entropy: 0.6585 - val_full_mse_log_r: 0.0148 - val_trimmed_mse_log_r: 0.0145 - val_full_mae_log_r: 0.0471 - val_full_mse_score: 3.7726 - val_trimmed_mse_score: 0.1858 - val_full_mae_score: 0.1578
Epoch 38/50
494s - loss: 0.6584 - full_cross_entropy: 0.6585 - trimmed_cross_entropy: 0.6482 - full_modified_cross_entropy: 0.6584 - full_mse_log_r: 0.0142 - trimmed_mse_log_r: 0.0140 - full_mae_log_r: 0.0465 - full_mse_score: 5.4209 - trimmed_mse_score: 0.1809 - full_mae_score: 0.1588 - val_loss: 0.6585 - val_full_cross_entropy: 0.6586 - val_trimmed_cross_entropy: 0.6483 - val_full_modified_cross_entropy: 0.6585 - val_full_mse_log_r: 0.0147 - val_trimmed_mse_log_r: 0.0144 - val_full_mae_log_r: 0.0470 - val_full_mse_score: 3.8168 - val_trimmed_mse_score: 0.1905 - val_full_mae_score: 0.1584
Epoch 39/50
504s - loss: 0.6584 - full_cross_entropy: 0.6585 - trimmed_cross_entropy: 0.6482 - full_modified_cross_entropy: 0.6584 - full_mse_log_r: 0.0141 - trimmed_mse_log_r: 0.0139 - full_mae_log_r: 0.0465 - full_mse_score: 5.4104 - trimmed_mse_score: 0.1963 - full_mae_score: 0.1585 - val_loss: 0.6585 - val_full_cross_entropy: 0.6586 - val_trimmed_cross_entropy: 0.6483 - val_full_modified_cross_entropy: 0.6585 - val_full_mse_log_r: 0.0147 - val_trimmed_mse_log_r: 0.0145 - val_full_mae_log_r: 0.0470 - val_full_mse_score: 3.7864 - val_trimmed_mse_score: 0.1890 - val_full_mae_score: 0.1580
Epoch 40/50
504s - loss: 0.6584 - full_cross_entropy: 0.6585 - trimmed_cross_entropy: 0.6482 - full_modified_cross_entropy: 0.6584 - full_mse_log_r: 0.0141 - trimmed_mse_log_r: 0.0139 - full_mae_log_r: 0.0464 - full_mse_score: 5.4156 - trimmed_mse_score: 0.1802 - full_mae_score: 0.1580 - val_loss: 0.6585 - val_full_cross_entropy: 0.6586 - val_trimmed_cross_entropy: 0.6483 - val_full_modified_cross_entropy: 0.6585 - val_full_mse_log_r: 0.0146 - val_trimmed_mse_log_r: 0.0144 - val_full_mae_log_r: 0.0468 - val_full_mse_score: 3.7968 - val_trimmed_mse_score: 0.1847 - val_full_mae_score: 0.1571
Epoch 41/50
492s - loss: 0.6584 - full_cross_entropy: 0.6584 - trimmed_cross_entropy: 0.6482 - full_modified_cross_entropy: 0.6584 - full_mse_log_r: 0.0141 - trimmed_mse_log_r: 0.0138 - full_mae_log_r: 0.0463 - full_mse_score: 5.4083 - trimmed_mse_score: 0.1853 - full_mae_score: 0.1579 - val_loss: 0.6585 - val_full_cross_entropy: 0.6586 - val_trimmed_cross_entropy: 0.6483 - val_full_modified_cross_entropy: 0.6585 - val_full_mse_log_r: 0.0146 - val_trimmed_mse_log_r: 0.0144 - val_full_mae_log_r: 0.0467 - val_full_mse_score: 3.8026 - val_trimmed_mse_score: 0.1871 - val_full_mae_score: 0.1571
Epoch 42/50
483s - loss: 0.6584 - full_cross_entropy: 0.6584 - trimmed_cross_entropy: 0.6482 - full_modified_cross_entropy: 0.6584 - full_mse_log_r: 0.0140 - trimmed_mse_log_r: 0.0138 - full_mae_log_r: 0.0462 - full_mse_score: 5.4011 - trimmed_mse_score: 0.1879 - full_mae_score: 0.1575 - val_loss: 0.6585 - val_full_cross_entropy: 0.6586 - val_trimmed_cross_entropy: 0.6483 - val_full_modified_cross_entropy: 0.6585 - val_full_mse_log_r: 0.0145 - val_trimmed_mse_log_r: 0.0143 - val_full_mae_log_r: 0.0467 - val_full_mse_score: 3.8032 - val_trimmed_mse_score: 0.1859 - val_full_mae_score: 0.1572
Epoch 43/50
484s - loss: 0.6584 - full_cross_entropy: 0.6584 - trimmed_cross_entropy: 0.6482 - full_modified_cross_entropy: 0.6584 - full_mse_log_r: 0.0140 - trimmed_mse_log_r: 0.0138 - full_mae_log_r: 0.0462 - full_mse_score: 5.4012 - trimmed_mse_score: 0.1840 - full_mae_score: 0.1573 - val_loss: 0.6585 - val_full_cross_entropy: 0.6586 - val_trimmed_cross_entropy: 0.6483 - val_full_modified_cross_entropy: 0.6585 - val_full_mse_log_r: 0.0147 - val_trimmed_mse_log_r: 0.0145 - val_full_mae_log_r: 0.0468 - val_full_mse_score: 3.7726 - val_trimmed_mse_score: 0.1834 - val_full_mae_score: 0.1560
Epoch 44/50
501s - loss: 0.6584 - full_cross_entropy: 0.6584 - trimmed_cross_entropy: 0.6482 - full_modified_cross_entropy: 0.6584 - full_mse_log_r: 0.0140 - trimmed_mse_log_r: 0.0138 - full_mae_log_r: 0.0461 - full_mse_score: 5.3978 - trimmed_mse_score: 0.1801 - full_mae_score: 0.1570 - val_loss: 0.6585 - val_full_cross_entropy: 0.6586 - val_trimmed_cross_entropy: 0.6483 - val_full_modified_cross_entropy: 0.6585 - val_full_mse_log_r: 0.0144 - val_trimmed_mse_log_r: 0.0142 - val_full_mae_log_r: 0.0467 - val_full_mse_score: 3.7885 - val_trimmed_mse_score: 0.1875 - val_full_mae_score: 0.1566
Epoch 45/50
506s - loss: 0.6584 - full_cross_entropy: 0.6584 - trimmed_cross_entropy: 0.6482 - full_modified_cross_entropy: 0.6584 - full_mse_log_r: 0.0139 - trimmed_mse_log_r: 0.0137 - full_mae_log_r: 0.0461 - full_mse_score: 5.4063 - trimmed_mse_score: 0.1757 - full_mae_score: 0.1571 - val_loss: 0.6585 - val_full_cross_entropy: 0.6586 - val_trimmed_cross_entropy: 0.6483 - val_full_modified_cross_entropy: 0.6585 - val_full_mse_log_r: 0.0143 - val_trimmed_mse_log_r: 0.0141 - val_full_mae_log_r: 0.0466 - val_full_mse_score: 3.8212 - val_trimmed_mse_score: 0.1872 - val_full_mae_score: 0.1565
Epoch 46/50
505s - loss: 0.6584 - full_cross_entropy: 0.6584 - trimmed_cross_entropy: 0.6482 - full_modified_cross_entropy: 0.6584 - full_mse_log_r: 0.0139 - trimmed_mse_log_r: 0.0137 - full_mae_log_r: 0.0460 - full_mse_score: 5.3925 - trimmed_mse_score: 0.1761 - full_mae_score: 0.1567 - val_loss: 0.6585 - val_full_cross_entropy: 0.6586 - val_trimmed_cross_entropy: 0.6483 - val_full_modified_cross_entropy: 0.6585 - val_full_mse_log_r: 0.0146 - val_trimmed_mse_log_r: 0.0144 - val_full_mae_log_r: 0.0467 - val_full_mse_score: 3.7720 - val_trimmed_mse_score: 0.1853 - val_full_mae_score: 0.1560
Epoch 47/50
507s - loss: 0.6584 - full_cross_entropy: 0.6584 - trimmed_cross_entropy: 0.6482 - full_modified_cross_entropy: 0.6584 - full_mse_log_r: 0.0139 - trimmed_mse_log_r: 0.0137 - full_mae_log_r: 0.0460 - full_mse_score: 5.4020 - trimmed_mse_score: 0.1836 - full_mae_score: 0.1568 - val_loss: 0.6585 - val_full_cross_entropy: 0.6586 - val_trimmed_cross_entropy: 0.6483 - val_full_modified_cross_entropy: 0.6585 - val_full_mse_log_r: 0.0144 - val_trimmed_mse_log_r: 0.0142 - val_full_mae_log_r: 0.0468 - val_full_mse_score: 3.7878 - val_trimmed_mse_score: 0.1862 - val_full_mae_score: 0.1562
Epoch 48/50
515s - loss: 0.6584 - full_cross_entropy: 0.6584 - trimmed_cross_entropy: 0.6482 - full_modified_cross_entropy: 0.6584 - full_mse_log_r: 0.0139 - trimmed_mse_log_r: 0.0137 - full_mae_log_r: 0.0460 - full_mse_score: 5.3867 - trimmed_mse_score: 0.1829 - full_mae_score: 0.1564 - val_loss: 0.6585 - val_full_cross_entropy: 0.6586 - val_trimmed_cross_entropy: 0.6483 - val_full_modified_cross_entropy: 0.6585 - val_full_mse_log_r: 0.0146 - val_trimmed_mse_log_r: 0.0143 - val_full_mae_log_r: 0.0466 - val_full_mse_score: 3.7879 - val_trimmed_mse_score: 0.1857 - val_full_mae_score: 0.1558
Epoch 49/50
511s - loss: 0.6584 - full_cross_entropy: 0.6584 - trimmed_cross_entropy: 0.6482 - full_modified_cross_entropy: 0.6584 - full_mse_log_r: 0.0139 - trimmed_mse_log_r: 0.0137 - full_mae_log_r: 0.0459 - full_mse_score: 5.3884 - trimmed_mse_score: 0.1780 - full_mae_score: 0.1564 - val_loss: 0.6585 - val_full_cross_entropy: 0.6586 - val_trimmed_cross_entropy: 0.6483 - val_full_modified_cross_entropy: 0.6585 - val_full_mse_log_r: 0.0144 - val_trimmed_mse_log_r: 0.0142 - val_full_mae_log_r: 0.0467 - val_full_mse_score: 3.7984 - val_trimmed_mse_score: 0.1857 - val_full_mae_score: 0.1559
Epoch 50/50
509s - loss: 0.6584 - full_cross_entropy: 0.6584 - trimmed_cross_entropy: 0.6482 - full_modified_cross_entropy: 0.6584 - full_mse_log_r: 0.0139 - trimmed_mse_log_r: 0.0137 - full_mae_log_r: 0.0459 - full_mse_score: 5.3918 - trimmed_mse_score: 0.1813 - full_mae_score: 0.1562 - val_loss: 0.6585 - val_full_cross_entropy: 0.6586 - val_trimmed_cross_entropy: 0.6483 - val_full_modified_cross_entropy: 0.6585 - val_full_mse_log_r: 0.0144 - val_trimmed_mse_log_r: 0.0141 - val_full_mae_log_r: 0.0466 - val_full_mse_score: 3.7711 - val_trimmed_mse_score: 0.1842 - val_full_mae_score: 0.1552
09.07.2018 21:55:55 INFO    Starting evaluation
09.07.2018 22:03:28 INFO    Starting theta 100 / 1017
09.07.2018 22:06:13 INFO    Starting theta 200 / 1017
09.07.2018 22:08:58 INFO    Starting theta 300 / 1017
09.07.2018 22:11:42 INFO    Starting theta 400 / 1017
09.07.2018 22:14:27 INFO    Starting theta 500 / 1017
09.07.2018 22:17:12 INFO    Starting theta 600 / 1017
09.07.2018 22:19:57 INFO    Starting theta 700 / 1017
09.07.2018 22:22:42 INFO    Starting theta 800 / 1017
09.07.2018 22:25:26 INFO    Starting theta 900 / 1017
09.07.2018 22:28:11 INFO    Starting theta 1000 / 1017
09.07.2018 22:28:41 INFO    Evaluation timing: median 1.158233881 s, mean 1.15774883563 s
09.07.2018 22:28:41 INFO    Starting roaming
09.07.2018 22:28:46 INFO    Starting calibrated evaluation and roaming
09.07.2018 23:54:43 INFO    Starting theta 100 / 1017
10.07.2018 01:15:56 INFO    Starting theta 200 / 1017
10.07.2018 02:35:03 INFO    Starting theta 300 / 1017
10.07.2018 03:53:56 INFO    Starting theta 400 / 1017
10.07.2018 05:12:52 INFO    Starting theta 500 / 1017
10.07.2018 06:31:45 INFO    Starting theta 600 / 1017
10.07.2018 07:50:32 INFO    Starting theta 700 / 1017
10.07.2018 09:09:18 INFO    Starting theta 800 / 1017
10.07.2018 10:28:08 INFO    Starting theta 900 / 1017
10.07.2018 11:46:52 INFO    Starting theta 1000 / 1017
10.07.2018 12:01:03 INFO    Calibrated evaluation timing: median 1.09572696686 s, mean 1.10729335731 s
10.07.2018 12:01:03 INFO    Interpolating calibrated roaming
10.07.2018 12:02:38 INFO    That's it -- have a great day!
