Using TensorFlow backend.
15.02.2018 07:32:42 INFO    Hi! How are you today?
15.02.2018 07:32:42 INFO    Startup options:
15.02.2018 07:32:42 INFO      Algorithm:                     carl
15.02.2018 07:32:42 INFO      Point by point:                False
15.02.2018 07:32:42 INFO      Morphing-aware mode:           False
15.02.2018 07:32:42 INFO      Smeared data:                  False
15.02.2018 07:32:42 INFO      Training sample:               baseline
15.02.2018 07:32:42 INFO      AFC X indices:                 [1, 38, 39, 40, 41]
15.02.2018 07:32:42 INFO      alpha:                         None
15.02.2018 07:32:42 INFO      AFC epsilon:                   None
15.02.2018 07:32:42 INFO      Neyman construction toys:      False
15.02.2018 07:32:42 INFO      Other options:                 ['largebatch', 'constantlr']
15.02.2018 07:32:42 INFO      Base directory:                /home/jb6504/higgs_inference
15.02.2018 07:32:42 INFO      ML-based strategies available: True
15.02.2018 07:32:42 INFO    Starting parameterized inference
15.02.2018 07:32:42 INFO    Main settings:
15.02.2018 07:32:42 INFO      Algorithm:                carl
15.02.2018 07:32:42 INFO      Morphing-aware:           False
15.02.2018 07:32:42 INFO      Training sample:          baseline
15.02.2018 07:32:42 INFO    Options:
15.02.2018 07:32:42 INFO      Number of hidden layers:  2
15.02.2018 07:32:42 INFO      Batch size:               256
15.02.2018 07:32:42 INFO      Learning rate:            0.001
15.02.2018 07:32:42 INFO      Learning rate decay:      0.0
15.02.2018 07:32:42 INFO      Number of epochs:         50
15.02.2018 07:32:42 INFO      Debug mode:               False
15.02.2018 07:33:11 INFO    Starting training
Train on 7995920 samples, validate on 1998980 samples
Epoch 1/50
2018-02-15 07:33:12.073560: W tensorflow/core/platform/cpu_feature_guard.cc:45] The TensorFlow library wasn't compiled to use SSE4.1 instructions, but these are available on your machine and could speed up CPU computations.
2018-02-15 07:33:12.073942: W tensorflow/core/platform/cpu_feature_guard.cc:45] The TensorFlow library wasn't compiled to use SSE4.2 instructions, but these are available on your machine and could speed up CPU computations.
2018-02-15 07:33:12.073951: W tensorflow/core/platform/cpu_feature_guard.cc:45] The TensorFlow library wasn't compiled to use AVX instructions, but these are available on your machine and could speed up CPU computations.
2018-02-15 07:33:12.073955: W tensorflow/core/platform/cpu_feature_guard.cc:45] The TensorFlow library wasn't compiled to use AVX2 instructions, but these are available on your machine and could speed up CPU computations.
2018-02-15 07:33:12.073959: W tensorflow/core/platform/cpu_feature_guard.cc:45] The TensorFlow library wasn't compiled to use FMA instructions, but these are available on your machine and could speed up CPU computations.
2018-02-15 07:33:12.389240: I tensorflow/core/common_runtime/gpu/gpu_device.cc:940] Found device 0 with properties: 
name: Tesla K80
major: 3 minor: 7 memoryClockRate (GHz) 0.8235
pciBusID 0000:85:00.0
Total memory: 11.17GiB
Free memory: 11.10GiB
2018-02-15 07:33:12.389276: I tensorflow/core/common_runtime/gpu/gpu_device.cc:961] DMA: 0 
2018-02-15 07:33:12.389283: I tensorflow/core/common_runtime/gpu/gpu_device.cc:971] 0:   Y 
2018-02-15 07:33:12.389294: I tensorflow/core/common_runtime/gpu/gpu_device.cc:1030] Creating TensorFlow device (/gpu:0) -> (device: 0, name: Tesla K80, pci bus id: 0000:85:00.0)
205s - loss: 0.6667 - full_cross_entropy: 0.6667 - trimmed_cross_entropy: 0.6615 - full_mse_log_r: 0.1453 - trimmed_mse_log_r: 0.1442 - full_mae_log_r: 0.1833 - full_mse_score: 1.9529 - trimmed_mse_score: 0.9463 - full_mae_score: 0.3864 - val_loss: 0.6621 - val_full_cross_entropy: 0.6621 - val_trimmed_cross_entropy: 0.6569 - val_full_mse_log_r: 0.0776 - val_trimmed_mse_log_r: 0.0770 - val_full_mae_log_r: 0.1368 - val_full_mse_score: 1.7255 - val_trimmed_mse_score: 0.7441 - val_full_mae_score: 0.3322
Epoch 2/50
204s - loss: 0.6620 - full_cross_entropy: 0.6620 - trimmed_cross_entropy: 0.6569 - full_mse_log_r: 0.0740 - trimmed_mse_log_r: 0.0734 - full_mae_log_r: 0.1353 - full_mse_score: 1.6651 - trimmed_mse_score: 0.7062 - full_mae_score: 0.3321 - val_loss: 0.6613 - val_full_cross_entropy: 0.6613 - val_trimmed_cross_entropy: 0.6561 - val_full_mse_log_r: 0.0587 - val_trimmed_mse_log_r: 0.0582 - val_full_mae_log_r: 0.1233 - val_full_mse_score: 1.6431 - val_trimmed_mse_score: 0.6884 - val_full_mae_score: 0.3360
Epoch 3/50
203s - loss: 0.6614 - full_cross_entropy: 0.6614 - trimmed_cross_entropy: 0.6563 - full_mse_log_r: 0.0640 - trimmed_mse_log_r: 0.0635 - full_mae_log_r: 0.1281 - full_mse_score: 1.6016 - trimmed_mse_score: 0.6582 - full_mae_score: 0.3311 - val_loss: 0.6623 - val_full_cross_entropy: 0.6623 - val_trimmed_cross_entropy: 0.6571 - val_full_mse_log_r: 0.0679 - val_trimmed_mse_log_r: 0.0673 - val_full_mae_log_r: 0.1517 - val_full_mse_score: 1.6291 - val_trimmed_mse_score: 0.6823 - val_full_mae_score: 0.3462
Epoch 4/50
203s - loss: 0.6611 - full_cross_entropy: 0.6611 - trimmed_cross_entropy: 0.6559 - full_mse_log_r: 0.0592 - trimmed_mse_log_r: 0.0587 - full_mae_log_r: 0.1251 - full_mse_score: 1.5622 - trimmed_mse_score: 0.6381 - full_mae_score: 0.3346 - val_loss: 0.6615 - val_full_cross_entropy: 0.6615 - val_trimmed_cross_entropy: 0.6563 - val_full_mse_log_r: 0.0635 - val_trimmed_mse_log_r: 0.0630 - val_full_mae_log_r: 0.1247 - val_full_mse_score: 1.5187 - val_trimmed_mse_score: 0.6080 - val_full_mae_score: 0.3243
Epoch 5/50
203s - loss: 0.6609 - full_cross_entropy: 0.6609 - trimmed_cross_entropy: 0.6558 - full_mse_log_r: 0.0567 - trimmed_mse_log_r: 0.0562 - full_mae_log_r: 0.1239 - full_mse_score: 1.5539 - trimmed_mse_score: 0.6338 - full_mae_score: 0.3412 - val_loss: 0.6616 - val_full_cross_entropy: 0.6616 - val_trimmed_cross_entropy: 0.6564 - val_full_mse_log_r: 0.0603 - val_trimmed_mse_log_r: 0.0598 - val_full_mae_log_r: 0.1363 - val_full_mse_score: 1.5669 - val_trimmed_mse_score: 0.6472 - val_full_mae_score: 0.3471
Epoch 6/50
203s - loss: 0.6608 - full_cross_entropy: 0.6608 - trimmed_cross_entropy: 0.6557 - full_mse_log_r: 0.0552 - trimmed_mse_log_r: 0.0547 - full_mae_log_r: 0.1232 - full_mse_score: 1.5601 - trimmed_mse_score: 0.6416 - full_mae_score: 0.3505 - val_loss: 0.6609 - val_full_cross_entropy: 0.6609 - val_trimmed_cross_entropy: 0.6557 - val_full_mse_log_r: 0.0525 - val_trimmed_mse_log_r: 0.0521 - val_full_mae_log_r: 0.1181 - val_full_mse_score: 1.5691 - val_trimmed_mse_score: 0.6509 - val_full_mae_score: 0.3542
Epoch 7/50
203s - loss: 0.6608 - full_cross_entropy: 0.6608 - trimmed_cross_entropy: 0.6556 - full_mse_log_r: 0.0541 - trimmed_mse_log_r: 0.0537 - full_mae_log_r: 0.1230 - full_mse_score: 1.5573 - trimmed_mse_score: 0.6442 - full_mae_score: 0.3576 - val_loss: 0.6612 - val_full_cross_entropy: 0.6612 - val_trimmed_cross_entropy: 0.6560 - val_full_mse_log_r: 0.0607 - val_trimmed_mse_log_r: 0.0602 - val_full_mae_log_r: 0.1217 - val_full_mse_score: 1.5318 - val_trimmed_mse_score: 0.6382 - val_full_mae_score: 0.3607
Epoch 8/50
203s - loss: 0.6607 - full_cross_entropy: 0.6607 - trimmed_cross_entropy: 0.6556 - full_mse_log_r: 0.0539 - trimmed_mse_log_r: 0.0534 - full_mae_log_r: 0.1236 - full_mse_score: 1.5632 - trimmed_mse_score: 0.6492 - full_mae_score: 0.3655 - val_loss: 0.6606 - val_full_cross_entropy: 0.6606 - val_trimmed_cross_entropy: 0.6555 - val_full_mse_log_r: 0.0488 - val_trimmed_mse_log_r: 0.0485 - val_full_mae_log_r: 0.1117 - val_full_mse_score: 1.5442 - val_trimmed_mse_score: 0.6415 - val_full_mae_score: 0.3636
Epoch 9/50
203s - loss: 0.6607 - full_cross_entropy: 0.6607 - trimmed_cross_entropy: 0.6555 - full_mse_log_r: 0.0533 - trimmed_mse_log_r: 0.0529 - full_mae_log_r: 0.1243 - full_mse_score: 1.5774 - trimmed_mse_score: 0.6639 - full_mae_score: 0.3739 - val_loss: 0.6629 - val_full_cross_entropy: 0.6629 - val_trimmed_cross_entropy: 0.6577 - val_full_mse_log_r: 0.0678 - val_trimmed_mse_log_r: 0.0673 - val_full_mae_log_r: 0.1802 - val_full_mse_score: 1.6238 - val_trimmed_mse_score: 0.6974 - val_full_mae_score: 0.3789
Epoch 10/50
203s - loss: 0.6606 - full_cross_entropy: 0.6606 - trimmed_cross_entropy: 0.6555 - full_mse_log_r: 0.0528 - trimmed_mse_log_r: 0.0524 - full_mae_log_r: 0.1242 - full_mse_score: 1.5778 - trimmed_mse_score: 0.6753 - full_mae_score: 0.3834 - val_loss: 0.6608 - val_full_cross_entropy: 0.6608 - val_trimmed_cross_entropy: 0.6557 - val_full_mse_log_r: 0.0500 - val_trimmed_mse_log_r: 0.0496 - val_full_mae_log_r: 0.1175 - val_full_mse_score: 1.5946 - val_trimmed_mse_score: 0.6829 - val_full_mae_score: 0.3825
Epoch 11/50
203s - loss: 0.6606 - full_cross_entropy: 0.6606 - trimmed_cross_entropy: 0.6555 - full_mse_log_r: 0.0527 - trimmed_mse_log_r: 0.0523 - full_mae_log_r: 0.1246 - full_mse_score: 1.5990 - trimmed_mse_score: 0.6888 - full_mae_score: 0.3895 - val_loss: 0.6607 - val_full_cross_entropy: 0.6607 - val_trimmed_cross_entropy: 0.6555 - val_full_mse_log_r: 0.0498 - val_trimmed_mse_log_r: 0.0494 - val_full_mae_log_r: 0.1129 - val_full_mse_score: 1.5720 - val_trimmed_mse_score: 0.6674 - val_full_mae_score: 0.3856
Epoch 12/50
203s - loss: 0.6606 - full_cross_entropy: 0.6606 - trimmed_cross_entropy: 0.6554 - full_mse_log_r: 0.0531 - trimmed_mse_log_r: 0.0526 - full_mae_log_r: 0.1253 - full_mse_score: 1.6147 - trimmed_mse_score: 0.7004 - full_mae_score: 0.3977 - val_loss: 0.6610 - val_full_cross_entropy: 0.6610 - val_trimmed_cross_entropy: 0.6558 - val_full_mse_log_r: 0.0535 - val_trimmed_mse_log_r: 0.0531 - val_full_mae_log_r: 0.1182 - val_full_mse_score: 1.6738 - val_trimmed_mse_score: 0.7379 - val_full_mae_score: 0.3977
Epoch 13/50
203s - loss: 0.6606 - full_cross_entropy: 0.6606 - trimmed_cross_entropy: 0.6554 - full_mse_log_r: 0.0526 - trimmed_mse_log_r: 0.0522 - full_mae_log_r: 0.1251 - full_mse_score: 1.6123 - trimmed_mse_score: 0.7058 - full_mae_score: 0.4023 - val_loss: 0.6608 - val_full_cross_entropy: 0.6608 - val_trimmed_cross_entropy: 0.6557 - val_full_mse_log_r: 0.0518 - val_trimmed_mse_log_r: 0.0514 - val_full_mae_log_r: 0.1230 - val_full_mse_score: 1.5928 - val_trimmed_mse_score: 0.6949 - val_full_mae_score: 0.3971
Epoch 14/50
203s - loss: 0.6605 - full_cross_entropy: 0.6605 - trimmed_cross_entropy: 0.6554 - full_mse_log_r: 0.0526 - trimmed_mse_log_r: 0.0522 - full_mae_log_r: 0.1259 - full_mse_score: 1.6308 - trimmed_mse_score: 0.7182 - full_mae_score: 0.4075 - val_loss: 0.6617 - val_full_cross_entropy: 0.6617 - val_trimmed_cross_entropy: 0.6565 - val_full_mse_log_r: 0.0635 - val_trimmed_mse_log_r: 0.0630 - val_full_mae_log_r: 0.1372 - val_full_mse_score: 1.5839 - val_trimmed_mse_score: 0.6915 - val_full_mae_score: 0.3993
Epoch 15/50
204s - loss: 0.6605 - full_cross_entropy: 0.6605 - trimmed_cross_entropy: 0.6554 - full_mse_log_r: 0.0524 - trimmed_mse_log_r: 0.0519 - full_mae_log_r: 0.1251 - full_mse_score: 1.6287 - trimmed_mse_score: 0.7189 - full_mae_score: 0.4108 - val_loss: 0.6612 - val_full_cross_entropy: 0.6612 - val_trimmed_cross_entropy: 0.6560 - val_full_mse_log_r: 0.0546 - val_trimmed_mse_log_r: 0.0541 - val_full_mae_log_r: 0.1251 - val_full_mse_score: 1.6662 - val_trimmed_mse_score: 0.7385 - val_full_mae_score: 0.4039
Epoch 16/50
203s - loss: 0.6605 - full_cross_entropy: 0.6605 - trimmed_cross_entropy: 0.6554 - full_mse_log_r: 0.0527 - trimmed_mse_log_r: 0.0523 - full_mae_log_r: 0.1263 - full_mse_score: 1.6379 - trimmed_mse_score: 0.7297 - full_mae_score: 0.4167 - val_loss: 0.6606 - val_full_cross_entropy: 0.6606 - val_trimmed_cross_entropy: 0.6554 - val_full_mse_log_r: 0.0491 - val_trimmed_mse_log_r: 0.0487 - val_full_mae_log_r: 0.1093 - val_full_mse_score: 1.6940 - val_trimmed_mse_score: 0.7653 - val_full_mae_score: 0.4219
Epoch 17/50
203s - loss: 0.6605 - full_cross_entropy: 0.6605 - trimmed_cross_entropy: 0.6553 - full_mse_log_r: 0.0524 - trimmed_mse_log_r: 0.0520 - full_mae_log_r: 0.1259 - full_mse_score: 1.6487 - trimmed_mse_score: 0.7348 - full_mae_score: 0.4205 - val_loss: 0.6613 - val_full_cross_entropy: 0.6613 - val_trimmed_cross_entropy: 0.6561 - val_full_mse_log_r: 0.0521 - val_trimmed_mse_log_r: 0.0517 - val_full_mae_log_r: 0.1324 - val_full_mse_score: 1.6973 - val_trimmed_mse_score: 0.7687 - val_full_mae_score: 0.4216
Epoch 18/50
203s - loss: 0.6604 - full_cross_entropy: 0.6604 - trimmed_cross_entropy: 0.6553 - full_mse_log_r: 0.0521 - trimmed_mse_log_r: 0.0517 - full_mae_log_r: 0.1261 - full_mse_score: 1.6568 - trimmed_mse_score: 0.7477 - full_mae_score: 0.4227 - val_loss: 0.6609 - val_full_cross_entropy: 0.6609 - val_trimmed_cross_entropy: 0.6558 - val_full_mse_log_r: 0.0515 - val_trimmed_mse_log_r: 0.0511 - val_full_mae_log_r: 0.1178 - val_full_mse_score: 1.6993 - val_trimmed_mse_score: 0.7791 - val_full_mae_score: 0.4319
Epoch 19/50
203s - loss: 0.6604 - full_cross_entropy: 0.6604 - trimmed_cross_entropy: 0.6553 - full_mse_log_r: 0.0520 - trimmed_mse_log_r: 0.0516 - full_mae_log_r: 0.1258 - full_mse_score: 1.6710 - trimmed_mse_score: 0.7572 - full_mae_score: 0.4280 - val_loss: 0.6608 - val_full_cross_entropy: 0.6608 - val_trimmed_cross_entropy: 0.6556 - val_full_mse_log_r: 0.0501 - val_trimmed_mse_log_r: 0.0497 - val_full_mae_log_r: 0.1170 - val_full_mse_score: 1.6683 - val_trimmed_mse_score: 0.7502 - val_full_mae_score: 0.4200
Epoch 20/50
203s - loss: 0.6604 - full_cross_entropy: 0.6604 - trimmed_cross_entropy: 0.6553 - full_mse_log_r: 0.0522 - trimmed_mse_log_r: 0.0518 - full_mae_log_r: 0.1258 - full_mse_score: 1.6786 - trimmed_mse_score: 0.7652 - full_mae_score: 0.4338 - val_loss: 0.6617 - val_full_cross_entropy: 0.6617 - val_trimmed_cross_entropy: 0.6565 - val_full_mse_log_r: 0.0562 - val_trimmed_mse_log_r: 0.0558 - val_full_mae_log_r: 0.1454 - val_full_mse_score: 1.7657 - val_trimmed_mse_score: 0.8231 - val_full_mae_score: 0.4399
Epoch 21/50
203s - loss: 0.6604 - full_cross_entropy: 0.6604 - trimmed_cross_entropy: 0.6552 - full_mse_log_r: 0.0522 - trimmed_mse_log_r: 0.0518 - full_mae_log_r: 0.1263 - full_mse_score: 1.6966 - trimmed_mse_score: 0.7794 - full_mae_score: 0.4400 - val_loss: 0.6615 - val_full_cross_entropy: 0.6615 - val_trimmed_cross_entropy: 0.6564 - val_full_mse_log_r: 0.0590 - val_trimmed_mse_log_r: 0.0586 - val_full_mae_log_r: 0.1357 - val_full_mse_score: 1.7986 - val_trimmed_mse_score: 0.8530 - val_full_mae_score: 0.4527
Epoch 22/50
203s - loss: 0.6604 - full_cross_entropy: 0.6604 - trimmed_cross_entropy: 0.6552 - full_mse_log_r: 0.0525 - trimmed_mse_log_r: 0.0521 - full_mae_log_r: 0.1260 - full_mse_score: 1.7156 - trimmed_mse_score: 0.7956 - full_mae_score: 0.4452 - val_loss: 0.6612 - val_full_cross_entropy: 0.6612 - val_trimmed_cross_entropy: 0.6560 - val_full_mse_log_r: 0.0519 - val_trimmed_mse_log_r: 0.0515 - val_full_mae_log_r: 0.1286 - val_full_mse_score: 1.7222 - val_trimmed_mse_score: 0.8035 - val_full_mae_score: 0.4514
Epoch 23/50
203s - loss: 0.6604 - full_cross_entropy: 0.6604 - trimmed_cross_entropy: 0.6552 - full_mse_log_r: 0.0525 - trimmed_mse_log_r: 0.0521 - full_mae_log_r: 0.1271 - full_mse_score: 1.7204 - trimmed_mse_score: 0.8004 - full_mae_score: 0.4489 - val_loss: 0.6614 - val_full_cross_entropy: 0.6614 - val_trimmed_cross_entropy: 0.6562 - val_full_mse_log_r: 0.0578 - val_trimmed_mse_log_r: 0.0573 - val_full_mae_log_r: 0.1331 - val_full_mse_score: 1.7067 - val_trimmed_mse_score: 0.7922 - val_full_mae_score: 0.4475
Epoch 24/50
203s - loss: 0.6603 - full_cross_entropy: 0.6603 - trimmed_cross_entropy: 0.6552 - full_mse_log_r: 0.0524 - trimmed_mse_log_r: 0.0520 - full_mae_log_r: 0.1265 - full_mse_score: 1.7378 - trimmed_mse_score: 0.8172 - full_mae_score: 0.4554 - val_loss: 0.6615 - val_full_cross_entropy: 0.6615 - val_trimmed_cross_entropy: 0.6563 - val_full_mse_log_r: 0.0574 - val_trimmed_mse_log_r: 0.0570 - val_full_mae_log_r: 0.1406 - val_full_mse_score: 1.7605 - val_trimmed_mse_score: 0.8187 - val_full_mae_score: 0.4520
Epoch 25/50
203s - loss: 0.6603 - full_cross_entropy: 0.6603 - trimmed_cross_entropy: 0.6551 - full_mse_log_r: 0.0524 - trimmed_mse_log_r: 0.0520 - full_mae_log_r: 0.1269 - full_mse_score: 1.7471 - trimmed_mse_score: 0.8232 - full_mae_score: 0.4596 - val_loss: 0.6605 - val_full_cross_entropy: 0.6605 - val_trimmed_cross_entropy: 0.6554 - val_full_mse_log_r: 0.0456 - val_trimmed_mse_log_r: 0.0453 - val_full_mae_log_r: 0.1105 - val_full_mse_score: 1.7798 - val_trimmed_mse_score: 0.8503 - val_full_mae_score: 0.4712
Epoch 26/50
203s - loss: 0.6603 - full_cross_entropy: 0.6603 - trimmed_cross_entropy: 0.6552 - full_mse_log_r: 0.0522 - trimmed_mse_log_r: 0.0518 - full_mae_log_r: 0.1265 - full_mse_score: 1.7612 - trimmed_mse_score: 0.8354 - full_mae_score: 0.4634 - val_loss: 0.6609 - val_full_cross_entropy: 0.6609 - val_trimmed_cross_entropy: 0.6557 - val_full_mse_log_r: 0.0489 - val_trimmed_mse_log_r: 0.0485 - val_full_mae_log_r: 0.1169 - val_full_mse_score: 1.8252 - val_trimmed_mse_score: 0.8763 - val_full_mae_score: 0.4667
Epoch 27/50
203s - loss: 0.6603 - full_cross_entropy: 0.6603 - trimmed_cross_entropy: 0.6551 - full_mse_log_r: 0.0529 - trimmed_mse_log_r: 0.0525 - full_mae_log_r: 0.1277 - full_mse_score: 1.7770 - trimmed_mse_score: 0.8468 - full_mae_score: 0.4702 - val_loss: 0.6606 - val_full_cross_entropy: 0.6606 - val_trimmed_cross_entropy: 0.6554 - val_full_mse_log_r: 0.0508 - val_trimmed_mse_log_r: 0.0504 - val_full_mae_log_r: 0.1095 - val_full_mse_score: 1.7418 - val_trimmed_mse_score: 0.8215 - val_full_mae_score: 0.4650
Epoch 28/50
203s - loss: 0.6602 - full_cross_entropy: 0.6602 - trimmed_cross_entropy: 0.6551 - full_mse_log_r: 0.0530 - trimmed_mse_log_r: 0.0526 - full_mae_log_r: 0.1282 - full_mse_score: 1.7877 - trimmed_mse_score: 0.8617 - full_mae_score: 0.4750 - val_loss: 0.6613 - val_full_cross_entropy: 0.6613 - val_trimmed_cross_entropy: 0.6561 - val_full_mse_log_r: 0.0539 - val_trimmed_mse_log_r: 0.0535 - val_full_mae_log_r: 0.1273 - val_full_mse_score: 1.7874 - val_trimmed_mse_score: 0.8612 - val_full_mae_score: 0.4769
Epoch 29/50
203s - loss: 0.6603 - full_cross_entropy: 0.6603 - trimmed_cross_entropy: 0.6551 - full_mse_log_r: 0.0526 - trimmed_mse_log_r: 0.0522 - full_mae_log_r: 0.1273 - full_mse_score: 1.7808 - trimmed_mse_score: 0.8563 - full_mae_score: 0.4770 - val_loss: 0.6618 - val_full_cross_entropy: 0.6618 - val_trimmed_cross_entropy: 0.6567 - val_full_mse_log_r: 0.0578 - val_trimmed_mse_log_r: 0.0573 - val_full_mae_log_r: 0.1537 - val_full_mse_score: 1.7668 - val_trimmed_mse_score: 0.8446 - val_full_mae_score: 0.4722
Epoch 30/50
203s - loss: 0.6602 - full_cross_entropy: 0.6602 - trimmed_cross_entropy: 0.6551 - full_mse_log_r: 0.0525 - trimmed_mse_log_r: 0.0521 - full_mae_log_r: 0.1271 - full_mse_score: 1.7952 - trimmed_mse_score: 0.8723 - full_mae_score: 0.4828 - val_loss: 0.6616 - val_full_cross_entropy: 0.6616 - val_trimmed_cross_entropy: 0.6564 - val_full_mse_log_r: 0.0578 - val_trimmed_mse_log_r: 0.0574 - val_full_mae_log_r: 0.1430 - val_full_mse_score: 1.8674 - val_trimmed_mse_score: 0.9177 - val_full_mae_score: 0.4838
Epoch 31/50
203s - loss: 0.6602 - full_cross_entropy: 0.6602 - trimmed_cross_entropy: 0.6551 - full_mse_log_r: 0.0530 - trimmed_mse_log_r: 0.0526 - full_mae_log_r: 0.1277 - full_mse_score: 1.8098 - trimmed_mse_score: 0.8855 - full_mae_score: 0.4857 - val_loss: 0.6624 - val_full_cross_entropy: 0.6624 - val_trimmed_cross_entropy: 0.6572 - val_full_mse_log_r: 0.0638 - val_trimmed_mse_log_r: 0.0633 - val_full_mae_log_r: 0.1583 - val_full_mse_score: 1.8282 - val_trimmed_mse_score: 0.8878 - val_full_mae_score: 0.4814
Epoch 32/50
203s - loss: 0.6602 - full_cross_entropy: 0.6602 - trimmed_cross_entropy: 0.6550 - full_mse_log_r: 0.0525 - trimmed_mse_log_r: 0.0521 - full_mae_log_r: 0.1278 - full_mse_score: 1.8203 - trimmed_mse_score: 0.8915 - full_mae_score: 0.4895 - val_loss: 0.6611 - val_full_cross_entropy: 0.6611 - val_trimmed_cross_entropy: 0.6560 - val_full_mse_log_r: 0.0528 - val_trimmed_mse_log_r: 0.0524 - val_full_mae_log_r: 0.1253 - val_full_mse_score: 1.8717 - val_trimmed_mse_score: 0.9192 - val_full_mae_score: 0.4875
Epoch 33/50
203s - loss: 0.6602 - full_cross_entropy: 0.6602 - trimmed_cross_entropy: 0.6550 - full_mse_log_r: 0.0524 - trimmed_mse_log_r: 0.0520 - full_mae_log_r: 0.1272 - full_mse_score: 1.8218 - trimmed_mse_score: 0.8973 - full_mae_score: 0.4937 - val_loss: 0.6609 - val_full_cross_entropy: 0.6609 - val_trimmed_cross_entropy: 0.6557 - val_full_mse_log_r: 0.0531 - val_trimmed_mse_log_r: 0.0527 - val_full_mae_log_r: 0.1194 - val_full_mse_score: 1.8335 - val_trimmed_mse_score: 0.8981 - val_full_mae_score: 0.4946
Epoch 34/50
203s - loss: 0.6602 - full_cross_entropy: 0.6602 - trimmed_cross_entropy: 0.6550 - full_mse_log_r: 0.0528 - trimmed_mse_log_r: 0.0523 - full_mae_log_r: 0.1283 - full_mse_score: 1.8408 - trimmed_mse_score: 0.9114 - full_mae_score: 0.4990 - val_loss: 0.6627 - val_full_cross_entropy: 0.6627 - val_trimmed_cross_entropy: 0.6575 - val_full_mse_log_r: 0.0669 - val_trimmed_mse_log_r: 0.0664 - val_full_mae_log_r: 0.1672 - val_full_mse_score: 1.8605 - val_trimmed_mse_score: 0.9252 - val_full_mae_score: 0.5043
Epoch 35/50
203s - loss: 0.6602 - full_cross_entropy: 0.6602 - trimmed_cross_entropy: 0.6550 - full_mse_log_r: 0.0525 - trimmed_mse_log_r: 0.0521 - full_mae_log_r: 0.1287 - full_mse_score: 1.8436 - trimmed_mse_score: 0.9170 - full_mae_score: 0.5036 - val_loss: 0.6611 - val_full_cross_entropy: 0.6611 - val_trimmed_cross_entropy: 0.6559 - val_full_mse_log_r: 0.0514 - val_trimmed_mse_log_r: 0.0510 - val_full_mae_log_r: 0.1262 - val_full_mse_score: 1.8819 - val_trimmed_mse_score: 0.9481 - val_full_mae_score: 0.5151
Epoch 36/50
203s - loss: 0.6601 - full_cross_entropy: 0.6601 - trimmed_cross_entropy: 0.6550 - full_mse_log_r: 0.0530 - trimmed_mse_log_r: 0.0526 - full_mae_log_r: 0.1282 - full_mse_score: 1.8624 - trimmed_mse_score: 0.9291 - full_mae_score: 0.5078 - val_loss: 0.6615 - val_full_cross_entropy: 0.6615 - val_trimmed_cross_entropy: 0.6563 - val_full_mse_log_r: 0.0559 - val_trimmed_mse_log_r: 0.0555 - val_full_mae_log_r: 0.1404 - val_full_mse_score: 1.9111 - val_trimmed_mse_score: 0.9706 - val_full_mae_score: 0.5201
Epoch 00035: early stopping
15.02.2018 09:35:28 INFO    Starting evaluation
15.02.2018 09:56:50 INFO    Starting roaming
15.02.2018 09:56:55 INFO    Starting calibrated evaluation and roaming
15.02.2018 13:14:58 INFO    Interpolating calibrated roaming
15.02.2018 13:16:33 INFO    That's it -- have a great day!
Using TensorFlow backend.
15.02.2018 13:16:35 INFO    Hi! How are you today?
15.02.2018 13:16:35 INFO    Startup options:
15.02.2018 13:16:35 INFO      Algorithm:                     carl
15.02.2018 13:16:35 INFO      Point by point:                False
15.02.2018 13:16:35 INFO      Morphing-aware mode:           False
15.02.2018 13:16:35 INFO      Smeared data:                  False
15.02.2018 13:16:35 INFO      Training sample:               baseline
15.02.2018 13:16:35 INFO      AFC X indices:                 [1, 38, 39, 40, 41]
15.02.2018 13:16:35 INFO      alpha:                         None
15.02.2018 13:16:35 INFO      AFC epsilon:                   None
15.02.2018 13:16:35 INFO      Neyman construction toys:      False
15.02.2018 13:16:35 INFO      Other options:                 ['largebatch', 'fastlearning', 'constantlr']
15.02.2018 13:16:35 INFO      Base directory:                /home/jb6504/higgs_inference
15.02.2018 13:16:35 INFO      ML-based strategies available: True
15.02.2018 13:16:35 INFO    Starting parameterized inference
15.02.2018 13:16:35 INFO    Main settings:
15.02.2018 13:16:35 INFO      Algorithm:                carl
15.02.2018 13:16:35 INFO      Morphing-aware:           False
15.02.2018 13:16:35 INFO      Training sample:          baseline
15.02.2018 13:16:35 INFO    Options:
15.02.2018 13:16:35 INFO      Number of hidden layers:  2
15.02.2018 13:16:35 INFO      Batch size:               256
15.02.2018 13:16:35 INFO      Learning rate:            0.01
15.02.2018 13:16:35 INFO      Learning rate decay:      0.0
15.02.2018 13:16:35 INFO      Number of epochs:         50
15.02.2018 13:16:35 INFO      Debug mode:               False
15.02.2018 13:17:03 INFO    Starting training
Train on 7995920 samples, validate on 1998980 samples
Epoch 1/50
2018-02-15 13:17:04.669580: W tensorflow/core/platform/cpu_feature_guard.cc:45] The TensorFlow library wasn't compiled to use SSE4.1 instructions, but these are available on your machine and could speed up CPU computations.
2018-02-15 13:17:04.669913: W tensorflow/core/platform/cpu_feature_guard.cc:45] The TensorFlow library wasn't compiled to use SSE4.2 instructions, but these are available on your machine and could speed up CPU computations.
2018-02-15 13:17:04.669925: W tensorflow/core/platform/cpu_feature_guard.cc:45] The TensorFlow library wasn't compiled to use AVX instructions, but these are available on your machine and could speed up CPU computations.
2018-02-15 13:17:04.669929: W tensorflow/core/platform/cpu_feature_guard.cc:45] The TensorFlow library wasn't compiled to use AVX2 instructions, but these are available on your machine and could speed up CPU computations.
2018-02-15 13:17:04.669933: W tensorflow/core/platform/cpu_feature_guard.cc:45] The TensorFlow library wasn't compiled to use FMA instructions, but these are available on your machine and could speed up CPU computations.
2018-02-15 13:17:04.978901: I tensorflow/core/common_runtime/gpu/gpu_device.cc:940] Found device 0 with properties: 
name: Tesla K80
major: 3 minor: 7 memoryClockRate (GHz) 0.8235
pciBusID 0000:85:00.0
Total memory: 11.17GiB
Free memory: 11.10GiB
2018-02-15 13:17:04.978937: I tensorflow/core/common_runtime/gpu/gpu_device.cc:961] DMA: 0 
2018-02-15 13:17:04.978944: I tensorflow/core/common_runtime/gpu/gpu_device.cc:971] 0:   Y 
2018-02-15 13:17:04.978954: I tensorflow/core/common_runtime/gpu/gpu_device.cc:1030] Creating TensorFlow device (/gpu:0) -> (device: 0, name: Tesla K80, pci bus id: 0000:85:00.0)
205s - loss: 0.6773 - full_cross_entropy: 0.6773 - trimmed_cross_entropy: 0.6720 - full_mse_log_r: 0.2625 - trimmed_mse_log_r: 0.2605 - full_mae_log_r: 0.3121 - full_mse_score: 3.0469 - trimmed_mse_score: 1.9840 - full_mae_score: 0.7840 - val_loss: 0.6769 - val_full_cross_entropy: 0.6769 - val_trimmed_cross_entropy: 0.6716 - val_full_mse_log_r: 0.2402 - val_trimmed_mse_log_r: 0.2383 - val_full_mae_log_r: 0.3339 - val_full_mse_score: 3.7292 - val_trimmed_mse_score: 2.6280 - val_full_mae_score: 0.9147
Epoch 2/50
203s - loss: 0.6757 - full_cross_entropy: 0.6757 - trimmed_cross_entropy: 0.6704 - full_mse_log_r: 0.2389 - trimmed_mse_log_r: 0.2370 - full_mae_log_r: 0.3011 - full_mse_score: 4.3090 - trimmed_mse_score: 3.1268 - full_mae_score: 0.9674 - val_loss: 0.6739 - val_full_cross_entropy: 0.6739 - val_trimmed_cross_entropy: 0.6686 - val_full_mse_log_r: 0.2301 - val_trimmed_mse_log_r: 0.2283 - val_full_mae_log_r: 0.2746 - val_full_mse_score: 5.1472 - val_trimmed_mse_score: 3.8402 - val_full_mae_score: 1.0565
Epoch 3/50
203s - loss: 0.6754 - full_cross_entropy: 0.6754 - trimmed_cross_entropy: 0.6702 - full_mse_log_r: 0.2364 - trimmed_mse_log_r: 0.2345 - full_mae_log_r: 0.2999 - full_mse_score: 5.6243 - trimmed_mse_score: 4.2343 - full_mae_score: 1.0970 - val_loss: 0.6728 - val_full_cross_entropy: 0.6728 - val_trimmed_cross_entropy: 0.6675 - val_full_mse_log_r: 0.2072 - val_trimmed_mse_log_r: 0.2055 - val_full_mae_log_r: 0.2678 - val_full_mse_score: 6.1802 - val_trimmed_mse_score: 4.6609 - val_full_mae_score: 1.1385
Epoch 4/50
203s - loss: 0.6751 - full_cross_entropy: 0.6751 - trimmed_cross_entropy: 0.6699 - full_mse_log_r: 0.2323 - trimmed_mse_log_r: 0.2305 - full_mae_log_r: 0.2986 - full_mse_score: 6.7415 - trimmed_mse_score: 5.0600 - full_mae_score: 1.1386 - val_loss: 0.6700 - val_full_cross_entropy: 0.6700 - val_trimmed_cross_entropy: 0.6648 - val_full_mse_log_r: 0.1915 - val_trimmed_mse_log_r: 0.1900 - val_full_mae_log_r: 0.2217 - val_full_mse_score: 6.8866 - val_trimmed_mse_score: 5.1319 - val_full_mae_score: 1.1289
Epoch 5/50
203s - loss: 0.6750 - full_cross_entropy: 0.6750 - trimmed_cross_entropy: 0.6698 - full_mse_log_r: 0.2301 - trimmed_mse_log_r: 0.2283 - full_mae_log_r: 0.2968 - full_mse_score: 7.9976 - trimmed_mse_score: 5.9584 - full_mae_score: 1.2029 - val_loss: 0.6803 - val_full_cross_entropy: 0.6803 - val_trimmed_cross_entropy: 0.6750 - val_full_mse_log_r: 0.2784 - val_trimmed_mse_log_r: 0.2762 - val_full_mae_log_r: 0.3721 - val_full_mse_score: 8.4359 - val_trimmed_mse_score: 6.0524 - val_full_mae_score: 1.1654
Epoch 6/50
203s - loss: 0.6749 - full_cross_entropy: 0.6749 - trimmed_cross_entropy: 0.6696 - full_mse_log_r: 0.2281 - trimmed_mse_log_r: 0.2263 - full_mae_log_r: 0.2951 - full_mse_score: 8.9779 - trimmed_mse_score: 6.5416 - full_mae_score: 1.2206 - val_loss: 0.6739 - val_full_cross_entropy: 0.6739 - val_trimmed_cross_entropy: 0.6687 - val_full_mse_log_r: 0.2194 - val_trimmed_mse_log_r: 0.2177 - val_full_mae_log_r: 0.2826 - val_full_mse_score: 8.8939 - val_trimmed_mse_score: 6.3471 - val_full_mae_score: 1.1933
Epoch 7/50
203s - loss: 0.6749 - full_cross_entropy: 0.6749 - trimmed_cross_entropy: 0.6697 - full_mse_log_r: 0.2292 - trimmed_mse_log_r: 0.2274 - full_mae_log_r: 0.2961 - full_mse_score: 10.2211 - trimmed_mse_score: 7.4940 - full_mae_score: 1.3006 - val_loss: 0.6911 - val_full_cross_entropy: 0.6911 - val_trimmed_cross_entropy: 0.6857 - val_full_mse_log_r: 0.3567 - val_trimmed_mse_log_r: 0.3539 - val_full_mae_log_r: 0.4824 - val_full_mse_score: 12.1944 - val_trimmed_mse_score: 9.0364 - val_full_mae_score: 1.4234
Epoch 8/50
203s - loss: 0.6750 - full_cross_entropy: 0.6750 - trimmed_cross_entropy: 0.6697 - full_mse_log_r: 0.2291 - trimmed_mse_log_r: 0.2273 - full_mae_log_r: 0.2953 - full_mse_score: 11.2404 - trimmed_mse_score: 8.0672 - full_mae_score: 1.3180 - val_loss: 0.6722 - val_full_cross_entropy: 0.6722 - val_trimmed_cross_entropy: 0.6669 - val_full_mse_log_r: 0.1974 - val_trimmed_mse_log_r: 0.1959 - val_full_mae_log_r: 0.2587 - val_full_mse_score: 13.1868 - val_trimmed_mse_score: 9.4554 - val_full_mae_score: 1.3992
Epoch 9/50
203s - loss: 0.6747 - full_cross_entropy: 0.6747 - trimmed_cross_entropy: 0.6694 - full_mse_log_r: 0.2256 - trimmed_mse_log_r: 0.2239 - full_mae_log_r: 0.2944 - full_mse_score: 12.2809 - trimmed_mse_score: 8.6850 - full_mae_score: 1.3332 - val_loss: 0.6728 - val_full_cross_entropy: 0.6728 - val_trimmed_cross_entropy: 0.6675 - val_full_mse_log_r: 0.2099 - val_trimmed_mse_log_r: 0.2082 - val_full_mae_log_r: 0.2729 - val_full_mse_score: 11.5890 - val_trimmed_mse_score: 8.2513 - val_full_mae_score: 1.2983
Epoch 10/50
203s - loss: 0.6747 - full_cross_entropy: 0.6747 - trimmed_cross_entropy: 0.6694 - full_mse_log_r: 0.2260 - trimmed_mse_log_r: 0.2242 - full_mae_log_r: 0.2942 - full_mse_score: 12.6870 - trimmed_mse_score: 8.9575 - full_mae_score: 1.3392 - val_loss: 0.6739 - val_full_cross_entropy: 0.6739 - val_trimmed_cross_entropy: 0.6686 - val_full_mse_log_r: 0.2239 - val_trimmed_mse_log_r: 0.2222 - val_full_mae_log_r: 0.2825 - val_full_mse_score: 15.1387 - val_trimmed_mse_score: 10.9278 - val_full_mae_score: 1.4773
Epoch 11/50
203s - loss: 0.6747 - full_cross_entropy: 0.6747 - trimmed_cross_entropy: 0.6694 - full_mse_log_r: 0.2265 - trimmed_mse_log_r: 0.2247 - full_mae_log_r: 0.2941 - full_mse_score: 14.3535 - trimmed_mse_score: 9.9422 - full_mae_score: 1.4005 - val_loss: 0.6707 - val_full_cross_entropy: 0.6707 - val_trimmed_cross_entropy: 0.6654 - val_full_mse_log_r: 0.1860 - val_trimmed_mse_log_r: 0.1845 - val_full_mae_log_r: 0.2378 - val_full_mse_score: 14.3888 - val_trimmed_mse_score: 9.6321 - val_full_mae_score: 1.3599
Epoch 12/50
203s - loss: 0.6745 - full_cross_entropy: 0.6745 - trimmed_cross_entropy: 0.6692 - full_mse_log_r: 0.2248 - trimmed_mse_log_r: 0.2230 - full_mae_log_r: 0.2940 - full_mse_score: 15.3489 - trimmed_mse_score: 10.5002 - full_mae_score: 1.4077 - val_loss: 0.6708 - val_full_cross_entropy: 0.6708 - val_trimmed_cross_entropy: 0.6656 - val_full_mse_log_r: 0.1988 - val_trimmed_mse_log_r: 0.1972 - val_full_mae_log_r: 0.2420 - val_full_mse_score: 13.8295 - val_trimmed_mse_score: 9.5550 - val_full_mae_score: 1.3650
Epoch 13/50
203s - loss: 0.6748 - full_cross_entropy: 0.6748 - trimmed_cross_entropy: 0.6695 - full_mse_log_r: 0.2267 - trimmed_mse_log_r: 0.2249 - full_mae_log_r: 0.2938 - full_mse_score: 15.9457 - trimmed_mse_score: 10.6929 - full_mae_score: 1.4018 - val_loss: 0.6913 - val_full_cross_entropy: 0.6913 - val_trimmed_cross_entropy: 0.6859 - val_full_mse_log_r: 0.3654 - val_trimmed_mse_log_r: 0.3625 - val_full_mae_log_r: 0.4767 - val_full_mse_score: 16.5992 - val_trimmed_mse_score: 11.1157 - val_full_mae_score: 1.3881
Epoch 14/50
203s - loss: 0.6745 - full_cross_entropy: 0.6745 - trimmed_cross_entropy: 0.6692 - full_mse_log_r: 0.2253 - trimmed_mse_log_r: 0.2236 - full_mae_log_r: 0.2927 - full_mse_score: 16.7177 - trimmed_mse_score: 10.9614 - full_mae_score: 1.3890 - val_loss: 0.6727 - val_full_cross_entropy: 0.6727 - val_trimmed_cross_entropy: 0.6674 - val_full_mse_log_r: 0.2141 - val_trimmed_mse_log_r: 0.2125 - val_full_mae_log_r: 0.2741 - val_full_mse_score: 18.4023 - val_trimmed_mse_score: 11.9821 - val_full_mae_score: 1.4306
Epoch 15/50
206s - loss: 0.6745 - full_cross_entropy: 0.6745 - trimmed_cross_entropy: 0.6692 - full_mse_log_r: 0.2235 - trimmed_mse_log_r: 0.2218 - full_mae_log_r: 0.2926 - full_mse_score: 18.1032 - trimmed_mse_score: 11.3965 - full_mae_score: 1.3912 - val_loss: 0.6851 - val_full_cross_entropy: 0.6851 - val_trimmed_cross_entropy: 0.6797 - val_full_mse_log_r: 0.3087 - val_trimmed_mse_log_r: 0.3062 - val_full_mae_log_r: 0.4317 - val_full_mse_score: 19.2893 - val_trimmed_mse_score: 12.2849 - val_full_mae_score: 1.4442
Epoch 00014: early stopping
15.02.2018 14:08:02 INFO    Starting evaluation
15.02.2018 14:29:11 INFO    Starting roaming
15.02.2018 14:29:16 INFO    Starting calibrated evaluation and roaming
15.02.2018 17:45:16 INFO    Interpolating calibrated roaming
15.02.2018 17:46:56 INFO    That's it -- have a great day!
Using TensorFlow backend.
15.02.2018 17:46:59 INFO    Hi! How are you today?
15.02.2018 17:46:59 INFO    Startup options:
15.02.2018 17:46:59 INFO      Algorithm:                     carl
15.02.2018 17:46:59 INFO      Point by point:                False
15.02.2018 17:46:59 INFO      Morphing-aware mode:           False
15.02.2018 17:46:59 INFO      Smeared data:                  False
15.02.2018 17:46:59 INFO      Training sample:               baseline
15.02.2018 17:46:59 INFO      AFC X indices:                 [1, 38, 39, 40, 41]
15.02.2018 17:46:59 INFO      alpha:                         None
15.02.2018 17:46:59 INFO      AFC epsilon:                   None
15.02.2018 17:46:59 INFO      Neyman construction toys:      False
15.02.2018 17:46:59 INFO      Other options:                 ['largebatch', 'slowlearning', 'constantlr']
15.02.2018 17:46:59 INFO      Base directory:                /home/jb6504/higgs_inference
15.02.2018 17:46:59 INFO      ML-based strategies available: True
15.02.2018 17:46:59 INFO    Starting parameterized inference
15.02.2018 17:46:59 INFO    Main settings:
15.02.2018 17:46:59 INFO      Algorithm:                carl
15.02.2018 17:46:59 INFO      Morphing-aware:           False
15.02.2018 17:46:59 INFO      Training sample:          baseline
15.02.2018 17:46:59 INFO    Options:
15.02.2018 17:46:59 INFO      Number of hidden layers:  2
15.02.2018 17:46:59 INFO      Batch size:               256
15.02.2018 17:46:59 INFO      Learning rate:            0.0001
15.02.2018 17:46:59 INFO      Learning rate decay:      0.0
15.02.2018 17:46:59 INFO      Number of epochs:         50
15.02.2018 17:46:59 INFO      Debug mode:               False
15.02.2018 17:47:28 INFO    Starting training
Train on 7995920 samples, validate on 1998980 samples
Epoch 1/50
2018-02-15 17:47:28.881635: W tensorflow/core/platform/cpu_feature_guard.cc:45] The TensorFlow library wasn't compiled to use SSE4.1 instructions, but these are available on your machine and could speed up CPU computations.
2018-02-15 17:47:28.882016: W tensorflow/core/platform/cpu_feature_guard.cc:45] The TensorFlow library wasn't compiled to use SSE4.2 instructions, but these are available on your machine and could speed up CPU computations.
2018-02-15 17:47:28.882025: W tensorflow/core/platform/cpu_feature_guard.cc:45] The TensorFlow library wasn't compiled to use AVX instructions, but these are available on your machine and could speed up CPU computations.
2018-02-15 17:47:28.882029: W tensorflow/core/platform/cpu_feature_guard.cc:45] The TensorFlow library wasn't compiled to use AVX2 instructions, but these are available on your machine and could speed up CPU computations.
2018-02-15 17:47:28.882033: W tensorflow/core/platform/cpu_feature_guard.cc:45] The TensorFlow library wasn't compiled to use FMA instructions, but these are available on your machine and could speed up CPU computations.
2018-02-15 17:47:29.188772: I tensorflow/core/common_runtime/gpu/gpu_device.cc:940] Found device 0 with properties: 
name: Tesla K80
major: 3 minor: 7 memoryClockRate (GHz) 0.8235
pciBusID 0000:85:00.0
Total memory: 11.17GiB
Free memory: 11.10GiB
2018-02-15 17:47:29.188810: I tensorflow/core/common_runtime/gpu/gpu_device.cc:961] DMA: 0 
2018-02-15 17:47:29.188817: I tensorflow/core/common_runtime/gpu/gpu_device.cc:971] 0:   Y 
2018-02-15 17:47:29.188827: I tensorflow/core/common_runtime/gpu/gpu_device.cc:1030] Creating TensorFlow device (/gpu:0) -> (device: 0, name: Tesla K80, pci bus id: 0000:85:00.0)
205s - loss: 0.6769 - full_cross_entropy: 0.6769 - trimmed_cross_entropy: 0.6716 - full_mse_log_r: 0.2909 - trimmed_mse_log_r: 0.2886 - full_mae_log_r: 0.2710 - full_mse_score: 2.3722 - trimmed_mse_score: 1.3270 - full_mae_score: 0.5049 - val_loss: 0.6694 - val_full_cross_entropy: 0.6694 - val_trimmed_cross_entropy: 0.6642 - val_full_mse_log_r: 0.2026 - val_trimmed_mse_log_r: 0.2011 - val_full_mae_log_r: 0.1970 - val_full_mse_score: 2.2419 - val_trimmed_mse_score: 1.1977 - val_full_mae_score: 0.4297
Epoch 2/50
203s - loss: 0.6677 - full_cross_entropy: 0.6677 - trimmed_cross_entropy: 0.6624 - full_mse_log_r: 0.1745 - trimmed_mse_log_r: 0.1731 - full_mae_log_r: 0.1857 - full_mse_score: 2.1641 - trimmed_mse_score: 1.1252 - full_mae_score: 0.4121 - val_loss: 0.6662 - val_full_cross_entropy: 0.6662 - val_trimmed_cross_entropy: 0.6610 - val_full_mse_log_r: 0.1532 - val_trimmed_mse_log_r: 0.1520 - val_full_mae_log_r: 0.1768 - val_full_mse_score: 2.0979 - val_trimmed_mse_score: 1.0660 - val_full_mae_score: 0.3921
Epoch 3/50
204s - loss: 0.6649 - full_cross_entropy: 0.6649 - trimmed_cross_entropy: 0.6597 - full_mse_log_r: 0.1345 - trimmed_mse_log_r: 0.1334 - full_mae_log_r: 0.1594 - full_mse_score: 2.0234 - trimmed_mse_score: 0.9957 - full_mae_score: 0.3691 - val_loss: 0.6642 - val_full_cross_entropy: 0.6642 - val_trimmed_cross_entropy: 0.6590 - val_full_mse_log_r: 0.1209 - val_trimmed_mse_log_r: 0.1199 - val_full_mae_log_r: 0.1578 - val_full_mse_score: 1.9642 - val_trimmed_mse_score: 0.9463 - val_full_mae_score: 0.3498
Epoch 4/50
204s - loss: 0.6633 - full_cross_entropy: 0.6633 - trimmed_cross_entropy: 0.6581 - full_mse_log_r: 0.1092 - trimmed_mse_log_r: 0.1083 - full_mae_log_r: 0.1421 - full_mse_score: 1.9098 - trimmed_mse_score: 0.9023 - full_mae_score: 0.3362 - val_loss: 0.6634 - val_full_cross_entropy: 0.6634 - val_trimmed_cross_entropy: 0.6582 - val_full_mse_log_r: 0.1037 - val_trimmed_mse_log_r: 0.1029 - val_full_mae_log_r: 0.1544 - val_full_mse_score: 1.8781 - val_trimmed_mse_score: 0.8715 - val_full_mae_score: 0.3252
Epoch 5/50
203s - loss: 0.6623 - full_cross_entropy: 0.6623 - trimmed_cross_entropy: 0.6572 - full_mse_log_r: 0.0929 - trimmed_mse_log_r: 0.0922 - full_mae_log_r: 0.1299 - full_mse_score: 1.8273 - trimmed_mse_score: 0.8281 - full_mae_score: 0.3140 - val_loss: 0.6622 - val_full_cross_entropy: 0.6622 - val_trimmed_cross_entropy: 0.6570 - val_full_mse_log_r: 0.0864 - val_trimmed_mse_log_r: 0.0858 - val_full_mae_log_r: 0.1303 - val_full_mse_score: 1.8058 - val_trimmed_mse_score: 0.8106 - val_full_mae_score: 0.3077
Epoch 6/50
203s - loss: 0.6617 - full_cross_entropy: 0.6617 - trimmed_cross_entropy: 0.6565 - full_mse_log_r: 0.0819 - trimmed_mse_log_r: 0.0812 - full_mae_log_r: 0.1225 - full_mse_score: 1.7648 - trimmed_mse_score: 0.7783 - full_mae_score: 0.3015 - val_loss: 0.6614 - val_full_cross_entropy: 0.6614 - val_trimmed_cross_entropy: 0.6563 - val_full_mse_log_r: 0.0776 - val_trimmed_mse_log_r: 0.0770 - val_full_mae_log_r: 0.1151 - val_full_mse_score: 1.7431 - val_trimmed_mse_score: 0.7583 - val_full_mae_score: 0.2915
Epoch 7/50
203s - loss: 0.6613 - full_cross_entropy: 0.6613 - trimmed_cross_entropy: 0.6561 - full_mse_log_r: 0.0741 - trimmed_mse_log_r: 0.0735 - full_mae_log_r: 0.1166 - full_mse_score: 1.7168 - trimmed_mse_score: 0.7358 - full_mae_score: 0.2911 - val_loss: 0.6610 - val_full_cross_entropy: 0.6610 - val_trimmed_cross_entropy: 0.6559 - val_full_mse_log_r: 0.0698 - val_trimmed_mse_log_r: 0.0692 - val_full_mae_log_r: 0.1074 - val_full_mse_score: 1.6979 - val_trimmed_mse_score: 0.7223 - val_full_mae_score: 0.2831
Epoch 8/50
203s - loss: 0.6609 - full_cross_entropy: 0.6609 - trimmed_cross_entropy: 0.6558 - full_mse_log_r: 0.0686 - trimmed_mse_log_r: 0.0681 - full_mae_log_r: 0.1128 - full_mse_score: 1.6790 - trimmed_mse_score: 0.7095 - full_mae_score: 0.2836 - val_loss: 0.6609 - val_full_cross_entropy: 0.6609 - val_trimmed_cross_entropy: 0.6557 - val_full_mse_log_r: 0.0644 - val_trimmed_mse_log_r: 0.0639 - val_full_mae_log_r: 0.1085 - val_full_mse_score: 1.6650 - val_trimmed_mse_score: 0.6979 - val_full_mae_score: 0.2795
Epoch 9/50
203s - loss: 0.6607 - full_cross_entropy: 0.6607 - trimmed_cross_entropy: 0.6555 - full_mse_log_r: 0.0640 - trimmed_mse_log_r: 0.0635 - full_mae_log_r: 0.1088 - full_mse_score: 1.6461 - trimmed_mse_score: 0.6827 - full_mae_score: 0.2767 - val_loss: 0.6608 - val_full_cross_entropy: 0.6608 - val_trimmed_cross_entropy: 0.6556 - val_full_mse_log_r: 0.0609 - val_trimmed_mse_log_r: 0.0604 - val_full_mae_log_r: 0.1104 - val_full_mse_score: 1.6380 - val_trimmed_mse_score: 0.6777 - val_full_mae_score: 0.2753
Epoch 10/50
203s - loss: 0.6605 - full_cross_entropy: 0.6605 - trimmed_cross_entropy: 0.6553 - full_mse_log_r: 0.0605 - trimmed_mse_log_r: 0.0600 - full_mae_log_r: 0.1063 - full_mse_score: 1.6181 - trimmed_mse_score: 0.6596 - full_mae_score: 0.2718 - val_loss: 0.6605 - val_full_cross_entropy: 0.6605 - val_trimmed_cross_entropy: 0.6553 - val_full_mse_log_r: 0.0576 - val_trimmed_mse_log_r: 0.0571 - val_full_mae_log_r: 0.1040 - val_full_mse_score: 1.6124 - val_trimmed_mse_score: 0.6574 - val_full_mae_score: 0.2699
Epoch 11/50
203s - loss: 0.6603 - full_cross_entropy: 0.6603 - trimmed_cross_entropy: 0.6552 - full_mse_log_r: 0.0575 - trimmed_mse_log_r: 0.0570 - full_mae_log_r: 0.1040 - full_mse_score: 1.5944 - trimmed_mse_score: 0.6448 - full_mae_score: 0.2675 - val_loss: 0.6605 - val_full_cross_entropy: 0.6605 - val_trimmed_cross_entropy: 0.6554 - val_full_mse_log_r: 0.0565 - val_trimmed_mse_log_r: 0.0560 - val_full_mae_log_r: 0.1106 - val_full_mse_score: 1.5951 - val_trimmed_mse_score: 0.6447 - val_full_mae_score: 0.2699
Epoch 12/50
203s - loss: 0.6602 - full_cross_entropy: 0.6602 - trimmed_cross_entropy: 0.6550 - full_mse_log_r: 0.0546 - trimmed_mse_log_r: 0.0542 - full_mae_log_r: 0.1013 - full_mse_score: 1.5734 - trimmed_mse_score: 0.6268 - full_mae_score: 0.2630 - val_loss: 0.6603 - val_full_cross_entropy: 0.6603 - val_trimmed_cross_entropy: 0.6552 - val_full_mse_log_r: 0.0543 - val_trimmed_mse_log_r: 0.0539 - val_full_mae_log_r: 0.1012 - val_full_mse_score: 1.5700 - val_trimmed_mse_score: 0.6256 - val_full_mae_score: 0.2614
Epoch 13/50
203s - loss: 0.6600 - full_cross_entropy: 0.6600 - trimmed_cross_entropy: 0.6549 - full_mse_log_r: 0.0524 - trimmed_mse_log_r: 0.0520 - full_mae_log_r: 0.0996 - full_mse_score: 1.5530 - trimmed_mse_score: 0.6104 - full_mae_score: 0.2592 - val_loss: 0.6600 - val_full_cross_entropy: 0.6600 - val_trimmed_cross_entropy: 0.6549 - val_full_mse_log_r: 0.0506 - val_trimmed_mse_log_r: 0.0502 - val_full_mae_log_r: 0.0919 - val_full_mse_score: 1.5504 - val_trimmed_mse_score: 0.6122 - val_full_mae_score: 0.2564
Epoch 14/50
203s - loss: 0.6599 - full_cross_entropy: 0.6599 - trimmed_cross_entropy: 0.6548 - full_mse_log_r: 0.0505 - trimmed_mse_log_r: 0.0501 - full_mae_log_r: 0.0981 - full_mse_score: 1.5375 - trimmed_mse_score: 0.6002 - full_mae_score: 0.2562 - val_loss: 0.6601 - val_full_cross_entropy: 0.6601 - val_trimmed_cross_entropy: 0.6550 - val_full_mse_log_r: 0.0516 - val_trimmed_mse_log_r: 0.0512 - val_full_mae_log_r: 0.0967 - val_full_mse_score: 1.5284 - val_trimmed_mse_score: 0.5974 - val_full_mae_score: 0.2514
Epoch 15/50
204s - loss: 0.6598 - full_cross_entropy: 0.6598 - trimmed_cross_entropy: 0.6547 - full_mse_log_r: 0.0486 - trimmed_mse_log_r: 0.0482 - full_mae_log_r: 0.0962 - full_mse_score: 1.5203 - trimmed_mse_score: 0.5906 - full_mae_score: 0.2533 - val_loss: 0.6603 - val_full_cross_entropy: 0.6603 - val_trimmed_cross_entropy: 0.6551 - val_full_mse_log_r: 0.0506 - val_trimmed_mse_log_r: 0.0502 - val_full_mae_log_r: 0.1045 - val_full_mse_score: 1.5284 - val_trimmed_mse_score: 0.5973 - val_full_mae_score: 0.2571
Epoch 16/50
203s - loss: 0.6597 - full_cross_entropy: 0.6597 - trimmed_cross_entropy: 0.6546 - full_mse_log_r: 0.0470 - trimmed_mse_log_r: 0.0466 - full_mae_log_r: 0.0950 - full_mse_score: 1.5067 - trimmed_mse_score: 0.5781 - full_mae_score: 0.2513 - val_loss: 0.6599 - val_full_cross_entropy: 0.6599 - val_trimmed_cross_entropy: 0.6547 - val_full_mse_log_r: 0.0468 - val_trimmed_mse_log_r: 0.0464 - val_full_mae_log_r: 0.0945 - val_full_mse_score: 1.5048 - val_trimmed_mse_score: 0.5797 - val_full_mae_score: 0.2471
Epoch 17/50
203s - loss: 0.6596 - full_cross_entropy: 0.6596 - trimmed_cross_entropy: 0.6545 - full_mse_log_r: 0.0457 - trimmed_mse_log_r: 0.0453 - full_mae_log_r: 0.0938 - full_mse_score: 1.4913 - trimmed_mse_score: 0.5702 - full_mae_score: 0.2488 - val_loss: 0.6600 - val_full_cross_entropy: 0.6600 - val_trimmed_cross_entropy: 0.6548 - val_full_mse_log_r: 0.0474 - val_trimmed_mse_log_r: 0.0470 - val_full_mae_log_r: 0.0977 - val_full_mse_score: 1.4975 - val_trimmed_mse_score: 0.5756 - val_full_mae_score: 0.2483
Epoch 18/50
203s - loss: 0.6596 - full_cross_entropy: 0.6596 - trimmed_cross_entropy: 0.6544 - full_mse_log_r: 0.0443 - trimmed_mse_log_r: 0.0440 - full_mae_log_r: 0.0924 - full_mse_score: 1.4791 - trimmed_mse_score: 0.5622 - full_mae_score: 0.2470 - val_loss: 0.6598 - val_full_cross_entropy: 0.6598 - val_trimmed_cross_entropy: 0.6546 - val_full_mse_log_r: 0.0428 - val_trimmed_mse_log_r: 0.0424 - val_full_mae_log_r: 0.0906 - val_full_mse_score: 1.4854 - val_trimmed_mse_score: 0.5654 - val_full_mae_score: 0.2455
Epoch 19/50
203s - loss: 0.6595 - full_cross_entropy: 0.6595 - trimmed_cross_entropy: 0.6543 - full_mse_log_r: 0.0432 - trimmed_mse_log_r: 0.0429 - full_mae_log_r: 0.0915 - full_mse_score: 1.4674 - trimmed_mse_score: 0.5529 - full_mae_score: 0.2450 - val_loss: 0.6596 - val_full_cross_entropy: 0.6596 - val_trimmed_cross_entropy: 0.6545 - val_full_mse_log_r: 0.0412 - val_trimmed_mse_log_r: 0.0409 - val_full_mae_log_r: 0.0854 - val_full_mse_score: 1.4698 - val_trimmed_mse_score: 0.5576 - val_full_mae_score: 0.2449
Epoch 20/50
203s - loss: 0.6594 - full_cross_entropy: 0.6594 - trimmed_cross_entropy: 0.6543 - full_mse_log_r: 0.0420 - trimmed_mse_log_r: 0.0417 - full_mae_log_r: 0.0905 - full_mse_score: 1.4556 - trimmed_mse_score: 0.5452 - full_mae_score: 0.2435 - val_loss: 0.6598 - val_full_cross_entropy: 0.6598 - val_trimmed_cross_entropy: 0.6546 - val_full_mse_log_r: 0.0403 - val_trimmed_mse_log_r: 0.0400 - val_full_mae_log_r: 0.0925 - val_full_mse_score: 1.4558 - val_trimmed_mse_score: 0.5459 - val_full_mae_score: 0.2420
Epoch 21/50
203s - loss: 0.6594 - full_cross_entropy: 0.6594 - trimmed_cross_entropy: 0.6542 - full_mse_log_r: 0.0410 - trimmed_mse_log_r: 0.0407 - full_mae_log_r: 0.0895 - full_mse_score: 1.4446 - trimmed_mse_score: 0.5382 - full_mae_score: 0.2412 - val_loss: 0.6597 - val_full_cross_entropy: 0.6597 - val_trimmed_cross_entropy: 0.6545 - val_full_mse_log_r: 0.0412 - val_trimmed_mse_log_r: 0.0409 - val_full_mae_log_r: 0.0866 - val_full_mse_score: 1.4379 - val_trimmed_mse_score: 0.5354 - val_full_mae_score: 0.2380
Epoch 22/50
203s - loss: 0.6593 - full_cross_entropy: 0.6593 - trimmed_cross_entropy: 0.6542 - full_mse_log_r: 0.0401 - trimmed_mse_log_r: 0.0398 - full_mae_log_r: 0.0887 - full_mse_score: 1.4340 - trimmed_mse_score: 0.5306 - full_mae_score: 0.2401 - val_loss: 0.6596 - val_full_cross_entropy: 0.6596 - val_trimmed_cross_entropy: 0.6544 - val_full_mse_log_r: 0.0382 - val_trimmed_mse_log_r: 0.0379 - val_full_mae_log_r: 0.0861 - val_full_mse_score: 1.4357 - val_trimmed_mse_score: 0.5321 - val_full_mae_score: 0.2371
Epoch 23/50
203s - loss: 0.6592 - full_cross_entropy: 0.6592 - trimmed_cross_entropy: 0.6541 - full_mse_log_r: 0.0392 - trimmed_mse_log_r: 0.0389 - full_mae_log_r: 0.0877 - full_mse_score: 1.4244 - trimmed_mse_score: 0.5267 - full_mae_score: 0.2388 - val_loss: 0.6595 - val_full_cross_entropy: 0.6595 - val_trimmed_cross_entropy: 0.6544 - val_full_mse_log_r: 0.0395 - val_trimmed_mse_log_r: 0.0392 - val_full_mae_log_r: 0.0844 - val_full_mse_score: 1.4246 - val_trimmed_mse_score: 0.5241 - val_full_mae_score: 0.2346
Epoch 24/50
203s - loss: 0.6592 - full_cross_entropy: 0.6592 - trimmed_cross_entropy: 0.6540 - full_mse_log_r: 0.0385 - trimmed_mse_log_r: 0.0382 - full_mae_log_r: 0.0873 - full_mse_score: 1.4158 - trimmed_mse_score: 0.5190 - full_mae_score: 0.2379 - val_loss: 0.6595 - val_full_cross_entropy: 0.6595 - val_trimmed_cross_entropy: 0.6544 - val_full_mse_log_r: 0.0369 - val_trimmed_mse_log_r: 0.0366 - val_full_mae_log_r: 0.0851 - val_full_mse_score: 1.4214 - val_trimmed_mse_score: 0.5227 - val_full_mae_score: 0.2347
Epoch 25/50
203s - loss: 0.6592 - full_cross_entropy: 0.6592 - trimmed_cross_entropy: 0.6540 - full_mse_log_r: 0.0376 - trimmed_mse_log_r: 0.0373 - full_mae_log_r: 0.0863 - full_mse_score: 1.4059 - trimmed_mse_score: 0.5128 - full_mae_score: 0.2368 - val_loss: 0.6595 - val_full_cross_entropy: 0.6595 - val_trimmed_cross_entropy: 0.6543 - val_full_mse_log_r: 0.0360 - val_trimmed_mse_log_r: 0.0357 - val_full_mae_log_r: 0.0856 - val_full_mse_score: 1.4094 - val_trimmed_mse_score: 0.5157 - val_full_mae_score: 0.2340
Epoch 26/50
203s - loss: 0.6591 - full_cross_entropy: 0.6591 - trimmed_cross_entropy: 0.6540 - full_mse_log_r: 0.0371 - trimmed_mse_log_r: 0.0368 - full_mae_log_r: 0.0860 - full_mse_score: 1.3966 - trimmed_mse_score: 0.5076 - full_mae_score: 0.2351 - val_loss: 0.6594 - val_full_cross_entropy: 0.6594 - val_trimmed_cross_entropy: 0.6543 - val_full_mse_log_r: 0.0364 - val_trimmed_mse_log_r: 0.0361 - val_full_mae_log_r: 0.0807 - val_full_mse_score: 1.4147 - val_trimmed_mse_score: 0.5188 - val_full_mae_score: 0.2366
Epoch 27/50
203s - loss: 0.6591 - full_cross_entropy: 0.6591 - trimmed_cross_entropy: 0.6539 - full_mse_log_r: 0.0364 - trimmed_mse_log_r: 0.0361 - full_mae_log_r: 0.0853 - full_mse_score: 1.3888 - trimmed_mse_score: 0.5020 - full_mae_score: 0.2348 - val_loss: 0.6595 - val_full_cross_entropy: 0.6595 - val_trimmed_cross_entropy: 0.6544 - val_full_mse_log_r: 0.0355 - val_trimmed_mse_log_r: 0.0352 - val_full_mae_log_r: 0.0849 - val_full_mse_score: 1.4060 - val_trimmed_mse_score: 0.5144 - val_full_mae_score: 0.2354
Epoch 28/50
203s - loss: 0.6590 - full_cross_entropy: 0.6590 - trimmed_cross_entropy: 0.6539 - full_mse_log_r: 0.0359 - trimmed_mse_log_r: 0.0356 - full_mae_log_r: 0.0850 - full_mse_score: 1.3825 - trimmed_mse_score: 0.4958 - full_mae_score: 0.2343 - val_loss: 0.6596 - val_full_cross_entropy: 0.6596 - val_trimmed_cross_entropy: 0.6544 - val_full_mse_log_r: 0.0352 - val_trimmed_mse_log_r: 0.0349 - val_full_mae_log_r: 0.0852 - val_full_mse_score: 1.3850 - val_trimmed_mse_score: 0.5004 - val_full_mae_score: 0.2323
Epoch 29/50
203s - loss: 0.6590 - full_cross_entropy: 0.6590 - trimmed_cross_entropy: 0.6539 - full_mse_log_r: 0.0353 - trimmed_mse_log_r: 0.0350 - full_mae_log_r: 0.0842 - full_mse_score: 1.3720 - trimmed_mse_score: 0.4891 - full_mae_score: 0.2334 - val_loss: 0.6595 - val_full_cross_entropy: 0.6595 - val_trimmed_cross_entropy: 0.6543 - val_full_mse_log_r: 0.0355 - val_trimmed_mse_log_r: 0.0352 - val_full_mae_log_r: 0.0834 - val_full_mse_score: 1.3953 - val_trimmed_mse_score: 0.5050 - val_full_mae_score: 0.2319
Epoch 30/50
203s - loss: 0.6590 - full_cross_entropy: 0.6590 - trimmed_cross_entropy: 0.6538 - full_mse_log_r: 0.0347 - trimmed_mse_log_r: 0.0345 - full_mae_log_r: 0.0839 - full_mse_score: 1.3656 - trimmed_mse_score: 0.4850 - full_mae_score: 0.2322 - val_loss: 0.6594 - val_full_cross_entropy: 0.6594 - val_trimmed_cross_entropy: 0.6542 - val_full_mse_log_r: 0.0357 - val_trimmed_mse_log_r: 0.0354 - val_full_mae_log_r: 0.0838 - val_full_mse_score: 1.3722 - val_trimmed_mse_score: 0.4917 - val_full_mae_score: 0.2320
Epoch 31/50
203s - loss: 0.6589 - full_cross_entropy: 0.6589 - trimmed_cross_entropy: 0.6538 - full_mse_log_r: 0.0343 - trimmed_mse_log_r: 0.0340 - full_mae_log_r: 0.0835 - full_mse_score: 1.3600 - trimmed_mse_score: 0.4827 - full_mae_score: 0.2317 - val_loss: 0.6593 - val_full_cross_entropy: 0.6593 - val_trimmed_cross_entropy: 0.6542 - val_full_mse_log_r: 0.0329 - val_trimmed_mse_log_r: 0.0327 - val_full_mae_log_r: 0.0812 - val_full_mse_score: 1.3597 - val_trimmed_mse_score: 0.4847 - val_full_mae_score: 0.2320
Epoch 32/50
203s - loss: 0.6589 - full_cross_entropy: 0.6589 - trimmed_cross_entropy: 0.6538 - full_mse_log_r: 0.0339 - trimmed_mse_log_r: 0.0336 - full_mae_log_r: 0.0833 - full_mse_score: 1.3529 - trimmed_mse_score: 0.4819 - full_mae_score: 0.2319 - val_loss: 0.6593 - val_full_cross_entropy: 0.6593 - val_trimmed_cross_entropy: 0.6542 - val_full_mse_log_r: 0.0343 - val_trimmed_mse_log_r: 0.0340 - val_full_mae_log_r: 0.0814 - val_full_mse_score: 1.3512 - val_trimmed_mse_score: 0.4788 - val_full_mae_score: 0.2284
Epoch 33/50
203s - loss: 0.6589 - full_cross_entropy: 0.6589 - trimmed_cross_entropy: 0.6537 - full_mse_log_r: 0.0334 - trimmed_mse_log_r: 0.0331 - full_mae_log_r: 0.0826 - full_mse_score: 1.3454 - trimmed_mse_score: 0.4714 - full_mae_score: 0.2306 - val_loss: 0.6593 - val_full_cross_entropy: 0.6593 - val_trimmed_cross_entropy: 0.6542 - val_full_mse_log_r: 0.0322 - val_trimmed_mse_log_r: 0.0319 - val_full_mae_log_r: 0.0789 - val_full_mse_score: 1.3464 - val_trimmed_mse_score: 0.4775 - val_full_mae_score: 0.2280
Epoch 34/50
203s - loss: 0.6589 - full_cross_entropy: 0.6589 - trimmed_cross_entropy: 0.6537 - full_mse_log_r: 0.0330 - trimmed_mse_log_r: 0.0327 - full_mae_log_r: 0.0825 - full_mse_score: 1.3386 - trimmed_mse_score: 0.4724 - full_mae_score: 0.2308 - val_loss: 0.6594 - val_full_cross_entropy: 0.6594 - val_trimmed_cross_entropy: 0.6543 - val_full_mse_log_r: 0.0336 - val_trimmed_mse_log_r: 0.0333 - val_full_mae_log_r: 0.0845 - val_full_mse_score: 1.3472 - val_trimmed_mse_score: 0.4765 - val_full_mae_score: 0.2289
Epoch 35/50
203s - loss: 0.6588 - full_cross_entropy: 0.6588 - trimmed_cross_entropy: 0.6537 - full_mse_log_r: 0.0327 - trimmed_mse_log_r: 0.0325 - full_mae_log_r: 0.0824 - full_mse_score: 1.3336 - trimmed_mse_score: 0.4679 - full_mae_score: 0.2301 - val_loss: 0.6593 - val_full_cross_entropy: 0.6593 - val_trimmed_cross_entropy: 0.6542 - val_full_mse_log_r: 0.0330 - val_trimmed_mse_log_r: 0.0327 - val_full_mae_log_r: 0.0822 - val_full_mse_score: 1.3495 - val_trimmed_mse_score: 0.4806 - val_full_mae_score: 0.2307
Epoch 36/50
203s - loss: 0.6588 - full_cross_entropy: 0.6588 - trimmed_cross_entropy: 0.6537 - full_mse_log_r: 0.0323 - trimmed_mse_log_r: 0.0321 - full_mae_log_r: 0.0821 - full_mse_score: 1.3302 - trimmed_mse_score: 0.4676 - full_mae_score: 0.2301 - val_loss: 0.6593 - val_full_cross_entropy: 0.6593 - val_trimmed_cross_entropy: 0.6542 - val_full_mse_log_r: 0.0319 - val_trimmed_mse_log_r: 0.0317 - val_full_mae_log_r: 0.0805 - val_full_mse_score: 1.3429 - val_trimmed_mse_score: 0.4755 - val_full_mae_score: 0.2296
Epoch 37/50
203s - loss: 0.6588 - full_cross_entropy: 0.6588 - trimmed_cross_entropy: 0.6536 - full_mse_log_r: 0.0321 - trimmed_mse_log_r: 0.0318 - full_mae_log_r: 0.0821 - full_mse_score: 1.3220 - trimmed_mse_score: 0.4577 - full_mae_score: 0.2291 - val_loss: 0.6595 - val_full_cross_entropy: 0.6595 - val_trimmed_cross_entropy: 0.6544 - val_full_mse_log_r: 0.0338 - val_trimmed_mse_log_r: 0.0336 - val_full_mae_log_r: 0.0928 - val_full_mse_score: 1.3349 - val_trimmed_mse_score: 0.4692 - val_full_mae_score: 0.2275
Epoch 38/50
203s - loss: 0.6588 - full_cross_entropy: 0.6588 - trimmed_cross_entropy: 0.6536 - full_mse_log_r: 0.0317 - trimmed_mse_log_r: 0.0315 - full_mae_log_r: 0.0817 - full_mse_score: 1.3182 - trimmed_mse_score: 0.4620 - full_mae_score: 0.2291 - val_loss: 0.6594 - val_full_cross_entropy: 0.6594 - val_trimmed_cross_entropy: 0.6543 - val_full_mse_log_r: 0.0320 - val_trimmed_mse_log_r: 0.0318 - val_full_mae_log_r: 0.0872 - val_full_mse_score: 1.3207 - val_trimmed_mse_score: 0.4613 - val_full_mae_score: 0.2268
Epoch 39/50
203s - loss: 0.6587 - full_cross_entropy: 0.6587 - trimmed_cross_entropy: 0.6536 - full_mse_log_r: 0.0314 - trimmed_mse_log_r: 0.0312 - full_mae_log_r: 0.0813 - full_mse_score: 1.3127 - trimmed_mse_score: 0.4563 - full_mae_score: 0.2284 - val_loss: 0.6593 - val_full_cross_entropy: 0.6593 - val_trimmed_cross_entropy: 0.6542 - val_full_mse_log_r: 0.0316 - val_trimmed_mse_log_r: 0.0314 - val_full_mae_log_r: 0.0805 - val_full_mse_score: 1.3271 - val_trimmed_mse_score: 0.4658 - val_full_mae_score: 0.2286
Epoch 40/50
197s - loss: 0.6587 - full_cross_entropy: 0.6587 - trimmed_cross_entropy: 0.6536 - full_mse_log_r: 0.0313 - trimmed_mse_log_r: 0.0311 - full_mae_log_r: 0.0816 - full_mse_score: 1.3067 - trimmed_mse_score: 0.4517 - full_mae_score: 0.2284 - val_loss: 0.6594 - val_full_cross_entropy: 0.6594 - val_trimmed_cross_entropy: 0.6542 - val_full_mse_log_r: 0.0320 - val_trimmed_mse_log_r: 0.0318 - val_full_mae_log_r: 0.0866 - val_full_mse_score: 1.3142 - val_trimmed_mse_score: 0.4582 - val_full_mae_score: 0.2289
Epoch 41/50
202s - loss: 0.6587 - full_cross_entropy: 0.6587 - trimmed_cross_entropy: 0.6536 - full_mse_log_r: 0.0309 - trimmed_mse_log_r: 0.0307 - full_mae_log_r: 0.0813 - full_mse_score: 1.3050 - trimmed_mse_score: 0.4492 - full_mae_score: 0.2282 - val_loss: 0.6594 - val_full_cross_entropy: 0.6594 - val_trimmed_cross_entropy: 0.6542 - val_full_mse_log_r: 0.0325 - val_trimmed_mse_log_r: 0.0323 - val_full_mae_log_r: 0.0831 - val_full_mse_score: 1.3223 - val_trimmed_mse_score: 0.4607 - val_full_mae_score: 0.2273
Epoch 42/50
203s - loss: 0.6587 - full_cross_entropy: 0.6587 - trimmed_cross_entropy: 0.6535 - full_mse_log_r: 0.0308 - trimmed_mse_log_r: 0.0306 - full_mae_log_r: 0.0813 - full_mse_score: 1.3011 - trimmed_mse_score: 0.4496 - full_mae_score: 0.2283 - val_loss: 0.6593 - val_full_cross_entropy: 0.6593 - val_trimmed_cross_entropy: 0.6542 - val_full_mse_log_r: 0.0313 - val_trimmed_mse_log_r: 0.0311 - val_full_mae_log_r: 0.0801 - val_full_mse_score: 1.3214 - val_trimmed_mse_score: 0.4610 - val_full_mae_score: 0.2279
Epoch 43/50
203s - loss: 0.6587 - full_cross_entropy: 0.6587 - trimmed_cross_entropy: 0.6535 - full_mse_log_r: 0.0306 - trimmed_mse_log_r: 0.0303 - full_mae_log_r: 0.0811 - full_mse_score: 1.2946 - trimmed_mse_score: 0.4422 - full_mae_score: 0.2277 - val_loss: 0.6593 - val_full_cross_entropy: 0.6593 - val_trimmed_cross_entropy: 0.6541 - val_full_mse_log_r: 0.0301 - val_trimmed_mse_log_r: 0.0299 - val_full_mae_log_r: 0.0811 - val_full_mse_score: 1.2962 - val_trimmed_mse_score: 0.4468 - val_full_mae_score: 0.2268
Epoch 44/50
201s - loss: 0.6587 - full_cross_entropy: 0.6587 - trimmed_cross_entropy: 0.6535 - full_mse_log_r: 0.0302 - trimmed_mse_log_r: 0.0299 - full_mae_log_r: 0.0807 - full_mse_score: 1.2920 - trimmed_mse_score: 0.4445 - full_mae_score: 0.2276 - val_loss: 0.6593 - val_full_cross_entropy: 0.6593 - val_trimmed_cross_entropy: 0.6542 - val_full_mse_log_r: 0.0299 - val_trimmed_mse_log_r: 0.0296 - val_full_mae_log_r: 0.0779 - val_full_mse_score: 1.3015 - val_trimmed_mse_score: 0.4506 - val_full_mae_score: 0.2256
Epoch 45/50
200s - loss: 0.6586 - full_cross_entropy: 0.6586 - trimmed_cross_entropy: 0.6535 - full_mse_log_r: 0.0301 - trimmed_mse_log_r: 0.0299 - full_mae_log_r: 0.0807 - full_mse_score: 1.2865 - trimmed_mse_score: 0.4415 - full_mae_score: 0.2277 - val_loss: 0.6594 - val_full_cross_entropy: 0.6594 - val_trimmed_cross_entropy: 0.6542 - val_full_mse_log_r: 0.0315 - val_trimmed_mse_log_r: 0.0312 - val_full_mae_log_r: 0.0872 - val_full_mse_score: 1.3031 - val_trimmed_mse_score: 0.4511 - val_full_mae_score: 0.2277
Epoch 46/50
203s - loss: 0.6586 - full_cross_entropy: 0.6586 - trimmed_cross_entropy: 0.6535 - full_mse_log_r: 0.0299 - trimmed_mse_log_r: 0.0297 - full_mae_log_r: 0.0808 - full_mse_score: 1.2840 - trimmed_mse_score: 0.4367 - full_mae_score: 0.2277 - val_loss: 0.6593 - val_full_cross_entropy: 0.6593 - val_trimmed_cross_entropy: 0.6541 - val_full_mse_log_r: 0.0301 - val_trimmed_mse_log_r: 0.0299 - val_full_mae_log_r: 0.0807 - val_full_mse_score: 1.2911 - val_trimmed_mse_score: 0.4459 - val_full_mae_score: 0.2300
Epoch 47/50
203s - loss: 0.6586 - full_cross_entropy: 0.6586 - trimmed_cross_entropy: 0.6534 - full_mse_log_r: 0.0299 - trimmed_mse_log_r: 0.0297 - full_mae_log_r: 0.0812 - full_mse_score: 1.2802 - trimmed_mse_score: 0.4362 - full_mae_score: 0.2284 - val_loss: 0.6593 - val_full_cross_entropy: 0.6593 - val_trimmed_cross_entropy: 0.6541 - val_full_mse_log_r: 0.0304 - val_trimmed_mse_log_r: 0.0301 - val_full_mae_log_r: 0.0793 - val_full_mse_score: 1.3042 - val_trimmed_mse_score: 0.4531 - val_full_mae_score: 0.2296
Epoch 48/50
203s - loss: 0.6586 - full_cross_entropy: 0.6586 - trimmed_cross_entropy: 0.6534 - full_mse_log_r: 0.0296 - trimmed_mse_log_r: 0.0293 - full_mae_log_r: 0.0808 - full_mse_score: 1.2776 - trimmed_mse_score: 0.4348 - full_mae_score: 0.2282 - val_loss: 0.6593 - val_full_cross_entropy: 0.6593 - val_trimmed_cross_entropy: 0.6541 - val_full_mse_log_r: 0.0300 - val_trimmed_mse_log_r: 0.0297 - val_full_mae_log_r: 0.0789 - val_full_mse_score: 1.2836 - val_trimmed_mse_score: 0.4414 - val_full_mae_score: 0.2274
Epoch 49/50
203s - loss: 0.6586 - full_cross_entropy: 0.6586 - trimmed_cross_entropy: 0.6534 - full_mse_log_r: 0.0295 - trimmed_mse_log_r: 0.0293 - full_mae_log_r: 0.0808 - full_mse_score: 1.2737 - trimmed_mse_score: 0.4339 - full_mae_score: 0.2281 - val_loss: 0.6591 - val_full_cross_entropy: 0.6591 - val_trimmed_cross_entropy: 0.6540 - val_full_mse_log_r: 0.0281 - val_trimmed_mse_log_r: 0.0279 - val_full_mae_log_r: 0.0771 - val_full_mse_score: 1.2777 - val_trimmed_mse_score: 0.4388 - val_full_mae_score: 0.2297
Epoch 50/50
203s - loss: 0.6585 - full_cross_entropy: 0.6585 - trimmed_cross_entropy: 0.6534 - full_mse_log_r: 0.0295 - trimmed_mse_log_r: 0.0293 - full_mae_log_r: 0.0813 - full_mse_score: 1.2714 - trimmed_mse_score: 0.4307 - full_mae_score: 0.2291 - val_loss: 0.6592 - val_full_cross_entropy: 0.6592 - val_trimmed_cross_entropy: 0.6541 - val_full_mse_log_r: 0.0284 - val_trimmed_mse_log_r: 0.0282 - val_full_mae_log_r: 0.0797 - val_full_mse_score: 1.2722 - val_trimmed_mse_score: 0.4372 - val_full_mae_score: 0.2275
15.02.2018 20:37:09 INFO    Starting evaluation
15.02.2018 20:57:49 INFO    Starting roaming
15.02.2018 20:57:54 INFO    Starting calibrated evaluation and roaming
16.02.2018 00:11:25 INFO    Interpolating calibrated roaming
16.02.2018 00:12:53 INFO    That's it -- have a great day!
Using TensorFlow backend.
16.02.2018 00:12:55 INFO    Hi! How are you today?
16.02.2018 00:12:55 INFO    Startup options:
16.02.2018 00:12:55 INFO      Algorithm:                     carl
16.02.2018 00:12:55 INFO      Point by point:                False
16.02.2018 00:12:55 INFO      Morphing-aware mode:           False
16.02.2018 00:12:55 INFO      Smeared data:                  False
16.02.2018 00:12:55 INFO      Training sample:               baseline
16.02.2018 00:12:55 INFO      AFC X indices:                 [1, 38, 39, 40, 41]
16.02.2018 00:12:55 INFO      alpha:                         None
16.02.2018 00:12:55 INFO      AFC epsilon:                   None
16.02.2018 00:12:55 INFO      Neyman construction toys:      False
16.02.2018 00:12:55 INFO      Other options:                 ['constantlr']
16.02.2018 00:12:55 INFO      Base directory:                /home/jb6504/higgs_inference
16.02.2018 00:12:55 INFO      ML-based strategies available: True
16.02.2018 00:12:55 INFO    Starting parameterized inference
16.02.2018 00:12:55 INFO    Main settings:
16.02.2018 00:12:55 INFO      Algorithm:                carl
16.02.2018 00:12:55 INFO      Morphing-aware:           False
16.02.2018 00:12:55 INFO      Training sample:          baseline
16.02.2018 00:12:55 INFO    Options:
16.02.2018 00:12:55 INFO      Number of hidden layers:  2
16.02.2018 00:12:55 INFO      Batch size:               128
16.02.2018 00:12:55 INFO      Learning rate:            0.001
16.02.2018 00:12:55 INFO      Learning rate decay:      0.0
16.02.2018 00:12:55 INFO      Number of epochs:         50
16.02.2018 00:12:55 INFO      Debug mode:               False
16.02.2018 00:13:24 INFO    Starting training
Train on 7995920 samples, validate on 1998980 samples
Epoch 1/50
2018-02-16 00:13:25.131138: W tensorflow/core/platform/cpu_feature_guard.cc:45] The TensorFlow library wasn't compiled to use SSE4.1 instructions, but these are available on your machine and could speed up CPU computations.
2018-02-16 00:13:25.132879: W tensorflow/core/platform/cpu_feature_guard.cc:45] The TensorFlow library wasn't compiled to use SSE4.2 instructions, but these are available on your machine and could speed up CPU computations.
2018-02-16 00:13:25.132890: W tensorflow/core/platform/cpu_feature_guard.cc:45] The TensorFlow library wasn't compiled to use AVX instructions, but these are available on your machine and could speed up CPU computations.
2018-02-16 00:13:25.132895: W tensorflow/core/platform/cpu_feature_guard.cc:45] The TensorFlow library wasn't compiled to use AVX2 instructions, but these are available on your machine and could speed up CPU computations.
2018-02-16 00:13:25.132899: W tensorflow/core/platform/cpu_feature_guard.cc:45] The TensorFlow library wasn't compiled to use FMA instructions, but these are available on your machine and could speed up CPU computations.
2018-02-16 00:13:25.439680: I tensorflow/core/common_runtime/gpu/gpu_device.cc:940] Found device 0 with properties: 
name: Tesla K80
major: 3 minor: 7 memoryClockRate (GHz) 0.8235
pciBusID 0000:85:00.0
Total memory: 11.17GiB
Free memory: 11.10GiB
2018-02-16 00:13:25.439722: I tensorflow/core/common_runtime/gpu/gpu_device.cc:961] DMA: 0 
2018-02-16 00:13:25.439729: I tensorflow/core/common_runtime/gpu/gpu_device.cc:971] 0:   Y 
2018-02-16 00:13:25.439738: I tensorflow/core/common_runtime/gpu/gpu_device.cc:1030] Creating TensorFlow device (/gpu:0) -> (device: 0, name: Tesla K80, pci bus id: 0000:85:00.0)
397s - loss: 0.6664 - full_cross_entropy: 0.6664 - trimmed_cross_entropy: 0.6560 - full_mse_log_r: 0.1382 - trimmed_mse_log_r: 0.1360 - full_mae_log_r: 0.1847 - full_mse_score: 1.9261 - trimmed_mse_score: 0.6889 - full_mae_score: 0.3915 - val_loss: 0.6626 - val_full_cross_entropy: 0.6626 - val_trimmed_cross_entropy: 0.6523 - val_full_mse_log_r: 0.0847 - val_trimmed_mse_log_r: 0.0833 - val_full_mae_log_r: 0.1400 - val_full_mse_score: 1.7464 - val_trimmed_mse_score: 0.5509 - val_full_mae_score: 0.3491
Epoch 2/50
390s - loss: 0.6626 - full_cross_entropy: 0.6626 - trimmed_cross_entropy: 0.6522 - full_mse_log_r: 0.0806 - trimmed_mse_log_r: 0.0793 - full_mae_log_r: 0.1481 - full_mse_score: 1.7292 - trimmed_mse_score: 0.5566 - full_mae_score: 0.3734 - val_loss: 0.6616 - val_full_cross_entropy: 0.6616 - val_trimmed_cross_entropy: 0.6512 - val_full_mse_log_r: 0.0688 - val_trimmed_mse_log_r: 0.0677 - val_full_mae_log_r: 0.1240 - val_full_mse_score: 1.7112 - val_trimmed_mse_score: 0.5431 - val_full_mae_score: 0.3741
Epoch 3/50
393s - loss: 0.6622 - full_cross_entropy: 0.6622 - trimmed_cross_entropy: 0.6519 - full_mse_log_r: 0.0747 - trimmed_mse_log_r: 0.0736 - full_mae_log_r: 0.1452 - full_mse_score: 1.7163 - trimmed_mse_score: 0.5588 - full_mae_score: 0.3886 - val_loss: 0.6619 - val_full_cross_entropy: 0.6619 - val_trimmed_cross_entropy: 0.6515 - val_full_mse_log_r: 0.0684 - val_trimmed_mse_log_r: 0.0673 - val_full_mae_log_r: 0.1328 - val_full_mse_score: 1.7482 - val_trimmed_mse_score: 0.5750 - val_full_mae_score: 0.3999
Epoch 4/50
389s - loss: 0.6621 - full_cross_entropy: 0.6621 - trimmed_cross_entropy: 0.6518 - full_mse_log_r: 0.0719 - trimmed_mse_log_r: 0.0707 - full_mae_log_r: 0.1447 - full_mse_score: 1.7243 - trimmed_mse_score: 0.5692 - full_mae_score: 0.4003 - val_loss: 0.6619 - val_full_cross_entropy: 0.6619 - val_trimmed_cross_entropy: 0.6516 - val_full_mse_log_r: 0.0702 - val_trimmed_mse_log_r: 0.0691 - val_full_mae_log_r: 0.1333 - val_full_mse_score: 1.8094 - val_trimmed_mse_score: 0.6263 - val_full_mae_score: 0.4171
Epoch 5/50
395s - loss: 0.6620 - full_cross_entropy: 0.6620 - trimmed_cross_entropy: 0.6516 - full_mse_log_r: 0.0703 - trimmed_mse_log_r: 0.0692 - full_mae_log_r: 0.1448 - full_mse_score: 1.7384 - trimmed_mse_score: 0.5868 - full_mae_score: 0.4123 - val_loss: 0.6632 - val_full_cross_entropy: 0.6632 - val_trimmed_cross_entropy: 0.6528 - val_full_mse_log_r: 0.0831 - val_trimmed_mse_log_r: 0.0818 - val_full_mae_log_r: 0.1743 - val_full_mse_score: 1.7539 - val_trimmed_mse_score: 0.6027 - val_full_mae_score: 0.4210
Epoch 6/50
396s - loss: 0.6619 - full_cross_entropy: 0.6619 - trimmed_cross_entropy: 0.6515 - full_mse_log_r: 0.0686 - trimmed_mse_log_r: 0.0676 - full_mae_log_r: 0.1438 - full_mse_score: 1.7523 - trimmed_mse_score: 0.6059 - full_mae_score: 0.4270 - val_loss: 0.6629 - val_full_cross_entropy: 0.6629 - val_trimmed_cross_entropy: 0.6525 - val_full_mse_log_r: 0.0770 - val_trimmed_mse_log_r: 0.0758 - val_full_mae_log_r: 0.1625 - val_full_mse_score: 1.7823 - val_trimmed_mse_score: 0.6210 - val_full_mae_score: 0.4353
Epoch 7/50
396s - loss: 0.6618 - full_cross_entropy: 0.6618 - trimmed_cross_entropy: 0.6515 - full_mse_log_r: 0.0674 - trimmed_mse_log_r: 0.0664 - full_mae_log_r: 0.1432 - full_mse_score: 1.7667 - trimmed_mse_score: 0.6192 - full_mae_score: 0.4372 - val_loss: 0.6617 - val_full_cross_entropy: 0.6617 - val_trimmed_cross_entropy: 0.6513 - val_full_mse_log_r: 0.0653 - val_trimmed_mse_log_r: 0.0643 - val_full_mae_log_r: 0.1372 - val_full_mse_score: 1.7731 - val_trimmed_mse_score: 0.6268 - val_full_mae_score: 0.4382
Epoch 8/50
395s - loss: 0.6617 - full_cross_entropy: 0.6617 - trimmed_cross_entropy: 0.6514 - full_mse_log_r: 0.0660 - trimmed_mse_log_r: 0.0650 - full_mae_log_r: 0.1422 - full_mse_score: 1.7775 - trimmed_mse_score: 0.6318 - full_mae_score: 0.4474 - val_loss: 0.6630 - val_full_cross_entropy: 0.6630 - val_trimmed_cross_entropy: 0.6526 - val_full_mse_log_r: 0.0770 - val_trimmed_mse_log_r: 0.0758 - val_full_mae_log_r: 0.1709 - val_full_mse_score: 1.7517 - val_trimmed_mse_score: 0.6246 - val_full_mae_score: 0.4587
Epoch 9/50
396s - loss: 0.6617 - full_cross_entropy: 0.6617 - trimmed_cross_entropy: 0.6513 - full_mse_log_r: 0.0656 - trimmed_mse_log_r: 0.0646 - full_mae_log_r: 0.1424 - full_mse_score: 1.7968 - trimmed_mse_score: 0.6511 - full_mae_score: 0.4580 - val_loss: 0.6618 - val_full_cross_entropy: 0.6618 - val_trimmed_cross_entropy: 0.6514 - val_full_mse_log_r: 0.0643 - val_trimmed_mse_log_r: 0.0633 - val_full_mae_log_r: 0.1456 - val_full_mse_score: 1.8238 - val_trimmed_mse_score: 0.6660 - val_full_mae_score: 0.4670
Epoch 10/50
396s - loss: 0.6616 - full_cross_entropy: 0.6616 - trimmed_cross_entropy: 0.6512 - full_mse_log_r: 0.0650 - trimmed_mse_log_r: 0.0640 - full_mae_log_r: 0.1417 - full_mse_score: 1.8146 - trimmed_mse_score: 0.6631 - full_mae_score: 0.4636 - val_loss: 0.6611 - val_full_cross_entropy: 0.6611 - val_trimmed_cross_entropy: 0.6508 - val_full_mse_log_r: 0.0592 - val_trimmed_mse_log_r: 0.0583 - val_full_mae_log_r: 0.1259 - val_full_mse_score: 1.7800 - val_trimmed_mse_score: 0.6479 - val_full_mae_score: 0.4631
Epoch 11/50
396s - loss: 0.6615 - full_cross_entropy: 0.6615 - trimmed_cross_entropy: 0.6512 - full_mse_log_r: 0.0644 - trimmed_mse_log_r: 0.0634 - full_mae_log_r: 0.1414 - full_mse_score: 1.8302 - trimmed_mse_score: 0.6818 - full_mae_score: 0.4710 - val_loss: 0.6616 - val_full_cross_entropy: 0.6616 - val_trimmed_cross_entropy: 0.6513 - val_full_mse_log_r: 0.0621 - val_trimmed_mse_log_r: 0.0611 - val_full_mae_log_r: 0.1413 - val_full_mse_score: 1.8053 - val_trimmed_mse_score: 0.6673 - val_full_mae_score: 0.4621
Epoch 12/50
396s - loss: 0.6615 - full_cross_entropy: 0.6615 - trimmed_cross_entropy: 0.6511 - full_mse_log_r: 0.0642 - trimmed_mse_log_r: 0.0632 - full_mae_log_r: 0.1409 - full_mse_score: 1.8604 - trimmed_mse_score: 0.7069 - full_mae_score: 0.4838 - val_loss: 0.6616 - val_full_cross_entropy: 0.6616 - val_trimmed_cross_entropy: 0.6513 - val_full_mse_log_r: 0.0660 - val_trimmed_mse_log_r: 0.0650 - val_full_mae_log_r: 0.1357 - val_full_mse_score: 1.9194 - val_trimmed_mse_score: 0.7591 - val_full_mae_score: 0.5039
Epoch 13/50
396s - loss: 0.6615 - full_cross_entropy: 0.6615 - trimmed_cross_entropy: 0.6512 - full_mse_log_r: 0.0639 - trimmed_mse_log_r: 0.0629 - full_mae_log_r: 0.1409 - full_mse_score: 1.8825 - trimmed_mse_score: 0.7267 - full_mae_score: 0.4950 - val_loss: 0.6620 - val_full_cross_entropy: 0.6620 - val_trimmed_cross_entropy: 0.6517 - val_full_mse_log_r: 0.0689 - val_trimmed_mse_log_r: 0.0678 - val_full_mae_log_r: 0.1429 - val_full_mse_score: 1.9061 - val_trimmed_mse_score: 0.7402 - val_full_mae_score: 0.4878
Epoch 14/50
397s - loss: 0.6615 - full_cross_entropy: 0.6615 - trimmed_cross_entropy: 0.6511 - full_mse_log_r: 0.0641 - trimmed_mse_log_r: 0.0631 - full_mae_log_r: 0.1410 - full_mse_score: 1.9187 - trimmed_mse_score: 0.7559 - full_mae_score: 0.5056 - val_loss: 0.6615 - val_full_cross_entropy: 0.6615 - val_trimmed_cross_entropy: 0.6511 - val_full_mse_log_r: 0.0621 - val_trimmed_mse_log_r: 0.0611 - val_full_mae_log_r: 0.1306 - val_full_mse_score: 1.9153 - val_trimmed_mse_score: 0.7501 - val_full_mae_score: 0.5055
Epoch 15/50
396s - loss: 0.6614 - full_cross_entropy: 0.6614 - trimmed_cross_entropy: 0.6511 - full_mse_log_r: 0.0632 - trimmed_mse_log_r: 0.0622 - full_mae_log_r: 0.1410 - full_mse_score: 1.9136 - trimmed_mse_score: 0.7596 - full_mae_score: 0.5110 - val_loss: 0.6611 - val_full_cross_entropy: 0.6611 - val_trimmed_cross_entropy: 0.6508 - val_full_mse_log_r: 0.0578 - val_trimmed_mse_log_r: 0.0569 - val_full_mae_log_r: 0.1173 - val_full_mse_score: 1.9453 - val_trimmed_mse_score: 0.7562 - val_full_mae_score: 0.4959
Epoch 16/50
396s - loss: 0.6614 - full_cross_entropy: 0.6614 - trimmed_cross_entropy: 0.6510 - full_mse_log_r: 0.0631 - trimmed_mse_log_r: 0.0621 - full_mae_log_r: 0.1399 - full_mse_score: 1.9493 - trimmed_mse_score: 0.7835 - full_mae_score: 0.5189 - val_loss: 0.6640 - val_full_cross_entropy: 0.6640 - val_trimmed_cross_entropy: 0.6537 - val_full_mse_log_r: 0.0845 - val_trimmed_mse_log_r: 0.0832 - val_full_mae_log_r: 0.1996 - val_full_mse_score: 1.9946 - val_trimmed_mse_score: 0.8135 - val_full_mae_score: 0.5243
Epoch 17/50
396s - loss: 0.6614 - full_cross_entropy: 0.6614 - trimmed_cross_entropy: 0.6511 - full_mse_log_r: 0.0638 - trimmed_mse_log_r: 0.0628 - full_mae_log_r: 0.1415 - full_mse_score: 1.9640 - trimmed_mse_score: 0.7971 - full_mae_score: 0.5243 - val_loss: 0.6620 - val_full_cross_entropy: 0.6620 - val_trimmed_cross_entropy: 0.6516 - val_full_mse_log_r: 0.0647 - val_trimmed_mse_log_r: 0.0637 - val_full_mae_log_r: 0.1538 - val_full_mse_score: 1.9006 - val_trimmed_mse_score: 0.7775 - val_full_mae_score: 0.5212
Epoch 18/50
396s - loss: 0.6613 - full_cross_entropy: 0.6613 - trimmed_cross_entropy: 0.6510 - full_mse_log_r: 0.0626 - trimmed_mse_log_r: 0.0616 - full_mae_log_r: 0.1403 - full_mse_score: 1.9678 - trimmed_mse_score: 0.8040 - full_mae_score: 0.5265 - val_loss: 0.6619 - val_full_cross_entropy: 0.6619 - val_trimmed_cross_entropy: 0.6516 - val_full_mse_log_r: 0.0641 - val_trimmed_mse_log_r: 0.0631 - val_full_mae_log_r: 0.1453 - val_full_mse_score: 2.0383 - val_trimmed_mse_score: 0.8743 - val_full_mae_score: 0.5657
Epoch 19/50
396s - loss: 0.6613 - full_cross_entropy: 0.6613 - trimmed_cross_entropy: 0.6510 - full_mse_log_r: 0.0626 - trimmed_mse_log_r: 0.0616 - full_mae_log_r: 0.1401 - full_mse_score: 1.9876 - trimmed_mse_score: 0.8200 - full_mae_score: 0.5344 - val_loss: 0.6621 - val_full_cross_entropy: 0.6621 - val_trimmed_cross_entropy: 0.6517 - val_full_mse_log_r: 0.0639 - val_trimmed_mse_log_r: 0.0629 - val_full_mae_log_r: 0.1480 - val_full_mse_score: 2.0583 - val_trimmed_mse_score: 0.8617 - val_full_mae_score: 0.5444
Epoch 20/50
395s - loss: 0.6613 - full_cross_entropy: 0.6613 - trimmed_cross_entropy: 0.6510 - full_mse_log_r: 0.0627 - trimmed_mse_log_r: 0.0617 - full_mae_log_r: 0.1405 - full_mse_score: 2.0152 - trimmed_mse_score: 0.8477 - full_mae_score: 0.5478 - val_loss: 0.6615 - val_full_cross_entropy: 0.6615 - val_trimmed_cross_entropy: 0.6511 - val_full_mse_log_r: 0.0608 - val_trimmed_mse_log_r: 0.0598 - val_full_mae_log_r: 0.1376 - val_full_mse_score: 1.9555 - val_trimmed_mse_score: 0.7897 - val_full_mae_score: 0.5160
Epoch 21/50
396s - loss: 0.6612 - full_cross_entropy: 0.6612 - trimmed_cross_entropy: 0.6509 - full_mse_log_r: 0.0624 - trimmed_mse_log_r: 0.0614 - full_mae_log_r: 0.1405 - full_mse_score: 2.0332 - trimmed_mse_score: 0.8637 - full_mae_score: 0.5537 - val_loss: 0.6613 - val_full_cross_entropy: 0.6613 - val_trimmed_cross_entropy: 0.6509 - val_full_mse_log_r: 0.0592 - val_trimmed_mse_log_r: 0.0582 - val_full_mae_log_r: 0.1229 - val_full_mse_score: 2.0551 - val_trimmed_mse_score: 0.8582 - val_full_mae_score: 0.5361
Epoch 22/50
396s - loss: 0.6613 - full_cross_entropy: 0.6613 - trimmed_cross_entropy: 0.6509 - full_mse_log_r: 0.0617 - trimmed_mse_log_r: 0.0607 - full_mae_log_r: 0.1397 - full_mse_score: 2.0377 - trimmed_mse_score: 0.8724 - full_mae_score: 0.5574 - val_loss: 0.6610 - val_full_cross_entropy: 0.6610 - val_trimmed_cross_entropy: 0.6507 - val_full_mse_log_r: 0.0545 - val_trimmed_mse_log_r: 0.0537 - val_full_mae_log_r: 0.1172 - val_full_mse_score: 2.0468 - val_trimmed_mse_score: 0.8835 - val_full_mae_score: 0.5644
Epoch 23/50
396s - loss: 0.6613 - full_cross_entropy: 0.6613 - trimmed_cross_entropy: 0.6509 - full_mse_log_r: 0.0628 - trimmed_mse_log_r: 0.0618 - full_mae_log_r: 0.1409 - full_mse_score: 2.0770 - trimmed_mse_score: 0.8977 - full_mae_score: 0.5632 - val_loss: 0.6623 - val_full_cross_entropy: 0.6623 - val_trimmed_cross_entropy: 0.6520 - val_full_mse_log_r: 0.0675 - val_trimmed_mse_log_r: 0.0665 - val_full_mae_log_r: 0.1574 - val_full_mse_score: 2.0801 - val_trimmed_mse_score: 0.8965 - val_full_mae_score: 0.5625
Epoch 24/50
396s - loss: 0.6612 - full_cross_entropy: 0.6612 - trimmed_cross_entropy: 0.6509 - full_mse_log_r: 0.0621 - trimmed_mse_log_r: 0.0611 - full_mae_log_r: 0.1400 - full_mse_score: 2.0834 - trimmed_mse_score: 0.9044 - full_mae_score: 0.5674 - val_loss: 0.6617 - val_full_cross_entropy: 0.6617 - val_trimmed_cross_entropy: 0.6514 - val_full_mse_log_r: 0.0622 - val_trimmed_mse_log_r: 0.0612 - val_full_mae_log_r: 0.1419 - val_full_mse_score: 2.1696 - val_trimmed_mse_score: 0.9382 - val_full_mae_score: 0.5599
Epoch 25/50
396s - loss: 0.6613 - full_cross_entropy: 0.6613 - trimmed_cross_entropy: 0.6510 - full_mse_log_r: 0.0636 - trimmed_mse_log_r: 0.0626 - full_mae_log_r: 0.1414 - full_mse_score: 2.1268 - trimmed_mse_score: 0.9367 - full_mae_score: 0.5758 - val_loss: 0.6618 - val_full_cross_entropy: 0.6618 - val_trimmed_cross_entropy: 0.6514 - val_full_mse_log_r: 0.0634 - val_trimmed_mse_log_r: 0.0624 - val_full_mae_log_r: 0.1463 - val_full_mse_score: 2.2188 - val_trimmed_mse_score: 0.9974 - val_full_mae_score: 0.5893
Epoch 26/50
396s - loss: 0.6612 - full_cross_entropy: 0.6612 - trimmed_cross_entropy: 0.6509 - full_mse_log_r: 0.0630 - trimmed_mse_log_r: 0.0620 - full_mae_log_r: 0.1416 - full_mse_score: 2.1363 - trimmed_mse_score: 0.9491 - full_mae_score: 0.5773 - val_loss: 0.6628 - val_full_cross_entropy: 0.6628 - val_trimmed_cross_entropy: 0.6524 - val_full_mse_log_r: 0.0725 - val_trimmed_mse_log_r: 0.0714 - val_full_mae_log_r: 0.1637 - val_full_mse_score: 2.1774 - val_trimmed_mse_score: 0.9878 - val_full_mae_score: 0.6071
Epoch 27/50
398s - loss: 0.6612 - full_cross_entropy: 0.6612 - trimmed_cross_entropy: 0.6509 - full_mse_log_r: 0.0631 - trimmed_mse_log_r: 0.0621 - full_mae_log_r: 0.1416 - full_mse_score: 2.1654 - trimmed_mse_score: 0.9715 - full_mae_score: 0.5857 - val_loss: 0.6626 - val_full_cross_entropy: 0.6626 - val_trimmed_cross_entropy: 0.6522 - val_full_mse_log_r: 0.0674 - val_trimmed_mse_log_r: 0.0663 - val_full_mae_log_r: 0.1691 - val_full_mse_score: 2.2023 - val_trimmed_mse_score: 0.9891 - val_full_mae_score: 0.5917
Epoch 28/50
396s - loss: 0.6612 - full_cross_entropy: 0.6612 - trimmed_cross_entropy: 0.6509 - full_mse_log_r: 0.0622 - trimmed_mse_log_r: 0.0612 - full_mae_log_r: 0.1410 - full_mse_score: 2.1760 - trimmed_mse_score: 0.9846 - full_mae_score: 0.5919 - val_loss: 0.6618 - val_full_cross_entropy: 0.6618 - val_trimmed_cross_entropy: 0.6514 - val_full_mse_log_r: 0.0669 - val_trimmed_mse_log_r: 0.0659 - val_full_mae_log_r: 0.1417 - val_full_mse_score: 2.1306 - val_trimmed_mse_score: 0.9479 - val_full_mae_score: 0.5781
Epoch 29/50
396s - loss: 0.6612 - full_cross_entropy: 0.6612 - trimmed_cross_entropy: 0.6509 - full_mse_log_r: 0.0630 - trimmed_mse_log_r: 0.0620 - full_mae_log_r: 0.1413 - full_mse_score: 2.1942 - trimmed_mse_score: 0.9937 - full_mae_score: 0.5941 - val_loss: 0.6635 - val_full_cross_entropy: 0.6635 - val_trimmed_cross_entropy: 0.6531 - val_full_mse_log_r: 0.0778 - val_trimmed_mse_log_r: 0.0765 - val_full_mae_log_r: 0.1859 - val_full_mse_score: 2.1211 - val_trimmed_mse_score: 0.9344 - val_full_mae_score: 0.5697
Epoch 30/50
396s - loss: 0.6612 - full_cross_entropy: 0.6612 - trimmed_cross_entropy: 0.6508 - full_mse_log_r: 0.0630 - trimmed_mse_log_r: 0.0620 - full_mae_log_r: 0.1412 - full_mse_score: 2.2213 - trimmed_mse_score: 1.0146 - full_mae_score: 0.5999 - val_loss: 0.6613 - val_full_cross_entropy: 0.6613 - val_trimmed_cross_entropy: 0.6510 - val_full_mse_log_r: 0.0594 - val_trimmed_mse_log_r: 0.0584 - val_full_mae_log_r: 0.1266 - val_full_mse_score: 2.2343 - val_trimmed_mse_score: 1.0216 - val_full_mae_score: 0.5989
Epoch 31/50
396s - loss: 0.6612 - full_cross_entropy: 0.6612 - trimmed_cross_entropy: 0.6508 - full_mse_log_r: 0.0628 - trimmed_mse_log_r: 0.0618 - full_mae_log_r: 0.1413 - full_mse_score: 2.2280 - trimmed_mse_score: 1.0255 - full_mae_score: 0.6017 - val_loss: 0.6612 - val_full_cross_entropy: 0.6612 - val_trimmed_cross_entropy: 0.6509 - val_full_mse_log_r: 0.0574 - val_trimmed_mse_log_r: 0.0565 - val_full_mae_log_r: 0.1221 - val_full_mse_score: 2.2345 - val_trimmed_mse_score: 1.0344 - val_full_mae_score: 0.6158
Epoch 32/50
396s - loss: 0.6611 - full_cross_entropy: 0.6611 - trimmed_cross_entropy: 0.6508 - full_mse_log_r: 0.0622 - trimmed_mse_log_r: 0.0612 - full_mae_log_r: 0.1407 - full_mse_score: 2.2418 - trimmed_mse_score: 1.0307 - full_mae_score: 0.6052 - val_loss: 0.6612 - val_full_cross_entropy: 0.6612 - val_trimmed_cross_entropy: 0.6509 - val_full_mse_log_r: 0.0564 - val_trimmed_mse_log_r: 0.0555 - val_full_mae_log_r: 0.1252 - val_full_mse_score: 2.2558 - val_trimmed_mse_score: 1.0529 - val_full_mae_score: 0.6161
Epoch 33/50
396s - loss: 0.6612 - full_cross_entropy: 0.6612 - trimmed_cross_entropy: 0.6508 - full_mse_log_r: 0.0623 - trimmed_mse_log_r: 0.0613 - full_mae_log_r: 0.1405 - full_mse_score: 2.2834 - trimmed_mse_score: 1.0737 - full_mae_score: 0.6210 - val_loss: 0.6617 - val_full_cross_entropy: 0.6617 - val_trimmed_cross_entropy: 0.6514 - val_full_mse_log_r: 0.0612 - val_trimmed_mse_log_r: 0.0602 - val_full_mae_log_r: 0.1447 - val_full_mse_score: 2.2912 - val_trimmed_mse_score: 1.0677 - val_full_mae_score: 0.6211
Epoch 00032: early stopping
16.02.2018 03:51:17 INFO    Starting evaluation
16.02.2018 04:12:37 INFO    Starting roaming
16.02.2018 04:12:42 INFO    Starting calibrated evaluation and roaming
