Using TensorFlow backend.
16.02.2018 07:04:09 INFO    Hi! How are you today?
16.02.2018 07:04:09 INFO    Startup options:
16.02.2018 07:04:09 INFO      Algorithm:                     combinedregression
16.02.2018 07:04:09 INFO      Point by point:                False
16.02.2018 07:04:09 INFO      Morphing-aware mode:           False
16.02.2018 07:04:09 INFO      Smeared data:                  False
16.02.2018 07:04:09 INFO      Training sample:               baseline
16.02.2018 07:04:09 INFO      AFC X indices:                 [1, 38, 39, 40, 41]
16.02.2018 07:04:09 INFO      alpha:                         None
16.02.2018 07:04:09 INFO      AFC epsilon:                   None
16.02.2018 07:04:09 INFO      Neyman construction toys:      False
16.02.2018 07:04:09 INFO      Other options:                 
16.02.2018 07:04:09 INFO      Base directory:                /home/jb6504/higgs_inference
16.02.2018 07:04:09 INFO      ML-based strategies available: True
16.02.2018 07:04:09 INFO    Starting parameterized inference
16.02.2018 07:04:09 INFO    Main settings:
16.02.2018 07:04:09 INFO      Algorithm:                combinedregression
16.02.2018 07:04:09 INFO      Morphing-aware:           False
16.02.2018 07:04:09 INFO      Training sample:          baseline
16.02.2018 07:04:09 INFO    Options:
16.02.2018 07:04:09 INFO      Number of hidden layers:  2
16.02.2018 07:04:09 INFO      alpha:                    100.0
16.02.2018 07:04:09 INFO      Batch size:               128
16.02.2018 07:04:09 INFO      Learning rate:            0.001
16.02.2018 07:04:09 INFO      Learning rate decay:      0.0921034037198
16.02.2018 07:04:09 INFO      Number of epochs:         50
16.02.2018 07:04:09 INFO      Debug mode:               False
16.02.2018 07:04:37 INFO    Starting training
Train on 7995920 samples, validate on 1998980 samples
2018-02-16 07:04:38.012645: W tensorflow/core/platform/cpu_feature_guard.cc:45] The TensorFlow library wasn't compiled to use SSE4.1 instructions, but these are available on your machine and could speed up CPU computations.
2018-02-16 07:04:38.012977: W tensorflow/core/platform/cpu_feature_guard.cc:45] The TensorFlow library wasn't compiled to use SSE4.2 instructions, but these are available on your machine and could speed up CPU computations.
2018-02-16 07:04:38.012987: W tensorflow/core/platform/cpu_feature_guard.cc:45] The TensorFlow library wasn't compiled to use AVX instructions, but these are available on your machine and could speed up CPU computations.
2018-02-16 07:04:38.012991: W tensorflow/core/platform/cpu_feature_guard.cc:45] The TensorFlow library wasn't compiled to use AVX2 instructions, but these are available on your machine and could speed up CPU computations.
2018-02-16 07:04:38.012995: W tensorflow/core/platform/cpu_feature_guard.cc:45] The TensorFlow library wasn't compiled to use FMA instructions, but these are available on your machine and could speed up CPU computations.
2018-02-16 07:04:38.320149: I tensorflow/core/common_runtime/gpu/gpu_device.cc:940] Found device 0 with properties: 
name: Tesla K80
major: 3 minor: 7 memoryClockRate (GHz) 0.8235
pciBusID 0000:04:00.0
Total memory: 11.17GiB
Free memory: 11.10GiB
2018-02-16 07:04:38.320184: I tensorflow/core/common_runtime/gpu/gpu_device.cc:961] DMA: 0 
2018-02-16 07:04:38.320190: I tensorflow/core/common_runtime/gpu/gpu_device.cc:971] 0:   Y 
2018-02-16 07:04:38.320200: I tensorflow/core/common_runtime/gpu/gpu_device.cc:1030] Creating TensorFlow device (/gpu:0) -> (device: 0, name: Tesla K80, pci bus id: 0000:04:00.0)
Epoch 1/50
470s - loss: 797.1444 - full_cross_entropy: 0.6669 - trimmed_cross_entropy: 0.6564 - full_mse_log_r: 0.0997 - trimmed_mse_log_r: 0.0981 - full_mae_log_r: 0.1875 - full_mse_score: 1.2763 - trimmed_mse_score: 0.2917 - full_mae_score: 0.2014 - val_loss: 716.4556 - val_full_cross_entropy: 0.6637 - val_trimmed_cross_entropy: 0.6534 - val_full_mse_log_r: 0.0650 - val_trimmed_mse_log_r: 0.0640 - val_full_mae_log_r: 0.1694 - val_full_mse_score: 1.0880 - val_trimmed_mse_score: 0.2056 - val_full_mae_score: 0.1671
Epoch 2/50
471s - loss: 753.4496 - full_cross_entropy: 0.6614 - trimmed_cross_entropy: 0.6511 - full_mse_log_r: 0.0413 - trimmed_mse_log_r: 0.0406 - full_mae_log_r: 0.1243 - full_mse_score: 0.9437 - trimmed_mse_score: 0.1587 - full_mae_score: 0.1500 - val_loss: 694.8241 - val_full_cross_entropy: 0.6600 - val_trimmed_cross_entropy: 0.6497 - val_full_mse_log_r: 0.0282 - val_trimmed_mse_log_r: 0.0278 - val_full_mae_log_r: 0.0947 - val_full_mse_score: 0.8974 - val_trimmed_mse_score: 0.1431 - val_full_mae_score: 0.1425
Epoch 3/50
471s - loss: 735.9601 - full_cross_entropy: 0.6607 - trimmed_cross_entropy: 0.6504 - full_mse_log_r: 0.0330 - trimmed_mse_log_r: 0.0325 - full_mae_log_r: 0.1124 - full_mse_score: 0.8485 - trimmed_mse_score: 0.1330 - full_mae_score: 0.1374 - val_loss: 672.1828 - val_full_cross_entropy: 0.6605 - val_trimmed_cross_entropy: 0.6502 - val_full_mse_log_r: 0.0304 - val_trimmed_mse_log_r: 0.0300 - val_full_mae_log_r: 0.1074 - val_full_mse_score: 0.8158 - val_trimmed_mse_score: 0.1270 - val_full_mae_score: 0.1324
Epoch 4/50
471s - loss: 735.4071 - full_cross_entropy: 0.6603 - trimmed_cross_entropy: 0.6500 - full_mse_log_r: 0.0281 - trimmed_mse_log_r: 0.0277 - full_mae_log_r: 0.1044 - full_mse_score: 0.7824 - trimmed_mse_score: 0.1163 - full_mae_score: 0.1287 - val_loss: 688.5655 - val_full_cross_entropy: 0.6606 - val_trimmed_cross_entropy: 0.6503 - val_full_mse_log_r: 0.0327 - val_trimmed_mse_log_r: 0.0322 - val_full_mae_log_r: 0.1232 - val_full_mse_score: 0.8975 - val_trimmed_mse_score: 0.1419 - val_full_mae_score: 0.1341
Epoch 5/50
471s - loss: 726.7801 - full_cross_entropy: 0.6599 - trimmed_cross_entropy: 0.6496 - full_mse_log_r: 0.0239 - trimmed_mse_log_r: 0.0235 - full_mae_log_r: 0.0959 - full_mse_score: 0.7263 - trimmed_mse_score: 0.1030 - full_mae_score: 0.1212 - val_loss: 670.4570 - val_full_cross_entropy: 0.6596 - val_trimmed_cross_entropy: 0.6493 - val_full_mse_log_r: 0.0212 - val_trimmed_mse_log_r: 0.0209 - val_full_mae_log_r: 0.0894 - val_full_mse_score: 0.7243 - val_trimmed_mse_score: 0.1046 - val_full_mae_score: 0.1243
Epoch 6/50
471s - loss: 726.7725 - full_cross_entropy: 0.6597 - trimmed_cross_entropy: 0.6494 - full_mse_log_r: 0.0215 - trimmed_mse_log_r: 0.0211 - full_mae_log_r: 0.0905 - full_mse_score: 0.6905 - trimmed_mse_score: 0.0946 - full_mae_score: 0.1159 - val_loss: 666.0380 - val_full_cross_entropy: 0.6600 - val_trimmed_cross_entropy: 0.6497 - val_full_mse_log_r: 0.0243 - val_trimmed_mse_log_r: 0.0239 - val_full_mae_log_r: 0.1091 - val_full_mse_score: 0.7168 - val_trimmed_mse_score: 0.1031 - val_full_mae_score: 0.1176
Epoch 7/50
471s - loss: 712.4624 - full_cross_entropy: 0.6595 - trimmed_cross_entropy: 0.6492 - full_mse_log_r: 0.0193 - trimmed_mse_log_r: 0.0190 - full_mae_log_r: 0.0855 - full_mse_score: 0.6535 - trimmed_mse_score: 0.0875 - full_mae_score: 0.1109 - val_loss: 657.2983 - val_full_cross_entropy: 0.6590 - val_trimmed_cross_entropy: 0.6487 - val_full_mse_log_r: 0.0153 - val_trimmed_mse_log_r: 0.0151 - val_full_mae_log_r: 0.0720 - val_full_mse_score: 0.6470 - val_trimmed_mse_score: 0.0898 - val_full_mae_score: 0.1089
Epoch 8/50
471s - loss: 700.6102 - full_cross_entropy: 0.6594 - trimmed_cross_entropy: 0.6491 - full_mse_log_r: 0.0178 - trimmed_mse_log_r: 0.0176 - full_mae_log_r: 0.0821 - full_mse_score: 0.6202 - trimmed_mse_score: 0.0805 - full_mae_score: 0.1067 - val_loss: 654.9077 - val_full_cross_entropy: 0.6588 - val_trimmed_cross_entropy: 0.6485 - val_full_mse_log_r: 0.0129 - val_trimmed_mse_log_r: 0.0127 - val_full_mae_log_r: 0.0630 - val_full_mse_score: 0.6054 - val_trimmed_mse_score: 0.0799 - val_full_mae_score: 0.1035
Epoch 9/50
471s - loss: 704.0274 - full_cross_entropy: 0.6592 - trimmed_cross_entropy: 0.6489 - full_mse_log_r: 0.0160 - trimmed_mse_log_r: 0.0158 - full_mae_log_r: 0.0773 - full_mse_score: 0.5951 - trimmed_mse_score: 0.0758 - full_mae_score: 0.1028 - val_loss: 645.6142 - val_full_cross_entropy: 0.6591 - val_trimmed_cross_entropy: 0.6488 - val_full_mse_log_r: 0.0145 - val_trimmed_mse_log_r: 0.0143 - val_full_mae_log_r: 0.0781 - val_full_mse_score: 0.5706 - val_trimmed_mse_score: 0.0741 - val_full_mae_score: 0.0993
Epoch 10/50
471s - loss: 688.4734 - full_cross_entropy: 0.6591 - trimmed_cross_entropy: 0.6488 - full_mse_log_r: 0.0145 - trimmed_mse_log_r: 0.0143 - full_mae_log_r: 0.0730 - full_mse_score: 0.5678 - trimmed_mse_score: 0.0722 - full_mae_score: 0.0993 - val_loss: 660.0556 - val_full_cross_entropy: 0.6588 - val_trimmed_cross_entropy: 0.6485 - val_full_mse_log_r: 0.0123 - val_trimmed_mse_log_r: 0.0121 - val_full_mae_log_r: 0.0617 - val_full_mse_score: 0.5555 - val_trimmed_mse_score: 0.0701 - val_full_mae_score: 0.0961
Epoch 11/50
471s - loss: 701.6915 - full_cross_entropy: 0.6590 - trimmed_cross_entropy: 0.6487 - full_mse_log_r: 0.0135 - trimmed_mse_log_r: 0.0133 - full_mae_log_r: 0.0698 - full_mse_score: 0.5446 - trimmed_mse_score: 0.0668 - full_mae_score: 0.0963 - val_loss: 638.8534 - val_full_cross_entropy: 0.6587 - val_trimmed_cross_entropy: 0.6484 - val_full_mse_log_r: 0.0104 - val_trimmed_mse_log_r: 0.0103 - val_full_mae_log_r: 0.0569 - val_full_mse_score: 0.5211 - val_trimmed_mse_score: 0.0639 - val_full_mae_score: 0.0932
Epoch 12/50
471s - loss: 697.8165 - full_cross_entropy: 0.6589 - trimmed_cross_entropy: 0.6486 - full_mse_log_r: 0.0124 - trimmed_mse_log_r: 0.0122 - full_mae_log_r: 0.0666 - full_mse_score: 0.5242 - trimmed_mse_score: 0.0628 - full_mae_score: 0.0934 - val_loss: 648.5211 - val_full_cross_entropy: 0.6587 - val_trimmed_cross_entropy: 0.6485 - val_full_mse_log_r: 0.0113 - val_trimmed_mse_log_r: 0.0111 - val_full_mae_log_r: 0.0627 - val_full_mse_score: 0.5103 - val_trimmed_mse_score: 0.0619 - val_full_mae_score: 0.0903
Epoch 13/50
471s - loss: 671.5765 - full_cross_entropy: 0.6588 - trimmed_cross_entropy: 0.6485 - full_mse_log_r: 0.0114 - trimmed_mse_log_r: 0.0113 - full_mae_log_r: 0.0634 - full_mse_score: 0.5058 - trimmed_mse_score: 0.0592 - full_mae_score: 0.0908 - val_loss: 606.0397 - val_full_cross_entropy: 0.6586 - val_trimmed_cross_entropy: 0.6483 - val_full_mse_log_r: 0.0093 - val_trimmed_mse_log_r: 0.0092 - val_full_mae_log_r: 0.0528 - val_full_mse_score: 0.5110 - val_trimmed_mse_score: 0.0626 - val_full_mae_score: 0.0903
Epoch 14/50
471s - loss: 668.7574 - full_cross_entropy: 0.6588 - trimmed_cross_entropy: 0.6485 - full_mse_log_r: 0.0106 - trimmed_mse_log_r: 0.0105 - full_mae_log_r: 0.0609 - full_mse_score: 0.4875 - trimmed_mse_score: 0.0551 - full_mae_score: 0.0885 - val_loss: 614.5008 - val_full_cross_entropy: 0.6585 - val_trimmed_cross_entropy: 0.6483 - val_full_mse_log_r: 0.0090 - val_trimmed_mse_log_r: 0.0088 - val_full_mae_log_r: 0.0520 - val_full_mse_score: 0.5103 - val_trimmed_mse_score: 0.0596 - val_full_mae_score: 0.0870
Epoch 15/50
471s - loss: 676.3472 - full_cross_entropy: 0.6587 - trimmed_cross_entropy: 0.6484 - full_mse_log_r: 0.0099 - trimmed_mse_log_r: 0.0098 - full_mae_log_r: 0.0583 - full_mse_score: 0.4749 - trimmed_mse_score: 0.0545 - full_mae_score: 0.0865 - val_loss: 616.1060 - val_full_cross_entropy: 0.6586 - val_trimmed_cross_entropy: 0.6483 - val_full_mse_log_r: 0.0087 - val_trimmed_mse_log_r: 0.0086 - val_full_mae_log_r: 0.0534 - val_full_mse_score: 0.4776 - val_trimmed_mse_score: 0.0566 - val_full_mae_score: 0.0863
Epoch 16/50
471s - loss: 680.6100 - full_cross_entropy: 0.6586 - trimmed_cross_entropy: 0.6484 - full_mse_log_r: 0.0093 - trimmed_mse_log_r: 0.0092 - full_mae_log_r: 0.0562 - full_mse_score: 0.4622 - trimmed_mse_score: 0.0515 - full_mae_score: 0.0845 - val_loss: 616.9863 - val_full_cross_entropy: 0.6586 - val_trimmed_cross_entropy: 0.6483 - val_full_mse_log_r: 0.0092 - val_trimmed_mse_log_r: 0.0090 - val_full_mae_log_r: 0.0552 - val_full_mse_score: 0.4771 - val_trimmed_mse_score: 0.0553 - val_full_mae_score: 0.0843
Epoch 17/50
471s - loss: 668.8117 - full_cross_entropy: 0.6586 - trimmed_cross_entropy: 0.6483 - full_mse_log_r: 0.0088 - trimmed_mse_log_r: 0.0087 - full_mae_log_r: 0.0545 - full_mse_score: 0.4487 - trimmed_mse_score: 0.0497 - full_mae_score: 0.0827 - val_loss: 600.5517 - val_full_cross_entropy: 0.6587 - val_trimmed_cross_entropy: 0.6484 - val_full_mse_log_r: 0.0097 - val_trimmed_mse_log_r: 0.0096 - val_full_mae_log_r: 0.0567 - val_full_mse_score: 0.4648 - val_trimmed_mse_score: 0.0554 - val_full_mae_score: 0.0839
Epoch 18/50
471s - loss: 672.8315 - full_cross_entropy: 0.6586 - trimmed_cross_entropy: 0.6483 - full_mse_log_r: 0.0083 - trimmed_mse_log_r: 0.0081 - full_mae_log_r: 0.0524 - full_mse_score: 0.4369 - trimmed_mse_score: 0.0476 - full_mae_score: 0.0811 - val_loss: 602.1812 - val_full_cross_entropy: 0.6585 - val_trimmed_cross_entropy: 0.6482 - val_full_mse_log_r: 0.0081 - val_trimmed_mse_log_r: 0.0080 - val_full_mae_log_r: 0.0512 - val_full_mse_score: 0.4385 - val_trimmed_mse_score: 0.0503 - val_full_mae_score: 0.0805
Epoch 19/50
471s - loss: 665.5817 - full_cross_entropy: 0.6585 - trimmed_cross_entropy: 0.6482 - full_mse_log_r: 0.0079 - trimmed_mse_log_r: 0.0078 - full_mae_log_r: 0.0510 - full_mse_score: 0.4245 - trimmed_mse_score: 0.0452 - full_mae_score: 0.0795 - val_loss: 605.5275 - val_full_cross_entropy: 0.6585 - val_trimmed_cross_entropy: 0.6482 - val_full_mse_log_r: 0.0072 - val_trimmed_mse_log_r: 0.0071 - val_full_mae_log_r: 0.0477 - val_full_mse_score: 0.4204 - val_trimmed_mse_score: 0.0473 - val_full_mae_score: 0.0780
Epoch 20/50
471s - loss: 660.3066 - full_cross_entropy: 0.6585 - trimmed_cross_entropy: 0.6482 - full_mse_log_r: 0.0075 - trimmed_mse_log_r: 0.0074 - full_mae_log_r: 0.0494 - full_mse_score: 0.4162 - trimmed_mse_score: 0.0441 - full_mae_score: 0.0782 - val_loss: 601.5151 - val_full_cross_entropy: 0.6585 - val_trimmed_cross_entropy: 0.6482 - val_full_mse_log_r: 0.0075 - val_trimmed_mse_log_r: 0.0074 - val_full_mae_log_r: 0.0498 - val_full_mse_score: 0.4129 - val_trimmed_mse_score: 0.0461 - val_full_mae_score: 0.0776
Epoch 21/50
471s - loss: 650.3705 - full_cross_entropy: 0.6585 - trimmed_cross_entropy: 0.6482 - full_mse_log_r: 0.0072 - trimmed_mse_log_r: 0.0070 - full_mae_log_r: 0.0479 - full_mse_score: 0.4101 - trimmed_mse_score: 0.0434 - full_mae_score: 0.0770 - val_loss: 605.2665 - val_full_cross_entropy: 0.6585 - val_trimmed_cross_entropy: 0.6482 - val_full_mse_log_r: 0.0077 - val_trimmed_mse_log_r: 0.0075 - val_full_mae_log_r: 0.0500 - val_full_mse_score: 0.4491 - val_trimmed_mse_score: 0.0479 - val_full_mae_score: 0.0786
Epoch 22/50
471s - loss: 660.6701 - full_cross_entropy: 0.6584 - trimmed_cross_entropy: 0.6482 - full_mse_log_r: 0.0068 - trimmed_mse_log_r: 0.0067 - full_mae_log_r: 0.0466 - full_mse_score: 0.4003 - trimmed_mse_score: 0.0427 - full_mae_score: 0.0758 - val_loss: 610.3517 - val_full_cross_entropy: 0.6584 - val_trimmed_cross_entropy: 0.6481 - val_full_mse_log_r: 0.0070 - val_trimmed_mse_log_r: 0.0069 - val_full_mae_log_r: 0.0489 - val_full_mse_score: 0.4082 - val_trimmed_mse_score: 0.0432 - val_full_mae_score: 0.0749
Epoch 23/50
471s - loss: 666.9527 - full_cross_entropy: 0.6584 - trimmed_cross_entropy: 0.6481 - full_mse_log_r: 0.0066 - trimmed_mse_log_r: 0.0065 - full_mae_log_r: 0.0456 - full_mse_score: 0.3929 - trimmed_mse_score: 0.0408 - full_mae_score: 0.0748 - val_loss: 606.8323 - val_full_cross_entropy: 0.6583 - val_trimmed_cross_entropy: 0.6480 - val_full_mse_log_r: 0.0061 - val_trimmed_mse_log_r: 0.0060 - val_full_mae_log_r: 0.0419 - val_full_mse_score: 0.4168 - val_trimmed_mse_score: 0.0447 - val_full_mae_score: 0.0750
Epoch 24/50
471s - loss: 650.3642 - full_cross_entropy: 0.6584 - trimmed_cross_entropy: 0.6481 - full_mse_log_r: 0.0063 - trimmed_mse_log_r: 0.0062 - full_mae_log_r: 0.0444 - full_mse_score: 0.3887 - trimmed_mse_score: 0.0411 - full_mae_score: 0.0738 - val_loss: 586.2919 - val_full_cross_entropy: 0.6584 - val_trimmed_cross_entropy: 0.6481 - val_full_mse_log_r: 0.0066 - val_trimmed_mse_log_r: 0.0065 - val_full_mae_log_r: 0.0421 - val_full_mse_score: 0.3936 - val_trimmed_mse_score: 0.0416 - val_full_mae_score: 0.0733
Epoch 25/50
471s - loss: 649.0996 - full_cross_entropy: 0.6584 - trimmed_cross_entropy: 0.6481 - full_mse_log_r: 0.0061 - trimmed_mse_log_r: 0.0060 - full_mae_log_r: 0.0433 - full_mse_score: 0.3833 - trimmed_mse_score: 0.0396 - full_mae_score: 0.0730 - val_loss: 605.5076 - val_full_cross_entropy: 0.6583 - val_trimmed_cross_entropy: 0.6480 - val_full_mse_log_r: 0.0055 - val_trimmed_mse_log_r: 0.0055 - val_full_mae_log_r: 0.0392 - val_full_mse_score: 0.3829 - val_trimmed_mse_score: 0.0409 - val_full_mae_score: 0.0721
Epoch 26/50
471s - loss: 641.9364 - full_cross_entropy: 0.6584 - trimmed_cross_entropy: 0.6481 - full_mse_log_r: 0.0059 - trimmed_mse_log_r: 0.0058 - full_mae_log_r: 0.0426 - full_mse_score: 0.3774 - trimmed_mse_score: 0.0397 - full_mae_score: 0.0722 - val_loss: 601.3027 - val_full_cross_entropy: 0.6583 - val_trimmed_cross_entropy: 0.6480 - val_full_mse_log_r: 0.0057 - val_trimmed_mse_log_r: 0.0056 - val_full_mae_log_r: 0.0395 - val_full_mse_score: 0.3807 - val_trimmed_mse_score: 0.0402 - val_full_mae_score: 0.0718
Epoch 27/50
471s - loss: 633.7179 - full_cross_entropy: 0.6584 - trimmed_cross_entropy: 0.6481 - full_mse_log_r: 0.0057 - trimmed_mse_log_r: 0.0056 - full_mae_log_r: 0.0416 - full_mse_score: 0.3736 - trimmed_mse_score: 0.0371 - full_mae_score: 0.0715 - val_loss: 599.9093 - val_full_cross_entropy: 0.6583 - val_trimmed_cross_entropy: 0.6480 - val_full_mse_log_r: 0.0055 - val_trimmed_mse_log_r: 0.0054 - val_full_mae_log_r: 0.0411 - val_full_mse_score: 0.3824 - val_trimmed_mse_score: 0.0399 - val_full_mae_score: 0.0716
Epoch 28/50
471s - loss: 658.8449 - full_cross_entropy: 0.6583 - trimmed_cross_entropy: 0.6481 - full_mse_log_r: 0.0056 - trimmed_mse_log_r: 0.0055 - full_mae_log_r: 0.0412 - full_mse_score: 0.3687 - trimmed_mse_score: 0.0365 - full_mae_score: 0.0708 - val_loss: 577.9874 - val_full_cross_entropy: 0.6584 - val_trimmed_cross_entropy: 0.6481 - val_full_mse_log_r: 0.0061 - val_trimmed_mse_log_r: 0.0060 - val_full_mae_log_r: 0.0424 - val_full_mse_score: 0.3807 - val_trimmed_mse_score: 0.0407 - val_full_mae_score: 0.0720
Epoch 29/50
471s - loss: 648.3218 - full_cross_entropy: 0.6583 - trimmed_cross_entropy: 0.6480 - full_mse_log_r: 0.0054 - trimmed_mse_log_r: 0.0053 - full_mae_log_r: 0.0405 - full_mse_score: 0.3663 - trimmed_mse_score: 0.0362 - full_mae_score: 0.0703 - val_loss: 593.2851 - val_full_cross_entropy: 0.6583 - val_trimmed_cross_entropy: 0.6480 - val_full_mse_log_r: 0.0053 - val_trimmed_mse_log_r: 0.0052 - val_full_mae_log_r: 0.0403 - val_full_mse_score: 0.3692 - val_trimmed_mse_score: 0.0385 - val_full_mae_score: 0.0700
Epoch 30/50
471s - loss: 628.5281 - full_cross_entropy: 0.6583 - trimmed_cross_entropy: 0.6480 - full_mse_log_r: 0.0053 - trimmed_mse_log_r: 0.0052 - full_mae_log_r: 0.0397 - full_mse_score: 0.3625 - trimmed_mse_score: 0.0358 - full_mae_score: 0.0698 - val_loss: 587.7257 - val_full_cross_entropy: 0.6583 - val_trimmed_cross_entropy: 0.6480 - val_full_mse_log_r: 0.0054 - val_trimmed_mse_log_r: 0.0053 - val_full_mae_log_r: 0.0392 - val_full_mse_score: 0.3805 - val_trimmed_mse_score: 0.0405 - val_full_mae_score: 0.0712
Epoch 31/50
471s - loss: 647.3225 - full_cross_entropy: 0.6583 - trimmed_cross_entropy: 0.6480 - full_mse_log_r: 0.0052 - trimmed_mse_log_r: 0.0051 - full_mae_log_r: 0.0392 - full_mse_score: 0.3581 - trimmed_mse_score: 0.0363 - full_mae_score: 0.0691 - val_loss: 586.4513 - val_full_cross_entropy: 0.6583 - val_trimmed_cross_entropy: 0.6480 - val_full_mse_log_r: 0.0052 - val_trimmed_mse_log_r: 0.0051 - val_full_mae_log_r: 0.0394 - val_full_mse_score: 0.3601 - val_trimmed_mse_score: 0.0377 - val_full_mae_score: 0.0686
Epoch 32/50
471s - loss: 636.5730 - full_cross_entropy: 0.6583 - trimmed_cross_entropy: 0.6480 - full_mse_log_r: 0.0051 - trimmed_mse_log_r: 0.0050 - full_mae_log_r: 0.0387 - full_mse_score: 0.3577 - trimmed_mse_score: 0.0353 - full_mae_score: 0.0688 - val_loss: 582.4021 - val_full_cross_entropy: 0.6583 - val_trimmed_cross_entropy: 0.6480 - val_full_mse_log_r: 0.0052 - val_trimmed_mse_log_r: 0.0051 - val_full_mae_log_r: 0.0386 - val_full_mse_score: 0.3713 - val_trimmed_mse_score: 0.0388 - val_full_mae_score: 0.0699
Epoch 33/50
471s - loss: 642.4952 - full_cross_entropy: 0.6583 - trimmed_cross_entropy: 0.6480 - full_mse_log_r: 0.0050 - trimmed_mse_log_r: 0.0049 - full_mae_log_r: 0.0384 - full_mse_score: 0.3553 - trimmed_mse_score: 0.0356 - full_mae_score: 0.0684 - val_loss: 591.2625 - val_full_cross_entropy: 0.6582 - val_trimmed_cross_entropy: 0.6480 - val_full_mse_log_r: 0.0048 - val_trimmed_mse_log_r: 0.0048 - val_full_mae_log_r: 0.0361 - val_full_mse_score: 0.3675 - val_trimmed_mse_score: 0.0377 - val_full_mae_score: 0.0689
Epoch 34/50
471s - loss: 650.1250 - full_cross_entropy: 0.6583 - trimmed_cross_entropy: 0.6480 - full_mse_log_r: 0.0049 - trimmed_mse_log_r: 0.0048 - full_mae_log_r: 0.0379 - full_mse_score: 0.3520 - trimmed_mse_score: 0.0347 - full_mae_score: 0.0680 - val_loss: 586.2840 - val_full_cross_entropy: 0.6582 - val_trimmed_cross_entropy: 0.6479 - val_full_mse_log_r: 0.0048 - val_trimmed_mse_log_r: 0.0047 - val_full_mae_log_r: 0.0364 - val_full_mse_score: 0.3675 - val_trimmed_mse_score: 0.0378 - val_full_mae_score: 0.0684
Epoch 35/50
471s - loss: 639.1927 - full_cross_entropy: 0.6583 - trimmed_cross_entropy: 0.6480 - full_mse_log_r: 0.0048 - trimmed_mse_log_r: 0.0047 - full_mae_log_r: 0.0374 - full_mse_score: 0.3509 - trimmed_mse_score: 0.0349 - full_mae_score: 0.0677 - val_loss: 585.2056 - val_full_cross_entropy: 0.6583 - val_trimmed_cross_entropy: 0.6480 - val_full_mse_log_r: 0.0050 - val_trimmed_mse_log_r: 0.0049 - val_full_mae_log_r: 0.0369 - val_full_mse_score: 0.3573 - val_trimmed_mse_score: 0.0366 - val_full_mae_score: 0.0680
Epoch 36/50
471s - loss: 631.6943 - full_cross_entropy: 0.6583 - trimmed_cross_entropy: 0.6480 - full_mse_log_r: 0.0047 - trimmed_mse_log_r: 0.0047 - full_mae_log_r: 0.0371 - full_mse_score: 0.3488 - trimmed_mse_score: 0.0338 - full_mae_score: 0.0674 - val_loss: 583.9104 - val_full_cross_entropy: 0.6583 - val_trimmed_cross_entropy: 0.6480 - val_full_mse_log_r: 0.0049 - val_trimmed_mse_log_r: 0.0049 - val_full_mae_log_r: 0.0364 - val_full_mse_score: 0.3558 - val_trimmed_mse_score: 0.0368 - val_full_mae_score: 0.0676
Epoch 37/50
471s - loss: 658.6452 - full_cross_entropy: 0.6583 - trimmed_cross_entropy: 0.6480 - full_mse_log_r: 0.0047 - trimmed_mse_log_r: 0.0046 - full_mae_log_r: 0.0368 - full_mse_score: 0.3479 - trimmed_mse_score: 0.0334 - full_mae_score: 0.0671 - val_loss: 579.0591 - val_full_cross_entropy: 0.6583 - val_trimmed_cross_entropy: 0.6480 - val_full_mse_log_r: 0.0049 - val_trimmed_mse_log_r: 0.0048 - val_full_mae_log_r: 0.0386 - val_full_mse_score: 0.3561 - val_trimmed_mse_score: 0.0366 - val_full_mae_score: 0.0680
Epoch 38/50
471s - loss: 631.6115 - full_cross_entropy: 0.6583 - trimmed_cross_entropy: 0.6480 - full_mse_log_r: 0.0046 - trimmed_mse_log_r: 0.0046 - full_mae_log_r: 0.0366 - full_mse_score: 0.3460 - trimmed_mse_score: 0.0336 - full_mae_score: 0.0668 - val_loss: 586.0298 - val_full_cross_entropy: 0.6582 - val_trimmed_cross_entropy: 0.6479 - val_full_mse_log_r: 0.0045 - val_trimmed_mse_log_r: 0.0045 - val_full_mae_log_r: 0.0356 - val_full_mse_score: 0.3521 - val_trimmed_mse_score: 0.0358 - val_full_mae_score: 0.0668
Epoch 39/50
471s - loss: 640.0061 - full_cross_entropy: 0.6583 - trimmed_cross_entropy: 0.6480 - full_mse_log_r: 0.0046 - trimmed_mse_log_r: 0.0045 - full_mae_log_r: 0.0362 - full_mse_score: 0.3441 - trimmed_mse_score: 0.0324 - full_mae_score: 0.0665 - val_loss: 589.4991 - val_full_cross_entropy: 0.6582 - val_trimmed_cross_entropy: 0.6479 - val_full_mse_log_r: 0.0045 - val_trimmed_mse_log_r: 0.0044 - val_full_mae_log_r: 0.0353 - val_full_mse_score: 0.3519 - val_trimmed_mse_score: 0.0358 - val_full_mae_score: 0.0668
Epoch 00038: early stopping
16.02.2018 12:11:06 INFO    Starting evaluation
16.02.2018 12:32:50 INFO    Starting roaming
16.02.2018 12:32:55 INFO    Starting calibrated evaluation and roaming
