10.04.2018 10:56:22 INFO    Hi! How are you today?
10.04.2018 10:56:22 INFO    Startup options:
10.04.2018 10:56:22 INFO      Algorithm:                     histo
10.04.2018 10:56:22 INFO      Point by point:                False
10.04.2018 10:56:22 INFO      Morphing-aware mode:           False
10.04.2018 10:56:22 INFO      Smeared data:                  False
10.04.2018 10:56:22 INFO      Training sample:               baseline
10.04.2018 10:56:22 INFO      alpha:                         None
10.04.2018 10:56:22 INFO      Histogram / AFC X indices:     [1, 41]
10.04.2018 10:56:22 INFO      AFC epsilon:                   None
10.04.2018 10:56:22 INFO      Denominator theta:             False
10.04.2018 10:56:22 INFO      Neyman construction toys:      1
10.04.2018 10:56:22 INFO      Other options:                 
10.04.2018 10:56:22 INFO      Base directory:                /home/jb6504/higgs_inference
10.04.2018 10:56:22 INFO      ML-based strategies available: False
10.04.2018 10:56:22 INFO    Starting histogram-based inference
10.04.2018 10:56:22 INFO    Settings:
10.04.2018 10:56:22 INFO      Statistics:              x [1, 41]
10.04.2018 10:56:22 INFO      Binning:                 (array([     0.,     48.,     58.,     67.,     75.,     83.,     91.,
          100.,    109.,    119.,    130.,    141.,    155.,    172.,
          193.,    221.,    260.,    325.,    462.,  14000.]), array([ 0.        ,  0.31415927,  0.62831853,  0.9424778 ,  1.25663706,
        1.57079633,  1.88495559,  2.19911486,  2.51327412,  2.82743339,
        3.14159265]))
Traceback (most recent call last):
  File "experiments.py", line 116, in <module>
    options=args.options)
  File "/home/jb6504/higgs_inference/higgs_inference/strategies/histograms.py", line 191, in histo_inference
    t) + input_filename_addition + new_sample_prefix + '.npy')
  File "/share/apps/python/2.7.12/intel/lib/python2.7/site-packages/numpy-1.11.2-py2.7-linux-x86_64.egg/numpy/lib/npyio.py", line 362, in load
    fid = open(file, "rb")
IOError: [Errno 2] No such file or directory: '/scratch/jb6504/higgs_inference/data/unweighted_events/point_by_point/X_train_point_by_point_0_denom1.npy'
