12.04.2018 09:54:12 INFO    Hi! How are you today?
12.04.2018 09:54:12 INFO    Startup options:
12.04.2018 09:54:12 INFO      Algorithm:                     cl
12.04.2018 09:54:12 INFO      Point by point:                False
12.04.2018 09:54:12 INFO      Morphing-aware mode:           False
12.04.2018 09:54:12 INFO      Smeared data:                  False
12.04.2018 09:54:12 INFO      Training sample:               baseline
12.04.2018 09:54:12 INFO      alpha:                         None
12.04.2018 09:54:12 INFO      Histogram / AFC X indices:     [1, 38, 39, 40, 41]
12.04.2018 09:54:12 INFO      AFC epsilon:                   None
12.04.2018 09:54:12 INFO      Denominator theta:             False
12.04.2018 09:54:12 INFO      Neyman construction toys:      0
12.04.2018 09:54:12 INFO      Other options:                 ['neyman2']
12.04.2018 09:54:12 INFO      Base directory:                /home/jb6504/higgs_inference
12.04.2018 09:54:12 INFO      ML-based strategies available: False
12.04.2018 09:54:12 INFO    Starting p-value calculation
12.04.2018 09:54:12 INFO    Neyman construction for truth/truth
12.04.2018 09:54:13 INFO    Neyman construction for histo/histo_2d
12.04.2018 09:54:13 INFO    Neyman construction for score_regression/scoreregression_rotatedscore_deep
12.04.2018 09:54:14 INFO    Neyman construction for parameterized/carl_calibrated_shallow
12.04.2018 09:54:15 INFO    Neyman construction for parameterized/combined_calibrated_deep
12.04.2018 09:54:16 INFO    Neyman construction for parameterized/regression_calibrated
12.04.2018 09:54:17 INFO    Neyman construction for parameterized/combinedregression_calibrated_deep
12.04.2018 09:54:18 INFO    Neyman construction for histo/histo_2d_smeared
12.04.2018 09:54:19 INFO    Neyman construction for score_regression/scoreregression_rotatedscore_deep_smeared
12.04.2018 09:54:19 INFO    Neyman construction for parameterized/carl_calibrated_shallow_smeared
12.04.2018 09:54:20 INFO    Neyman construction for parameterized/combined_calibrated_deep_smeared
12.04.2018 09:54:21 INFO    Neyman construction for parameterized/regression_calibrated_smeared
12.04.2018 09:54:22 INFO    Neyman construction for parameterized/combinedregression_calibrated_deep_smeared
12.04.2018 09:54:22 INFO    That's it -- have a great day!
