Using TensorFlow backend.
16.03.2018 14:10:12 INFO    Hi! How are you today?
16.03.2018 14:10:12 INFO    Startup options:
16.03.2018 14:10:12 INFO      Algorithm:                     regression
16.03.2018 14:10:12 INFO      Point by point:                False
16.03.2018 14:10:12 INFO      Morphing-aware mode:           False
16.03.2018 14:10:12 INFO      Smeared data:                  False
16.03.2018 14:10:12 INFO      Training sample:               baseline
16.03.2018 14:10:12 INFO      alpha:                         None
16.03.2018 14:10:12 INFO      Histogram / AFC X indices:     [1, 38, 39, 40, 41]
16.03.2018 14:10:12 INFO      AFC epsilon:                   None
16.03.2018 14:10:12 INFO      Denominator theta:             False
16.03.2018 14:10:12 INFO      Neyman construction toys:      3
16.03.2018 14:10:12 INFO      Other options:                 
16.03.2018 14:10:12 INFO      Base directory:                /home/jb6504/higgs_inference
16.03.2018 14:10:12 INFO      ML-based strategies available: True
16.03.2018 14:10:12 INFO    Starting parameterized inference
16.03.2018 14:10:12 INFO    Main settings:
16.03.2018 14:10:12 INFO      Algorithm:                regression
16.03.2018 14:10:12 INFO      Morphing-aware:           False
16.03.2018 14:10:12 INFO      Training sample:          baseline
16.03.2018 14:10:12 INFO      Denominator theta:        denominator 3 = theta 498 = [-0.04796927 -0.24493299]
16.03.2018 14:10:12 INFO    Options:
16.03.2018 14:10:12 INFO      Number of hidden layers:  3
16.03.2018 14:10:12 INFO      Batch size:               128
16.03.2018 14:10:12 INFO      Learning rate:            0.001
16.03.2018 14:10:12 INFO      Learning rate decay:      0.0921034037198
16.03.2018 14:10:12 INFO      Number of epochs:         50
16.03.2018 14:10:12 INFO      NC experiments:           False
16.03.2018 14:10:12 INFO      Debug mode:               False
16.03.2018 14:10:33 INFO    Starting training
Train on 7999997 samples, validate on 2000000 samples
2018-03-16 14:10:34.532139: W tensorflow/core/platform/cpu_feature_guard.cc:45] The TensorFlow library wasn't compiled to use SSE4.1 instructions, but these are available on your machine and could speed up CPU computations.
2018-03-16 14:10:34.532436: W tensorflow/core/platform/cpu_feature_guard.cc:45] The TensorFlow library wasn't compiled to use SSE4.2 instructions, but these are available on your machine and could speed up CPU computations.
2018-03-16 14:10:34.532445: W tensorflow/core/platform/cpu_feature_guard.cc:45] The TensorFlow library wasn't compiled to use AVX instructions, but these are available on your machine and could speed up CPU computations.
2018-03-16 14:10:34.532449: W tensorflow/core/platform/cpu_feature_guard.cc:45] The TensorFlow library wasn't compiled to use AVX2 instructions, but these are available on your machine and could speed up CPU computations.
2018-03-16 14:10:34.532453: W tensorflow/core/platform/cpu_feature_guard.cc:45] The TensorFlow library wasn't compiled to use FMA instructions, but these are available on your machine and could speed up CPU computations.
2018-03-16 14:10:35.165215: I tensorflow/core/common_runtime/gpu/gpu_device.cc:940] Found device 0 with properties: 
name: Tesla P100-PCIE-16GB
major: 6 minor: 0 memoryClockRate (GHz) 1.3285
pciBusID 0000:85:00.0
Total memory: 15.89GiB
Free memory: 15.60GiB
2018-03-16 14:10:35.165271: I tensorflow/core/common_runtime/gpu/gpu_device.cc:961] DMA: 0 
2018-03-16 14:10:35.165277: I tensorflow/core/common_runtime/gpu/gpu_device.cc:971] 0:   Y 
2018-03-16 14:10:35.165286: I tensorflow/core/common_runtime/gpu/gpu_device.cc:1030] Creating TensorFlow device (/gpu:0) -> (device: 0, name: Tesla P100-PCIE-16GB, pci bus id: 0000:85:00.0)
Epoch 1/50
466s - loss: 26236.4694 - full_cross_entropy: 0.6760 - trimmed_cross_entropy: 0.6654 - full_mse_log_r: 0.2765 - trimmed_mse_log_r: 0.2722 - full_mae_log_r: 0.3602 - full_mse_score: 2.4628 - trimmed_mse_score: 0.5367 - full_mae_score: 0.4935 - val_loss: 10880.3659 - val_full_cross_entropy: 0.6638 - val_trimmed_cross_entropy: 0.6535 - val_full_mse_log_r: 0.1509 - val_trimmed_mse_log_r: 0.1486 - val_full_mae_log_r: 0.2608 - val_full_mse_score: 2.1200 - val_trimmed_mse_score: 0.5117 - val_full_mae_score: 0.4932
Epoch 2/50
