Using TensorFlow backend.
27.03.2018 20:53:18 INFO    Hi! How are you today?
27.03.2018 20:53:18 INFO    Startup options:
27.03.2018 20:53:18 INFO      Algorithm:                     scoreregression
27.03.2018 20:53:18 INFO      Point by point:                False
27.03.2018 20:53:18 INFO      Morphing-aware mode:           False
27.03.2018 20:53:18 INFO      Smeared data:                  False
27.03.2018 20:53:18 INFO      Training sample:               baseline
27.03.2018 20:53:18 INFO      alpha:                         None
27.03.2018 20:53:18 INFO      Histogram / AFC X indices:     [1, 38, 39, 40, 41]
27.03.2018 20:53:18 INFO      AFC epsilon:                   None
27.03.2018 20:53:18 INFO      Denominator theta:             False
27.03.2018 20:53:18 INFO      Neyman construction toys:      1
27.03.2018 20:53:18 INFO      Other options:                 ['deep']
27.03.2018 20:53:18 INFO      Base directory:                /home/jb6504/higgs_inference
27.03.2018 20:53:18 INFO      ML-based strategies available: True
27.03.2018 20:53:18 INFO    Starting score regression inference
27.03.2018 20:53:18 INFO    Options:
27.03.2018 20:53:18 INFO      Denominator theta:       denominator 1 = theta 0 = [ 0.  0.]
27.03.2018 20:53:18 INFO      Number of hidden layers: 5
27.03.2018 20:53:18 INFO      Batch size:              128
27.03.2018 20:53:18 INFO      Learning rate:           0.001
27.03.2018 20:53:18 INFO      Learning rate decay:     0.0921034037198
27.03.2018 20:53:18 INFO      Number of epochs:        50
27.03.2018 20:53:18 INFO      NC experiments:          False
27.03.2018 20:53:47 INFO    Starting training of score regression
Train on 8000000 samples, validate on 2000000 samples
2018-03-27 20:53:47.931552: W tensorflow/core/platform/cpu_feature_guard.cc:45] The TensorFlow library wasn't compiled to use SSE4.1 instructions, but these are available on your machine and could speed up CPU computations.
2018-03-27 20:53:47.931883: W tensorflow/core/platform/cpu_feature_guard.cc:45] The TensorFlow library wasn't compiled to use SSE4.2 instructions, but these are available on your machine and could speed up CPU computations.
2018-03-27 20:53:47.931893: W tensorflow/core/platform/cpu_feature_guard.cc:45] The TensorFlow library wasn't compiled to use AVX instructions, but these are available on your machine and could speed up CPU computations.
2018-03-27 20:53:47.931897: W tensorflow/core/platform/cpu_feature_guard.cc:45] The TensorFlow library wasn't compiled to use AVX2 instructions, but these are available on your machine and could speed up CPU computations.
2018-03-27 20:53:47.931902: W tensorflow/core/platform/cpu_feature_guard.cc:45] The TensorFlow library wasn't compiled to use FMA instructions, but these are available on your machine and could speed up CPU computations.
2018-03-27 20:53:48.248843: I tensorflow/core/common_runtime/gpu/gpu_device.cc:940] Found device 0 with properties: 
name: Tesla K80
major: 3 minor: 7 memoryClockRate (GHz) 0.8235
pciBusID 0000:85:00.0
Total memory: 11.17GiB
Free memory: 11.10GiB
2018-03-27 20:53:48.248883: I tensorflow/core/common_runtime/gpu/gpu_device.cc:961] DMA: 0 
2018-03-27 20:53:48.248890: I tensorflow/core/common_runtime/gpu/gpu_device.cc:971] 0:   Y 
2018-03-27 20:53:48.248901: I tensorflow/core/common_runtime/gpu/gpu_device.cc:1030] Creating TensorFlow device (/gpu:0) -> (device: 0, name: Tesla K80, pci bus id: 0000:85:00.0)
Epoch 1/50
367s - loss: 0.0593 - val_loss: 0.0550
Epoch 2/50
368s - loss: 0.0350 - val_loss: 0.0307
Epoch 3/50
369s - loss: 0.0292 - val_loss: 0.0279
Epoch 4/50
368s - loss: 0.0240 - val_loss: 0.0181
Epoch 5/50
368s - loss: 0.0214 - val_loss: 0.0179
Epoch 6/50
368s - loss: 0.0186 - val_loss: 0.0166
Epoch 7/50
368s - loss: 0.0164 - val_loss: 0.0138
Epoch 8/50
369s - loss: 0.0145 - val_loss: 0.0109
Epoch 9/50
369s - loss: 0.0126 - val_loss: 0.0155
Epoch 10/50
370s - loss: 0.0115 - val_loss: 0.0108
Epoch 11/50
369s - loss: 0.0101 - val_loss: 0.0103
Epoch 12/50
369s - loss: 0.0089 - val_loss: 0.0085
Epoch 13/50
369s - loss: 0.0080 - val_loss: 0.0066
Epoch 14/50
369s - loss: 0.0072 - val_loss: 0.0053
Epoch 15/50
369s - loss: 0.0067 - val_loss: 0.0054
Epoch 16/50
369s - loss: 0.0060 - val_loss: 0.0056
Epoch 17/50
370s - loss: 0.0055 - val_loss: 0.0042
Epoch 18/50
369s - loss: 0.0049 - val_loss: 0.0046
Epoch 19/50
369s - loss: 0.0046 - val_loss: 0.0042
Epoch 20/50
369s - loss: 0.0043 - val_loss: 0.0034
Epoch 21/50
368s - loss: 0.0040 - val_loss: 0.0035
Epoch 22/50
368s - loss: 0.0038 - val_loss: 0.0031
Epoch 23/50
369s - loss: 0.0036 - val_loss: 0.0030
Epoch 24/50
369s - loss: 0.0034 - val_loss: 0.0027
Epoch 25/50
369s - loss: 0.0033 - val_loss: 0.0032
Epoch 26/50
369s - loss: 0.0032 - val_loss: 0.0027
Epoch 27/50
369s - loss: 0.0030 - val_loss: 0.0024
Epoch 28/50
369s - loss: 0.0029 - val_loss: 0.0025
Epoch 29/50
370s - loss: 0.0028 - val_loss: 0.0023
Epoch 30/50
369s - loss: 0.0027 - val_loss: 0.0023
Epoch 31/50
369s - loss: 0.0027 - val_loss: 0.0022
Epoch 32/50
370s - loss: 0.0026 - val_loss: 0.0021
Epoch 33/50
370s - loss: 0.0025 - val_loss: 0.0022
Epoch 34/50
369s - loss: 0.0025 - val_loss: 0.0022
Epoch 35/50
370s - loss: 0.0024 - val_loss: 0.0022
Epoch 36/50
369s - loss: 0.0024 - val_loss: 0.0021
Epoch 37/50
366s - loss: 0.0024 - val_loss: 0.0021
Epoch 38/50
365s - loss: 0.0023 - val_loss: 0.0021
Epoch 39/50
365s - loss: 0.0023 - val_loss: 0.0020
Epoch 40/50
366s - loss: 0.0023 - val_loss: 0.0020
Epoch 41/50
366s - loss: 0.0022 - val_loss: 0.0020
Epoch 42/50
366s - loss: 0.0022 - val_loss: 0.0020
Epoch 43/50
366s - loss: 0.0022 - val_loss: 0.0020
Epoch 44/50
367s - loss: 0.0022 - val_loss: 0.0020
Epoch 45/50
369s - loss: 0.0022 - val_loss: 0.0020
Epoch 46/50
369s - loss: 0.0022 - val_loss: 0.0020
Epoch 47/50
369s - loss: 0.0021 - val_loss: 0.0020
Epoch 48/50
370s - loss: 0.0021 - val_loss: 0.0020
Epoch 49/50
370s - loss: 0.0021 - val_loss: 0.0020
Epoch 50/50
369s - loss: 0.0021 - val_loss: 0.0020
28.03.2018 02:01:18 INFO    Starting evaluation
28.03.2018 02:02:09 INFO    Score regression evaluation timing: 1.25280404091 s
28.03.2018 02:02:09 INFO    Starting density estimation
28.03.2018 02:04:04 INFO    Starting theta 100 / 1017
28.03.2018 02:06:00 INFO    Starting theta 200 / 1017
28.03.2018 02:07:54 INFO    Starting theta 300 / 1017
28.03.2018 02:09:48 INFO    Starting theta 400 / 1017
28.03.2018 02:11:41 INFO    Starting theta 500 / 1017
28.03.2018 02:13:34 INFO    Starting theta 600 / 1017
28.03.2018 02:15:27 INFO    Starting theta 700 / 1017
28.03.2018 02:17:21 INFO    Starting theta 800 / 1017
28.03.2018 02:19:16 INFO    Starting theta 900 / 1017
28.03.2018 02:21:11 INFO    Starting theta 1000 / 1017
28.03.2018 02:21:32 INFO    Score density estimation timing: median 0.00580286979675 s, mean 0.00573962041879 s
28.03.2018 02:21:32 INFO    Rotated score density estimation timing: median 0.00793099403381 s, mean 0.00800886970002 s
28.03.2018 02:21:32 INFO    Score times theta density estimation timing: median 0.00951290130615 s, mean 0.00969025190835 s
28.03.2018 02:21:32 INFO    That's it -- have a great day!
