Using TensorFlow backend.
13.02.2018 09:56:15 INFO    Hi! How are you today?
13.02.2018 09:56:15 INFO    Startup options:
13.02.2018 09:56:15 INFO      Algorithm:                     carl
13.02.2018 09:56:15 INFO      Point by point:                False
13.02.2018 09:56:15 INFO      Morphing-aware mode:           False
13.02.2018 09:56:15 INFO      Smeared data:                  False
13.02.2018 09:56:15 INFO      Training sample:               baseline
13.02.2018 09:56:15 INFO      AFC X indices:                 [1, 38, 39, 40, 41]
13.02.2018 09:56:15 INFO      AFC epsilon:                   None
13.02.2018 09:56:15 INFO      Neyman construction toys:      False
13.02.2018 09:56:15 INFO      Other options:                 
13.02.2018 09:56:15 INFO      Base directory:                /home/jb6504/higgs_inference
13.02.2018 09:56:15 INFO      ML-based strategies available: True
13.02.2018 09:56:15 INFO    Starting parameterized inference
13.02.2018 09:56:15 INFO    Main settings:
13.02.2018 09:56:15 INFO      Algorithm:                carl
13.02.2018 09:56:15 INFO      Morphing-aware:           False
13.02.2018 09:56:15 INFO      Training sample:          baseline
13.02.2018 09:56:15 INFO    Options:
13.02.2018 09:56:15 INFO      Learning rate:            0.001
13.02.2018 09:56:15 INFO      Number of epochs:         20
13.02.2018 09:56:15 INFO      Number of hidden layers:  2
13.02.2018 09:56:15 INFO      alpha carl:               0.35
13.02.2018 09:56:15 INFO      alpha regression:         0.02
13.02.2018 09:56:15 INFO      Debug mode:               False
13.02.2018 09:56:39 INFO    Starting training
Train on 7995920 samples, validate on 1998980 samples
Epoch 1/20
2018-02-13 09:56:40.835784: W tensorflow/core/platform/cpu_feature_guard.cc:45] The TensorFlow library wasn't compiled to use SSE4.1 instructions, but these are available on your machine and could speed up CPU computations.
2018-02-13 09:56:40.836178: W tensorflow/core/platform/cpu_feature_guard.cc:45] The TensorFlow library wasn't compiled to use SSE4.2 instructions, but these are available on your machine and could speed up CPU computations.
2018-02-13 09:56:40.836187: W tensorflow/core/platform/cpu_feature_guard.cc:45] The TensorFlow library wasn't compiled to use AVX instructions, but these are available on your machine and could speed up CPU computations.
2018-02-13 09:56:40.836191: W tensorflow/core/platform/cpu_feature_guard.cc:45] The TensorFlow library wasn't compiled to use AVX2 instructions, but these are available on your machine and could speed up CPU computations.
2018-02-13 09:56:40.836195: W tensorflow/core/platform/cpu_feature_guard.cc:45] The TensorFlow library wasn't compiled to use FMA instructions, but these are available on your machine and could speed up CPU computations.
2018-02-13 09:56:41.399247: I tensorflow/core/common_runtime/gpu/gpu_device.cc:940] Found device 0 with properties: 
name: Tesla K80
major: 3 minor: 7 memoryClockRate (GHz) 0.8235
pciBusID 0000:84:00.0
Total memory: 11.17GiB
Free memory: 11.10GiB
2018-02-13 09:56:41.399281: I tensorflow/core/common_runtime/gpu/gpu_device.cc:961] DMA: 0 
2018-02-13 09:56:41.399287: I tensorflow/core/common_runtime/gpu/gpu_device.cc:971] 0:   Y 
2018-02-13 09:56:41.399295: I tensorflow/core/common_runtime/gpu/gpu_device.cc:1030] Creating TensorFlow device (/gpu:0) -> (device: 0, name: Tesla K80, pci bus id: 0000:84:00.0)
1742s - loss: 0.6680 - loss_function_ratio_regression: 0.1594 - loss_function_carl_kl: 10.7289 - loss_function_score: 2.4066 - trimmed_cross_entropy: 0.6262 - trimmed_mse_log_r: 0.1494 - trimmed_mse_score: 0.4940 - val_loss: 0.6700 - val_loss_function_ratio_regression: 0.1463 - val_loss_function_carl_kl: 11.0444 - val_loss_function_score: 0.5658 - val_trimmed_cross_entropy: 0.6281 - val_trimmed_mse_log_r: 0.1372 - val_trimmed_mse_score: 0.2490
Epoch 2/20
