27.03.2018 11:00:48 INFO    Welcome! How are you today?
27.03.2018 11:00:48 INFO    Tasks:
27.03.2018 11:00:48 INFO      Baseline training:                 False
27.03.2018 11:00:48 INFO      Random training:                   False
27.03.2018 11:00:48 INFO      Morphing training:                 False
27.03.2018 11:00:48 INFO      Point-by-point training:           False
27.03.2018 11:00:48 INFO      Score regression training:         False
27.03.2018 11:00:48 INFO      Calibration:                       False
27.03.2018 11:00:48 INFO      Recalibration:                     True
27.03.2018 11:00:48 INFO      Likelihood ratio eval:             False
27.03.2018 11:00:48 INFO      Neyman construction:               False
27.03.2018 11:00:48 INFO      Neyman construction (alternative): False
27.03.2018 11:00:48 INFO      Neyman construction (alternative): False
27.03.2018 11:00:48 INFO      Roaming:                           False
27.03.2018 11:00:48 INFO    Options:
27.03.2018 11:00:48 INFO      Denominator:                       standard
27.03.2018 11:00:48 INFO      New samples (no NaN removal):      True
27.03.2018 11:00:48 INFO      Dry run:                           False
27.03.2018 11:10:03 INFO    Splitting...
27.03.2018 11:10:29 INFO    Number of events:
27.03.2018 11:10:29 INFO      All:    821636
27.03.2018 11:10:29 INFO      Training:    575145
27.03.2018 11:10:29 INFO      Calibration: 82164
27.03.2018 11:10:29 INFO      Evaluation:  164327
27.03.2018 11:10:31 INFO    Normalizing probabilities
27.03.2018 11:10:43 INFO    Generating recalibration sample
generate_data.py:667: RuntimeWarning: divide by zero encountered in log
  r[(~np.isfinite(np.log(r))) & (r < 1.)] = 1. / settings.new_samples_nan_r
27.03.2018 11:12:19 INFO    Done!
