Using TensorFlow backend.
13.02.2018 11:36:56 INFO    Hi! How are you today?
13.02.2018 11:36:56 INFO    Startup options:
13.02.2018 11:36:56 INFO      Algorithm:                     regression
13.02.2018 11:36:56 INFO      Point by point:                False
13.02.2018 11:36:56 INFO      Morphing-aware mode:           False
13.02.2018 11:36:56 INFO      Smeared data:                  False
13.02.2018 11:36:56 INFO      Training sample:               baseline
13.02.2018 11:36:56 INFO      AFC X indices:                 [1, 38, 39, 40, 41]
13.02.2018 11:36:56 INFO      AFC epsilon:                   None
13.02.2018 11:36:56 INFO      Neyman construction toys:      False
13.02.2018 11:36:56 INFO      Other options:                 ['slowlearning']
13.02.2018 11:36:56 INFO      Base directory:                /home/jb6504/higgs_inference
13.02.2018 11:36:56 INFO      ML-based strategies available: True
13.02.2018 11:36:56 INFO    Starting parameterized inference
13.02.2018 11:36:56 INFO    Main settings:
13.02.2018 11:36:56 INFO      Algorithm:                regression
13.02.2018 11:36:56 INFO      Morphing-aware:           False
13.02.2018 11:36:56 INFO      Training sample:          baseline
13.02.2018 11:36:56 INFO    Options:
13.02.2018 11:36:56 INFO      Learning rate:            0.0001
13.02.2018 11:36:56 INFO      Number of epochs:         20
13.02.2018 11:36:56 INFO      Number of hidden layers:  2
13.02.2018 11:36:56 INFO      alpha carl:               0.35
13.02.2018 11:36:56 INFO      alpha regression:         0.02
13.02.2018 11:36:56 INFO      Debug mode:               False
13.02.2018 11:37:21 INFO    Starting training
Train on 7995920 samples, validate on 1998980 samples
Epoch 1/20
2018-02-13 11:37:22.491172: W tensorflow/core/platform/cpu_feature_guard.cc:45] The TensorFlow library wasn't compiled to use SSE4.1 instructions, but these are available on your machine and could speed up CPU computations.
2018-02-13 11:37:22.491539: W tensorflow/core/platform/cpu_feature_guard.cc:45] The TensorFlow library wasn't compiled to use SSE4.2 instructions, but these are available on your machine and could speed up CPU computations.
2018-02-13 11:37:22.491547: W tensorflow/core/platform/cpu_feature_guard.cc:45] The TensorFlow library wasn't compiled to use AVX instructions, but these are available on your machine and could speed up CPU computations.
2018-02-13 11:37:22.491551: W tensorflow/core/platform/cpu_feature_guard.cc:45] The TensorFlow library wasn't compiled to use AVX2 instructions, but these are available on your machine and could speed up CPU computations.
2018-02-13 11:37:22.491555: W tensorflow/core/platform/cpu_feature_guard.cc:45] The TensorFlow library wasn't compiled to use FMA instructions, but these are available on your machine and could speed up CPU computations.
2018-02-13 11:37:22.785288: I tensorflow/core/common_runtime/gpu/gpu_device.cc:940] Found device 0 with properties: 
name: Tesla K80
major: 3 minor: 7 memoryClockRate (GHz) 0.8235
pciBusID 0000:85:00.0
Total memory: 11.17GiB
Free memory: 11.10GiB
2018-02-13 11:37:22.785324: I tensorflow/core/common_runtime/gpu/gpu_device.cc:961] DMA: 0 
2018-02-13 11:37:22.785330: I tensorflow/core/common_runtime/gpu/gpu_device.cc:971] 0:   Y 
2018-02-13 11:37:22.785339: I tensorflow/core/common_runtime/gpu/gpu_device.cc:1030] Creating TensorFlow device (/gpu:0) -> (device: 0, name: Tesla K80, pci bus id: 0000:85:00.0)
1517s - loss: 0.0334 - loss_function_carl: 0.6600 - loss_function_carl_kl: 10.6085 - loss_function_score: 1.3443 - trimmed_cross_entropy: 0.6187 - trimmed_mse_log_r: 0.0313 - trimmed_mse_score: 0.1495 - val_loss: 0.0310 - val_loss_function_carl: 0.6603 - val_loss_function_carl_kl: 10.7452 - val_loss_function_score: 0.3434 - val_trimmed_cross_entropy: 0.6191 - val_trimmed_mse_log_r: 0.0290 - val_trimmed_mse_score: 0.1330
Epoch 2/20
1517s - loss: 0.0185 - loss_function_carl: 0.6591 - loss_function_carl_kl: 10.6035 - loss_function_score: 1.1174 - trimmed_cross_entropy: 0.6179 - trimmed_mse_log_r: 0.0173 - trimmed_mse_score: 0.1223 - val_loss: 0.0361 - val_loss_function_carl: 0.6609 - val_loss_function_carl_kl: 10.6801 - val_loss_function_score: 0.3780 - val_trimmed_cross_entropy: 0.6196 - val_trimmed_mse_log_r: 0.0339 - val_trimmed_mse_score: 0.1549
Epoch 3/20
1510s - loss: 0.0173 - loss_function_carl: 0.6590 - loss_function_carl_kl: 10.6033 - loss_function_score: 1.1214 - trimmed_cross_entropy: 0.6178 - trimmed_mse_log_r: 0.0163 - trimmed_mse_score: 0.1316 - val_loss: 0.0371 - val_loss_function_carl: 0.6609 - val_loss_function_carl_kl: 10.4296 - val_loss_function_score: 0.3837 - val_trimmed_cross_entropy: 0.6196 - val_trimmed_mse_log_r: 0.0348 - val_trimmed_mse_score: 0.1613
Epoch 4/20
1518s - loss: 0.0168 - loss_function_carl: 0.6590 - loss_function_carl_kl: 10.6028 - loss_function_score: 1.1174 - trimmed_cross_entropy: 0.6178 - trimmed_mse_log_r: 0.0157 - trimmed_mse_score: 0.1364 - val_loss: 0.0359 - val_loss_function_carl: 0.6608 - val_loss_function_carl_kl: 10.8342 - val_loss_function_score: 0.4030 - val_trimmed_cross_entropy: 0.6195 - val_trimmed_mse_log_r: 0.0337 - val_trimmed_mse_score: 0.1682
Epoch 5/20
1518s - loss: 0.0163 - loss_function_carl: 0.6589 - loss_function_carl_kl: 10.6025 - loss_function_score: 1.1193 - trimmed_cross_entropy: 0.6177 - trimmed_mse_log_r: 0.0153 - trimmed_mse_score: 0.1442 - val_loss: 0.0314 - val_loss_function_carl: 0.6605 - val_loss_function_carl_kl: 10.5170 - val_loss_function_score: 0.4214 - val_trimmed_cross_entropy: 0.6192 - val_trimmed_mse_log_r: 0.0294 - val_trimmed_mse_score: 0.1860
Epoch 6/20
1520s - loss: 0.0161 - loss_function_carl: 0.6589 - loss_function_carl_kl: 10.6029 - loss_function_score: 1.1319 - trimmed_cross_entropy: 0.6178 - trimmed_mse_log_r: 0.0151 - trimmed_mse_score: 0.1506 - val_loss: 0.0338 - val_loss_function_carl: 0.6606 - val_loss_function_carl_kl: 10.6331 - val_loss_function_score: 0.4249 - val_trimmed_cross_entropy: 0.6193 - val_trimmed_mse_log_r: 0.0317 - val_trimmed_mse_score: 0.1805
Epoch 7/20
1512s - loss: 0.0160 - loss_function_carl: 0.6589 - loss_function_carl_kl: 10.6027 - loss_function_score: 1.1560 - trimmed_cross_entropy: 0.6177 - trimmed_mse_log_r: 0.0150 - trimmed_mse_score: 0.1570 - val_loss: 0.0348 - val_loss_function_carl: 0.6608 - val_loss_function_carl_kl: 10.7346 - val_loss_function_score: 0.4255 - val_trimmed_cross_entropy: 0.6195 - val_trimmed_mse_log_r: 0.0326 - val_trimmed_mse_score: 0.1846
Epoch 00006: early stopping
13.02.2018 14:34:18 INFO    Starting evaluation
13.02.2018 14:55:37 INFO    Starting roaming
13.02.2018 14:55:43 INFO    That's it -- have a great day!
Using TensorFlow backend.
13.02.2018 14:55:45 INFO    Hi! How are you today?
13.02.2018 14:55:45 INFO    Startup options:
13.02.2018 14:55:45 INFO      Algorithm:                     regression
13.02.2018 14:55:45 INFO      Point by point:                False
13.02.2018 14:55:45 INFO      Morphing-aware mode:           False
13.02.2018 14:55:45 INFO      Smeared data:                  False
13.02.2018 14:55:45 INFO      Training sample:               baseline
13.02.2018 14:55:45 INFO      AFC X indices:                 [1, 38, 39, 40, 41]
13.02.2018 14:55:45 INFO      AFC epsilon:                   None
13.02.2018 14:55:45 INFO      Neyman construction toys:      False
13.02.2018 14:55:45 INFO      Other options:                 ['smallbatch']
13.02.2018 14:55:45 INFO      Base directory:                /home/jb6504/higgs_inference
13.02.2018 14:55:45 INFO      ML-based strategies available: True
13.02.2018 14:55:45 INFO    Starting parameterized inference
13.02.2018 14:55:45 INFO    Main settings:
13.02.2018 14:55:45 INFO      Algorithm:                regression
13.02.2018 14:55:45 INFO      Morphing-aware:           False
13.02.2018 14:55:45 INFO      Training sample:          baseline
13.02.2018 14:55:45 INFO    Options:
13.02.2018 14:55:45 INFO      Number of hidden layers:  2
13.02.2018 14:55:45 INFO      alpha carl:               0.35
13.02.2018 14:55:45 INFO      alpha regression:         0.02
13.02.2018 14:55:45 INFO      Batch size:               16
13.02.2018 14:55:45 INFO      Learning rate:            0.001
13.02.2018 14:55:45 INFO      Number of epochs:         20
13.02.2018 14:55:45 INFO      Debug mode:               False
13.02.2018 14:56:11 INFO    Starting training
Train on 7995920 samples, validate on 1998980 samples
Epoch 1/20
2018-02-13 14:56:12.466917: W tensorflow/core/platform/cpu_feature_guard.cc:45] The TensorFlow library wasn't compiled to use SSE4.1 instructions, but these are available on your machine and could speed up CPU computations.
2018-02-13 14:56:12.467305: W tensorflow/core/platform/cpu_feature_guard.cc:45] The TensorFlow library wasn't compiled to use SSE4.2 instructions, but these are available on your machine and could speed up CPU computations.
2018-02-13 14:56:12.467313: W tensorflow/core/platform/cpu_feature_guard.cc:45] The TensorFlow library wasn't compiled to use AVX instructions, but these are available on your machine and could speed up CPU computations.
2018-02-13 14:56:12.467317: W tensorflow/core/platform/cpu_feature_guard.cc:45] The TensorFlow library wasn't compiled to use AVX2 instructions, but these are available on your machine and could speed up CPU computations.
2018-02-13 14:56:12.467322: W tensorflow/core/platform/cpu_feature_guard.cc:45] The TensorFlow library wasn't compiled to use FMA instructions, but these are available on your machine and could speed up CPU computations.
2018-02-13 14:56:12.764941: I tensorflow/core/common_runtime/gpu/gpu_device.cc:940] Found device 0 with properties: 
name: Tesla K80
major: 3 minor: 7 memoryClockRate (GHz) 0.8235
pciBusID 0000:85:00.0
Total memory: 11.17GiB
Free memory: 11.10GiB
2018-02-13 14:56:12.764978: I tensorflow/core/common_runtime/gpu/gpu_device.cc:961] DMA: 0 
2018-02-13 14:56:12.764984: I tensorflow/core/common_runtime/gpu/gpu_device.cc:971] 0:   Y 
2018-02-13 14:56:12.764994: I tensorflow/core/common_runtime/gpu/gpu_device.cc:1030] Creating TensorFlow device (/gpu:0) -> (device: 0, name: Tesla K80, pci bus id: 0000:85:00.0)
