Using TensorFlow backend.
16.07.2018 11:30:31 INFO    Hi! How are you today?
16.07.2018 11:30:31 INFO    Startup options:
16.07.2018 11:30:31 INFO      Algorithm:                     regression
16.07.2018 11:30:31 INFO      Point by point:                False
16.07.2018 11:30:31 INFO      Morphing-aware mode:           False
16.07.2018 11:30:31 INFO      Smeared data:                  False
16.07.2018 11:30:31 INFO      Training sample:               baseline
16.07.2018 11:30:31 INFO      alpha:                         None
16.07.2018 11:30:31 INFO      Histogram / AFC X indices:     [1, 38, 39, 40, 41]
16.07.2018 11:30:31 INFO      AFC epsilon:                   None
16.07.2018 11:30:31 INFO      Denominator theta:             True
16.07.2018 11:30:31 INFO      Neyman construction toys:      0
16.07.2018 11:30:31 INFO      Training sample size limit:    100000
16.07.2018 11:30:31 INFO      Other options:                 ['neyman2']
16.07.2018 11:30:31 INFO      Base directory:                /home/jb6504/higgs_inference
16.07.2018 11:30:31 INFO      ML-based strategies available: True
16.07.2018 11:30:31 INFO    Starting parameterized inference
16.07.2018 11:30:31 INFO    Main settings:
16.07.2018 11:30:31 INFO      Algorithm:                regression
16.07.2018 11:30:31 INFO      Morphing-aware:           False
16.07.2018 11:30:31 INFO      Training sample:          baseline
16.07.2018 11:30:31 INFO      Denominator theta:        denominator 0 = theta 708 = [ 0.39293227  0.43229216]
16.07.2018 11:30:31 INFO    Options:
16.07.2018 11:30:31 INFO      Number of hidden layers:  3
16.07.2018 11:30:31 INFO      Batch size:               128
16.07.2018 11:30:31 INFO      Learning rate:            0.001
16.07.2018 11:30:31 INFO      Learning rate decay:      0.000921034037198
16.07.2018 11:30:31 INFO      Number of epochs:         5000
16.07.2018 11:30:31 INFO      Training samples:         100000
16.07.2018 11:30:31 INFO      NC experiments:           (10000 alternate + 10000 null) experiments with 1 alternate events each
16.07.2018 11:30:31 INFO      Debug mode:               False
16.07.2018 11:30:51 INFO    Reduced training sample size from 9999997 to 100000 (factor 100)
16.07.2018 11:31:04 INFO    Starting training
2018-07-16 11:31:05.535201: W tensorflow/core/platform/cpu_feature_guard.cc:45] The TensorFlow library wasn't compiled to use SSE4.1 instructions, but these are available on your machine and could speed up CPU computations.
2018-07-16 11:31:05.535249: W tensorflow/core/platform/cpu_feature_guard.cc:45] The TensorFlow library wasn't compiled to use SSE4.2 instructions, but these are available on your machine and could speed up CPU computations.
2018-07-16 11:31:05.535253: W tensorflow/core/platform/cpu_feature_guard.cc:45] The TensorFlow library wasn't compiled to use AVX instructions, but these are available on your machine and could speed up CPU computations.
2018-07-16 11:31:05.535257: W tensorflow/core/platform/cpu_feature_guard.cc:45] The TensorFlow library wasn't compiled to use AVX2 instructions, but these are available on your machine and could speed up CPU computations.
2018-07-16 11:31:05.535261: W tensorflow/core/platform/cpu_feature_guard.cc:45] The TensorFlow library wasn't compiled to use FMA instructions, but these are available on your machine and could speed up CPU computations.
2018-07-16 11:31:05.732180: I tensorflow/core/common_runtime/gpu/gpu_device.cc:940] Found device 0 with properties: 
name: Tesla K80
major: 3 minor: 7 memoryClockRate (GHz) 0.8235
pciBusID 0000:05:00.0
Total memory: 11.17GiB
Free memory: 11.10GiB
2018-07-16 11:31:05.732216: I tensorflow/core/common_runtime/gpu/gpu_device.cc:961] DMA: 0 
2018-07-16 11:31:05.732222: I tensorflow/core/common_runtime/gpu/gpu_device.cc:971] 0:   Y 
2018-07-16 11:31:05.732230: I tensorflow/core/common_runtime/gpu/gpu_device.cc:1030] Creating TensorFlow device (/gpu:0) -> (device: 0, name: Tesla K80, pci bus id: 0000:05:00.0)
Epoch 01013: early stopping
16.07.2018 12:46:20 INFO    Starting evaluation
16.07.2018 12:54:42 INFO    Starting theta 100 / 1017
16.07.2018 12:58:04 INFO    Starting theta 200 / 1017
16.07.2018 13:01:26 INFO    Starting theta 300 / 1017
16.07.2018 13:04:48 INFO    Starting theta 400 / 1017
16.07.2018 13:08:10 INFO    Starting theta 500 / 1017
16.07.2018 13:11:32 INFO    Starting theta 600 / 1017
16.07.2018 13:14:53 INFO    Starting theta 700 / 1017
16.07.2018 13:18:15 INFO    Starting theta 800 / 1017
16.07.2018 13:21:36 INFO    Starting theta 900 / 1017
16.07.2018 13:24:58 INFO    Starting theta 1000 / 1017
16.07.2018 13:25:34 INFO    Evaluation timing: median 1.42552304268 s, mean 1.42602411812 s
16.07.2018 13:25:34 INFO    Starting roaming
16.07.2018 13:26:04 INFO    Starting calibrated evaluation and roaming
16.07.2018 15:10:27 INFO    Starting theta 100 / 1017
