Using TensorFlow backend.
15.02.2018 07:03:47 INFO    Hi! How are you today?
15.02.2018 07:03:47 INFO    Startup options:
15.02.2018 07:03:47 INFO      Algorithm:                     carl
15.02.2018 07:03:47 INFO      Point by point:                False
15.02.2018 07:03:47 INFO      Morphing-aware mode:           True
15.02.2018 07:03:47 INFO      Smeared data:                  False
15.02.2018 07:03:47 INFO      Training sample:               baseline
15.02.2018 07:03:47 INFO      AFC X indices:                 [1, 38, 39, 40, 41]
15.02.2018 07:03:47 INFO      alpha:                         None
15.02.2018 07:03:47 INFO      AFC epsilon:                   None
15.02.2018 07:03:47 INFO      Neyman construction toys:      False
15.02.2018 07:03:47 INFO      Other options:                 
15.02.2018 07:03:47 INFO      Base directory:                /home/jb6504/higgs_inference
15.02.2018 07:03:47 INFO      ML-based strategies available: True
15.02.2018 07:03:47 INFO    Starting parameterized inference
15.02.2018 07:03:47 INFO    Main settings:
15.02.2018 07:03:47 INFO      Algorithm:                carl
15.02.2018 07:03:47 INFO      Morphing-aware:           True
15.02.2018 07:03:47 INFO      Training sample:          baseline
15.02.2018 07:03:47 INFO    Options:
15.02.2018 07:03:47 INFO      Number of hidden layers:  2
15.02.2018 07:03:47 INFO      Batch size:               128
15.02.2018 07:03:47 INFO      Learning rate:            0.001
15.02.2018 07:03:47 INFO      Learning rate decay:      0.0
15.02.2018 07:03:47 INFO      Number of epochs:         20
15.02.2018 07:03:47 INFO      Debug mode:               False
