Using TensorFlow backend.
21.02.2018 04:22:48 INFO    Hi! How are you today?
21.02.2018 04:22:48 INFO    Startup options:
21.02.2018 04:22:48 INFO      Algorithm:                     combinedregression
21.02.2018 04:22:48 INFO      Point by point:                False
21.02.2018 04:22:48 INFO      Morphing-aware mode:           False
21.02.2018 04:22:48 INFO      Smeared data:                  False
21.02.2018 04:22:48 INFO      Training sample:               baseline
21.02.2018 04:22:48 INFO      AFC X indices:                 [1, 38, 39, 40, 41]
21.02.2018 04:22:48 INFO      alpha:                         None
21.02.2018 04:22:48 INFO      AFC epsilon:                   None
21.02.2018 04:22:48 INFO      Neyman construction toys:      False
21.02.2018 04:22:48 INFO      Other options:                 ['shallow']
21.02.2018 04:22:48 INFO      Base directory:                /home/jb6504/higgs_inference
21.02.2018 04:22:48 INFO      ML-based strategies available: True
21.02.2018 04:22:48 INFO    Starting parameterized inference
21.02.2018 04:22:48 INFO    Main settings:
21.02.2018 04:22:48 INFO      Algorithm:                combinedregression
21.02.2018 04:22:48 INFO      Morphing-aware:           False
21.02.2018 04:22:48 INFO      Training sample:          baseline
21.02.2018 04:22:48 INFO    Options:
21.02.2018 04:22:48 INFO      Number of hidden layers:  2
21.02.2018 04:22:48 INFO      alpha:                    20.0
21.02.2018 04:22:48 INFO      Batch size:               128
21.02.2018 04:22:48 INFO      Learning rate:            0.001
21.02.2018 04:22:48 INFO      Learning rate decay:      0.0921034037198
21.02.2018 04:22:48 INFO      Number of epochs:         50
21.02.2018 04:22:48 INFO      Debug mode:               False
21.02.2018 04:23:18 INFO    Starting training
Train on 7995920 samples, validate on 1998980 samples
2018-02-21 04:23:19.332710: W tensorflow/core/platform/cpu_feature_guard.cc:45] The TensorFlow library wasn't compiled to use SSE4.1 instructions, but these are available on your machine and could speed up CPU computations.
2018-02-21 04:23:19.334335: W tensorflow/core/platform/cpu_feature_guard.cc:45] The TensorFlow library wasn't compiled to use SSE4.2 instructions, but these are available on your machine and could speed up CPU computations.
2018-02-21 04:23:19.334345: W tensorflow/core/platform/cpu_feature_guard.cc:45] The TensorFlow library wasn't compiled to use AVX instructions, but these are available on your machine and could speed up CPU computations.
2018-02-21 04:23:19.334348: W tensorflow/core/platform/cpu_feature_guard.cc:45] The TensorFlow library wasn't compiled to use AVX2 instructions, but these are available on your machine and could speed up CPU computations.
2018-02-21 04:23:19.334352: W tensorflow/core/platform/cpu_feature_guard.cc:45] The TensorFlow library wasn't compiled to use FMA instructions, but these are available on your machine and could speed up CPU computations.
2018-02-21 04:23:19.622792: I tensorflow/core/common_runtime/gpu/gpu_device.cc:940] Found device 0 with properties: 
name: Tesla K80
major: 3 minor: 7 memoryClockRate (GHz) 0.8235
pciBusID 0000:85:00.0
Total memory: 11.17GiB
Free memory: 11.10GiB
2018-02-21 04:23:19.622830: I tensorflow/core/common_runtime/gpu/gpu_device.cc:961] DMA: 0 
2018-02-21 04:23:19.622836: I tensorflow/core/common_runtime/gpu/gpu_device.cc:971] 0:   Y 
2018-02-21 04:23:19.622845: I tensorflow/core/common_runtime/gpu/gpu_device.cc:1030] Creating TensorFlow device (/gpu:0) -> (device: 0, name: Tesla K80, pci bus id: 0000:85:00.0)
Epoch 1/50
441s - loss: 776.1757 - full_cross_entropy: 0.6659 - trimmed_cross_entropy: 0.6555 - full_mse_log_r: 0.0920 - trimmed_mse_log_r: 0.0906 - full_mae_log_r: 0.1758 - full_mse_score: 1.3200 - trimmed_mse_score: 0.3236 - full_mae_score: 0.2321 - val_loss: 700.7542 - val_full_cross_entropy: 0.6638 - val_trimmed_cross_entropy: 0.6534 - val_full_mse_log_r: 0.0691 - val_trimmed_mse_log_r: 0.0680 - val_full_mae_log_r: 0.1345 - val_full_mse_score: 1.0783 - val_trimmed_mse_score: 0.2097 - val_full_mae_score: 0.1855
Epoch 2/50
439s - loss: 756.3307 - full_cross_entropy: 0.6613 - trimmed_cross_entropy: 0.6509 - full_mse_log_r: 0.0407 - trimmed_mse_log_r: 0.0401 - full_mae_log_r: 0.1214 - full_mse_score: 0.9770 - trimmed_mse_score: 0.1788 - full_mae_score: 0.1772 - val_loss: 710.8329 - val_full_cross_entropy: 0.6608 - val_trimmed_cross_entropy: 0.6505 - val_full_mse_log_r: 0.0376 - val_trimmed_mse_log_r: 0.0370 - val_full_mae_log_r: 0.1128 - val_full_mse_score: 0.9874 - val_trimmed_mse_score: 0.1728 - val_full_mae_score: 0.1702
Epoch 3/50
441s - loss: 736.4316 - full_cross_entropy: 0.6607 - trimmed_cross_entropy: 0.6504 - full_mse_log_r: 0.0328 - trimmed_mse_log_r: 0.0322 - full_mae_log_r: 0.1101 - full_mse_score: 0.8733 - trimmed_mse_score: 0.1505 - full_mae_score: 0.1623 - val_loss: 709.9761 - val_full_cross_entropy: 0.6605 - val_trimmed_cross_entropy: 0.6502 - val_full_mse_log_r: 0.0331 - val_trimmed_mse_log_r: 0.0326 - val_full_mae_log_r: 0.1103 - val_full_mse_score: 0.8295 - val_trimmed_mse_score: 0.1384 - val_full_mae_score: 0.1590
Epoch 4/50
439s - loss: 723.4682 - full_cross_entropy: 0.6603 - trimmed_cross_entropy: 0.6500 - full_mse_log_r: 0.0279 - trimmed_mse_log_r: 0.0275 - full_mae_log_r: 0.1018 - full_mse_score: 0.7918 - trimmed_mse_score: 0.1300 - full_mae_score: 0.1521 - val_loss: 682.3494 - val_full_cross_entropy: 0.6602 - val_trimmed_cross_entropy: 0.6498 - val_full_mse_log_r: 0.0277 - val_trimmed_mse_log_r: 0.0273 - val_full_mae_log_r: 0.1030 - val_full_mse_score: 0.8159 - val_trimmed_mse_score: 0.1313 - val_full_mae_score: 0.1503
Epoch 5/50
441s - loss: 722.7659 - full_cross_entropy: 0.6600 - trimmed_cross_entropy: 0.6497 - full_mse_log_r: 0.0249 - trimmed_mse_log_r: 0.0246 - full_mae_log_r: 0.0967 - full_mse_score: 0.7464 - trimmed_mse_score: 0.1173 - full_mae_score: 0.1452 - val_loss: 655.0420 - val_full_cross_entropy: 0.6604 - val_trimmed_cross_entropy: 0.6500 - val_full_mse_log_r: 0.0293 - val_trimmed_mse_log_r: 0.0288 - val_full_mae_log_r: 0.1010 - val_full_mse_score: 0.7232 - val_trimmed_mse_score: 0.1162 - val_full_mae_score: 0.1436
Epoch 6/50
440s - loss: 713.9237 - full_cross_entropy: 0.6598 - trimmed_cross_entropy: 0.6495 - full_mse_log_r: 0.0223 - trimmed_mse_log_r: 0.0219 - full_mae_log_r: 0.0912 - full_mse_score: 0.7007 - trimmed_mse_score: 0.1078 - full_mae_score: 0.1389 - val_loss: 646.6983 - val_full_cross_entropy: 0.6595 - val_trimmed_cross_entropy: 0.6492 - val_full_mse_log_r: 0.0195 - val_trimmed_mse_log_r: 0.0192 - val_full_mae_log_r: 0.0838 - val_full_mse_score: 0.6945 - val_trimmed_mse_score: 0.1074 - val_full_mae_score: 0.1376
Epoch 7/50
440s - loss: 688.7724 - full_cross_entropy: 0.6596 - trimmed_cross_entropy: 0.6493 - full_mse_log_r: 0.0202 - trimmed_mse_log_r: 0.0199 - full_mae_log_r: 0.0867 - full_mse_score: 0.6648 - trimmed_mse_score: 0.0998 - full_mae_score: 0.1335 - val_loss: 648.8797 - val_full_cross_entropy: 0.6596 - val_trimmed_cross_entropy: 0.6493 - val_full_mse_log_r: 0.0207 - val_trimmed_mse_log_r: 0.0204 - val_full_mae_log_r: 0.0831 - val_full_mse_score: 0.6536 - val_trimmed_mse_score: 0.1007 - val_full_mae_score: 0.1311
Epoch 8/50
440s - loss: 689.0486 - full_cross_entropy: 0.6595 - trimmed_cross_entropy: 0.6492 - full_mse_log_r: 0.0185 - trimmed_mse_log_r: 0.0183 - full_mae_log_r: 0.0827 - full_mse_score: 0.6342 - trimmed_mse_score: 0.0930 - full_mae_score: 0.1288 - val_loss: 657.8498 - val_full_cross_entropy: 0.6599 - val_trimmed_cross_entropy: 0.6496 - val_full_mse_log_r: 0.0223 - val_trimmed_mse_log_r: 0.0220 - val_full_mae_log_r: 0.1024 - val_full_mse_score: 0.6502 - val_trimmed_mse_score: 0.0956 - val_full_mae_score: 0.1274
Epoch 9/50
440s - loss: 688.6517 - full_cross_entropy: 0.6593 - trimmed_cross_entropy: 0.6490 - full_mse_log_r: 0.0169 - trimmed_mse_log_r: 0.0167 - full_mae_log_r: 0.0786 - full_mse_score: 0.6102 - trimmed_mse_score: 0.0882 - full_mae_score: 0.1245 - val_loss: 632.8217 - val_full_cross_entropy: 0.6592 - val_trimmed_cross_entropy: 0.6489 - val_full_mse_log_r: 0.0161 - val_trimmed_mse_log_r: 0.0159 - val_full_mae_log_r: 0.0786 - val_full_mse_score: 0.5973 - val_trimmed_mse_score: 0.0861 - val_full_mae_score: 0.1213
Epoch 10/50
440s - loss: 683.9418 - full_cross_entropy: 0.6592 - trimmed_cross_entropy: 0.6489 - full_mse_log_r: 0.0155 - trimmed_mse_log_r: 0.0152 - full_mae_log_r: 0.0746 - full_mse_score: 0.5832 - trimmed_mse_score: 0.0818 - full_mae_score: 0.1204 - val_loss: 645.7903 - val_full_cross_entropy: 0.6588 - val_trimmed_cross_entropy: 0.6485 - val_full_mse_log_r: 0.0122 - val_trimmed_mse_log_r: 0.0120 - val_full_mae_log_r: 0.0612 - val_full_mse_score: 0.5550 - val_trimmed_mse_score: 0.0790 - val_full_mae_score: 0.1163
Epoch 11/50
440s - loss: 695.5016 - full_cross_entropy: 0.6591 - trimmed_cross_entropy: 0.6488 - full_mse_log_r: 0.0143 - trimmed_mse_log_r: 0.0141 - full_mae_log_r: 0.0717 - full_mse_score: 0.5588 - trimmed_mse_score: 0.0769 - full_mae_score: 0.1169 - val_loss: 622.6661 - val_full_cross_entropy: 0.6589 - val_trimmed_cross_entropy: 0.6486 - val_full_mse_log_r: 0.0129 - val_trimmed_mse_log_r: 0.0127 - val_full_mae_log_r: 0.0626 - val_full_mse_score: 0.6022 - val_trimmed_mse_score: 0.0849 - val_full_mae_score: 0.1184
Epoch 12/50
440s - loss: 673.7480 - full_cross_entropy: 0.6590 - trimmed_cross_entropy: 0.6487 - full_mse_log_r: 0.0133 - trimmed_mse_log_r: 0.0131 - full_mae_log_r: 0.0689 - full_mse_score: 0.5386 - trimmed_mse_score: 0.0717 - full_mae_score: 0.1137 - val_loss: 636.8771 - val_full_cross_entropy: 0.6590 - val_trimmed_cross_entropy: 0.6487 - val_full_mse_log_r: 0.0135 - val_trimmed_mse_log_r: 0.0132 - val_full_mae_log_r: 0.0695 - val_full_mse_score: 0.5830 - val_trimmed_mse_score: 0.0790 - val_full_mae_score: 0.1151
Epoch 13/50
439s - loss: 681.6766 - full_cross_entropy: 0.6589 - trimmed_cross_entropy: 0.6486 - full_mse_log_r: 0.0124 - trimmed_mse_log_r: 0.0122 - full_mae_log_r: 0.0661 - full_mse_score: 0.5204 - trimmed_mse_score: 0.0674 - full_mae_score: 0.1106 - val_loss: 626.0375 - val_full_cross_entropy: 0.6587 - val_trimmed_cross_entropy: 0.6484 - val_full_mse_log_r: 0.0101 - val_trimmed_mse_log_r: 0.0100 - val_full_mae_log_r: 0.0553 - val_full_mse_score: 0.5051 - val_trimmed_mse_score: 0.0700 - val_full_mae_score: 0.1090
Epoch 14/50
440s - loss: 671.5365 - full_cross_entropy: 0.6589 - trimmed_cross_entropy: 0.6486 - full_mse_log_r: 0.0115 - trimmed_mse_log_r: 0.0114 - full_mae_log_r: 0.0633 - full_mse_score: 0.4997 - trimmed_mse_score: 0.0651 - full_mae_score: 0.1075 - val_loss: 623.4054 - val_full_cross_entropy: 0.6589 - val_trimmed_cross_entropy: 0.6486 - val_full_mse_log_r: 0.0120 - val_trimmed_mse_log_r: 0.0118 - val_full_mae_log_r: 0.0722 - val_full_mse_score: 0.4845 - val_trimmed_mse_score: 0.0644 - val_full_mae_score: 0.1045
Epoch 15/50
440s - loss: 673.7208 - full_cross_entropy: 0.6588 - trimmed_cross_entropy: 0.6485 - full_mse_log_r: 0.0108 - trimmed_mse_log_r: 0.0106 - full_mae_log_r: 0.0609 - full_mse_score: 0.4826 - trimmed_mse_score: 0.0621 - full_mae_score: 0.1049 - val_loss: 608.3699 - val_full_cross_entropy: 0.6588 - val_trimmed_cross_entropy: 0.6485 - val_full_mse_log_r: 0.0110 - val_trimmed_mse_log_r: 0.0108 - val_full_mae_log_r: 0.0657 - val_full_mse_score: 0.4807 - val_trimmed_mse_score: 0.0648 - val_full_mae_score: 0.1047
Epoch 16/50
440s - loss: 660.2327 - full_cross_entropy: 0.6588 - trimmed_cross_entropy: 0.6485 - full_mse_log_r: 0.0102 - trimmed_mse_log_r: 0.0100 - full_mae_log_r: 0.0592 - full_mse_score: 0.4682 - trimmed_mse_score: 0.0573 - full_mae_score: 0.1026 - val_loss: 602.6835 - val_full_cross_entropy: 0.6587 - val_trimmed_cross_entropy: 0.6484 - val_full_mse_log_r: 0.0095 - val_trimmed_mse_log_r: 0.0094 - val_full_mae_log_r: 0.0571 - val_full_mse_score: 0.4685 - val_trimmed_mse_score: 0.0608 - val_full_mae_score: 0.1031
Epoch 17/50
440s - loss: 666.2270 - full_cross_entropy: 0.6587 - trimmed_cross_entropy: 0.6484 - full_mse_log_r: 0.0097 - trimmed_mse_log_r: 0.0095 - full_mae_log_r: 0.0576 - full_mse_score: 0.4548 - trimmed_mse_score: 0.0558 - full_mae_score: 0.1005 - val_loss: 585.7364 - val_full_cross_entropy: 0.6588 - val_trimmed_cross_entropy: 0.6485 - val_full_mse_log_r: 0.0108 - val_trimmed_mse_log_r: 0.0106 - val_full_mae_log_r: 0.0582 - val_full_mse_score: 0.4558 - val_trimmed_mse_score: 0.0590 - val_full_mae_score: 0.0997
Epoch 18/50
439s - loss: 661.6470 - full_cross_entropy: 0.6587 - trimmed_cross_entropy: 0.6484 - full_mse_log_r: 0.0091 - trimmed_mse_log_r: 0.0090 - full_mae_log_r: 0.0556 - full_mse_score: 0.4420 - trimmed_mse_score: 0.0535 - full_mae_score: 0.0984 - val_loss: 600.4020 - val_full_cross_entropy: 0.6585 - val_trimmed_cross_entropy: 0.6482 - val_full_mse_log_r: 0.0082 - val_trimmed_mse_log_r: 0.0081 - val_full_mae_log_r: 0.0488 - val_full_mse_score: 0.4442 - val_trimmed_mse_score: 0.0573 - val_full_mae_score: 0.0977
Epoch 19/50
440s - loss: 651.3951 - full_cross_entropy: 0.6586 - trimmed_cross_entropy: 0.6483 - full_mse_log_r: 0.0087 - trimmed_mse_log_r: 0.0086 - full_mae_log_r: 0.0540 - full_mse_score: 0.4328 - trimmed_mse_score: 0.0528 - full_mae_score: 0.0967 - val_loss: 592.7546 - val_full_cross_entropy: 0.6586 - val_trimmed_cross_entropy: 0.6483 - val_full_mse_log_r: 0.0085 - val_trimmed_mse_log_r: 0.0084 - val_full_mae_log_r: 0.0508 - val_full_mse_score: 0.4432 - val_trimmed_mse_score: 0.0551 - val_full_mae_score: 0.0967
Epoch 20/50
441s - loss: 650.0159 - full_cross_entropy: 0.6586 - trimmed_cross_entropy: 0.6483 - full_mse_log_r: 0.0083 - trimmed_mse_log_r: 0.0082 - full_mae_log_r: 0.0524 - full_mse_score: 0.4239 - trimmed_mse_score: 0.0499 - full_mae_score: 0.0951 - val_loss: 602.6387 - val_full_cross_entropy: 0.6587 - val_trimmed_cross_entropy: 0.6484 - val_full_mse_log_r: 0.0095 - val_trimmed_mse_log_r: 0.0094 - val_full_mae_log_r: 0.0583 - val_full_mse_score: 0.4178 - val_trimmed_mse_score: 0.0516 - val_full_mae_score: 0.0943
Epoch 21/50
440s - loss: 669.0533 - full_cross_entropy: 0.6586 - trimmed_cross_entropy: 0.6483 - full_mse_log_r: 0.0079 - trimmed_mse_log_r: 0.0078 - full_mae_log_r: 0.0510 - full_mse_score: 0.4128 - trimmed_mse_score: 0.0488 - full_mae_score: 0.0936 - val_loss: 601.5901 - val_full_cross_entropy: 0.6585 - val_trimmed_cross_entropy: 0.6482 - val_full_mse_log_r: 0.0076 - val_trimmed_mse_log_r: 0.0075 - val_full_mae_log_r: 0.0491 - val_full_mse_score: 0.4194 - val_trimmed_mse_score: 0.0520 - val_full_mae_score: 0.0936
Epoch 22/50
440s - loss: 650.8053 - full_cross_entropy: 0.6585 - trimmed_cross_entropy: 0.6483 - full_mse_log_r: 0.0076 - trimmed_mse_log_r: 0.0075 - full_mae_log_r: 0.0500 - full_mse_score: 0.4054 - trimmed_mse_score: 0.0486 - full_mae_score: 0.0922 - val_loss: 593.2633 - val_full_cross_entropy: 0.6585 - val_trimmed_cross_entropy: 0.6482 - val_full_mse_log_r: 0.0079 - val_trimmed_mse_log_r: 0.0078 - val_full_mae_log_r: 0.0518 - val_full_mse_score: 0.4158 - val_trimmed_mse_score: 0.0509 - val_full_mae_score: 0.0926
Epoch 23/50
440s - loss: 653.8623 - full_cross_entropy: 0.6585 - trimmed_cross_entropy: 0.6482 - full_mse_log_r: 0.0073 - trimmed_mse_log_r: 0.0072 - full_mae_log_r: 0.0487 - full_mse_score: 0.3969 - trimmed_mse_score: 0.0459 - full_mae_score: 0.0910 - val_loss: 588.5422 - val_full_cross_entropy: 0.6585 - val_trimmed_cross_entropy: 0.6482 - val_full_mse_log_r: 0.0076 - val_trimmed_mse_log_r: 0.0075 - val_full_mae_log_r: 0.0493 - val_full_mse_score: 0.4030 - val_trimmed_mse_score: 0.0487 - val_full_mae_score: 0.0909
Epoch 24/50
440s - loss: 635.6980 - full_cross_entropy: 0.6585 - trimmed_cross_entropy: 0.6482 - full_mse_log_r: 0.0071 - trimmed_mse_log_r: 0.0070 - full_mae_log_r: 0.0478 - full_mse_score: 0.3902 - trimmed_mse_score: 0.0449 - full_mae_score: 0.0898 - val_loss: 593.6697 - val_full_cross_entropy: 0.6584 - val_trimmed_cross_entropy: 0.6481 - val_full_mse_log_r: 0.0067 - val_trimmed_mse_log_r: 0.0066 - val_full_mae_log_r: 0.0454 - val_full_mse_score: 0.3950 - val_trimmed_mse_score: 0.0474 - val_full_mae_score: 0.0892
Epoch 25/50
440s - loss: 643.7887 - full_cross_entropy: 0.6585 - trimmed_cross_entropy: 0.6482 - full_mse_log_r: 0.0068 - trimmed_mse_log_r: 0.0067 - full_mae_log_r: 0.0469 - full_mse_score: 0.3815 - trimmed_mse_score: 0.0432 - full_mae_score: 0.0887 - val_loss: 587.3128 - val_full_cross_entropy: 0.6584 - val_trimmed_cross_entropy: 0.6481 - val_full_mse_log_r: 0.0066 - val_trimmed_mse_log_r: 0.0065 - val_full_mae_log_r: 0.0460 - val_full_mse_score: 0.3871 - val_trimmed_mse_score: 0.0473 - val_full_mae_score: 0.0890
Epoch 26/50
440s - loss: 633.6559 - full_cross_entropy: 0.6585 - trimmed_cross_entropy: 0.6482 - full_mse_log_r: 0.0066 - trimmed_mse_log_r: 0.0065 - full_mae_log_r: 0.0459 - full_mse_score: 0.3784 - trimmed_mse_score: 0.0429 - full_mae_score: 0.0877 - val_loss: 581.9338 - val_full_cross_entropy: 0.6584 - val_trimmed_cross_entropy: 0.6482 - val_full_mse_log_r: 0.0069 - val_trimmed_mse_log_r: 0.0068 - val_full_mae_log_r: 0.0478 - val_full_mse_score: 0.3892 - val_trimmed_mse_score: 0.0461 - val_full_mae_score: 0.0876
Epoch 27/50
