Using TensorFlow backend.
16.03.2018 14:10:00 INFO    Hi! How are you today?
16.03.2018 14:10:00 INFO    Startup options:
16.03.2018 14:10:00 INFO      Algorithm:                     combined
16.03.2018 14:10:00 INFO      Point by point:                False
16.03.2018 14:10:00 INFO      Morphing-aware mode:           False
16.03.2018 14:10:00 INFO      Smeared data:                  False
16.03.2018 14:10:00 INFO      Training sample:               baseline
16.03.2018 14:10:00 INFO      alpha:                         None
16.03.2018 14:10:00 INFO      Histogram / AFC X indices:     [1, 38, 39, 40, 41]
16.03.2018 14:10:00 INFO      AFC epsilon:                   None
16.03.2018 14:10:00 INFO      Denominator theta:             False
16.03.2018 14:10:00 INFO      Neyman construction toys:      1
16.03.2018 14:10:00 INFO      Other options:                 ['deep']
16.03.2018 14:10:00 INFO      Base directory:                /home/jb6504/higgs_inference
16.03.2018 14:10:00 INFO      ML-based strategies available: True
16.03.2018 14:10:00 INFO    Starting parameterized inference
16.03.2018 14:10:00 INFO    Main settings:
16.03.2018 14:10:00 INFO      Algorithm:                combined
16.03.2018 14:10:00 INFO      Morphing-aware:           False
16.03.2018 14:10:00 INFO      Training sample:          baseline
16.03.2018 14:10:00 INFO      Denominator theta:        denominator 1 = theta 0 = [ 0.  0.]
16.03.2018 14:10:00 INFO    Options:
16.03.2018 14:10:00 INFO      Number of hidden layers:  5
16.03.2018 14:10:00 INFO      alpha:                    5.0
16.03.2018 14:10:00 INFO      Batch size:               128
16.03.2018 14:10:00 INFO      Learning rate:            0.001
16.03.2018 14:10:00 INFO      Learning rate decay:      0.0921034037198
16.03.2018 14:10:00 INFO      Number of epochs:         50
16.03.2018 14:10:00 INFO      NC experiments:           False
16.03.2018 14:10:00 INFO      Debug mode:               False
16.03.2018 14:10:27 INFO    Starting training
Train on 7999999 samples, validate on 2000000 samples
2018-03-16 14:10:27.757035: W tensorflow/core/platform/cpu_feature_guard.cc:45] The TensorFlow library wasn't compiled to use SSE4.1 instructions, but these are available on your machine and could speed up CPU computations.
2018-03-16 14:10:27.757383: W tensorflow/core/platform/cpu_feature_guard.cc:45] The TensorFlow library wasn't compiled to use SSE4.2 instructions, but these are available on your machine and could speed up CPU computations.
2018-03-16 14:10:27.757393: W tensorflow/core/platform/cpu_feature_guard.cc:45] The TensorFlow library wasn't compiled to use AVX instructions, but these are available on your machine and could speed up CPU computations.
2018-03-16 14:10:27.757397: W tensorflow/core/platform/cpu_feature_guard.cc:45] The TensorFlow library wasn't compiled to use AVX2 instructions, but these are available on your machine and could speed up CPU computations.
2018-03-16 14:10:27.757401: W tensorflow/core/platform/cpu_feature_guard.cc:45] The TensorFlow library wasn't compiled to use FMA instructions, but these are available on your machine and could speed up CPU computations.
2018-03-16 14:10:28.064844: I tensorflow/core/common_runtime/gpu/gpu_device.cc:940] Found device 0 with properties: 
name: Tesla P40
major: 6 minor: 1 memoryClockRate (GHz) 1.531
pciBusID 0000:84:00.0
Total memory: 22.38GiB
Free memory: 22.21GiB
2018-03-16 14:10:28.064881: I tensorflow/core/common_runtime/gpu/gpu_device.cc:961] DMA: 0 
2018-03-16 14:10:28.064887: I tensorflow/core/common_runtime/gpu/gpu_device.cc:971] 0:   Y 
2018-03-16 14:10:28.064896: I tensorflow/core/common_runtime/gpu/gpu_device.cc:1030] Creating TensorFlow device (/gpu:0) -> (device: 0, name: Tesla P40, pci bus id: 0000:84:00.0)
Epoch 1/50
589s - loss: 0.8766 - full_cross_entropy: 0.6576 - trimmed_cross_entropy: 0.6473 - full_mse_log_r: 0.2051 - trimmed_mse_log_r: 0.2019 - full_mae_log_r: 0.1956 - full_mse_score: 1.8798 - trimmed_mse_score: 0.0832 - full_mae_score: 0.1304 - val_loss: 0.8163 - val_full_cross_entropy: 0.6571 - val_trimmed_cross_entropy: 0.6468 - val_full_mse_log_r: 0.2029 - val_trimmed_mse_log_r: 0.1997 - val_full_mae_log_r: 0.1971 - val_full_mse_score: 17.3945 - val_trimmed_mse_score: 0.0643 - val_full_mae_score: 0.1146
Epoch 2/50
587s - loss: 0.7923 - full_cross_entropy: 0.6559 - trimmed_cross_entropy: 0.6456 - full_mse_log_r: 0.1663 - trimmed_mse_log_r: 0.1637 - full_mae_log_r: 0.1751 - full_mse_score: 1.7749 - trimmed_mse_score: 0.0570 - full_mae_score: 0.1031 - val_loss: 0.7849 - val_full_cross_entropy: 0.6549 - val_trimmed_cross_entropy: 0.6446 - val_full_mse_log_r: 0.1490 - val_trimmed_mse_log_r: 0.1467 - val_full_mae_log_r: 0.1515 - val_full_mse_score: 17.3905 - val_trimmed_mse_score: 0.0608 - val_full_mae_score: 0.1065
Epoch 3/50
588s - loss: 0.7702 - full_cross_entropy: 0.6552 - trimmed_cross_entropy: 0.6450 - full_mse_log_r: 0.1454 - trimmed_mse_log_r: 0.1431 - full_mae_log_r: 0.1634 - full_mse_score: 1.7245 - trimmed_mse_score: 0.0492 - full_mae_score: 0.0949 - val_loss: 0.7591 - val_full_cross_entropy: 0.6546 - val_trimmed_cross_entropy: 0.6444 - val_full_mse_log_r: 0.1275 - val_trimmed_mse_log_r: 0.1255 - val_full_mae_log_r: 0.1491 - val_full_mse_score: 17.3182 - val_trimmed_mse_score: 0.0485 - val_full_mae_score: 0.0960
Epoch 4/50
588s - loss: 0.7547 - full_cross_entropy: 0.6548 - trimmed_cross_entropy: 0.6445 - full_mse_log_r: 0.1280 - trimmed_mse_log_r: 0.1260 - full_mae_log_r: 0.1547 - full_mse_score: 1.6877 - trimmed_mse_score: 0.0393 - full_mae_score: 0.0887 - val_loss: 0.7363 - val_full_cross_entropy: 0.6533 - val_trimmed_cross_entropy: 0.6431 - val_full_mse_log_r: 0.1083 - val_trimmed_mse_log_r: 0.1066 - val_full_mae_log_r: 0.0992 - val_full_mse_score: 17.2760 - val_trimmed_mse_score: 0.0362 - val_full_mae_score: 0.0834
Epoch 5/50
588s - loss: 0.7424 - full_cross_entropy: 0.6543 - trimmed_cross_entropy: 0.6441 - full_mse_log_r: 0.1166 - trimmed_mse_log_r: 0.1148 - full_mae_log_r: 0.1450 - full_mse_score: 1.6791 - trimmed_mse_score: 0.0390 - full_mae_score: 0.0845 - val_loss: 0.7298 - val_full_cross_entropy: 0.6536 - val_trimmed_cross_entropy: 0.6434 - val_full_mse_log_r: 0.1109 - val_trimmed_mse_log_r: 0.1092 - val_full_mae_log_r: 0.1065 - val_full_mse_score: 17.2427 - val_trimmed_mse_score: 0.0383 - val_full_mae_score: 0.0876
Epoch 6/50
587s - loss: 0.7345 - full_cross_entropy: 0.6539 - trimmed_cross_entropy: 0.6437 - full_mse_log_r: 0.1052 - trimmed_mse_log_r: 0.1035 - full_mae_log_r: 0.1345 - full_mse_score: 1.6491 - trimmed_mse_score: 0.0349 - full_mae_score: 0.0797 - val_loss: 0.7122 - val_full_cross_entropy: 0.6531 - val_trimmed_cross_entropy: 0.6429 - val_full_mse_log_r: 0.0850 - val_trimmed_mse_log_r: 0.0836 - val_full_mae_log_r: 0.1007 - val_full_mse_score: 17.1537 - val_trimmed_mse_score: 0.0304 - val_full_mae_score: 0.0797
Epoch 7/50
589s - loss: 0.7242 - full_cross_entropy: 0.6535 - trimmed_cross_entropy: 0.6433 - full_mse_log_r: 0.0916 - trimmed_mse_log_r: 0.0902 - full_mae_log_r: 0.1245 - full_mse_score: 1.6151 - trimmed_mse_score: 0.0322 - full_mae_score: 0.0761 - val_loss: 0.7306 - val_full_cross_entropy: 0.6575 - val_trimmed_cross_entropy: 0.6473 - val_full_mse_log_r: 0.1240 - val_trimmed_mse_log_r: 0.1221 - val_full_mae_log_r: 0.2370 - val_full_mse_score: 17.2570 - val_trimmed_mse_score: 0.0384 - val_full_mae_score: 0.0862
Epoch 8/50
589s - loss: 0.7161 - full_cross_entropy: 0.6533 - trimmed_cross_entropy: 0.6431 - full_mse_log_r: 0.0803 - trimmed_mse_log_r: 0.0791 - full_mae_log_r: 0.1179 - full_mse_score: 1.5714 - trimmed_mse_score: 0.0269 - full_mae_score: 0.0724 - val_loss: 0.6976 - val_full_cross_entropy: 0.6525 - val_trimmed_cross_entropy: 0.6423 - val_full_mse_log_r: 0.0592 - val_trimmed_mse_log_r: 0.0583 - val_full_mae_log_r: 0.0727 - val_full_mse_score: 17.1191 - val_trimmed_mse_score: 0.0253 - val_full_mae_score: 0.0700
Epoch 9/50
587s - loss: 0.7095 - full_cross_entropy: 0.6531 - trimmed_cross_entropy: 0.6429 - full_mse_log_r: 0.0725 - trimmed_mse_log_r: 0.0714 - full_mae_log_r: 0.1104 - full_mse_score: 1.5669 - trimmed_mse_score: 0.0258 - full_mae_score: 0.0699 - val_loss: 0.6951 - val_full_cross_entropy: 0.6525 - val_trimmed_cross_entropy: 0.6423 - val_full_mse_log_r: 0.0579 - val_trimmed_mse_log_r: 0.0570 - val_full_mae_log_r: 0.0780 - val_full_mse_score: 17.0846 - val_trimmed_mse_score: 0.0204 - val_full_mae_score: 0.0679
Epoch 10/50
587s - loss: 0.7071 - full_cross_entropy: 0.6529 - trimmed_cross_entropy: 0.6427 - full_mse_log_r: 0.0661 - trimmed_mse_log_r: 0.0651 - full_mae_log_r: 0.1052 - full_mse_score: 1.5491 - trimmed_mse_score: 0.0230 - full_mae_score: 0.0671 - val_loss: 0.7019 - val_full_cross_entropy: 0.6524 - val_trimmed_cross_entropy: 0.6422 - val_full_mse_log_r: 0.0519 - val_trimmed_mse_log_r: 0.0510 - val_full_mae_log_r: 0.0689 - val_full_mse_score: 17.2035 - val_trimmed_mse_score: 0.0258 - val_full_mae_score: 0.0726
Epoch 11/50
587s - loss: 0.6976 - full_cross_entropy: 0.6528 - trimmed_cross_entropy: 0.6426 - full_mse_log_r: 0.0594 - trimmed_mse_log_r: 0.0584 - full_mae_log_r: 0.0995 - full_mse_score: 1.5208 - trimmed_mse_score: 0.0333 - full_mae_score: 0.0641 - val_loss: 0.6914 - val_full_cross_entropy: 0.6531 - val_trimmed_cross_entropy: 0.6429 - val_full_mse_log_r: 0.0675 - val_trimmed_mse_log_r: 0.0664 - val_full_mae_log_r: 0.1026 - val_full_mse_score: 16.9966 - val_trimmed_mse_score: 0.0198 - val_full_mae_score: 0.0696
Epoch 12/50
588s - loss: 0.6986 - full_cross_entropy: 0.6527 - trimmed_cross_entropy: 0.6425 - full_mse_log_r: 0.0554 - trimmed_mse_log_r: 0.0545 - full_mae_log_r: 0.0957 - full_mse_score: 1.5121 - trimmed_mse_score: 0.0202 - full_mae_score: 0.0621 - val_loss: 0.6845 - val_full_cross_entropy: 0.6522 - val_trimmed_cross_entropy: 0.6420 - val_full_mse_log_r: 0.0400 - val_trimmed_mse_log_r: 0.0393 - val_full_mae_log_r: 0.0585 - val_full_mse_score: 17.1196 - val_trimmed_mse_score: 0.0215 - val_full_mae_score: 0.0639
Epoch 13/50
587s - loss: 0.6910 - full_cross_entropy: 0.6526 - trimmed_cross_entropy: 0.6424 - full_mse_log_r: 0.0503 - trimmed_mse_log_r: 0.0495 - full_mae_log_r: 0.0912 - full_mse_score: 1.4915 - trimmed_mse_score: 0.0208 - full_mae_score: 0.0602 - val_loss: 0.6984 - val_full_cross_entropy: 0.6524 - val_trimmed_cross_entropy: 0.6422 - val_full_mse_log_r: 0.0440 - val_trimmed_mse_log_r: 0.0433 - val_full_mae_log_r: 0.0718 - val_full_mse_score: 17.0906 - val_trimmed_mse_score: 0.0212 - val_full_mae_score: 0.0646
Epoch 14/50
587s - loss: 0.6885 - full_cross_entropy: 0.6525 - trimmed_cross_entropy: 0.6423 - full_mse_log_r: 0.0462 - trimmed_mse_log_r: 0.0455 - full_mae_log_r: 0.0873 - full_mse_score: 1.4597 - trimmed_mse_score: 0.0156 - full_mae_score: 0.0574 - val_loss: 0.6795 - val_full_cross_entropy: 0.6532 - val_trimmed_cross_entropy: 0.6430 - val_full_mse_log_r: 0.0453 - val_trimmed_mse_log_r: 0.0446 - val_full_mae_log_r: 0.1196 - val_full_mse_score: 17.0008 - val_trimmed_mse_score: 0.0191 - val_full_mae_score: 0.0599
Epoch 15/50
587s - loss: 0.6851 - full_cross_entropy: 0.6524 - trimmed_cross_entropy: 0.6422 - full_mse_log_r: 0.0434 - trimmed_mse_log_r: 0.0427 - full_mae_log_r: 0.0839 - full_mse_score: 1.4376 - trimmed_mse_score: 0.0148 - full_mae_score: 0.0557 - val_loss: 0.6939 - val_full_cross_entropy: 0.6534 - val_trimmed_cross_entropy: 0.6432 - val_full_mse_log_r: 0.0464 - val_trimmed_mse_log_r: 0.0457 - val_full_mae_log_r: 0.1260 - val_full_mse_score: 16.9161 - val_trimmed_mse_score: 0.0198 - val_full_mae_score: 0.0614
Epoch 16/50
587s - loss: 0.6829 - full_cross_entropy: 0.6523 - trimmed_cross_entropy: 0.6421 - full_mse_log_r: 0.0401 - trimmed_mse_log_r: 0.0394 - full_mae_log_r: 0.0802 - full_mse_score: 1.4468 - trimmed_mse_score: 0.0208 - full_mae_score: 0.0542 - val_loss: 0.6793 - val_full_cross_entropy: 0.6524 - val_trimmed_cross_entropy: 0.6422 - val_full_mse_log_r: 0.0483 - val_trimmed_mse_log_r: 0.0475 - val_full_mae_log_r: 0.0714 - val_full_mse_score: 17.0681 - val_trimmed_mse_score: 0.0191 - val_full_mae_score: 0.0574
Epoch 17/50
588s - loss: 0.6796 - full_cross_entropy: 0.6522 - trimmed_cross_entropy: 0.6421 - full_mse_log_r: 0.0378 - trimmed_mse_log_r: 0.0372 - full_mae_log_r: 0.0780 - full_mse_score: 1.3908 - trimmed_mse_score: 0.0127 - full_mae_score: 0.0521 - val_loss: 0.6794 - val_full_cross_entropy: 0.6527 - val_trimmed_cross_entropy: 0.6425 - val_full_mse_log_r: 0.0389 - val_trimmed_mse_log_r: 0.0383 - val_full_mae_log_r: 0.0925 - val_full_mse_score: 17.1235 - val_trimmed_mse_score: 0.0171 - val_full_mae_score: 0.0592
Epoch 18/50
587s - loss: 0.6791 - full_cross_entropy: 0.6522 - trimmed_cross_entropy: 0.6420 - full_mse_log_r: 0.0353 - trimmed_mse_log_r: 0.0348 - full_mae_log_r: 0.0747 - full_mse_score: 1.3944 - trimmed_mse_score: 0.0143 - full_mae_score: 0.0510 - val_loss: 0.6772 - val_full_cross_entropy: 0.6524 - val_trimmed_cross_entropy: 0.6422 - val_full_mse_log_r: 0.0327 - val_trimmed_mse_log_r: 0.0322 - val_full_mae_log_r: 0.0670 - val_full_mse_score: 16.9900 - val_trimmed_mse_score: 0.0162 - val_full_mae_score: 0.0568
Epoch 19/50
587s - loss: 0.6747 - full_cross_entropy: 0.6521 - trimmed_cross_entropy: 0.6419 - full_mse_log_r: 0.0328 - trimmed_mse_log_r: 0.0323 - full_mae_log_r: 0.0718 - full_mse_score: 1.3615 - trimmed_mse_score: 0.0130 - full_mae_score: 0.0493 - val_loss: 0.6814 - val_full_cross_entropy: 0.6520 - val_trimmed_cross_entropy: 0.6418 - val_full_mse_log_r: 0.0316 - val_trimmed_mse_log_r: 0.0311 - val_full_mae_log_r: 0.0493 - val_full_mse_score: 16.8041 - val_trimmed_mse_score: 0.0144 - val_full_mae_score: 0.0552
Epoch 20/50
588s - loss: 0.6737 - full_cross_entropy: 0.6521 - trimmed_cross_entropy: 0.6419 - full_mse_log_r: 0.0321 - trimmed_mse_log_r: 0.0316 - full_mae_log_r: 0.0696 - full_mse_score: 1.3445 - trimmed_mse_score: 0.0107 - full_mae_score: 0.0477 - val_loss: 0.6733 - val_full_cross_entropy: 0.6526 - val_trimmed_cross_entropy: 0.6424 - val_full_mse_log_r: 0.0411 - val_trimmed_mse_log_r: 0.0404 - val_full_mae_log_r: 0.0821 - val_full_mse_score: 16.8137 - val_trimmed_mse_score: 0.0131 - val_full_mae_score: 0.0519
Epoch 21/50
587s - loss: 0.6720 - full_cross_entropy: 0.6520 - trimmed_cross_entropy: 0.6419 - full_mse_log_r: 0.0303 - trimmed_mse_log_r: 0.0298 - full_mae_log_r: 0.0679 - full_mse_score: 1.3184 - trimmed_mse_score: 0.0122 - full_mae_score: 0.0465 - val_loss: 0.6711 - val_full_cross_entropy: 0.6522 - val_trimmed_cross_entropy: 0.6420 - val_full_mse_log_r: 0.0235 - val_trimmed_mse_log_r: 0.0231 - val_full_mae_log_r: 0.0622 - val_full_mse_score: 16.9625 - val_trimmed_mse_score: 0.0117 - val_full_mae_score: 0.0487
Epoch 22/50
588s - loss: 0.6715 - full_cross_entropy: 0.6520 - trimmed_cross_entropy: 0.6418 - full_mse_log_r: 0.0287 - trimmed_mse_log_r: 0.0282 - full_mae_log_r: 0.0655 - full_mse_score: 1.2994 - trimmed_mse_score: 0.0090 - full_mae_score: 0.0453 - val_loss: 0.6692 - val_full_cross_entropy: 0.6525 - val_trimmed_cross_entropy: 0.6423 - val_full_mse_log_r: 0.0306 - val_trimmed_mse_log_r: 0.0301 - val_full_mae_log_r: 0.0899 - val_full_mse_score: 16.9145 - val_trimmed_mse_score: 0.0127 - val_full_mae_score: 0.0503
Epoch 23/50
590s - loss: 0.6691 - full_cross_entropy: 0.6520 - trimmed_cross_entropy: 0.6418 - full_mse_log_r: 0.0273 - trimmed_mse_log_r: 0.0268 - full_mae_log_r: 0.0624 - full_mse_score: 1.2939 - trimmed_mse_score: 0.0096 - full_mae_score: 0.0444 - val_loss: 0.6667 - val_full_cross_entropy: 0.6525 - val_trimmed_cross_entropy: 0.6423 - val_full_mse_log_r: 0.0307 - val_trimmed_mse_log_r: 0.0302 - val_full_mae_log_r: 0.0810 - val_full_mse_score: 16.8789 - val_trimmed_mse_score: 0.0100 - val_full_mae_score: 0.0473
Epoch 24/50
591s - loss: 0.6695 - full_cross_entropy: 0.6519 - trimmed_cross_entropy: 0.6417 - full_mse_log_r: 0.0266 - trimmed_mse_log_r: 0.0262 - full_mae_log_r: 0.0609 - full_mse_score: 1.2880 - trimmed_mse_score: 0.0101 - full_mae_score: 0.0432 - val_loss: 0.6661 - val_full_cross_entropy: 0.6520 - val_trimmed_cross_entropy: 0.6418 - val_full_mse_log_r: 0.0221 - val_trimmed_mse_log_r: 0.0218 - val_full_mae_log_r: 0.0457 - val_full_mse_score: 16.7132 - val_trimmed_mse_score: 0.0097 - val_full_mae_score: 0.0458
Epoch 25/50
589s - loss: 0.6671 - full_cross_entropy: 0.6519 - trimmed_cross_entropy: 0.6417 - full_mse_log_r: 0.0252 - trimmed_mse_log_r: 0.0248 - full_mae_log_r: 0.0590 - full_mse_score: 1.2755 - trimmed_mse_score: 0.0076 - full_mae_score: 0.0422 - val_loss: 0.6680 - val_full_cross_entropy: 0.6527 - val_trimmed_cross_entropy: 0.6425 - val_full_mse_log_r: 0.0267 - val_trimmed_mse_log_r: 0.0262 - val_full_mae_log_r: 0.0900 - val_full_mse_score: 16.8768 - val_trimmed_mse_score: 0.0119 - val_full_mae_score: 0.0476
Epoch 26/50
590s - loss: 0.6652 - full_cross_entropy: 0.6519 - trimmed_cross_entropy: 0.6417 - full_mse_log_r: 0.0241 - trimmed_mse_log_r: 0.0237 - full_mae_log_r: 0.0572 - full_mse_score: 1.2374 - trimmed_mse_score: 0.0086 - full_mae_score: 0.0412 - val_loss: 0.6687 - val_full_cross_entropy: 0.6523 - val_trimmed_cross_entropy: 0.6421 - val_full_mse_log_r: 0.0251 - val_trimmed_mse_log_r: 0.0247 - val_full_mae_log_r: 0.0756 - val_full_mse_score: 16.8760 - val_trimmed_mse_score: 0.0096 - val_full_mae_score: 0.0484
Epoch 27/50
589s - loss: 0.6651 - full_cross_entropy: 0.6518 - trimmed_cross_entropy: 0.6417 - full_mse_log_r: 0.0233 - trimmed_mse_log_r: 0.0229 - full_mae_log_r: 0.0555 - full_mse_score: 1.2374 - trimmed_mse_score: 0.0062 - full_mae_score: 0.0405 - val_loss: 0.6653 - val_full_cross_entropy: 0.6520 - val_trimmed_cross_entropy: 0.6418 - val_full_mse_log_r: 0.0202 - val_trimmed_mse_log_r: 0.0199 - val_full_mae_log_r: 0.0483 - val_full_mse_score: 16.9810 - val_trimmed_mse_score: 0.0083 - val_full_mae_score: 0.0430
Epoch 28/50
589s - loss: 0.6638 - full_cross_entropy: 0.6518 - trimmed_cross_entropy: 0.6416 - full_mse_log_r: 0.0220 - trimmed_mse_log_r: 0.0217 - full_mae_log_r: 0.0531 - full_mse_score: 1.2474 - trimmed_mse_score: 0.0068 - full_mae_score: 0.0400 - val_loss: 0.6679 - val_full_cross_entropy: 0.6520 - val_trimmed_cross_entropy: 0.6418 - val_full_mse_log_r: 0.0213 - val_trimmed_mse_log_r: 0.0209 - val_full_mae_log_r: 0.0520 - val_full_mse_score: 16.8446 - val_trimmed_mse_score: 0.0088 - val_full_mae_score: 0.0451
Epoch 29/50
589s - loss: 0.6635 - full_cross_entropy: 0.6518 - trimmed_cross_entropy: 0.6416 - full_mse_log_r: 0.0214 - trimmed_mse_log_r: 0.0210 - full_mae_log_r: 0.0521 - full_mse_score: 1.2526 - trimmed_mse_score: 0.0056 - full_mae_score: 0.0395 - val_loss: 0.6646 - val_full_cross_entropy: 0.6521 - val_trimmed_cross_entropy: 0.6419 - val_full_mse_log_r: 0.0255 - val_trimmed_mse_log_r: 0.0251 - val_full_mae_log_r: 0.0496 - val_full_mse_score: 16.9216 - val_trimmed_mse_score: 0.0092 - val_full_mae_score: 0.0447
Epoch 30/50
589s - loss: 0.6632 - full_cross_entropy: 0.6518 - trimmed_cross_entropy: 0.6416 - full_mse_log_r: 0.0207 - trimmed_mse_log_r: 0.0203 - full_mae_log_r: 0.0505 - full_mse_score: 1.2499 - trimmed_mse_score: 0.0076 - full_mae_score: 0.0390 - val_loss: 0.6629 - val_full_cross_entropy: 0.6519 - val_trimmed_cross_entropy: 0.6417 - val_full_mse_log_r: 0.0199 - val_trimmed_mse_log_r: 0.0196 - val_full_mae_log_r: 0.0415 - val_full_mse_score: 16.7785 - val_trimmed_mse_score: 0.0077 - val_full_mae_score: 0.0412
Epoch 31/50
589s - loss: 0.6623 - full_cross_entropy: 0.6518 - trimmed_cross_entropy: 0.6416 - full_mse_log_r: 0.0201 - trimmed_mse_log_r: 0.0198 - full_mae_log_r: 0.0491 - full_mse_score: 1.2406 - trimmed_mse_score: 0.0089 - full_mae_score: 0.0383 - val_loss: 0.6624 - val_full_cross_entropy: 0.6519 - val_trimmed_cross_entropy: 0.6417 - val_full_mse_log_r: 0.0180 - val_trimmed_mse_log_r: 0.0177 - val_full_mae_log_r: 0.0365 - val_full_mse_score: 16.8418 - val_trimmed_mse_score: 0.0084 - val_full_mae_score: 0.0422
Epoch 32/50
589s - loss: 0.6613 - full_cross_entropy: 0.6517 - trimmed_cross_entropy: 0.6416 - full_mse_log_r: 0.0193 - trimmed_mse_log_r: 0.0190 - full_mae_log_r: 0.0474 - full_mse_score: 1.2338 - trimmed_mse_score: 0.0063 - full_mae_score: 0.0377 - val_loss: 0.6643 - val_full_cross_entropy: 0.6524 - val_trimmed_cross_entropy: 0.6422 - val_full_mse_log_r: 0.0231 - val_trimmed_mse_log_r: 0.0227 - val_full_mae_log_r: 0.0788 - val_full_mse_score: 16.8932 - val_trimmed_mse_score: 0.0082 - val_full_mae_score: 0.0428
Epoch 33/50
589s - loss: 0.6610 - full_cross_entropy: 0.6517 - trimmed_cross_entropy: 0.6415 - full_mse_log_r: 0.0188 - trimmed_mse_log_r: 0.0185 - full_mae_log_r: 0.0463 - full_mse_score: 1.2205 - trimmed_mse_score: 0.0068 - full_mae_score: 0.0373 - val_loss: 0.6659 - val_full_cross_entropy: 0.6524 - val_trimmed_cross_entropy: 0.6422 - val_full_mse_log_r: 0.0228 - val_trimmed_mse_log_r: 0.0224 - val_full_mae_log_r: 0.0765 - val_full_mse_score: 16.8506 - val_trimmed_mse_score: 0.0095 - val_full_mae_score: 0.0433
Epoch 34/50
589s - loss: 0.6613 - full_cross_entropy: 0.6517 - trimmed_cross_entropy: 0.6415 - full_mse_log_r: 0.0183 - trimmed_mse_log_r: 0.0180 - full_mae_log_r: 0.0449 - full_mse_score: 1.2218 - trimmed_mse_score: 0.0060 - full_mae_score: 0.0369 - val_loss: 0.6615 - val_full_cross_entropy: 0.6519 - val_trimmed_cross_entropy: 0.6417 - val_full_mse_log_r: 0.0173 - val_trimmed_mse_log_r: 0.0170 - val_full_mae_log_r: 0.0353 - val_full_mse_score: 16.8687 - val_trimmed_mse_score: 0.0075 - val_full_mae_score: 0.0408
Epoch 35/50
589s - loss: 0.6611 - full_cross_entropy: 0.6517 - trimmed_cross_entropy: 0.6415 - full_mse_log_r: 0.0178 - trimmed_mse_log_r: 0.0176 - full_mae_log_r: 0.0443 - full_mse_score: 1.2258 - trimmed_mse_score: 0.0058 - full_mae_score: 0.0366 - val_loss: 0.6627 - val_full_cross_entropy: 0.6519 - val_trimmed_cross_entropy: 0.6417 - val_full_mse_log_r: 0.0177 - val_trimmed_mse_log_r: 0.0174 - val_full_mae_log_r: 0.0430 - val_full_mse_score: 16.8098 - val_trimmed_mse_score: 0.0091 - val_full_mae_score: 0.0415
Epoch 36/50
589s - loss: 0.6611 - full_cross_entropy: 0.6517 - trimmed_cross_entropy: 0.6415 - full_mse_log_r: 0.0173 - trimmed_mse_log_r: 0.0170 - full_mae_log_r: 0.0424 - full_mse_score: 1.2270 - trimmed_mse_score: 0.0056 - full_mae_score: 0.0363 - val_loss: 0.6617 - val_full_cross_entropy: 0.6519 - val_trimmed_cross_entropy: 0.6417 - val_full_mse_log_r: 0.0175 - val_trimmed_mse_log_r: 0.0172 - val_full_mae_log_r: 0.0462 - val_full_mse_score: 16.7845 - val_trimmed_mse_score: 0.0071 - val_full_mae_score: 0.0402
Epoch 37/50
589s - loss: 0.6605 - full_cross_entropy: 0.6517 - trimmed_cross_entropy: 0.6415 - full_mse_log_r: 0.0170 - trimmed_mse_log_r: 0.0167 - full_mae_log_r: 0.0422 - full_mse_score: 1.2119 - trimmed_mse_score: 0.0065 - full_mae_score: 0.0358 - val_loss: 0.6612 - val_full_cross_entropy: 0.6520 - val_trimmed_cross_entropy: 0.6418 - val_full_mse_log_r: 0.0174 - val_trimmed_mse_log_r: 0.0172 - val_full_mae_log_r: 0.0518 - val_full_mse_score: 16.8001 - val_trimmed_mse_score: 0.0078 - val_full_mae_score: 0.0397
Epoch 38/50
589s - loss: 0.6598 - full_cross_entropy: 0.6517 - trimmed_cross_entropy: 0.6415 - full_mse_log_r: 0.0168 - trimmed_mse_log_r: 0.0166 - full_mae_log_r: 0.0413 - full_mse_score: 1.2158 - trimmed_mse_score: 0.0066 - full_mae_score: 0.0356 - val_loss: 0.6611 - val_full_cross_entropy: 0.6518 - val_trimmed_cross_entropy: 0.6417 - val_full_mse_log_r: 0.0151 - val_trimmed_mse_log_r: 0.0148 - val_full_mae_log_r: 0.0332 - val_full_mse_score: 16.8020 - val_trimmed_mse_score: 0.0077 - val_full_mae_score: 0.0395
Epoch 39/50
589s - loss: 0.6596 - full_cross_entropy: 0.6516 - trimmed_cross_entropy: 0.6415 - full_mse_log_r: 0.0163 - trimmed_mse_log_r: 0.0161 - full_mae_log_r: 0.0405 - full_mse_score: 1.2190 - trimmed_mse_score: 0.0047 - full_mae_score: 0.0352 - val_loss: 0.6607 - val_full_cross_entropy: 0.6519 - val_trimmed_cross_entropy: 0.6418 - val_full_mse_log_r: 0.0187 - val_trimmed_mse_log_r: 0.0185 - val_full_mae_log_r: 0.0409 - val_full_mse_score: 16.7323 - val_trimmed_mse_score: 0.0070 - val_full_mae_score: 0.0391
Epoch 40/50
589s - loss: 0.6594 - full_cross_entropy: 0.6516 - trimmed_cross_entropy: 0.6415 - full_mse_log_r: 0.0159 - trimmed_mse_log_r: 0.0157 - full_mae_log_r: 0.0394 - full_mse_score: 1.2091 - trimmed_mse_score: 0.0051 - full_mae_score: 0.0350 - val_loss: 0.6598 - val_full_cross_entropy: 0.6518 - val_trimmed_cross_entropy: 0.6417 - val_full_mse_log_r: 0.0152 - val_trimmed_mse_log_r: 0.0149 - val_full_mae_log_r: 0.0336 - val_full_mse_score: 16.8291 - val_trimmed_mse_score: 0.0070 - val_full_mae_score: 0.0386
Epoch 41/50
589s - loss: 0.6590 - full_cross_entropy: 0.6516 - trimmed_cross_entropy: 0.6414 - full_mse_log_r: 0.0158 - trimmed_mse_log_r: 0.0155 - full_mae_log_r: 0.0386 - full_mse_score: 1.2221 - trimmed_mse_score: 0.0063 - full_mae_score: 0.0349 - val_loss: 0.6602 - val_full_cross_entropy: 0.6519 - val_trimmed_cross_entropy: 0.6417 - val_full_mse_log_r: 0.0153 - val_trimmed_mse_log_r: 0.0151 - val_full_mae_log_r: 0.0359 - val_full_mse_score: 16.7891 - val_trimmed_mse_score: 0.0068 - val_full_mae_score: 0.0385
Epoch 42/50
590s - loss: 0.6595 - full_cross_entropy: 0.6516 - trimmed_cross_entropy: 0.6414 - full_mse_log_r: 0.0155 - trimmed_mse_log_r: 0.0152 - full_mae_log_r: 0.0380 - full_mse_score: 1.2125 - trimmed_mse_score: 0.0067 - full_mae_score: 0.0347 - val_loss: 0.6601 - val_full_cross_entropy: 0.6519 - val_trimmed_cross_entropy: 0.6417 - val_full_mse_log_r: 0.0145 - val_trimmed_mse_log_r: 0.0143 - val_full_mae_log_r: 0.0408 - val_full_mse_score: 16.7841 - val_trimmed_mse_score: 0.0069 - val_full_mae_score: 0.0386
Epoch 43/50
590s - loss: 0.6589 - full_cross_entropy: 0.6516 - trimmed_cross_entropy: 0.6414 - full_mse_log_r: 0.0152 - trimmed_mse_log_r: 0.0149 - full_mae_log_r: 0.0374 - full_mse_score: 1.2080 - trimmed_mse_score: 0.0077 - full_mae_score: 0.0344 - val_loss: 0.6608 - val_full_cross_entropy: 0.6519 - val_trimmed_cross_entropy: 0.6417 - val_full_mse_log_r: 0.0153 - val_trimmed_mse_log_r: 0.0150 - val_full_mae_log_r: 0.0346 - val_full_mse_score: 16.8189 - val_trimmed_mse_score: 0.0067 - val_full_mae_score: 0.0383
Epoch 44/50
589s - loss: 0.6590 - full_cross_entropy: 0.6516 - trimmed_cross_entropy: 0.6414 - full_mse_log_r: 0.0151 - trimmed_mse_log_r: 0.0149 - full_mae_log_r: 0.0364 - full_mse_score: 1.2136 - trimmed_mse_score: 0.0057 - full_mae_score: 0.0343 - val_loss: 0.6596 - val_full_cross_entropy: 0.6519 - val_trimmed_cross_entropy: 0.6417 - val_full_mse_log_r: 0.0148 - val_trimmed_mse_log_r: 0.0146 - val_full_mae_log_r: 0.0399 - val_full_mse_score: 16.7848 - val_trimmed_mse_score: 0.0067 - val_full_mae_score: 0.0381
Epoch 45/50
589s - loss: 0.6588 - full_cross_entropy: 0.6516 - trimmed_cross_entropy: 0.6414 - full_mse_log_r: 0.0148 - trimmed_mse_log_r: 0.0146 - full_mae_log_r: 0.0363 - full_mse_score: 1.2068 - trimmed_mse_score: 0.0049 - full_mae_score: 0.0342 - val_loss: 0.6611 - val_full_cross_entropy: 0.6519 - val_trimmed_cross_entropy: 0.6417 - val_full_mse_log_r: 0.0143 - val_trimmed_mse_log_r: 0.0141 - val_full_mae_log_r: 0.0395 - val_full_mse_score: 16.7578 - val_trimmed_mse_score: 0.0066 - val_full_mae_score: 0.0380
Epoch 46/50
589s - loss: 0.6588 - full_cross_entropy: 0.6516 - trimmed_cross_entropy: 0.6414 - full_mse_log_r: 0.0147 - trimmed_mse_log_r: 0.0144 - full_mae_log_r: 0.0354 - full_mse_score: 1.2083 - trimmed_mse_score: 0.0057 - full_mae_score: 0.0340 - val_loss: 0.6605 - val_full_cross_entropy: 0.6519 - val_trimmed_cross_entropy: 0.6417 - val_full_mse_log_r: 0.0152 - val_trimmed_mse_log_r: 0.0150 - val_full_mae_log_r: 0.0406 - val_full_mse_score: 16.7493 - val_trimmed_mse_score: 0.0073 - val_full_mae_score: 0.0386
Epoch 47/50
589s - loss: 0.6585 - full_cross_entropy: 0.6516 - trimmed_cross_entropy: 0.6414 - full_mse_log_r: 0.0146 - trimmed_mse_log_r: 0.0144 - full_mae_log_r: 0.0353 - full_mse_score: 1.2016 - trimmed_mse_score: 0.0055 - full_mae_score: 0.0339 - val_loss: 0.6600 - val_full_cross_entropy: 0.6519 - val_trimmed_cross_entropy: 0.6417 - val_full_mse_log_r: 0.0144 - val_trimmed_mse_log_r: 0.0142 - val_full_mae_log_r: 0.0375 - val_full_mse_score: 16.7751 - val_trimmed_mse_score: 0.0068 - val_full_mae_score: 0.0382
Epoch 48/50
590s - loss: 0.6585 - full_cross_entropy: 0.6516 - trimmed_cross_entropy: 0.6414 - full_mse_log_r: 0.0144 - trimmed_mse_log_r: 0.0142 - full_mae_log_r: 0.0345 - full_mse_score: 1.2066 - trimmed_mse_score: 0.0048 - full_mae_score: 0.0338 - val_loss: 0.6596 - val_full_cross_entropy: 0.6518 - val_trimmed_cross_entropy: 0.6417 - val_full_mse_log_r: 0.0144 - val_trimmed_mse_log_r: 0.0142 - val_full_mae_log_r: 0.0321 - val_full_mse_score: 16.8150 - val_trimmed_mse_score: 0.0067 - val_full_mae_score: 0.0375
Epoch 49/50
590s - loss: 0.6586 - full_cross_entropy: 0.6516 - trimmed_cross_entropy: 0.6414 - full_mse_log_r: 0.0142 - trimmed_mse_log_r: 0.0140 - full_mae_log_r: 0.0339 - full_mse_score: 1.2069 - trimmed_mse_score: 0.0061 - full_mae_score: 0.0337 - val_loss: 0.6594 - val_full_cross_entropy: 0.6519 - val_trimmed_cross_entropy: 0.6417 - val_full_mse_log_r: 0.0138 - val_trimmed_mse_log_r: 0.0136 - val_full_mae_log_r: 0.0365 - val_full_mse_score: 16.8056 - val_trimmed_mse_score: 0.0068 - val_full_mae_score: 0.0375
Epoch 50/50
590s - loss: 0.6584 - full_cross_entropy: 0.6516 - trimmed_cross_entropy: 0.6414 - full_mse_log_r: 0.0141 - trimmed_mse_log_r: 0.0139 - full_mae_log_r: 0.0336 - full_mse_score: 1.2060 - trimmed_mse_score: 0.0051 - full_mae_score: 0.0336 - val_loss: 0.6600 - val_full_cross_entropy: 0.6519 - val_trimmed_cross_entropy: 0.6417 - val_full_mse_log_r: 0.0142 - val_trimmed_mse_log_r: 0.0139 - val_full_mae_log_r: 0.0363 - val_full_mse_score: 16.8054 - val_trimmed_mse_score: 0.0067 - val_full_mae_score: 0.0379
16.03.2018 22:21:23 INFO    Starting evaluation
16.03.2018 22:23:26 INFO    Starting theta 100 / 1017
16.03.2018 22:25:31 INFO    Starting theta 200 / 1017
16.03.2018 22:27:36 INFO    Starting theta 300 / 1017
16.03.2018 22:29:40 INFO    Starting theta 400 / 1017
16.03.2018 22:31:45 INFO    Starting theta 500 / 1017
16.03.2018 22:33:49 INFO    Starting theta 600 / 1017
16.03.2018 22:35:54 INFO    Starting theta 700 / 1017
16.03.2018 22:37:59 INFO    Starting theta 800 / 1017
16.03.2018 22:40:03 INFO    Starting theta 900 / 1017
16.03.2018 22:42:08 INFO    Starting theta 1000 / 1017
16.03.2018 22:42:30 INFO    Evaluation timing: median 1.23382806778 s, mean 1.23776456177 s
16.03.2018 22:42:30 INFO    Starting roaming
16.03.2018 22:42:56 INFO    Starting calibrated evaluation and roaming
17.03.2018 00:10:12 INFO    Starting theta 100 / 1017
17.03.2018 01:38:20 INFO    Starting theta 200 / 1017
17.03.2018 03:06:26 INFO    Starting theta 300 / 1017
17.03.2018 04:34:29 INFO    Starting theta 400 / 1017
17.03.2018 06:02:32 INFO    Starting theta 500 / 1017
17.03.2018 07:30:33 INFO    Starting theta 600 / 1017
17.03.2018 08:58:34 INFO    Starting theta 700 / 1017
17.03.2018 10:26:36 INFO    Starting theta 800 / 1017
17.03.2018 11:54:38 INFO    Starting theta 900 / 1017
17.03.2018 13:22:36 INFO    Starting theta 1000 / 1017
17.03.2018 13:38:27 INFO    Calibrated evaluation timing: median 1.23697090149 s, mean 1.24067896142 s
17.03.2018 13:38:27 INFO    Interpolating calibrated roaming
17.03.2018 13:43:03 INFO    That's it -- have a great day!
