Using TensorFlow backend.
27.04.2018 09:45:51 INFO    Hi! How are you today?
27.04.2018 09:45:51 INFO    Startup options:
27.04.2018 09:45:51 INFO      Algorithm:                     combinedregression
27.04.2018 09:45:51 INFO      Point by point:                False
27.04.2018 09:45:51 INFO      Morphing-aware mode:           False
27.04.2018 09:45:51 INFO      Smeared data:                  False
27.04.2018 09:45:51 INFO      Training sample:               baseline
27.04.2018 09:45:51 INFO      alpha:                         50.0
27.04.2018 09:45:51 INFO      Histogram / AFC X indices:     [1, 38, 39, 40, 41]
27.04.2018 09:45:51 INFO      AFC epsilon:                   None
27.04.2018 09:45:51 INFO      Denominator theta:             False
27.04.2018 09:45:51 INFO      Neyman construction toys:      0
27.04.2018 09:45:51 INFO      Training sample size limit:    None
27.04.2018 09:45:51 INFO      Other options:                 ['deep']
27.04.2018 09:45:51 INFO      Base directory:                /home/jb6504/higgs_inference
27.04.2018 09:45:51 INFO      ML-based strategies available: True
27.04.2018 09:45:51 INFO    Starting parameterized inference
27.04.2018 09:45:51 INFO    Main settings:
27.04.2018 09:45:51 INFO      Algorithm:                combinedregression
27.04.2018 09:45:51 INFO      Morphing-aware:           False
27.04.2018 09:45:51 INFO      Training sample:          baseline
27.04.2018 09:45:51 INFO      Denominator theta:        denominator 0 = theta 708 = [ 0.39293227  0.43229216]
27.04.2018 09:45:51 INFO    Options:
27.04.2018 09:45:51 INFO      Number of hidden layers:  5
27.04.2018 09:45:51 INFO      alpha:                    50.0
27.04.2018 09:45:51 INFO      Batch size:               128
27.04.2018 09:45:51 INFO      Learning rate:            0.001
27.04.2018 09:45:51 INFO      Learning rate decay:      0.0921034037198
27.04.2018 09:45:51 INFO      Number of epochs:         50
27.04.2018 09:45:51 INFO      Training samples:         all
27.04.2018 09:45:51 INFO      NC experiments:           False
27.04.2018 09:45:51 INFO      Debug mode:               False
27.04.2018 09:46:38 INFO    Starting training
Train on 7999997 samples, validate on 2000000 samples
2018-04-27 09:46:39.086973: W tensorflow/core/platform/cpu_feature_guard.cc:45] The TensorFlow library wasn't compiled to use SSE4.1 instructions, but these are available on your machine and could speed up CPU computations.
2018-04-27 09:46:39.087279: W tensorflow/core/platform/cpu_feature_guard.cc:45] The TensorFlow library wasn't compiled to use SSE4.2 instructions, but these are available on your machine and could speed up CPU computations.
2018-04-27 09:46:39.087287: W tensorflow/core/platform/cpu_feature_guard.cc:45] The TensorFlow library wasn't compiled to use AVX instructions, but these are available on your machine and could speed up CPU computations.
2018-04-27 09:46:39.087291: W tensorflow/core/platform/cpu_feature_guard.cc:45] The TensorFlow library wasn't compiled to use AVX2 instructions, but these are available on your machine and could speed up CPU computations.
2018-04-27 09:46:39.087295: W tensorflow/core/platform/cpu_feature_guard.cc:45] The TensorFlow library wasn't compiled to use FMA instructions, but these are available on your machine and could speed up CPU computations.
2018-04-27 09:46:39.395568: I tensorflow/core/common_runtime/gpu/gpu_device.cc:940] Found device 0 with properties: 
name: Tesla K80
major: 3 minor: 7 memoryClockRate (GHz) 0.8235
pciBusID 0000:85:00.0
Total memory: 11.17GiB
Free memory: 11.10GiB
2018-04-27 09:46:39.395604: I tensorflow/core/common_runtime/gpu/gpu_device.cc:961] DMA: 0 
2018-04-27 09:46:39.395609: I tensorflow/core/common_runtime/gpu/gpu_device.cc:971] 0:   Y 
2018-04-27 09:46:39.395617: I tensorflow/core/common_runtime/gpu/gpu_device.cc:1030] Creating TensorFlow device (/gpu:0) -> (device: 0, name: Tesla K80, pci bus id: 0000:85:00.0)
Epoch 1/50
580s - loss: 5308.5706 - full_cross_entropy: 0.6682 - trimmed_cross_entropy: 0.6577 - full_mse_log_r: 0.1216 - trimmed_mse_log_r: 0.1197 - full_mae_log_r: 0.2125 - full_mse_score: 6.3809 - trimmed_mse_score: 0.4341 - full_mae_score: 0.2665 - val_loss: 5435.8985 - val_full_cross_entropy: 0.6636 - val_trimmed_cross_entropy: 0.6532 - val_full_mse_log_r: 0.0709 - val_trimmed_mse_log_r: 0.0698 - val_full_mae_log_r: 0.1895 - val_full_mse_score: 4.4448 - val_trimmed_mse_score: 0.3227 - val_full_mae_score: 0.2296
Epoch 2/50
580s - loss: 5150.9432 - full_cross_entropy: 0.6648 - trimmed_cross_entropy: 0.6544 - full_mse_log_r: 0.0785 - trimmed_mse_log_r: 0.0772 - full_mae_log_r: 0.1882 - full_mse_score: 6.0704 - trimmed_mse_score: 0.3055 - full_mae_score: 0.2205 - val_loss: 5290.2105 - val_full_cross_entropy: 0.6617 - val_trimmed_cross_entropy: 0.6513 - val_full_mse_log_r: 0.0459 - val_trimmed_mse_log_r: 0.0452 - val_full_mae_log_r: 0.1364 - val_full_mse_score: 4.3406 - val_trimmed_mse_score: 0.2750 - val_full_mae_score: 0.2224
Epoch 3/50
584s - loss: 5112.4074 - full_cross_entropy: 0.6643 - trimmed_cross_entropy: 0.6539 - full_mse_log_r: 0.0710 - trimmed_mse_log_r: 0.0699 - full_mae_log_r: 0.1855 - full_mse_score: 5.9231 - trimmed_mse_score: 0.2688 - full_mae_score: 0.2036 - val_loss: 5171.1954 - val_full_cross_entropy: 0.6930 - val_trimmed_cross_entropy: 0.6821 - val_full_mse_log_r: 0.3148 - val_trimmed_mse_log_r: 0.3099 - val_full_mae_log_r: 0.5299 - val_full_mse_score: 4.2392 - val_trimmed_mse_score: 0.2519 - val_full_mae_score: 0.2107
Epoch 4/50
582s - loss: 5036.4829 - full_cross_entropy: 0.6637 - trimmed_cross_entropy: 0.6533 - full_mse_log_r: 0.0638 - trimmed_mse_log_r: 0.0628 - full_mae_log_r: 0.1773 - full_mse_score: 5.8538 - trimmed_mse_score: 0.2310 - full_mae_score: 0.1903 - val_loss: 5271.8251 - val_full_cross_entropy: 0.6646 - val_trimmed_cross_entropy: 0.6542 - val_full_mse_log_r: 0.0671 - val_trimmed_mse_log_r: 0.0660 - val_full_mae_log_r: 0.2110 - val_full_mse_score: 4.0609 - val_trimmed_mse_score: 0.2145 - val_full_mae_score: 0.1762
Epoch 5/50
580s - loss: 4954.4123 - full_cross_entropy: 0.6632 - trimmed_cross_entropy: 0.6528 - full_mse_log_r: 0.0566 - trimmed_mse_log_r: 0.0558 - full_mae_log_r: 0.1690 - full_mse_score: 5.7011 - trimmed_mse_score: 0.2103 - full_mae_score: 0.1768 - val_loss: 5186.0779 - val_full_cross_entropy: 0.6640 - val_trimmed_cross_entropy: 0.6536 - val_full_mse_log_r: 0.0627 - val_trimmed_mse_log_r: 0.0617 - val_full_mae_log_r: 0.2110 - val_full_mse_score: 4.1067 - val_trimmed_mse_score: 0.2048 - val_full_mae_score: 0.1712
Epoch 6/50
580s - loss: 4884.2023 - full_cross_entropy: 0.6625 - trimmed_cross_entropy: 0.6521 - full_mse_log_r: 0.0491 - trimmed_mse_log_r: 0.0483 - full_mae_log_r: 0.1580 - full_mse_score: 5.5832 - trimmed_mse_score: 0.1870 - full_mae_score: 0.1667 - val_loss: 5046.6386 - val_full_cross_entropy: 0.6610 - val_trimmed_cross_entropy: 0.6507 - val_full_mse_log_r: 0.0345 - val_trimmed_mse_log_r: 0.0339 - val_full_mae_log_r: 0.1270 - val_full_mse_score: 4.0708 - val_trimmed_mse_score: 0.1753 - val_full_mae_score: 0.1554
Epoch 7/50
581s - loss: 4793.5328 - full_cross_entropy: 0.6618 - trimmed_cross_entropy: 0.6515 - full_mse_log_r: 0.0419 - trimmed_mse_log_r: 0.0412 - full_mae_log_r: 0.1455 - full_mse_score: 5.5042 - trimmed_mse_score: 0.1629 - full_mae_score: 0.1577 - val_loss: 4971.3298 - val_full_cross_entropy: 0.6666 - val_trimmed_cross_entropy: 0.6562 - val_full_mse_log_r: 0.0815 - val_trimmed_mse_log_r: 0.0803 - val_full_mae_log_r: 0.2625 - val_full_mse_score: 3.8206 - val_trimmed_mse_score: 0.1572 - val_full_mae_score: 0.1542
Epoch 8/50
581s - loss: 4743.5196 - full_cross_entropy: 0.6610 - trimmed_cross_entropy: 0.6507 - full_mse_log_r: 0.0348 - trimmed_mse_log_r: 0.0342 - full_mae_log_r: 0.1309 - full_mse_score: 5.4434 - trimmed_mse_score: 0.1415 - full_mae_score: 0.1503 - val_loss: 4784.6733 - val_full_cross_entropy: 0.6597 - val_trimmed_cross_entropy: 0.6494 - val_full_mse_log_r: 0.0218 - val_trimmed_mse_log_r: 0.0215 - val_full_mae_log_r: 0.0932 - val_full_mse_score: 3.6826 - val_trimmed_mse_score: 0.1251 - val_full_mae_score: 0.1403
Epoch 9/50
581s - loss: 4653.1117 - full_cross_entropy: 0.6606 - trimmed_cross_entropy: 0.6502 - full_mse_log_r: 0.0298 - trimmed_mse_log_r: 0.0294 - full_mae_log_r: 0.1207 - full_mse_score: 5.3064 - trimmed_mse_score: 0.1401 - full_mae_score: 0.1421 - val_loss: 4783.1876 - val_full_cross_entropy: 0.6593 - val_trimmed_cross_entropy: 0.6490 - val_full_mse_log_r: 0.0172 - val_trimmed_mse_log_r: 0.0169 - val_full_mae_log_r: 0.0864 - val_full_mse_score: 3.5571 - val_trimmed_mse_score: 0.1167 - val_full_mae_score: 0.1388
Epoch 10/50
581s - loss: 4578.1930 - full_cross_entropy: 0.6603 - trimmed_cross_entropy: 0.6500 - full_mse_log_r: 0.0267 - trimmed_mse_log_r: 0.0263 - full_mae_log_r: 0.1144 - full_mse_score: 5.1993 - trimmed_mse_score: 0.1103 - full_mae_score: 0.1355 - val_loss: 4790.3791 - val_full_cross_entropy: 0.6617 - val_trimmed_cross_entropy: 0.6513 - val_full_mse_log_r: 0.0369 - val_trimmed_mse_log_r: 0.0363 - val_full_mae_log_r: 0.1645 - val_full_mse_score: 3.8975 - val_trimmed_mse_score: 0.1411 - val_full_mae_score: 0.1457
Epoch 11/50
581s - loss: 4490.3875 - full_cross_entropy: 0.6600 - trimmed_cross_entropy: 0.6497 - full_mse_log_r: 0.0230 - trimmed_mse_log_r: 0.0227 - full_mae_log_r: 0.1057 - full_mse_score: 5.1380 - trimmed_mse_score: 0.1149 - full_mae_score: 0.1284 - val_loss: 4754.4471 - val_full_cross_entropy: 0.6636 - val_trimmed_cross_entropy: 0.6532 - val_full_mse_log_r: 0.0577 - val_trimmed_mse_log_r: 0.0568 - val_full_mae_log_r: 0.2043 - val_full_mse_score: 3.3745 - val_trimmed_mse_score: 0.0963 - val_full_mae_score: 0.1321
Epoch 12/50
581s - loss: 4401.0805 - full_cross_entropy: 0.6598 - trimmed_cross_entropy: 0.6495 - full_mse_log_r: 0.0210 - trimmed_mse_log_r: 0.0207 - full_mae_log_r: 0.1015 - full_mse_score: 4.9853 - trimmed_mse_score: 0.1012 - full_mae_score: 0.1217 - val_loss: 4758.0497 - val_full_cross_entropy: 0.6597 - val_trimmed_cross_entropy: 0.6494 - val_full_mse_log_r: 0.0203 - val_trimmed_mse_log_r: 0.0200 - val_full_mae_log_r: 0.1030 - val_full_mse_score: 3.4392 - val_trimmed_mse_score: 0.1054 - val_full_mae_score: 0.1267
Epoch 13/50
581s - loss: 4293.9161 - full_cross_entropy: 0.6594 - trimmed_cross_entropy: 0.6491 - full_mse_log_r: 0.0178 - trimmed_mse_log_r: 0.0176 - full_mae_log_r: 0.0930 - full_mse_score: 4.9005 - trimmed_mse_score: 0.0882 - full_mae_score: 0.1157 - val_loss: 4544.4471 - val_full_cross_entropy: 0.6597 - val_trimmed_cross_entropy: 0.6494 - val_full_mse_log_r: 0.0183 - val_trimmed_mse_log_r: 0.0180 - val_full_mae_log_r: 0.1031 - val_full_mse_score: 3.2994 - val_trimmed_mse_score: 0.0870 - val_full_mae_score: 0.1117
Epoch 14/50
581s - loss: 4204.3342 - full_cross_entropy: 0.6593 - trimmed_cross_entropy: 0.6490 - full_mse_log_r: 0.0158 - trimmed_mse_log_r: 0.0156 - full_mae_log_r: 0.0873 - full_mse_score: 4.9115 - trimmed_mse_score: 0.0795 - full_mae_score: 0.1110 - val_loss: 4395.2646 - val_full_cross_entropy: 0.6586 - val_trimmed_cross_entropy: 0.6483 - val_full_mse_log_r: 0.0085 - val_trimmed_mse_log_r: 0.0084 - val_full_mae_log_r: 0.0501 - val_full_mse_score: 3.1968 - val_trimmed_mse_score: 0.0832 - val_full_mae_score: 0.1062
Epoch 15/50
581s - loss: 4080.7741 - full_cross_entropy: 0.6591 - trimmed_cross_entropy: 0.6488 - full_mse_log_r: 0.0139 - trimmed_mse_log_r: 0.0137 - full_mae_log_r: 0.0815 - full_mse_score: 4.7811 - trimmed_mse_score: 0.0773 - full_mae_score: 0.1061 - val_loss: 4220.6360 - val_full_cross_entropy: 0.6585 - val_trimmed_cross_entropy: 0.6483 - val_full_mse_log_r: 0.0084 - val_trimmed_mse_log_r: 0.0082 - val_full_mae_log_r: 0.0481 - val_full_mse_score: 3.1735 - val_trimmed_mse_score: 0.0704 - val_full_mae_score: 0.1058
Epoch 16/50
581s - loss: 3978.8650 - full_cross_entropy: 0.6589 - trimmed_cross_entropy: 0.6486 - full_mse_log_r: 0.0124 - trimmed_mse_log_r: 0.0122 - full_mae_log_r: 0.0767 - full_mse_score: 4.7301 - trimmed_mse_score: 0.0736 - full_mae_score: 0.1019 - val_loss: 4200.4481 - val_full_cross_entropy: 0.6587 - val_trimmed_cross_entropy: 0.6484 - val_full_mse_log_r: 0.0093 - val_trimmed_mse_log_r: 0.0091 - val_full_mae_log_r: 0.0642 - val_full_mse_score: 2.9659 - val_trimmed_mse_score: 0.0582 - val_full_mae_score: 0.0989
Epoch 17/50
581s - loss: 3817.9458 - full_cross_entropy: 0.6588 - trimmed_cross_entropy: 0.6485 - full_mse_log_r: 0.0112 - trimmed_mse_log_r: 0.0110 - full_mae_log_r: 0.0728 - full_mse_score: 4.6287 - trimmed_mse_score: 0.0561 - full_mae_score: 0.0979 - val_loss: 4016.5326 - val_full_cross_entropy: 0.6585 - val_trimmed_cross_entropy: 0.6482 - val_full_mse_log_r: 0.0074 - val_trimmed_mse_log_r: 0.0073 - val_full_mae_log_r: 0.0514 - val_full_mse_score: 2.9608 - val_trimmed_mse_score: 0.0540 - val_full_mae_score: 0.0947
Epoch 18/50
581s - loss: 3766.6660 - full_cross_entropy: 0.6587 - trimmed_cross_entropy: 0.6484 - full_mse_log_r: 0.0100 - trimmed_mse_log_r: 0.0098 - full_mae_log_r: 0.0682 - full_mse_score: 4.6111 - trimmed_mse_score: 0.0559 - full_mae_score: 0.0943 - val_loss: 3748.3054 - val_full_cross_entropy: 0.6585 - val_trimmed_cross_entropy: 0.6482 - val_full_mse_log_r: 0.0070 - val_trimmed_mse_log_r: 0.0069 - val_full_mae_log_r: 0.0564 - val_full_mse_score: 2.8862 - val_trimmed_mse_score: 0.0618 - val_full_mae_score: 0.0887
Epoch 19/50
581s - loss: 3647.9842 - full_cross_entropy: 0.6586 - trimmed_cross_entropy: 0.6483 - full_mse_log_r: 0.0089 - trimmed_mse_log_r: 0.0088 - full_mae_log_r: 0.0644 - full_mse_score: 4.4502 - trimmed_mse_score: 0.0486 - full_mae_score: 0.0902 - val_loss: 3857.5449 - val_full_cross_entropy: 0.6602 - val_trimmed_cross_entropy: 0.6498 - val_full_mse_log_r: 0.0206 - val_trimmed_mse_log_r: 0.0202 - val_full_mae_log_r: 0.1290 - val_full_mse_score: 2.8447 - val_trimmed_mse_score: 0.0499 - val_full_mae_score: 0.0919
Epoch 20/50
581s - loss: 3508.2102 - full_cross_entropy: 0.6585 - trimmed_cross_entropy: 0.6483 - full_mse_log_r: 0.0082 - trimmed_mse_log_r: 0.0081 - full_mae_log_r: 0.0617 - full_mse_score: 4.4877 - trimmed_mse_score: 0.0427 - full_mae_score: 0.0876 - val_loss: 3934.2516 - val_full_cross_entropy: 0.6585 - val_trimmed_cross_entropy: 0.6482 - val_full_mse_log_r: 0.0069 - val_trimmed_mse_log_r: 0.0068 - val_full_mae_log_r: 0.0533 - val_full_mse_score: 3.0245 - val_trimmed_mse_score: 0.0537 - val_full_mae_score: 0.0920
Epoch 21/50
581s - loss: 3527.0772 - full_cross_entropy: 0.6585 - trimmed_cross_entropy: 0.6482 - full_mse_log_r: 0.0073 - trimmed_mse_log_r: 0.0072 - full_mae_log_r: 0.0579 - full_mse_score: 4.3892 - trimmed_mse_score: 0.0412 - full_mae_score: 0.0844 - val_loss: 3475.8451 - val_full_cross_entropy: 0.6583 - val_trimmed_cross_entropy: 0.6481 - val_full_mse_log_r: 0.0052 - val_trimmed_mse_log_r: 0.0051 - val_full_mae_log_r: 0.0414 - val_full_mse_score: 2.6747 - val_trimmed_mse_score: 0.0445 - val_full_mae_score: 0.0830
Epoch 22/50
581s - loss: 3348.0124 - full_cross_entropy: 0.6584 - trimmed_cross_entropy: 0.6481 - full_mse_log_r: 0.0066 - trimmed_mse_log_r: 0.0065 - full_mae_log_r: 0.0549 - full_mse_score: 4.2630 - trimmed_mse_score: 0.0403 - full_mae_score: 0.0816 - val_loss: 3391.0111 - val_full_cross_entropy: 0.6588 - val_trimmed_cross_entropy: 0.6485 - val_full_mse_log_r: 0.0094 - val_trimmed_mse_log_r: 0.0092 - val_full_mae_log_r: 0.0726 - val_full_mse_score: 2.7840 - val_trimmed_mse_score: 0.0415 - val_full_mae_score: 0.0856
Epoch 23/50
581s - loss: 3190.2269 - full_cross_entropy: 0.6584 - trimmed_cross_entropy: 0.6481 - full_mse_log_r: 0.0061 - trimmed_mse_log_r: 0.0060 - full_mae_log_r: 0.0521 - full_mse_score: 4.2647 - trimmed_mse_score: 0.0344 - full_mae_score: 0.0792 - val_loss: 3426.8029 - val_full_cross_entropy: 0.6582 - val_trimmed_cross_entropy: 0.6480 - val_full_mse_log_r: 0.0041 - val_trimmed_mse_log_r: 0.0040 - val_full_mae_log_r: 0.0354 - val_full_mse_score: 2.6028 - val_trimmed_mse_score: 0.0377 - val_full_mae_score: 0.0776
Epoch 24/50
581s - loss: 3063.2041 - full_cross_entropy: 0.6583 - trimmed_cross_entropy: 0.6480 - full_mse_log_r: 0.0056 - trimmed_mse_log_r: 0.0055 - full_mae_log_r: 0.0500 - full_mse_score: 4.1399 - trimmed_mse_score: 0.0379 - full_mae_score: 0.0770 - val_loss: 3506.5892 - val_full_cross_entropy: 0.6587 - val_trimmed_cross_entropy: 0.6484 - val_full_mse_log_r: 0.0077 - val_trimmed_mse_log_r: 0.0076 - val_full_mae_log_r: 0.0701 - val_full_mse_score: 2.6081 - val_trimmed_mse_score: 0.0366 - val_full_mae_score: 0.0745
Epoch 25/50
587s - loss: 2857.9418 - full_cross_entropy: 0.6583 - trimmed_cross_entropy: 0.6480 - full_mse_log_r: 0.0052 - trimmed_mse_log_r: 0.0051 - full_mae_log_r: 0.0479 - full_mse_score: 4.2267 - trimmed_mse_score: 0.0353 - full_mae_score: 0.0746 - val_loss: 3098.8620 - val_full_cross_entropy: 0.6583 - val_trimmed_cross_entropy: 0.6480 - val_full_mse_log_r: 0.0039 - val_trimmed_mse_log_r: 0.0038 - val_full_mae_log_r: 0.0360 - val_full_mse_score: 2.6354 - val_trimmed_mse_score: 0.0351 - val_full_mae_score: 0.0743
Epoch 26/50
583s - loss: 2926.6584 - full_cross_entropy: 0.6582 - trimmed_cross_entropy: 0.6480 - full_mse_log_r: 0.0047 - trimmed_mse_log_r: 0.0047 - full_mae_log_r: 0.0455 - full_mse_score: 3.9970 - trimmed_mse_score: 0.0291 - full_mae_score: 0.0727 - val_loss: 3079.1639 - val_full_cross_entropy: 0.6587 - val_trimmed_cross_entropy: 0.6484 - val_full_mse_log_r: 0.0073 - val_trimmed_mse_log_r: 0.0072 - val_full_mae_log_r: 0.0699 - val_full_mse_score: 2.4177 - val_trimmed_mse_score: 0.0313 - val_full_mae_score: 0.0703
Epoch 27/50
580s - loss: 2720.2967 - full_cross_entropy: 0.6582 - trimmed_cross_entropy: 0.6479 - full_mse_log_r: 0.0044 - trimmed_mse_log_r: 0.0044 - full_mae_log_r: 0.0440 - full_mse_score: 3.9847 - trimmed_mse_score: 0.0276 - full_mae_score: 0.0711 - val_loss: 3045.6747 - val_full_cross_entropy: 0.6582 - val_trimmed_cross_entropy: 0.6479 - val_full_mse_log_r: 0.0033 - val_trimmed_mse_log_r: 0.0033 - val_full_mae_log_r: 0.0322 - val_full_mse_score: 2.2725 - val_trimmed_mse_score: 0.0252 - val_full_mae_score: 0.0697
Epoch 28/50
580s - loss: 2550.4490 - full_cross_entropy: 0.6582 - trimmed_cross_entropy: 0.6479 - full_mse_log_r: 0.0041 - trimmed_mse_log_r: 0.0041 - full_mae_log_r: 0.0423 - full_mse_score: 3.8589 - trimmed_mse_score: 0.0285 - full_mae_score: 0.0692 - val_loss: 2758.3693 - val_full_cross_entropy: 0.6582 - val_trimmed_cross_entropy: 0.6480 - val_full_mse_log_r: 0.0034 - val_trimmed_mse_log_r: 0.0033 - val_full_mae_log_r: 0.0356 - val_full_mse_score: 2.3564 - val_trimmed_mse_score: 0.0237 - val_full_mae_score: 0.0687
Epoch 29/50
581s - loss: 2458.9465 - full_cross_entropy: 0.6582 - trimmed_cross_entropy: 0.6479 - full_mse_log_r: 0.0038 - trimmed_mse_log_r: 0.0038 - full_mae_log_r: 0.0403 - full_mse_score: 3.8785 - trimmed_mse_score: 0.0238 - full_mae_score: 0.0676 - val_loss: 3150.1621 - val_full_cross_entropy: 0.6585 - val_trimmed_cross_entropy: 0.6482 - val_full_mse_log_r: 0.0054 - val_trimmed_mse_log_r: 0.0053 - val_full_mae_log_r: 0.0571 - val_full_mse_score: 2.4091 - val_trimmed_mse_score: 0.0241 - val_full_mae_score: 0.0669
Epoch 30/50
581s - loss: 2388.0773 - full_cross_entropy: 0.6581 - trimmed_cross_entropy: 0.6479 - full_mse_log_r: 0.0036 - trimmed_mse_log_r: 0.0036 - full_mae_log_r: 0.0390 - full_mse_score: 4.0210 - trimmed_mse_score: 0.0248 - full_mae_score: 0.0665 - val_loss: 2768.7258 - val_full_cross_entropy: 0.6582 - val_trimmed_cross_entropy: 0.6479 - val_full_mse_log_r: 0.0029 - val_trimmed_mse_log_r: 0.0028 - val_full_mae_log_r: 0.0299 - val_full_mse_score: 2.2482 - val_trimmed_mse_score: 0.0231 - val_full_mae_score: 0.0651
Epoch 31/50
582s - loss: 2380.9329 - full_cross_entropy: 0.6581 - trimmed_cross_entropy: 0.6478 - full_mse_log_r: 0.0034 - trimmed_mse_log_r: 0.0034 - full_mae_log_r: 0.0379 - full_mse_score: 3.8383 - trimmed_mse_score: 0.0220 - full_mae_score: 0.0648 - val_loss: 2590.2979 - val_full_cross_entropy: 0.6581 - val_trimmed_cross_entropy: 0.6479 - val_full_mse_log_r: 0.0027 - val_trimmed_mse_log_r: 0.0027 - val_full_mae_log_r: 0.0289 - val_full_mse_score: 2.2062 - val_trimmed_mse_score: 0.0264 - val_full_mae_score: 0.0641
Epoch 32/50
582s - loss: 2324.4505 - full_cross_entropy: 0.6581 - trimmed_cross_entropy: 0.6478 - full_mse_log_r: 0.0032 - trimmed_mse_log_r: 0.0032 - full_mae_log_r: 0.0366 - full_mse_score: 3.7469 - trimmed_mse_score: 0.0206 - full_mae_score: 0.0637 - val_loss: 2692.7922 - val_full_cross_entropy: 0.6582 - val_trimmed_cross_entropy: 0.6479 - val_full_mse_log_r: 0.0030 - val_trimmed_mse_log_r: 0.0029 - val_full_mae_log_r: 0.0305 - val_full_mse_score: 2.3321 - val_trimmed_mse_score: 0.0255 - val_full_mae_score: 0.0649
Epoch 33/50
582s - loss: 2245.1878 - full_cross_entropy: 0.6581 - trimmed_cross_entropy: 0.6478 - full_mse_log_r: 0.0031 - trimmed_mse_log_r: 0.0030 - full_mae_log_r: 0.0353 - full_mse_score: 3.6260 - trimmed_mse_score: 0.0270 - full_mae_score: 0.0628 - val_loss: 2754.4324 - val_full_cross_entropy: 0.6583 - val_trimmed_cross_entropy: 0.6480 - val_full_mse_log_r: 0.0038 - val_trimmed_mse_log_r: 0.0037 - val_full_mae_log_r: 0.0447 - val_full_mse_score: 2.2284 - val_trimmed_mse_score: 0.0212 - val_full_mae_score: 0.0624
Epoch 34/50
582s - loss: 2075.9168 - full_cross_entropy: 0.6581 - trimmed_cross_entropy: 0.6478 - full_mse_log_r: 0.0029 - trimmed_mse_log_r: 0.0029 - full_mae_log_r: 0.0345 - full_mse_score: 3.7041 - trimmed_mse_score: 0.0185 - full_mae_score: 0.0618 - val_loss: 2513.7057 - val_full_cross_entropy: 0.6583 - val_trimmed_cross_entropy: 0.6480 - val_full_mse_log_r: 0.0037 - val_trimmed_mse_log_r: 0.0036 - val_full_mae_log_r: 0.0418 - val_full_mse_score: 2.2697 - val_trimmed_mse_score: 0.0241 - val_full_mae_score: 0.0626
Epoch 35/50
581s - loss: 1920.4141 - full_cross_entropy: 0.6581 - trimmed_cross_entropy: 0.6478 - full_mse_log_r: 0.0028 - trimmed_mse_log_r: 0.0027 - full_mae_log_r: 0.0335 - full_mse_score: 3.7516 - trimmed_mse_score: 0.0210 - full_mae_score: 0.0609 - val_loss: 2623.7353 - val_full_cross_entropy: 0.6582 - val_trimmed_cross_entropy: 0.6479 - val_full_mse_log_r: 0.0028 - val_trimmed_mse_log_r: 0.0027 - val_full_mae_log_r: 0.0318 - val_full_mse_score: 2.1673 - val_trimmed_mse_score: 0.0201 - val_full_mae_score: 0.0615
Epoch 36/50
582s - loss: 1974.2447 - full_cross_entropy: 0.6581 - trimmed_cross_entropy: 0.6478 - full_mse_log_r: 0.0027 - trimmed_mse_log_r: 0.0027 - full_mae_log_r: 0.0328 - full_mse_score: 3.6669 - trimmed_mse_score: 0.0213 - full_mae_score: 0.0600 - val_loss: 2424.8001 - val_full_cross_entropy: 0.6581 - val_trimmed_cross_entropy: 0.6479 - val_full_mse_log_r: 0.0024 - val_trimmed_mse_log_r: 0.0024 - val_full_mae_log_r: 0.0278 - val_full_mse_score: 2.1128 - val_trimmed_mse_score: 0.0175 - val_full_mae_score: 0.0602
Epoch 37/50
582s - loss: 1866.7631 - full_cross_entropy: 0.6581 - trimmed_cross_entropy: 0.6478 - full_mse_log_r: 0.0026 - trimmed_mse_log_r: 0.0025 - full_mae_log_r: 0.0320 - full_mse_score: 3.6057 - trimmed_mse_score: 0.0176 - full_mae_score: 0.0593 - val_loss: 2355.3280 - val_full_cross_entropy: 0.6582 - val_trimmed_cross_entropy: 0.6479 - val_full_mse_log_r: 0.0025 - val_trimmed_mse_log_r: 0.0025 - val_full_mae_log_r: 0.0297 - val_full_mse_score: 2.1994 - val_trimmed_mse_score: 0.0190 - val_full_mae_score: 0.0597
Epoch 38/50
581s - loss: 1894.7523 - full_cross_entropy: 0.6580 - trimmed_cross_entropy: 0.6478 - full_mse_log_r: 0.0025 - trimmed_mse_log_r: 0.0025 - full_mae_log_r: 0.0313 - full_mse_score: 3.4459 - trimmed_mse_score: 0.0180 - full_mae_score: 0.0585 - val_loss: 2455.6994 - val_full_cross_entropy: 0.6582 - val_trimmed_cross_entropy: 0.6479 - val_full_mse_log_r: 0.0026 - val_trimmed_mse_log_r: 0.0025 - val_full_mae_log_r: 0.0309 - val_full_mse_score: 2.1436 - val_trimmed_mse_score: 0.0183 - val_full_mae_score: 0.0591
Epoch 39/50
582s - loss: 1794.5565 - full_cross_entropy: 0.6580 - trimmed_cross_entropy: 0.6478 - full_mse_log_r: 0.0024 - trimmed_mse_log_r: 0.0024 - full_mae_log_r: 0.0308 - full_mse_score: 3.6163 - trimmed_mse_score: 0.0154 - full_mae_score: 0.0582 - val_loss: 2287.8453 - val_full_cross_entropy: 0.6582 - val_trimmed_cross_entropy: 0.6479 - val_full_mse_log_r: 0.0032 - val_trimmed_mse_log_r: 0.0031 - val_full_mae_log_r: 0.0362 - val_full_mse_score: 2.1817 - val_trimmed_mse_score: 0.0212 - val_full_mae_score: 0.0602
Epoch 40/50
582s - loss: 1782.0179 - full_cross_entropy: 0.6580 - trimmed_cross_entropy: 0.6478 - full_mse_log_r: 0.0024 - trimmed_mse_log_r: 0.0023 - full_mae_log_r: 0.0301 - full_mse_score: 3.5727 - trimmed_mse_score: 0.0154 - full_mae_score: 0.0574 - val_loss: 2371.6557 - val_full_cross_entropy: 0.6582 - val_trimmed_cross_entropy: 0.6479 - val_full_mse_log_r: 0.0024 - val_trimmed_mse_log_r: 0.0024 - val_full_mae_log_r: 0.0298 - val_full_mse_score: 2.1082 - val_trimmed_mse_score: 0.0173 - val_full_mae_score: 0.0583
Epoch 41/50
582s - loss: 1723.0352 - full_cross_entropy: 0.6580 - trimmed_cross_entropy: 0.6477 - full_mse_log_r: 0.0023 - trimmed_mse_log_r: 0.0023 - full_mae_log_r: 0.0297 - full_mse_score: 3.5856 - trimmed_mse_score: 0.0157 - full_mae_score: 0.0572 - val_loss: 2282.6871 - val_full_cross_entropy: 0.6581 - val_trimmed_cross_entropy: 0.6478 - val_full_mse_log_r: 0.0021 - val_trimmed_mse_log_r: 0.0021 - val_full_mae_log_r: 0.0264 - val_full_mse_score: 1.9572 - val_trimmed_mse_score: 0.0172 - val_full_mae_score: 0.0564
Epoch 42/50
582s - loss: 1704.9385 - full_cross_entropy: 0.6580 - trimmed_cross_entropy: 0.6477 - full_mse_log_r: 0.0022 - trimmed_mse_log_r: 0.0022 - full_mae_log_r: 0.0291 - full_mse_score: 3.5353 - trimmed_mse_score: 0.0169 - full_mae_score: 0.0567 - val_loss: 2288.8811 - val_full_cross_entropy: 0.6581 - val_trimmed_cross_entropy: 0.6478 - val_full_mse_log_r: 0.0021 - val_trimmed_mse_log_r: 0.0021 - val_full_mae_log_r: 0.0263 - val_full_mse_score: 1.9891 - val_trimmed_mse_score: 0.0191 - val_full_mae_score: 0.0567
Epoch 43/50
582s - loss: 1727.5621 - full_cross_entropy: 0.6580 - trimmed_cross_entropy: 0.6477 - full_mse_log_r: 0.0022 - trimmed_mse_log_r: 0.0022 - full_mae_log_r: 0.0288 - full_mse_score: 3.4785 - trimmed_mse_score: 0.0182 - full_mae_score: 0.0562 - val_loss: 2346.9262 - val_full_cross_entropy: 0.6582 - val_trimmed_cross_entropy: 0.6480 - val_full_mse_log_r: 0.0031 - val_trimmed_mse_log_r: 0.0031 - val_full_mae_log_r: 0.0404 - val_full_mse_score: 1.9939 - val_trimmed_mse_score: 0.0144 - val_full_mae_score: 0.0563
Epoch 44/50
582s - loss: 1692.9337 - full_cross_entropy: 0.6580 - trimmed_cross_entropy: 0.6477 - full_mse_log_r: 0.0021 - trimmed_mse_log_r: 0.0021 - full_mae_log_r: 0.0283 - full_mse_score: 3.5011 - trimmed_mse_score: 0.0151 - full_mae_score: 0.0557 - val_loss: 2336.2916 - val_full_cross_entropy: 0.6581 - val_trimmed_cross_entropy: 0.6478 - val_full_mse_log_r: 0.0021 - val_trimmed_mse_log_r: 0.0021 - val_full_mae_log_r: 0.0269 - val_full_mse_score: 2.0592 - val_trimmed_mse_score: 0.0159 - val_full_mae_score: 0.0567
Epoch 45/50
582s - loss: 1643.7035 - full_cross_entropy: 0.6580 - trimmed_cross_entropy: 0.6477 - full_mse_log_r: 0.0021 - trimmed_mse_log_r: 0.0021 - full_mae_log_r: 0.0280 - full_mse_score: 3.4812 - trimmed_mse_score: 0.0178 - full_mae_score: 0.0553 - val_loss: 2177.8614 - val_full_cross_entropy: 0.6581 - val_trimmed_cross_entropy: 0.6478 - val_full_mse_log_r: 0.0021 - val_trimmed_mse_log_r: 0.0020 - val_full_mae_log_r: 0.0261 - val_full_mse_score: 2.0063 - val_trimmed_mse_score: 0.0146 - val_full_mae_score: 0.0556
Epoch 46/50
582s - loss: 1562.3970 - full_cross_entropy: 0.6580 - trimmed_cross_entropy: 0.6477 - full_mse_log_r: 0.0021 - trimmed_mse_log_r: 0.0020 - full_mae_log_r: 0.0277 - full_mse_score: 3.5635 - trimmed_mse_score: 0.0137 - full_mae_score: 0.0552 - val_loss: 2301.6113 - val_full_cross_entropy: 0.6582 - val_trimmed_cross_entropy: 0.6479 - val_full_mse_log_r: 0.0023 - val_trimmed_mse_log_r: 0.0023 - val_full_mae_log_r: 0.0296 - val_full_mse_score: 1.9512 - val_trimmed_mse_score: 0.0147 - val_full_mae_score: 0.0553
Epoch 47/50
586s - loss: 1561.4352 - full_cross_entropy: 0.6580 - trimmed_cross_entropy: 0.6477 - full_mse_log_r: 0.0020 - trimmed_mse_log_r: 0.0020 - full_mae_log_r: 0.0274 - full_mse_score: 3.4924 - trimmed_mse_score: 0.0147 - full_mae_score: 0.0547 - val_loss: 2197.3386 - val_full_cross_entropy: 0.6581 - val_trimmed_cross_entropy: 0.6478 - val_full_mse_log_r: 0.0021 - val_trimmed_mse_log_r: 0.0021 - val_full_mae_log_r: 0.0271 - val_full_mse_score: 2.0036 - val_trimmed_mse_score: 0.0161 - val_full_mae_score: 0.0554
Epoch 48/50
586s - loss: 1550.8567 - full_cross_entropy: 0.6580 - trimmed_cross_entropy: 0.6477 - full_mse_log_r: 0.0020 - trimmed_mse_log_r: 0.0020 - full_mae_log_r: 0.0272 - full_mse_score: 3.4885 - trimmed_mse_score: 0.0121 - full_mae_score: 0.0546 - val_loss: 2210.0360 - val_full_cross_entropy: 0.6581 - val_trimmed_cross_entropy: 0.6478 - val_full_mse_log_r: 0.0020 - val_trimmed_mse_log_r: 0.0020 - val_full_mae_log_r: 0.0260 - val_full_mse_score: 1.9910 - val_trimmed_mse_score: 0.0143 - val_full_mae_score: 0.0549
Epoch 49/50
582s - loss: 1550.1141 - full_cross_entropy: 0.6580 - trimmed_cross_entropy: 0.6477 - full_mse_log_r: 0.0020 - trimmed_mse_log_r: 0.0019 - full_mae_log_r: 0.0268 - full_mse_score: 3.4945 - trimmed_mse_score: 0.0141 - full_mae_score: 0.0543 - val_loss: 2145.1577 - val_full_cross_entropy: 0.6581 - val_trimmed_cross_entropy: 0.6478 - val_full_mse_log_r: 0.0021 - val_trimmed_mse_log_r: 0.0021 - val_full_mae_log_r: 0.0278 - val_full_mse_score: 1.9776 - val_trimmed_mse_score: 0.0149 - val_full_mae_score: 0.0548
Epoch 50/50
581s - loss: 1534.7560 - full_cross_entropy: 0.6580 - trimmed_cross_entropy: 0.6477 - full_mse_log_r: 0.0020 - trimmed_mse_log_r: 0.0019 - full_mae_log_r: 0.0267 - full_mse_score: 3.4599 - trimmed_mse_score: 0.0419 - full_mae_score: 0.0541 - val_loss: 2127.6101 - val_full_cross_entropy: 0.6581 - val_trimmed_cross_entropy: 0.6478 - val_full_mse_log_r: 0.0020 - val_trimmed_mse_log_r: 0.0020 - val_full_mae_log_r: 0.0259 - val_full_mse_score: 1.9293 - val_trimmed_mse_score: 0.0144 - val_full_mae_score: 0.0544
27.04.2018 17:57:34 INFO    Starting evaluation
27.04.2018 18:00:35 INFO    Starting theta 100 / 1017
27.04.2018 18:03:30 INFO    Starting theta 200 / 1017
27.04.2018 18:06:26 INFO    Starting theta 300 / 1017
27.04.2018 18:09:21 INFO    Starting theta 400 / 1017
27.04.2018 18:12:17 INFO    Starting theta 500 / 1017
27.04.2018 18:15:12 INFO    Starting theta 600 / 1017
27.04.2018 18:18:07 INFO    Starting theta 700 / 1017
27.04.2018 18:21:03 INFO    Starting theta 800 / 1017
27.04.2018 18:23:58 INFO    Starting theta 900 / 1017
27.04.2018 18:26:54 INFO    Starting theta 1000 / 1017
27.04.2018 18:27:25 INFO    Evaluation timing: median 1.74154686928 s, mean 1.74218643239 s
27.04.2018 18:27:25 INFO    Starting roaming
27.04.2018 18:28:01 INFO    Starting calibrated evaluation and roaming
27.04.2018 20:28:31 INFO    Starting theta 100 / 1017
27.04.2018 22:30:02 INFO    Starting theta 200 / 1017
28.04.2018 00:31:23 INFO    Starting theta 300 / 1017
28.04.2018 02:32:44 INFO    Starting theta 400 / 1017
28.04.2018 04:34:14 INFO    Starting theta 500 / 1017
28.04.2018 06:35:37 INFO    Starting theta 600 / 1017
28.04.2018 08:37:01 INFO    Starting theta 700 / 1017
slurmstepd: error: *** JOB 5855312 ON gpu-06 CANCELLED AT 2018-04-28T09:46:12 DUE TO TIME LIMIT ***
