17.07.2018 09:30:12 INFO    Hi! How are you today?
17.07.2018 09:30:12 INFO    Startup options:
17.07.2018 09:30:12 INFO      Algorithm:                     truth
17.07.2018 09:30:12 INFO      Point by point:                False
17.07.2018 09:30:12 INFO      Morphing-aware mode:           False
17.07.2018 09:30:12 INFO      Smeared data:                  False
17.07.2018 09:30:12 INFO      Training sample:               baseline
17.07.2018 09:30:12 INFO      alpha:                         None
17.07.2018 09:30:12 INFO      Histogram / AFC X indices:     [1, 38, 39, 40, 41]
17.07.2018 09:30:12 INFO      AFC epsilon:                   None
17.07.2018 09:30:12 INFO      Denominator theta:             True
17.07.2018 09:30:12 INFO      Neyman construction toys:      0
17.07.2018 09:30:12 INFO      Training sample size limit:    None
17.07.2018 09:30:12 INFO      Other options:                 ['neyman2']
17.07.2018 09:30:12 INFO      Base directory:                /home/jb6504/higgs_inference
17.07.2018 09:30:12 INFO      ML-based strategies available: False
17.07.2018 09:30:12 INFO    Starting truth calculation
17.07.2018 09:30:12 DEBUG    NC settings: True neyman2 1 10000 10000
17.07.2018 09:30:12 DEBUG    Diagnostics settings:  
17.07.2018 09:31:10 INFO    Starting evaluation
17.07.2018 09:31:16 INFO    Starting calibrated evaluation
17.07.2018 09:32:18 INFO    Starting theta 100 / 1017
17.07.2018 09:33:22 INFO    Starting theta 200 / 1017
17.07.2018 09:34:25 INFO    Starting theta 300 / 1017
17.07.2018 09:35:27 INFO    Starting theta 400 / 1017
17.07.2018 09:36:30 INFO    Starting theta 500 / 1017
17.07.2018 09:37:33 INFO    Starting theta 600 / 1017
17.07.2018 09:38:37 INFO    Starting theta 700 / 1017
17.07.2018 09:39:40 INFO    Starting theta 800 / 1017
17.07.2018 09:40:43 INFO    Starting theta 900 / 1017
17.07.2018 09:41:46 INFO    Starting theta 1000 / 1017
17.07.2018 09:41:59 INFO    Starting roaming
17.07.2018 09:51:11 INFO    Calculating cross-entropy on train set
17.07.2018 09:51:12 INFO    Training cross-entropy: 0.657878617408
17.07.2018 09:51:12 INFO    Starting evaluation of Neyman experiments
17.07.2018 09:51:45 INFO    That's it -- have a great day!
slurmstepd: error: Exceeded step memory limit at some point.
slurmstepd: error: This may or may not result in some failure. The SLURM utilizes Linux cgroups for resource containment. For reference please read the explanation in the bug report: https://bugs.schedmd.com/show_bug.cgi?id=3214#c4
