Using TensorFlow backend.
28.02.2018 17:04:56 INFO    Hi! How are you today?
28.02.2018 17:04:56 INFO    Startup options:
28.02.2018 17:04:56 INFO      Algorithm:                     regression
28.02.2018 17:04:56 INFO      Point by point:                False
28.02.2018 17:04:56 INFO      Morphing-aware mode:           True
28.02.2018 17:04:56 INFO      Smeared data:                  False
28.02.2018 17:04:56 INFO      Training sample:               baseline
28.02.2018 17:04:56 INFO      Histogram / AFC X indices:     [1, 38, 39, 40, 41]
28.02.2018 17:04:56 INFO      alpha:                         None
28.02.2018 17:04:56 INFO      AFC epsilon:                   None
28.02.2018 17:04:56 INFO      Neyman construction toys:      False
28.02.2018 17:04:56 INFO      Other options:                 ['shallow']
28.02.2018 17:04:56 INFO      Base directory:                /home/jb6504/higgs_inference
28.02.2018 17:04:56 INFO      ML-based strategies available: True
28.02.2018 17:04:56 INFO    Starting parameterized inference
28.02.2018 17:04:56 INFO    Main settings:
28.02.2018 17:04:56 INFO      Algorithm:                regression
28.02.2018 17:04:56 INFO      Morphing-aware:           True
28.02.2018 17:04:56 INFO      Training sample:          baseline
28.02.2018 17:04:56 INFO    Options:
28.02.2018 17:04:56 INFO      Number of hidden layers:  2
28.02.2018 17:04:56 INFO      Batch size:               128
28.02.2018 17:04:56 INFO      Learning rate:            0.001
28.02.2018 17:04:56 INFO      Learning rate decay:      0.0921034037198
28.02.2018 17:04:56 INFO      Number of epochs:         50
28.02.2018 17:04:56 INFO      Debug mode:               False
28.02.2018 17:05:21 INFO    Starting training
Train on 7995920 samples, validate on 1998980 samples
2018-02-28 17:05:26.511894: W tensorflow/core/platform/cpu_feature_guard.cc:45] The TensorFlow library wasn't compiled to use SSE4.1 instructions, but these are available on your machine and could speed up CPU computations.
2018-02-28 17:05:26.512277: W tensorflow/core/platform/cpu_feature_guard.cc:45] The TensorFlow library wasn't compiled to use SSE4.2 instructions, but these are available on your machine and could speed up CPU computations.
2018-02-28 17:05:26.512286: W tensorflow/core/platform/cpu_feature_guard.cc:45] The TensorFlow library wasn't compiled to use AVX instructions, but these are available on your machine and could speed up CPU computations.
2018-02-28 17:05:26.512290: W tensorflow/core/platform/cpu_feature_guard.cc:45] The TensorFlow library wasn't compiled to use AVX2 instructions, but these are available on your machine and could speed up CPU computations.
2018-02-28 17:05:26.512294: W tensorflow/core/platform/cpu_feature_guard.cc:45] The TensorFlow library wasn't compiled to use FMA instructions, but these are available on your machine and could speed up CPU computations.
2018-02-28 17:05:26.827814: I tensorflow/core/common_runtime/gpu/gpu_device.cc:940] Found device 0 with properties: 
name: Tesla P40
major: 6 minor: 1 memoryClockRate (GHz) 1.531
pciBusID 0000:85:00.0
Total memory: 22.38GiB
Free memory: 22.21GiB
2018-02-28 17:05:26.827848: I tensorflow/core/common_runtime/gpu/gpu_device.cc:961] DMA: 0 
2018-02-28 17:05:26.827854: I tensorflow/core/common_runtime/gpu/gpu_device.cc:971] 0:   Y 
2018-02-28 17:05:26.827861: I tensorflow/core/common_runtime/gpu/gpu_device.cc:1030] Creating TensorFlow device (/gpu:0) -> (device: 0, name: Tesla P40, pci bus id: 0000:85:00.0)
Epoch 1/50
1974s - loss: 1632988.7092 - full_cross_entropy: 0.9384 - trimmed_cross_entropy: 0.9238 - full_mse_log_r: 3.2805 - trimmed_mse_log_r: 3.2292 - full_mae_log_r: 0.8764 - full_mse_score: 9565.1425 - trimmed_mse_score: 61.1348 - full_mae_score: 3.0303 - val_loss: 942064.9557 - val_full_cross_entropy: 0.8240 - val_trimmed_cross_entropy: 0.8111 - val_full_mse_log_r: 1.9586 - val_trimmed_mse_log_r: 1.9279 - val_full_mae_log_r: 0.7107 - val_full_mse_score: 4272.6189 - val_trimmed_mse_score: 15.9038 - val_full_mae_score: 2.4280
Epoch 2/50
1972s - loss: 776087.6348 - full_cross_entropy: 0.7917 - trimmed_cross_entropy: 0.7793 - full_mse_log_r: 1.6073 - trimmed_mse_log_r: 1.5822 - full_mae_log_r: 0.6545 - full_mse_score: 3258.6550 - trimmed_mse_score: 12.0719 - full_mae_score: 2.1958 - val_loss: 688423.1750 - val_full_cross_entropy: 0.7672 - val_trimmed_cross_entropy: 0.7552 - val_full_mse_log_r: 1.3703 - val_trimmed_mse_log_r: 1.3489 - val_full_mae_log_r: 0.6099 - val_full_mse_score: 1437.2561 - val_trimmed_mse_score: 7.8921 - val_full_mae_score: 1.8917
Epoch 3/50
1976s - loss: 729012.1147 - full_cross_entropy: 0.7807 - trimmed_cross_entropy: 0.7685 - full_mse_log_r: 1.4872 - trimmed_mse_log_r: 1.4639 - full_mae_log_r: 0.6266 - full_mse_score: 3585.8087 - trimmed_mse_score: 12.6791 - full_mae_score: 2.1227 - val_loss: 506466.8734 - val_full_cross_entropy: 0.7457 - val_trimmed_cross_entropy: 0.7341 - val_full_mse_log_r: 1.0818 - val_trimmed_mse_log_r: 1.0649 - val_full_mae_log_r: 0.5751 - val_full_mse_score: 1784.5011 - val_trimmed_mse_score: 6.0317 - val_full_mae_score: 1.8027
Epoch 4/50
1974s - loss: 697377.1882 - full_cross_entropy: 0.7716 - trimmed_cross_entropy: 0.7595 - full_mse_log_r: 1.3944 - trimmed_mse_log_r: 1.3726 - full_mae_log_r: 0.6026 - full_mse_score: 12119.2739 - trimmed_mse_score: 9.7598 - full_mae_score: 2.0516 - val_loss: 1281275.5188 - val_full_cross_entropy: 0.8725 - val_trimmed_cross_entropy: 0.8588 - val_full_mse_log_r: 2.5310 - val_trimmed_mse_log_r: 2.4914 - val_full_mae_log_r: 0.7764 - val_full_mse_score: 7381.7436 - val_trimmed_mse_score: 29.6944 - val_full_mae_score: 3.1119
Epoch 5/50
1972s - loss: 660919.9448 - full_cross_entropy: 0.7634 - trimmed_cross_entropy: 0.7514 - full_mse_log_r: 1.3046 - trimmed_mse_log_r: 1.2842 - full_mae_log_r: 0.5789 - full_mse_score: 3365.1595 - trimmed_mse_score: 8.7757 - full_mae_score: 1.9671 - val_loss: 1532679.7668 - val_full_cross_entropy: 0.8968 - val_trimmed_cross_entropy: 0.8828 - val_full_mse_log_r: 2.8749 - val_trimmed_mse_log_r: 2.8299 - val_full_mae_log_r: 0.7931 - val_full_mse_score: 9249.9253 - val_trimmed_mse_score: 30.1068 - val_full_mae_score: 3.0361
Epoch 6/50
1973s - loss: 625317.8480 - full_cross_entropy: 0.7552 - trimmed_cross_entropy: 0.7434 - full_mse_log_r: 1.2170 - trimmed_mse_log_r: 1.1980 - full_mae_log_r: 0.5545 - full_mse_score: 3063.1246 - trimmed_mse_score: 9.8040 - full_mae_score: 1.9028 - val_loss: 646467.7797 - val_full_cross_entropy: 0.7544 - val_trimmed_cross_entropy: 0.7426 - val_full_mse_log_r: 1.2310 - val_trimmed_mse_log_r: 1.2117 - val_full_mae_log_r: 0.5539 - val_full_mse_score: 1748.1344 - val_trimmed_mse_score: 7.4186 - val_full_mae_score: 1.7725
Epoch 7/50
1971s - loss: 606539.7979 - full_cross_entropy: 0.7498 - trimmed_cross_entropy: 0.7381 - full_mse_log_r: 1.1569 - trimmed_mse_log_r: 1.1388 - full_mae_log_r: 0.5379 - full_mse_score: 4564.1204 - trimmed_mse_score: 10.9298 - full_mae_score: 1.8632 - val_loss: 720343.4129 - val_full_cross_entropy: 0.7740 - val_trimmed_cross_entropy: 0.7619 - val_full_mse_log_r: 1.4088 - val_trimmed_mse_log_r: 1.3868 - val_full_mae_log_r: 0.5686 - val_full_mse_score: 6068.5634 - val_trimmed_mse_score: 10.0547 - val_full_mae_score: 2.0895
Epoch 8/50
1972s - loss: 576418.5033 - full_cross_entropy: 0.7427 - trimmed_cross_entropy: 0.7311 - full_mse_log_r: 1.0829 - trimmed_mse_log_r: 1.0660 - full_mae_log_r: 0.5190 - full_mse_score: 3066.0981 - trimmed_mse_score: 7.7931 - full_mae_score: 1.7827 - val_loss: 554702.3680 - val_full_cross_entropy: 0.7347 - val_trimmed_cross_entropy: 0.7232 - val_full_mse_log_r: 1.0146 - val_trimmed_mse_log_r: 0.9987 - val_full_mae_log_r: 0.4982 - val_full_mse_score: 1674.8315 - val_trimmed_mse_score: 5.4673 - val_full_mae_score: 1.7006
Epoch 9/50
1972s - loss: 554435.6743 - full_cross_entropy: 0.7381 - trimmed_cross_entropy: 0.7266 - full_mse_log_r: 1.0280 - trimmed_mse_log_r: 1.0119 - full_mae_log_r: 0.5007 - full_mse_score: 2165.6776 - trimmed_mse_score: 7.7639 - full_mae_score: 1.7140 - val_loss: 561883.3058 - val_full_cross_entropy: 0.7379 - val_trimmed_cross_entropy: 0.7264 - val_full_mse_log_r: 1.0479 - val_trimmed_mse_log_r: 1.0315 - val_full_mae_log_r: 0.5136 - val_full_mse_score: 3223.1471 - val_trimmed_mse_score: 7.3538 - val_full_mae_score: 1.8168
Epoch 10/50
1971s - loss: 544861.8383 - full_cross_entropy: 0.7336 - trimmed_cross_entropy: 0.7221 - full_mse_log_r: 0.9859 - trimmed_mse_log_r: 0.9705 - full_mae_log_r: 0.4839 - full_mse_score: 3535.6020 - trimmed_mse_score: 8.1852 - full_mae_score: 1.7089 - val_loss: 754363.4646 - val_full_cross_entropy: 0.7599 - val_trimmed_cross_entropy: 0.7481 - val_full_mse_log_r: 1.3356 - val_trimmed_mse_log_r: 1.3148 - val_full_mae_log_r: 0.5354 - val_full_mse_score: 5607.8497 - val_trimmed_mse_score: 7.9982 - val_full_mae_score: 1.9360
Epoch 11/50
1971s - loss: 522487.6126 - full_cross_entropy: 0.7282 - trimmed_cross_entropy: 0.7168 - full_mse_log_r: 0.9293 - trimmed_mse_log_r: 0.9148 - full_mae_log_r: 0.4663 - full_mse_score: 4466.2680 - trimmed_mse_score: 7.1933 - full_mae_score: 1.6166 - val_loss: 630525.7492 - val_full_cross_entropy: 0.7457 - val_trimmed_cross_entropy: 0.7341 - val_full_mse_log_r: 1.1490 - val_trimmed_mse_log_r: 1.1311 - val_full_mae_log_r: 0.5018 - val_full_mse_score: 3977.8272 - val_trimmed_mse_score: 8.8852 - val_full_mae_score: 1.9391
Epoch 12/50
1972s - loss: 497757.8970 - full_cross_entropy: 0.7234 - trimmed_cross_entropy: 0.7121 - full_mse_log_r: 0.8712 - trimmed_mse_log_r: 0.8576 - full_mae_log_r: 0.4504 - full_mse_score: 2282.0242 - trimmed_mse_score: 5.5224 - full_mae_score: 1.5288 - val_loss: 460154.3323 - val_full_cross_entropy: 0.7186 - val_trimmed_cross_entropy: 0.7074 - val_full_mse_log_r: 0.8159 - val_trimmed_mse_log_r: 0.8032 - val_full_mae_log_r: 0.4365 - val_full_mse_score: 2696.7826 - val_trimmed_mse_score: 5.2795 - val_full_mae_score: 1.5503
Epoch 13/50
1971s - loss: 477637.3671 - full_cross_entropy: 0.7198 - trimmed_cross_entropy: 0.7085 - full_mse_log_r: 0.8291 - trimmed_mse_log_r: 0.8161 - full_mae_log_r: 0.4374 - full_mse_score: 2525.2501 - trimmed_mse_score: 6.6232 - full_mae_score: 1.5206 - val_loss: 510345.7195 - val_full_cross_entropy: 0.7214 - val_trimmed_cross_entropy: 0.7101 - val_full_mse_log_r: 0.8719 - val_trimmed_mse_log_r: 0.8583 - val_full_mae_log_r: 0.4521 - val_full_mse_score: 4210.2101 - val_trimmed_mse_score: 6.1305 - val_full_mae_score: 1.7068
Epoch 14/50
1971s - loss: 462842.6901 - full_cross_entropy: 0.7161 - trimmed_cross_entropy: 0.7049 - full_mse_log_r: 0.7915 - trimmed_mse_log_r: 0.7792 - full_mae_log_r: 0.4260 - full_mse_score: 1423.4181 - trimmed_mse_score: 5.0091 - full_mae_score: 1.4534 - val_loss: 428938.7650 - val_full_cross_entropy: 0.7088 - val_trimmed_cross_entropy: 0.6977 - val_full_mse_log_r: 0.7221 - val_trimmed_mse_log_r: 0.7108 - val_full_mae_log_r: 0.4182 - val_full_mse_score: 899.1636 - val_trimmed_mse_score: 6.4901 - val_full_mae_score: 1.3778
Epoch 15/50
1972s - loss: 451753.9685 - full_cross_entropy: 0.7136 - trimmed_cross_entropy: 0.7025 - full_mse_log_r: 0.7610 - trimmed_mse_log_r: 0.7491 - full_mae_log_r: 0.4165 - full_mse_score: 1708.1103 - trimmed_mse_score: 5.0264 - full_mae_score: 1.4256 - val_loss: 384451.3978 - val_full_cross_entropy: 0.7058 - val_trimmed_cross_entropy: 0.6948 - val_full_mse_log_r: 0.6620 - val_trimmed_mse_log_r: 0.6516 - val_full_mae_log_r: 0.3907 - val_full_mse_score: 993.4691 - val_trimmed_mse_score: 4.5362 - val_full_mae_score: 1.2716
Epoch 16/50
1972s - loss: 433103.2283 - full_cross_entropy: 0.7105 - trimmed_cross_entropy: 0.6994 - full_mse_log_r: 0.7247 - trimmed_mse_log_r: 0.7134 - full_mae_log_r: 0.4064 - full_mse_score: 992.4745 - trimmed_mse_score: 4.5116 - full_mae_score: 1.3696 - val_loss: 421815.4385 - val_full_cross_entropy: 0.7114 - val_trimmed_cross_entropy: 0.7003 - val_full_mse_log_r: 0.7272 - val_trimmed_mse_log_r: 0.7159 - val_full_mae_log_r: 0.4250 - val_full_mse_score: 1284.3691 - val_trimmed_mse_score: 3.8096 - val_full_mae_score: 1.4243
Epoch 17/50
1971s - loss: 432833.5977 - full_cross_entropy: 0.7089 - trimmed_cross_entropy: 0.6978 - full_mse_log_r: 0.7086 - trimmed_mse_log_r: 0.6976 - full_mae_log_r: 0.3943 - full_mse_score: 955.3274 - trimmed_mse_score: 4.2144 - full_mae_score: 1.3495 - val_loss: 474697.8378 - val_full_cross_entropy: 0.7123 - val_trimmed_cross_entropy: 0.7012 - val_full_mse_log_r: 0.7719 - val_trimmed_mse_log_r: 0.7599 - val_full_mae_log_r: 0.4024 - val_full_mse_score: 1514.8249 - val_trimmed_mse_score: 4.4426 - val_full_mae_score: 1.3657
Epoch 18/50
1971s - loss: 432424.4496 - full_cross_entropy: 0.7070 - trimmed_cross_entropy: 0.6959 - full_mse_log_r: 0.6911 - trimmed_mse_log_r: 0.6803 - full_mae_log_r: 0.3858 - full_mse_score: 878.0131 - trimmed_mse_score: 9.0056 - full_mae_score: 1.3415 - val_loss: 369738.6675 - val_full_cross_entropy: 0.7045 - val_trimmed_cross_entropy: 0.6935 - val_full_mse_log_r: 0.6322 - val_trimmed_mse_log_r: 0.6223 - val_full_mae_log_r: 0.3758 - val_full_mse_score: 1534.0619 - val_trimmed_mse_score: 3.3779 - val_full_mae_score: 1.3277
Epoch 19/50
1966s - loss: 422440.2394 - full_cross_entropy: 0.7049 - trimmed_cross_entropy: 0.6939 - full_mse_log_r: 0.6665 - trimmed_mse_log_r: 0.6561 - full_mae_log_r: 0.3768 - full_mse_score: 2041.9204 - trimmed_mse_score: 4.5592 - full_mae_score: 1.3302 - val_loss: 472819.0760 - val_full_cross_entropy: 0.7055 - val_trimmed_cross_entropy: 0.6944 - val_full_mse_log_r: 0.7186 - val_trimmed_mse_log_r: 0.7073 - val_full_mae_log_r: 0.3780 - val_full_mse_score: 1399.0807 - val_trimmed_mse_score: 3.7761 - val_full_mae_score: 1.3255
Epoch 20/50
1967s - loss: 413209.8006 - full_cross_entropy: 0.7030 - trimmed_cross_entropy: 0.6920 - full_mse_log_r: 0.6418 - trimmed_mse_log_r: 0.6318 - full_mae_log_r: 0.3687 - full_mse_score: 1864.8172 - trimmed_mse_score: 4.9660 - full_mae_score: 1.3039 - val_loss: 412976.0837 - val_full_cross_entropy: 0.7004 - val_trimmed_cross_entropy: 0.6895 - val_full_mse_log_r: 0.6271 - val_trimmed_mse_log_r: 0.6173 - val_full_mae_log_r: 0.3567 - val_full_mse_score: 1148.0122 - val_trimmed_mse_score: 3.2449 - val_full_mae_score: 1.2340
Epoch 21/50
1967s - loss: 401468.5315 - full_cross_entropy: 0.7010 - trimmed_cross_entropy: 0.6901 - full_mse_log_r: 0.6163 - trimmed_mse_log_r: 0.6067 - full_mae_log_r: 0.3616 - full_mse_score: 1023.7299 - trimmed_mse_score: 4.3503 - full_mae_score: 1.2751 - val_loss: 485689.4706 - val_full_cross_entropy: 0.7092 - val_trimmed_cross_entropy: 0.6981 - val_full_mse_log_r: 0.7527 - val_trimmed_mse_log_r: 0.7409 - val_full_mae_log_r: 0.3892 - val_full_mse_score: 1336.8484 - val_trimmed_mse_score: 8.6700 - val_full_mae_score: 1.5146
Epoch 22/50
1967s - loss: 393871.0582 - full_cross_entropy: 0.6995 - trimmed_cross_entropy: 0.6886 - full_mse_log_r: 0.5985 - trimmed_mse_log_r: 0.5892 - full_mae_log_r: 0.3546 - full_mse_score: 924.7503 - trimmed_mse_score: 3.6166 - full_mae_score: 1.2505 - val_loss: 425561.1269 - val_full_cross_entropy: 0.7012 - val_trimmed_cross_entropy: 0.6902 - val_full_mse_log_r: 0.6397 - val_trimmed_mse_log_r: 0.6297 - val_full_mae_log_r: 0.3594 - val_full_mse_score: 970.1312 - val_trimmed_mse_score: 4.5520 - val_full_mae_score: 1.3118
Epoch 23/50
1967s - loss: 385164.3564 - full_cross_entropy: 0.6980 - trimmed_cross_entropy: 0.6871 - full_mse_log_r: 0.5797 - trimmed_mse_log_r: 0.5706 - full_mae_log_r: 0.3487 - full_mse_score: 1368.5820 - trimmed_mse_score: 3.8248 - full_mae_score: 1.2413 - val_loss: 409470.5812 - val_full_cross_entropy: 0.7002 - val_trimmed_cross_entropy: 0.6893 - val_full_mse_log_r: 0.6210 - val_trimmed_mse_log_r: 0.6113 - val_full_mae_log_r: 0.3562 - val_full_mse_score: 741.8670 - val_trimmed_mse_score: 3.2858 - val_full_mae_score: 1.2133
Epoch 24/50
1966s - loss: 383153.4450 - full_cross_entropy: 0.6968 - trimmed_cross_entropy: 0.6859 - full_mse_log_r: 0.5665 - trimmed_mse_log_r: 0.5577 - full_mae_log_r: 0.3422 - full_mse_score: 1001.7952 - trimmed_mse_score: 3.4621 - full_mae_score: 1.2163 - val_loss: 347907.5827 - val_full_cross_entropy: 0.6990 - val_trimmed_cross_entropy: 0.6881 - val_full_mse_log_r: 0.5640 - val_trimmed_mse_log_r: 0.5552 - val_full_mae_log_r: 0.3503 - val_full_mse_score: 830.4345 - val_trimmed_mse_score: 9.1659 - val_full_mae_score: 1.3680
Epoch 25/50
1967s - loss: 371928.9202 - full_cross_entropy: 0.6955 - trimmed_cross_entropy: 0.6846 - full_mse_log_r: 0.5489 - trimmed_mse_log_r: 0.5403 - full_mae_log_r: 0.3370 - full_mse_score: 2038.2076 - trimmed_mse_score: 3.0828 - full_mae_score: 1.2117 - val_loss: 360884.0589 - val_full_cross_entropy: 0.6967 - val_trimmed_cross_entropy: 0.6858 - val_full_mse_log_r: 0.5577 - val_trimmed_mse_log_r: 0.5490 - val_full_mae_log_r: 0.3398 - val_full_mse_score: 2980.8192 - val_trimmed_mse_score: 3.5357 - val_full_mae_score: 1.2517
Epoch 26/50
1967s - loss: 361993.1012 - full_cross_entropy: 0.6944 - trimmed_cross_entropy: 0.6836 - full_mse_log_r: 0.5319 - trimmed_mse_log_r: 0.5236 - full_mae_log_r: 0.3314 - full_mse_score: 584.0034 - trimmed_mse_score: 3.6134 - full_mae_score: 1.1775 - val_loss: 343558.6531 - val_full_cross_entropy: 0.6941 - val_trimmed_cross_entropy: 0.6833 - val_full_mse_log_r: 0.5224 - val_trimmed_mse_log_r: 0.5143 - val_full_mae_log_r: 0.3267 - val_full_mse_score: 811.9985 - val_trimmed_mse_score: 2.6995 - val_full_mae_score: 1.1611
Epoch 27/50
1966s - loss: 350277.7149 - full_cross_entropy: 0.6932 - trimmed_cross_entropy: 0.6824 - full_mse_log_r: 0.5134 - trimmed_mse_log_r: 0.5054 - full_mae_log_r: 0.3265 - full_mse_score: 828.8058 - trimmed_mse_score: 3.2628 - full_mae_score: 1.1743 - val_loss: 378707.0885 - val_full_cross_entropy: 0.6947 - val_trimmed_cross_entropy: 0.6839 - val_full_mse_log_r: 0.5533 - val_trimmed_mse_log_r: 0.5447 - val_full_mae_log_r: 0.3324 - val_full_mse_score: 1555.9352 - val_trimmed_mse_score: 3.2216 - val_full_mae_score: 1.2781
Epoch 28/50
1966s - loss: 344765.0874 - full_cross_entropy: 0.6920 - trimmed_cross_entropy: 0.6811 - full_mse_log_r: 0.5006 - trimmed_mse_log_r: 0.4927 - full_mae_log_r: 0.3220 - full_mse_score: 1649.3619 - trimmed_mse_score: 3.0231 - full_mae_score: 1.1636 - val_loss: 323900.9857 - val_full_cross_entropy: 0.6914 - val_trimmed_cross_entropy: 0.6806 - val_full_mse_log_r: 0.4852 - val_trimmed_mse_log_r: 0.4776 - val_full_mae_log_r: 0.3170 - val_full_mse_score: 1248.9965 - val_trimmed_mse_score: 2.7446 - val_full_mae_score: 1.1616
Epoch 29/50
