Using TensorFlow backend.
26.03.2018 17:40:37 INFO    Hi! How are you today?
26.03.2018 17:40:37 INFO    Startup options:
26.03.2018 17:40:37 INFO      Algorithm:                     scoreregression
26.03.2018 17:40:37 INFO      Point by point:                False
26.03.2018 17:40:37 INFO      Morphing-aware mode:           False
26.03.2018 17:40:37 INFO      Smeared data:                  False
26.03.2018 17:40:37 INFO      Training sample:               baseline
26.03.2018 17:40:37 INFO      alpha:                         None
26.03.2018 17:40:37 INFO      Histogram / AFC X indices:     [1, 38, 39, 40, 41]
26.03.2018 17:40:37 INFO      AFC epsilon:                   None
26.03.2018 17:40:37 INFO      Denominator theta:             False
26.03.2018 17:40:37 INFO      Neyman construction toys:      2
26.03.2018 17:40:37 INFO      Other options:                 ['deep']
26.03.2018 17:40:37 INFO      Base directory:                /home/jb6504/higgs_inference
26.03.2018 17:40:37 INFO      ML-based strategies available: True
26.03.2018 17:40:37 INFO    Starting score regression inference
26.03.2018 17:40:37 INFO    Options:
26.03.2018 17:40:37 INFO      Denominator theta:       denominator 2 = theta 602 = [ 0.17260281 -0.00262031]
26.03.2018 17:40:37 INFO      Number of hidden layers: 5
26.03.2018 17:40:37 INFO      Batch size:              128
26.03.2018 17:40:37 INFO      Learning rate:           0.001
26.03.2018 17:40:37 INFO      Learning rate decay:     0.0921034037198
26.03.2018 17:40:37 INFO      Number of epochs:        50
26.03.2018 17:40:37 INFO      NC experiments:          False
Traceback (most recent call last):
  File "experiments.py", line 131, in <module>
    options=args.options)
  File "/home/jb6504/higgs_inference/higgs_inference/strategies/score_regression.py", line 167, in score_regression_inference
    settings.unweighted_events_dir + '/' + input_X_prefix + 'X_recalibration' + input_filename_addition + '.npy')
  File "/share/apps/python/2.7.12/intel/lib/python2.7/site-packages/numpy-1.11.2-py2.7-linux-x86_64.egg/numpy/lib/npyio.py", line 362, in load
    fid = open(file, "rb")
IOError: [Errno 2] No such file or directory: '/scratch/jb6504/higgs_inference/data/unweighted_events/X_recalibration_denom2.npy'
