Using TensorFlow backend.
21.02.2018 00:53:38 INFO    Hi! How are you today?
21.02.2018 00:53:38 INFO    Startup options:
21.02.2018 00:53:38 INFO      Algorithm:                     regression
21.02.2018 00:53:38 INFO      Point by point:                False
21.02.2018 00:53:38 INFO      Morphing-aware mode:           False
21.02.2018 00:53:38 INFO      Smeared data:                  False
21.02.2018 00:53:38 INFO      Training sample:               baseline
21.02.2018 00:53:38 INFO      AFC X indices:                 [1, 38, 39, 40, 41]
21.02.2018 00:53:38 INFO      alpha:                         None
21.02.2018 00:53:38 INFO      AFC epsilon:                   None
21.02.2018 00:53:38 INFO      Neyman construction toys:      False
21.02.2018 00:53:38 INFO      Other options:                 ['shallow']
21.02.2018 00:53:38 INFO      Base directory:                /home/jb6504/higgs_inference
21.02.2018 00:53:38 INFO      ML-based strategies available: True
21.02.2018 00:53:38 INFO    Starting parameterized inference
21.02.2018 00:53:38 INFO    Main settings:
21.02.2018 00:53:38 INFO      Algorithm:                regression
21.02.2018 00:53:38 INFO      Morphing-aware:           False
21.02.2018 00:53:38 INFO      Training sample:          baseline
21.02.2018 00:53:38 INFO    Options:
21.02.2018 00:53:38 INFO      Number of hidden layers:  2
21.02.2018 00:53:38 INFO      Batch size:               128
21.02.2018 00:53:38 INFO      Learning rate:            0.001
21.02.2018 00:53:38 INFO      Learning rate decay:      0.0921034037198
21.02.2018 00:53:38 INFO      Number of epochs:         50
21.02.2018 00:53:38 INFO      Debug mode:               False
21.02.2018 00:54:05 INFO    Starting training
Train on 7995920 samples, validate on 1998980 samples
2018-02-21 00:54:05.662895: W tensorflow/core/platform/cpu_feature_guard.cc:45] The TensorFlow library wasn't compiled to use SSE4.1 instructions, but these are available on your machine and could speed up CPU computations.
2018-02-21 00:54:05.663251: W tensorflow/core/platform/cpu_feature_guard.cc:45] The TensorFlow library wasn't compiled to use SSE4.2 instructions, but these are available on your machine and could speed up CPU computations.
2018-02-21 00:54:05.663259: W tensorflow/core/platform/cpu_feature_guard.cc:45] The TensorFlow library wasn't compiled to use AVX instructions, but these are available on your machine and could speed up CPU computations.
2018-02-21 00:54:05.663263: W tensorflow/core/platform/cpu_feature_guard.cc:45] The TensorFlow library wasn't compiled to use AVX2 instructions, but these are available on your machine and could speed up CPU computations.
2018-02-21 00:54:05.663267: W tensorflow/core/platform/cpu_feature_guard.cc:45] The TensorFlow library wasn't compiled to use FMA instructions, but these are available on your machine and could speed up CPU computations.
2018-02-21 00:54:05.958595: I tensorflow/core/common_runtime/gpu/gpu_device.cc:940] Found device 0 with properties: 
name: Tesla K80
major: 3 minor: 7 memoryClockRate (GHz) 0.8235
pciBusID 0000:05:00.0
Total memory: 11.17GiB
Free memory: 11.10GiB
2018-02-21 00:54:05.958631: I tensorflow/core/common_runtime/gpu/gpu_device.cc:961] DMA: 0 
2018-02-21 00:54:05.958636: I tensorflow/core/common_runtime/gpu/gpu_device.cc:971] 0:   Y 
2018-02-21 00:54:05.958645: I tensorflow/core/common_runtime/gpu/gpu_device.cc:1030] Creating TensorFlow device (/gpu:0) -> (device: 0, name: Tesla K80, pci bus id: 0000:05:00.0)
Epoch 1/50
420s - loss: 778.1054 - full_cross_entropy: 0.6708 - trimmed_cross_entropy: 0.6603 - full_mse_log_r: 0.1399 - trimmed_mse_log_r: 0.1378 - full_mae_log_r: 0.2342 - full_mse_score: 1.7830 - trimmed_mse_score: 0.7006 - full_mae_score: 0.5289 - val_loss: 718.8850 - val_full_cross_entropy: 0.6645 - val_trimmed_cross_entropy: 0.6541 - val_full_mse_log_r: 0.0711 - val_trimmed_mse_log_r: 0.0699 - val_full_mae_log_r: 0.1789 - val_full_mse_score: 1.4814 - val_trimmed_mse_score: 0.5569 - val_full_mae_score: 0.5042
Epoch 2/50
419s - loss: 737.0749 - full_cross_entropy: 0.6640 - trimmed_cross_entropy: 0.6536 - full_mse_log_r: 0.0661 - trimmed_mse_log_r: 0.0651 - full_mae_log_r: 0.1713 - full_mse_score: 1.4107 - trimmed_mse_score: 0.5317 - full_mae_score: 0.4942 - val_loss: 715.3429 - val_full_cross_entropy: 0.6636 - val_trimmed_cross_entropy: 0.6533 - val_full_mse_log_r: 0.0620 - val_trimmed_mse_log_r: 0.0610 - val_full_mae_log_r: 0.1666 - val_full_mse_score: 1.3056 - val_trimmed_mse_score: 0.4934 - val_full_mae_score: 0.4732
Epoch 3/50
417s - loss: 730.3281 - full_cross_entropy: 0.6630 - trimmed_cross_entropy: 0.6527 - full_mse_log_r: 0.0546 - trimmed_mse_log_r: 0.0538 - full_mae_log_r: 0.1567 - full_mse_score: 1.2905 - trimmed_mse_score: 0.4931 - full_mae_score: 0.4758 - val_loss: 713.2396 - val_full_cross_entropy: 0.6625 - val_trimmed_cross_entropy: 0.6521 - val_full_mse_log_r: 0.0529 - val_trimmed_mse_log_r: 0.0520 - val_full_mae_log_r: 0.1491 - val_full_mse_score: 1.2339 - val_trimmed_mse_score: 0.4845 - val_full_mae_score: 0.4823
Epoch 4/50
419s - loss: 719.6415 - full_cross_entropy: 0.6624 - trimmed_cross_entropy: 0.6521 - full_mse_log_r: 0.0477 - trimmed_mse_log_r: 0.0469 - full_mae_log_r: 0.1466 - full_mse_score: 1.2102 - trimmed_mse_score: 0.4672 - full_mae_score: 0.4614 - val_loss: 697.4508 - val_full_cross_entropy: 0.6624 - val_trimmed_cross_entropy: 0.6521 - val_full_mse_log_r: 0.0502 - val_trimmed_mse_log_r: 0.0494 - val_full_mae_log_r: 0.1483 - val_full_mse_score: 1.1821 - val_trimmed_mse_score: 0.4418 - val_full_mae_score: 0.4461
Epoch 5/50
419s - loss: 732.1650 - full_cross_entropy: 0.6620 - trimmed_cross_entropy: 0.6516 - full_mse_log_r: 0.0427 - trimmed_mse_log_r: 0.0420 - full_mae_log_r: 0.1391 - full_mse_score: 1.1351 - trimmed_mse_score: 0.4370 - full_mae_score: 0.4454 - val_loss: 682.9017 - val_full_cross_entropy: 0.6614 - val_trimmed_cross_entropy: 0.6511 - val_full_mse_log_r: 0.0387 - val_trimmed_mse_log_r: 0.0381 - val_full_mae_log_r: 0.1320 - val_full_mse_score: 1.0880 - val_trimmed_mse_score: 0.4200 - val_full_mae_score: 0.4393
Epoch 6/50
419s - loss: 713.0570 - full_cross_entropy: 0.6617 - trimmed_cross_entropy: 0.6513 - full_mse_log_r: 0.0390 - trimmed_mse_log_r: 0.0384 - full_mae_log_r: 0.1330 - full_mse_score: 1.0887 - trimmed_mse_score: 0.4197 - full_mae_score: 0.4395 - val_loss: 658.1959 - val_full_cross_entropy: 0.6616 - val_trimmed_cross_entropy: 0.6513 - val_full_mse_log_r: 0.0383 - val_trimmed_mse_log_r: 0.0377 - val_full_mae_log_r: 0.1338 - val_full_mse_score: 1.0627 - val_trimmed_mse_score: 0.4149 - val_full_mae_score: 0.4341
Epoch 7/50
422s - loss: 714.1759 - full_cross_entropy: 0.6613 - trimmed_cross_entropy: 0.6509 - full_mse_log_r: 0.0356 - trimmed_mse_log_r: 0.0350 - full_mae_log_r: 0.1272 - full_mse_score: 1.0274 - trimmed_mse_score: 0.3984 - full_mae_score: 0.4266 - val_loss: 651.6048 - val_full_cross_entropy: 0.6609 - val_trimmed_cross_entropy: 0.6505 - val_full_mse_log_r: 0.0320 - val_trimmed_mse_log_r: 0.0315 - val_full_mae_log_r: 0.1167 - val_full_mse_score: 1.0132 - val_trimmed_mse_score: 0.3890 - val_full_mae_score: 0.4175
Epoch 8/50
426s - loss: 701.4798 - full_cross_entropy: 0.6611 - trimmed_cross_entropy: 0.6507 - full_mse_log_r: 0.0331 - trimmed_mse_log_r: 0.0326 - full_mae_log_r: 0.1230 - full_mse_score: 0.9806 - trimmed_mse_score: 0.3800 - full_mae_score: 0.4161 - val_loss: 644.8095 - val_full_cross_entropy: 0.6608 - val_trimmed_cross_entropy: 0.6504 - val_full_mse_log_r: 0.0303 - val_trimmed_mse_log_r: 0.0299 - val_full_mae_log_r: 0.1160 - val_full_mse_score: 0.9618 - val_trimmed_mse_score: 0.3720 - val_full_mae_score: 0.4079
Epoch 9/50
432s - loss: 688.5384 - full_cross_entropy: 0.6608 - trimmed_cross_entropy: 0.6505 - full_mse_log_r: 0.0307 - trimmed_mse_log_r: 0.0303 - full_mae_log_r: 0.1186 - full_mse_score: 0.9407 - trimmed_mse_score: 0.3637 - full_mae_score: 0.4079 - val_loss: 648.0874 - val_full_cross_entropy: 0.6605 - val_trimmed_cross_entropy: 0.6502 - val_full_mse_log_r: 0.0279 - val_trimmed_mse_log_r: 0.0275 - val_full_mae_log_r: 0.1115 - val_full_mse_score: 0.9113 - val_trimmed_mse_score: 0.3540 - val_full_mae_score: 0.4012
Epoch 10/50
438s - loss: 692.6956 - full_cross_entropy: 0.6606 - trimmed_cross_entropy: 0.6503 - full_mse_log_r: 0.0286 - trimmed_mse_log_r: 0.0282 - full_mae_log_r: 0.1142 - full_mse_score: 0.9094 - trimmed_mse_score: 0.3530 - full_mae_score: 0.4008 - val_loss: 613.0606 - val_full_cross_entropy: 0.6609 - val_trimmed_cross_entropy: 0.6505 - val_full_mse_log_r: 0.0307 - val_trimmed_mse_log_r: 0.0303 - val_full_mae_log_r: 0.1215 - val_full_mse_score: 0.9028 - val_trimmed_mse_score: 0.3501 - val_full_mae_score: 0.3952
Epoch 11/50
438s - loss: 689.0171 - full_cross_entropy: 0.6605 - trimmed_cross_entropy: 0.6501 - full_mse_log_r: 0.0266 - trimmed_mse_log_r: 0.0262 - full_mae_log_r: 0.1099 - full_mse_score: 0.8686 - trimmed_mse_score: 0.3349 - full_mae_score: 0.3894 - val_loss: 630.6687 - val_full_cross_entropy: 0.6605 - val_trimmed_cross_entropy: 0.6502 - val_full_mse_log_r: 0.0277 - val_trimmed_mse_log_r: 0.0272 - val_full_mae_log_r: 0.1122 - val_full_mse_score: 0.8698 - val_trimmed_mse_score: 0.3336 - val_full_mae_score: 0.3907
Epoch 12/50
438s - loss: 675.9945 - full_cross_entropy: 0.6603 - trimmed_cross_entropy: 0.6500 - full_mse_log_r: 0.0251 - trimmed_mse_log_r: 0.0248 - full_mae_log_r: 0.1068 - full_mse_score: 0.8372 - trimmed_mse_score: 0.3227 - full_mae_score: 0.3822 - val_loss: 609.7580 - val_full_cross_entropy: 0.6601 - val_trimmed_cross_entropy: 0.6498 - val_full_mse_log_r: 0.0235 - val_trimmed_mse_log_r: 0.0232 - val_full_mae_log_r: 0.1010 - val_full_mse_score: 0.8399 - val_trimmed_mse_score: 0.3198 - val_full_mae_score: 0.3790
Epoch 13/50
437s - loss: 660.6416 - full_cross_entropy: 0.6602 - trimmed_cross_entropy: 0.6499 - full_mse_log_r: 0.0237 - trimmed_mse_log_r: 0.0234 - full_mae_log_r: 0.1035 - full_mse_score: 0.8049 - trimmed_mse_score: 0.3113 - full_mae_score: 0.3745 - val_loss: 607.9087 - val_full_cross_entropy: 0.6604 - val_trimmed_cross_entropy: 0.6500 - val_full_mse_log_r: 0.0264 - val_trimmed_mse_log_r: 0.0260 - val_full_mae_log_r: 0.1115 - val_full_mse_score: 0.8028 - val_trimmed_mse_score: 0.3030 - val_full_mae_score: 0.3665
Epoch 14/50
438s - loss: 673.4815 - full_cross_entropy: 0.6601 - trimmed_cross_entropy: 0.6498 - full_mse_log_r: 0.0226 - trimmed_mse_log_r: 0.0223 - full_mae_log_r: 0.1011 - full_mse_score: 0.7819 - trimmed_mse_score: 0.3029 - full_mae_score: 0.3702 - val_loss: 613.1893 - val_full_cross_entropy: 0.6601 - val_trimmed_cross_entropy: 0.6497 - val_full_mse_log_r: 0.0231 - val_trimmed_mse_log_r: 0.0227 - val_full_mae_log_r: 0.1025 - val_full_mse_score: 0.8005 - val_trimmed_mse_score: 0.2998 - val_full_mae_score: 0.3664
Epoch 15/50
438s - loss: 659.0247 - full_cross_entropy: 0.6600 - trimmed_cross_entropy: 0.6497 - full_mse_log_r: 0.0214 - trimmed_mse_log_r: 0.0211 - full_mae_log_r: 0.0982 - full_mse_score: 0.7582 - trimmed_mse_score: 0.2912 - full_mae_score: 0.3622 - val_loss: 614.5320 - val_full_cross_entropy: 0.6599 - val_trimmed_cross_entropy: 0.6496 - val_full_mse_log_r: 0.0213 - val_trimmed_mse_log_r: 0.0210 - val_full_mae_log_r: 0.0974 - val_full_mse_score: 0.7604 - val_trimmed_mse_score: 0.2848 - val_full_mae_score: 0.3558
Epoch 16/50
438s - loss: 656.3238 - full_cross_entropy: 0.6599 - trimmed_cross_entropy: 0.6496 - full_mse_log_r: 0.0205 - trimmed_mse_log_r: 0.0202 - full_mae_log_r: 0.0963 - full_mse_score: 0.7344 - trimmed_mse_score: 0.2811 - full_mae_score: 0.3557 - val_loss: 597.5701 - val_full_cross_entropy: 0.6598 - val_trimmed_cross_entropy: 0.6495 - val_full_mse_log_r: 0.0204 - val_trimmed_mse_log_r: 0.0201 - val_full_mae_log_r: 0.0954 - val_full_mse_score: 0.7403 - val_trimmed_mse_score: 0.2852 - val_full_mae_score: 0.3578
Epoch 17/50
437s - loss: 644.9544 - full_cross_entropy: 0.6598 - trimmed_cross_entropy: 0.6495 - full_mse_log_r: 0.0196 - trimmed_mse_log_r: 0.0193 - full_mae_log_r: 0.0939 - full_mse_score: 0.7128 - trimmed_mse_score: 0.2731 - full_mae_score: 0.3508 - val_loss: 607.9548 - val_full_cross_entropy: 0.6598 - val_trimmed_cross_entropy: 0.6494 - val_full_mse_log_r: 0.0201 - val_trimmed_mse_log_r: 0.0198 - val_full_mae_log_r: 0.0959 - val_full_mse_score: 0.7264 - val_trimmed_mse_score: 0.2718 - val_full_mae_score: 0.3474
Epoch 18/50
437s - loss: 625.6258 - full_cross_entropy: 0.6597 - trimmed_cross_entropy: 0.6494 - full_mse_log_r: 0.0189 - trimmed_mse_log_r: 0.0186 - full_mae_log_r: 0.0920 - full_mse_score: 0.6949 - trimmed_mse_score: 0.2658 - full_mae_score: 0.3459 - val_loss: 610.0656 - val_full_cross_entropy: 0.6598 - val_trimmed_cross_entropy: 0.6495 - val_full_mse_log_r: 0.0201 - val_trimmed_mse_log_r: 0.0198 - val_full_mae_log_r: 0.0943 - val_full_mse_score: 0.7215 - val_trimmed_mse_score: 0.2678 - val_full_mae_score: 0.3452
Epoch 19/50
438s - loss: 660.4719 - full_cross_entropy: 0.6597 - trimmed_cross_entropy: 0.6494 - full_mse_log_r: 0.0181 - trimmed_mse_log_r: 0.0178 - full_mae_log_r: 0.0899 - full_mse_score: 0.6783 - trimmed_mse_score: 0.2580 - full_mae_score: 0.3398 - val_loss: 584.9636 - val_full_cross_entropy: 0.6596 - val_trimmed_cross_entropy: 0.6493 - val_full_mse_log_r: 0.0187 - val_trimmed_mse_log_r: 0.0184 - val_full_mae_log_r: 0.0912 - val_full_mse_score: 0.6931 - val_trimmed_mse_score: 0.2632 - val_full_mae_score: 0.3405
Epoch 20/50
438s - loss: 642.8396 - full_cross_entropy: 0.6596 - trimmed_cross_entropy: 0.6493 - full_mse_log_r: 0.0175 - trimmed_mse_log_r: 0.0173 - full_mae_log_r: 0.0885 - full_mse_score: 0.6589 - trimmed_mse_score: 0.2497 - full_mae_score: 0.3355 - val_loss: 598.3692 - val_full_cross_entropy: 0.6595 - val_trimmed_cross_entropy: 0.6492 - val_full_mse_log_r: 0.0171 - val_trimmed_mse_log_r: 0.0168 - val_full_mae_log_r: 0.0867 - val_full_mse_score: 0.6629 - val_trimmed_mse_score: 0.2471 - val_full_mae_score: 0.3317
Epoch 21/50
438s - loss: 638.4214 - full_cross_entropy: 0.6596 - trimmed_cross_entropy: 0.6493 - full_mse_log_r: 0.0170 - trimmed_mse_log_r: 0.0167 - full_mae_log_r: 0.0872 - full_mse_score: 0.6460 - trimmed_mse_score: 0.2435 - full_mae_score: 0.3305 - val_loss: 602.6325 - val_full_cross_entropy: 0.6597 - val_trimmed_cross_entropy: 0.6494 - val_full_mse_log_r: 0.0189 - val_trimmed_mse_log_r: 0.0186 - val_full_mae_log_r: 0.0950 - val_full_mse_score: 0.6464 - val_trimmed_mse_score: 0.2421 - val_full_mae_score: 0.3280
Epoch 22/50
438s - loss: 643.2377 - full_cross_entropy: 0.6595 - trimmed_cross_entropy: 0.6492 - full_mse_log_r: 0.0165 - trimmed_mse_log_r: 0.0163 - full_mae_log_r: 0.0859 - full_mse_score: 0.6357 - trimmed_mse_score: 0.2386 - full_mae_score: 0.3271 - val_loss: 595.3979 - val_full_cross_entropy: 0.6594 - val_trimmed_cross_entropy: 0.6491 - val_full_mse_log_r: 0.0162 - val_trimmed_mse_log_r: 0.0159 - val_full_mae_log_r: 0.0840 - val_full_mse_score: 0.6436 - val_trimmed_mse_score: 0.2389 - val_full_mae_score: 0.3264
Epoch 23/50
438s - loss: 629.2245 - full_cross_entropy: 0.6595 - trimmed_cross_entropy: 0.6492 - full_mse_log_r: 0.0161 - trimmed_mse_log_r: 0.0158 - full_mae_log_r: 0.0846 - full_mse_score: 0.6251 - trimmed_mse_score: 0.2348 - full_mae_score: 0.3241 - val_loss: 578.9885 - val_full_cross_entropy: 0.6594 - val_trimmed_cross_entropy: 0.6491 - val_full_mse_log_r: 0.0161 - val_trimmed_mse_log_r: 0.0158 - val_full_mae_log_r: 0.0840 - val_full_mse_score: 0.6240 - val_trimmed_mse_score: 0.2315 - val_full_mae_score: 0.3207
Epoch 24/50
437s - loss: 627.4503 - full_cross_entropy: 0.6595 - trimmed_cross_entropy: 0.6492 - full_mse_log_r: 0.0157 - trimmed_mse_log_r: 0.0155 - full_mae_log_r: 0.0835 - full_mse_score: 0.6124 - trimmed_mse_score: 0.2295 - full_mae_score: 0.3202 - val_loss: 579.8966 - val_full_cross_entropy: 0.6593 - val_trimmed_cross_entropy: 0.6490 - val_full_mse_log_r: 0.0156 - val_trimmed_mse_log_r: 0.0154 - val_full_mae_log_r: 0.0826 - val_full_mse_score: 0.6220 - val_trimmed_mse_score: 0.2274 - val_full_mae_score: 0.3175
Epoch 25/50
437s - loss: 631.7493 - full_cross_entropy: 0.6594 - trimmed_cross_entropy: 0.6491 - full_mse_log_r: 0.0153 - trimmed_mse_log_r: 0.0151 - full_mae_log_r: 0.0824 - full_mse_score: 0.6038 - trimmed_mse_score: 0.2246 - full_mae_score: 0.3168 - val_loss: 577.7242 - val_full_cross_entropy: 0.6593 - val_trimmed_cross_entropy: 0.6490 - val_full_mse_log_r: 0.0150 - val_trimmed_mse_log_r: 0.0148 - val_full_mae_log_r: 0.0806 - val_full_mse_score: 0.6071 - val_trimmed_mse_score: 0.2250 - val_full_mae_score: 0.3155
Epoch 26/50
438s - loss: 619.0223 - full_cross_entropy: 0.6594 - trimmed_cross_entropy: 0.6491 - full_mse_log_r: 0.0150 - trimmed_mse_log_r: 0.0148 - full_mae_log_r: 0.0816 - full_mse_score: 0.5955 - trimmed_mse_score: 0.2213 - full_mae_score: 0.3145 - val_loss: 565.2634 - val_full_cross_entropy: 0.6593 - val_trimmed_cross_entropy: 0.6490 - val_full_mse_log_r: 0.0149 - val_trimmed_mse_log_r: 0.0147 - val_full_mae_log_r: 0.0806 - val_full_mse_score: 0.6101 - val_trimmed_mse_score: 0.2227 - val_full_mae_score: 0.3143
Epoch 27/50
438s - loss: 647.0406 - full_cross_entropy: 0.6594 - trimmed_cross_entropy: 0.6491 - full_mse_log_r: 0.0147 - trimmed_mse_log_r: 0.0145 - full_mae_log_r: 0.0808 - full_mse_score: 0.5883 - trimmed_mse_score: 0.2190 - full_mae_score: 0.3124 - val_loss: 587.2299 - val_full_cross_entropy: 0.6592 - val_trimmed_cross_entropy: 0.6489 - val_full_mse_log_r: 0.0147 - val_trimmed_mse_log_r: 0.0145 - val_full_mae_log_r: 0.0801 - val_full_mse_score: 0.5962 - val_trimmed_mse_score: 0.2167 - val_full_mae_score: 0.3107
Epoch 28/50
438s - loss: 641.8988 - full_cross_entropy: 0.6594 - trimmed_cross_entropy: 0.6491 - full_mse_log_r: 0.0145 - trimmed_mse_log_r: 0.0143 - full_mae_log_r: 0.0800 - full_mse_score: 0.5808 - trimmed_mse_score: 0.2163 - full_mae_score: 0.3102 - val_loss: 584.1550 - val_full_cross_entropy: 0.6592 - val_trimmed_cross_entropy: 0.6489 - val_full_mse_log_r: 0.0145 - val_trimmed_mse_log_r: 0.0143 - val_full_mae_log_r: 0.0791 - val_full_mse_score: 0.5902 - val_trimmed_mse_score: 0.2142 - val_full_mae_score: 0.3087
Epoch 29/50
438s - loss: 620.8921 - full_cross_entropy: 0.6593 - trimmed_cross_entropy: 0.6490 - full_mse_log_r: 0.0143 - trimmed_mse_log_r: 0.0140 - full_mae_log_r: 0.0793 - full_mse_score: 0.5739 - trimmed_mse_score: 0.2137 - full_mae_score: 0.3079 - val_loss: 574.8946 - val_full_cross_entropy: 0.6592 - val_trimmed_cross_entropy: 0.6489 - val_full_mse_log_r: 0.0144 - val_trimmed_mse_log_r: 0.0142 - val_full_mae_log_r: 0.0794 - val_full_mse_score: 0.5826 - val_trimmed_mse_score: 0.2137 - val_full_mae_score: 0.3075
Epoch 30/50
438s - loss: 631.1200 - full_cross_entropy: 0.6593 - trimmed_cross_entropy: 0.6490 - full_mse_log_r: 0.0140 - trimmed_mse_log_r: 0.0138 - full_mae_log_r: 0.0786 - full_mse_score: 0.5680 - trimmed_mse_score: 0.2112 - full_mae_score: 0.3062 - val_loss: 574.0895 - val_full_cross_entropy: 0.6592 - val_trimmed_cross_entropy: 0.6489 - val_full_mse_log_r: 0.0141 - val_trimmed_mse_log_r: 0.0139 - val_full_mae_log_r: 0.0783 - val_full_mse_score: 0.5784 - val_trimmed_mse_score: 0.2090 - val_full_mae_score: 0.3043
Epoch 31/50
438s - loss: 628.9803 - full_cross_entropy: 0.6593 - trimmed_cross_entropy: 0.6490 - full_mse_log_r: 0.0139 - trimmed_mse_log_r: 0.0136 - full_mae_log_r: 0.0780 - full_mse_score: 0.5622 - trimmed_mse_score: 0.2084 - full_mae_score: 0.3036 - val_loss: 579.8230 - val_full_cross_entropy: 0.6592 - val_trimmed_cross_entropy: 0.6489 - val_full_mse_log_r: 0.0140 - val_trimmed_mse_log_r: 0.0138 - val_full_mae_log_r: 0.0779 - val_full_mse_score: 0.5742 - val_trimmed_mse_score: 0.2080 - val_full_mae_score: 0.3036
Epoch 32/50
438s - loss: 623.1103 - full_cross_entropy: 0.6593 - trimmed_cross_entropy: 0.6490 - full_mse_log_r: 0.0137 - trimmed_mse_log_r: 0.0135 - full_mae_log_r: 0.0776 - full_mse_score: 0.5577 - trimmed_mse_score: 0.2069 - full_mae_score: 0.3027 - val_loss: 579.6666 - val_full_cross_entropy: 0.6592 - val_trimmed_cross_entropy: 0.6489 - val_full_mse_log_r: 0.0137 - val_trimmed_mse_log_r: 0.0135 - val_full_mae_log_r: 0.0772 - val_full_mse_score: 0.5678 - val_trimmed_mse_score: 0.2064 - val_full_mae_score: 0.3018
Epoch 33/50
438s - loss: 613.3419 - full_cross_entropy: 0.6593 - trimmed_cross_entropy: 0.6490 - full_mse_log_r: 0.0135 - trimmed_mse_log_r: 0.0133 - full_mae_log_r: 0.0771 - full_mse_score: 0.5542 - trimmed_mse_score: 0.2042 - full_mae_score: 0.3012 - val_loss: 574.3070 - val_full_cross_entropy: 0.6592 - val_trimmed_cross_entropy: 0.6489 - val_full_mse_log_r: 0.0138 - val_trimmed_mse_log_r: 0.0135 - val_full_mae_log_r: 0.0770 - val_full_mse_score: 0.5682 - val_trimmed_mse_score: 0.2056 - val_full_mae_score: 0.3007
Epoch 34/50
438s - loss: 624.3223 - full_cross_entropy: 0.6593 - trimmed_cross_entropy: 0.6490 - full_mse_log_r: 0.0134 - trimmed_mse_log_r: 0.0132 - full_mae_log_r: 0.0767 - full_mse_score: 0.5497 - trimmed_mse_score: 0.2021 - full_mae_score: 0.2995 - val_loss: 564.3464 - val_full_cross_entropy: 0.6592 - val_trimmed_cross_entropy: 0.6489 - val_full_mse_log_r: 0.0137 - val_trimmed_mse_log_r: 0.0135 - val_full_mae_log_r: 0.0767 - val_full_mse_score: 0.5686 - val_trimmed_mse_score: 0.2063 - val_full_mae_score: 0.3002
Epoch 35/50
437s - loss: 618.4489 - full_cross_entropy: 0.6592 - trimmed_cross_entropy: 0.6489 - full_mse_log_r: 0.0133 - trimmed_mse_log_r: 0.0131 - full_mae_log_r: 0.0764 - full_mse_score: 0.5454 - trimmed_mse_score: 0.2011 - full_mae_score: 0.2987 - val_loss: 576.0757 - val_full_cross_entropy: 0.6592 - val_trimmed_cross_entropy: 0.6489 - val_full_mse_log_r: 0.0134 - val_trimmed_mse_log_r: 0.0132 - val_full_mae_log_r: 0.0761 - val_full_mse_score: 0.5629 - val_trimmed_mse_score: 0.2009 - val_full_mae_score: 0.2979
Epoch 36/50
437s - loss: 615.3919 - full_cross_entropy: 0.6592 - trimmed_cross_entropy: 0.6489 - full_mse_log_r: 0.0131 - trimmed_mse_log_r: 0.0129 - full_mae_log_r: 0.0758 - full_mse_score: 0.5416 - trimmed_mse_score: 0.1994 - full_mae_score: 0.2972 - val_loss: 567.1471 - val_full_cross_entropy: 0.6591 - val_trimmed_cross_entropy: 0.6488 - val_full_mse_log_r: 0.0134 - val_trimmed_mse_log_r: 0.0132 - val_full_mae_log_r: 0.0760 - val_full_mse_score: 0.5643 - val_trimmed_mse_score: 0.2018 - val_full_mae_score: 0.2977
Epoch 37/50
437s - loss: 609.0284 - full_cross_entropy: 0.6592 - trimmed_cross_entropy: 0.6489 - full_mse_log_r: 0.0131 - trimmed_mse_log_r: 0.0129 - full_mae_log_r: 0.0757 - full_mse_score: 0.5400 - trimmed_mse_score: 0.1982 - full_mae_score: 0.2964 - val_loss: 560.8775 - val_full_cross_entropy: 0.6591 - val_trimmed_cross_entropy: 0.6488 - val_full_mse_log_r: 0.0132 - val_trimmed_mse_log_r: 0.0130 - val_full_mae_log_r: 0.0753 - val_full_mse_score: 0.5555 - val_trimmed_mse_score: 0.2000 - val_full_mae_score: 0.2963
Epoch 38/50
437s - loss: 628.5036 - full_cross_entropy: 0.6592 - trimmed_cross_entropy: 0.6489 - full_mse_log_r: 0.0130 - trimmed_mse_log_r: 0.0128 - full_mae_log_r: 0.0754 - full_mse_score: 0.5368 - trimmed_mse_score: 0.1984 - full_mae_score: 0.2957 - val_loss: 559.9093 - val_full_cross_entropy: 0.6591 - val_trimmed_cross_entropy: 0.6488 - val_full_mse_log_r: 0.0131 - val_trimmed_mse_log_r: 0.0129 - val_full_mae_log_r: 0.0750 - val_full_mse_score: 0.5515 - val_trimmed_mse_score: 0.1984 - val_full_mae_score: 0.2950
Epoch 39/50
438s - loss: 636.9807 - full_cross_entropy: 0.6592 - trimmed_cross_entropy: 0.6489 - full_mse_log_r: 0.0129 - trimmed_mse_log_r: 0.0127 - full_mae_log_r: 0.0751 - full_mse_score: 0.5345 - trimmed_mse_score: 0.1965 - full_mae_score: 0.2949 - val_loss: 559.9684 - val_full_cross_entropy: 0.6591 - val_trimmed_cross_entropy: 0.6488 - val_full_mse_log_r: 0.0132 - val_trimmed_mse_log_r: 0.0130 - val_full_mae_log_r: 0.0752 - val_full_mse_score: 0.5490 - val_trimmed_mse_score: 0.1989 - val_full_mae_score: 0.2950
Epoch 40/50
438s - loss: 634.5667 - full_cross_entropy: 0.6592 - trimmed_cross_entropy: 0.6489 - full_mse_log_r: 0.0129 - trimmed_mse_log_r: 0.0127 - full_mae_log_r: 0.0749 - full_mse_score: 0.5324 - trimmed_mse_score: 0.1954 - full_mae_score: 0.2942 - val_loss: 565.6522 - val_full_cross_entropy: 0.6591 - val_trimmed_cross_entropy: 0.6488 - val_full_mse_log_r: 0.0130 - val_trimmed_mse_log_r: 0.0128 - val_full_mae_log_r: 0.0749 - val_full_mse_score: 0.5473 - val_trimmed_mse_score: 0.1960 - val_full_mae_score: 0.2938
Epoch 41/50
438s - loss: 629.1295 - full_cross_entropy: 0.6592 - trimmed_cross_entropy: 0.6489 - full_mse_log_r: 0.0128 - trimmed_mse_log_r: 0.0126 - full_mae_log_r: 0.0747 - full_mse_score: 0.5322 - trimmed_mse_score: 0.1955 - full_mae_score: 0.2935 - val_loss: 566.3812 - val_full_cross_entropy: 0.6591 - val_trimmed_cross_entropy: 0.6488 - val_full_mse_log_r: 0.0129 - val_trimmed_mse_log_r: 0.0127 - val_full_mae_log_r: 0.0745 - val_full_mse_score: 0.5436 - val_trimmed_mse_score: 0.1954 - val_full_mae_score: 0.2929
Epoch 42/50
438s - loss: 610.0879 - full_cross_entropy: 0.6592 - trimmed_cross_entropy: 0.6489 - full_mse_log_r: 0.0127 - trimmed_mse_log_r: 0.0125 - full_mae_log_r: 0.0745 - full_mse_score: 0.5298 - trimmed_mse_score: 0.1941 - full_mae_score: 0.2927 - val_loss: 559.9057 - val_full_cross_entropy: 0.6591 - val_trimmed_cross_entropy: 0.6488 - val_full_mse_log_r: 0.0129 - val_trimmed_mse_log_r: 0.0127 - val_full_mae_log_r: 0.0747 - val_full_mse_score: 0.5447 - val_trimmed_mse_score: 0.1954 - val_full_mae_score: 0.2923
Epoch 43/50
438s - loss: 606.8416 - full_cross_entropy: 0.6592 - trimmed_cross_entropy: 0.6489 - full_mse_log_r: 0.0127 - trimmed_mse_log_r: 0.0125 - full_mae_log_r: 0.0743 - full_mse_score: 0.5276 - trimmed_mse_score: 0.1932 - full_mae_score: 0.2921 - val_loss: 562.4776 - val_full_cross_entropy: 0.6591 - val_trimmed_cross_entropy: 0.6488 - val_full_mse_log_r: 0.0129 - val_trimmed_mse_log_r: 0.0127 - val_full_mae_log_r: 0.0746 - val_full_mse_score: 0.5416 - val_trimmed_mse_score: 0.1946 - val_full_mae_score: 0.2920
Epoch 44/50
438s - loss: 613.5939 - full_cross_entropy: 0.6592 - trimmed_cross_entropy: 0.6489 - full_mse_log_r: 0.0126 - trimmed_mse_log_r: 0.0124 - full_mae_log_r: 0.0742 - full_mse_score: 0.5258 - trimmed_mse_score: 0.1923 - full_mae_score: 0.2914 - val_loss: 560.6418 - val_full_cross_entropy: 0.6591 - val_trimmed_cross_entropy: 0.6488 - val_full_mse_log_r: 0.0129 - val_trimmed_mse_log_r: 0.0127 - val_full_mae_log_r: 0.0746 - val_full_mse_score: 0.5437 - val_trimmed_mse_score: 0.1938 - val_full_mae_score: 0.2918
Epoch 45/50
438s - loss: 636.6418 - full_cross_entropy: 0.6592 - trimmed_cross_entropy: 0.6489 - full_mse_log_r: 0.0126 - trimmed_mse_log_r: 0.0124 - full_mae_log_r: 0.0740 - full_mse_score: 0.5244 - trimmed_mse_score: 0.1917 - full_mae_score: 0.2909 - val_loss: 563.1735 - val_full_cross_entropy: 0.6591 - val_trimmed_cross_entropy: 0.6488 - val_full_mse_log_r: 0.0129 - val_trimmed_mse_log_r: 0.0127 - val_full_mae_log_r: 0.0748 - val_full_mse_score: 0.5377 - val_trimmed_mse_score: 0.1929 - val_full_mae_score: 0.2907
Epoch 46/50
437s - loss: 627.3018 - full_cross_entropy: 0.6592 - trimmed_cross_entropy: 0.6489 - full_mse_log_r: 0.0125 - trimmed_mse_log_r: 0.0123 - full_mae_log_r: 0.0739 - full_mse_score: 0.5236 - trimmed_mse_score: 0.1914 - full_mae_score: 0.2906 - val_loss: 560.8306 - val_full_cross_entropy: 0.6591 - val_trimmed_cross_entropy: 0.6488 - val_full_mse_log_r: 0.0127 - val_trimmed_mse_log_r: 0.0125 - val_full_mae_log_r: 0.0739 - val_full_mse_score: 0.5370 - val_trimmed_mse_score: 0.1931 - val_full_mae_score: 0.2906
Epoch 47/50
438s - loss: 614.8938 - full_cross_entropy: 0.6592 - trimmed_cross_entropy: 0.6489 - full_mse_log_r: 0.0125 - trimmed_mse_log_r: 0.0123 - full_mae_log_r: 0.0737 - full_mse_score: 0.5219 - trimmed_mse_score: 0.1913 - full_mae_score: 0.2902 - val_loss: 563.6121 - val_full_cross_entropy: 0.6591 - val_trimmed_cross_entropy: 0.6488 - val_full_mse_log_r: 0.0127 - val_trimmed_mse_log_r: 0.0125 - val_full_mae_log_r: 0.0740 - val_full_mse_score: 0.5356 - val_trimmed_mse_score: 0.1919 - val_full_mae_score: 0.2901
Epoch 48/50
438s - loss: 621.2146 - full_cross_entropy: 0.6592 - trimmed_cross_entropy: 0.6489 - full_mse_log_r: 0.0124 - trimmed_mse_log_r: 0.0123 - full_mae_log_r: 0.0736 - full_mse_score: 0.5217 - trimmed_mse_score: 0.1906 - full_mae_score: 0.2897 - val_loss: 559.0794 - val_full_cross_entropy: 0.6591 - val_trimmed_cross_entropy: 0.6488 - val_full_mse_log_r: 0.0127 - val_trimmed_mse_log_r: 0.0125 - val_full_mae_log_r: 0.0739 - val_full_mse_score: 0.5382 - val_trimmed_mse_score: 0.1923 - val_full_mae_score: 0.2901
Epoch 49/50
438s - loss: 611.1353 - full_cross_entropy: 0.6592 - trimmed_cross_entropy: 0.6489 - full_mse_log_r: 0.0124 - trimmed_mse_log_r: 0.0122 - full_mae_log_r: 0.0735 - full_mse_score: 0.5206 - trimmed_mse_score: 0.1896 - full_mae_score: 0.2895 - val_loss: 560.9636 - val_full_cross_entropy: 0.6591 - val_trimmed_cross_entropy: 0.6488 - val_full_mse_log_r: 0.0126 - val_trimmed_mse_log_r: 0.0124 - val_full_mae_log_r: 0.0737 - val_full_mse_score: 0.5365 - val_trimmed_mse_score: 0.1916 - val_full_mae_score: 0.2896
Epoch 50/50
437s - loss: 612.0171 - full_cross_entropy: 0.6592 - trimmed_cross_entropy: 0.6489 - full_mse_log_r: 0.0124 - trimmed_mse_log_r: 0.0122 - full_mae_log_r: 0.0734 - full_mse_score: 0.5192 - trimmed_mse_score: 0.1899 - full_mae_score: 0.2891 - val_loss: 568.2624 - val_full_cross_entropy: 0.6591 - val_trimmed_cross_entropy: 0.6488 - val_full_mse_log_r: 0.0126 - val_trimmed_mse_log_r: 0.0124 - val_full_mae_log_r: 0.0736 - val_full_mse_score: 0.5340 - val_trimmed_mse_score: 0.1905 - val_full_mae_score: 0.2889
21.02.2018 06:56:49 INFO    Starting evaluation
21.02.2018 07:18:19 INFO    Starting roaming
21.02.2018 07:18:24 INFO    Starting calibrated evaluation and roaming
