Using TensorFlow backend.
13.02.2018 11:37:03 INFO    Hi! How are you today?
13.02.2018 11:37:03 INFO    Startup options:
13.02.2018 11:37:03 INFO      Algorithm:                     regression
13.02.2018 11:37:03 INFO      Point by point:                False
13.02.2018 11:37:03 INFO      Morphing-aware mode:           False
13.02.2018 11:37:03 INFO      Smeared data:                  False
13.02.2018 11:37:03 INFO      Training sample:               baseline
13.02.2018 11:37:03 INFO      AFC X indices:                 [1, 38, 39, 40, 41]
13.02.2018 11:37:03 INFO      AFC epsilon:                   None
13.02.2018 11:37:03 INFO      Neyman construction toys:      False
13.02.2018 11:37:03 INFO      Other options:                 ['largebatch', 'slowlearning']
13.02.2018 11:37:03 INFO      Base directory:                /home/jb6504/higgs_inference
13.02.2018 11:37:03 INFO      ML-based strategies available: True
13.02.2018 11:37:03 INFO    Starting parameterized inference
13.02.2018 11:37:03 INFO    Main settings:
13.02.2018 11:37:03 INFO      Algorithm:                regression
13.02.2018 11:37:03 INFO      Morphing-aware:           False
13.02.2018 11:37:03 INFO      Training sample:          baseline
13.02.2018 11:37:03 INFO    Options:
13.02.2018 11:37:03 INFO      Learning rate:            0.0001
13.02.2018 11:37:03 INFO      Number of epochs:         20
13.02.2018 11:37:03 INFO      Number of hidden layers:  2
13.02.2018 11:37:03 INFO      alpha carl:               0.35
13.02.2018 11:37:03 INFO      alpha regression:         0.02
13.02.2018 11:37:03 INFO      Debug mode:               False
13.02.2018 11:37:31 INFO    Starting training
Train on 7995920 samples, validate on 1998980 samples
Epoch 1/20
2018-02-13 11:37:32.228907: W tensorflow/core/platform/cpu_feature_guard.cc:45] The TensorFlow library wasn't compiled to use SSE4.1 instructions, but these are available on your machine and could speed up CPU computations.
2018-02-13 11:37:32.229357: W tensorflow/core/platform/cpu_feature_guard.cc:45] The TensorFlow library wasn't compiled to use SSE4.2 instructions, but these are available on your machine and could speed up CPU computations.
2018-02-13 11:37:32.229368: W tensorflow/core/platform/cpu_feature_guard.cc:45] The TensorFlow library wasn't compiled to use AVX instructions, but these are available on your machine and could speed up CPU computations.
2018-02-13 11:37:32.229373: W tensorflow/core/platform/cpu_feature_guard.cc:45] The TensorFlow library wasn't compiled to use AVX2 instructions, but these are available on your machine and could speed up CPU computations.
2018-02-13 11:37:32.229378: W tensorflow/core/platform/cpu_feature_guard.cc:45] The TensorFlow library wasn't compiled to use FMA instructions, but these are available on your machine and could speed up CPU computations.
2018-02-13 11:37:32.567624: I tensorflow/core/common_runtime/gpu/gpu_device.cc:940] Found device 0 with properties: 
name: Tesla K80
major: 3 minor: 7 memoryClockRate (GHz) 0.8235
pciBusID 0000:84:00.0
Total memory: 11.17GiB
Free memory: 11.10GiB
2018-02-13 11:37:32.567668: I tensorflow/core/common_runtime/gpu/gpu_device.cc:961] DMA: 0 
2018-02-13 11:37:32.567676: I tensorflow/core/common_runtime/gpu/gpu_device.cc:971] 0:   Y 
2018-02-13 11:37:32.567687: I tensorflow/core/common_runtime/gpu/gpu_device.cc:1030] Creating TensorFlow device (/gpu:0) -> (device: 0, name: Tesla K80, pci bus id: 0000:84:00.0)
881s - loss: 0.0358 - loss_function_carl: 0.6601 - loss_function_carl_kl: 21.2114 - loss_function_score: 1.3475 - trimmed_cross_entropy: 0.6395 - trimmed_mse_log_r: 0.0347 - trimmed_mse_score: 0.2349 - val_loss: 0.0311 - val_loss_function_carl: 0.6608 - val_loss_function_carl_kl: 21.8824 - val_loss_function_score: 0.2847 - val_trimmed_cross_entropy: 0.6401 - val_trimmed_mse_log_r: 0.0301 - val_trimmed_mse_score: 0.1179
Epoch 2/20
879s - loss: 0.0162 - loss_function_carl: 0.6589 - loss_function_carl_kl: 21.2034 - loss_function_score: 1.0245 - trimmed_cross_entropy: 0.6383 - trimmed_mse_log_r: 0.0157 - trimmed_mse_score: 0.1529 - val_loss: 0.0259 - val_loss_function_carl: 0.6601 - val_loss_function_carl_kl: 21.1881 - val_loss_function_score: 0.2800 - val_trimmed_cross_entropy: 0.6394 - val_trimmed_mse_log_r: 0.0251 - val_trimmed_mse_score: 0.1200
Epoch 3/20
880s - loss: 0.0145 - loss_function_carl: 0.6588 - loss_function_carl_kl: 21.2019 - loss_function_score: 0.9809 - trimmed_cross_entropy: 0.6382 - trimmed_mse_log_r: 0.0141 - trimmed_mse_score: 0.1537 - val_loss: 0.0275 - val_loss_function_carl: 0.6603 - val_loss_function_carl_kl: 20.9699 - val_loss_function_score: 0.2799 - val_trimmed_cross_entropy: 0.6396 - val_trimmed_mse_log_r: 0.0266 - val_trimmed_mse_score: 0.1208
Epoch 4/20
879s - loss: 0.0137 - loss_function_carl: 0.6588 - loss_function_carl_kl: 21.2010 - loss_function_score: 0.9612 - trimmed_cross_entropy: 0.6382 - trimmed_mse_log_r: 0.0132 - trimmed_mse_score: 0.1565 - val_loss: 0.0290 - val_loss_function_carl: 0.6604 - val_loss_function_carl_kl: 20.9852 - val_loss_function_score: 0.2870 - val_trimmed_cross_entropy: 0.6398 - val_trimmed_mse_log_r: 0.0281 - val_trimmed_mse_score: 0.1278
Epoch 5/20
878s - loss: 0.0132 - loss_function_carl: 0.6588 - loss_function_carl_kl: 21.2015 - loss_function_score: 0.9464 - trimmed_cross_entropy: 0.6382 - trimmed_mse_log_r: 0.0128 - trimmed_mse_score: 0.1572 - val_loss: 0.0315 - val_loss_function_carl: 0.6606 - val_loss_function_carl_kl: 21.0954 - val_loss_function_score: 0.2995 - val_trimmed_cross_entropy: 0.6399 - val_trimmed_mse_log_r: 0.0305 - val_trimmed_mse_score: 0.1311
Epoch 6/20
879s - loss: 0.0128 - loss_function_carl: 0.6587 - loss_function_carl_kl: 21.2012 - loss_function_score: 0.9491 - trimmed_cross_entropy: 0.6382 - trimmed_mse_log_r: 0.0124 - trimmed_mse_score: 0.1591 - val_loss: 0.0280 - val_loss_function_carl: 0.6602 - val_loss_function_carl_kl: 20.9075 - val_loss_function_score: 0.3065 - val_trimmed_cross_entropy: 0.6396 - val_trimmed_mse_log_r: 0.0272 - val_trimmed_mse_score: 0.1363
Epoch 7/20
879s - loss: 0.0126 - loss_function_carl: 0.6587 - loss_function_carl_kl: 21.2012 - loss_function_score: 0.9394 - trimmed_cross_entropy: 0.6381 - trimmed_mse_log_r: 0.0122 - trimmed_mse_score: 0.1637 - val_loss: 0.0263 - val_loss_function_carl: 0.6601 - val_loss_function_carl_kl: 21.5137 - val_loss_function_score: 0.3121 - val_trimmed_cross_entropy: 0.6394 - val_trimmed_mse_log_r: 0.0255 - val_trimmed_mse_score: 0.1419
Epoch 8/20
880s - loss: 0.0124 - loss_function_carl: 0.6587 - loss_function_carl_kl: 21.2008 - loss_function_score: 0.9422 - trimmed_cross_entropy: 0.6381 - trimmed_mse_log_r: 0.0120 - trimmed_mse_score: 0.1644 - val_loss: 0.0316 - val_loss_function_carl: 0.6606 - val_loss_function_carl_kl: 20.5952 - val_loss_function_score: 0.3316 - val_trimmed_cross_entropy: 0.6399 - val_trimmed_mse_log_r: 0.0306 - val_trimmed_mse_score: 0.1487
Epoch 00007: early stopping
13.02.2018 13:34:51 INFO    Starting evaluation
