Using TensorFlow backend.
16.03.2018 14:10:11 INFO    Hi! How are you today?
16.03.2018 14:10:11 INFO    Startup options:
16.03.2018 14:10:11 INFO      Algorithm:                     combined
16.03.2018 14:10:11 INFO      Point by point:                False
16.03.2018 14:10:11 INFO      Morphing-aware mode:           False
16.03.2018 14:10:11 INFO      Smeared data:                  False
16.03.2018 14:10:11 INFO      Training sample:               baseline
16.03.2018 14:10:11 INFO      alpha:                         None
16.03.2018 14:10:11 INFO      Histogram / AFC X indices:     [1, 38, 39, 40, 41]
16.03.2018 14:10:11 INFO      AFC epsilon:                   None
16.03.2018 14:10:11 INFO      Denominator theta:             False
16.03.2018 14:10:11 INFO      Neyman construction toys:      3
16.03.2018 14:10:11 INFO      Other options:                 ['deep']
16.03.2018 14:10:11 INFO      Base directory:                /home/jb6504/higgs_inference
16.03.2018 14:10:11 INFO      ML-based strategies available: True
16.03.2018 14:10:11 INFO    Starting parameterized inference
16.03.2018 14:10:11 INFO    Main settings:
16.03.2018 14:10:11 INFO      Algorithm:                combined
16.03.2018 14:10:11 INFO      Morphing-aware:           False
16.03.2018 14:10:11 INFO      Training sample:          baseline
16.03.2018 14:10:11 INFO      Denominator theta:        denominator 3 = theta 498 = [-0.04796927 -0.24493299]
16.03.2018 14:10:11 INFO    Options:
16.03.2018 14:10:11 INFO      Number of hidden layers:  5
16.03.2018 14:10:11 INFO      alpha:                    5.0
16.03.2018 14:10:11 INFO      Batch size:               128
16.03.2018 14:10:11 INFO      Learning rate:            0.001
16.03.2018 14:10:11 INFO      Learning rate decay:      0.0921034037198
16.03.2018 14:10:11 INFO      Number of epochs:         50
16.03.2018 14:10:11 INFO      NC experiments:           False
16.03.2018 14:10:11 INFO      Debug mode:               False
16.03.2018 14:10:32 INFO    Starting training
Train on 7999997 samples, validate on 2000000 samples
2018-03-16 14:10:33.460246: W tensorflow/core/platform/cpu_feature_guard.cc:45] The TensorFlow library wasn't compiled to use SSE4.1 instructions, but these are available on your machine and could speed up CPU computations.
2018-03-16 14:10:33.460587: W tensorflow/core/platform/cpu_feature_guard.cc:45] The TensorFlow library wasn't compiled to use SSE4.2 instructions, but these are available on your machine and could speed up CPU computations.
2018-03-16 14:10:33.460597: W tensorflow/core/platform/cpu_feature_guard.cc:45] The TensorFlow library wasn't compiled to use AVX instructions, but these are available on your machine and could speed up CPU computations.
2018-03-16 14:10:33.460601: W tensorflow/core/platform/cpu_feature_guard.cc:45] The TensorFlow library wasn't compiled to use AVX2 instructions, but these are available on your machine and could speed up CPU computations.
2018-03-16 14:10:33.460605: W tensorflow/core/platform/cpu_feature_guard.cc:45] The TensorFlow library wasn't compiled to use FMA instructions, but these are available on your machine and could speed up CPU computations.
2018-03-16 14:10:33.778070: I tensorflow/core/common_runtime/gpu/gpu_device.cc:940] Found device 0 with properties: 
name: Tesla P40
major: 6 minor: 1 memoryClockRate (GHz) 1.531
pciBusID 0000:85:00.0
Total memory: 22.38GiB
Free memory: 22.21GiB
2018-03-16 14:10:33.778103: I tensorflow/core/common_runtime/gpu/gpu_device.cc:961] DMA: 0 
2018-03-16 14:10:33.778109: I tensorflow/core/common_runtime/gpu/gpu_device.cc:971] 0:   Y 
2018-03-16 14:10:33.778117: I tensorflow/core/common_runtime/gpu/gpu_device.cc:1030] Creating TensorFlow device (/gpu:0) -> (device: 0, name: Tesla P40, pci bus id: 0000:85:00.0)
Epoch 1/50
524s - loss: 0.8841 - full_cross_entropy: 0.6559 - trimmed_cross_entropy: 0.6456 - full_mse_log_r: 0.2008 - trimmed_mse_log_r: 0.1977 - full_mae_log_r: 0.1932 - full_mse_score: 1.8121 - trimmed_mse_score: 0.0802 - full_mae_score: 0.1306 - val_loss: 0.7933 - val_full_cross_entropy: 0.6533 - val_trimmed_cross_entropy: 0.6431 - val_full_mse_log_r: 0.1399 - val_trimmed_mse_log_r: 0.1377 - val_full_mae_log_r: 0.1506 - val_full_mse_score: 1.4288 - val_trimmed_mse_score: 0.0600 - val_full_mae_score: 0.1248
Epoch 2/50
