18.07.2018 15:36:50 INFO    Welcome! How are you today?
18.07.2018 15:36:50 INFO    Tasks:
18.07.2018 15:36:50 INFO      Truth:            False
18.07.2018 15:36:50 INFO      Histo:            False
18.07.2018 15:36:50 INFO      CARL:             False
18.07.2018 15:36:50 INFO      ROLR:             False
18.07.2018 15:36:50 INFO      SALLY:            False
18.07.2018 15:36:50 INFO      CASCAL:           False
18.07.2018 15:36:50 INFO      RASCAL:           False
18.07.2018 15:36:50 INFO      ALICE:            False
18.07.2018 15:36:50 INFO      ALICES:           False
18.07.2018 15:36:50 INFO      Histo  (smeared): False
18.07.2018 15:36:50 INFO      CARL   (smeared): False
18.07.2018 15:36:50 INFO      ROLR   (smeared): False
18.07.2018 15:36:50 INFO      SALLY  (smeared): False
18.07.2018 15:36:50 INFO      CASCAL (smeared): False
18.07.2018 15:36:50 INFO      RASCAL (smeared): True
18.07.2018 15:36:50 INFO      ALICE  (smeared): False
18.07.2018 15:36:50 INFO      ALICES (smeared): False
18.07.2018 15:36:50 INFO    Options:
18.07.2018 15:36:50 INFO      Neyman set:  2
18.07.2018 15:36:50 INFO      Sample size: 100000
18.07.2018 15:36:50 INFO    Starting p-value calculation
18.07.2018 15:36:50 INFO    Subtracting SM for parameterized combinedregression_calibrated_deep_trainingsamplesize_100000_smeared
18.07.2018 15:38:31 DEBUG    Found 3051 files, didn't find 0 files, found 0 files with wrong shape
18.07.2018 15:38:39 INFO    Neyman construction for parameterized/combinedregression_calibrated_deep_trainingsamplesize_100000_smeared
