Using TensorFlow backend.
16.03.2018 14:10:15 INFO    Hi! How are you today?
16.03.2018 14:10:15 INFO    Startup options:
16.03.2018 14:10:15 INFO      Algorithm:                     combined
16.03.2018 14:10:15 INFO      Point by point:                False
16.03.2018 14:10:15 INFO      Morphing-aware mode:           False
16.03.2018 14:10:15 INFO      Smeared data:                  False
16.03.2018 14:10:15 INFO      Training sample:               baseline
16.03.2018 14:10:15 INFO      alpha:                         None
16.03.2018 14:10:15 INFO      Histogram / AFC X indices:     [1, 38, 39, 40, 41]
16.03.2018 14:10:15 INFO      AFC epsilon:                   None
16.03.2018 14:10:15 INFO      Denominator theta:             False
16.03.2018 14:10:15 INFO      Neyman construction toys:      4
16.03.2018 14:10:15 INFO      Other options:                 ['deep']
16.03.2018 14:10:15 INFO      Base directory:                /home/jb6504/higgs_inference
16.03.2018 14:10:15 INFO      ML-based strategies available: True
16.03.2018 14:10:15 INFO    Starting parameterized inference
16.03.2018 14:10:15 INFO    Main settings:
16.03.2018 14:10:15 INFO      Algorithm:                combined
16.03.2018 14:10:15 INFO      Morphing-aware:           False
16.03.2018 14:10:15 INFO      Training sample:          baseline
16.03.2018 14:10:15 INFO      Denominator theta:        denominator 4 = theta 202 = [-0.61739298  0.62951258]
16.03.2018 14:10:15 INFO    Options:
16.03.2018 14:10:15 INFO      Number of hidden layers:  5
16.03.2018 14:10:15 INFO      alpha:                    5.0
16.03.2018 14:10:15 INFO      Batch size:               128
16.03.2018 14:10:15 INFO      Learning rate:            0.001
16.03.2018 14:10:15 INFO      Learning rate decay:      0.0921034037198
16.03.2018 14:10:15 INFO      Number of epochs:         50
16.03.2018 14:10:15 INFO      NC experiments:           False
16.03.2018 14:10:15 INFO      Debug mode:               False
16.03.2018 14:10:35 INFO    Starting training
Train on 7999998 samples, validate on 2000000 samples
2018-03-16 14:10:36.169858: W tensorflow/core/platform/cpu_feature_guard.cc:45] The TensorFlow library wasn't compiled to use SSE4.1 instructions, but these are available on your machine and could speed up CPU computations.
2018-03-16 14:10:36.170200: W tensorflow/core/platform/cpu_feature_guard.cc:45] The TensorFlow library wasn't compiled to use SSE4.2 instructions, but these are available on your machine and could speed up CPU computations.
2018-03-16 14:10:36.170209: W tensorflow/core/platform/cpu_feature_guard.cc:45] The TensorFlow library wasn't compiled to use AVX instructions, but these are available on your machine and could speed up CPU computations.
2018-03-16 14:10:36.170213: W tensorflow/core/platform/cpu_feature_guard.cc:45] The TensorFlow library wasn't compiled to use AVX2 instructions, but these are available on your machine and could speed up CPU computations.
2018-03-16 14:10:36.170216: W tensorflow/core/platform/cpu_feature_guard.cc:45] The TensorFlow library wasn't compiled to use FMA instructions, but these are available on your machine and could speed up CPU computations.
2018-03-16 14:10:36.469616: I tensorflow/core/common_runtime/gpu/gpu_device.cc:940] Found device 0 with properties: 
name: Tesla P100-PCIE-16GB
major: 6 minor: 0 memoryClockRate (GHz) 1.3285
pciBusID 0000:05:00.0
Total memory: 15.89GiB
Free memory: 15.60GiB
2018-03-16 14:10:36.469651: I tensorflow/core/common_runtime/gpu/gpu_device.cc:961] DMA: 0 
2018-03-16 14:10:36.469657: I tensorflow/core/common_runtime/gpu/gpu_device.cc:971] 0:   Y 
2018-03-16 14:10:36.469664: I tensorflow/core/common_runtime/gpu/gpu_device.cc:1030] Creating TensorFlow device (/gpu:0) -> (device: 0, name: Tesla P100-PCIE-16GB, pci bus id: 0000:05:00.0)
Epoch 1/50
464s - loss: 0.8710 - full_cross_entropy: 0.6451 - trimmed_cross_entropy: 0.6350 - full_mse_log_r: 0.1724 - trimmed_mse_log_r: 0.1697 - full_mae_log_r: 0.2130 - full_mse_score: 6.9434 - trimmed_mse_score: 0.4426 - full_mae_score: 0.2250 - val_loss: 0.7966 - val_full_cross_entropy: 0.6443 - val_trimmed_cross_entropy: 0.6342 - val_full_mse_log_r: 0.1614 - val_trimmed_mse_log_r: 0.1589 - val_full_mae_log_r: 0.2139 - val_full_mse_score: 4.9215 - val_trimmed_mse_score: 0.3580 - val_full_mae_score: 0.1973
Epoch 2/50
464s - loss: 0.7814 - full_cross_entropy: 0.6425 - trimmed_cross_entropy: 0.6325 - full_mse_log_r: 0.1230 - trimmed_mse_log_r: 0.1211 - full_mae_log_r: 0.1852 - full_mse_score: 6.6232 - trimmed_mse_score: 0.3177 - full_mae_score: 0.1852 - val_loss: 0.7559 - val_full_cross_entropy: 0.6410 - val_trimmed_cross_entropy: 0.6310 - val_full_mse_log_r: 0.1059 - val_trimmed_mse_log_r: 0.1043 - val_full_mae_log_r: 0.1732 - val_full_mse_score: 4.6670 - val_trimmed_mse_score: 0.3071 - val_full_mae_score: 0.1737
Epoch 3/50
463s - loss: 0.7604 - full_cross_entropy: 0.6417 - trimmed_cross_entropy: 0.6317 - full_mse_log_r: 0.1050 - trimmed_mse_log_r: 0.1033 - full_mae_log_r: 0.1729 - full_mse_score: 6.5138 - trimmed_mse_score: 0.2900 - full_mae_score: 0.1717 - val_loss: 0.7818 - val_full_cross_entropy: 0.6398 - val_trimmed_cross_entropy: 0.6298 - val_full_mse_log_r: 0.0910 - val_trimmed_mse_log_r: 0.0896 - val_full_mae_log_r: 0.1194 - val_full_mse_score: 4.8989 - val_trimmed_mse_score: 0.3340 - val_full_mae_score: 0.1800
Epoch 4/50
465s - loss: 0.7459 - full_cross_entropy: 0.6411 - trimmed_cross_entropy: 0.6311 - full_mse_log_r: 0.0924 - trimmed_mse_log_r: 0.0910 - full_mae_log_r: 0.1626 - full_mse_score: 6.4118 - trimmed_mse_score: 0.2675 - full_mae_score: 0.1623 - val_loss: 0.7382 - val_full_cross_entropy: 0.6459 - val_trimmed_cross_entropy: 0.6358 - val_full_mse_log_r: 0.1430 - val_trimmed_mse_log_r: 0.1408 - val_full_mae_log_r: 0.2763 - val_full_mse_score: 4.6302 - val_trimmed_mse_score: 0.2608 - val_full_mae_score: 0.1553
Epoch 5/50
463s - loss: 0.7333 - full_cross_entropy: 0.6405 - trimmed_cross_entropy: 0.6305 - full_mse_log_r: 0.0815 - trimmed_mse_log_r: 0.0803 - full_mae_log_r: 0.1512 - full_mse_score: 6.2878 - trimmed_mse_score: 0.2411 - full_mae_score: 0.1541 - val_loss: 0.7409 - val_full_cross_entropy: 0.6396 - val_trimmed_cross_entropy: 0.6296 - val_full_mse_log_r: 0.0759 - val_trimmed_mse_log_r: 0.0747 - val_full_mae_log_r: 0.1178 - val_full_mse_score: 4.5548 - val_trimmed_mse_score: 0.2582 - val_full_mae_score: 0.1567
Epoch 6/50
463s - loss: 0.7217 - full_cross_entropy: 0.6401 - trimmed_cross_entropy: 0.6301 - full_mse_log_r: 0.0758 - trimmed_mse_log_r: 0.0746 - full_mae_log_r: 0.1442 - full_mse_score: 6.2357 - trimmed_mse_score: 0.2255 - full_mae_score: 0.1479 - val_loss: 0.7121 - val_full_cross_entropy: 0.6387 - val_trimmed_cross_entropy: 0.6287 - val_full_mse_log_r: 0.0558 - val_trimmed_mse_log_r: 0.0549 - val_full_mae_log_r: 0.1045 - val_full_mse_score: 4.3401 - val_trimmed_mse_score: 0.1994 - val_full_mae_score: 0.1464
Epoch 7/50
462s - loss: 0.7144 - full_cross_entropy: 0.6399 - trimmed_cross_entropy: 0.6299 - full_mse_log_r: 0.0705 - trimmed_mse_log_r: 0.0694 - full_mae_log_r: 0.1399 - full_mse_score: 6.1315 - trimmed_mse_score: 0.1947 - full_mae_score: 0.1408 - val_loss: 0.7032 - val_full_cross_entropy: 0.6400 - val_trimmed_cross_entropy: 0.6300 - val_full_mse_log_r: 0.0650 - val_trimmed_mse_log_r: 0.0640 - val_full_mae_log_r: 0.1528 - val_full_mse_score: 4.4675 - val_trimmed_mse_score: 0.2113 - val_full_mae_score: 0.1397
Epoch 8/50
463s - loss: 0.7085 - full_cross_entropy: 0.6396 - trimmed_cross_entropy: 0.6296 - full_mse_log_r: 0.0638 - trimmed_mse_log_r: 0.0628 - full_mae_log_r: 0.1316 - full_mse_score: 6.1230 - trimmed_mse_score: 0.1806 - full_mae_score: 0.1358 - val_loss: 0.6989 - val_full_cross_entropy: 0.6390 - val_trimmed_cross_entropy: 0.6290 - val_full_mse_log_r: 0.0556 - val_trimmed_mse_log_r: 0.0548 - val_full_mae_log_r: 0.1214 - val_full_mse_score: 4.1230 - val_trimmed_mse_score: 0.1712 - val_full_mae_score: 0.1269
Epoch 9/50
462s - loss: 0.6998 - full_cross_entropy: 0.6393 - trimmed_cross_entropy: 0.6293 - full_mse_log_r: 0.0575 - trimmed_mse_log_r: 0.0566 - full_mae_log_r: 0.1247 - full_mse_score: 6.0190 - trimmed_mse_score: 0.1834 - full_mae_score: 0.1308 - val_loss: 0.6838 - val_full_cross_entropy: 0.6381 - val_trimmed_cross_entropy: 0.6281 - val_full_mse_log_r: 0.0425 - val_trimmed_mse_log_r: 0.0418 - val_full_mae_log_r: 0.0803 - val_full_mse_score: 4.1097 - val_trimmed_mse_score: 0.1621 - val_full_mae_score: 0.1234
Epoch 10/50
462s - loss: 0.6960 - full_cross_entropy: 0.6391 - trimmed_cross_entropy: 0.6291 - full_mse_log_r: 0.0532 - trimmed_mse_log_r: 0.0524 - full_mae_log_r: 0.1199 - full_mse_score: 5.9164 - trimmed_mse_score: 0.1636 - full_mae_score: 0.1249 - val_loss: 0.6899 - val_full_cross_entropy: 0.6390 - val_trimmed_cross_entropy: 0.6290 - val_full_mse_log_r: 0.0520 - val_trimmed_mse_log_r: 0.0511 - val_full_mae_log_r: 0.1205 - val_full_mse_score: 4.2239 - val_trimmed_mse_score: 0.1768 - val_full_mae_score: 0.1262
Epoch 11/50
462s - loss: 0.6888 - full_cross_entropy: 0.6389 - trimmed_cross_entropy: 0.6289 - full_mse_log_r: 0.0499 - trimmed_mse_log_r: 0.0492 - full_mae_log_r: 0.1151 - full_mse_score: 5.8383 - trimmed_mse_score: 0.1367 - full_mae_score: 0.1202 - val_loss: 0.6763 - val_full_cross_entropy: 0.6385 - val_trimmed_cross_entropy: 0.6285 - val_full_mse_log_r: 0.0496 - val_trimmed_mse_log_r: 0.0488 - val_full_mae_log_r: 0.0878 - val_full_mse_score: 4.0841 - val_trimmed_mse_score: 0.1594 - val_full_mae_score: 0.1162
Epoch 12/50
462s - loss: 0.6874 - full_cross_entropy: 0.6388 - trimmed_cross_entropy: 0.6288 - full_mse_log_r: 0.0468 - trimmed_mse_log_r: 0.0461 - full_mae_log_r: 0.1107 - full_mse_score: 5.8054 - trimmed_mse_score: 0.1275 - full_mae_score: 0.1159 - val_loss: 0.6759 - val_full_cross_entropy: 0.6408 - val_trimmed_cross_entropy: 0.6308 - val_full_mse_log_r: 0.0670 - val_trimmed_mse_log_r: 0.0660 - val_full_mae_log_r: 0.1787 - val_full_mse_score: 3.6424 - val_trimmed_mse_score: 0.1139 - val_full_mae_score: 0.1068
Epoch 13/50
462s - loss: 0.6853 - full_cross_entropy: 0.6386 - trimmed_cross_entropy: 0.6286 - full_mse_log_r: 0.0435 - trimmed_mse_log_r: 0.0429 - full_mae_log_r: 0.1053 - full_mse_score: 5.7370 - trimmed_mse_score: 0.1311 - full_mae_score: 0.1131 - val_loss: 0.6715 - val_full_cross_entropy: 0.6385 - val_trimmed_cross_entropy: 0.6285 - val_full_mse_log_r: 0.0403 - val_trimmed_mse_log_r: 0.0397 - val_full_mae_log_r: 0.0937 - val_full_mse_score: 3.7590 - val_trimmed_mse_score: 0.1070 - val_full_mae_score: 0.1055
Epoch 14/50
461s - loss: 0.6785 - full_cross_entropy: 0.6385 - trimmed_cross_entropy: 0.6285 - full_mse_log_r: 0.0407 - trimmed_mse_log_r: 0.0400 - full_mae_log_r: 0.1016 - full_mse_score: 5.6038 - trimmed_mse_score: 0.1191 - full_mae_score: 0.1078 - val_loss: 0.6796 - val_full_cross_entropy: 0.6386 - val_trimmed_cross_entropy: 0.6286 - val_full_mse_log_r: 0.0393 - val_trimmed_mse_log_r: 0.0387 - val_full_mae_log_r: 0.1171 - val_full_mse_score: 3.9616 - val_trimmed_mse_score: 0.1434 - val_full_mae_score: 0.1136
Epoch 15/50
462s - loss: 0.6759 - full_cross_entropy: 0.6383 - trimmed_cross_entropy: 0.6284 - full_mse_log_r: 0.0388 - trimmed_mse_log_r: 0.0382 - full_mae_log_r: 0.0981 - full_mse_score: 5.6613 - trimmed_mse_score: 0.1187 - full_mae_score: 0.1067 - val_loss: 0.6670 - val_full_cross_entropy: 0.6381 - val_trimmed_cross_entropy: 0.6282 - val_full_mse_log_r: 0.0356 - val_trimmed_mse_log_r: 0.0351 - val_full_mae_log_r: 0.0810 - val_full_mse_score: 3.9698 - val_trimmed_mse_score: 0.1339 - val_full_mae_score: 0.1051
Epoch 16/50
461s - loss: 0.6748 - full_cross_entropy: 0.6383 - trimmed_cross_entropy: 0.6283 - full_mse_log_r: 0.0363 - trimmed_mse_log_r: 0.0357 - full_mae_log_r: 0.0944 - full_mse_score: 5.5363 - trimmed_mse_score: 0.1061 - full_mae_score: 0.1019 - val_loss: 0.6682 - val_full_cross_entropy: 0.6380 - val_trimmed_cross_entropy: 0.6280 - val_full_mse_log_r: 0.0349 - val_trimmed_mse_log_r: 0.0343 - val_full_mae_log_r: 0.0825 - val_full_mse_score: 3.8571 - val_trimmed_mse_score: 0.1288 - val_full_mae_score: 0.1055
Epoch 17/50
462s - loss: 0.6700 - full_cross_entropy: 0.6381 - trimmed_cross_entropy: 0.6282 - full_mse_log_r: 0.0343 - trimmed_mse_log_r: 0.0337 - full_mae_log_r: 0.0912 - full_mse_score: 5.4782 - trimmed_mse_score: 0.1122 - full_mae_score: 0.0989 - val_loss: 0.6644 - val_full_cross_entropy: 0.6379 - val_trimmed_cross_entropy: 0.6279 - val_full_mse_log_r: 0.0314 - val_trimmed_mse_log_r: 0.0309 - val_full_mae_log_r: 0.0716 - val_full_mse_score: 3.6356 - val_trimmed_mse_score: 0.1017 - val_full_mae_score: 0.0961
Epoch 18/50
462s - loss: 0.6642 - full_cross_entropy: 0.6380 - trimmed_cross_entropy: 0.6281 - full_mse_log_r: 0.0325 - trimmed_mse_log_r: 0.0319 - full_mae_log_r: 0.0887 - full_mse_score: 5.3491 - trimmed_mse_score: 0.0924 - full_mae_score: 0.0950 - val_loss: 0.6669 - val_full_cross_entropy: 0.6377 - val_trimmed_cross_entropy: 0.6278 - val_full_mse_log_r: 0.0297 - val_trimmed_mse_log_r: 0.0293 - val_full_mae_log_r: 0.0663 - val_full_mse_score: 3.8899 - val_trimmed_mse_score: 0.1146 - val_full_mae_score: 0.0982
Epoch 19/50
462s - loss: 0.6659 - full_cross_entropy: 0.6380 - trimmed_cross_entropy: 0.6280 - full_mse_log_r: 0.0306 - trimmed_mse_log_r: 0.0301 - full_mae_log_r: 0.0851 - full_mse_score: 5.3473 - trimmed_mse_score: 0.0841 - full_mae_score: 0.0931 - val_loss: 0.6621 - val_full_cross_entropy: 0.6382 - val_trimmed_cross_entropy: 0.6282 - val_full_mse_log_r: 0.0283 - val_trimmed_mse_log_r: 0.0278 - val_full_mae_log_r: 0.0913 - val_full_mse_score: 3.6162 - val_trimmed_mse_score: 0.0918 - val_full_mae_score: 0.0968
Epoch 20/50
461s - loss: 0.6632 - full_cross_entropy: 0.6379 - trimmed_cross_entropy: 0.6279 - full_mse_log_r: 0.0291 - trimmed_mse_log_r: 0.0286 - full_mae_log_r: 0.0824 - full_mse_score: 5.2661 - trimmed_mse_score: 0.0873 - full_mae_score: 0.0904 - val_loss: 0.6558 - val_full_cross_entropy: 0.6376 - val_trimmed_cross_entropy: 0.6276 - val_full_mse_log_r: 0.0240 - val_trimmed_mse_log_r: 0.0236 - val_full_mae_log_r: 0.0642 - val_full_mse_score: 3.4132 - val_trimmed_mse_score: 0.0817 - val_full_mae_score: 0.0869
Epoch 21/50
461s - loss: 0.6604 - full_cross_entropy: 0.6378 - trimmed_cross_entropy: 0.6279 - full_mse_log_r: 0.0278 - trimmed_mse_log_r: 0.0273 - full_mae_log_r: 0.0805 - full_mse_score: 5.1726 - trimmed_mse_score: 0.0779 - full_mae_score: 0.0878 - val_loss: 0.6600 - val_full_cross_entropy: 0.6385 - val_trimmed_cross_entropy: 0.6285 - val_full_mse_log_r: 0.0327 - val_trimmed_mse_log_r: 0.0322 - val_full_mae_log_r: 0.1192 - val_full_mse_score: 3.4589 - val_trimmed_mse_score: 0.0808 - val_full_mae_score: 0.0876
Epoch 22/50
462s - loss: 0.6578 - full_cross_entropy: 0.6378 - trimmed_cross_entropy: 0.6278 - full_mse_log_r: 0.0266 - trimmed_mse_log_r: 0.0261 - full_mae_log_r: 0.0776 - full_mse_score: 5.1242 - trimmed_mse_score: 0.0796 - full_mae_score: 0.0856 - val_loss: 0.6593 - val_full_cross_entropy: 0.6378 - val_trimmed_cross_entropy: 0.6278 - val_full_mse_log_r: 0.0249 - val_trimmed_mse_log_r: 0.0245 - val_full_mae_log_r: 0.0806 - val_full_mse_score: 3.1298 - val_trimmed_mse_score: 0.0707 - val_full_mae_score: 0.0802
Epoch 23/50
461s - loss: 0.6590 - full_cross_entropy: 0.6377 - trimmed_cross_entropy: 0.6277 - full_mse_log_r: 0.0253 - trimmed_mse_log_r: 0.0249 - full_mae_log_r: 0.0754 - full_mse_score: 5.1374 - trimmed_mse_score: 0.0739 - full_mae_score: 0.0837 - val_loss: 0.6517 - val_full_cross_entropy: 0.6375 - val_trimmed_cross_entropy: 0.6275 - val_full_mse_log_r: 0.0232 - val_trimmed_mse_log_r: 0.0228 - val_full_mae_log_r: 0.0593 - val_full_mse_score: 3.4367 - val_trimmed_mse_score: 0.0818 - val_full_mae_score: 0.0850
Epoch 24/50
462s - loss: 0.6582 - full_cross_entropy: 0.6377 - trimmed_cross_entropy: 0.6277 - full_mse_log_r: 0.0244 - trimmed_mse_log_r: 0.0240 - full_mae_log_r: 0.0735 - full_mse_score: 5.0638 - trimmed_mse_score: 0.0688 - full_mae_score: 0.0818 - val_loss: 0.6536 - val_full_cross_entropy: 0.6377 - val_trimmed_cross_entropy: 0.6278 - val_full_mse_log_r: 0.0240 - val_trimmed_mse_log_r: 0.0236 - val_full_mae_log_r: 0.0777 - val_full_mse_score: 3.5041 - val_trimmed_mse_score: 0.0857 - val_full_mae_score: 0.0859
Epoch 25/50
462s - loss: 0.6551 - full_cross_entropy: 0.6376 - trimmed_cross_entropy: 0.6277 - full_mse_log_r: 0.0235 - trimmed_mse_log_r: 0.0232 - full_mae_log_r: 0.0712 - full_mse_score: 5.0580 - trimmed_mse_score: 0.0718 - full_mae_score: 0.0806 - val_loss: 0.6516 - val_full_cross_entropy: 0.6376 - val_trimmed_cross_entropy: 0.6277 - val_full_mse_log_r: 0.0240 - val_trimmed_mse_log_r: 0.0237 - val_full_mae_log_r: 0.0642 - val_full_mse_score: 3.3837 - val_trimmed_mse_score: 0.0761 - val_full_mae_score: 0.0804
Epoch 26/50
462s - loss: 0.6536 - full_cross_entropy: 0.6376 - trimmed_cross_entropy: 0.6276 - full_mse_log_r: 0.0226 - trimmed_mse_log_r: 0.0222 - full_mae_log_r: 0.0695 - full_mse_score: 5.0460 - trimmed_mse_score: 0.0618 - full_mae_score: 0.0787 - val_loss: 0.6496 - val_full_cross_entropy: 0.6383 - val_trimmed_cross_entropy: 0.6283 - val_full_mse_log_r: 0.0292 - val_trimmed_mse_log_r: 0.0287 - val_full_mae_log_r: 0.1031 - val_full_mse_score: 3.1126 - val_trimmed_mse_score: 0.0629 - val_full_mae_score: 0.0773
Epoch 27/50
462s - loss: 0.6529 - full_cross_entropy: 0.6375 - trimmed_cross_entropy: 0.6276 - full_mse_log_r: 0.0216 - trimmed_mse_log_r: 0.0213 - full_mae_log_r: 0.0670 - full_mse_score: 5.0141 - trimmed_mse_score: 0.0574 - full_mae_score: 0.0774 - val_loss: 0.6498 - val_full_cross_entropy: 0.6375 - val_trimmed_cross_entropy: 0.6275 - val_full_mse_log_r: 0.0215 - val_trimmed_mse_log_r: 0.0211 - val_full_mae_log_r: 0.0638 - val_full_mse_score: 3.2167 - val_trimmed_mse_score: 0.0654 - val_full_mae_score: 0.0783
Epoch 28/50
462s - loss: 0.6530 - full_cross_entropy: 0.6375 - trimmed_cross_entropy: 0.6275 - full_mse_log_r: 0.0211 - trimmed_mse_log_r: 0.0208 - full_mae_log_r: 0.0655 - full_mse_score: 4.9633 - trimmed_mse_score: 0.0601 - full_mae_score: 0.0762 - val_loss: 0.6487 - val_full_cross_entropy: 0.6374 - val_trimmed_cross_entropy: 0.6274 - val_full_mse_log_r: 0.0198 - val_trimmed_mse_log_r: 0.0195 - val_full_mae_log_r: 0.0507 - val_full_mse_score: 3.0400 - val_trimmed_mse_score: 0.0649 - val_full_mae_score: 0.0740
Epoch 29/50
457s - loss: 0.6520 - full_cross_entropy: 0.6375 - trimmed_cross_entropy: 0.6275 - full_mse_log_r: 0.0204 - trimmed_mse_log_r: 0.0201 - full_mae_log_r: 0.0639 - full_mse_score: 4.9685 - trimmed_mse_score: 0.0647 - full_mae_score: 0.0751 - val_loss: 0.6512 - val_full_cross_entropy: 0.6377 - val_trimmed_cross_entropy: 0.6277 - val_full_mse_log_r: 0.0236 - val_trimmed_mse_log_r: 0.0233 - val_full_mae_log_r: 0.0690 - val_full_mse_score: 3.0857 - val_trimmed_mse_score: 0.0610 - val_full_mae_score: 0.0725
Epoch 30/50
456s - loss: 0.6516 - full_cross_entropy: 0.6374 - trimmed_cross_entropy: 0.6275 - full_mse_log_r: 0.0198 - trimmed_mse_log_r: 0.0194 - full_mae_log_r: 0.0622 - full_mse_score: 4.9062 - trimmed_mse_score: 0.0481 - full_mae_score: 0.0737 - val_loss: 0.6489 - val_full_cross_entropy: 0.6374 - val_trimmed_cross_entropy: 0.6275 - val_full_mse_log_r: 0.0188 - val_trimmed_mse_log_r: 0.0185 - val_full_mae_log_r: 0.0632 - val_full_mse_score: 3.1184 - val_trimmed_mse_score: 0.0641 - val_full_mae_score: 0.0746
Epoch 31/50
458s - loss: 0.6513 - full_cross_entropy: 0.6374 - trimmed_cross_entropy: 0.6274 - full_mse_log_r: 0.0192 - trimmed_mse_log_r: 0.0189 - full_mae_log_r: 0.0612 - full_mse_score: 4.8768 - trimmed_mse_score: 0.0502 - full_mae_score: 0.0724 - val_loss: 0.6486 - val_full_cross_entropy: 0.6374 - val_trimmed_cross_entropy: 0.6274 - val_full_mse_log_r: 0.0186 - val_trimmed_mse_log_r: 0.0184 - val_full_mae_log_r: 0.0566 - val_full_mse_score: 3.0319 - val_trimmed_mse_score: 0.0568 - val_full_mae_score: 0.0724
Epoch 32/50
459s - loss: 0.6488 - full_cross_entropy: 0.6374 - trimmed_cross_entropy: 0.6274 - full_mse_log_r: 0.0187 - trimmed_mse_log_r: 0.0184 - full_mae_log_r: 0.0594 - full_mse_score: 4.8864 - trimmed_mse_score: 0.0548 - full_mae_score: 0.0719 - val_loss: 0.6517 - val_full_cross_entropy: 0.6374 - val_trimmed_cross_entropy: 0.6274 - val_full_mse_log_r: 0.0180 - val_trimmed_mse_log_r: 0.0177 - val_full_mae_log_r: 0.0580 - val_full_mse_score: 3.1951 - val_trimmed_mse_score: 0.0676 - val_full_mae_score: 0.0750
Epoch 33/50
459s - loss: 0.6492 - full_cross_entropy: 0.6374 - trimmed_cross_entropy: 0.6274 - full_mse_log_r: 0.0182 - trimmed_mse_log_r: 0.0180 - full_mae_log_r: 0.0583 - full_mse_score: 4.8552 - trimmed_mse_score: 0.0514 - full_mae_score: 0.0708 - val_loss: 0.6490 - val_full_cross_entropy: 0.6375 - val_trimmed_cross_entropy: 0.6275 - val_full_mse_log_r: 0.0188 - val_trimmed_mse_log_r: 0.0185 - val_full_mae_log_r: 0.0617 - val_full_mse_score: 2.9673 - val_trimmed_mse_score: 0.0534 - val_full_mae_score: 0.0684
Epoch 34/50
463s - loss: 0.6501 - full_cross_entropy: 0.6373 - trimmed_cross_entropy: 0.6274 - full_mse_log_r: 0.0178 - trimmed_mse_log_r: 0.0175 - full_mae_log_r: 0.0571 - full_mse_score: 4.8425 - trimmed_mse_score: 0.0583 - full_mae_score: 0.0700 - val_loss: 0.6506 - val_full_cross_entropy: 0.6378 - val_trimmed_cross_entropy: 0.6278 - val_full_mse_log_r: 0.0206 - val_trimmed_mse_log_r: 0.0202 - val_full_mae_log_r: 0.0842 - val_full_mse_score: 2.9716 - val_trimmed_mse_score: 0.0541 - val_full_mae_score: 0.0686
Epoch 35/50
462s - loss: 0.6489 - full_cross_entropy: 0.6373 - trimmed_cross_entropy: 0.6274 - full_mse_log_r: 0.0174 - trimmed_mse_log_r: 0.0171 - full_mae_log_r: 0.0557 - full_mse_score: 4.8371 - trimmed_mse_score: 0.0609 - full_mae_score: 0.0693 - val_loss: 0.6506 - val_full_cross_entropy: 0.6375 - val_trimmed_cross_entropy: 0.6275 - val_full_mse_log_r: 0.0176 - val_trimmed_mse_log_r: 0.0173 - val_full_mae_log_r: 0.0672 - val_full_mse_score: 3.0004 - val_trimmed_mse_score: 0.0539 - val_full_mae_score: 0.0682
Epoch 36/50
463s - loss: 0.6487 - full_cross_entropy: 0.6373 - trimmed_cross_entropy: 0.6273 - full_mse_log_r: 0.0170 - trimmed_mse_log_r: 0.0167 - full_mae_log_r: 0.0548 - full_mse_score: 4.8329 - trimmed_mse_score: 0.0519 - full_mae_score: 0.0690 - val_loss: 0.6489 - val_full_cross_entropy: 0.6374 - val_trimmed_cross_entropy: 0.6274 - val_full_mse_log_r: 0.0169 - val_trimmed_mse_log_r: 0.0166 - val_full_mae_log_r: 0.0582 - val_full_mse_score: 3.0175 - val_trimmed_mse_score: 0.0527 - val_full_mae_score: 0.0678
Epoch 37/50
463s - loss: 0.6466 - full_cross_entropy: 0.6373 - trimmed_cross_entropy: 0.6273 - full_mse_log_r: 0.0169 - trimmed_mse_log_r: 0.0166 - full_mae_log_r: 0.0540 - full_mse_score: 4.8294 - trimmed_mse_score: 0.0437 - full_mae_score: 0.0688 - val_loss: 0.6459 - val_full_cross_entropy: 0.6373 - val_trimmed_cross_entropy: 0.6274 - val_full_mse_log_r: 0.0162 - val_trimmed_mse_log_r: 0.0159 - val_full_mae_log_r: 0.0533 - val_full_mse_score: 3.0096 - val_trimmed_mse_score: 0.0522 - val_full_mae_score: 0.0666
Epoch 38/50
463s - loss: 0.6480 - full_cross_entropy: 0.6373 - trimmed_cross_entropy: 0.6273 - full_mse_log_r: 0.0165 - trimmed_mse_log_r: 0.0163 - full_mae_log_r: 0.0532 - full_mse_score: 4.8305 - trimmed_mse_score: 0.0551 - full_mae_score: 0.0682 - val_loss: 0.6450 - val_full_cross_entropy: 0.6373 - val_trimmed_cross_entropy: 0.6273 - val_full_mse_log_r: 0.0158 - val_trimmed_mse_log_r: 0.0155 - val_full_mae_log_r: 0.0469 - val_full_mse_score: 3.0265 - val_trimmed_mse_score: 0.0526 - val_full_mae_score: 0.0672
Epoch 39/50
459s - loss: 0.6473 - full_cross_entropy: 0.6373 - trimmed_cross_entropy: 0.6273 - full_mse_log_r: 0.0163 - trimmed_mse_log_r: 0.0160 - full_mae_log_r: 0.0518 - full_mse_score: 4.8318 - trimmed_mse_score: 0.0533 - full_mae_score: 0.0676 - val_loss: 0.6460 - val_full_cross_entropy: 0.6373 - val_trimmed_cross_entropy: 0.6274 - val_full_mse_log_r: 0.0160 - val_trimmed_mse_log_r: 0.0157 - val_full_mae_log_r: 0.0539 - val_full_mse_score: 2.9765 - val_trimmed_mse_score: 0.0495 - val_full_mae_score: 0.0655
Epoch 40/50
455s - loss: 0.6476 - full_cross_entropy: 0.6372 - trimmed_cross_entropy: 0.6273 - full_mse_log_r: 0.0160 - trimmed_mse_log_r: 0.0157 - full_mae_log_r: 0.0516 - full_mse_score: 4.7806 - trimmed_mse_score: 0.0398 - full_mae_score: 0.0669 - val_loss: 0.6476 - val_full_cross_entropy: 0.6374 - val_trimmed_cross_entropy: 0.6274 - val_full_mse_log_r: 0.0164 - val_trimmed_mse_log_r: 0.0161 - val_full_mae_log_r: 0.0585 - val_full_mse_score: 2.9823 - val_trimmed_mse_score: 0.0512 - val_full_mae_score: 0.0662
Epoch 41/50
455s - loss: 0.6478 - full_cross_entropy: 0.6372 - trimmed_cross_entropy: 0.6273 - full_mse_log_r: 0.0157 - trimmed_mse_log_r: 0.0154 - full_mae_log_r: 0.0504 - full_mse_score: 4.7867 - trimmed_mse_score: 0.0386 - full_mae_score: 0.0663 - val_loss: 0.6453 - val_full_cross_entropy: 0.6372 - val_trimmed_cross_entropy: 0.6273 - val_full_mse_log_r: 0.0150 - val_trimmed_mse_log_r: 0.0148 - val_full_mae_log_r: 0.0442 - val_full_mse_score: 2.9767 - val_trimmed_mse_score: 0.0525 - val_full_mae_score: 0.0650
Epoch 42/50
455s - loss: 0.6483 - full_cross_entropy: 0.6372 - trimmed_cross_entropy: 0.6273 - full_mse_log_r: 0.0155 - trimmed_mse_log_r: 0.0153 - full_mae_log_r: 0.0499 - full_mse_score: 4.7896 - trimmed_mse_score: 0.0529 - full_mae_score: 0.0660 - val_loss: 0.6457 - val_full_cross_entropy: 0.6375 - val_trimmed_cross_entropy: 0.6275 - val_full_mse_log_r: 0.0164 - val_trimmed_mse_log_r: 0.0162 - val_full_mae_log_r: 0.0658 - val_full_mse_score: 2.9339 - val_trimmed_mse_score: 0.0495 - val_full_mae_score: 0.0642
Epoch 43/50
456s - loss: 0.6470 - full_cross_entropy: 0.6372 - trimmed_cross_entropy: 0.6272 - full_mse_log_r: 0.0153 - trimmed_mse_log_r: 0.0150 - full_mae_log_r: 0.0486 - full_mse_score: 4.7844 - trimmed_mse_score: 0.0396 - full_mae_score: 0.0656 - val_loss: 0.6462 - val_full_cross_entropy: 0.6372 - val_trimmed_cross_entropy: 0.6273 - val_full_mse_log_r: 0.0142 - val_trimmed_mse_log_r: 0.0140 - val_full_mae_log_r: 0.0441 - val_full_mse_score: 2.9555 - val_trimmed_mse_score: 0.0503 - val_full_mae_score: 0.0645
Epoch 44/50
457s - loss: 0.6465 - full_cross_entropy: 0.6372 - trimmed_cross_entropy: 0.6272 - full_mse_log_r: 0.0152 - trimmed_mse_log_r: 0.0149 - full_mae_log_r: 0.0484 - full_mse_score: 4.7813 - trimmed_mse_score: 0.0495 - full_mae_score: 0.0656 - val_loss: 0.6478 - val_full_cross_entropy: 0.6373 - val_trimmed_cross_entropy: 0.6273 - val_full_mse_log_r: 0.0144 - val_trimmed_mse_log_r: 0.0142 - val_full_mae_log_r: 0.0490 - val_full_mse_score: 2.9423 - val_trimmed_mse_score: 0.0505 - val_full_mae_score: 0.0647
Epoch 45/50
457s - loss: 0.6466 - full_cross_entropy: 0.6372 - trimmed_cross_entropy: 0.6272 - full_mse_log_r: 0.0149 - trimmed_mse_log_r: 0.0147 - full_mae_log_r: 0.0473 - full_mse_score: 4.7716 - trimmed_mse_score: 0.0431 - full_mae_score: 0.0652 - val_loss: 0.6456 - val_full_cross_entropy: 0.6372 - val_trimmed_cross_entropy: 0.6273 - val_full_mse_log_r: 0.0143 - val_trimmed_mse_log_r: 0.0141 - val_full_mae_log_r: 0.0434 - val_full_mse_score: 2.9379 - val_trimmed_mse_score: 0.0513 - val_full_mae_score: 0.0654
Epoch 46/50
457s - loss: 0.6468 - full_cross_entropy: 0.6372 - trimmed_cross_entropy: 0.6272 - full_mse_log_r: 0.0148 - trimmed_mse_log_r: 0.0146 - full_mae_log_r: 0.0469 - full_mse_score: 4.7727 - trimmed_mse_score: 0.0489 - full_mae_score: 0.0649 - val_loss: 0.6454 - val_full_cross_entropy: 0.6372 - val_trimmed_cross_entropy: 0.6273 - val_full_mse_log_r: 0.0140 - val_trimmed_mse_log_r: 0.0138 - val_full_mae_log_r: 0.0433 - val_full_mse_score: 2.9216 - val_trimmed_mse_score: 0.0499 - val_full_mae_score: 0.0635
Epoch 47/50
459s - loss: 0.6469 - full_cross_entropy: 0.6372 - trimmed_cross_entropy: 0.6272 - full_mse_log_r: 0.0147 - trimmed_mse_log_r: 0.0144 - full_mae_log_r: 0.0466 - full_mse_score: 4.7709 - trimmed_mse_score: 0.0415 - full_mae_score: 0.0648 - val_loss: 0.6456 - val_full_cross_entropy: 0.6372 - val_trimmed_cross_entropy: 0.6272 - val_full_mse_log_r: 0.0141 - val_trimmed_mse_log_r: 0.0139 - val_full_mae_log_r: 0.0419 - val_full_mse_score: 2.9409 - val_trimmed_mse_score: 0.0500 - val_full_mae_score: 0.0637
Epoch 48/50
458s - loss: 0.6465 - full_cross_entropy: 0.6372 - trimmed_cross_entropy: 0.6272 - full_mse_log_r: 0.0144 - trimmed_mse_log_r: 0.0142 - full_mae_log_r: 0.0456 - full_mse_score: 4.7586 - trimmed_mse_score: 0.0494 - full_mae_score: 0.0645 - val_loss: 0.6461 - val_full_cross_entropy: 0.6372 - val_trimmed_cross_entropy: 0.6273 - val_full_mse_log_r: 0.0141 - val_trimmed_mse_log_r: 0.0139 - val_full_mae_log_r: 0.0418 - val_full_mse_score: 2.9106 - val_trimmed_mse_score: 0.0480 - val_full_mae_score: 0.0630
Epoch 49/50
456s - loss: 0.6459 - full_cross_entropy: 0.6371 - trimmed_cross_entropy: 0.6272 - full_mse_log_r: 0.0143 - trimmed_mse_log_r: 0.0141 - full_mae_log_r: 0.0453 - full_mse_score: 4.7568 - trimmed_mse_score: 0.0440 - full_mae_score: 0.0642 - val_loss: 0.6464 - val_full_cross_entropy: 0.6372 - val_trimmed_cross_entropy: 0.6273 - val_full_mse_log_r: 0.0137 - val_trimmed_mse_log_r: 0.0135 - val_full_mae_log_r: 0.0429 - val_full_mse_score: 2.9516 - val_trimmed_mse_score: 0.0490 - val_full_mae_score: 0.0636
Epoch 00048: early stopping
16.03.2018 20:27:10 INFO    Starting evaluation
16.03.2018 20:28:57 INFO    Starting theta 100 / 1017
16.03.2018 20:30:45 INFO    Starting theta 200 / 1017
16.03.2018 20:32:33 INFO    Starting theta 300 / 1017
16.03.2018 20:34:21 INFO    Starting theta 400 / 1017
16.03.2018 20:36:09 INFO    Starting theta 500 / 1017
16.03.2018 20:37:56 INFO    Starting theta 600 / 1017
16.03.2018 20:39:44 INFO    Starting theta 700 / 1017
16.03.2018 20:41:32 INFO    Starting theta 800 / 1017
16.03.2018 20:43:20 INFO    Starting theta 900 / 1017
16.03.2018 20:45:08 INFO    Starting theta 1000 / 1017
16.03.2018 20:45:27 INFO    Evaluation timing: median 1.06641983986 s, mean 1.07006501753 s
16.03.2018 20:45:27 INFO    Starting roaming
16.03.2018 20:45:49 INFO    Starting calibrated evaluation and roaming
16.03.2018 22:01:58 INFO    Starting theta 100 / 1017
16.03.2018 23:18:50 INFO    Starting theta 200 / 1017
17.03.2018 00:35:42 INFO    Starting theta 300 / 1017
17.03.2018 01:52:34 INFO    Starting theta 400 / 1017
17.03.2018 03:09:29 INFO    Starting theta 500 / 1017
17.03.2018 04:26:19 INFO    Starting theta 600 / 1017
17.03.2018 05:43:11 INFO    Starting theta 700 / 1017
17.03.2018 07:00:02 INFO    Starting theta 800 / 1017
17.03.2018 08:16:54 INFO    Starting theta 900 / 1017
17.03.2018 09:33:46 INFO    Starting theta 1000 / 1017
17.03.2018 09:47:37 INFO    Calibrated evaluation timing: median 1.07452607155 s, mean 1.07699607678 s
17.03.2018 09:47:37 INFO    Interpolating calibrated roaming
17.03.2018 09:52:33 INFO    That's it -- have a great day!
