27.03.2018 10:34:46 INFO    Hi! How are you today?
27.03.2018 10:34:46 INFO    Startup options:
27.03.2018 10:34:46 INFO      Algorithm:                     truth
27.03.2018 10:34:46 INFO      Point by point:                False
27.03.2018 10:34:46 INFO      Morphing-aware mode:           False
27.03.2018 10:34:46 INFO      Smeared data:                  False
27.03.2018 10:34:46 INFO      Training sample:               baseline
27.03.2018 10:34:46 INFO      alpha:                         None
27.03.2018 10:34:46 INFO      Histogram / AFC X indices:     [1, 38, 39, 40, 41]
27.03.2018 10:34:46 INFO      AFC epsilon:                   None
27.03.2018 10:34:46 INFO      Denominator theta:             False
27.03.2018 10:34:46 INFO      Neyman construction toys:      0
27.03.2018 10:34:46 INFO      Other options:                 
27.03.2018 10:34:46 INFO      Base directory:                /home/jb6504/higgs_inference
27.03.2018 10:34:46 INFO      ML-based strategies available: False
27.03.2018 10:34:46 INFO    Starting truth calculation
27.03.2018 10:34:46 DEBUG    NC settings: False neyman 36 10000 1001
27.03.2018 10:34:46 DEBUG    Diagnostics settings:  
27.03.2018 10:35:35 INFO    Starting evaluation
27.03.2018 10:35:39 INFO    Starting calibrated evaluation
27.03.2018 10:36:50 INFO    Starting theta 100 / 1017
27.03.2018 10:37:59 INFO    Starting theta 200 / 1017
27.03.2018 10:39:09 INFO    Starting theta 300 / 1017
27.03.2018 10:40:16 INFO    Starting theta 400 / 1017
