Using TensorFlow backend.
16.03.2018 14:09:52 INFO    Hi! How are you today?
16.03.2018 14:09:52 INFO    Startup options:
16.03.2018 14:09:52 INFO      Algorithm:                     carl
16.03.2018 14:09:52 INFO      Point by point:                False
16.03.2018 14:09:52 INFO      Morphing-aware mode:           False
16.03.2018 14:09:52 INFO      Smeared data:                  False
16.03.2018 14:09:52 INFO      Training sample:               baseline
16.03.2018 14:09:52 INFO      alpha:                         None
16.03.2018 14:09:52 INFO      Histogram / AFC X indices:     [1, 38, 39, 40, 41]
16.03.2018 14:09:52 INFO      AFC epsilon:                   None
16.03.2018 14:09:52 INFO      Denominator theta:             False
16.03.2018 14:09:52 INFO      Neyman construction toys:      1
16.03.2018 14:09:52 INFO      Other options:                 ['shallow']
16.03.2018 14:09:52 INFO      Base directory:                /home/jb6504/higgs_inference
16.03.2018 14:09:52 INFO      ML-based strategies available: True
16.03.2018 14:09:52 INFO    Starting parameterized inference
16.03.2018 14:09:52 INFO    Main settings:
16.03.2018 14:09:52 INFO      Algorithm:                carl
16.03.2018 14:09:52 INFO      Morphing-aware:           False
16.03.2018 14:09:53 INFO      Training sample:          baseline
16.03.2018 14:09:53 INFO      Denominator theta:        denominator 1 = theta 0 = [ 0.  0.]
16.03.2018 14:09:53 INFO    Options:
16.03.2018 14:09:53 INFO      Number of hidden layers:  2
16.03.2018 14:09:53 INFO      Batch size:               128
16.03.2018 14:09:53 INFO      Learning rate:            0.001
16.03.2018 14:09:53 INFO      Learning rate decay:      0.0921034037198
16.03.2018 14:09:53 INFO      Number of epochs:         50
16.03.2018 14:09:53 INFO      NC experiments:           False
16.03.2018 14:09:53 INFO      Debug mode:               False
16.03.2018 14:10:17 INFO    Starting training
Train on 7999999 samples, validate on 2000000 samples
2018-03-16 14:10:17.945371: W tensorflow/core/platform/cpu_feature_guard.cc:45] The TensorFlow library wasn't compiled to use SSE4.1 instructions, but these are available on your machine and could speed up CPU computations.
2018-03-16 14:10:17.945717: W tensorflow/core/platform/cpu_feature_guard.cc:45] The TensorFlow library wasn't compiled to use SSE4.2 instructions, but these are available on your machine and could speed up CPU computations.
2018-03-16 14:10:17.945726: W tensorflow/core/platform/cpu_feature_guard.cc:45] The TensorFlow library wasn't compiled to use AVX instructions, but these are available on your machine and could speed up CPU computations.
2018-03-16 14:10:17.945731: W tensorflow/core/platform/cpu_feature_guard.cc:45] The TensorFlow library wasn't compiled to use AVX2 instructions, but these are available on your machine and could speed up CPU computations.
2018-03-16 14:10:17.945734: W tensorflow/core/platform/cpu_feature_guard.cc:45] The TensorFlow library wasn't compiled to use FMA instructions, but these are available on your machine and could speed up CPU computations.
2018-03-16 14:10:18.263780: I tensorflow/core/common_runtime/gpu/gpu_device.cc:940] Found device 0 with properties: 
name: Tesla P40
major: 6 minor: 1 memoryClockRate (GHz) 1.531
pciBusID 0000:84:00.0
Total memory: 22.38GiB
Free memory: 22.21GiB
2018-03-16 14:10:18.263817: I tensorflow/core/common_runtime/gpu/gpu_device.cc:961] DMA: 0 
2018-03-16 14:10:18.263822: I tensorflow/core/common_runtime/gpu/gpu_device.cc:971] 0:   Y 
2018-03-16 14:10:18.263830: I tensorflow/core/common_runtime/gpu/gpu_device.cc:1030] Creating TensorFlow device (/gpu:0) -> (device: 0, name: Tesla P40, pci bus id: 0000:84:00.0)
Epoch 1/50
366s - loss: 0.6585 - full_cross_entropy: 0.6585 - trimmed_cross_entropy: 0.6482 - full_mse_log_r: 0.1730 - trimmed_mse_log_r: 0.1703 - full_mae_log_r: 0.1865 - full_mse_score: 2.3163 - trimmed_mse_score: 0.3378 - full_mae_score: 0.3200 - val_loss: 0.6554 - val_full_cross_entropy: 0.6554 - val_trimmed_cross_entropy: 0.6451 - val_full_mse_log_r: 0.0930 - val_trimmed_mse_log_r: 0.0916 - val_full_mae_log_r: 0.1323 - val_full_mse_score: 17.8499 - val_trimmed_mse_score: 0.3001 - val_full_mae_score: 0.3145
Epoch 2/50
366s - loss: 0.6550 - full_cross_entropy: 0.6550 - trimmed_cross_entropy: 0.6448 - full_mse_log_r: 0.0928 - trimmed_mse_log_r: 0.0913 - full_mae_log_r: 0.1418 - full_mse_score: 2.1970 - trimmed_mse_score: 0.2692 - full_mae_score: 0.3047 - val_loss: 0.6545 - val_full_cross_entropy: 0.6545 - val_trimmed_cross_entropy: 0.6443 - val_full_mse_log_r: 0.0876 - val_trimmed_mse_log_r: 0.0862 - val_full_mae_log_r: 0.1198 - val_full_mse_score: 17.8288 - val_trimmed_mse_score: 0.2842 - val_full_mae_score: 0.3103
Epoch 3/50
365s - loss: 0.6545 - full_cross_entropy: 0.6545 - trimmed_cross_entropy: 0.6443 - full_mse_log_r: 0.0810 - trimmed_mse_log_r: 0.0797 - full_mae_log_r: 0.1331 - full_mse_score: 2.1805 - trimmed_mse_score: 0.2674 - full_mae_score: 0.3105 - val_loss: 0.6559 - val_full_cross_entropy: 0.6559 - val_trimmed_cross_entropy: 0.6456 - val_full_mse_log_r: 0.0897 - val_trimmed_mse_log_r: 0.0883 - val_full_mae_log_r: 0.1667 - val_full_mse_score: 17.7678 - val_trimmed_mse_score: 0.2639 - val_full_mae_score: 0.3217
Epoch 4/50
364s - loss: 0.6542 - full_cross_entropy: 0.6542 - trimmed_cross_entropy: 0.6439 - full_mse_log_r: 0.0744 - trimmed_mse_log_r: 0.0733 - full_mae_log_r: 0.1277 - full_mse_score: 2.1731 - trimmed_mse_score: 0.2737 - full_mae_score: 0.3180 - val_loss: 0.6541 - val_full_cross_entropy: 0.6541 - val_trimmed_cross_entropy: 0.6439 - val_full_mse_log_r: 0.0645 - val_trimmed_mse_log_r: 0.0635 - val_full_mae_log_r: 0.1149 - val_full_mse_score: 17.7689 - val_trimmed_mse_score: 0.2761 - val_full_mae_score: 0.3263
Epoch 5/50
365s - loss: 0.6539 - full_cross_entropy: 0.6539 - trimmed_cross_entropy: 0.6437 - full_mse_log_r: 0.0688 - trimmed_mse_log_r: 0.0677 - full_mae_log_r: 0.1237 - full_mse_score: 2.1699 - trimmed_mse_score: 0.2731 - full_mae_score: 0.3227 - val_loss: 0.6540 - val_full_cross_entropy: 0.6540 - val_trimmed_cross_entropy: 0.6438 - val_full_mse_log_r: 0.0675 - val_trimmed_mse_log_r: 0.0664 - val_full_mae_log_r: 0.1183 - val_full_mse_score: 17.7510 - val_trimmed_mse_score: 0.2567 - val_full_mae_score: 0.3169
Epoch 6/50
366s - loss: 0.6537 - full_cross_entropy: 0.6537 - trimmed_cross_entropy: 0.6435 - full_mse_log_r: 0.0655 - trimmed_mse_log_r: 0.0645 - full_mae_log_r: 0.1203 - full_mse_score: 2.1621 - trimmed_mse_score: 0.2751 - full_mae_score: 0.3215 - val_loss: 0.6538 - val_full_cross_entropy: 0.6538 - val_trimmed_cross_entropy: 0.6436 - val_full_mse_log_r: 0.0653 - val_trimmed_mse_log_r: 0.0643 - val_full_mae_log_r: 0.1095 - val_full_mse_score: 17.7477 - val_trimmed_mse_score: 0.2662 - val_full_mae_score: 0.3169
Epoch 7/50
364s - loss: 0.6535 - full_cross_entropy: 0.6535 - trimmed_cross_entropy: 0.6433 - full_mse_log_r: 0.0618 - trimmed_mse_log_r: 0.0609 - full_mae_log_r: 0.1162 - full_mse_score: 2.1588 - trimmed_mse_score: 0.2696 - full_mae_score: 0.3220 - val_loss: 0.6540 - val_full_cross_entropy: 0.6540 - val_trimmed_cross_entropy: 0.6438 - val_full_mse_log_r: 0.0642 - val_trimmed_mse_log_r: 0.0632 - val_full_mae_log_r: 0.1141 - val_full_mse_score: 17.7653 - val_trimmed_mse_score: 0.2700 - val_full_mae_score: 0.3246
Epoch 8/50
364s - loss: 0.6533 - full_cross_entropy: 0.6533 - trimmed_cross_entropy: 0.6431 - full_mse_log_r: 0.0584 - trimmed_mse_log_r: 0.0575 - full_mae_log_r: 0.1138 - full_mse_score: 2.1451 - trimmed_mse_score: 0.2653 - full_mae_score: 0.3220 - val_loss: 0.6538 - val_full_cross_entropy: 0.6538 - val_trimmed_cross_entropy: 0.6436 - val_full_mse_log_r: 0.0564 - val_trimmed_mse_log_r: 0.0556 - val_full_mae_log_r: 0.1082 - val_full_mse_score: 17.7792 - val_trimmed_mse_score: 0.2863 - val_full_mae_score: 0.3330
Epoch 9/50
364s - loss: 0.6531 - full_cross_entropy: 0.6531 - trimmed_cross_entropy: 0.6429 - full_mse_log_r: 0.0567 - trimmed_mse_log_r: 0.0558 - full_mae_log_r: 0.1105 - full_mse_score: 2.1408 - trimmed_mse_score: 0.2640 - full_mae_score: 0.3192 - val_loss: 0.6536 - val_full_cross_entropy: 0.6536 - val_trimmed_cross_entropy: 0.6434 - val_full_mse_log_r: 0.0570 - val_trimmed_mse_log_r: 0.0561 - val_full_mae_log_r: 0.1037 - val_full_mse_score: 17.7424 - val_trimmed_mse_score: 0.2491 - val_full_mae_score: 0.3120
Epoch 10/50
364s - loss: 0.6530 - full_cross_entropy: 0.6530 - trimmed_cross_entropy: 0.6428 - full_mse_log_r: 0.0543 - trimmed_mse_log_r: 0.0535 - full_mae_log_r: 0.1078 - full_mse_score: 2.1336 - trimmed_mse_score: 0.2618 - full_mae_score: 0.3182 - val_loss: 0.6537 - val_full_cross_entropy: 0.6537 - val_trimmed_cross_entropy: 0.6435 - val_full_mse_log_r: 0.0554 - val_trimmed_mse_log_r: 0.0546 - val_full_mae_log_r: 0.1074 - val_full_mse_score: 17.7330 - val_trimmed_mse_score: 0.2606 - val_full_mae_score: 0.3145
Epoch 11/50
364s - loss: 0.6528 - full_cross_entropy: 0.6528 - trimmed_cross_entropy: 0.6426 - full_mse_log_r: 0.0523 - trimmed_mse_log_r: 0.0515 - full_mae_log_r: 0.1046 - full_mse_score: 2.1228 - trimmed_mse_score: 0.2622 - full_mae_score: 0.3147 - val_loss: 0.6538 - val_full_cross_entropy: 0.6538 - val_trimmed_cross_entropy: 0.6436 - val_full_mse_log_r: 0.0539 - val_trimmed_mse_log_r: 0.0531 - val_full_mae_log_r: 0.1129 - val_full_mse_score: 17.7252 - val_trimmed_mse_score: 0.2598 - val_full_mae_score: 0.3236
Epoch 12/50
364s - loss: 0.6527 - full_cross_entropy: 0.6527 - trimmed_cross_entropy: 0.6425 - full_mse_log_r: 0.0502 - trimmed_mse_log_r: 0.0494 - full_mae_log_r: 0.1023 - full_mse_score: 2.1175 - trimmed_mse_score: 0.2531 - full_mae_score: 0.3131 - val_loss: 0.6534 - val_full_cross_entropy: 0.6534 - val_trimmed_cross_entropy: 0.6432 - val_full_mse_log_r: 0.0513 - val_trimmed_mse_log_r: 0.0505 - val_full_mae_log_r: 0.0999 - val_full_mse_score: 17.7094 - val_trimmed_mse_score: 0.2535 - val_full_mae_score: 0.3162
Epoch 13/50
364s - loss: 0.6525 - full_cross_entropy: 0.6525 - trimmed_cross_entropy: 0.6424 - full_mse_log_r: 0.0498 - trimmed_mse_log_r: 0.0490 - full_mae_log_r: 0.1009 - full_mse_score: 2.1141 - trimmed_mse_score: 0.2544 - full_mae_score: 0.3135 - val_loss: 0.6534 - val_full_cross_entropy: 0.6534 - val_trimmed_cross_entropy: 0.6432 - val_full_mse_log_r: 0.0496 - val_trimmed_mse_log_r: 0.0488 - val_full_mae_log_r: 0.0993 - val_full_mse_score: 17.7080 - val_trimmed_mse_score: 0.2456 - val_full_mae_score: 0.3114
Epoch 14/50
364s - loss: 0.6524 - full_cross_entropy: 0.6524 - trimmed_cross_entropy: 0.6422 - full_mse_log_r: 0.0482 - trimmed_mse_log_r: 0.0474 - full_mae_log_r: 0.0992 - full_mse_score: 2.1039 - trimmed_mse_score: 0.2483 - full_mae_score: 0.3109 - val_loss: 0.6535 - val_full_cross_entropy: 0.6535 - val_trimmed_cross_entropy: 0.6433 - val_full_mse_log_r: 0.0481 - val_trimmed_mse_log_r: 0.0474 - val_full_mae_log_r: 0.0998 - val_full_mse_score: 17.7074 - val_trimmed_mse_score: 0.2516 - val_full_mae_score: 0.3108
Epoch 15/50
364s - loss: 0.6523 - full_cross_entropy: 0.6523 - trimmed_cross_entropy: 0.6421 - full_mse_log_r: 0.0466 - trimmed_mse_log_r: 0.0459 - full_mae_log_r: 0.0974 - full_mse_score: 2.1002 - trimmed_mse_score: 0.2454 - full_mae_score: 0.3078 - val_loss: 0.6543 - val_full_cross_entropy: 0.6543 - val_trimmed_cross_entropy: 0.6441 - val_full_mse_log_r: 0.0536 - val_trimmed_mse_log_r: 0.0528 - val_full_mae_log_r: 0.1333 - val_full_mse_score: 17.7161 - val_trimmed_mse_score: 0.2559 - val_full_mae_score: 0.3184
Epoch 16/50
364s - loss: 0.6522 - full_cross_entropy: 0.6522 - trimmed_cross_entropy: 0.6420 - full_mse_log_r: 0.0451 - trimmed_mse_log_r: 0.0444 - full_mae_log_r: 0.0958 - full_mse_score: 2.0965 - trimmed_mse_score: 0.2485 - full_mae_score: 0.3097 - val_loss: 0.6535 - val_full_cross_entropy: 0.6535 - val_trimmed_cross_entropy: 0.6433 - val_full_mse_log_r: 0.0472 - val_trimmed_mse_log_r: 0.0464 - val_full_mae_log_r: 0.1034 - val_full_mse_score: 17.6910 - val_trimmed_mse_score: 0.2446 - val_full_mae_score: 0.3155
Epoch 17/50
363s - loss: 0.6521 - full_cross_entropy: 0.6521 - trimmed_cross_entropy: 0.6419 - full_mse_log_r: 0.0444 - trimmed_mse_log_r: 0.0437 - full_mae_log_r: 0.0945 - full_mse_score: 2.0944 - trimmed_mse_score: 0.2456 - full_mae_score: 0.3091 - val_loss: 0.6533 - val_full_cross_entropy: 0.6533 - val_trimmed_cross_entropy: 0.6431 - val_full_mse_log_r: 0.0433 - val_trimmed_mse_log_r: 0.0426 - val_full_mae_log_r: 0.0936 - val_full_mse_score: 17.6784 - val_trimmed_mse_score: 0.2419 - val_full_mae_score: 0.3100
Epoch 18/50
364s - loss: 0.6520 - full_cross_entropy: 0.6520 - trimmed_cross_entropy: 0.6419 - full_mse_log_r: 0.0432 - trimmed_mse_log_r: 0.0425 - full_mae_log_r: 0.0934 - full_mse_score: 2.0888 - trimmed_mse_score: 0.2416 - full_mae_score: 0.3079 - val_loss: 0.6532 - val_full_cross_entropy: 0.6532 - val_trimmed_cross_entropy: 0.6430 - val_full_mse_log_r: 0.0430 - val_trimmed_mse_log_r: 0.0423 - val_full_mae_log_r: 0.0898 - val_full_mse_score: 17.6961 - val_trimmed_mse_score: 0.2445 - val_full_mae_score: 0.3105
Epoch 19/50
364s - loss: 0.6520 - full_cross_entropy: 0.6520 - trimmed_cross_entropy: 0.6418 - full_mse_log_r: 0.0431 - trimmed_mse_log_r: 0.0424 - full_mae_log_r: 0.0923 - full_mse_score: 2.0881 - trimmed_mse_score: 0.2457 - full_mae_score: 0.3077 - val_loss: 0.6533 - val_full_cross_entropy: 0.6533 - val_trimmed_cross_entropy: 0.6431 - val_full_mse_log_r: 0.0426 - val_trimmed_mse_log_r: 0.0420 - val_full_mae_log_r: 0.0930 - val_full_mse_score: 17.6960 - val_trimmed_mse_score: 0.2450 - val_full_mae_score: 0.3134
Epoch 20/50
364s - loss: 0.6519 - full_cross_entropy: 0.6519 - trimmed_cross_entropy: 0.6417 - full_mse_log_r: 0.0418 - trimmed_mse_log_r: 0.0412 - full_mae_log_r: 0.0910 - full_mse_score: 2.0841 - trimmed_mse_score: 0.2441 - full_mae_score: 0.3069 - val_loss: 0.6532 - val_full_cross_entropy: 0.6532 - val_trimmed_cross_entropy: 0.6430 - val_full_mse_log_r: 0.0427 - val_trimmed_mse_log_r: 0.0420 - val_full_mae_log_r: 0.0906 - val_full_mse_score: 17.6796 - val_trimmed_mse_score: 0.2317 - val_full_mae_score: 0.3057
Epoch 21/50
364s - loss: 0.6518 - full_cross_entropy: 0.6518 - trimmed_cross_entropy: 0.6417 - full_mse_log_r: 0.0413 - trimmed_mse_log_r: 0.0406 - full_mae_log_r: 0.0902 - full_mse_score: 2.0808 - trimmed_mse_score: 0.2413 - full_mae_score: 0.3060 - val_loss: 0.6531 - val_full_cross_entropy: 0.6531 - val_trimmed_cross_entropy: 0.6429 - val_full_mse_log_r: 0.0394 - val_trimmed_mse_log_r: 0.0388 - val_full_mae_log_r: 0.0880 - val_full_mse_score: 17.6798 - val_trimmed_mse_score: 0.2383 - val_full_mae_score: 0.3097
Epoch 22/50
364s - loss: 0.6518 - full_cross_entropy: 0.6518 - trimmed_cross_entropy: 0.6416 - full_mse_log_r: 0.0405 - trimmed_mse_log_r: 0.0399 - full_mae_log_r: 0.0895 - full_mse_score: 2.0805 - trimmed_mse_score: 0.2419 - full_mae_score: 0.3061 - val_loss: 0.6532 - val_full_cross_entropy: 0.6532 - val_trimmed_cross_entropy: 0.6430 - val_full_mse_log_r: 0.0419 - val_trimmed_mse_log_r: 0.0412 - val_full_mae_log_r: 0.0912 - val_full_mse_score: 17.6625 - val_trimmed_mse_score: 0.2308 - val_full_mae_score: 0.3019
Epoch 23/50
364s - loss: 0.6517 - full_cross_entropy: 0.6517 - trimmed_cross_entropy: 0.6415 - full_mse_log_r: 0.0405 - trimmed_mse_log_r: 0.0398 - full_mae_log_r: 0.0891 - full_mse_score: 2.0789 - trimmed_mse_score: 0.2393 - full_mae_score: 0.3050 - val_loss: 0.6536 - val_full_cross_entropy: 0.6536 - val_trimmed_cross_entropy: 0.6434 - val_full_mse_log_r: 0.0452 - val_trimmed_mse_log_r: 0.0445 - val_full_mae_log_r: 0.1086 - val_full_mse_score: 17.6783 - val_trimmed_mse_score: 0.2406 - val_full_mae_score: 0.3103
Epoch 24/50
363s - loss: 0.6517 - full_cross_entropy: 0.6517 - trimmed_cross_entropy: 0.6415 - full_mse_log_r: 0.0398 - trimmed_mse_log_r: 0.0392 - full_mae_log_r: 0.0885 - full_mse_score: 2.0755 - trimmed_mse_score: 0.2370 - full_mae_score: 0.3056 - val_loss: 0.6531 - val_full_cross_entropy: 0.6531 - val_trimmed_cross_entropy: 0.6429 - val_full_mse_log_r: 0.0398 - val_trimmed_mse_log_r: 0.0392 - val_full_mae_log_r: 0.0876 - val_full_mse_score: 17.6751 - val_trimmed_mse_score: 0.2393 - val_full_mae_score: 0.3107
Epoch 25/50
364s - loss: 0.6516 - full_cross_entropy: 0.6516 - trimmed_cross_entropy: 0.6415 - full_mse_log_r: 0.0394 - trimmed_mse_log_r: 0.0388 - full_mae_log_r: 0.0878 - full_mse_score: 2.0720 - trimmed_mse_score: 0.2388 - full_mae_score: 0.3051 - val_loss: 0.6531 - val_full_cross_entropy: 0.6531 - val_trimmed_cross_entropy: 0.6429 - val_full_mse_log_r: 0.0401 - val_trimmed_mse_log_r: 0.0395 - val_full_mae_log_r: 0.0862 - val_full_mse_score: 17.6552 - val_trimmed_mse_score: 0.2315 - val_full_mae_score: 0.3052
Epoch 26/50
364s - loss: 0.6516 - full_cross_entropy: 0.6516 - trimmed_cross_entropy: 0.6414 - full_mse_log_r: 0.0389 - trimmed_mse_log_r: 0.0382 - full_mae_log_r: 0.0872 - full_mse_score: 2.0709 - trimmed_mse_score: 0.2378 - full_mae_score: 0.3054 - val_loss: 0.6531 - val_full_cross_entropy: 0.6531 - val_trimmed_cross_entropy: 0.6429 - val_full_mse_log_r: 0.0397 - val_trimmed_mse_log_r: 0.0391 - val_full_mae_log_r: 0.0871 - val_full_mse_score: 17.6621 - val_trimmed_mse_score: 0.2354 - val_full_mae_score: 0.3094
Epoch 27/50
364s - loss: 0.6516 - full_cross_entropy: 0.6516 - trimmed_cross_entropy: 0.6414 - full_mse_log_r: 0.0389 - trimmed_mse_log_r: 0.0382 - full_mae_log_r: 0.0872 - full_mse_score: 2.0737 - trimmed_mse_score: 0.2374 - full_mae_score: 0.3058 - val_loss: 0.6531 - val_full_cross_entropy: 0.6531 - val_trimmed_cross_entropy: 0.6429 - val_full_mse_log_r: 0.0386 - val_trimmed_mse_log_r: 0.0380 - val_full_mae_log_r: 0.0844 - val_full_mse_score: 17.6594 - val_trimmed_mse_score: 0.2316 - val_full_mae_score: 0.3054
Epoch 28/50
364s - loss: 0.6515 - full_cross_entropy: 0.6515 - trimmed_cross_entropy: 0.6413 - full_mse_log_r: 0.0384 - trimmed_mse_log_r: 0.0378 - full_mae_log_r: 0.0867 - full_mse_score: 2.0706 - trimmed_mse_score: 0.2372 - full_mae_score: 0.3052 - val_loss: 0.6531 - val_full_cross_entropy: 0.6531 - val_trimmed_cross_entropy: 0.6429 - val_full_mse_log_r: 0.0391 - val_trimmed_mse_log_r: 0.0385 - val_full_mae_log_r: 0.0858 - val_full_mse_score: 17.6717 - val_trimmed_mse_score: 0.2391 - val_full_mae_score: 0.3099
Epoch 29/50
364s - loss: 0.6515 - full_cross_entropy: 0.6515 - trimmed_cross_entropy: 0.6413 - full_mse_log_r: 0.0381 - trimmed_mse_log_r: 0.0375 - full_mae_log_r: 0.0864 - full_mse_score: 2.0657 - trimmed_mse_score: 0.2346 - full_mae_score: 0.3055 - val_loss: 0.6531 - val_full_cross_entropy: 0.6531 - val_trimmed_cross_entropy: 0.6429 - val_full_mse_log_r: 0.0382 - val_trimmed_mse_log_r: 0.0376 - val_full_mae_log_r: 0.0854 - val_full_mse_score: 17.6718 - val_trimmed_mse_score: 0.2392 - val_full_mae_score: 0.3119
Epoch 30/50
364s - loss: 0.6514 - full_cross_entropy: 0.6514 - trimmed_cross_entropy: 0.6413 - full_mse_log_r: 0.0382 - trimmed_mse_log_r: 0.0376 - full_mae_log_r: 0.0865 - full_mse_score: 2.0697 - trimmed_mse_score: 0.2397 - full_mae_score: 0.3062 - val_loss: 0.6530 - val_full_cross_entropy: 0.6530 - val_trimmed_cross_entropy: 0.6428 - val_full_mse_log_r: 0.0377 - val_trimmed_mse_log_r: 0.0371 - val_full_mae_log_r: 0.0847 - val_full_mse_score: 17.6769 - val_trimmed_mse_score: 0.2367 - val_full_mae_score: 0.3108
Epoch 31/50
364s - loss: 0.6514 - full_cross_entropy: 0.6514 - trimmed_cross_entropy: 0.6412 - full_mse_log_r: 0.0378 - trimmed_mse_log_r: 0.0372 - full_mae_log_r: 0.0860 - full_mse_score: 2.0689 - trimmed_mse_score: 0.2417 - full_mae_score: 0.3065 - val_loss: 0.6531 - val_full_cross_entropy: 0.6531 - val_trimmed_cross_entropy: 0.6429 - val_full_mse_log_r: 0.0393 - val_trimmed_mse_log_r: 0.0387 - val_full_mae_log_r: 0.0885 - val_full_mse_score: 17.6645 - val_trimmed_mse_score: 0.2328 - val_full_mae_score: 0.3082
Epoch 32/50
363s - loss: 0.6514 - full_cross_entropy: 0.6514 - trimmed_cross_entropy: 0.6412 - full_mse_log_r: 0.0377 - trimmed_mse_log_r: 0.0371 - full_mae_log_r: 0.0863 - full_mse_score: 2.0645 - trimmed_mse_score: 0.2381 - full_mae_score: 0.3065 - val_loss: 0.6531 - val_full_cross_entropy: 0.6531 - val_trimmed_cross_entropy: 0.6429 - val_full_mse_log_r: 0.0380 - val_trimmed_mse_log_r: 0.0374 - val_full_mae_log_r: 0.0867 - val_full_mse_score: 17.6728 - val_trimmed_mse_score: 0.2351 - val_full_mae_score: 0.3101
Epoch 33/50
364s - loss: 0.6514 - full_cross_entropy: 0.6514 - trimmed_cross_entropy: 0.6412 - full_mse_log_r: 0.0375 - trimmed_mse_log_r: 0.0369 - full_mae_log_r: 0.0860 - full_mse_score: 2.0656 - trimmed_mse_score: 0.2374 - full_mae_score: 0.3074 - val_loss: 0.6531 - val_full_cross_entropy: 0.6531 - val_trimmed_cross_entropy: 0.6429 - val_full_mse_log_r: 0.0380 - val_trimmed_mse_log_r: 0.0374 - val_full_mae_log_r: 0.0852 - val_full_mse_score: 17.6702 - val_trimmed_mse_score: 0.2351 - val_full_mae_score: 0.3110
Epoch 34/50
364s - loss: 0.6513 - full_cross_entropy: 0.6513 - trimmed_cross_entropy: 0.6412 - full_mse_log_r: 0.0376 - trimmed_mse_log_r: 0.0370 - full_mae_log_r: 0.0862 - full_mse_score: 2.0662 - trimmed_mse_score: 0.2375 - full_mae_score: 0.3084 - val_loss: 0.6531 - val_full_cross_entropy: 0.6531 - val_trimmed_cross_entropy: 0.6428 - val_full_mse_log_r: 0.0377 - val_trimmed_mse_log_r: 0.0371 - val_full_mae_log_r: 0.0850 - val_full_mse_score: 17.6621 - val_trimmed_mse_score: 0.2310 - val_full_mae_score: 0.3096
Epoch 35/50
364s - loss: 0.6513 - full_cross_entropy: 0.6513 - trimmed_cross_entropy: 0.6411 - full_mse_log_r: 0.0373 - trimmed_mse_log_r: 0.0367 - full_mae_log_r: 0.0860 - full_mse_score: 2.0662 - trimmed_mse_score: 0.2351 - full_mae_score: 0.3083 - val_loss: 0.6531 - val_full_cross_entropy: 0.6531 - val_trimmed_cross_entropy: 0.6429 - val_full_mse_log_r: 0.0372 - val_trimmed_mse_log_r: 0.0366 - val_full_mae_log_r: 0.0851 - val_full_mse_score: 17.6632 - val_trimmed_mse_score: 0.2348 - val_full_mae_score: 0.3115
Epoch 36/50
364s - loss: 0.6513 - full_cross_entropy: 0.6513 - trimmed_cross_entropy: 0.6411 - full_mse_log_r: 0.0371 - trimmed_mse_log_r: 0.0366 - full_mae_log_r: 0.0861 - full_mse_score: 2.0639 - trimmed_mse_score: 0.2353 - full_mae_score: 0.3085 - val_loss: 0.6531 - val_full_cross_entropy: 0.6531 - val_trimmed_cross_entropy: 0.6429 - val_full_mse_log_r: 0.0375 - val_trimmed_mse_log_r: 0.0369 - val_full_mae_log_r: 0.0853 - val_full_mse_score: 17.6618 - val_trimmed_mse_score: 0.2326 - val_full_mae_score: 0.3107
Epoch 37/50
371s - loss: 0.6513 - full_cross_entropy: 0.6513 - trimmed_cross_entropy: 0.6411 - full_mse_log_r: 0.0371 - trimmed_mse_log_r: 0.0365 - full_mae_log_r: 0.0862 - full_mse_score: 2.0653 - trimmed_mse_score: 0.2383 - full_mae_score: 0.3095 - val_loss: 0.6531 - val_full_cross_entropy: 0.6531 - val_trimmed_cross_entropy: 0.6429 - val_full_mse_log_r: 0.0379 - val_trimmed_mse_log_r: 0.0373 - val_full_mae_log_r: 0.0867 - val_full_mse_score: 17.6640 - val_trimmed_mse_score: 0.2345 - val_full_mae_score: 0.3112
Epoch 38/50
371s - loss: 0.6513 - full_cross_entropy: 0.6513 - trimmed_cross_entropy: 0.6411 - full_mse_log_r: 0.0371 - trimmed_mse_log_r: 0.0366 - full_mae_log_r: 0.0863 - full_mse_score: 2.0659 - trimmed_mse_score: 0.2383 - full_mae_score: 0.3103 - val_loss: 0.6531 - val_full_cross_entropy: 0.6531 - val_trimmed_cross_entropy: 0.6429 - val_full_mse_log_r: 0.0376 - val_trimmed_mse_log_r: 0.0370 - val_full_mae_log_r: 0.0866 - val_full_mse_score: 17.6594 - val_trimmed_mse_score: 0.2341 - val_full_mae_score: 0.3114
Epoch 39/50
370s - loss: 0.6512 - full_cross_entropy: 0.6512 - trimmed_cross_entropy: 0.6411 - full_mse_log_r: 0.0370 - trimmed_mse_log_r: 0.0364 - full_mae_log_r: 0.0863 - full_mse_score: 2.0650 - trimmed_mse_score: 0.2382 - full_mae_score: 0.3100 - val_loss: 0.6531 - val_full_cross_entropy: 0.6531 - val_trimmed_cross_entropy: 0.6429 - val_full_mse_log_r: 0.0377 - val_trimmed_mse_log_r: 0.0371 - val_full_mae_log_r: 0.0877 - val_full_mse_score: 17.6675 - val_trimmed_mse_score: 0.2363 - val_full_mae_score: 0.3136
Epoch 40/50
374s - loss: 0.6512 - full_cross_entropy: 0.6512 - trimmed_cross_entropy: 0.6411 - full_mse_log_r: 0.0370 - trimmed_mse_log_r: 0.0364 - full_mae_log_r: 0.0865 - full_mse_score: 2.0644 - trimmed_mse_score: 0.2407 - full_mae_score: 0.3105 - val_loss: 0.6531 - val_full_cross_entropy: 0.6531 - val_trimmed_cross_entropy: 0.6429 - val_full_mse_log_r: 0.0370 - val_trimmed_mse_log_r: 0.0365 - val_full_mae_log_r: 0.0862 - val_full_mse_score: 17.6707 - val_trimmed_mse_score: 0.2378 - val_full_mae_score: 0.3153
Epoch 41/50
386s - loss: 0.6512 - full_cross_entropy: 0.6512 - trimmed_cross_entropy: 0.6410 - full_mse_log_r: 0.0369 - trimmed_mse_log_r: 0.0364 - full_mae_log_r: 0.0864 - full_mse_score: 2.0640 - trimmed_mse_score: 0.2423 - full_mae_score: 0.3113 - val_loss: 0.6531 - val_full_cross_entropy: 0.6531 - val_trimmed_cross_entropy: 0.6429 - val_full_mse_log_r: 0.0372 - val_trimmed_mse_log_r: 0.0366 - val_full_mae_log_r: 0.0864 - val_full_mse_score: 17.6725 - val_trimmed_mse_score: 0.2396 - val_full_mae_score: 0.3153
Epoch 00040: early stopping
16.03.2018 18:20:16 INFO    Starting evaluation
16.03.2018 18:21:53 INFO    Starting theta 100 / 1017
16.03.2018 18:23:31 INFO    Starting theta 200 / 1017
16.03.2018 18:25:11 INFO    Starting theta 300 / 1017
16.03.2018 18:26:51 INFO    Starting theta 400 / 1017
16.03.2018 18:28:31 INFO    Starting theta 500 / 1017
16.03.2018 18:30:11 INFO    Starting theta 600 / 1017
16.03.2018 18:31:51 INFO    Starting theta 700 / 1017
16.03.2018 18:33:30 INFO    Starting theta 800 / 1017
16.03.2018 18:35:09 INFO    Starting theta 900 / 1017
16.03.2018 18:36:49 INFO    Starting theta 1000 / 1017
16.03.2018 18:37:07 INFO    Evaluation timing: median 0.987104177475 s, mean 0.983894970096 s
16.03.2018 18:37:07 INFO    Starting roaming
16.03.2018 18:37:27 INFO    Starting calibrated evaluation and roaming
16.03.2018 19:45:21 INFO    Starting theta 100 / 1017
16.03.2018 20:52:20 INFO    Starting theta 200 / 1017
16.03.2018 21:59:11 INFO    Starting theta 300 / 1017
16.03.2018 23:06:09 INFO    Starting theta 400 / 1017
17.03.2018 00:13:03 INFO    Starting theta 500 / 1017
17.03.2018 01:19:58 INFO    Starting theta 600 / 1017
17.03.2018 02:26:54 INFO    Starting theta 700 / 1017
17.03.2018 03:33:49 INFO    Starting theta 800 / 1017
17.03.2018 04:40:37 INFO    Starting theta 900 / 1017
17.03.2018 05:47:25 INFO    Starting theta 1000 / 1017
17.03.2018 05:59:27 INFO    Calibrated evaluation timing: median 0.938220024109 s, mean 0.942133715254 s
17.03.2018 05:59:27 INFO    Interpolating calibrated roaming
17.03.2018 06:04:44 INFO    That's it -- have a great day!
