15.03.2018 22:38:49 INFO    Welcome! How are you today?
15.03.2018 22:38:49 INFO    Tasks:
15.03.2018 22:38:49 INFO      Baseline training:                 False
15.03.2018 22:38:49 INFO      Random training:                   False
15.03.2018 22:38:49 INFO      Morphing training:                 False
15.03.2018 22:38:49 INFO      Point-by-point training:           False
15.03.2018 22:38:49 INFO      Calibration:                       False
15.03.2018 22:38:49 INFO      Likelihood ratio eval:             True
15.03.2018 22:38:49 INFO      Neyman construction:               False
15.03.2018 22:38:49 INFO      Neyman construction (alternative): False
15.03.2018 22:38:49 INFO      Neyman construction (alternative): False
15.03.2018 22:38:49 INFO      Roaming:                           False
15.03.2018 22:38:49 INFO    Options:
15.03.2018 22:38:49 INFO      Dry run:                           False
15.03.2018 22:38:49 INFO      Denominator:                       alternative 3
15.03.2018 22:52:05 INFO    Splitting...
15.03.2018 22:52:34 INFO    Number of events:
15.03.2018 22:52:34 INFO      All:    821636
15.03.2018 22:52:34 INFO      Training:    575145
15.03.2018 22:52:34 INFO      Calibration: 82164
15.03.2018 22:52:34 INFO      Evaluation:  164327
15.03.2018 22:52:36 INFO    Normalizing probabilities
15.03.2018 22:53:02 INFO    Generating likelihood ratio evaluation sample
generate_data.py:644: RuntimeWarning: divide by zero encountered in log
  cut = np.all(np.isfinite(np.log(r[:, :])) & np.isfinite(scores[:, :, 0]) & np.isfinite(scores[:, :, 1]),
15.03.2018 23:16:41 INFO    Done!
