Using TensorFlow backend.
16.03.2018 14:10:00 INFO    Hi! How are you today?
16.03.2018 14:10:00 INFO    Startup options:
16.03.2018 14:10:00 INFO      Algorithm:                     combined
16.03.2018 14:10:00 INFO      Point by point:                False
16.03.2018 14:10:00 INFO      Morphing-aware mode:           False
16.03.2018 14:10:00 INFO      Smeared data:                  False
16.03.2018 14:10:00 INFO      Training sample:               baseline
16.03.2018 14:10:00 INFO      alpha:                         None
16.03.2018 14:10:00 INFO      Histogram / AFC X indices:     [1, 38, 39, 40, 41]
16.03.2018 14:10:00 INFO      AFC epsilon:                   None
16.03.2018 14:10:00 INFO      Denominator theta:             False
16.03.2018 14:10:00 INFO      Neyman construction toys:      2
16.03.2018 14:10:00 INFO      Other options:                 ['deep']
16.03.2018 14:10:00 INFO      Base directory:                /home/jb6504/higgs_inference
16.03.2018 14:10:00 INFO      ML-based strategies available: True
16.03.2018 14:10:00 INFO    Starting parameterized inference
16.03.2018 14:10:00 INFO    Main settings:
16.03.2018 14:10:00 INFO      Algorithm:                combined
16.03.2018 14:10:00 INFO      Morphing-aware:           False
16.03.2018 14:10:00 INFO      Training sample:          baseline
16.03.2018 14:10:00 INFO      Denominator theta:        denominator 2 = theta 602 = [ 0.17260281 -0.00262031]
16.03.2018 14:10:00 INFO    Options:
16.03.2018 14:10:00 INFO      Number of hidden layers:  5
16.03.2018 14:10:00 INFO      alpha:                    5.0
16.03.2018 14:10:00 INFO      Batch size:               128
16.03.2018 14:10:00 INFO      Learning rate:            0.001
16.03.2018 14:10:00 INFO      Learning rate decay:      0.0921034037198
16.03.2018 14:10:00 INFO      Number of epochs:         50
16.03.2018 14:10:00 INFO      NC experiments:           False
16.03.2018 14:10:00 INFO      Debug mode:               False
16.03.2018 14:10:24 INFO    Starting training
Train on 7999996 samples, validate on 2000000 samples
2018-03-16 14:10:25.355483: W tensorflow/core/platform/cpu_feature_guard.cc:45] The TensorFlow library wasn't compiled to use SSE4.1 instructions, but these are available on your machine and could speed up CPU computations.
2018-03-16 14:10:25.355790: W tensorflow/core/platform/cpu_feature_guard.cc:45] The TensorFlow library wasn't compiled to use SSE4.2 instructions, but these are available on your machine and could speed up CPU computations.
2018-03-16 14:10:25.355798: W tensorflow/core/platform/cpu_feature_guard.cc:45] The TensorFlow library wasn't compiled to use AVX instructions, but these are available on your machine and could speed up CPU computations.
2018-03-16 14:10:25.355802: W tensorflow/core/platform/cpu_feature_guard.cc:45] The TensorFlow library wasn't compiled to use AVX2 instructions, but these are available on your machine and could speed up CPU computations.
2018-03-16 14:10:25.355807: W tensorflow/core/platform/cpu_feature_guard.cc:45] The TensorFlow library wasn't compiled to use FMA instructions, but these are available on your machine and could speed up CPU computations.
2018-03-16 14:10:25.669995: I tensorflow/core/common_runtime/gpu/gpu_device.cc:940] Found device 0 with properties: 
name: Tesla P40
major: 6 minor: 1 memoryClockRate (GHz) 1.531
pciBusID 0000:04:00.0
Total memory: 22.38GiB
Free memory: 22.21GiB
2018-03-16 14:10:25.670033: I tensorflow/core/common_runtime/gpu/gpu_device.cc:961] DMA: 0 
2018-03-16 14:10:25.670039: I tensorflow/core/common_runtime/gpu/gpu_device.cc:971] 0:   Y 
2018-03-16 14:10:25.670048: I tensorflow/core/common_runtime/gpu/gpu_device.cc:1030] Creating TensorFlow device (/gpu:0) -> (device: 0, name: Tesla P40, pci bus id: 0000:04:00.0)
Epoch 1/50
518s - loss: 0.8868 - full_cross_entropy: 0.6638 - trimmed_cross_entropy: 0.6535 - full_mse_log_r: 0.1203 - trimmed_mse_log_r: 0.1184 - full_mae_log_r: 0.1758 - full_mse_score: 3.7592 - trimmed_mse_score: 0.1609 - full_mae_score: 0.1589 - val_loss: 0.8100 - val_full_cross_entropy: 0.6613 - val_trimmed_cross_entropy: 0.6510 - val_full_mse_log_r: 0.0822 - val_trimmed_mse_log_r: 0.0809 - val_full_mae_log_r: 0.1315 - val_full_mse_score: 2.2528 - val_trimmed_mse_score: 0.1202 - val_full_mae_score: 0.1313
Epoch 2/50
