Using TensorFlow backend.
19.02.2018 07:19:50 INFO    Hi! How are you today?
19.02.2018 07:19:50 INFO    Startup options:
19.02.2018 07:19:50 INFO      Algorithm:                     afc
19.02.2018 07:19:50 INFO      Point by point:                False
19.02.2018 07:19:50 INFO      Morphing-aware mode:           False
19.02.2018 07:19:50 INFO      Smeared data:                  False
19.02.2018 07:19:50 INFO      Training sample:               baseline
19.02.2018 07:19:50 INFO      AFC X indices:                 [1, 38, 39, 40, 41]
19.02.2018 07:19:50 INFO      alpha:                         None
19.02.2018 07:19:50 INFO      AFC epsilon:                   0.05
19.02.2018 07:19:50 INFO      Neyman construction toys:      False
19.02.2018 07:19:50 INFO      Other options:                 
19.02.2018 07:19:50 INFO      Base directory:                /home/jb6504/higgs_inference
19.02.2018 07:19:50 INFO      ML-based strategies available: False
19.02.2018 07:19:50 INFO    Starting AFC inference
19.02.2018 07:19:50 INFO    Settings:
19.02.2018 07:19:50 INFO      Statistics:              x [1, 38, 39, 40, 41]
19.02.2018 07:19:50 INFO      Epsilon (bandwidth):     0.05
19.02.2018 07:19:50 INFO      Kernel:                  gaussian
19.02.2018 07:19:51 INFO    Starting theta 1/100: number 0 ([ 0.  0.])
19.02.2018 07:19:58 INFO    Starting theta 2/100: number 13 ([-1. -1.])
19.02.2018 07:20:08 INFO    Starting theta 3/100: number 14 ([-1.  1.])
19.02.2018 07:20:16 INFO    Starting theta 4/100: number 15 ([ 1. -1.])
19.02.2018 07:20:24 INFO    Starting theta 5/100: number 16 ([ 1.  1.])
19.02.2018 07:20:33 INFO    Starting theta 6/100: number 9 ([-0.5 -0.5])
19.02.2018 07:20:41 INFO    Starting theta 7/100: number 422 ([-0.19238158 -0.59962178])
19.02.2018 07:20:49 INFO    Starting theta 8/100: number 956 ([ 0.89009995 -0.46538046])
19.02.2018 07:20:57 INFO    Starting theta 9/100: number 666 ([ 0.30761222  0.31321016])
19.02.2018 07:21:05 INFO    Starting theta 10/100: number 802 ([ 0.57114539 -0.53482071])
19.02.2018 07:21:12 INFO    Starting theta 11/100: number 675 ([ 0.32337198 -0.34480615])
19.02.2018 07:21:20 INFO    Starting theta 12/100: number 839 ([ 0.64589677  0.55027312])
19.02.2018 07:21:27 INFO    Starting theta 13/100: number 699 ([ 0.36795424  0.28437234])
19.02.2018 07:21:35 INFO    Starting theta 14/100: number 820 ([ 0.60259509 -0.25412776])
19.02.2018 07:21:44 INFO    Starting theta 15/100: number 203 ([-0.61645122 -0.16986252])
19.02.2018 07:21:52 INFO    Starting theta 16/100: number 291 ([-0.44794652 -0.29910012])
19.02.2018 07:22:00 INFO    Starting theta 17/100: number 634 ([ 0.24693496 -0.77942393])
19.02.2018 07:22:08 INFO    Starting theta 18/100: number 371 ([-0.2996083   0.60243551])
19.02.2018 07:22:16 INFO    Starting theta 19/100: number 973 ([ 0.93200575 -0.74254176])
19.02.2018 07:22:24 INFO    Starting theta 20/100: number 742 ([ 0.45658682 -0.71556256])
19.02.2018 07:22:32 INFO    Starting theta 21/100: number 901 ([ 0.76761916  0.18918917])
19.02.2018 07:22:41 INFO    Starting theta 22/100: number 181 ([-0.67220747  0.99327244])
19.02.2018 07:22:49 INFO    Starting theta 23/100: number 82 ([-0.86582211  0.18873229])
19.02.2018 07:22:58 INFO    Starting theta 24/100: number 937 ([ 0.84175328  0.06646314])
19.02.2018 07:23:06 INFO    Starting theta 25/100: number 510 ([-0.02257083 -0.17754257])
19.02.2018 07:23:14 INFO    Starting theta 26/100: number 919 ([ 0.80563564 -0.3828255 ])
19.02.2018 07:23:22 INFO    Starting theta 27/100: number 745 ([ 0.45758533  0.23764021])
19.02.2018 07:23:30 INFO    Starting theta 28/100: number 588 ([ 0.14532057 -0.99903057])
19.02.2018 07:23:38 INFO    Starting theta 29/100: number 804 ([ 0.57747224  0.07115072])
19.02.2018 07:23:45 INFO    Starting theta 30/100: number 963 ([ 0.90819175 -0.62237577])
19.02.2018 07:23:53 INFO    Starting theta 31/100: number 396 ([-0.24354882  0.89907487])
19.02.2018 07:24:01 INFO    Starting theta 32/100: number 62 ([-0.91016569  0.09832916])
19.02.2018 07:24:09 INFO    Starting theta 33/100: number 401 ([-0.23817276  0.51270026])
19.02.2018 07:24:16 INFO    Starting theta 34/100: number 925 ([ 0.81840142 -0.15652572])
19.02.2018 07:24:24 INFO    Starting theta 35/100: number 874 ([ 0.70345114 -0.82047772])
19.02.2018 07:24:32 INFO    Starting theta 36/100: number 770 ([ 0.51044067 -0.52312918])
19.02.2018 07:24:40 INFO    Starting theta 37/100: number 108 ([-0.81715907  0.17467073])
19.02.2018 07:24:48 INFO    Starting theta 38/100: number 179 ([-0.67350217  0.25822043])
19.02.2018 07:24:57 INFO    Starting theta 39/100: number 669 ([ 0.31134279 -0.91513634])
19.02.2018 07:25:05 INFO    Starting theta 40/100: number 758 ([ 0.48555393  0.60272842])
19.02.2018 07:25:13 INFO    Starting theta 41/100: number 113 ([-0.81090693 -0.35089443])
19.02.2018 07:25:22 INFO    Starting theta 42/100: number 587 ([ 0.14343539 -0.40035765])
19.02.2018 07:25:30 INFO    Starting theta 43/100: number 600 ([ 0.16780437 -0.66065983])
19.02.2018 07:25:38 INFO    Starting theta 44/100: number 975 ([ 0.93334999 -0.05006023])
19.02.2018 07:25:47 INFO    Starting theta 45/100: number 496 ([-0.05130633 -0.92036265])
19.02.2018 07:25:55 INFO    Starting theta 46/100: number 66 ([-0.89913448 -0.075021  ])
19.02.2018 07:26:04 INFO    Starting theta 47/100: number 467 ([-0.09097912  0.32569428])
19.02.2018 07:26:11 INFO    Starting theta 48/100: number 412 ([-0.21229369  0.15277015])
19.02.2018 07:26:19 INFO    Starting theta 49/100: number 701 ([ 0.37293732  0.80702849])
19.02.2018 07:26:27 INFO    Starting theta 50/100: number 986 ([ 0.95088094  0.05214484])
19.02.2018 07:26:35 INFO    Starting theta 51/100: number 598 ([ 0.16578311 -0.09655258])
19.02.2018 07:26:42 INFO    Starting theta 52/100: number 810 ([ 0.58481973 -0.20571565])
19.02.2018 07:26:49 INFO    Starting theta 53/100: number 97 ([-0.83949827 -0.85622854])
19.02.2018 07:26:58 INFO    Starting theta 54/100: number 18 ([-0.99849038  0.13674514])
19.02.2018 07:27:07 INFO    Starting theta 55/100: number 723 ([ 0.42313754  0.04817991])
19.02.2018 07:27:14 INFO    Starting theta 56/100: number 159 ([-0.72275143  0.26484372])
19.02.2018 07:27:23 INFO    Starting theta 57/100: number 320 ([-0.39025216  0.89762413])
19.02.2018 07:27:31 INFO    Starting theta 58/100: number 301 ([-0.42496479 -0.29929615])
19.02.2018 07:27:39 INFO    Starting theta 59/100: number 352 ([-0.33117606 -0.06437794])
19.02.2018 07:27:48 INFO    Starting theta 60/100: number 159 ([-0.72275143  0.26484372])
19.02.2018 07:27:56 INFO    Starting theta 61/100: number 89 ([-0.852803    0.39758022])
19.02.2018 07:28:05 INFO    Starting theta 62/100: number 421 ([-0.19372397 -0.5487683 ])
19.02.2018 07:28:13 INFO    Starting theta 63/100: number 574 ([ 0.12059293  0.25501418])
19.02.2018 07:28:21 INFO    Starting theta 64/100: number 923 ([ 0.81364542  0.67663973])
19.02.2018 07:28:30 INFO    Starting theta 65/100: number 849 ([ 0.6583114   0.73535462])
19.02.2018 07:28:38 INFO    Starting theta 66/100: number 299 ([-0.43548471  0.24506174])
19.02.2018 07:28:46 INFO    Starting theta 67/100: number 119 ([-0.80217018 -0.19137665])
19.02.2018 07:28:55 INFO    Starting theta 68/100: number 167 ([-0.70631846 -0.18913046])
19.02.2018 07:29:03 INFO    Starting theta 69/100: number 939 ([ 0.84561864 -0.65874341])
19.02.2018 07:29:11 INFO    Starting theta 70/100: number 402 ([-0.23381329 -0.74778958])
19.02.2018 07:29:19 INFO    Starting theta 71/100: number 52 ([-0.92568077  0.24722516])
19.02.2018 07:29:27 INFO    Starting theta 72/100: number 787 ([ 0.54418497  0.30320758])
19.02.2018 07:29:35 INFO    Starting theta 73/100: number 978 ([ 0.9400757   0.37123973])
19.02.2018 07:29:43 INFO    Starting theta 74/100: number 41 ([-0.9466884  -0.84207419])
19.02.2018 07:29:52 INFO    Starting theta 75/100: number 873 ([ 0.70219015 -0.19960724])
19.02.2018 07:29:59 INFO    Starting theta 76/100: number 533 ([ 0.0176752  0.4110256])
19.02.2018 07:30:07 INFO    Starting theta 77/100: number 827 ([ 0.62406481 -0.33833102])
19.02.2018 07:30:15 INFO    Starting theta 78/100: number 304 ([-0.42112069 -0.83328775])
19.02.2018 07:30:24 INFO    Starting theta 79/100: number 294 ([-0.44383773  0.33528586])
19.02.2018 07:30:32 INFO    Starting theta 80/100: number 760 ([ 0.49108963 -0.17051546])
19.02.2018 07:30:40 INFO    Starting theta 81/100: number 890 ([ 0.74368597  0.764742  ])
19.02.2018 07:30:48 INFO    Starting theta 82/100: number 539 ([ 0.02611736  0.48536552])
19.02.2018 07:30:56 INFO    Starting theta 83/100: number 1000 ([ 0.97310957 -0.81263698])
19.02.2018 07:31:04 INFO    Starting theta 84/100: number 291 ([-0.44794652 -0.29910012])
19.02.2018 07:31:13 INFO    Starting theta 85/100: number 740 ([ 0.45098284 -0.09648431])
19.02.2018 07:31:21 INFO    Starting theta 86/100: number 276 ([-0.4640355  -0.39998652])
19.02.2018 07:31:29 INFO    Starting theta 87/100: number 679 ([ 0.33068993 -0.75125927])
19.02.2018 07:31:37 INFO    Starting theta 88/100: number 167 ([-0.70631846 -0.18913046])
19.02.2018 07:31:45 INFO    Starting theta 89/100: number 125 ([-0.7910712  -0.98769884])
19.02.2018 07:31:54 INFO    Starting theta 90/100: number 429 ([-0.17418656 -0.37102219])
19.02.2018 07:32:01 INFO    Starting theta 91/100: number 149 ([-0.73726809 -0.38348788])
19.02.2018 07:32:10 INFO    Starting theta 92/100: number 430 ([-0.16930044  0.22814164])
19.02.2018 07:32:17 INFO    Starting theta 93/100: number 720 ([ 0.41602256 -0.1168588 ])
19.02.2018 07:32:25 INFO    Starting theta 94/100: number 123 ([-0.79179407  0.72243203])
19.02.2018 07:32:33 INFO    Starting theta 95/100: number 908 ([ 0.77844761  0.32603028])
19.02.2018 07:32:41 INFO    Starting theta 96/100: number 256 ([-0.50703066 -0.72121867])
19.02.2018 07:32:49 INFO    Starting theta 97/100: number 777 ([ 0.52377237  0.01987936])
19.02.2018 07:32:57 INFO    Starting theta 98/100: number 809 ([ 0.58338739 -0.68531326])
19.02.2018 07:33:05 INFO    Starting theta 99/100: number 269 ([-0.48969042 -0.23040933])
19.02.2018 07:33:14 INFO    Starting theta 100/100: number 851 ([ 0.66684741 -0.33464755])
19.02.2018 07:33:22 INFO    Interpolation
19.02.2018 07:33:22 INFO    That's it -- have a great day!
Using TensorFlow backend.
19.02.2018 07:33:23 INFO    Hi! How are you today?
19.02.2018 07:33:23 INFO    Startup options:
19.02.2018 07:33:23 INFO      Algorithm:                     afc
19.02.2018 07:33:23 INFO      Point by point:                False
19.02.2018 07:33:23 INFO      Morphing-aware mode:           False
19.02.2018 07:33:23 INFO      Smeared data:                  False
19.02.2018 07:33:23 INFO      Training sample:               baseline
19.02.2018 07:33:23 INFO      AFC X indices:                 [1, 38, 39, 40, 41]
19.02.2018 07:33:23 INFO      alpha:                         None
19.02.2018 07:33:23 INFO      AFC epsilon:                   0.02
19.02.2018 07:33:23 INFO      Neyman construction toys:      False
19.02.2018 07:33:23 INFO      Other options:                 
19.02.2018 07:33:23 INFO      Base directory:                /home/jb6504/higgs_inference
19.02.2018 07:33:23 INFO      ML-based strategies available: False
19.02.2018 07:33:23 INFO    Starting AFC inference
19.02.2018 07:33:23 INFO    Settings:
19.02.2018 07:33:23 INFO      Statistics:              x [1, 38, 39, 40, 41]
19.02.2018 07:33:23 INFO      Epsilon (bandwidth):     0.02
19.02.2018 07:33:23 INFO      Kernel:                  gaussian
19.02.2018 07:33:23 INFO    Starting theta 1/100: number 0 ([ 0.  0.])
19.02.2018 07:33:27 INFO    Starting theta 2/100: number 13 ([-1. -1.])
19.02.2018 07:33:31 INFO    Starting theta 3/100: number 14 ([-1.  1.])
19.02.2018 07:33:35 INFO    Starting theta 4/100: number 15 ([ 1. -1.])
19.02.2018 07:33:39 INFO    Starting theta 5/100: number 16 ([ 1.  1.])
19.02.2018 07:33:43 INFO    Starting theta 6/100: number 9 ([-0.5 -0.5])
/home/jb6504/higgs_inference/higgs_inference/strategies/afc.py:168: RuntimeWarning: overflow encountered in exp
  np.save(results_dir + '/r_nottrained_afc' + filename_addition + '.npy', np.exp(log_r_hat_test))
19.02.2018 07:33:47 INFO    Starting theta 7/100: number 422 ([-0.19238158 -0.59962178])
/home/jb6504/higgs_inference/higgs_inference/strategies/afc.py:170: RuntimeWarning: overflow encountered in exp
  np.save(results_dir + '/r_trained_afc' + filename_addition + '.npy', np.exp(log_r_hat_test))
19.02.2018 07:33:51 INFO    Starting theta 8/100: number 956 ([ 0.89009995 -0.46538046])
19.02.2018 07:33:55 INFO    Starting theta 9/100: number 666 ([ 0.30761222  0.31321016])
19.02.2018 07:33:59 INFO    Starting theta 10/100: number 802 ([ 0.57114539 -0.53482071])
19.02.2018 07:34:03 INFO    Starting theta 11/100: number 675 ([ 0.32337198 -0.34480615])
19.02.2018 07:34:06 INFO    Starting theta 12/100: number 839 ([ 0.64589677  0.55027312])
19.02.2018 07:34:10 INFO    Starting theta 13/100: number 699 ([ 0.36795424  0.28437234])
19.02.2018 07:34:14 INFO    Starting theta 14/100: number 820 ([ 0.60259509 -0.25412776])
19.02.2018 07:34:18 INFO    Starting theta 15/100: number 203 ([-0.61645122 -0.16986252])
19.02.2018 07:34:22 INFO    Starting theta 16/100: number 291 ([-0.44794652 -0.29910012])
19.02.2018 07:34:26 INFO    Starting theta 17/100: number 634 ([ 0.24693496 -0.77942393])
19.02.2018 07:34:29 INFO    Starting theta 18/100: number 371 ([-0.2996083   0.60243551])
19.02.2018 07:34:33 INFO    Starting theta 19/100: number 973 ([ 0.93200575 -0.74254176])
19.02.2018 07:34:37 INFO    Starting theta 20/100: number 742 ([ 0.45658682 -0.71556256])
19.02.2018 07:34:40 INFO    Starting theta 21/100: number 901 ([ 0.76761916  0.18918917])
19.02.2018 07:34:44 INFO    Starting theta 22/100: number 181 ([-0.67220747  0.99327244])
19.02.2018 07:34:48 INFO    Starting theta 23/100: number 82 ([-0.86582211  0.18873229])
19.02.2018 07:34:51 INFO    Starting theta 24/100: number 937 ([ 0.84175328  0.06646314])
19.02.2018 07:34:55 INFO    Starting theta 25/100: number 510 ([-0.02257083 -0.17754257])
19.02.2018 07:34:59 INFO    Starting theta 26/100: number 919 ([ 0.80563564 -0.3828255 ])
19.02.2018 07:35:03 INFO    Starting theta 27/100: number 745 ([ 0.45758533  0.23764021])
19.02.2018 07:35:06 INFO    Starting theta 28/100: number 588 ([ 0.14532057 -0.99903057])
19.02.2018 07:35:10 INFO    Starting theta 29/100: number 804 ([ 0.57747224  0.07115072])
19.02.2018 07:35:14 INFO    Starting theta 30/100: number 963 ([ 0.90819175 -0.62237577])
19.02.2018 07:35:18 INFO    Starting theta 31/100: number 396 ([-0.24354882  0.89907487])
19.02.2018 07:35:21 INFO    Starting theta 32/100: number 62 ([-0.91016569  0.09832916])
19.02.2018 07:35:25 INFO    Starting theta 33/100: number 401 ([-0.23817276  0.51270026])
19.02.2018 07:35:29 INFO    Starting theta 34/100: number 925 ([ 0.81840142 -0.15652572])
19.02.2018 07:35:33 INFO    Starting theta 35/100: number 874 ([ 0.70345114 -0.82047772])
19.02.2018 07:35:37 INFO    Starting theta 36/100: number 770 ([ 0.51044067 -0.52312918])
19.02.2018 07:35:41 INFO    Starting theta 37/100: number 108 ([-0.81715907  0.17467073])
19.02.2018 07:35:45 INFO    Starting theta 38/100: number 179 ([-0.67350217  0.25822043])
19.02.2018 07:35:49 INFO    Starting theta 39/100: number 669 ([ 0.31134279 -0.91513634])
19.02.2018 07:35:53 INFO    Starting theta 40/100: number 758 ([ 0.48555393  0.60272842])
19.02.2018 07:35:57 INFO    Starting theta 41/100: number 113 ([-0.81090693 -0.35089443])
19.02.2018 07:36:02 INFO    Starting theta 42/100: number 587 ([ 0.14343539 -0.40035765])
19.02.2018 07:36:05 INFO    Starting theta 43/100: number 600 ([ 0.16780437 -0.66065983])
19.02.2018 07:36:09 INFO    Starting theta 44/100: number 975 ([ 0.93334999 -0.05006023])
19.02.2018 07:36:13 INFO    Starting theta 45/100: number 496 ([-0.05130633 -0.92036265])
19.02.2018 07:36:17 INFO    Starting theta 46/100: number 66 ([-0.89913448 -0.075021  ])
19.02.2018 07:36:21 INFO    Starting theta 47/100: number 467 ([-0.09097912  0.32569428])
19.02.2018 07:36:25 INFO    Starting theta 48/100: number 412 ([-0.21229369  0.15277015])
19.02.2018 07:36:29 INFO    Starting theta 49/100: number 701 ([ 0.37293732  0.80702849])
19.02.2018 07:36:33 INFO    Starting theta 50/100: number 986 ([ 0.95088094  0.05214484])
19.02.2018 07:36:37 INFO    Starting theta 51/100: number 598 ([ 0.16578311 -0.09655258])
19.02.2018 07:36:41 INFO    Starting theta 52/100: number 810 ([ 0.58481973 -0.20571565])
19.02.2018 07:36:45 INFO    Starting theta 53/100: number 97 ([-0.83949827 -0.85622854])
19.02.2018 07:36:49 INFO    Starting theta 54/100: number 18 ([-0.99849038  0.13674514])
19.02.2018 07:36:53 INFO    Starting theta 55/100: number 723 ([ 0.42313754  0.04817991])
19.02.2018 07:36:57 INFO    Starting theta 56/100: number 159 ([-0.72275143  0.26484372])
19.02.2018 07:37:01 INFO    Starting theta 57/100: number 320 ([-0.39025216  0.89762413])
19.02.2018 07:37:04 INFO    Starting theta 58/100: number 301 ([-0.42496479 -0.29929615])
19.02.2018 07:37:08 INFO    Starting theta 59/100: number 352 ([-0.33117606 -0.06437794])
19.02.2018 07:37:12 INFO    Starting theta 60/100: number 159 ([-0.72275143  0.26484372])
19.02.2018 07:37:16 INFO    Starting theta 61/100: number 89 ([-0.852803    0.39758022])
19.02.2018 07:37:20 INFO    Starting theta 62/100: number 421 ([-0.19372397 -0.5487683 ])
19.02.2018 07:37:23 INFO    Starting theta 63/100: number 574 ([ 0.12059293  0.25501418])
19.02.2018 07:37:27 INFO    Starting theta 64/100: number 923 ([ 0.81364542  0.67663973])
19.02.2018 07:37:30 INFO    Starting theta 65/100: number 849 ([ 0.6583114   0.73535462])
19.02.2018 07:37:34 INFO    Starting theta 66/100: number 299 ([-0.43548471  0.24506174])
19.02.2018 07:37:38 INFO    Starting theta 67/100: number 119 ([-0.80217018 -0.19137665])
19.02.2018 07:37:42 INFO    Starting theta 68/100: number 167 ([-0.70631846 -0.18913046])
19.02.2018 07:37:46 INFO    Starting theta 69/100: number 939 ([ 0.84561864 -0.65874341])
19.02.2018 07:37:50 INFO    Starting theta 70/100: number 402 ([-0.23381329 -0.74778958])
19.02.2018 07:37:54 INFO    Starting theta 71/100: number 52 ([-0.92568077  0.24722516])
19.02.2018 07:37:58 INFO    Starting theta 72/100: number 787 ([ 0.54418497  0.30320758])
19.02.2018 07:38:01 INFO    Starting theta 73/100: number 978 ([ 0.9400757   0.37123973])
19.02.2018 07:38:05 INFO    Starting theta 74/100: number 41 ([-0.9466884  -0.84207419])
19.02.2018 07:38:10 INFO    Starting theta 75/100: number 873 ([ 0.70219015 -0.19960724])
19.02.2018 07:38:14 INFO    Starting theta 76/100: number 533 ([ 0.0176752  0.4110256])
19.02.2018 07:38:17 INFO    Starting theta 77/100: number 827 ([ 0.62406481 -0.33833102])
19.02.2018 07:38:21 INFO    Starting theta 78/100: number 304 ([-0.42112069 -0.83328775])
19.02.2018 07:38:25 INFO    Starting theta 79/100: number 294 ([-0.44383773  0.33528586])
19.02.2018 07:38:29 INFO    Starting theta 80/100: number 760 ([ 0.49108963 -0.17051546])
19.02.2018 07:38:33 INFO    Starting theta 81/100: number 890 ([ 0.74368597  0.764742  ])
19.02.2018 07:38:37 INFO    Starting theta 82/100: number 539 ([ 0.02611736  0.48536552])
19.02.2018 07:38:41 INFO    Starting theta 83/100: number 1000 ([ 0.97310957 -0.81263698])
19.02.2018 07:38:45 INFO    Starting theta 84/100: number 291 ([-0.44794652 -0.29910012])
19.02.2018 07:38:49 INFO    Starting theta 85/100: number 740 ([ 0.45098284 -0.09648431])
19.02.2018 07:38:53 INFO    Starting theta 86/100: number 276 ([-0.4640355  -0.39998652])
19.02.2018 07:38:57 INFO    Starting theta 87/100: number 679 ([ 0.33068993 -0.75125927])
19.02.2018 07:39:01 INFO    Starting theta 88/100: number 167 ([-0.70631846 -0.18913046])
19.02.2018 07:39:05 INFO    Starting theta 89/100: number 125 ([-0.7910712  -0.98769884])
19.02.2018 07:39:10 INFO    Starting theta 90/100: number 429 ([-0.17418656 -0.37102219])
19.02.2018 07:39:13 INFO    Starting theta 91/100: number 149 ([-0.73726809 -0.38348788])
19.02.2018 07:39:18 INFO    Starting theta 92/100: number 430 ([-0.16930044  0.22814164])
19.02.2018 07:39:21 INFO    Starting theta 93/100: number 720 ([ 0.41602256 -0.1168588 ])
19.02.2018 07:39:25 INFO    Starting theta 94/100: number 123 ([-0.79179407  0.72243203])
19.02.2018 07:39:29 INFO    Starting theta 95/100: number 908 ([ 0.77844761  0.32603028])
19.02.2018 07:39:33 INFO    Starting theta 96/100: number 256 ([-0.50703066 -0.72121867])
19.02.2018 07:39:37 INFO    Starting theta 97/100: number 777 ([ 0.52377237  0.01987936])
19.02.2018 07:39:41 INFO    Starting theta 98/100: number 809 ([ 0.58338739 -0.68531326])
19.02.2018 07:39:44 INFO    Starting theta 99/100: number 269 ([-0.48969042 -0.23040933])
19.02.2018 07:39:48 INFO    Starting theta 100/100: number 851 ([ 0.66684741 -0.33464755])
19.02.2018 07:39:52 INFO    Interpolation
19.02.2018 07:39:52 INFO    That's it -- have a great day!
Using TensorFlow backend.
19.02.2018 07:39:53 INFO    Hi! How are you today?
19.02.2018 07:39:53 INFO    Startup options:
19.02.2018 07:39:53 INFO      Algorithm:                     afc
19.02.2018 07:39:53 INFO      Point by point:                False
19.02.2018 07:39:53 INFO      Morphing-aware mode:           False
19.02.2018 07:39:53 INFO      Smeared data:                  False
19.02.2018 07:39:53 INFO      Training sample:               baseline
19.02.2018 07:39:53 INFO      AFC X indices:                 [1, 38, 39, 40, 41]
19.02.2018 07:39:53 INFO      alpha:                         None
19.02.2018 07:39:53 INFO      AFC epsilon:                   0.01
19.02.2018 07:39:53 INFO      Neyman construction toys:      False
19.02.2018 07:39:53 INFO      Other options:                 
19.02.2018 07:39:53 INFO      Base directory:                /home/jb6504/higgs_inference
19.02.2018 07:39:53 INFO      ML-based strategies available: False
19.02.2018 07:39:53 INFO    Starting AFC inference
19.02.2018 07:39:53 INFO    Settings:
19.02.2018 07:39:53 INFO      Statistics:              x [1, 38, 39, 40, 41]
19.02.2018 07:39:53 INFO      Epsilon (bandwidth):     0.01
19.02.2018 07:39:53 INFO      Kernel:                  gaussian
19.02.2018 07:39:53 INFO    Starting theta 1/100: number 0 ([ 0.  0.])
19.02.2018 07:39:55 INFO    Starting theta 2/100: number 13 ([-1. -1.])
19.02.2018 07:39:58 INFO    Starting theta 3/100: number 14 ([-1.  1.])
19.02.2018 07:40:01 INFO    Starting theta 4/100: number 15 ([ 1. -1.])
19.02.2018 07:40:04 INFO    Starting theta 5/100: number 16 ([ 1.  1.])
19.02.2018 07:40:06 INFO    Starting theta 6/100: number 9 ([-0.5 -0.5])
/home/jb6504/higgs_inference/higgs_inference/strategies/afc.py:168: RuntimeWarning: overflow encountered in exp
  np.save(results_dir + '/r_nottrained_afc' + filename_addition + '.npy', np.exp(log_r_hat_test))
19.02.2018 07:40:09 INFO    Starting theta 7/100: number 422 ([-0.19238158 -0.59962178])
/home/jb6504/higgs_inference/higgs_inference/strategies/afc.py:170: RuntimeWarning: overflow encountered in exp
  np.save(results_dir + '/r_trained_afc' + filename_addition + '.npy', np.exp(log_r_hat_test))
19.02.2018 07:40:12 INFO    Starting theta 8/100: number 956 ([ 0.89009995 -0.46538046])
19.02.2018 07:40:15 INFO    Starting theta 9/100: number 666 ([ 0.30761222  0.31321016])
19.02.2018 07:40:17 INFO    Starting theta 10/100: number 802 ([ 0.57114539 -0.53482071])
19.02.2018 07:40:20 INFO    Starting theta 11/100: number 675 ([ 0.32337198 -0.34480615])
19.02.2018 07:40:23 INFO    Starting theta 12/100: number 839 ([ 0.64589677  0.55027312])
19.02.2018 07:40:26 INFO    Starting theta 13/100: number 699 ([ 0.36795424  0.28437234])
19.02.2018 07:40:29 INFO    Starting theta 14/100: number 820 ([ 0.60259509 -0.25412776])
19.02.2018 07:40:31 INFO    Starting theta 15/100: number 203 ([-0.61645122 -0.16986252])
19.02.2018 07:40:34 INFO    Starting theta 16/100: number 291 ([-0.44794652 -0.29910012])
19.02.2018 07:40:37 INFO    Starting theta 17/100: number 634 ([ 0.24693496 -0.77942393])
19.02.2018 07:40:40 INFO    Starting theta 18/100: number 371 ([-0.2996083   0.60243551])
19.02.2018 07:40:43 INFO    Starting theta 19/100: number 973 ([ 0.93200575 -0.74254176])
19.02.2018 07:40:46 INFO    Starting theta 20/100: number 742 ([ 0.45658682 -0.71556256])
19.02.2018 07:40:48 INFO    Starting theta 21/100: number 901 ([ 0.76761916  0.18918917])
19.02.2018 07:40:51 INFO    Starting theta 22/100: number 181 ([-0.67220747  0.99327244])
19.02.2018 07:40:54 INFO    Starting theta 23/100: number 82 ([-0.86582211  0.18873229])
19.02.2018 07:40:57 INFO    Starting theta 24/100: number 937 ([ 0.84175328  0.06646314])
19.02.2018 07:41:00 INFO    Starting theta 25/100: number 510 ([-0.02257083 -0.17754257])
19.02.2018 07:41:03 INFO    Starting theta 26/100: number 919 ([ 0.80563564 -0.3828255 ])
19.02.2018 07:41:06 INFO    Starting theta 27/100: number 745 ([ 0.45758533  0.23764021])
19.02.2018 07:41:09 INFO    Starting theta 28/100: number 588 ([ 0.14532057 -0.99903057])
19.02.2018 07:41:12 INFO    Starting theta 29/100: number 804 ([ 0.57747224  0.07115072])
19.02.2018 07:41:15 INFO    Starting theta 30/100: number 963 ([ 0.90819175 -0.62237577])
19.02.2018 07:41:18 INFO    Starting theta 31/100: number 396 ([-0.24354882  0.89907487])
19.02.2018 07:41:21 INFO    Starting theta 32/100: number 62 ([-0.91016569  0.09832916])
19.02.2018 07:41:24 INFO    Starting theta 33/100: number 401 ([-0.23817276  0.51270026])
19.02.2018 07:41:26 INFO    Starting theta 34/100: number 925 ([ 0.81840142 -0.15652572])
19.02.2018 07:41:29 INFO    Starting theta 35/100: number 874 ([ 0.70345114 -0.82047772])
19.02.2018 07:41:32 INFO    Starting theta 36/100: number 770 ([ 0.51044067 -0.52312918])
19.02.2018 07:41:35 INFO    Starting theta 37/100: number 108 ([-0.81715907  0.17467073])
19.02.2018 07:41:38 INFO    Starting theta 38/100: number 179 ([-0.67350217  0.25822043])
19.02.2018 07:41:41 INFO    Starting theta 39/100: number 669 ([ 0.31134279 -0.91513634])
19.02.2018 07:41:44 INFO    Starting theta 40/100: number 758 ([ 0.48555393  0.60272842])
19.02.2018 07:41:47 INFO    Starting theta 41/100: number 113 ([-0.81090693 -0.35089443])
19.02.2018 07:41:50 INFO    Starting theta 42/100: number 587 ([ 0.14343539 -0.40035765])
19.02.2018 07:41:53 INFO    Starting theta 43/100: number 600 ([ 0.16780437 -0.66065983])
19.02.2018 07:41:56 INFO    Starting theta 44/100: number 975 ([ 0.93334999 -0.05006023])
19.02.2018 07:41:59 INFO    Starting theta 45/100: number 496 ([-0.05130633 -0.92036265])
19.02.2018 07:42:02 INFO    Starting theta 46/100: number 66 ([-0.89913448 -0.075021  ])
19.02.2018 07:42:05 INFO    Starting theta 47/100: number 467 ([-0.09097912  0.32569428])
19.02.2018 07:42:07 INFO    Starting theta 48/100: number 412 ([-0.21229369  0.15277015])
19.02.2018 07:42:10 INFO    Starting theta 49/100: number 701 ([ 0.37293732  0.80702849])
19.02.2018 07:42:13 INFO    Starting theta 50/100: number 986 ([ 0.95088094  0.05214484])
19.02.2018 07:42:16 INFO    Starting theta 51/100: number 598 ([ 0.16578311 -0.09655258])
19.02.2018 07:42:19 INFO    Starting theta 52/100: number 810 ([ 0.58481973 -0.20571565])
19.02.2018 07:42:21 INFO    Starting theta 53/100: number 97 ([-0.83949827 -0.85622854])
19.02.2018 07:42:24 INFO    Starting theta 54/100: number 18 ([-0.99849038  0.13674514])
19.02.2018 07:42:27 INFO    Starting theta 55/100: number 723 ([ 0.42313754  0.04817991])
19.02.2018 07:42:30 INFO    Starting theta 56/100: number 159 ([-0.72275143  0.26484372])
19.02.2018 07:42:33 INFO    Starting theta 57/100: number 320 ([-0.39025216  0.89762413])
19.02.2018 07:42:36 INFO    Starting theta 58/100: number 301 ([-0.42496479 -0.29929615])
19.02.2018 07:42:38 INFO    Starting theta 59/100: number 352 ([-0.33117606 -0.06437794])
19.02.2018 07:42:41 INFO    Starting theta 60/100: number 159 ([-0.72275143  0.26484372])
19.02.2018 07:42:44 INFO    Starting theta 61/100: number 89 ([-0.852803    0.39758022])
19.02.2018 07:42:47 INFO    Starting theta 62/100: number 421 ([-0.19372397 -0.5487683 ])
19.02.2018 07:42:49 INFO    Starting theta 63/100: number 574 ([ 0.12059293  0.25501418])
19.02.2018 07:42:52 INFO    Starting theta 64/100: number 923 ([ 0.81364542  0.67663973])
19.02.2018 07:42:55 INFO    Starting theta 65/100: number 849 ([ 0.6583114   0.73535462])
19.02.2018 07:42:58 INFO    Starting theta 66/100: number 299 ([-0.43548471  0.24506174])
19.02.2018 07:43:01 INFO    Starting theta 67/100: number 119 ([-0.80217018 -0.19137665])
19.02.2018 07:43:04 INFO    Starting theta 68/100: number 167 ([-0.70631846 -0.18913046])
19.02.2018 07:43:07 INFO    Starting theta 69/100: number 939 ([ 0.84561864 -0.65874341])
19.02.2018 07:43:09 INFO    Starting theta 70/100: number 402 ([-0.23381329 -0.74778958])
19.02.2018 07:43:12 INFO    Starting theta 71/100: number 52 ([-0.92568077  0.24722516])
19.02.2018 07:43:15 INFO    Starting theta 72/100: number 787 ([ 0.54418497  0.30320758])
19.02.2018 07:43:18 INFO    Starting theta 73/100: number 978 ([ 0.9400757   0.37123973])
19.02.2018 07:43:21 INFO    Starting theta 74/100: number 41 ([-0.9466884  -0.84207419])
19.02.2018 07:43:24 INFO    Starting theta 75/100: number 873 ([ 0.70219015 -0.19960724])
19.02.2018 07:43:26 INFO    Starting theta 76/100: number 533 ([ 0.0176752  0.4110256])
19.02.2018 07:43:29 INFO    Starting theta 77/100: number 827 ([ 0.62406481 -0.33833102])
19.02.2018 07:43:32 INFO    Starting theta 78/100: number 304 ([-0.42112069 -0.83328775])
19.02.2018 07:43:35 INFO    Starting theta 79/100: number 294 ([-0.44383773  0.33528586])
19.02.2018 07:43:38 INFO    Starting theta 80/100: number 760 ([ 0.49108963 -0.17051546])
19.02.2018 07:43:41 INFO    Starting theta 81/100: number 890 ([ 0.74368597  0.764742  ])
19.02.2018 07:43:44 INFO    Starting theta 82/100: number 539 ([ 0.02611736  0.48536552])
19.02.2018 07:43:47 INFO    Starting theta 83/100: number 1000 ([ 0.97310957 -0.81263698])
19.02.2018 07:43:50 INFO    Starting theta 84/100: number 291 ([-0.44794652 -0.29910012])
19.02.2018 07:43:53 INFO    Starting theta 85/100: number 740 ([ 0.45098284 -0.09648431])
19.02.2018 07:43:56 INFO    Starting theta 86/100: number 276 ([-0.4640355  -0.39998652])
19.02.2018 07:43:59 INFO    Starting theta 87/100: number 679 ([ 0.33068993 -0.75125927])
19.02.2018 07:44:02 INFO    Starting theta 88/100: number 167 ([-0.70631846 -0.18913046])
19.02.2018 07:44:05 INFO    Starting theta 89/100: number 125 ([-0.7910712  -0.98769884])
19.02.2018 07:44:08 INFO    Starting theta 90/100: number 429 ([-0.17418656 -0.37102219])
19.02.2018 07:44:11 INFO    Starting theta 91/100: number 149 ([-0.73726809 -0.38348788])
19.02.2018 07:44:14 INFO    Starting theta 92/100: number 430 ([-0.16930044  0.22814164])
19.02.2018 07:44:16 INFO    Starting theta 93/100: number 720 ([ 0.41602256 -0.1168588 ])
19.02.2018 07:44:19 INFO    Starting theta 94/100: number 123 ([-0.79179407  0.72243203])
19.02.2018 07:44:22 INFO    Starting theta 95/100: number 908 ([ 0.77844761  0.32603028])
19.02.2018 07:44:25 INFO    Starting theta 96/100: number 256 ([-0.50703066 -0.72121867])
19.02.2018 07:44:28 INFO    Starting theta 97/100: number 777 ([ 0.52377237  0.01987936])
19.02.2018 07:44:31 INFO    Starting theta 98/100: number 809 ([ 0.58338739 -0.68531326])
19.02.2018 07:44:34 INFO    Starting theta 99/100: number 269 ([-0.48969042 -0.23040933])
19.02.2018 07:44:37 INFO    Starting theta 100/100: number 851 ([ 0.66684741 -0.33464755])
19.02.2018 07:44:40 INFO    Interpolation
19.02.2018 07:44:40 INFO    That's it -- have a great day!
Using TensorFlow backend.
19.02.2018 07:44:40 INFO    Hi! How are you today?
19.02.2018 07:44:40 INFO    Startup options:
19.02.2018 07:44:40 INFO      Algorithm:                     afc
19.02.2018 07:44:40 INFO      Point by point:                False
19.02.2018 07:44:40 INFO      Morphing-aware mode:           False
19.02.2018 07:44:40 INFO      Smeared data:                  False
19.02.2018 07:44:40 INFO      Training sample:               baseline
19.02.2018 07:44:40 INFO      AFC X indices:                 [1, 41]
19.02.2018 07:44:40 INFO      alpha:                         None
19.02.2018 07:44:40 INFO      AFC epsilon:                   0.4
19.02.2018 07:44:40 INFO      Neyman construction toys:      False
19.02.2018 07:44:40 INFO      Other options:                 
19.02.2018 07:44:40 INFO      Base directory:                /home/jb6504/higgs_inference
19.02.2018 07:44:40 INFO      ML-based strategies available: False
19.02.2018 07:44:40 INFO    Starting AFC inference
19.02.2018 07:44:40 INFO    Settings:
19.02.2018 07:44:40 INFO      Statistics:              x [1, 41]
19.02.2018 07:44:40 INFO      Epsilon (bandwidth):     0.4
19.02.2018 07:44:40 INFO      Kernel:                  gaussian
19.02.2018 07:44:40 INFO    Starting theta 1/100: number 0 ([ 0.  0.])
19.02.2018 07:48:09 INFO    Starting theta 2/100: number 13 ([-1. -1.])
19.02.2018 07:51:47 INFO    Starting theta 3/100: number 14 ([-1.  1.])
19.02.2018 07:55:26 INFO    Starting theta 4/100: number 15 ([ 1. -1.])
19.02.2018 07:58:56 INFO    Starting theta 5/100: number 16 ([ 1.  1.])
19.02.2018 08:02:31 INFO    Starting theta 6/100: number 9 ([-0.5 -0.5])
19.02.2018 08:06:16 INFO    Starting theta 7/100: number 422 ([-0.19238158 -0.59962178])
19.02.2018 08:09:56 INFO    Starting theta 8/100: number 956 ([ 0.89009995 -0.46538046])
19.02.2018 08:13:32 INFO    Starting theta 9/100: number 666 ([ 0.30761222  0.31321016])
19.02.2018 08:17:09 INFO    Starting theta 10/100: number 802 ([ 0.57114539 -0.53482071])
19.02.2018 08:20:45 INFO    Starting theta 11/100: number 675 ([ 0.32337198 -0.34480615])
19.02.2018 08:24:24 INFO    Starting theta 12/100: number 839 ([ 0.64589677  0.55027312])
19.02.2018 08:28:01 INFO    Starting theta 13/100: number 699 ([ 0.36795424  0.28437234])
19.02.2018 08:31:40 INFO    Starting theta 14/100: number 820 ([ 0.60259509 -0.25412776])
19.02.2018 08:35:20 INFO    Starting theta 15/100: number 203 ([-0.61645122 -0.16986252])
19.02.2018 08:39:04 INFO    Starting theta 16/100: number 291 ([-0.44794652 -0.29910012])
19.02.2018 08:42:54 INFO    Starting theta 17/100: number 634 ([ 0.24693496 -0.77942393])
19.02.2018 08:46:35 INFO    Starting theta 18/100: number 371 ([-0.2996083   0.60243551])
19.02.2018 08:50:15 INFO    Starting theta 19/100: number 973 ([ 0.93200575 -0.74254176])
19.02.2018 08:53:53 INFO    Starting theta 20/100: number 742 ([ 0.45658682 -0.71556256])
19.02.2018 08:57:32 INFO    Starting theta 21/100: number 901 ([ 0.76761916  0.18918917])
19.02.2018 09:01:14 INFO    Starting theta 22/100: number 181 ([-0.67220747  0.99327244])
19.02.2018 09:04:56 INFO    Starting theta 23/100: number 82 ([-0.86582211  0.18873229])
19.02.2018 09:08:41 INFO    Starting theta 24/100: number 937 ([ 0.84175328  0.06646314])
19.02.2018 09:12:24 INFO    Starting theta 25/100: number 510 ([-0.02257083 -0.17754257])
19.02.2018 09:15:57 INFO    Starting theta 26/100: number 919 ([ 0.80563564 -0.3828255 ])
19.02.2018 09:19:36 INFO    Starting theta 27/100: number 745 ([ 0.45758533  0.23764021])
19.02.2018 09:23:19 INFO    Starting theta 28/100: number 588 ([ 0.14532057 -0.99903057])
19.02.2018 09:27:00 INFO    Starting theta 29/100: number 804 ([ 0.57747224  0.07115072])
19.02.2018 09:30:43 INFO    Starting theta 30/100: number 963 ([ 0.90819175 -0.62237577])
19.02.2018 09:34:22 INFO    Starting theta 31/100: number 396 ([-0.24354882  0.89907487])
19.02.2018 09:38:00 INFO    Starting theta 32/100: number 62 ([-0.91016569  0.09832916])
19.02.2018 09:41:48 INFO    Starting theta 33/100: number 401 ([-0.23817276  0.51270026])
19.02.2018 09:45:26 INFO    Starting theta 34/100: number 925 ([ 0.81840142 -0.15652572])
19.02.2018 09:49:05 INFO    Starting theta 35/100: number 874 ([ 0.70345114 -0.82047772])
19.02.2018 09:52:43 INFO    Starting theta 36/100: number 770 ([ 0.51044067 -0.52312918])
19.02.2018 09:56:21 INFO    Starting theta 37/100: number 108 ([-0.81715907  0.17467073])
19.02.2018 10:00:06 INFO    Starting theta 38/100: number 179 ([-0.67350217  0.25822043])
19.02.2018 10:03:51 INFO    Starting theta 39/100: number 669 ([ 0.31134279 -0.91513634])
19.02.2018 10:07:29 INFO    Starting theta 40/100: number 758 ([ 0.48555393  0.60272842])
19.02.2018 10:11:12 INFO    Starting theta 41/100: number 113 ([-0.81090693 -0.35089443])
19.02.2018 10:14:58 INFO    Starting theta 42/100: number 587 ([ 0.14343539 -0.40035765])
19.02.2018 10:18:38 INFO    Starting theta 43/100: number 600 ([ 0.16780437 -0.66065983])
19.02.2018 10:22:20 INFO    Starting theta 44/100: number 975 ([ 0.93334999 -0.05006023])
19.02.2018 10:25:57 INFO    Starting theta 45/100: number 496 ([-0.05130633 -0.92036265])
19.02.2018 10:29:42 INFO    Starting theta 46/100: number 66 ([-0.89913448 -0.075021  ])
19.02.2018 10:33:28 INFO    Starting theta 47/100: number 467 ([-0.09097912  0.32569428])
19.02.2018 10:37:04 INFO    Starting theta 48/100: number 412 ([-0.21229369  0.15277015])
19.02.2018 10:40:43 INFO    Starting theta 49/100: number 701 ([ 0.37293732  0.80702849])
19.02.2018 10:44:22 INFO    Starting theta 50/100: number 986 ([ 0.95088094  0.05214484])
19.02.2018 10:48:30 INFO    Starting theta 51/100: number 598 ([ 0.16578311 -0.09655258])
19.02.2018 10:52:31 INFO    Starting theta 52/100: number 810 ([ 0.58481973 -0.20571565])
19.02.2018 10:56:40 INFO    Starting theta 53/100: number 97 ([-0.83949827 -0.85622854])
19.02.2018 11:00:51 INFO    Starting theta 54/100: number 18 ([-0.99849038  0.13674514])
19.02.2018 11:05:01 INFO    Starting theta 55/100: number 723 ([ 0.42313754  0.04817991])
19.02.2018 11:09:03 INFO    Starting theta 56/100: number 159 ([-0.72275143  0.26484372])
19.02.2018 11:13:11 INFO    Starting theta 57/100: number 320 ([-0.39025216  0.89762413])
19.02.2018 11:17:14 INFO    Starting theta 58/100: number 301 ([-0.42496479 -0.29929615])
19.02.2018 11:21:24 INFO    Starting theta 59/100: number 352 ([-0.33117606 -0.06437794])
19.02.2018 11:25:30 INFO    Starting theta 60/100: number 159 ([-0.72275143  0.26484372])
19.02.2018 11:29:43 INFO    Starting theta 61/100: number 89 ([-0.852803    0.39758022])
19.02.2018 11:33:59 INFO    Starting theta 62/100: number 421 ([-0.19372397 -0.5487683 ])
19.02.2018 11:38:08 INFO    Starting theta 63/100: number 574 ([ 0.12059293  0.25501418])
19.02.2018 11:42:07 INFO    Starting theta 64/100: number 923 ([ 0.81364542  0.67663973])
