18.07.2018 15:36:17 INFO    Welcome! How are you today?
18.07.2018 15:36:17 INFO    Tasks:
18.07.2018 15:36:17 INFO      Truth:            False
18.07.2018 15:36:17 INFO      Histo:            False
18.07.2018 15:36:17 INFO      CARL:             False
18.07.2018 15:36:17 INFO      ROLR:             False
18.07.2018 15:36:17 INFO      SALLY:            False
18.07.2018 15:36:17 INFO      CASCAL:           False
18.07.2018 15:36:17 INFO      RASCAL:           False
18.07.2018 15:36:17 INFO      ALICE:            False
18.07.2018 15:36:17 INFO      ALICES:           False
18.07.2018 15:36:17 INFO      Histo  (smeared): False
18.07.2018 15:36:17 INFO      CARL   (smeared): False
18.07.2018 15:36:17 INFO      ROLR   (smeared): False
18.07.2018 15:36:17 INFO      SALLY  (smeared): False
18.07.2018 15:36:17 INFO      CASCAL (smeared): True
18.07.2018 15:36:17 INFO      RASCAL (smeared): False
18.07.2018 15:36:17 INFO      ALICE  (smeared): False
18.07.2018 15:36:17 INFO      ALICES (smeared): False
18.07.2018 15:36:17 INFO    Options:
18.07.2018 15:36:17 INFO      Neyman set:  2
18.07.2018 15:36:17 INFO      Sample size: 100000
18.07.2018 15:36:17 INFO    Starting p-value calculation
18.07.2018 15:36:17 INFO    Subtracting SM for parameterized combined_calibrated_deep_trainingsamplesize_100000_smeared
18.07.2018 15:37:49 DEBUG    Found 3051 files, didn't find 0 files, found 0 files with wrong shape
18.07.2018 15:37:58 INFO    Neyman construction for parameterized/combined_calibrated_deep_trainingsamplesize_100000_smeared
