Using TensorFlow backend.
16.07.2018 11:30:30 INFO    Hi! How are you today?
16.07.2018 11:30:30 INFO    Startup options:
16.07.2018 11:30:30 INFO      Algorithm:                     combinedmxe
16.07.2018 11:30:30 INFO      Point by point:                False
16.07.2018 11:30:30 INFO      Morphing-aware mode:           False
16.07.2018 11:30:30 INFO      Smeared data:                  False
16.07.2018 11:30:30 INFO      Training sample:               baseline
16.07.2018 11:30:30 INFO      alpha:                         None
16.07.2018 11:30:30 INFO      Histogram / AFC X indices:     [1, 38, 39, 40, 41]
16.07.2018 11:30:30 INFO      AFC epsilon:                   None
16.07.2018 11:30:30 INFO      Denominator theta:             True
16.07.2018 11:30:30 INFO      Neyman construction toys:      0
16.07.2018 11:30:30 INFO      Training sample size limit:    100000
16.07.2018 11:30:30 INFO      Other options:                 ['deep', 'neyman2']
16.07.2018 11:30:30 INFO      Base directory:                /home/jb6504/higgs_inference
16.07.2018 11:30:30 INFO      ML-based strategies available: True
16.07.2018 11:30:30 INFO    Starting parameterized inference
16.07.2018 11:30:30 INFO    Main settings:
16.07.2018 11:30:30 INFO      Algorithm:                combinedmxe
16.07.2018 11:30:30 INFO      Morphing-aware:           False
16.07.2018 11:30:30 INFO      Training sample:          baseline
16.07.2018 11:30:30 INFO      Denominator theta:        denominator 0 = theta 708 = [ 0.39293227  0.43229216]
16.07.2018 11:30:30 INFO    Options:
16.07.2018 11:30:30 INFO      Number of hidden layers:  5
16.07.2018 11:30:30 INFO      alpha:                    5.0
16.07.2018 11:30:30 INFO      Batch size:               128
16.07.2018 11:30:30 INFO      Learning rate:            0.001
16.07.2018 11:30:30 INFO      Learning rate decay:      0.000921034037198
16.07.2018 11:30:30 INFO      Number of epochs:         5000
16.07.2018 11:30:30 INFO      Training samples:         100000
16.07.2018 11:30:30 INFO      NC experiments:           (10000 alternate + 10000 null) experiments with 1 alternate events each
16.07.2018 11:30:30 INFO      Debug mode:               False
16.07.2018 11:30:50 INFO    Reduced training sample size from 9999997 to 100000 (factor 100)
16.07.2018 11:31:04 INFO    Starting training
2018-07-16 11:31:05.478801: W tensorflow/core/platform/cpu_feature_guard.cc:45] The TensorFlow library wasn't compiled to use SSE4.1 instructions, but these are available on your machine and could speed up CPU computations.
2018-07-16 11:31:05.478836: W tensorflow/core/platform/cpu_feature_guard.cc:45] The TensorFlow library wasn't compiled to use SSE4.2 instructions, but these are available on your machine and could speed up CPU computations.
2018-07-16 11:31:05.478841: W tensorflow/core/platform/cpu_feature_guard.cc:45] The TensorFlow library wasn't compiled to use AVX instructions, but these are available on your machine and could speed up CPU computations.
2018-07-16 11:31:05.478845: W tensorflow/core/platform/cpu_feature_guard.cc:45] The TensorFlow library wasn't compiled to use AVX2 instructions, but these are available on your machine and could speed up CPU computations.
2018-07-16 11:31:05.478849: W tensorflow/core/platform/cpu_feature_guard.cc:45] The TensorFlow library wasn't compiled to use FMA instructions, but these are available on your machine and could speed up CPU computations.
2018-07-16 11:31:05.706397: I tensorflow/core/common_runtime/gpu/gpu_device.cc:940] Found device 0 with properties: 
name: Tesla P40
major: 6 minor: 1 memoryClockRate (GHz) 1.531
pciBusID 0000:85:00.0
Total memory: 22.38GiB
Free memory: 22.22GiB
2018-07-16 11:31:05.706433: I tensorflow/core/common_runtime/gpu/gpu_device.cc:961] DMA: 0 
2018-07-16 11:31:05.706438: I tensorflow/core/common_runtime/gpu/gpu_device.cc:971] 0:   Y 
2018-07-16 11:31:05.706447: I tensorflow/core/common_runtime/gpu/gpu_device.cc:1030] Creating TensorFlow device (/gpu:0) -> (device: 0, name: Tesla P40, pci bus id: 0000:85:00.0)
Epoch 01244: early stopping
16.07.2018 13:15:01 INFO    Starting evaluation
16.07.2018 13:21:38 INFO    Starting theta 100 / 1017
16.07.2018 13:24:16 INFO    Starting theta 200 / 1017
16.07.2018 13:26:53 INFO    Starting theta 300 / 1017
16.07.2018 13:29:31 INFO    Starting theta 400 / 1017
16.07.2018 13:32:08 INFO    Starting theta 500 / 1017
16.07.2018 13:34:46 INFO    Starting theta 600 / 1017
16.07.2018 13:37:24 INFO    Starting theta 700 / 1017
16.07.2018 13:40:04 INFO    Starting theta 800 / 1017
16.07.2018 13:42:40 INFO    Starting theta 900 / 1017
16.07.2018 13:45:16 INFO    Starting theta 1000 / 1017
16.07.2018 13:45:44 INFO    Evaluation timing: median 1.11631083488 s, mean 1.11190687332 s
16.07.2018 13:45:44 INFO    Starting roaming
16.07.2018 13:46:06 INFO    Starting calibrated evaluation and roaming
16.07.2018 15:05:37 INFO    Starting theta 100 / 1017
