18.07.2018 15:36:49 INFO    Welcome! How are you today?
18.07.2018 15:36:49 INFO    Tasks:
18.07.2018 15:36:49 INFO      Truth:            False
18.07.2018 15:36:49 INFO      Histo:            False
18.07.2018 15:36:49 INFO      CARL:             False
18.07.2018 15:36:49 INFO      ROLR:             False
18.07.2018 15:36:49 INFO      SALLY:            False
18.07.2018 15:36:49 INFO      CASCAL:           False
18.07.2018 15:36:49 INFO      RASCAL:           False
18.07.2018 15:36:49 INFO      ALICE:            False
18.07.2018 15:36:49 INFO      ALICES:           False
18.07.2018 15:36:49 INFO      Histo  (smeared): False
18.07.2018 15:36:49 INFO      CARL   (smeared): False
18.07.2018 15:36:49 INFO      ROLR   (smeared): True
18.07.2018 15:36:49 INFO      SALLY  (smeared): False
18.07.2018 15:36:49 INFO      CASCAL (smeared): False
18.07.2018 15:36:49 INFO      RASCAL (smeared): False
18.07.2018 15:36:49 INFO      ALICE  (smeared): False
18.07.2018 15:36:49 INFO      ALICES (smeared): False
18.07.2018 15:36:49 INFO    Options:
18.07.2018 15:36:49 INFO      Neyman set:  2
18.07.2018 15:36:49 INFO      Sample size: 100000
18.07.2018 15:36:49 INFO    Starting p-value calculation
18.07.2018 15:36:49 INFO    Subtracting SM for parameterized regression_calibrated_trainingsamplesize_100000_smeared
18.07.2018 15:38:29 DEBUG    Found 3051 files, didn't find 0 files, found 0 files with wrong shape
18.07.2018 15:38:37 INFO    Neyman construction for parameterized/regression_calibrated_trainingsamplesize_100000_smeared
