16.03.2018 14:35:08 INFO    Hi! How are you today?
16.03.2018 14:35:08 INFO    Startup options:
16.03.2018 14:35:08 INFO      Algorithm:                     truth
16.03.2018 14:35:08 INFO      Point by point:                False
16.03.2018 14:35:08 INFO      Morphing-aware mode:           False
16.03.2018 14:35:08 INFO      Smeared data:                  False
16.03.2018 14:35:08 INFO      Training sample:               baseline
16.03.2018 14:35:08 INFO      alpha:                         None
16.03.2018 14:35:08 INFO      Histogram / AFC X indices:     [1, 38, 39, 40, 41]
16.03.2018 14:35:08 INFO      AFC epsilon:                   None
16.03.2018 14:35:08 INFO      Denominator theta:             False
16.03.2018 14:35:08 INFO      Neyman construction toys:      4
16.03.2018 14:35:08 INFO      Other options:                 
16.03.2018 14:35:08 INFO      Base directory:                /home/jb6504/higgs_inference
16.03.2018 14:35:08 INFO      ML-based strategies available: False
16.03.2018 14:35:08 INFO    Starting truth calculation
16.03.2018 14:35:08 DEBUG    NC settings: False neyman 36 10000 1001
16.03.2018 14:35:08 DEBUG    Diagnostics settings: _denom4 _denom4
16.03.2018 14:35:13 INFO    Starting evaluation
16.03.2018 14:35:14 INFO    Starting roaming
16.03.2018 14:41:13 INFO    Calculating cross-entropy on train set
16.03.2018 14:41:14 INFO    Training cross-entropy: 0.636894365116
16.03.2018 14:41:14 INFO    That's it -- have a great day!
