Using TensorFlow backend.
16.03.2018 11:27:30 INFO    Hi! How are you today?
16.03.2018 11:27:30 INFO    Startup options:
16.03.2018 11:27:30 INFO      Algorithm:                     carl
16.03.2018 11:27:30 INFO      Point by point:                False
16.03.2018 11:27:30 INFO      Morphing-aware mode:           False
16.03.2018 11:27:30 INFO      Smeared data:                  False
16.03.2018 11:27:30 INFO      Training sample:               baseline
16.03.2018 11:27:30 INFO      alpha:                         None
16.03.2018 11:27:30 INFO      Histogram / AFC X indices:     [1, 38, 39, 40, 41]
16.03.2018 11:27:30 INFO      AFC epsilon:                   None
16.03.2018 11:27:30 INFO      Denominator theta:             False
16.03.2018 11:27:30 INFO      Neyman construction toys:      3
16.03.2018 11:27:30 INFO      Other options:                 ['shallow']
16.03.2018 11:27:30 INFO      Base directory:                /home/jb6504/higgs_inference
16.03.2018 11:27:30 INFO      ML-based strategies available: True
16.03.2018 11:27:30 INFO    Starting parameterized inference
16.03.2018 11:27:30 INFO    Main settings:
16.03.2018 11:27:30 INFO      Algorithm:                carl
16.03.2018 11:27:30 INFO      Morphing-aware:           False
16.03.2018 11:27:30 INFO      Training sample:          baseline
16.03.2018 11:27:30 INFO      Denominator theta:        denominator 3 = theta 498 = [-0.04796927 -0.24493299]
16.03.2018 11:27:30 INFO    Options:
16.03.2018 11:27:30 INFO      Number of hidden layers:  2
16.03.2018 11:27:30 INFO      Batch size:               128
16.03.2018 11:27:30 INFO      Learning rate:            0.001
16.03.2018 11:27:30 INFO      Learning rate decay:      0.0921034037198
16.03.2018 11:27:30 INFO      Number of epochs:         50
16.03.2018 11:27:30 INFO      NC experiments:           False
16.03.2018 11:27:30 INFO      Debug mode:               False
16.03.2018 11:28:08 INFO    Starting training
Train on 7999997 samples, validate on 2000000 samples
2018-03-16 11:28:09.416865: W tensorflow/core/platform/cpu_feature_guard.cc:45] The TensorFlow library wasn't compiled to use SSE4.1 instructions, but these are available on your machine and could speed up CPU computations.
2018-03-16 11:28:09.417156: W tensorflow/core/platform/cpu_feature_guard.cc:45] The TensorFlow library wasn't compiled to use SSE4.2 instructions, but these are available on your machine and could speed up CPU computations.
2018-03-16 11:28:09.417164: W tensorflow/core/platform/cpu_feature_guard.cc:45] The TensorFlow library wasn't compiled to use AVX instructions, but these are available on your machine and could speed up CPU computations.
2018-03-16 11:28:09.417169: W tensorflow/core/platform/cpu_feature_guard.cc:45] The TensorFlow library wasn't compiled to use AVX2 instructions, but these are available on your machine and could speed up CPU computations.
2018-03-16 11:28:09.417172: W tensorflow/core/platform/cpu_feature_guard.cc:45] The TensorFlow library wasn't compiled to use FMA instructions, but these are available on your machine and could speed up CPU computations.
2018-03-16 11:28:09.761632: I tensorflow/core/common_runtime/gpu/gpu_device.cc:940] Found device 0 with properties: 
name: Tesla P40
major: 6 minor: 1 memoryClockRate (GHz) 1.531
pciBusID 0000:05:00.0
Total memory: 22.38GiB
Free memory: 22.21GiB
2018-03-16 11:28:09.761669: I tensorflow/core/common_runtime/gpu/gpu_device.cc:961] DMA: 0 
2018-03-16 11:28:09.761675: I tensorflow/core/common_runtime/gpu/gpu_device.cc:971] 0:   Y 
2018-03-16 11:28:09.761684: I tensorflow/core/common_runtime/gpu/gpu_device.cc:1030] Creating TensorFlow device (/gpu:0) -> (device: 0, name: Tesla P40, pci bus id: 0000:05:00.0)
Epoch 1/50
375s - loss: 0.6570 - full_cross_entropy: 0.6570 - trimmed_cross_entropy: 0.6467 - full_mse_log_r: inf - trimmed_mse_log_r: nan - full_mae_log_r: inf - full_mse_score: 3.1542 - trimmed_mse_score: 0.3331 - full_mae_score: 0.3188 - val_loss: 0.6541 - val_full_cross_entropy: 0.6541 - val_trimmed_cross_entropy: 0.6439 - val_full_mse_log_r: inf - val_trimmed_mse_log_r: nan - val_full_mae_log_r: inf - val_full_mse_score: 1.6581 - val_trimmed_mse_score: 0.2484 - val_full_mae_score: 0.2842
Epoch 2/50
