INFO (theano.gof.compilelock): Waiting for existing lock by unknown process (I am process '4771')
INFO (theano.gof.compilelock): To manually release the lock, delete /home/jb6504/.theano/compiledir_Linux-3.10-el7.x86_64-x86_64-with-centos-7.3.1611-Core-x86_64-2.7.12-64/lock_dir
26.04.2018 14:33:14 INFO    Hi! How are you today?
26.04.2018 14:33:14 INFO    Startup options:
26.04.2018 14:33:14 INFO      Algorithm:                     histo
26.04.2018 14:33:14 INFO      Point by point:                False
26.04.2018 14:33:14 INFO      Morphing-aware mode:           False
26.04.2018 14:33:14 INFO      Smeared data:                  False
26.04.2018 14:33:14 INFO      Training sample:               baseline
26.04.2018 14:33:14 INFO      alpha:                         None
26.04.2018 14:33:14 INFO      Histogram / AFC X indices:     [1, 41]
26.04.2018 14:33:14 INFO      AFC epsilon:                   None
26.04.2018 14:33:14 INFO      Denominator theta:             False
26.04.2018 14:33:14 INFO      Neyman construction toys:      3
26.04.2018 14:33:14 INFO      Training sample size limit:    None
26.04.2018 14:33:14 INFO      Other options:                 ['asymmetricbinning']
26.04.2018 14:33:14 INFO      Base directory:                /home/jb6504/higgs_inference
26.04.2018 14:33:14 INFO      ML-based strategies available: False
26.04.2018 14:33:14 INFO    Starting histogram-based inference
26.04.2018 14:33:14 INFO    Settings:
26.04.2018 14:33:14 INFO      Statistics:              x [1, 41]
26.04.2018 14:33:14 INFO      Binning:                 (array([     0.,     48.,     58.,     67.,     75.,     83.,     91.,
          100.,    109.,    119.,    130.,    141.,    155.,    172.,
          193.,    221.,    260.,    325.,    462.,  14000.]), array([ 0.        ,  0.31415927,  0.62831853,  0.9424778 ,  1.25663706,
        1.57079633,  1.88495559,  2.19911486,  2.51327412,  2.82743339,
        3.14159265]))
26.04.2018 14:34:22 INFO    Starting theta 100 / 1017
26.04.2018 14:35:27 INFO    Starting theta 200 / 1017
26.04.2018 14:36:35 INFO    Starting theta 300 / 1017
26.04.2018 14:37:47 INFO    Starting theta 400 / 1017
26.04.2018 14:38:53 INFO    Starting theta 500 / 1017
26.04.2018 14:39:59 INFO    Starting theta 600 / 1017
26.04.2018 14:41:06 INFO    Starting theta 700 / 1017
26.04.2018 14:42:14 INFO    Starting theta 800 / 1017
26.04.2018 14:43:22 INFO    Starting theta 900 / 1017
26.04.2018 14:44:29 INFO    Starting theta 1000 / 1017
26.04.2018 14:44:41 INFO    Evaluation timing: median 0.00955820083618 s, mean 0.00957529851938 s
26.04.2018 14:44:41 INFO    Mean training cross-entropy: 0.660370105327
26.04.2018 14:44:41 INFO    Mean training log r: 0.260480341065
26.04.2018 14:44:41 INFO    That's it -- have a great day!
