Using TensorFlow backend.
16.03.2018 14:10:12 INFO    Hi! How are you today?
16.03.2018 14:10:12 INFO    Startup options:
16.03.2018 14:10:12 INFO      Algorithm:                     regression
16.03.2018 14:10:12 INFO      Point by point:                False
16.03.2018 14:10:12 INFO      Morphing-aware mode:           False
16.03.2018 14:10:12 INFO      Smeared data:                  False
16.03.2018 14:10:12 INFO      Training sample:               baseline
16.03.2018 14:10:12 INFO      alpha:                         None
16.03.2018 14:10:12 INFO      Histogram / AFC X indices:     [1, 38, 39, 40, 41]
16.03.2018 14:10:12 INFO      AFC epsilon:                   None
16.03.2018 14:10:12 INFO      Denominator theta:             False
16.03.2018 14:10:12 INFO      Neyman construction toys:      2
16.03.2018 14:10:12 INFO      Other options:                 
16.03.2018 14:10:12 INFO      Base directory:                /home/jb6504/higgs_inference
16.03.2018 14:10:12 INFO      ML-based strategies available: True
16.03.2018 14:10:12 INFO    Starting parameterized inference
16.03.2018 14:10:12 INFO    Main settings:
16.03.2018 14:10:12 INFO      Algorithm:                regression
16.03.2018 14:10:12 INFO      Morphing-aware:           False
16.03.2018 14:10:12 INFO      Training sample:          baseline
16.03.2018 14:10:12 INFO      Denominator theta:        denominator 2 = theta 602 = [ 0.17260281 -0.00262031]
16.03.2018 14:10:12 INFO    Options:
16.03.2018 14:10:12 INFO      Number of hidden layers:  3
16.03.2018 14:10:12 INFO      Batch size:               128
16.03.2018 14:10:12 INFO      Learning rate:            0.001
16.03.2018 14:10:12 INFO      Learning rate decay:      0.0921034037198
16.03.2018 14:10:12 INFO      Number of epochs:         50
16.03.2018 14:10:12 INFO      NC experiments:           False
16.03.2018 14:10:12 INFO      Debug mode:               False
16.03.2018 14:10:34 INFO    Starting training
Train on 7999996 samples, validate on 2000000 samples
2018-03-16 14:10:34.933563: W tensorflow/core/platform/cpu_feature_guard.cc:45] The TensorFlow library wasn't compiled to use SSE4.1 instructions, but these are available on your machine and could speed up CPU computations.
2018-03-16 14:10:34.933867: W tensorflow/core/platform/cpu_feature_guard.cc:45] The TensorFlow library wasn't compiled to use SSE4.2 instructions, but these are available on your machine and could speed up CPU computations.
2018-03-16 14:10:34.933875: W tensorflow/core/platform/cpu_feature_guard.cc:45] The TensorFlow library wasn't compiled to use AVX instructions, but these are available on your machine and could speed up CPU computations.
2018-03-16 14:10:34.933879: W tensorflow/core/platform/cpu_feature_guard.cc:45] The TensorFlow library wasn't compiled to use AVX2 instructions, but these are available on your machine and could speed up CPU computations.
2018-03-16 14:10:34.933883: W tensorflow/core/platform/cpu_feature_guard.cc:45] The TensorFlow library wasn't compiled to use FMA instructions, but these are available on your machine and could speed up CPU computations.
2018-03-16 14:10:35.352224: I tensorflow/core/common_runtime/gpu/gpu_device.cc:940] Found device 0 with properties: 
name: Tesla P100-PCIE-16GB
major: 6 minor: 0 memoryClockRate (GHz) 1.3285
pciBusID 0000:05:00.0
Total memory: 15.89GiB
Free memory: 15.60GiB
2018-03-16 14:10:35.352261: I tensorflow/core/common_runtime/gpu/gpu_device.cc:961] DMA: 0 
2018-03-16 14:10:35.352266: I tensorflow/core/common_runtime/gpu/gpu_device.cc:971] 0:   Y 
2018-03-16 14:10:35.352275: I tensorflow/core/common_runtime/gpu/gpu_device.cc:1030] Creating TensorFlow device (/gpu:0) -> (device: 0, name: Tesla P100-PCIE-16GB, pci bus id: 0000:05:00.0)
Epoch 1/50
445s - loss: 7877.1047 - full_cross_entropy: 0.6693 - trimmed_cross_entropy: 0.6588 - full_mse_log_r: 0.1313 - trimmed_mse_log_r: 0.1293 - full_mae_log_r: 0.2256 - full_mse_score: 4.1996 - trimmed_mse_score: 0.4580 - full_mae_score: 0.4228 - val_loss: 4129.1287 - val_full_cross_entropy: 0.6632 - val_trimmed_cross_entropy: 0.6529 - val_full_mse_log_r: 0.0662 - val_trimmed_mse_log_r: 0.0652 - val_full_mae_log_r: 0.1618 - val_full_mse_score: 2.6491 - val_trimmed_mse_score: 0.3625 - val_full_mae_score: 0.3875
Epoch 2/50
445s - loss: 4067.8701 - full_cross_entropy: 0.6628 - trimmed_cross_entropy: 0.6525 - full_mse_log_r: 0.0597 - trimmed_mse_log_r: 0.0588 - full_mae_log_r: 0.1594 - full_mse_score: 3.9707 - trimmed_mse_score: 0.3671 - full_mae_score: 0.3912 - val_loss: 2877.4376 - val_full_cross_entropy: 0.6624 - val_trimmed_cross_entropy: 0.6521 - val_full_mse_log_r: 0.0525 - val_trimmed_mse_log_r: 0.0517 - val_full_mae_log_r: 0.1522 - val_full_mse_score: 2.5226 - val_trimmed_mse_score: 0.3767 - val_full_mae_score: 0.3974
Epoch 3/50
444s - loss: 3471.3869 - full_cross_entropy: 0.6619 - trimmed_cross_entropy: 0.6515 - full_mse_log_r: 0.0489 - trimmed_mse_log_r: 0.0481 - full_mae_log_r: 0.1449 - full_mse_score: 3.8894 - trimmed_mse_score: 0.3545 - full_mae_score: 0.3894 - val_loss: 4528.7403 - val_full_cross_entropy: 0.6619 - val_trimmed_cross_entropy: 0.6515 - val_full_mse_log_r: 0.0464 - val_trimmed_mse_log_r: 0.0457 - val_full_mae_log_r: 0.1472 - val_full_mse_score: 2.4035 - val_trimmed_mse_score: 0.3344 - val_full_mae_score: 0.3812
Epoch 4/50
443s - loss: 3120.6692 - full_cross_entropy: 0.6613 - trimmed_cross_entropy: 0.6510 - full_mse_log_r: 0.0420 - trimmed_mse_log_r: 0.0413 - full_mae_log_r: 0.1346 - full_mse_score: 3.7932 - trimmed_mse_score: 0.3460 - full_mae_score: 0.3871 - val_loss: 2872.6905 - val_full_cross_entropy: 0.6612 - val_trimmed_cross_entropy: 0.6509 - val_full_mse_log_r: 0.0390 - val_trimmed_mse_log_r: 0.0384 - val_full_mae_log_r: 0.1286 - val_full_mse_score: 2.3839 - val_trimmed_mse_score: 0.3346 - val_full_mae_score: 0.3885
Epoch 5/50
444s - loss: 3057.8511 - full_cross_entropy: 0.6610 - trimmed_cross_entropy: 0.6506 - full_mse_log_r: 0.0372 - trimmed_mse_log_r: 0.0366 - full_mae_log_r: 0.1268 - full_mse_score: 3.7572 - trimmed_mse_score: 0.3393 - full_mae_score: 0.3868 - val_loss: 2250.9544 - val_full_cross_entropy: 0.6618 - val_trimmed_cross_entropy: 0.6514 - val_full_mse_log_r: 0.0425 - val_trimmed_mse_log_r: 0.0418 - val_full_mae_log_r: 0.1423 - val_full_mse_score: 2.2880 - val_trimmed_mse_score: 0.3248 - val_full_mae_score: 0.3825
Epoch 6/50
445s - loss: 2777.3854 - full_cross_entropy: 0.6605 - trimmed_cross_entropy: 0.6502 - full_mse_log_r: 0.0328 - trimmed_mse_log_r: 0.0323 - full_mae_log_r: 0.1184 - full_mse_score: 3.6891 - trimmed_mse_score: 0.3182 - full_mae_score: 0.3753 - val_loss: 2200.6602 - val_full_cross_entropy: 0.6605 - val_trimmed_cross_entropy: 0.6502 - val_full_mse_log_r: 0.0325 - val_trimmed_mse_log_r: 0.0320 - val_full_mae_log_r: 0.1114 - val_full_mse_score: 2.3219 - val_trimmed_mse_score: 0.3122 - val_full_mae_score: 0.3726
Epoch 7/50
444s - loss: 2627.6898 - full_cross_entropy: 0.6603 - trimmed_cross_entropy: 0.6499 - full_mse_log_r: 0.0295 - trimmed_mse_log_r: 0.0291 - full_mae_log_r: 0.1122 - full_mse_score: 3.6185 - trimmed_mse_score: 0.3035 - full_mae_score: 0.3686 - val_loss: 2115.8253 - val_full_cross_entropy: 0.6613 - val_trimmed_cross_entropy: 0.6509 - val_full_mse_log_r: 0.0356 - val_trimmed_mse_log_r: 0.0350 - val_full_mae_log_r: 0.1353 - val_full_mse_score: 2.2356 - val_trimmed_mse_score: 0.3018 - val_full_mae_score: 0.3685
Epoch 8/50
445s - loss: 2561.5797 - full_cross_entropy: 0.6600 - trimmed_cross_entropy: 0.6497 - full_mse_log_r: 0.0268 - trimmed_mse_log_r: 0.0264 - full_mae_log_r: 0.1069 - full_mse_score: 3.5633 - trimmed_mse_score: 0.2893 - full_mae_score: 0.3588 - val_loss: 2420.2146 - val_full_cross_entropy: 0.6599 - val_trimmed_cross_entropy: 0.6496 - val_full_mse_log_r: 0.0243 - val_trimmed_mse_log_r: 0.0240 - val_full_mae_log_r: 0.1013 - val_full_mse_score: 2.1618 - val_trimmed_mse_score: 0.2819 - val_full_mae_score: 0.3601
Epoch 9/50
445s - loss: 2489.3089 - full_cross_entropy: 0.6598 - trimmed_cross_entropy: 0.6495 - full_mse_log_r: 0.0240 - trimmed_mse_log_r: 0.0236 - full_mae_log_r: 0.1009 - full_mse_score: 3.5000 - trimmed_mse_score: 0.2723 - full_mae_score: 0.3479 - val_loss: 2111.8085 - val_full_cross_entropy: 0.6600 - val_trimmed_cross_entropy: 0.6497 - val_full_mse_log_r: 0.0260 - val_trimmed_mse_log_r: 0.0255 - val_full_mae_log_r: 0.1030 - val_full_mse_score: 2.2756 - val_trimmed_mse_score: 0.2702 - val_full_mae_score: 0.3460
Epoch 10/50
445s - loss: 2401.9552 - full_cross_entropy: 0.6595 - trimmed_cross_entropy: 0.6492 - full_mse_log_r: 0.0218 - trimmed_mse_log_r: 0.0214 - full_mae_log_r: 0.0957 - full_mse_score: 3.4479 - trimmed_mse_score: 0.2509 - full_mae_score: 0.3357 - val_loss: 2439.3897 - val_full_cross_entropy: 0.6595 - val_trimmed_cross_entropy: 0.6492 - val_full_mse_log_r: 0.0194 - val_trimmed_mse_log_r: 0.0190 - val_full_mae_log_r: 0.0884 - val_full_mse_score: 2.0340 - val_trimmed_mse_score: 0.2394 - val_full_mae_score: 0.3265
Epoch 11/50
444s - loss: 2411.5525 - full_cross_entropy: 0.6594 - trimmed_cross_entropy: 0.6491 - full_mse_log_r: 0.0202 - trimmed_mse_log_r: 0.0199 - full_mae_log_r: 0.0920 - full_mse_score: 3.4199 - trimmed_mse_score: 0.2410 - full_mae_score: 0.3269 - val_loss: 2029.7132 - val_full_cross_entropy: 0.6594 - val_trimmed_cross_entropy: 0.6491 - val_full_mse_log_r: 0.0182 - val_trimmed_mse_log_r: 0.0179 - val_full_mae_log_r: 0.0872 - val_full_mse_score: 1.9134 - val_trimmed_mse_score: 0.2213 - val_full_mae_score: 0.3200
Epoch 12/50
445s - loss: 2314.1674 - full_cross_entropy: 0.6593 - trimmed_cross_entropy: 0.6490 - full_mse_log_r: 0.0186 - trimmed_mse_log_r: 0.0183 - full_mae_log_r: 0.0883 - full_mse_score: 3.3388 - trimmed_mse_score: 0.2247 - full_mae_score: 0.3185 - val_loss: 2230.8465 - val_full_cross_entropy: 0.6597 - val_trimmed_cross_entropy: 0.6494 - val_full_mse_log_r: 0.0207 - val_trimmed_mse_log_r: 0.0204 - val_full_mae_log_r: 0.0974 - val_full_mse_score: 2.0066 - val_trimmed_mse_score: 0.2211 - val_full_mae_score: 0.3179
Epoch 13/50
445s - loss: 2281.1396 - full_cross_entropy: 0.6592 - trimmed_cross_entropy: 0.6489 - full_mse_log_r: 0.0174 - trimmed_mse_log_r: 0.0171 - full_mae_log_r: 0.0853 - full_mse_score: 3.2858 - trimmed_mse_score: 0.2069 - full_mae_score: 0.3098 - val_loss: 1959.0947 - val_full_cross_entropy: 0.6592 - val_trimmed_cross_entropy: 0.6489 - val_full_mse_log_r: 0.0156 - val_trimmed_mse_log_r: 0.0154 - val_full_mae_log_r: 0.0794 - val_full_mse_score: 1.8459 - val_trimmed_mse_score: 0.1977 - val_full_mae_score: 0.3019
Epoch 14/50
445s - loss: 2175.6942 - full_cross_entropy: 0.6590 - trimmed_cross_entropy: 0.6487 - full_mse_log_r: 0.0162 - trimmed_mse_log_r: 0.0159 - full_mae_log_r: 0.0822 - full_mse_score: 3.2388 - trimmed_mse_score: 0.1996 - full_mae_score: 0.3012 - val_loss: 2059.8022 - val_full_cross_entropy: 0.6592 - val_trimmed_cross_entropy: 0.6489 - val_full_mse_log_r: 0.0163 - val_trimmed_mse_log_r: 0.0161 - val_full_mae_log_r: 0.0830 - val_full_mse_score: 1.8581 - val_trimmed_mse_score: 0.1920 - val_full_mae_score: 0.2989
Epoch 15/50
447s - loss: 2167.0367 - full_cross_entropy: 0.6590 - trimmed_cross_entropy: 0.6487 - full_mse_log_r: 0.0152 - trimmed_mse_log_r: 0.0150 - full_mae_log_r: 0.0798 - full_mse_score: 3.1819 - trimmed_mse_score: 0.1920 - full_mae_score: 0.2955 - val_loss: 1911.4644 - val_full_cross_entropy: 0.6590 - val_trimmed_cross_entropy: 0.6487 - val_full_mse_log_r: 0.0141 - val_trimmed_mse_log_r: 0.0138 - val_full_mae_log_r: 0.0762 - val_full_mse_score: 1.7282 - val_trimmed_mse_score: 0.1765 - val_full_mae_score: 0.2863
Epoch 16/50
