Using TensorFlow backend.
02.07.2018 08:33:50 INFO    Hi! How are you today?
02.07.2018 08:33:50 INFO    Startup options:
02.07.2018 08:33:50 INFO      Algorithm:                     mxe
02.07.2018 08:33:50 INFO      Point by point:                False
02.07.2018 08:33:50 INFO      Morphing-aware mode:           False
02.07.2018 08:33:50 INFO      Smeared data:                  False
02.07.2018 08:33:50 INFO      Training sample:               baseline
02.07.2018 08:33:50 INFO      alpha:                         None
02.07.2018 08:33:50 INFO      Histogram / AFC X indices:     [1, 38, 39, 40, 41]
02.07.2018 08:33:50 INFO      AFC epsilon:                   None
02.07.2018 08:33:50 INFO      Denominator theta:             False
02.07.2018 08:33:50 INFO      Neyman construction toys:      0
02.07.2018 08:33:50 INFO      Training sample size limit:    10000
02.07.2018 08:33:50 INFO      Other options:                 ['deep']
02.07.2018 08:33:50 INFO      Base directory:                /home/jb6504/higgs_inference
02.07.2018 08:33:50 INFO      ML-based strategies available: True
02.07.2018 08:33:50 INFO    Starting parameterized inference
02.07.2018 08:33:50 INFO    Main settings:
02.07.2018 08:33:50 INFO      Algorithm:                mxe
02.07.2018 08:33:50 INFO      Morphing-aware:           False
02.07.2018 08:33:50 INFO      Training sample:          baseline
02.07.2018 08:33:50 INFO      Denominator theta:        denominator 0 = theta 708 = [ 0.39293227  0.43229216]
02.07.2018 08:33:50 INFO    Options:
02.07.2018 08:33:50 INFO      Number of hidden layers:  5
02.07.2018 08:33:50 INFO      Batch size:               128
02.07.2018 08:33:50 INFO      Learning rate:            0.001
02.07.2018 08:33:50 INFO      Learning rate decay:      9.21034037198e-05
02.07.2018 08:33:50 INFO      Number of epochs:         50000
02.07.2018 08:33:50 INFO      Training samples:         10000
02.07.2018 08:33:50 INFO      NC experiments:           False
02.07.2018 08:33:50 INFO      Debug mode:               False
02.07.2018 08:34:10 INFO    Reduced training sample size from 9999997 to 10000 (factor 1000)
02.07.2018 08:34:24 INFO    Starting training
2018-07-02 08:34:25.626679: W tensorflow/core/platform/cpu_feature_guard.cc:45] The TensorFlow library wasn't compiled to use SSE4.1 instructions, but these are available on your machine and could speed up CPU computations.
2018-07-02 08:34:25.626716: W tensorflow/core/platform/cpu_feature_guard.cc:45] The TensorFlow library wasn't compiled to use SSE4.2 instructions, but these are available on your machine and could speed up CPU computations.
2018-07-02 08:34:25.626722: W tensorflow/core/platform/cpu_feature_guard.cc:45] The TensorFlow library wasn't compiled to use AVX instructions, but these are available on your machine and could speed up CPU computations.
2018-07-02 08:34:25.626726: W tensorflow/core/platform/cpu_feature_guard.cc:45] The TensorFlow library wasn't compiled to use AVX2 instructions, but these are available on your machine and could speed up CPU computations.
2018-07-02 08:34:25.626730: W tensorflow/core/platform/cpu_feature_guard.cc:45] The TensorFlow library wasn't compiled to use FMA instructions, but these are available on your machine and could speed up CPU computations.
2018-07-02 08:34:25.841120: I tensorflow/core/common_runtime/gpu/gpu_device.cc:940] Found device 0 with properties: 
name: Tesla P40
major: 6 minor: 1 memoryClockRate (GHz) 1.531
pciBusID 0000:05:00.0
Total memory: 22.38GiB
Free memory: 22.22GiB
2018-07-02 08:34:25.841159: I tensorflow/core/common_runtime/gpu/gpu_device.cc:961] DMA: 0 
2018-07-02 08:34:25.841164: I tensorflow/core/common_runtime/gpu/gpu_device.cc:971] 0:   Y 
2018-07-02 08:34:25.841173: I tensorflow/core/common_runtime/gpu/gpu_device.cc:1030] Creating TensorFlow device (/gpu:0) -> (device: 0, name: Tesla P40, pci bus id: 0000:05:00.0)
Epoch 10128: early stopping
02.07.2018 10:01:23 INFO    Starting evaluation
02.07.2018 10:03:23 INFO    Starting theta 100 / 1017
02.07.2018 10:05:19 INFO    Starting theta 200 / 1017
02.07.2018 10:07:15 INFO    Starting theta 300 / 1017
02.07.2018 10:09:11 INFO    Starting theta 400 / 1017
02.07.2018 10:11:07 INFO    Starting theta 500 / 1017
02.07.2018 10:13:03 INFO    Starting theta 600 / 1017
02.07.2018 10:14:59 INFO    Starting theta 700 / 1017
02.07.2018 10:16:54 INFO    Starting theta 800 / 1017
02.07.2018 10:18:50 INFO    Starting theta 900 / 1017
02.07.2018 10:20:46 INFO    Starting theta 1000 / 1017
02.07.2018 10:21:07 INFO    Evaluation timing: median 1.14706707001 s, mean 1.14797224408 s
02.07.2018 10:21:07 INFO    Starting roaming
02.07.2018 10:21:31 INFO    Starting calibrated evaluation and roaming
02.07.2018 11:41:29 INFO    Starting theta 100 / 1017
02.07.2018 13:02:07 INFO    Starting theta 200 / 1017
02.07.2018 14:22:45 INFO    Starting theta 300 / 1017
02.07.2018 15:43:21 INFO    Starting theta 400 / 1017
02.07.2018 17:03:52 INFO    Starting theta 500 / 1017
02.07.2018 18:21:24 INFO    Starting theta 600 / 1017
02.07.2018 19:42:06 INFO    Starting theta 700 / 1017
02.07.2018 21:02:46 INFO    Starting theta 800 / 1017
02.07.2018 22:23:28 INFO    Starting theta 900 / 1017
02.07.2018 23:44:07 INFO    Starting theta 1000 / 1017
02.07.2018 23:58:39 INFO    Calibrated evaluation timing: median 1.15001296997 s, mean 1.14578708482 s
02.07.2018 23:58:39 INFO    Interpolating calibrated roaming
03.07.2018 00:03:49 INFO    That's it -- have a great day!
Using TensorFlow backend.
03.07.2018 00:03:52 INFO    Hi! How are you today?
03.07.2018 00:03:52 INFO    Startup options:
03.07.2018 00:03:52 INFO      Algorithm:                     mxe
03.07.2018 00:03:52 INFO      Point by point:                False
03.07.2018 00:03:52 INFO      Morphing-aware mode:           False
03.07.2018 00:03:52 INFO      Smeared data:                  False
03.07.2018 00:03:52 INFO      Training sample:               baseline
03.07.2018 00:03:52 INFO      alpha:                         None
03.07.2018 00:03:52 INFO      Histogram / AFC X indices:     [1, 38, 39, 40, 41]
03.07.2018 00:03:52 INFO      AFC epsilon:                   None
03.07.2018 00:03:52 INFO      Denominator theta:             False
03.07.2018 00:03:52 INFO      Neyman construction toys:      0
03.07.2018 00:03:52 INFO      Training sample size limit:    20000
03.07.2018 00:03:52 INFO      Other options:                 ['deep']
03.07.2018 00:03:52 INFO      Base directory:                /home/jb6504/higgs_inference
03.07.2018 00:03:52 INFO      ML-based strategies available: True
03.07.2018 00:03:52 INFO    Starting parameterized inference
03.07.2018 00:03:52 INFO    Main settings:
03.07.2018 00:03:52 INFO      Algorithm:                mxe
03.07.2018 00:03:52 INFO      Morphing-aware:           False
03.07.2018 00:03:52 INFO      Training sample:          baseline
03.07.2018 00:03:52 INFO      Denominator theta:        denominator 0 = theta 708 = [ 0.39293227  0.43229216]
03.07.2018 00:03:52 INFO    Options:
03.07.2018 00:03:52 INFO      Number of hidden layers:  5
03.07.2018 00:03:52 INFO      Batch size:               128
03.07.2018 00:03:52 INFO      Learning rate:            0.001
03.07.2018 00:03:52 INFO      Learning rate decay:      0.00018420680744
03.07.2018 00:03:52 INFO      Number of epochs:         25000
03.07.2018 00:03:52 INFO      Training samples:         20000
03.07.2018 00:03:52 INFO      NC experiments:           False
03.07.2018 00:03:52 INFO      Debug mode:               False
03.07.2018 00:04:13 INFO    Reduced training sample size from 9999997 to 20000 (factor 500)
03.07.2018 00:04:28 INFO    Starting training
2018-07-03 00:04:28.927077: W tensorflow/core/platform/cpu_feature_guard.cc:45] The TensorFlow library wasn't compiled to use SSE4.1 instructions, but these are available on your machine and could speed up CPU computations.
2018-07-03 00:04:28.927112: W tensorflow/core/platform/cpu_feature_guard.cc:45] The TensorFlow library wasn't compiled to use SSE4.2 instructions, but these are available on your machine and could speed up CPU computations.
2018-07-03 00:04:28.927117: W tensorflow/core/platform/cpu_feature_guard.cc:45] The TensorFlow library wasn't compiled to use AVX instructions, but these are available on your machine and could speed up CPU computations.
2018-07-03 00:04:28.927125: W tensorflow/core/platform/cpu_feature_guard.cc:45] The TensorFlow library wasn't compiled to use AVX2 instructions, but these are available on your machine and could speed up CPU computations.
2018-07-03 00:04:28.927130: W tensorflow/core/platform/cpu_feature_guard.cc:45] The TensorFlow library wasn't compiled to use FMA instructions, but these are available on your machine and could speed up CPU computations.
2018-07-03 00:04:29.147248: I tensorflow/core/common_runtime/gpu/gpu_device.cc:940] Found device 0 with properties: 
name: Tesla P40
major: 6 minor: 1 memoryClockRate (GHz) 1.531
pciBusID 0000:05:00.0
Total memory: 22.38GiB
Free memory: 22.22GiB
2018-07-03 00:04:29.147288: I tensorflow/core/common_runtime/gpu/gpu_device.cc:961] DMA: 0 
2018-07-03 00:04:29.147294: I tensorflow/core/common_runtime/gpu/gpu_device.cc:971] 0:   Y 
2018-07-03 00:04:29.147302: I tensorflow/core/common_runtime/gpu/gpu_device.cc:1030] Creating TensorFlow device (/gpu:0) -> (device: 0, name: Tesla P40, pci bus id: 0000:05:00.0)
Epoch 05083: early stopping
03.07.2018 01:28:42 INFO    Starting evaluation
03.07.2018 01:30:39 INFO    Starting theta 100 / 1017
03.07.2018 01:32:33 INFO    Starting theta 200 / 1017
03.07.2018 01:34:27 INFO    Starting theta 300 / 1017
03.07.2018 01:36:21 INFO    Starting theta 400 / 1017
03.07.2018 01:38:15 INFO    Starting theta 500 / 1017
03.07.2018 01:40:08 INFO    Starting theta 600 / 1017
03.07.2018 01:42:02 INFO    Starting theta 700 / 1017
03.07.2018 01:43:56 INFO    Starting theta 800 / 1017
03.07.2018 01:45:50 INFO    Starting theta 900 / 1017
03.07.2018 01:47:44 INFO    Starting theta 1000 / 1017
03.07.2018 01:48:04 INFO    Evaluation timing: median 1.12556791306 s, mean 1.12705582175 s
03.07.2018 01:48:04 INFO    Starting roaming
03.07.2018 01:48:28 INFO    Starting calibrated evaluation and roaming
03.07.2018 03:07:05 INFO    Starting theta 100 / 1017
03.07.2018 04:26:24 INFO    Starting theta 200 / 1017
03.07.2018 05:42:44 INFO    Starting theta 300 / 1017
03.07.2018 06:56:37 INFO    Starting theta 400 / 1017
03.07.2018 08:10:32 INFO    Starting theta 500 / 1017
