05.03.2018 08:16:44 INFO    Hi! How are you today?
05.03.2018 08:16:44 INFO    Startup options:
05.03.2018 08:16:44 INFO      Algorithm:                     histo
05.03.2018 08:16:44 INFO      Point by point:                False
05.03.2018 08:16:44 INFO      Morphing-aware mode:           False
05.03.2018 08:16:44 INFO      Smeared data:                  False
05.03.2018 08:16:44 INFO      Training sample:               baseline
05.03.2018 08:16:44 INFO      alpha:                         None
05.03.2018 08:16:44 INFO      Histogram / AFC X indices:     [1, 41]
05.03.2018 08:16:44 INFO      AFC epsilon:                   None
05.03.2018 08:16:44 INFO      Neyman construction toys:      True
05.03.2018 08:16:44 INFO      Other options:                 ['new']
05.03.2018 08:16:44 INFO      Base directory:                /home/jb6504/higgs_inference
05.03.2018 08:16:44 INFO      ML-based strategies available: False
05.03.2018 08:16:44 INFO    Starting histogram-based inference
05.03.2018 08:16:44 INFO    Settings:
05.03.2018 08:16:44 INFO      Statistics:              x [1, 41]
05.03.2018 08:16:44 INFO      Binning:                 optimized
05.03.2018 08:16:45 INFO    Starting theta 1/100: number 0 ([ 0.  0.])
05.03.2018 08:17:45 INFO    Starting theta 2/100: number 13 ([-1. -1.])
05.03.2018 08:17:53 INFO    Starting theta 3/100: number 14 ([-1.  1.])
05.03.2018 08:18:02 INFO    Starting theta 4/100: number 15 ([ 1. -1.])
05.03.2018 08:18:10 INFO    Starting theta 5/100: number 16 ([ 1.  1.])
05.03.2018 08:18:19 INFO    Starting theta 6/100: number 9 ([-0.5 -0.5])
05.03.2018 08:18:27 INFO    Starting theta 7/100: number 422 ([-0.19238158 -0.59962178])
05.03.2018 08:18:36 INFO    Starting theta 8/100: number 956 ([ 0.89009995 -0.46538046])
05.03.2018 08:18:45 INFO    Starting theta 9/100: number 666 ([ 0.30761222  0.31321016])
05.03.2018 08:18:53 INFO    Starting theta 10/100: number 802 ([ 0.57114539 -0.53482071])
05.03.2018 08:19:02 INFO    Starting theta 11/100: number 675 ([ 0.32337198 -0.34480615])
05.03.2018 08:19:10 INFO    Starting theta 12/100: number 839 ([ 0.64589677  0.55027312])
05.03.2018 08:19:19 INFO    Starting theta 13/100: number 699 ([ 0.36795424  0.28437234])
05.03.2018 08:19:27 INFO    Starting theta 14/100: number 820 ([ 0.60259509 -0.25412776])
05.03.2018 08:19:35 INFO    Starting theta 15/100: number 203 ([-0.61645122 -0.16986252])
05.03.2018 08:19:43 INFO    Starting theta 16/100: number 291 ([-0.44794652 -0.29910012])
05.03.2018 08:19:51 INFO    Starting theta 17/100: number 634 ([ 0.24693496 -0.77942393])
05.03.2018 08:19:59 INFO    Starting theta 18/100: number 371 ([-0.2996083   0.60243551])
05.03.2018 08:20:07 INFO    Starting theta 19/100: number 973 ([ 0.93200575 -0.74254176])
05.03.2018 08:20:15 INFO    Starting theta 20/100: number 742 ([ 0.45658682 -0.71556256])
05.03.2018 08:20:22 INFO    Starting theta 21/100: number 901 ([ 0.76761916  0.18918917])
05.03.2018 08:20:29 INFO    Starting theta 22/100: number 181 ([-0.67220747  0.99327244])
05.03.2018 08:20:37 INFO    Starting theta 23/100: number 82 ([-0.86582211  0.18873229])
05.03.2018 08:20:45 INFO    Starting theta 24/100: number 937 ([ 0.84175328  0.06646314])
05.03.2018 08:20:52 INFO    Starting theta 25/100: number 510 ([-0.02257083 -0.17754257])
05.03.2018 08:21:00 INFO    Starting theta 26/100: number 919 ([ 0.80563564 -0.3828255 ])
05.03.2018 08:21:07 INFO    Starting theta 27/100: number 745 ([ 0.45758533  0.23764021])
05.03.2018 08:21:15 INFO    Starting theta 28/100: number 588 ([ 0.14532057 -0.99903057])
05.03.2018 08:21:22 INFO    Starting theta 29/100: number 804 ([ 0.57747224  0.07115072])
05.03.2018 08:21:30 INFO    Starting theta 30/100: number 963 ([ 0.90819175 -0.62237577])
05.03.2018 08:21:37 INFO    Starting theta 31/100: number 396 ([-0.24354882  0.89907487])
05.03.2018 08:21:44 INFO    Starting theta 32/100: number 62 ([-0.91016569  0.09832916])
05.03.2018 08:21:52 INFO    Starting theta 33/100: number 401 ([-0.23817276  0.51270026])
05.03.2018 08:21:59 INFO    Starting theta 34/100: number 925 ([ 0.81840142 -0.15652572])
05.03.2018 08:22:07 INFO    Starting theta 35/100: number 874 ([ 0.70345114 -0.82047772])
05.03.2018 08:22:14 INFO    Starting theta 36/100: number 770 ([ 0.51044067 -0.52312918])
05.03.2018 08:22:21 INFO    Starting theta 37/100: number 108 ([-0.81715907  0.17467073])
05.03.2018 08:22:29 INFO    Starting theta 38/100: number 179 ([-0.67350217  0.25822043])
05.03.2018 08:22:36 INFO    Starting theta 39/100: number 669 ([ 0.31134279 -0.91513634])
05.03.2018 08:22:43 INFO    Starting theta 40/100: number 758 ([ 0.48555393  0.60272842])
05.03.2018 08:22:51 INFO    Starting theta 41/100: number 113 ([-0.81090693 -0.35089443])
05.03.2018 08:22:58 INFO    Starting theta 42/100: number 587 ([ 0.14343539 -0.40035765])
05.03.2018 08:23:05 INFO    Starting theta 43/100: number 600 ([ 0.16780437 -0.66065983])
05.03.2018 08:23:13 INFO    Starting theta 44/100: number 975 ([ 0.93334999 -0.05006023])
05.03.2018 08:23:20 INFO    Starting theta 45/100: number 496 ([-0.05130633 -0.92036265])
05.03.2018 08:23:28 INFO    Starting theta 46/100: number 66 ([-0.89913448 -0.075021  ])
05.03.2018 08:23:35 INFO    Starting theta 47/100: number 467 ([-0.09097912  0.32569428])
05.03.2018 08:23:42 INFO    Starting theta 48/100: number 412 ([-0.21229369  0.15277015])
05.03.2018 08:23:50 INFO    Starting theta 49/100: number 701 ([ 0.37293732  0.80702849])
05.03.2018 08:23:57 INFO    Starting theta 50/100: number 986 ([ 0.95088094  0.05214484])
05.03.2018 08:24:04 INFO    Starting theta 51/100: number 598 ([ 0.16578311 -0.09655258])
05.03.2018 08:24:11 INFO    Starting theta 52/100: number 810 ([ 0.58481973 -0.20571565])
05.03.2018 08:24:18 INFO    Starting theta 53/100: number 97 ([-0.83949827 -0.85622854])
05.03.2018 08:24:26 INFO    Starting theta 54/100: number 18 ([-0.99849038  0.13674514])
05.03.2018 08:24:33 INFO    Starting theta 55/100: number 723 ([ 0.42313754  0.04817991])
05.03.2018 08:24:40 INFO    Starting theta 56/100: number 159 ([-0.72275143  0.26484372])
05.03.2018 08:24:48 INFO    Starting theta 57/100: number 320 ([-0.39025216  0.89762413])
05.03.2018 08:24:55 INFO    Starting theta 58/100: number 301 ([-0.42496479 -0.29929615])
05.03.2018 08:25:03 INFO    Starting theta 59/100: number 352 ([-0.33117606 -0.06437794])
05.03.2018 08:25:10 INFO    Starting theta 60/100: number 159 ([-0.72275143  0.26484372])
05.03.2018 08:25:17 INFO    Starting theta 61/100: number 89 ([-0.852803    0.39758022])
05.03.2018 08:25:24 INFO    Starting theta 62/100: number 421 ([-0.19372397 -0.5487683 ])
05.03.2018 08:25:31 INFO    Starting theta 63/100: number 574 ([ 0.12059293  0.25501418])
05.03.2018 08:25:39 INFO    Starting theta 64/100: number 923 ([ 0.81364542  0.67663973])
05.03.2018 08:25:46 INFO    Starting theta 65/100: number 849 ([ 0.6583114   0.73535462])
05.03.2018 08:25:54 INFO    Starting theta 66/100: number 299 ([-0.43548471  0.24506174])
05.03.2018 08:26:01 INFO    Starting theta 67/100: number 119 ([-0.80217018 -0.19137665])
05.03.2018 08:26:09 INFO    Starting theta 68/100: number 167 ([-0.70631846 -0.18913046])
05.03.2018 08:26:17 INFO    Starting theta 69/100: number 939 ([ 0.84561864 -0.65874341])
05.03.2018 08:26:25 INFO    Starting theta 70/100: number 402 ([-0.23381329 -0.74778958])
05.03.2018 08:26:32 INFO    Starting theta 71/100: number 52 ([-0.92568077  0.24722516])
05.03.2018 08:26:40 INFO    Starting theta 72/100: number 787 ([ 0.54418497  0.30320758])
05.03.2018 08:26:47 INFO    Starting theta 73/100: number 978 ([ 0.9400757   0.37123973])
05.03.2018 08:26:55 INFO    Starting theta 74/100: number 41 ([-0.9466884  -0.84207419])
05.03.2018 08:27:02 INFO    Starting theta 75/100: number 873 ([ 0.70219015 -0.19960724])
05.03.2018 08:27:09 INFO    Starting theta 76/100: number 533 ([ 0.0176752  0.4110256])
05.03.2018 08:27:16 INFO    Starting theta 77/100: number 827 ([ 0.62406481 -0.33833102])
05.03.2018 08:27:24 INFO    Starting theta 78/100: number 304 ([-0.42112069 -0.83328775])
05.03.2018 08:27:32 INFO    Starting theta 79/100: number 294 ([-0.44383773  0.33528586])
05.03.2018 08:27:41 INFO    Starting theta 80/100: number 760 ([ 0.49108963 -0.17051546])
05.03.2018 08:27:49 INFO    Starting theta 81/100: number 890 ([ 0.74368597  0.764742  ])
05.03.2018 08:27:57 INFO    Starting theta 82/100: number 539 ([ 0.02611736  0.48536552])
05.03.2018 08:28:06 INFO    Starting theta 83/100: number 1000 ([ 0.97310957 -0.81263698])
05.03.2018 08:28:14 INFO    Starting theta 84/100: number 291 ([-0.44794652 -0.29910012])
05.03.2018 08:28:22 INFO    Starting theta 85/100: number 740 ([ 0.45098284 -0.09648431])
05.03.2018 08:28:30 INFO    Starting theta 86/100: number 276 ([-0.4640355  -0.39998652])
05.03.2018 08:28:39 INFO    Starting theta 87/100: number 679 ([ 0.33068993 -0.75125927])
05.03.2018 08:28:47 INFO    Starting theta 88/100: number 167 ([-0.70631846 -0.18913046])
05.03.2018 08:28:55 INFO    Starting theta 89/100: number 125 ([-0.7910712  -0.98769884])
05.03.2018 08:29:03 INFO    Starting theta 90/100: number 429 ([-0.17418656 -0.37102219])
05.03.2018 08:29:12 INFO    Starting theta 91/100: number 149 ([-0.73726809 -0.38348788])
05.03.2018 08:29:20 INFO    Starting theta 92/100: number 430 ([-0.16930044  0.22814164])
05.03.2018 08:29:28 INFO    Starting theta 93/100: number 720 ([ 0.41602256 -0.1168588 ])
05.03.2018 08:29:37 INFO    Starting theta 94/100: number 123 ([-0.79179407  0.72243203])
05.03.2018 08:29:45 INFO    Starting theta 95/100: number 908 ([ 0.77844761  0.32603028])
05.03.2018 08:29:53 INFO    Starting theta 96/100: number 256 ([-0.50703066 -0.72121867])
05.03.2018 08:30:01 INFO    Starting theta 97/100: number 777 ([ 0.52377237  0.01987936])
05.03.2018 08:30:10 INFO    Starting theta 98/100: number 809 ([ 0.58338739 -0.68531326])
05.03.2018 08:30:18 INFO    Starting theta 99/100: number 269 ([-0.48969042 -0.23040933])
05.03.2018 08:30:26 INFO    Starting theta 100/100: number 851 ([ 0.66684741 -0.33464755])
05.03.2018 08:30:34 INFO    Interpolation
05.03.2018 08:30:34 INFO    Training cross-entropy: 0.668226055703
05.03.2018 08:30:34 INFO    Training MSE log r: 0.215641946027
05.03.2018 08:30:34 INFO    That's it -- have a great day!
05.03.2018 08:30:36 INFO    Hi! How are you today?
05.03.2018 08:30:36 INFO    Startup options:
05.03.2018 08:30:36 INFO      Algorithm:                     histo
05.03.2018 08:30:36 INFO      Point by point:                False
05.03.2018 08:30:36 INFO      Morphing-aware mode:           False
05.03.2018 08:30:36 INFO      Smeared data:                  False
05.03.2018 08:30:36 INFO      Training sample:               baseline
05.03.2018 08:30:36 INFO      alpha:                         None
05.03.2018 08:30:36 INFO      Histogram / AFC X indices:     [1]
05.03.2018 08:30:36 INFO      AFC epsilon:                   None
05.03.2018 08:30:36 INFO      Neyman construction toys:      True
05.03.2018 08:30:36 INFO      Other options:                 ['new']
05.03.2018 08:30:36 INFO      Base directory:                /home/jb6504/higgs_inference
05.03.2018 08:30:36 INFO      ML-based strategies available: False
05.03.2018 08:30:36 INFO    Starting histogram-based inference
05.03.2018 08:30:36 INFO    Settings:
05.03.2018 08:30:36 INFO      Statistics:              x [1]
05.03.2018 08:30:36 INFO      Binning:                 optimized
05.03.2018 08:30:36 INFO    Starting theta 1/100: number 0 ([ 0.  0.])
05.03.2018 08:30:43 INFO    Starting theta 2/100: number 13 ([-1. -1.])
05.03.2018 08:30:51 INFO    Starting theta 3/100: number 14 ([-1.  1.])
05.03.2018 08:30:58 INFO    Starting theta 4/100: number 15 ([ 1. -1.])
05.03.2018 08:31:06 INFO    Starting theta 5/100: number 16 ([ 1.  1.])
05.03.2018 08:31:13 INFO    Starting theta 6/100: number 9 ([-0.5 -0.5])
05.03.2018 08:31:21 INFO    Starting theta 7/100: number 422 ([-0.19238158 -0.59962178])
05.03.2018 08:31:29 INFO    Starting theta 8/100: number 956 ([ 0.89009995 -0.46538046])
05.03.2018 08:31:36 INFO    Starting theta 9/100: number 666 ([ 0.30761222  0.31321016])
05.03.2018 08:31:44 INFO    Starting theta 10/100: number 802 ([ 0.57114539 -0.53482071])
05.03.2018 08:31:51 INFO    Starting theta 11/100: number 675 ([ 0.32337198 -0.34480615])
05.03.2018 08:31:59 INFO    Starting theta 12/100: number 839 ([ 0.64589677  0.55027312])
05.03.2018 08:32:07 INFO    Starting theta 13/100: number 699 ([ 0.36795424  0.28437234])
05.03.2018 08:32:14 INFO    Starting theta 14/100: number 820 ([ 0.60259509 -0.25412776])
05.03.2018 08:32:22 INFO    Starting theta 15/100: number 203 ([-0.61645122 -0.16986252])
05.03.2018 08:32:30 INFO    Starting theta 16/100: number 291 ([-0.44794652 -0.29910012])
05.03.2018 08:32:37 INFO    Starting theta 17/100: number 634 ([ 0.24693496 -0.77942393])
05.03.2018 08:32:45 INFO    Starting theta 18/100: number 371 ([-0.2996083   0.60243551])
05.03.2018 08:32:52 INFO    Starting theta 19/100: number 973 ([ 0.93200575 -0.74254176])
05.03.2018 08:33:00 INFO    Starting theta 20/100: number 742 ([ 0.45658682 -0.71556256])
05.03.2018 08:33:08 INFO    Starting theta 21/100: number 901 ([ 0.76761916  0.18918917])
05.03.2018 08:33:16 INFO    Starting theta 22/100: number 181 ([-0.67220747  0.99327244])
05.03.2018 08:33:23 INFO    Starting theta 23/100: number 82 ([-0.86582211  0.18873229])
05.03.2018 08:33:31 INFO    Starting theta 24/100: number 937 ([ 0.84175328  0.06646314])
05.03.2018 08:33:38 INFO    Starting theta 25/100: number 510 ([-0.02257083 -0.17754257])
05.03.2018 08:33:45 INFO    Starting theta 26/100: number 919 ([ 0.80563564 -0.3828255 ])
05.03.2018 08:33:52 INFO    Starting theta 27/100: number 745 ([ 0.45758533  0.23764021])
05.03.2018 08:33:59 INFO    Starting theta 28/100: number 588 ([ 0.14532057 -0.99903057])
05.03.2018 08:34:06 INFO    Starting theta 29/100: number 804 ([ 0.57747224  0.07115072])
05.03.2018 08:34:13 INFO    Starting theta 30/100: number 963 ([ 0.90819175 -0.62237577])
05.03.2018 08:34:19 INFO    Starting theta 31/100: number 396 ([-0.24354882  0.89907487])
05.03.2018 08:34:26 INFO    Starting theta 32/100: number 62 ([-0.91016569  0.09832916])
05.03.2018 08:34:33 INFO    Starting theta 33/100: number 401 ([-0.23817276  0.51270026])
05.03.2018 08:34:40 INFO    Starting theta 34/100: number 925 ([ 0.81840142 -0.15652572])
05.03.2018 08:34:47 INFO    Starting theta 35/100: number 874 ([ 0.70345114 -0.82047772])
05.03.2018 08:34:54 INFO    Starting theta 36/100: number 770 ([ 0.51044067 -0.52312918])
05.03.2018 08:35:00 INFO    Starting theta 37/100: number 108 ([-0.81715907  0.17467073])
05.03.2018 08:35:07 INFO    Starting theta 38/100: number 179 ([-0.67350217  0.25822043])
05.03.2018 08:35:14 INFO    Starting theta 39/100: number 669 ([ 0.31134279 -0.91513634])
05.03.2018 08:35:21 INFO    Starting theta 40/100: number 758 ([ 0.48555393  0.60272842])
05.03.2018 08:35:28 INFO    Starting theta 41/100: number 113 ([-0.81090693 -0.35089443])
05.03.2018 08:35:34 INFO    Starting theta 42/100: number 587 ([ 0.14343539 -0.40035765])
05.03.2018 08:35:42 INFO    Starting theta 43/100: number 600 ([ 0.16780437 -0.66065983])
05.03.2018 08:35:48 INFO    Starting theta 44/100: number 975 ([ 0.93334999 -0.05006023])
05.03.2018 08:35:55 INFO    Starting theta 45/100: number 496 ([-0.05130633 -0.92036265])
05.03.2018 08:36:02 INFO    Starting theta 46/100: number 66 ([-0.89913448 -0.075021  ])
05.03.2018 08:36:09 INFO    Starting theta 47/100: number 467 ([-0.09097912  0.32569428])
05.03.2018 08:36:16 INFO    Starting theta 48/100: number 412 ([-0.21229369  0.15277015])
05.03.2018 08:36:23 INFO    Starting theta 49/100: number 701 ([ 0.37293732  0.80702849])
05.03.2018 08:36:30 INFO    Starting theta 50/100: number 986 ([ 0.95088094  0.05214484])
05.03.2018 08:36:37 INFO    Starting theta 51/100: number 598 ([ 0.16578311 -0.09655258])
05.03.2018 08:36:44 INFO    Starting theta 52/100: number 810 ([ 0.58481973 -0.20571565])
05.03.2018 08:36:51 INFO    Starting theta 53/100: number 97 ([-0.83949827 -0.85622854])
05.03.2018 08:36:57 INFO    Starting theta 54/100: number 18 ([-0.99849038  0.13674514])
05.03.2018 08:37:04 INFO    Starting theta 55/100: number 723 ([ 0.42313754  0.04817991])
05.03.2018 08:37:11 INFO    Starting theta 56/100: number 159 ([-0.72275143  0.26484372])
05.03.2018 08:37:18 INFO    Starting theta 57/100: number 320 ([-0.39025216  0.89762413])
05.03.2018 08:37:26 INFO    Starting theta 58/100: number 301 ([-0.42496479 -0.29929615])
05.03.2018 08:37:33 INFO    Starting theta 59/100: number 352 ([-0.33117606 -0.06437794])
05.03.2018 08:37:39 INFO    Starting theta 60/100: number 159 ([-0.72275143  0.26484372])
05.03.2018 08:37:46 INFO    Starting theta 61/100: number 89 ([-0.852803    0.39758022])
05.03.2018 08:37:53 INFO    Starting theta 62/100: number 421 ([-0.19372397 -0.5487683 ])
05.03.2018 08:38:01 INFO    Starting theta 63/100: number 574 ([ 0.12059293  0.25501418])
05.03.2018 08:38:08 INFO    Starting theta 64/100: number 923 ([ 0.81364542  0.67663973])
05.03.2018 08:38:15 INFO    Starting theta 65/100: number 849 ([ 0.6583114   0.73535462])
05.03.2018 08:38:22 INFO    Starting theta 66/100: number 299 ([-0.43548471  0.24506174])
05.03.2018 08:38:29 INFO    Starting theta 67/100: number 119 ([-0.80217018 -0.19137665])
05.03.2018 08:38:35 INFO    Starting theta 68/100: number 167 ([-0.70631846 -0.18913046])
05.03.2018 08:38:42 INFO    Starting theta 69/100: number 939 ([ 0.84561864 -0.65874341])
05.03.2018 08:38:49 INFO    Starting theta 70/100: number 402 ([-0.23381329 -0.74778958])
05.03.2018 08:38:56 INFO    Starting theta 71/100: number 52 ([-0.92568077  0.24722516])
05.03.2018 08:39:03 INFO    Starting theta 72/100: number 787 ([ 0.54418497  0.30320758])
05.03.2018 08:39:10 INFO    Starting theta 73/100: number 978 ([ 0.9400757   0.37123973])
05.03.2018 08:39:16 INFO    Starting theta 74/100: number 41 ([-0.9466884  -0.84207419])
05.03.2018 08:39:23 INFO    Starting theta 75/100: number 873 ([ 0.70219015 -0.19960724])
05.03.2018 08:39:30 INFO    Starting theta 76/100: number 533 ([ 0.0176752  0.4110256])
05.03.2018 08:39:37 INFO    Starting theta 77/100: number 827 ([ 0.62406481 -0.33833102])
05.03.2018 08:39:44 INFO    Starting theta 78/100: number 304 ([-0.42112069 -0.83328775])
05.03.2018 08:39:51 INFO    Starting theta 79/100: number 294 ([-0.44383773  0.33528586])
05.03.2018 08:39:57 INFO    Starting theta 80/100: number 760 ([ 0.49108963 -0.17051546])
05.03.2018 08:40:05 INFO    Starting theta 81/100: number 890 ([ 0.74368597  0.764742  ])
05.03.2018 08:40:13 INFO    Starting theta 82/100: number 539 ([ 0.02611736  0.48536552])
05.03.2018 08:40:21 INFO    Starting theta 83/100: number 1000 ([ 0.97310957 -0.81263698])
05.03.2018 08:40:29 INFO    Starting theta 84/100: number 291 ([-0.44794652 -0.29910012])
05.03.2018 08:40:37 INFO    Starting theta 85/100: number 740 ([ 0.45098284 -0.09648431])
05.03.2018 08:40:44 INFO    Starting theta 86/100: number 276 ([-0.4640355  -0.39998652])
05.03.2018 08:40:52 INFO    Starting theta 87/100: number 679 ([ 0.33068993 -0.75125927])
05.03.2018 08:41:00 INFO    Starting theta 88/100: number 167 ([-0.70631846 -0.18913046])
05.03.2018 08:41:07 INFO    Starting theta 89/100: number 125 ([-0.7910712  -0.98769884])
05.03.2018 08:41:15 INFO    Starting theta 90/100: number 429 ([-0.17418656 -0.37102219])
05.03.2018 08:41:23 INFO    Starting theta 91/100: number 149 ([-0.73726809 -0.38348788])
05.03.2018 08:41:30 INFO    Starting theta 92/100: number 430 ([-0.16930044  0.22814164])
05.03.2018 08:41:38 INFO    Starting theta 93/100: number 720 ([ 0.41602256 -0.1168588 ])
05.03.2018 08:41:46 INFO    Starting theta 94/100: number 123 ([-0.79179407  0.72243203])
05.03.2018 08:41:53 INFO    Starting theta 95/100: number 908 ([ 0.77844761  0.32603028])
05.03.2018 08:42:01 INFO    Starting theta 96/100: number 256 ([-0.50703066 -0.72121867])
05.03.2018 08:42:09 INFO    Starting theta 97/100: number 777 ([ 0.52377237  0.01987936])
05.03.2018 08:42:16 INFO    Starting theta 98/100: number 809 ([ 0.58338739 -0.68531326])
05.03.2018 08:42:24 INFO    Starting theta 99/100: number 269 ([-0.48969042 -0.23040933])
05.03.2018 08:42:32 INFO    Starting theta 100/100: number 851 ([ 0.66684741 -0.33464755])
05.03.2018 08:42:39 INFO    Interpolation
05.03.2018 08:42:39 INFO    Training cross-entropy: 0.68075759916
05.03.2018 08:42:39 INFO    Training MSE log r: 0.365095743036
05.03.2018 08:42:39 INFO    That's it -- have a great day!
05.03.2018 08:42:40 INFO    Hi! How are you today?
05.03.2018 08:42:40 INFO    Startup options:
05.03.2018 08:42:40 INFO      Algorithm:                     histo
05.03.2018 08:42:40 INFO      Point by point:                False
05.03.2018 08:42:40 INFO      Morphing-aware mode:           False
05.03.2018 08:42:40 INFO      Smeared data:                  False
05.03.2018 08:42:40 INFO      Training sample:               baseline
05.03.2018 08:42:40 INFO      alpha:                         None
05.03.2018 08:42:40 INFO      Histogram / AFC X indices:     [41]
05.03.2018 08:42:40 INFO      AFC epsilon:                   None
05.03.2018 08:42:40 INFO      Neyman construction toys:      True
05.03.2018 08:42:40 INFO      Other options:                 ['new']
05.03.2018 08:42:40 INFO      Base directory:                /home/jb6504/higgs_inference
05.03.2018 08:42:40 INFO      ML-based strategies available: False
05.03.2018 08:42:40 INFO    Starting histogram-based inference
05.03.2018 08:42:40 INFO    Settings:
05.03.2018 08:42:40 INFO      Statistics:              x [41]
05.03.2018 08:42:40 INFO      Binning:                 optimized
05.03.2018 08:42:40 INFO    Starting theta 1/100: number 0 ([ 0.  0.])
05.03.2018 08:42:48 INFO    Starting theta 2/100: number 13 ([-1. -1.])
05.03.2018 08:42:56 INFO    Starting theta 3/100: number 14 ([-1.  1.])
05.03.2018 08:43:04 INFO    Starting theta 4/100: number 15 ([ 1. -1.])
05.03.2018 08:43:12 INFO    Starting theta 5/100: number 16 ([ 1.  1.])
05.03.2018 08:43:19 INFO    Starting theta 6/100: number 9 ([-0.5 -0.5])
05.03.2018 08:43:27 INFO    Starting theta 7/100: number 422 ([-0.19238158 -0.59962178])
05.03.2018 08:43:35 INFO    Starting theta 8/100: number 956 ([ 0.89009995 -0.46538046])
05.03.2018 08:43:43 INFO    Starting theta 9/100: number 666 ([ 0.30761222  0.31321016])
05.03.2018 08:43:50 INFO    Starting theta 10/100: number 802 ([ 0.57114539 -0.53482071])
05.03.2018 08:43:58 INFO    Starting theta 11/100: number 675 ([ 0.32337198 -0.34480615])
05.03.2018 08:44:06 INFO    Starting theta 12/100: number 839 ([ 0.64589677  0.55027312])
05.03.2018 08:44:13 INFO    Starting theta 13/100: number 699 ([ 0.36795424  0.28437234])
05.03.2018 08:44:21 INFO    Starting theta 14/100: number 820 ([ 0.60259509 -0.25412776])
05.03.2018 08:44:28 INFO    Starting theta 15/100: number 203 ([-0.61645122 -0.16986252])
05.03.2018 08:44:36 INFO    Starting theta 16/100: number 291 ([-0.44794652 -0.29910012])
05.03.2018 08:44:44 INFO    Starting theta 17/100: number 634 ([ 0.24693496 -0.77942393])
05.03.2018 08:44:51 INFO    Starting theta 18/100: number 371 ([-0.2996083   0.60243551])
05.03.2018 08:44:59 INFO    Starting theta 19/100: number 973 ([ 0.93200575 -0.74254176])
05.03.2018 08:45:06 INFO    Starting theta 20/100: number 742 ([ 0.45658682 -0.71556256])
05.03.2018 08:45:15 INFO    Starting theta 21/100: number 901 ([ 0.76761916  0.18918917])
05.03.2018 08:45:22 INFO    Starting theta 22/100: number 181 ([-0.67220747  0.99327244])
05.03.2018 08:45:30 INFO    Starting theta 23/100: number 82 ([-0.86582211  0.18873229])
05.03.2018 08:45:38 INFO    Starting theta 24/100: number 937 ([ 0.84175328  0.06646314])
05.03.2018 08:45:45 INFO    Starting theta 25/100: number 510 ([-0.02257083 -0.17754257])
05.03.2018 08:45:53 INFO    Starting theta 26/100: number 919 ([ 0.80563564 -0.3828255 ])
05.03.2018 08:46:00 INFO    Starting theta 27/100: number 745 ([ 0.45758533  0.23764021])
05.03.2018 08:46:07 INFO    Starting theta 28/100: number 588 ([ 0.14532057 -0.99903057])
05.03.2018 08:46:14 INFO    Starting theta 29/100: number 804 ([ 0.57747224  0.07115072])
05.03.2018 08:46:21 INFO    Starting theta 30/100: number 963 ([ 0.90819175 -0.62237577])
05.03.2018 08:46:28 INFO    Starting theta 31/100: number 396 ([-0.24354882  0.89907487])
05.03.2018 08:46:35 INFO    Starting theta 32/100: number 62 ([-0.91016569  0.09832916])
05.03.2018 08:46:41 INFO    Starting theta 33/100: number 401 ([-0.23817276  0.51270026])
05.03.2018 08:46:48 INFO    Starting theta 34/100: number 925 ([ 0.81840142 -0.15652572])
05.03.2018 08:46:55 INFO    Starting theta 35/100: number 874 ([ 0.70345114 -0.82047772])
05.03.2018 08:47:01 INFO    Starting theta 36/100: number 770 ([ 0.51044067 -0.52312918])
05.03.2018 08:47:08 INFO    Starting theta 37/100: number 108 ([-0.81715907  0.17467073])
05.03.2018 08:47:15 INFO    Starting theta 38/100: number 179 ([-0.67350217  0.25822043])
05.03.2018 08:47:22 INFO    Starting theta 39/100: number 669 ([ 0.31134279 -0.91513634])
05.03.2018 08:47:29 INFO    Starting theta 40/100: number 758 ([ 0.48555393  0.60272842])
05.03.2018 08:47:36 INFO    Starting theta 41/100: number 113 ([-0.81090693 -0.35089443])
05.03.2018 08:47:42 INFO    Starting theta 42/100: number 587 ([ 0.14343539 -0.40035765])
05.03.2018 08:47:49 INFO    Starting theta 43/100: number 600 ([ 0.16780437 -0.66065983])
05.03.2018 08:47:56 INFO    Starting theta 44/100: number 975 ([ 0.93334999 -0.05006023])
05.03.2018 08:48:03 INFO    Starting theta 45/100: number 496 ([-0.05130633 -0.92036265])
05.03.2018 08:48:10 INFO    Starting theta 46/100: number 66 ([-0.89913448 -0.075021  ])
05.03.2018 08:48:17 INFO    Starting theta 47/100: number 467 ([-0.09097912  0.32569428])
05.03.2018 08:48:24 INFO    Starting theta 48/100: number 412 ([-0.21229369  0.15277015])
05.03.2018 08:48:30 INFO    Starting theta 49/100: number 701 ([ 0.37293732  0.80702849])
05.03.2018 08:48:37 INFO    Starting theta 50/100: number 986 ([ 0.95088094  0.05214484])
05.03.2018 08:48:44 INFO    Starting theta 51/100: number 598 ([ 0.16578311 -0.09655258])
05.03.2018 08:48:50 INFO    Starting theta 52/100: number 810 ([ 0.58481973 -0.20571565])
05.03.2018 08:48:57 INFO    Starting theta 53/100: number 97 ([-0.83949827 -0.85622854])
05.03.2018 08:49:04 INFO    Starting theta 54/100: number 18 ([-0.99849038  0.13674514])
05.03.2018 08:49:10 INFO    Starting theta 55/100: number 723 ([ 0.42313754  0.04817991])
05.03.2018 08:49:17 INFO    Starting theta 56/100: number 159 ([-0.72275143  0.26484372])
05.03.2018 08:49:24 INFO    Starting theta 57/100: number 320 ([-0.39025216  0.89762413])
05.03.2018 08:49:31 INFO    Starting theta 58/100: number 301 ([-0.42496479 -0.29929615])
05.03.2018 08:49:37 INFO    Starting theta 59/100: number 352 ([-0.33117606 -0.06437794])
05.03.2018 08:49:44 INFO    Starting theta 60/100: number 159 ([-0.72275143  0.26484372])
05.03.2018 08:49:51 INFO    Starting theta 61/100: number 89 ([-0.852803    0.39758022])
05.03.2018 08:49:58 INFO    Starting theta 62/100: number 421 ([-0.19372397 -0.5487683 ])
05.03.2018 08:50:04 INFO    Starting theta 63/100: number 574 ([ 0.12059293  0.25501418])
05.03.2018 08:50:12 INFO    Starting theta 64/100: number 923 ([ 0.81364542  0.67663973])
05.03.2018 08:50:18 INFO    Starting theta 65/100: number 849 ([ 0.6583114   0.73535462])
05.03.2018 08:50:26 INFO    Starting theta 66/100: number 299 ([-0.43548471  0.24506174])
05.03.2018 08:50:32 INFO    Starting theta 67/100: number 119 ([-0.80217018 -0.19137665])
05.03.2018 08:50:39 INFO    Starting theta 68/100: number 167 ([-0.70631846 -0.18913046])
05.03.2018 08:50:46 INFO    Starting theta 69/100: number 939 ([ 0.84561864 -0.65874341])
05.03.2018 08:50:53 INFO    Starting theta 70/100: number 402 ([-0.23381329 -0.74778958])
05.03.2018 08:50:59 INFO    Starting theta 71/100: number 52 ([-0.92568077  0.24722516])
05.03.2018 08:51:06 INFO    Starting theta 72/100: number 787 ([ 0.54418497  0.30320758])
05.03.2018 08:51:13 INFO    Starting theta 73/100: number 978 ([ 0.9400757   0.37123973])
05.03.2018 08:51:20 INFO    Starting theta 74/100: number 41 ([-0.9466884  -0.84207419])
05.03.2018 08:51:27 INFO    Starting theta 75/100: number 873 ([ 0.70219015 -0.19960724])
05.03.2018 08:51:33 INFO    Starting theta 76/100: number 533 ([ 0.0176752  0.4110256])
05.03.2018 08:51:40 INFO    Starting theta 77/100: number 827 ([ 0.62406481 -0.33833102])
05.03.2018 08:51:47 INFO    Starting theta 78/100: number 304 ([-0.42112069 -0.83328775])
05.03.2018 08:51:54 INFO    Starting theta 79/100: number 294 ([-0.44383773  0.33528586])
05.03.2018 08:52:00 INFO    Starting theta 80/100: number 760 ([ 0.49108963 -0.17051546])
05.03.2018 08:52:07 INFO    Starting theta 81/100: number 890 ([ 0.74368597  0.764742  ])
05.03.2018 08:52:14 INFO    Starting theta 82/100: number 539 ([ 0.02611736  0.48536552])
05.03.2018 08:52:21 INFO    Starting theta 83/100: number 1000 ([ 0.97310957 -0.81263698])
05.03.2018 08:52:27 INFO    Starting theta 84/100: number 291 ([-0.44794652 -0.29910012])
05.03.2018 08:52:34 INFO    Starting theta 85/100: number 740 ([ 0.45098284 -0.09648431])
05.03.2018 08:52:42 INFO    Starting theta 86/100: number 276 ([-0.4640355  -0.39998652])
05.03.2018 08:52:49 INFO    Starting theta 87/100: number 679 ([ 0.33068993 -0.75125927])
05.03.2018 08:52:57 INFO    Starting theta 88/100: number 167 ([-0.70631846 -0.18913046])
05.03.2018 08:53:04 INFO    Starting theta 89/100: number 125 ([-0.7910712  -0.98769884])
05.03.2018 08:53:12 INFO    Starting theta 90/100: number 429 ([-0.17418656 -0.37102219])
05.03.2018 08:53:20 INFO    Starting theta 91/100: number 149 ([-0.73726809 -0.38348788])
05.03.2018 08:53:27 INFO    Starting theta 92/100: number 430 ([-0.16930044  0.22814164])
05.03.2018 08:53:35 INFO    Starting theta 93/100: number 720 ([ 0.41602256 -0.1168588 ])
05.03.2018 08:53:42 INFO    Starting theta 94/100: number 123 ([-0.79179407  0.72243203])
05.03.2018 08:53:50 INFO    Starting theta 95/100: number 908 ([ 0.77844761  0.32603028])
05.03.2018 08:53:58 INFO    Starting theta 96/100: number 256 ([-0.50703066 -0.72121867])
05.03.2018 08:54:05 INFO    Starting theta 97/100: number 777 ([ 0.52377237  0.01987936])
05.03.2018 08:54:13 INFO    Starting theta 98/100: number 809 ([ 0.58338739 -0.68531326])
05.03.2018 08:54:20 INFO    Starting theta 99/100: number 269 ([-0.48969042 -0.23040933])
05.03.2018 08:54:28 INFO    Starting theta 100/100: number 851 ([ 0.66684741 -0.33464755])
05.03.2018 08:54:35 INFO    Interpolation
05.03.2018 08:54:35 INFO    Training cross-entropy: 0.68572683307
05.03.2018 08:54:35 INFO    Training MSE log r: 0.451783593061
05.03.2018 08:54:36 INFO    That's it -- have a great day!
