26.04.2018 11:11:24 INFO    Welcome! How are you today?
26.04.2018 11:11:24 INFO    Tasks:
26.04.2018 11:11:24 INFO      Baseline training:                 False
26.04.2018 11:11:24 INFO      Random training:                   False
26.04.2018 11:11:24 INFO      Morphing training:                 False
26.04.2018 11:11:24 INFO      Point-by-point training:           True
26.04.2018 11:11:24 INFO      Score regression training:         False
26.04.2018 11:11:24 INFO      Calibration:                       False
26.04.2018 11:11:24 INFO      Recalibration:                     False
26.04.2018 11:11:24 INFO      Likelihood ratio eval:             False
26.04.2018 11:11:24 INFO      Neyman construction:               False
26.04.2018 11:11:24 INFO      Neyman construction (alternative): False
26.04.2018 11:11:24 INFO      Neyman construction (alternative): False
26.04.2018 11:11:24 INFO      Roaming:                           False
26.04.2018 11:11:24 INFO      Illustration:                      False
26.04.2018 11:11:24 INFO    Options:
26.04.2018 11:11:24 INFO      Denominator:                       alternative 3
26.04.2018 11:11:24 INFO      New samples (no NaN removal):      False
26.04.2018 11:11:24 INFO      Dry run:                           False
26.04.2018 11:26:07 INFO    Splitting...
26.04.2018 11:26:43 INFO    Number of events:
26.04.2018 11:26:43 INFO      All:    821636
26.04.2018 11:26:43 INFO      Training:    575145
26.04.2018 11:26:43 INFO      Calibration: 82164
26.04.2018 11:26:43 INFO      Evaluation:  164327
26.04.2018 11:26:45 INFO    Normalizing probabilities
26.04.2018 11:28:23 INFO    Generating point-by-point training samples
generate_data.py:479: RuntimeWarning: divide by zero encountered in log
  cut = np.isfinite(np.log(r)) & np.isfinite(scores[:, 0]) & np.isfinite(scores[:, 1])
26.04.2018 12:38:41 INFO    Done!
