Using TensorFlow backend.
26.03.2018 17:39:20 INFO    Hi! How are you today?
26.03.2018 17:39:20 INFO    Startup options:
26.03.2018 17:39:20 INFO      Algorithm:                     combinedregression
26.03.2018 17:39:20 INFO      Point by point:                False
26.03.2018 17:39:20 INFO      Morphing-aware mode:           False
26.03.2018 17:39:20 INFO      Smeared data:                  False
26.03.2018 17:39:20 INFO      Training sample:               baseline
26.03.2018 17:39:20 INFO      alpha:                         None
26.03.2018 17:39:20 INFO      Histogram / AFC X indices:     [1, 38, 39, 40, 41]
26.03.2018 17:39:20 INFO      AFC epsilon:                   None
26.03.2018 17:39:20 INFO      Denominator theta:             True
26.03.2018 17:39:20 INFO      Neyman construction toys:      0
26.03.2018 17:39:20 INFO      Other options:                 ['deep', 'neyman2']
26.03.2018 17:39:20 INFO      Base directory:                /home/jb6504/higgs_inference
26.03.2018 17:39:20 INFO      ML-based strategies available: True
26.03.2018 17:39:20 INFO    Starting parameterized inference
26.03.2018 17:39:20 INFO    Main settings:
26.03.2018 17:39:20 INFO      Algorithm:                combinedregression
26.03.2018 17:39:20 INFO      Morphing-aware:           False
26.03.2018 17:39:20 INFO      Training sample:          baseline
26.03.2018 17:39:20 INFO      Denominator theta:        denominator 0 = theta 708 = [ 0.39293227  0.43229216]
26.03.2018 17:39:20 INFO    Options:
26.03.2018 17:39:20 INFO      Number of hidden layers:  5
26.03.2018 17:39:20 INFO      alpha:                    100.0
26.03.2018 17:39:20 INFO      Batch size:               128
26.03.2018 17:39:20 INFO      Learning rate:            0.001
26.03.2018 17:39:20 INFO      Learning rate decay:      0.0921034037198
26.03.2018 17:39:20 INFO      Number of epochs:         50
26.03.2018 17:39:20 INFO      NC experiments:           (10000 alternate + 10000 null) experiments with 1 alternate events each
26.03.2018 17:39:20 INFO      Debug mode:               False
26.03.2018 17:40:07 INFO    Starting training
Train on 7999997 samples, validate on 2000000 samples
2018-03-26 17:40:08.129251: W tensorflow/core/platform/cpu_feature_guard.cc:45] The TensorFlow library wasn't compiled to use SSE4.1 instructions, but these are available on your machine and could speed up CPU computations.
2018-03-26 17:40:08.129588: W tensorflow/core/platform/cpu_feature_guard.cc:45] The TensorFlow library wasn't compiled to use SSE4.2 instructions, but these are available on your machine and could speed up CPU computations.
2018-03-26 17:40:08.129597: W tensorflow/core/platform/cpu_feature_guard.cc:45] The TensorFlow library wasn't compiled to use AVX instructions, but these are available on your machine and could speed up CPU computations.
2018-03-26 17:40:08.129602: W tensorflow/core/platform/cpu_feature_guard.cc:45] The TensorFlow library wasn't compiled to use AVX2 instructions, but these are available on your machine and could speed up CPU computations.
2018-03-26 17:40:08.129606: W tensorflow/core/platform/cpu_feature_guard.cc:45] The TensorFlow library wasn't compiled to use FMA instructions, but these are available on your machine and could speed up CPU computations.
2018-03-26 17:40:08.450180: I tensorflow/core/common_runtime/gpu/gpu_device.cc:940] Found device 0 with properties: 
name: Tesla P40
major: 6 minor: 1 memoryClockRate (GHz) 1.531
pciBusID 0000:04:00.0
Total memory: 22.38GiB
Free memory: 22.21GiB
2018-03-26 17:40:08.450217: I tensorflow/core/common_runtime/gpu/gpu_device.cc:961] DMA: 0 
2018-03-26 17:40:08.450222: I tensorflow/core/common_runtime/gpu/gpu_device.cc:971] 0:   Y 
2018-03-26 17:40:08.450231: I tensorflow/core/common_runtime/gpu/gpu_device.cc:1030] Creating TensorFlow device (/gpu:0) -> (device: 0, name: Tesla P40, pci bus id: 0000:04:00.0)
Epoch 1/50
539s - loss: 5270.1190 - full_cross_entropy: 0.6694 - trimmed_cross_entropy: 0.6589 - full_mse_log_r: 0.1313 - trimmed_mse_log_r: 0.1292 - full_mae_log_r: 0.2300 - full_mse_score: 6.3250 - trimmed_mse_score: 0.4149 - full_mae_score: 0.2554 - val_loss: 5321.7075 - val_full_cross_entropy: 0.6631 - val_trimmed_cross_entropy: 0.6527 - val_full_mse_log_r: 0.0600 - val_trimmed_mse_log_r: 0.0590 - val_full_mae_log_r: 0.1613 - val_full_mse_score: 4.4379 - val_trimmed_mse_score: 0.3099 - val_full_mae_score: 0.2139
Epoch 2/50
536s - loss: 5196.6074 - full_cross_entropy: 0.6654 - trimmed_cross_entropy: 0.6550 - full_mse_log_r: 0.0831 - trimmed_mse_log_r: 0.0818 - full_mae_log_r: 0.1989 - full_mse_score: 6.0232 - trimmed_mse_score: 0.2810 - full_mae_score: 0.2081 - val_loss: 5229.4080 - val_full_cross_entropy: 0.6669 - val_trimmed_cross_entropy: 0.6564 - val_full_mse_log_r: 0.0881 - val_trimmed_mse_log_r: 0.0867 - val_full_mae_log_r: 0.2444 - val_full_mse_score: 4.2314 - val_trimmed_mse_score: 0.2401 - val_full_mae_score: 0.1931
Epoch 3/50
537s - loss: 5076.2222 - full_cross_entropy: 0.6647 - trimmed_cross_entropy: 0.6543 - full_mse_log_r: 0.0731 - trimmed_mse_log_r: 0.0720 - full_mae_log_r: 0.1907 - full_mse_score: 5.8872 - trimmed_mse_score: 0.2515 - full_mae_score: 0.1908 - val_loss: 5042.6790 - val_full_cross_entropy: 0.6648 - val_trimmed_cross_entropy: 0.6544 - val_full_mse_log_r: 0.0775 - val_trimmed_mse_log_r: 0.0763 - val_full_mae_log_r: 0.1521 - val_full_mse_score: 4.3113 - val_trimmed_mse_score: 0.2479 - val_full_mae_score: 0.1927
Epoch 4/50
537s - loss: 4999.9080 - full_cross_entropy: 0.6640 - trimmed_cross_entropy: 0.6537 - full_mse_log_r: 0.0653 - trimmed_mse_log_r: 0.0642 - full_mae_log_r: 0.1816 - full_mse_score: 5.8169 - trimmed_mse_score: 0.2169 - full_mae_score: 0.1789 - val_loss: 5193.4708 - val_full_cross_entropy: 0.6635 - val_trimmed_cross_entropy: 0.6531 - val_full_mse_log_r: 0.0558 - val_trimmed_mse_log_r: 0.0549 - val_full_mae_log_r: 0.1943 - val_full_mse_score: 4.0453 - val_trimmed_mse_score: 0.2016 - val_full_mae_score: 0.1778
Epoch 5/50
537s - loss: 4856.2932 - full_cross_entropy: 0.6631 - trimmed_cross_entropy: 0.6528 - full_mse_log_r: 0.0562 - trimmed_mse_log_r: 0.0553 - full_mae_log_r: 0.1680 - full_mse_score: 5.6949 - trimmed_mse_score: 0.1928 - full_mae_score: 0.1690 - val_loss: 5196.1096 - val_full_cross_entropy: 0.6614 - val_trimmed_cross_entropy: 0.6511 - val_full_mse_log_r: 0.0395 - val_trimmed_mse_log_r: 0.0389 - val_full_mae_log_r: 0.1464 - val_full_mse_score: 4.0195 - val_trimmed_mse_score: 0.1970 - val_full_mae_score: 0.1694
Epoch 6/50
537s - loss: 4836.7107 - full_cross_entropy: 0.6625 - trimmed_cross_entropy: 0.6521 - full_mse_log_r: 0.0491 - trimmed_mse_log_r: 0.0483 - full_mae_log_r: 0.1579 - full_mse_score: 5.5925 - trimmed_mse_score: 0.1719 - full_mae_score: 0.1588 - val_loss: 4940.1233 - val_full_cross_entropy: 0.6666 - val_trimmed_cross_entropy: 0.6562 - val_full_mse_log_r: 0.0835 - val_trimmed_mse_log_r: 0.0822 - val_full_mae_log_r: 0.2459 - val_full_mse_score: 3.9431 - val_trimmed_mse_score: 0.1608 - val_full_mae_score: 0.1642
Epoch 7/50
537s - loss: 4764.6334 - full_cross_entropy: 0.6621 - trimmed_cross_entropy: 0.6517 - full_mse_log_r: 0.0446 - trimmed_mse_log_r: 0.0439 - full_mae_log_r: 0.1512 - full_mse_score: 5.4651 - trimmed_mse_score: 0.1593 - full_mae_score: 0.1507 - val_loss: 4928.2772 - val_full_cross_entropy: 0.6605 - val_trimmed_cross_entropy: 0.6501 - val_full_mse_log_r: 0.0288 - val_trimmed_mse_log_r: 0.0283 - val_full_mae_log_r: 0.1044 - val_full_mse_score: 3.7700 - val_trimmed_mse_score: 0.1431 - val_full_mae_score: 0.1496
Epoch 8/50
537s - loss: 4734.7811 - full_cross_entropy: 0.6614 - trimmed_cross_entropy: 0.6511 - full_mse_log_r: 0.0383 - trimmed_mse_log_r: 0.0377 - full_mae_log_r: 0.1396 - full_mse_score: 5.3515 - trimmed_mse_score: 0.1444 - full_mae_score: 0.1426 - val_loss: 4973.8946 - val_full_cross_entropy: 0.6601 - val_trimmed_cross_entropy: 0.6498 - val_full_mse_log_r: 0.0255 - val_trimmed_mse_log_r: 0.0251 - val_full_mae_log_r: 0.1159 - val_full_mse_score: 3.8489 - val_trimmed_mse_score: 0.1431 - val_full_mae_score: 0.1639
Epoch 9/50
537s - loss: 4610.6922 - full_cross_entropy: 0.6607 - trimmed_cross_entropy: 0.6504 - full_mse_log_r: 0.0317 - trimmed_mse_log_r: 0.0312 - full_mae_log_r: 0.1264 - full_mse_score: 5.2622 - trimmed_mse_score: 0.1303 - full_mae_score: 0.1343 - val_loss: 4640.4116 - val_full_cross_entropy: 0.6624 - val_trimmed_cross_entropy: 0.6520 - val_full_mse_log_r: 0.0426 - val_trimmed_mse_log_r: 0.0419 - val_full_mae_log_r: 0.1792 - val_full_mse_score: 3.5451 - val_trimmed_mse_score: 0.1150 - val_full_mae_score: 0.1295
Epoch 10/50
537s - loss: 4520.5449 - full_cross_entropy: 0.6604 - trimmed_cross_entropy: 0.6501 - full_mse_log_r: 0.0277 - trimmed_mse_log_r: 0.0272 - full_mae_log_r: 0.1184 - full_mse_score: 5.2229 - trimmed_mse_score: 0.1273 - full_mae_score: 0.1276 - val_loss: 4776.9807 - val_full_cross_entropy: 0.6597 - val_trimmed_cross_entropy: 0.6494 - val_full_mse_log_r: 0.0205 - val_trimmed_mse_log_r: 0.0202 - val_full_mae_log_r: 0.1057 - val_full_mse_score: 3.6175 - val_trimmed_mse_score: 0.1141 - val_full_mae_score: 0.1243
Epoch 11/50
536s - loss: 4466.8085 - full_cross_entropy: 0.6602 - trimmed_cross_entropy: 0.6499 - full_mse_log_r: 0.0253 - trimmed_mse_log_r: 0.0250 - full_mae_log_r: 0.1137 - full_mse_score: 5.0689 - trimmed_mse_score: 0.0976 - full_mae_score: 0.1208 - val_loss: 4501.3493 - val_full_cross_entropy: 0.6586 - val_trimmed_cross_entropy: 0.6483 - val_full_mse_log_r: 0.0103 - val_trimmed_mse_log_r: 0.0101 - val_full_mae_log_r: 0.0563 - val_full_mse_score: 3.3633 - val_trimmed_mse_score: 0.0837 - val_full_mae_score: 0.1135
Epoch 12/50
537s - loss: 4332.8790 - full_cross_entropy: 0.6601 - trimmed_cross_entropy: 0.6498 - full_mse_log_r: 0.0233 - trimmed_mse_log_r: 0.0229 - full_mae_log_r: 0.1099 - full_mse_score: 5.0545 - trimmed_mse_score: 0.0918 - full_mae_score: 0.1155 - val_loss: 4664.2403 - val_full_cross_entropy: 0.6590 - val_trimmed_cross_entropy: 0.6487 - val_full_mse_log_r: 0.0135 - val_trimmed_mse_log_r: 0.0133 - val_full_mae_log_r: 0.0696 - val_full_mse_score: 3.3787 - val_trimmed_mse_score: 0.0967 - val_full_mae_score: 0.1170
Epoch 13/50
536s - loss: 4269.5128 - full_cross_entropy: 0.6599 - trimmed_cross_entropy: 0.6496 - full_mse_log_r: 0.0214 - trimmed_mse_log_r: 0.0211 - full_mae_log_r: 0.1055 - full_mse_score: 4.9418 - trimmed_mse_score: 0.0835 - full_mae_score: 0.1102 - val_loss: 4437.6325 - val_full_cross_entropy: 0.6641 - val_trimmed_cross_entropy: 0.6537 - val_full_mse_log_r: 0.0539 - val_trimmed_mse_log_r: 0.0531 - val_full_mae_log_r: 0.2171 - val_full_mse_score: 3.2458 - val_trimmed_mse_score: 0.0756 - val_full_mae_score: 0.1153
Epoch 14/50
537s - loss: 4130.6923 - full_cross_entropy: 0.6596 - trimmed_cross_entropy: 0.6493 - full_mse_log_r: 0.0187 - trimmed_mse_log_r: 0.0184 - full_mae_log_r: 0.0983 - full_mse_score: 4.7996 - trimmed_mse_score: 0.0731 - full_mae_score: 0.1055 - val_loss: 4146.0212 - val_full_cross_entropy: 0.6587 - val_trimmed_cross_entropy: 0.6484 - val_full_mse_log_r: 0.0096 - val_trimmed_mse_log_r: 0.0095 - val_full_mae_log_r: 0.0544 - val_full_mse_score: 3.0278 - val_trimmed_mse_score: 0.0761 - val_full_mae_score: 0.1033
Epoch 15/50
537s - loss: 4089.6025 - full_cross_entropy: 0.6594 - trimmed_cross_entropy: 0.6491 - full_mse_log_r: 0.0166 - trimmed_mse_log_r: 0.0163 - full_mae_log_r: 0.0924 - full_mse_score: 4.7367 - trimmed_mse_score: 0.0681 - full_mae_score: 0.1010 - val_loss: 4381.7277 - val_full_cross_entropy: 0.6587 - val_trimmed_cross_entropy: 0.6484 - val_full_mse_log_r: 0.0094 - val_trimmed_mse_log_r: 0.0093 - val_full_mae_log_r: 0.0638 - val_full_mse_score: 3.1191 - val_trimmed_mse_score: 0.0673 - val_full_mae_score: 0.1046
Epoch 16/50
536s - loss: 3979.4415 - full_cross_entropy: 0.6592 - trimmed_cross_entropy: 0.6489 - full_mse_log_r: 0.0145 - trimmed_mse_log_r: 0.0143 - full_mae_log_r: 0.0858 - full_mse_score: 4.6721 - trimmed_mse_score: 0.0591 - full_mae_score: 0.0966 - val_loss: 4348.4297 - val_full_cross_entropy: 0.6585 - val_trimmed_cross_entropy: 0.6482 - val_full_mse_log_r: 0.0076 - val_trimmed_mse_log_r: 0.0075 - val_full_mae_log_r: 0.0544 - val_full_mse_score: 2.9799 - val_trimmed_mse_score: 0.0551 - val_full_mae_score: 0.0929
Epoch 17/50
536s - loss: 3882.3801 - full_cross_entropy: 0.6590 - trimmed_cross_entropy: 0.6487 - full_mse_log_r: 0.0128 - trimmed_mse_log_r: 0.0126 - full_mae_log_r: 0.0800 - full_mse_score: 4.5755 - trimmed_mse_score: 0.0581 - full_mae_score: 0.0932 - val_loss: 3765.0898 - val_full_cross_entropy: 0.6604 - val_trimmed_cross_entropy: 0.6501 - val_full_mse_log_r: 0.0231 - val_trimmed_mse_log_r: 0.0228 - val_full_mae_log_r: 0.1324 - val_full_mse_score: 3.2249 - val_trimmed_mse_score: 0.0596 - val_full_mae_score: 0.0923
Epoch 18/50
537s - loss: 3758.4766 - full_cross_entropy: 0.6589 - trimmed_cross_entropy: 0.6486 - full_mse_log_r: 0.0117 - trimmed_mse_log_r: 0.0115 - full_mae_log_r: 0.0768 - full_mse_score: 4.5536 - trimmed_mse_score: 0.0651 - full_mae_score: 0.0899 - val_loss: 4100.5051 - val_full_cross_entropy: 0.6605 - val_trimmed_cross_entropy: 0.6502 - val_full_mse_log_r: 0.0240 - val_trimmed_mse_log_r: 0.0237 - val_full_mae_log_r: 0.1366 - val_full_mse_score: 2.8377 - val_trimmed_mse_score: 0.0470 - val_full_mae_score: 0.0855
Epoch 19/50
537s - loss: 3700.1033 - full_cross_entropy: 0.6588 - trimmed_cross_entropy: 0.6485 - full_mse_log_r: 0.0103 - trimmed_mse_log_r: 0.0101 - full_mae_log_r: 0.0713 - full_mse_score: 4.5109 - trimmed_mse_score: 0.0477 - full_mae_score: 0.0866 - val_loss: 3717.9410 - val_full_cross_entropy: 0.6584 - val_trimmed_cross_entropy: 0.6481 - val_full_mse_log_r: 0.0055 - val_trimmed_mse_log_r: 0.0055 - val_full_mae_log_r: 0.0422 - val_full_mse_score: 2.7480 - val_trimmed_mse_score: 0.0442 - val_full_mae_score: 0.0844
Epoch 20/50
537s - loss: 3530.8129 - full_cross_entropy: 0.6587 - trimmed_cross_entropy: 0.6484 - full_mse_log_r: 0.0091 - trimmed_mse_log_r: 0.0090 - full_mae_log_r: 0.0668 - full_mse_score: 4.4358 - trimmed_mse_score: 0.0533 - full_mae_score: 0.0836 - val_loss: 3879.8833 - val_full_cross_entropy: 0.6587 - val_trimmed_cross_entropy: 0.6484 - val_full_mse_log_r: 0.0078 - val_trimmed_mse_log_r: 0.0077 - val_full_mae_log_r: 0.0627 - val_full_mse_score: 2.8034 - val_trimmed_mse_score: 0.0434 - val_full_mae_score: 0.0837
Epoch 21/50
536s - loss: 3370.1469 - full_cross_entropy: 0.6586 - trimmed_cross_entropy: 0.6483 - full_mse_log_r: 0.0082 - trimmed_mse_log_r: 0.0081 - full_mae_log_r: 0.0632 - full_mse_score: 4.4431 - trimmed_mse_score: 0.0477 - full_mae_score: 0.0808 - val_loss: 3676.1601 - val_full_cross_entropy: 0.6588 - val_trimmed_cross_entropy: 0.6485 - val_full_mse_log_r: 0.0087 - val_trimmed_mse_log_r: 0.0086 - val_full_mae_log_r: 0.0718 - val_full_mse_score: 2.5252 - val_trimmed_mse_score: 0.0368 - val_full_mae_score: 0.0837
Epoch 22/50
536s - loss: 3228.8280 - full_cross_entropy: 0.6585 - trimmed_cross_entropy: 0.6482 - full_mse_log_r: 0.0076 - trimmed_mse_log_r: 0.0075 - full_mae_log_r: 0.0607 - full_mse_score: 4.2187 - trimmed_mse_score: 0.0366 - full_mae_score: 0.0782 - val_loss: 3470.9633 - val_full_cross_entropy: 0.6583 - val_trimmed_cross_entropy: 0.6480 - val_full_mse_log_r: 0.0045 - val_trimmed_mse_log_r: 0.0045 - val_full_mae_log_r: 0.0403 - val_full_mse_score: 2.4674 - val_trimmed_mse_score: 0.0354 - val_full_mae_score: 0.0758
Epoch 23/50
537s - loss: 3189.3573 - full_cross_entropy: 0.6585 - trimmed_cross_entropy: 0.6482 - full_mse_log_r: 0.0069 - trimmed_mse_log_r: 0.0068 - full_mae_log_r: 0.0577 - full_mse_score: 4.2742 - trimmed_mse_score: 0.0332 - full_mae_score: 0.0758 - val_loss: 3087.9165 - val_full_cross_entropy: 0.6583 - val_trimmed_cross_entropy: 0.6480 - val_full_mse_log_r: 0.0044 - val_trimmed_mse_log_r: 0.0044 - val_full_mae_log_r: 0.0404 - val_full_mse_score: 2.5213 - val_trimmed_mse_score: 0.0331 - val_full_mae_score: 0.0734
Epoch 24/50
537s - loss: 2980.9324 - full_cross_entropy: 0.6584 - trimmed_cross_entropy: 0.6481 - full_mse_log_r: 0.0062 - trimmed_mse_log_r: 0.0061 - full_mae_log_r: 0.0543 - full_mse_score: 4.2024 - trimmed_mse_score: 0.0325 - full_mae_score: 0.0738 - val_loss: 3595.5062 - val_full_cross_entropy: 0.6585 - val_trimmed_cross_entropy: 0.6482 - val_full_mse_log_r: 0.0062 - val_trimmed_mse_log_r: 0.0061 - val_full_mae_log_r: 0.0573 - val_full_mse_score: 2.4605 - val_trimmed_mse_score: 0.0341 - val_full_mae_score: 0.0740
Epoch 25/50
537s - loss: 2922.8656 - full_cross_entropy: 0.6583 - trimmed_cross_entropy: 0.6481 - full_mse_log_r: 0.0057 - trimmed_mse_log_r: 0.0056 - full_mae_log_r: 0.0516 - full_mse_score: 4.0976 - trimmed_mse_score: 0.0286 - full_mae_score: 0.0718 - val_loss: 3384.6644 - val_full_cross_entropy: 0.6583 - val_trimmed_cross_entropy: 0.6480 - val_full_mse_log_r: 0.0043 - val_trimmed_mse_log_r: 0.0042 - val_full_mae_log_r: 0.0410 - val_full_mse_score: 2.3818 - val_trimmed_mse_score: 0.0327 - val_full_mae_score: 0.0701
Epoch 26/50
537s - loss: 2806.0043 - full_cross_entropy: 0.6583 - trimmed_cross_entropy: 0.6480 - full_mse_log_r: 0.0052 - trimmed_mse_log_r: 0.0051 - full_mae_log_r: 0.0491 - full_mse_score: 4.0786 - trimmed_mse_score: 0.0264 - full_mae_score: 0.0697 - val_loss: 3120.0478 - val_full_cross_entropy: 0.6583 - val_trimmed_cross_entropy: 0.6480 - val_full_mse_log_r: 0.0044 - val_trimmed_mse_log_r: 0.0043 - val_full_mae_log_r: 0.0423 - val_full_mse_score: 2.2873 - val_trimmed_mse_score: 0.0263 - val_full_mae_score: 0.0706
Epoch 27/50
537s - loss: 2645.5235 - full_cross_entropy: 0.6583 - trimmed_cross_entropy: 0.6480 - full_mse_log_r: 0.0048 - trimmed_mse_log_r: 0.0048 - full_mae_log_r: 0.0475 - full_mse_score: 3.9984 - trimmed_mse_score: 0.0267 - full_mae_score: 0.0681 - val_loss: 3182.2911 - val_full_cross_entropy: 0.6583 - val_trimmed_cross_entropy: 0.6480 - val_full_mse_log_r: 0.0039 - val_trimmed_mse_log_r: 0.0038 - val_full_mae_log_r: 0.0401 - val_full_mse_score: 2.2575 - val_trimmed_mse_score: 0.0284 - val_full_mae_score: 0.0682
Epoch 28/50
537s - loss: 2570.2794 - full_cross_entropy: 0.6582 - trimmed_cross_entropy: 0.6479 - full_mse_log_r: 0.0045 - trimmed_mse_log_r: 0.0045 - full_mae_log_r: 0.0457 - full_mse_score: 4.0583 - trimmed_mse_score: 0.0312 - full_mae_score: 0.0667 - val_loss: 2838.0168 - val_full_cross_entropy: 0.6587 - val_trimmed_cross_entropy: 0.6485 - val_full_mse_log_r: 0.0075 - val_trimmed_mse_log_r: 0.0074 - val_full_mae_log_r: 0.0729 - val_full_mse_score: 2.1466 - val_trimmed_mse_score: 0.0215 - val_full_mae_score: 0.0657
Epoch 29/50
537s - loss: 2503.0454 - full_cross_entropy: 0.6582 - trimmed_cross_entropy: 0.6479 - full_mse_log_r: 0.0042 - trimmed_mse_log_r: 0.0041 - full_mae_log_r: 0.0436 - full_mse_score: 3.9651 - trimmed_mse_score: 0.0254 - full_mae_score: 0.0651 - val_loss: 2812.3511 - val_full_cross_entropy: 0.6582 - val_trimmed_cross_entropy: 0.6479 - val_full_mse_log_r: 0.0033 - val_trimmed_mse_log_r: 0.0033 - val_full_mae_log_r: 0.0353 - val_full_mse_score: 2.2349 - val_trimmed_mse_score: 0.0253 - val_full_mae_score: 0.0642
Epoch 30/50
537s - loss: 2397.9378 - full_cross_entropy: 0.6582 - trimmed_cross_entropy: 0.6479 - full_mse_log_r: 0.0039 - trimmed_mse_log_r: 0.0039 - full_mae_log_r: 0.0423 - full_mse_score: 3.9046 - trimmed_mse_score: 0.0213 - full_mae_score: 0.0641 - val_loss: 2562.1680 - val_full_cross_entropy: 0.6582 - val_trimmed_cross_entropy: 0.6479 - val_full_mse_log_r: 0.0033 - val_trimmed_mse_log_r: 0.0033 - val_full_mae_log_r: 0.0354 - val_full_mse_score: 2.2399 - val_trimmed_mse_score: 0.0225 - val_full_mae_score: 0.0639
Epoch 31/50
536s - loss: 2337.2508 - full_cross_entropy: 0.6582 - trimmed_cross_entropy: 0.6479 - full_mse_log_r: 0.0037 - trimmed_mse_log_r: 0.0037 - full_mae_log_r: 0.0409 - full_mse_score: 3.8377 - trimmed_mse_score: 0.0210 - full_mae_score: 0.0626 - val_loss: 2376.2129 - val_full_cross_entropy: 0.6582 - val_trimmed_cross_entropy: 0.6479 - val_full_mse_log_r: 0.0030 - val_trimmed_mse_log_r: 0.0029 - val_full_mae_log_r: 0.0324 - val_full_mse_score: 1.9776 - val_trimmed_mse_score: 0.0183 - val_full_mae_score: 0.0611
Epoch 32/50
536s - loss: 2257.6716 - full_cross_entropy: 0.6581 - trimmed_cross_entropy: 0.6479 - full_mse_log_r: 0.0035 - trimmed_mse_log_r: 0.0034 - full_mae_log_r: 0.0394 - full_mse_score: 3.7950 - trimmed_mse_score: 0.0236 - full_mae_score: 0.0617 - val_loss: 2437.7179 - val_full_cross_entropy: 0.6584 - val_trimmed_cross_entropy: 0.6481 - val_full_mse_log_r: 0.0043 - val_trimmed_mse_log_r: 0.0043 - val_full_mae_log_r: 0.0492 - val_full_mse_score: 2.0098 - val_trimmed_mse_score: 0.0166 - val_full_mae_score: 0.0591
Epoch 33/50
537s - loss: 2121.9160 - full_cross_entropy: 0.6581 - trimmed_cross_entropy: 0.6478 - full_mse_log_r: 0.0033 - trimmed_mse_log_r: 0.0033 - full_mae_log_r: 0.0385 - full_mse_score: 3.6764 - trimmed_mse_score: 0.0192 - full_mae_score: 0.0606 - val_loss: 2351.0786 - val_full_cross_entropy: 0.6582 - val_trimmed_cross_entropy: 0.6479 - val_full_mse_log_r: 0.0027 - val_trimmed_mse_log_r: 0.0027 - val_full_mae_log_r: 0.0312 - val_full_mse_score: 1.9993 - val_trimmed_mse_score: 0.0195 - val_full_mae_score: 0.0594
Epoch 34/50
537s - loss: 2036.0786 - full_cross_entropy: 0.6581 - trimmed_cross_entropy: 0.6478 - full_mse_log_r: 0.0032 - trimmed_mse_log_r: 0.0031 - full_mae_log_r: 0.0376 - full_mse_score: 3.7954 - trimmed_mse_score: 0.0260 - full_mae_score: 0.0597 - val_loss: 2397.4796 - val_full_cross_entropy: 0.6582 - val_trimmed_cross_entropy: 0.6479 - val_full_mse_log_r: 0.0029 - val_trimmed_mse_log_r: 0.0029 - val_full_mae_log_r: 0.0337 - val_full_mse_score: 2.0136 - val_trimmed_mse_score: 0.0206 - val_full_mae_score: 0.0592
Epoch 35/50
537s - loss: 1973.9239 - full_cross_entropy: 0.6581 - trimmed_cross_entropy: 0.6478 - full_mse_log_r: 0.0030 - trimmed_mse_log_r: 0.0030 - full_mae_log_r: 0.0362 - full_mse_score: 3.7511 - trimmed_mse_score: 0.0170 - full_mae_score: 0.0587 - val_loss: 2142.0764 - val_full_cross_entropy: 0.6582 - val_trimmed_cross_entropy: 0.6479 - val_full_mse_log_r: 0.0026 - val_trimmed_mse_log_r: 0.0025 - val_full_mae_log_r: 0.0306 - val_full_mse_score: 1.9576 - val_trimmed_mse_score: 0.0145 - val_full_mae_score: 0.0574
Epoch 36/50
537s - loss: 1936.8911 - full_cross_entropy: 0.6581 - trimmed_cross_entropy: 0.6478 - full_mse_log_r: 0.0029 - trimmed_mse_log_r: 0.0029 - full_mae_log_r: 0.0353 - full_mse_score: 3.7085 - trimmed_mse_score: 0.0201 - full_mae_score: 0.0580 - val_loss: 2102.8418 - val_full_cross_entropy: 0.6584 - val_trimmed_cross_entropy: 0.6481 - val_full_mse_log_r: 0.0043 - val_trimmed_mse_log_r: 0.0042 - val_full_mae_log_r: 0.0494 - val_full_mse_score: 1.9347 - val_trimmed_mse_score: 0.0173 - val_full_mae_score: 0.0582
Epoch 37/50
537s - loss: 1937.4292 - full_cross_entropy: 0.6581 - trimmed_cross_entropy: 0.6478 - full_mse_log_r: 0.0028 - trimmed_mse_log_r: 0.0028 - full_mae_log_r: 0.0346 - full_mse_score: 3.6024 - trimmed_mse_score: 0.0189 - full_mae_score: 0.0572 - val_loss: 2252.1979 - val_full_cross_entropy: 0.6584 - val_trimmed_cross_entropy: 0.6481 - val_full_mse_log_r: 0.0040 - val_trimmed_mse_log_r: 0.0040 - val_full_mae_log_r: 0.0475 - val_full_mse_score: 1.8534 - val_trimmed_mse_score: 0.0145 - val_full_mae_score: 0.0560
Epoch 38/50
537s - loss: 1792.7851 - full_cross_entropy: 0.6581 - trimmed_cross_entropy: 0.6478 - full_mse_log_r: 0.0027 - trimmed_mse_log_r: 0.0026 - full_mae_log_r: 0.0338 - full_mse_score: 3.7081 - trimmed_mse_score: 0.0176 - full_mae_score: 0.0568 - val_loss: 2159.5164 - val_full_cross_entropy: 0.6582 - val_trimmed_cross_entropy: 0.6479 - val_full_mse_log_r: 0.0024 - val_trimmed_mse_log_r: 0.0024 - val_full_mae_log_r: 0.0291 - val_full_mse_score: 1.8842 - val_trimmed_mse_score: 0.0140 - val_full_mae_score: 0.0559
Epoch 39/50
537s - loss: 1753.2466 - full_cross_entropy: 0.6581 - trimmed_cross_entropy: 0.6478 - full_mse_log_r: 0.0026 - trimmed_mse_log_r: 0.0026 - full_mae_log_r: 0.0331 - full_mse_score: 3.6568 - trimmed_mse_score: 0.0170 - full_mae_score: 0.0561 - val_loss: 2192.1602 - val_full_cross_entropy: 0.6582 - val_trimmed_cross_entropy: 0.6479 - val_full_mse_log_r: 0.0025 - val_trimmed_mse_log_r: 0.0025 - val_full_mae_log_r: 0.0310 - val_full_mse_score: 1.8609 - val_trimmed_mse_score: 0.0158 - val_full_mae_score: 0.0551
Epoch 40/50
536s - loss: 1668.4645 - full_cross_entropy: 0.6581 - trimmed_cross_entropy: 0.6478 - full_mse_log_r: 0.0025 - trimmed_mse_log_r: 0.0025 - full_mae_log_r: 0.0324 - full_mse_score: 3.6325 - trimmed_mse_score: 0.0158 - full_mae_score: 0.0557 - val_loss: 2524.6675 - val_full_cross_entropy: 0.6582 - val_trimmed_cross_entropy: 0.6479 - val_full_mse_log_r: 0.0025 - val_trimmed_mse_log_r: 0.0025 - val_full_mae_log_r: 0.0308 - val_full_mse_score: 2.0406 - val_trimmed_mse_score: 0.0149 - val_full_mae_score: 0.0562
Epoch 41/50
536s - loss: 1623.5544 - full_cross_entropy: 0.6581 - trimmed_cross_entropy: 0.6478 - full_mse_log_r: 0.0024 - trimmed_mse_log_r: 0.0024 - full_mae_log_r: 0.0318 - full_mse_score: 3.6685 - trimmed_mse_score: 0.0176 - full_mae_score: 0.0550 - val_loss: 2117.6152 - val_full_cross_entropy: 0.6582 - val_trimmed_cross_entropy: 0.6479 - val_full_mse_log_r: 0.0025 - val_trimmed_mse_log_r: 0.0025 - val_full_mae_log_r: 0.0316 - val_full_mse_score: 1.7766 - val_trimmed_mse_score: 0.0143 - val_full_mae_score: 0.0538
Epoch 42/50
536s - loss: 1622.3713 - full_cross_entropy: 0.6580 - trimmed_cross_entropy: 0.6478 - full_mse_log_r: 0.0024 - trimmed_mse_log_r: 0.0023 - full_mae_log_r: 0.0313 - full_mse_score: 3.5083 - trimmed_mse_score: 0.0137 - full_mae_score: 0.0543 - val_loss: 2065.2754 - val_full_cross_entropy: 0.6582 - val_trimmed_cross_entropy: 0.6479 - val_full_mse_log_r: 0.0025 - val_trimmed_mse_log_r: 0.0025 - val_full_mae_log_r: 0.0322 - val_full_mse_score: 1.7632 - val_trimmed_mse_score: 0.0142 - val_full_mae_score: 0.0531
Epoch 43/50
537s - loss: 1581.5630 - full_cross_entropy: 0.6580 - trimmed_cross_entropy: 0.6478 - full_mse_log_r: 0.0023 - trimmed_mse_log_r: 0.0023 - full_mae_log_r: 0.0310 - full_mse_score: 3.5569 - trimmed_mse_score: 0.0134 - full_mae_score: 0.0540 - val_loss: 2150.5123 - val_full_cross_entropy: 0.6581 - val_trimmed_cross_entropy: 0.6479 - val_full_mse_log_r: 0.0023 - val_trimmed_mse_log_r: 0.0022 - val_full_mae_log_r: 0.0285 - val_full_mse_score: 1.7673 - val_trimmed_mse_score: 0.0141 - val_full_mae_score: 0.0538
Epoch 44/50
537s - loss: 1554.8896 - full_cross_entropy: 0.6580 - trimmed_cross_entropy: 0.6478 - full_mse_log_r: 0.0023 - trimmed_mse_log_r: 0.0022 - full_mae_log_r: 0.0305 - full_mse_score: 3.5699 - trimmed_mse_score: 0.0138 - full_mae_score: 0.0535 - val_loss: 2000.7935 - val_full_cross_entropy: 0.6581 - val_trimmed_cross_entropy: 0.6479 - val_full_mse_log_r: 0.0022 - val_trimmed_mse_log_r: 0.0021 - val_full_mae_log_r: 0.0279 - val_full_mse_score: 1.7312 - val_trimmed_mse_score: 0.0123 - val_full_mae_score: 0.0526
Epoch 45/50
537s - loss: 1519.7432 - full_cross_entropy: 0.6580 - trimmed_cross_entropy: 0.6477 - full_mse_log_r: 0.0022 - trimmed_mse_log_r: 0.0022 - full_mae_log_r: 0.0300 - full_mse_score: 3.5340 - trimmed_mse_score: 0.0129 - full_mae_score: 0.0532 - val_loss: 1927.9734 - val_full_cross_entropy: 0.6581 - val_trimmed_cross_entropy: 0.6479 - val_full_mse_log_r: 0.0023 - val_trimmed_mse_log_r: 0.0022 - val_full_mae_log_r: 0.0286 - val_full_mse_score: 1.7818 - val_trimmed_mse_score: 0.0128 - val_full_mae_score: 0.0528
Epoch 46/50
536s - loss: 1538.9982 - full_cross_entropy: 0.6580 - trimmed_cross_entropy: 0.6478 - full_mse_log_r: 0.0022 - trimmed_mse_log_r: 0.0022 - full_mae_log_r: 0.0298 - full_mse_score: 3.5571 - trimmed_mse_score: 0.0147 - full_mae_score: 0.0530 - val_loss: 2040.6711 - val_full_cross_entropy: 0.6581 - val_trimmed_cross_entropy: 0.6479 - val_full_mse_log_r: 0.0021 - val_trimmed_mse_log_r: 0.0021 - val_full_mae_log_r: 0.0278 - val_full_mse_score: 1.7352 - val_trimmed_mse_score: 0.0124 - val_full_mae_score: 0.0521
Epoch 47/50
537s - loss: 1495.9376 - full_cross_entropy: 0.6580 - trimmed_cross_entropy: 0.6477 - full_mse_log_r: 0.0021 - trimmed_mse_log_r: 0.0021 - full_mae_log_r: 0.0294 - full_mse_score: 3.5036 - trimmed_mse_score: 0.0135 - full_mae_score: 0.0526 - val_loss: 2040.6354 - val_full_cross_entropy: 0.6581 - val_trimmed_cross_entropy: 0.6479 - val_full_mse_log_r: 0.0022 - val_trimmed_mse_log_r: 0.0021 - val_full_mae_log_r: 0.0286 - val_full_mse_score: 1.8282 - val_trimmed_mse_score: 0.0128 - val_full_mae_score: 0.0526
Epoch 48/50
537s - loss: 1520.7045 - full_cross_entropy: 0.6580 - trimmed_cross_entropy: 0.6477 - full_mse_log_r: 0.0021 - trimmed_mse_log_r: 0.0021 - full_mae_log_r: 0.0291 - full_mse_score: 3.5030 - trimmed_mse_score: 0.0136 - full_mae_score: 0.0524 - val_loss: 2105.9561 - val_full_cross_entropy: 0.6582 - val_trimmed_cross_entropy: 0.6479 - val_full_mse_log_r: 0.0023 - val_trimmed_mse_log_r: 0.0023 - val_full_mae_log_r: 0.0306 - val_full_mse_score: 1.6788 - val_trimmed_mse_score: 0.0134 - val_full_mae_score: 0.0517
Epoch 49/50
537s - loss: 1394.1923 - full_cross_entropy: 0.6580 - trimmed_cross_entropy: 0.6477 - full_mse_log_r: 0.0021 - trimmed_mse_log_r: 0.0021 - full_mae_log_r: 0.0290 - full_mse_score: 3.4931 - trimmed_mse_score: 0.0128 - full_mae_score: 0.0522 - val_loss: 1937.3928 - val_full_cross_entropy: 0.6582 - val_trimmed_cross_entropy: 0.6479 - val_full_mse_log_r: 0.0027 - val_trimmed_mse_log_r: 0.0027 - val_full_mae_log_r: 0.0360 - val_full_mse_score: 1.7179 - val_trimmed_mse_score: 0.0127 - val_full_mae_score: 0.0518
Epoch 50/50
536s - loss: 1455.2900 - full_cross_entropy: 0.6580 - trimmed_cross_entropy: 0.6477 - full_mse_log_r: 0.0021 - trimmed_mse_log_r: 0.0020 - full_mae_log_r: 0.0285 - full_mse_score: 3.4646 - trimmed_mse_score: 0.0141 - full_mae_score: 0.0519 - val_loss: 2019.5588 - val_full_cross_entropy: 0.6582 - val_trimmed_cross_entropy: 0.6479 - val_full_mse_log_r: 0.0023 - val_trimmed_mse_log_r: 0.0023 - val_full_mae_log_r: 0.0311 - val_full_mse_score: 1.7059 - val_trimmed_mse_score: 0.0142 - val_full_mae_score: 0.0513
27.03.2018 01:11:30 INFO    Starting evaluation
27.03.2018 01:54:24 INFO    Starting theta 100 / 1017
27.03.2018 02:33:19 INFO    Starting theta 200 / 1017
27.03.2018 03:12:13 INFO    Starting theta 300 / 1017
27.03.2018 03:51:07 INFO    Starting theta 400 / 1017
27.03.2018 04:30:02 INFO    Starting theta 500 / 1017
27.03.2018 05:08:56 INFO    Starting theta 600 / 1017
27.03.2018 05:47:50 INFO    Starting theta 700 / 1017
27.03.2018 06:26:46 INFO    Starting theta 800 / 1017
27.03.2018 07:05:41 INFO    Starting theta 900 / 1017
27.03.2018 07:44:37 INFO    Starting theta 1000 / 1017
27.03.2018 07:51:38 INFO    Evaluation timing: median 1.08103489876 s, mean 1.08392785901 s
27.03.2018 07:51:38 INFO    Starting roaming
27.03.2018 07:52:00 INFO    Starting calibrated evaluation and roaming
27.03.2018 09:47:58 INFO    Starting theta 100 / 1017
27.03.2018 11:41:12 INFO    Starting theta 200 / 1017
27.03.2018 13:34:26 INFO    Starting theta 300 / 1017
27.03.2018 15:27:42 INFO    Starting theta 400 / 1017
27.03.2018 17:20:55 INFO    Starting theta 500 / 1017
27.03.2018 19:14:10 INFO    Starting theta 600 / 1017
27.03.2018 21:07:05 INFO    Starting theta 700 / 1017
27.03.2018 22:57:50 INFO    Starting theta 800 / 1017
28.03.2018 00:48:37 INFO    Starting theta 900 / 1017
28.03.2018 02:39:23 INFO    Starting theta 1000 / 1017
28.03.2018 02:59:19 INFO    Calibrated evaluation timing: median 1.07809591293 s, mean 1.0746480931 s
28.03.2018 02:59:19 INFO    Interpolating calibrated roaming
28.03.2018 03:03:57 INFO    That's it -- have a great day!
Using TensorFlow backend.
28.03.2018 03:04:00 INFO    Hi! How are you today?
28.03.2018 03:04:00 INFO    Startup options:
28.03.2018 03:04:00 INFO      Algorithm:                     combinedregression
28.03.2018 03:04:00 INFO      Point by point:                False
28.03.2018 03:04:00 INFO      Morphing-aware mode:           False
28.03.2018 03:04:00 INFO      Smeared data:                  False
28.03.2018 03:04:00 INFO      Training sample:               random
28.03.2018 03:04:00 INFO      alpha:                         None
28.03.2018 03:04:00 INFO      Histogram / AFC X indices:     [1, 38, 39, 40, 41]
28.03.2018 03:04:00 INFO      AFC epsilon:                   None
28.03.2018 03:04:00 INFO      Denominator theta:             False
28.03.2018 03:04:00 INFO      Neyman construction toys:      0
28.03.2018 03:04:00 INFO      Other options:                 ['deep']
28.03.2018 03:04:00 INFO      Base directory:                /home/jb6504/higgs_inference
28.03.2018 03:04:00 INFO      ML-based strategies available: True
28.03.2018 03:04:00 INFO    Starting parameterized inference
28.03.2018 03:04:00 INFO    Main settings:
28.03.2018 03:04:00 INFO      Algorithm:                combinedregression
28.03.2018 03:04:00 INFO      Morphing-aware:           False
28.03.2018 03:04:00 INFO      Training sample:          random
28.03.2018 03:04:00 INFO      Denominator theta:        denominator 0 = theta 708 = [ 0.39293227  0.43229216]
28.03.2018 03:04:00 INFO    Options:
28.03.2018 03:04:00 INFO      Number of hidden layers:  5
28.03.2018 03:04:00 INFO      alpha:                    100.0
28.03.2018 03:04:00 INFO      Batch size:               128
28.03.2018 03:04:00 INFO      Learning rate:            0.001
28.03.2018 03:04:00 INFO      Learning rate decay:      0.0921034037198
28.03.2018 03:04:00 INFO      Number of epochs:         50
28.03.2018 03:04:00 INFO      NC experiments:           False
28.03.2018 03:04:00 INFO      Debug mode:               False
28.03.2018 03:04:45 INFO    Starting training
Train on 7993784 samples, validate on 1998446 samples
2018-03-28 03:04:45.969198: W tensorflow/core/platform/cpu_feature_guard.cc:45] The TensorFlow library wasn't compiled to use SSE4.1 instructions, but these are available on your machine and could speed up CPU computations.
2018-03-28 03:04:45.969569: W tensorflow/core/platform/cpu_feature_guard.cc:45] The TensorFlow library wasn't compiled to use SSE4.2 instructions, but these are available on your machine and could speed up CPU computations.
2018-03-28 03:04:45.969587: W tensorflow/core/platform/cpu_feature_guard.cc:45] The TensorFlow library wasn't compiled to use AVX instructions, but these are available on your machine and could speed up CPU computations.
2018-03-28 03:04:45.969598: W tensorflow/core/platform/cpu_feature_guard.cc:45] The TensorFlow library wasn't compiled to use AVX2 instructions, but these are available on your machine and could speed up CPU computations.
2018-03-28 03:04:45.969608: W tensorflow/core/platform/cpu_feature_guard.cc:45] The TensorFlow library wasn't compiled to use FMA instructions, but these are available on your machine and could speed up CPU computations.
2018-03-28 03:04:46.293647: I tensorflow/core/common_runtime/gpu/gpu_device.cc:940] Found device 0 with properties: 
name: Tesla P40
major: 6 minor: 1 memoryClockRate (GHz) 1.531
pciBusID 0000:04:00.0
Total memory: 22.38GiB
Free memory: 22.21GiB
2018-03-28 03:04:46.293682: I tensorflow/core/common_runtime/gpu/gpu_device.cc:961] DMA: 0 
2018-03-28 03:04:46.293688: I tensorflow/core/common_runtime/gpu/gpu_device.cc:971] 0:   Y 
2018-03-28 03:04:46.293697: I tensorflow/core/common_runtime/gpu/gpu_device.cc:1030] Creating TensorFlow device (/gpu:0) -> (device: 0, name: Tesla P40, pci bus id: 0000:04:00.0)
Epoch 1/50
525s - loss: 6488.7397 - full_cross_entropy: 0.6691 - trimmed_cross_entropy: 0.6587 - full_mse_log_r: 0.1276 - trimmed_mse_log_r: 0.1256 - full_mae_log_r: 0.2212 - full_mse_score: 5.9974 - trimmed_mse_score: 0.4186 - full_mae_score: 0.2549 - val_loss: 5862.6291 - val_full_cross_entropy: 0.6615 - val_trimmed_cross_entropy: 0.6512 - val_full_mse_log_r: 0.0485 - val_trimmed_mse_log_r: 0.0477 - val_full_mae_log_r: 0.1228 - val_full_mse_score: 4.4678 - val_trimmed_mse_score: 0.2946 - val_full_mae_score: 0.2107
Epoch 2/50
524s - loss: 6387.7500 - full_cross_entropy: 0.6659 - trimmed_cross_entropy: 0.6555 - full_mse_log_r: 0.0862 - trimmed_mse_log_r: 0.0848 - full_mae_log_r: 0.2040 - full_mse_score: 5.6824 - trimmed_mse_score: 0.2890 - full_mae_score: 0.2096 - val_loss: 5680.4988 - val_full_cross_entropy: 0.6700 - val_trimmed_cross_entropy: 0.6595 - val_full_mse_log_r: 0.1157 - val_trimmed_mse_log_r: 0.1139 - val_full_mae_log_r: 0.2991 - val_full_mse_score: 4.5769 - val_trimmed_mse_score: 0.2889 - val_full_mae_score: 0.2095
Epoch 3/50
524s - loss: 6278.3972 - full_cross_entropy: 0.6651 - trimmed_cross_entropy: 0.6548 - full_mse_log_r: 0.0749 - trimmed_mse_log_r: 0.0738 - full_mae_log_r: 0.1938 - full_mse_score: 5.5149 - trimmed_mse_score: 0.2510 - full_mae_score: 0.1914 - val_loss: 5695.0206 - val_full_cross_entropy: 0.6603 - val_trimmed_cross_entropy: 0.6500 - val_full_mse_log_r: 0.0330 - val_trimmed_mse_log_r: 0.0325 - val_full_mae_log_r: 0.1009 - val_full_mse_score: 4.2135 - val_trimmed_mse_score: 0.2187 - val_full_mae_score: 0.1790
Epoch 4/50
524s - loss: 6186.9349 - full_cross_entropy: 0.6645 - trimmed_cross_entropy: 0.6541 - full_mse_log_r: 0.0659 - trimmed_mse_log_r: 0.0649 - full_mae_log_r: 0.1833 - full_mse_score: 5.4145 - trimmed_mse_score: 0.2229 - full_mae_score: 0.1790 - val_loss: 5538.6949 - val_full_cross_entropy: 0.6616 - val_trimmed_cross_entropy: 0.6512 - val_full_mse_log_r: 0.0423 - val_trimmed_mse_log_r: 0.0417 - val_full_mae_log_r: 0.1478 - val_full_mse_score: 4.2585 - val_trimmed_mse_score: 0.2193 - val_full_mae_score: 0.1789
Epoch 5/50
524s - loss: 6085.1747 - full_cross_entropy: 0.6634 - trimmed_cross_entropy: 0.6531 - full_mse_log_r: 0.0563 - trimmed_mse_log_r: 0.0554 - full_mae_log_r: 0.1699 - full_mse_score: 5.2840 - trimmed_mse_score: 0.1927 - full_mae_score: 0.1676 - val_loss: 5367.2124 - val_full_cross_entropy: 0.6615 - val_trimmed_cross_entropy: 0.6512 - val_full_mse_log_r: 0.0410 - val_trimmed_mse_log_r: 0.0403 - val_full_mae_log_r: 0.1498 - val_full_mse_score: 4.4877 - val_trimmed_mse_score: 0.2626 - val_full_mae_score: 0.1894
Epoch 6/50
524s - loss: 6072.4248 - full_cross_entropy: 0.6628 - trimmed_cross_entropy: 0.6525 - full_mse_log_r: 0.0497 - trimmed_mse_log_r: 0.0489 - full_mae_log_r: 0.1599 - full_mse_score: 5.1729 - trimmed_mse_score: 0.1690 - full_mae_score: 0.1571 - val_loss: 5451.9983 - val_full_cross_entropy: 0.6666 - val_trimmed_cross_entropy: 0.6561 - val_full_mse_log_r: 0.0798 - val_trimmed_mse_log_r: 0.0785 - val_full_mae_log_r: 0.2536 - val_full_mse_score: 3.7836 - val_trimmed_mse_score: 0.1329 - val_full_mae_score: 0.1422
Epoch 7/50
524s - loss: 5956.0867 - full_cross_entropy: 0.6621 - trimmed_cross_entropy: 0.6518 - full_mse_log_r: 0.0423 - trimmed_mse_log_r: 0.0416 - full_mae_log_r: 0.1472 - full_mse_score: 5.1150 - trimmed_mse_score: 0.1502 - full_mae_score: 0.1488 - val_loss: 5283.4425 - val_full_cross_entropy: 0.6644 - val_trimmed_cross_entropy: 0.6540 - val_full_mse_log_r: 0.0643 - val_trimmed_mse_log_r: 0.0633 - val_full_mae_log_r: 0.2138 - val_full_mse_score: 4.2150 - val_trimmed_mse_score: 0.1706 - val_full_mae_score: 0.1557
Epoch 8/50
524s - loss: 5868.1062 - full_cross_entropy: 0.6618 - trimmed_cross_entropy: 0.6515 - full_mse_log_r: 0.0386 - trimmed_mse_log_r: 0.0380 - full_mae_log_r: 0.1413 - full_mse_score: 5.0116 - trimmed_mse_score: 0.1345 - full_mae_score: 0.1402 - val_loss: 4971.0431 - val_full_cross_entropy: 0.6629 - val_trimmed_cross_entropy: 0.6525 - val_full_mse_log_r: 0.0465 - val_trimmed_mse_log_r: 0.0458 - val_full_mae_log_r: 0.1900 - val_full_mse_score: 3.6780 - val_trimmed_mse_score: 0.1178 - val_full_mae_score: 0.1299
Epoch 9/50
524s - loss: 5721.9343 - full_cross_entropy: 0.6614 - trimmed_cross_entropy: 0.6511 - full_mse_log_r: 0.0345 - trimmed_mse_log_r: 0.0339 - full_mae_log_r: 0.1344 - full_mse_score: 4.9662 - trimmed_mse_score: 0.1204 - full_mae_score: 0.1340 - val_loss: 5037.1303 - val_full_cross_entropy: 0.6591 - val_trimmed_cross_entropy: 0.6488 - val_full_mse_log_r: 0.0144 - val_trimmed_mse_log_r: 0.0141 - val_full_mae_log_r: 0.0687 - val_full_mse_score: 3.7877 - val_trimmed_mse_score: 0.1231 - val_full_mae_score: 0.1319
Epoch 10/50
524s - loss: 5551.4304 - full_cross_entropy: 0.6609 - trimmed_cross_entropy: 0.6506 - full_mse_log_r: 0.0296 - trimmed_mse_log_r: 0.0291 - full_mae_log_r: 0.1238 - full_mse_score: 4.8396 - trimmed_mse_score: 0.1224 - full_mae_score: 0.1273 - val_loss: 5151.7149 - val_full_cross_entropy: 0.6595 - val_trimmed_cross_entropy: 0.6492 - val_full_mse_log_r: 0.0190 - val_trimmed_mse_log_r: 0.0187 - val_full_mae_log_r: 0.0902 - val_full_mse_score: 3.9320 - val_trimmed_mse_score: 0.1279 - val_full_mae_score: 0.1290
Epoch 11/50
524s - loss: 5533.9775 - full_cross_entropy: 0.6605 - trimmed_cross_entropy: 0.6502 - full_mse_log_r: 0.0254 - trimmed_mse_log_r: 0.0250 - full_mae_log_r: 0.1135 - full_mse_score: 4.7472 - trimmed_mse_score: 0.1049 - full_mae_score: 0.1212 - val_loss: 4547.6018 - val_full_cross_entropy: 0.6588 - val_trimmed_cross_entropy: 0.6485 - val_full_mse_log_r: 0.0098 - val_trimmed_mse_log_r: 0.0096 - val_full_mae_log_r: 0.0548 - val_full_mse_score: 3.3753 - val_trimmed_mse_score: 0.0884 - val_full_mae_score: 0.1108
Epoch 12/50
524s - loss: 5382.8667 - full_cross_entropy: 0.6602 - trimmed_cross_entropy: 0.6498 - full_mse_log_r: 0.0219 - trimmed_mse_log_r: 0.0215 - full_mae_log_r: 0.1054 - full_mse_score: 4.6639 - trimmed_mse_score: 0.0926 - full_mae_score: 0.1160 - val_loss: 4860.5433 - val_full_cross_entropy: 0.6595 - val_trimmed_cross_entropy: 0.6492 - val_full_mse_log_r: 0.0163 - val_trimmed_mse_log_r: 0.0161 - val_full_mae_log_r: 0.0952 - val_full_mse_score: 3.5034 - val_trimmed_mse_score: 0.1003 - val_full_mae_score: 0.1153
Epoch 13/50
524s - loss: 5258.9277 - full_cross_entropy: 0.6599 - trimmed_cross_entropy: 0.6496 - full_mse_log_r: 0.0191 - trimmed_mse_log_r: 0.0188 - full_mae_log_r: 0.0979 - full_mse_score: 4.6259 - trimmed_mse_score: 0.0876 - full_mae_score: 0.1102 - val_loss: 5035.1537 - val_full_cross_entropy: 0.6595 - val_trimmed_cross_entropy: 0.6492 - val_full_mse_log_r: 0.0151 - val_trimmed_mse_log_r: 0.0148 - val_full_mae_log_r: 0.0964 - val_full_mse_score: 3.2912 - val_trimmed_mse_score: 0.0762 - val_full_mae_score: 0.1034
Epoch 14/50
524s - loss: 5138.8601 - full_cross_entropy: 0.6597 - trimmed_cross_entropy: 0.6494 - full_mse_log_r: 0.0171 - trimmed_mse_log_r: 0.0168 - full_mae_log_r: 0.0929 - full_mse_score: 4.5267 - trimmed_mse_score: 0.0800 - full_mae_score: 0.1054 - val_loss: 4915.9952 - val_full_cross_entropy: 0.6587 - val_trimmed_cross_entropy: 0.6484 - val_full_mse_log_r: 0.0088 - val_trimmed_mse_log_r: 0.0087 - val_full_mae_log_r: 0.0519 - val_full_mse_score: 3.5897 - val_trimmed_mse_score: 0.0845 - val_full_mae_score: 0.1115
Epoch 15/50
524s - loss: 5025.1970 - full_cross_entropy: 0.6595 - trimmed_cross_entropy: 0.6492 - full_mse_log_r: 0.0154 - trimmed_mse_log_r: 0.0152 - full_mae_log_r: 0.0884 - full_mse_score: 4.4466 - trimmed_mse_score: 0.0732 - full_mae_score: 0.1009 - val_loss: 4511.1914 - val_full_cross_entropy: 0.6587 - val_trimmed_cross_entropy: 0.6484 - val_full_mse_log_r: 0.0083 - val_trimmed_mse_log_r: 0.0081 - val_full_mae_log_r: 0.0586 - val_full_mse_score: 2.9664 - val_trimmed_mse_score: 0.0561 - val_full_mae_score: 0.0963
Epoch 16/50
524s - loss: 4840.8745 - full_cross_entropy: 0.6594 - trimmed_cross_entropy: 0.6491 - full_mse_log_r: 0.0135 - trimmed_mse_log_r: 0.0133 - full_mae_log_r: 0.0823 - full_mse_score: 4.4996 - trimmed_mse_score: 0.0645 - full_mae_score: 0.0968 - val_loss: 4466.0064 - val_full_cross_entropy: 0.6600 - val_trimmed_cross_entropy: 0.6497 - val_full_mse_log_r: 0.0186 - val_trimmed_mse_log_r: 0.0183 - val_full_mae_log_r: 0.1150 - val_full_mse_score: 3.0643 - val_trimmed_mse_score: 0.0617 - val_full_mae_score: 0.0947
Epoch 17/50
524s - loss: 4708.1764 - full_cross_entropy: 0.6592 - trimmed_cross_entropy: 0.6489 - full_mse_log_r: 0.0120 - trimmed_mse_log_r: 0.0118 - full_mae_log_r: 0.0774 - full_mse_score: 4.3026 - trimmed_mse_score: 0.0555 - full_mae_score: 0.0929 - val_loss: 3775.3589 - val_full_cross_entropy: 0.6606 - val_trimmed_cross_entropy: 0.6503 - val_full_mse_log_r: 0.0240 - val_trimmed_mse_log_r: 0.0236 - val_full_mae_log_r: 0.1384 - val_full_mse_score: 3.1742 - val_trimmed_mse_score: 0.0616 - val_full_mae_score: 0.0901
Epoch 18/50
525s - loss: 4374.2161 - full_cross_entropy: 0.6591 - trimmed_cross_entropy: 0.6488 - full_mse_log_r: 0.0106 - trimmed_mse_log_r: 0.0105 - full_mae_log_r: 0.0725 - full_mse_score: 4.2348 - trimmed_mse_score: 0.0518 - full_mae_score: 0.0888 - val_loss: 4001.7183 - val_full_cross_entropy: 0.6596 - val_trimmed_cross_entropy: 0.6493 - val_full_mse_log_r: 0.0154 - val_trimmed_mse_log_r: 0.0151 - val_full_mae_log_r: 0.1039 - val_full_mse_score: 3.1288 - val_trimmed_mse_score: 0.0629 - val_full_mae_score: 0.0877
Epoch 19/50
524s - loss: 4491.9202 - full_cross_entropy: 0.6590 - trimmed_cross_entropy: 0.6487 - full_mse_log_r: 0.0095 - trimmed_mse_log_r: 0.0094 - full_mae_log_r: 0.0683 - full_mse_score: 4.1661 - trimmed_mse_score: 0.0509 - full_mae_score: 0.0862 - val_loss: 4081.7789 - val_full_cross_entropy: 0.6586 - val_trimmed_cross_entropy: 0.6483 - val_full_mse_log_r: 0.0064 - val_trimmed_mse_log_r: 0.0063 - val_full_mae_log_r: 0.0520 - val_full_mse_score: 3.0211 - val_trimmed_mse_score: 0.0486 - val_full_mae_score: 0.0833
Epoch 20/50
524s - loss: 4347.2932 - full_cross_entropy: 0.6589 - trimmed_cross_entropy: 0.6486 - full_mse_log_r: 0.0085 - trimmed_mse_log_r: 0.0084 - full_mae_log_r: 0.0645 - full_mse_score: 4.0866 - trimmed_mse_score: 0.0398 - full_mae_score: 0.0830 - val_loss: 3570.5289 - val_full_cross_entropy: 0.6587 - val_trimmed_cross_entropy: 0.6484 - val_full_mse_log_r: 0.0073 - val_trimmed_mse_log_r: 0.0072 - val_full_mae_log_r: 0.0579 - val_full_mse_score: 2.9987 - val_trimmed_mse_score: 0.0566 - val_full_mae_score: 0.0812
Epoch 21/50
524s - loss: 4110.7886 - full_cross_entropy: 0.6588 - trimmed_cross_entropy: 0.6485 - full_mse_log_r: 0.0078 - trimmed_mse_log_r: 0.0077 - full_mae_log_r: 0.0615 - full_mse_score: 4.0458 - trimmed_mse_score: 0.0406 - full_mae_score: 0.0801 - val_loss: 3579.6217 - val_full_cross_entropy: 0.6598 - val_trimmed_cross_entropy: 0.6495 - val_full_mse_log_r: 0.0162 - val_trimmed_mse_log_r: 0.0160 - val_full_mae_log_r: 0.1145 - val_full_mse_score: 2.8269 - val_trimmed_mse_score: 0.0390 - val_full_mae_score: 0.0766
Epoch 22/50
524s - loss: 4033.8252 - full_cross_entropy: 0.6588 - trimmed_cross_entropy: 0.6485 - full_mse_log_r: 0.0071 - trimmed_mse_log_r: 0.0070 - full_mae_log_r: 0.0585 - full_mse_score: 4.0329 - trimmed_mse_score: 0.0406 - full_mae_score: 0.0778 - val_loss: 3226.4885 - val_full_cross_entropy: 0.6584 - val_trimmed_cross_entropy: 0.6482 - val_full_mse_log_r: 0.0043 - val_trimmed_mse_log_r: 0.0043 - val_full_mae_log_r: 0.0414 - val_full_mse_score: 2.7071 - val_trimmed_mse_score: 0.0425 - val_full_mae_score: 0.0724
Epoch 23/50
524s - loss: 3839.8807 - full_cross_entropy: 0.6587 - trimmed_cross_entropy: 0.6484 - full_mse_log_r: 0.0063 - trimmed_mse_log_r: 0.0062 - full_mae_log_r: 0.0548 - full_mse_score: 3.9163 - trimmed_mse_score: 0.0331 - full_mae_score: 0.0751 - val_loss: 2965.0205 - val_full_cross_entropy: 0.6585 - val_trimmed_cross_entropy: 0.6482 - val_full_mse_log_r: 0.0052 - val_trimmed_mse_log_r: 0.0051 - val_full_mae_log_r: 0.0457 - val_full_mse_score: 2.6579 - val_trimmed_mse_score: 0.0318 - val_full_mae_score: 0.0718
Epoch 24/50
524s - loss: 3705.8100 - full_cross_entropy: 0.6586 - trimmed_cross_entropy: 0.6483 - full_mse_log_r: 0.0058 - trimmed_mse_log_r: 0.0057 - full_mae_log_r: 0.0524 - full_mse_score: 3.7624 - trimmed_mse_score: 0.0357 - full_mae_score: 0.0727 - val_loss: 3596.4741 - val_full_cross_entropy: 0.6585 - val_trimmed_cross_entropy: 0.6482 - val_full_mse_log_r: 0.0051 - val_trimmed_mse_log_r: 0.0050 - val_full_mae_log_r: 0.0487 - val_full_mse_score: 2.6824 - val_trimmed_mse_score: 0.0326 - val_full_mae_score: 0.0711
Epoch 25/50
524s - loss: 3568.7929 - full_cross_entropy: 0.6586 - trimmed_cross_entropy: 0.6483 - full_mse_log_r: 0.0053 - trimmed_mse_log_r: 0.0052 - full_mae_log_r: 0.0496 - full_mse_score: 3.7982 - trimmed_mse_score: 0.0304 - full_mae_score: 0.0710 - val_loss: 2774.5405 - val_full_cross_entropy: 0.6587 - val_trimmed_cross_entropy: 0.6484 - val_full_mse_log_r: 0.0066 - val_trimmed_mse_log_r: 0.0065 - val_full_mae_log_r: 0.0634 - val_full_mse_score: 2.6218 - val_trimmed_mse_score: 0.0318 - val_full_mae_score: 0.0705
Epoch 26/50
524s - loss: 3392.1950 - full_cross_entropy: 0.6586 - trimmed_cross_entropy: 0.6483 - full_mse_log_r: 0.0048 - trimmed_mse_log_r: 0.0048 - full_mae_log_r: 0.0473 - full_mse_score: 3.7976 - trimmed_mse_score: 0.0327 - full_mae_score: 0.0693 - val_loss: 3144.7057 - val_full_cross_entropy: 0.6584 - val_trimmed_cross_entropy: 0.6481 - val_full_mse_log_r: 0.0037 - val_trimmed_mse_log_r: 0.0037 - val_full_mae_log_r: 0.0370 - val_full_mse_score: 2.9199 - val_trimmed_mse_score: 0.0348 - val_full_mae_score: 0.0698
Epoch 27/50
524s - loss: 3204.4820 - full_cross_entropy: 0.6585 - trimmed_cross_entropy: 0.6482 - full_mse_log_r: 0.0045 - trimmed_mse_log_r: 0.0044 - full_mae_log_r: 0.0454 - full_mse_score: 3.6870 - trimmed_mse_score: 0.0256 - full_mae_score: 0.0673 - val_loss: 3259.5366 - val_full_cross_entropy: 0.6583 - val_trimmed_cross_entropy: 0.6481 - val_full_mse_log_r: 0.0037 - val_trimmed_mse_log_r: 0.0036 - val_full_mae_log_r: 0.0363 - val_full_mse_score: 2.9435 - val_trimmed_mse_score: 0.0364 - val_full_mae_score: 0.0693
Epoch 28/50
524s - loss: 3024.5528 - full_cross_entropy: 0.6585 - trimmed_cross_entropy: 0.6482 - full_mse_log_r: 0.0041 - trimmed_mse_log_r: 0.0041 - full_mae_log_r: 0.0432 - full_mse_score: 3.6504 - trimmed_mse_score: 0.0225 - full_mae_score: 0.0657 - val_loss: 2764.7999 - val_full_cross_entropy: 0.6586 - val_trimmed_cross_entropy: 0.6484 - val_full_mse_log_r: 0.0060 - val_trimmed_mse_log_r: 0.0059 - val_full_mae_log_r: 0.0596 - val_full_mse_score: 2.6229 - val_trimmed_mse_score: 0.0309 - val_full_mae_score: 0.0652
Epoch 29/50
525s - loss: 2970.5959 - full_cross_entropy: 0.6585 - trimmed_cross_entropy: 0.6482 - full_mse_log_r: 0.0039 - trimmed_mse_log_r: 0.0038 - full_mae_log_r: 0.0417 - full_mse_score: 3.5321 - trimmed_mse_score: 0.0227 - full_mae_score: 0.0642 - val_loss: 2715.2957 - val_full_cross_entropy: 0.6584 - val_trimmed_cross_entropy: 0.6481 - val_full_mse_log_r: 0.0035 - val_trimmed_mse_log_r: 0.0034 - val_full_mae_log_r: 0.0395 - val_full_mse_score: 2.4694 - val_trimmed_mse_score: 0.0255 - val_full_mae_score: 0.0627
Epoch 30/50
524s - loss: 2810.0977 - full_cross_entropy: 0.6585 - trimmed_cross_entropy: 0.6482 - full_mse_log_r: 0.0036 - trimmed_mse_log_r: 0.0036 - full_mae_log_r: 0.0402 - full_mse_score: 3.5871 - trimmed_mse_score: 0.0247 - full_mae_score: 0.0632 - val_loss: 2472.7993 - val_full_cross_entropy: 0.6583 - val_trimmed_cross_entropy: 0.6480 - val_full_mse_log_r: 0.0027 - val_trimmed_mse_log_r: 0.0027 - val_full_mae_log_r: 0.0310 - val_full_mse_score: 2.3508 - val_trimmed_mse_score: 0.0310 - val_full_mae_score: 0.0604
Epoch 31/50
524s - loss: 2703.1312 - full_cross_entropy: 0.6584 - trimmed_cross_entropy: 0.6481 - full_mse_log_r: 0.0033 - trimmed_mse_log_r: 0.0033 - full_mae_log_r: 0.0384 - full_mse_score: 3.5285 - trimmed_mse_score: 0.0194 - full_mae_score: 0.0617 - val_loss: 2506.8279 - val_full_cross_entropy: 0.6584 - val_trimmed_cross_entropy: 0.6481 - val_full_mse_log_r: 0.0037 - val_trimmed_mse_log_r: 0.0036 - val_full_mae_log_r: 0.0450 - val_full_mse_score: 2.3460 - val_trimmed_mse_score: 0.0237 - val_full_mae_score: 0.0588
Epoch 32/50
524s - loss: 2621.2656 - full_cross_entropy: 0.6584 - trimmed_cross_entropy: 0.6481 - full_mse_log_r: 0.0031 - trimmed_mse_log_r: 0.0031 - full_mae_log_r: 0.0369 - full_mse_score: 3.4298 - trimmed_mse_score: 0.0195 - full_mae_score: 0.0606 - val_loss: 2444.6496 - val_full_cross_entropy: 0.6584 - val_trimmed_cross_entropy: 0.6481 - val_full_mse_log_r: 0.0030 - val_trimmed_mse_log_r: 0.0030 - val_full_mae_log_r: 0.0375 - val_full_mse_score: 2.2802 - val_trimmed_mse_score: 0.0205 - val_full_mae_score: 0.0579
Epoch 33/50
524s - loss: 2616.2150 - full_cross_entropy: 0.6584 - trimmed_cross_entropy: 0.6481 - full_mse_log_r: 0.0030 - trimmed_mse_log_r: 0.0030 - full_mae_log_r: 0.0362 - full_mse_score: 3.3846 - trimmed_mse_score: 0.0174 - full_mae_score: 0.0594 - val_loss: 2416.6224 - val_full_cross_entropy: 0.6583 - val_trimmed_cross_entropy: 0.6480 - val_full_mse_log_r: 0.0024 - val_trimmed_mse_log_r: 0.0024 - val_full_mae_log_r: 0.0286 - val_full_mse_score: 2.1858 - val_trimmed_mse_score: 0.0232 - val_full_mae_score: 0.0562
Epoch 34/50
524s - loss: 2419.5950 - full_cross_entropy: 0.6584 - trimmed_cross_entropy: 0.6481 - full_mse_log_r: 0.0028 - trimmed_mse_log_r: 0.0028 - full_mae_log_r: 0.0347 - full_mse_score: 3.4401 - trimmed_mse_score: 0.0215 - full_mae_score: 0.0590 - val_loss: 2388.1085 - val_full_cross_entropy: 0.6583 - val_trimmed_cross_entropy: 0.6480 - val_full_mse_log_r: 0.0025 - val_trimmed_mse_log_r: 0.0024 - val_full_mae_log_r: 0.0311 - val_full_mse_score: 2.1705 - val_trimmed_mse_score: 0.0230 - val_full_mae_score: 0.0562
Epoch 35/50
524s - loss: 2454.8921 - full_cross_entropy: 0.6584 - trimmed_cross_entropy: 0.6481 - full_mse_log_r: 0.0027 - trimmed_mse_log_r: 0.0026 - full_mae_log_r: 0.0337 - full_mse_score: 3.3025 - trimmed_mse_score: 0.0170 - full_mae_score: 0.0577 - val_loss: 2445.8594 - val_full_cross_entropy: 0.6583 - val_trimmed_cross_entropy: 0.6480 - val_full_mse_log_r: 0.0024 - val_trimmed_mse_log_r: 0.0023 - val_full_mae_log_r: 0.0285 - val_full_mse_score: 2.2959 - val_trimmed_mse_score: 0.0268 - val_full_mae_score: 0.0560
Epoch 36/50
524s - loss: 2254.1720 - full_cross_entropy: 0.6584 - trimmed_cross_entropy: 0.6481 - full_mse_log_r: 0.0026 - trimmed_mse_log_r: 0.0025 - full_mae_log_r: 0.0327 - full_mse_score: 3.3241 - trimmed_mse_score: 0.0163 - full_mae_score: 0.0571 - val_loss: 2210.3297 - val_full_cross_entropy: 0.6584 - val_trimmed_cross_entropy: 0.6481 - val_full_mse_log_r: 0.0032 - val_trimmed_mse_log_r: 0.0031 - val_full_mae_log_r: 0.0404 - val_full_mse_score: 2.2138 - val_trimmed_mse_score: 0.0203 - val_full_mae_score: 0.0546
Epoch 37/50
524s - loss: 2246.1427 - full_cross_entropy: 0.6583 - trimmed_cross_entropy: 0.6481 - full_mse_log_r: 0.0025 - trimmed_mse_log_r: 0.0024 - full_mae_log_r: 0.0319 - full_mse_score: 3.2648 - trimmed_mse_score: 0.0186 - full_mae_score: 0.0563 - val_loss: 2637.1176 - val_full_cross_entropy: 0.6583 - val_trimmed_cross_entropy: 0.6480 - val_full_mse_log_r: 0.0023 - val_trimmed_mse_log_r: 0.0022 - val_full_mae_log_r: 0.0291 - val_full_mse_score: 2.3590 - val_trimmed_mse_score: 0.0215 - val_full_mae_score: 0.0548
Epoch 38/50
524s - loss: 2097.5553 - full_cross_entropy: 0.6583 - trimmed_cross_entropy: 0.6481 - full_mse_log_r: 0.0024 - trimmed_mse_log_r: 0.0023 - full_mae_log_r: 0.0311 - full_mse_score: 3.3957 - trimmed_mse_score: 0.0149 - full_mae_score: 0.0559 - val_loss: 1994.5725 - val_full_cross_entropy: 0.6583 - val_trimmed_cross_entropy: 0.6480 - val_full_mse_log_r: 0.0025 - val_trimmed_mse_log_r: 0.0025 - val_full_mae_log_r: 0.0340 - val_full_mse_score: 2.2318 - val_trimmed_mse_score: 0.0206 - val_full_mae_score: 0.0545
Epoch 39/50
523s - loss: 2015.7180 - full_cross_entropy: 0.6583 - trimmed_cross_entropy: 0.6480 - full_mse_log_r: 0.0023 - trimmed_mse_log_r: 0.0022 - full_mae_log_r: 0.0306 - full_mse_score: 3.3042 - trimmed_mse_score: 0.0186 - full_mae_score: 0.0552 - val_loss: 2244.6101 - val_full_cross_entropy: 0.6583 - val_trimmed_cross_entropy: 0.6480 - val_full_mse_log_r: 0.0022 - val_trimmed_mse_log_r: 0.0022 - val_full_mae_log_r: 0.0293 - val_full_mse_score: 2.2033 - val_trimmed_mse_score: 0.0282 - val_full_mae_score: 0.0534
Epoch 40/50
529s - loss: 2095.3986 - full_cross_entropy: 0.6583 - trimmed_cross_entropy: 0.6480 - full_mse_log_r: 0.0022 - trimmed_mse_log_r: 0.0022 - full_mae_log_r: 0.0299 - full_mse_score: 3.2738 - trimmed_mse_score: 0.0164 - full_mae_score: 0.0549 - val_loss: 2321.0110 - val_full_cross_entropy: 0.6583 - val_trimmed_cross_entropy: 0.6480 - val_full_mse_log_r: 0.0022 - val_trimmed_mse_log_r: 0.0022 - val_full_mae_log_r: 0.0293 - val_full_mse_score: 2.1743 - val_trimmed_mse_score: 0.0197 - val_full_mae_score: 0.0528
Epoch 41/50
558s - loss: 2064.8595 - full_cross_entropy: 0.6583 - trimmed_cross_entropy: 0.6480 - full_mse_log_r: 0.0021 - trimmed_mse_log_r: 0.0021 - full_mae_log_r: 0.0294 - full_mse_score: 3.2734 - trimmed_mse_score: 0.0265 - full_mae_score: 0.0543 - val_loss: 2183.6345 - val_full_cross_entropy: 0.6583 - val_trimmed_cross_entropy: 0.6480 - val_full_mse_log_r: 0.0024 - val_trimmed_mse_log_r: 0.0024 - val_full_mae_log_r: 0.0313 - val_full_mse_score: 2.1989 - val_trimmed_mse_score: 0.0184 - val_full_mae_score: 0.0529
Epoch 42/50
540s - loss: 1918.1102 - full_cross_entropy: 0.6583 - trimmed_cross_entropy: 0.6480 - full_mse_log_r: 0.0021 - trimmed_mse_log_r: 0.0020 - full_mae_log_r: 0.0288 - full_mse_score: 3.2441 - trimmed_mse_score: 0.0146 - full_mae_score: 0.0541 - val_loss: 2288.3894 - val_full_cross_entropy: 0.6583 - val_trimmed_cross_entropy: 0.6480 - val_full_mse_log_r: 0.0021 - val_trimmed_mse_log_r: 0.0020 - val_full_mae_log_r: 0.0273 - val_full_mse_score: 2.1989 - val_trimmed_mse_score: 0.0166 - val_full_mae_score: 0.0519
Epoch 43/50
533s - loss: 1882.9675 - full_cross_entropy: 0.6583 - trimmed_cross_entropy: 0.6480 - full_mse_log_r: 0.0020 - trimmed_mse_log_r: 0.0020 - full_mae_log_r: 0.0282 - full_mse_score: 3.2518 - trimmed_mse_score: 0.0123 - full_mae_score: 0.0535 - val_loss: 1985.3511 - val_full_cross_entropy: 0.6583 - val_trimmed_cross_entropy: 0.6480 - val_full_mse_log_r: 0.0021 - val_trimmed_mse_log_r: 0.0020 - val_full_mae_log_r: 0.0281 - val_full_mse_score: 2.2110 - val_trimmed_mse_score: 0.0227 - val_full_mae_score: 0.0519
Epoch 44/50
535s - loss: 1854.3255 - full_cross_entropy: 0.6583 - trimmed_cross_entropy: 0.6480 - full_mse_log_r: 0.0020 - trimmed_mse_log_r: 0.0019 - full_mae_log_r: 0.0278 - full_mse_score: 3.1546 - trimmed_mse_score: 0.0150 - full_mae_score: 0.0531 - val_loss: 2068.5984 - val_full_cross_entropy: 0.6583 - val_trimmed_cross_entropy: 0.6480 - val_full_mse_log_r: 0.0021 - val_trimmed_mse_log_r: 0.0021 - val_full_mae_log_r: 0.0292 - val_full_mse_score: 2.1640 - val_trimmed_mse_score: 0.0185 - val_full_mae_score: 0.0514
Epoch 45/50
534s - loss: 1833.9409 - full_cross_entropy: 0.6583 - trimmed_cross_entropy: 0.6480 - full_mse_log_r: 0.0019 - trimmed_mse_log_r: 0.0019 - full_mae_log_r: 0.0273 - full_mse_score: 3.1646 - trimmed_mse_score: 0.0129 - full_mae_score: 0.0526 - val_loss: 1880.0349 - val_full_cross_entropy: 0.6583 - val_trimmed_cross_entropy: 0.6480 - val_full_mse_log_r: 0.0022 - val_trimmed_mse_log_r: 0.0021 - val_full_mae_log_r: 0.0304 - val_full_mse_score: 2.1927 - val_trimmed_mse_score: 0.0195 - val_full_mae_score: 0.0512
Epoch 46/50
534s - loss: 1761.4025 - full_cross_entropy: 0.6583 - trimmed_cross_entropy: 0.6480 - full_mse_log_r: 0.0019 - trimmed_mse_log_r: 0.0019 - full_mae_log_r: 0.0271 - full_mse_score: 3.1974 - trimmed_mse_score: 0.0259 - full_mae_score: 0.0525 - val_loss: 2069.9947 - val_full_cross_entropy: 0.6582 - val_trimmed_cross_entropy: 0.6480 - val_full_mse_log_r: 0.0018 - val_trimmed_mse_log_r: 0.0018 - val_full_mae_log_r: 0.0251 - val_full_mse_score: 2.2970 - val_trimmed_mse_score: 0.0181 - val_full_mae_score: 0.0512
Epoch 47/50
