Using TensorFlow backend.
19.04.2018 10:34:04 INFO    Hi! How are you today?
19.04.2018 10:34:04 INFO    Startup options:
19.04.2018 10:34:04 INFO      Algorithm:                     scoreregression
19.04.2018 10:34:04 INFO      Point by point:                False
19.04.2018 10:34:04 INFO      Morphing-aware mode:           False
19.04.2018 10:34:04 INFO      Smeared data:                  False
19.04.2018 10:34:04 INFO      Training sample:               baseline
19.04.2018 10:34:04 INFO      alpha:                         None
19.04.2018 10:34:04 INFO      Histogram / AFC X indices:     [1, 38, 39, 40, 41]
19.04.2018 10:34:04 INFO      AFC epsilon:                   None
19.04.2018 10:34:04 INFO      Denominator theta:             False
19.04.2018 10:34:04 INFO      Neyman construction toys:      0
19.04.2018 10:34:04 INFO      Training sample size limit:    1000
19.04.2018 10:34:04 INFO      Other options:                 ['deep']
19.04.2018 10:34:04 INFO      Base directory:                /home/jb6504/higgs_inference
19.04.2018 10:34:04 INFO      ML-based strategies available: True
19.04.2018 10:34:04 INFO    Starting score regression inference
19.04.2018 10:34:04 INFO    Options:
19.04.2018 10:34:04 INFO      Denominator theta:       denominator 0 = theta 708 = [ 0.39293227  0.43229216]
19.04.2018 10:34:04 INFO      Number of hidden layers: 5
19.04.2018 10:34:04 INFO      Batch size:              128
19.04.2018 10:34:04 INFO      Learning rate:           0.001
19.04.2018 10:34:04 INFO      Learning rate decay:     9.21034037198e-06
19.04.2018 10:34:04 INFO      Number of epochs:        500000
19.04.2018 10:34:04 INFO      Training samples:        1000
19.04.2018 10:34:04 INFO      NC experiments:          False
19.04.2018 10:34:27 INFO    Reduced training sample size from 10000000 to 1000 (factor 10000)
19.04.2018 10:34:27 INFO    Starting training of score regression
2018-04-19 10:34:28.307812: W tensorflow/core/platform/cpu_feature_guard.cc:45] The TensorFlow library wasn't compiled to use SSE4.1 instructions, but these are available on your machine and could speed up CPU computations.
2018-04-19 10:34:28.307855: W tensorflow/core/platform/cpu_feature_guard.cc:45] The TensorFlow library wasn't compiled to use SSE4.2 instructions, but these are available on your machine and could speed up CPU computations.
2018-04-19 10:34:28.307860: W tensorflow/core/platform/cpu_feature_guard.cc:45] The TensorFlow library wasn't compiled to use AVX instructions, but these are available on your machine and could speed up CPU computations.
2018-04-19 10:34:28.307864: W tensorflow/core/platform/cpu_feature_guard.cc:45] The TensorFlow library wasn't compiled to use AVX2 instructions, but these are available on your machine and could speed up CPU computations.
2018-04-19 10:34:28.307868: W tensorflow/core/platform/cpu_feature_guard.cc:45] The TensorFlow library wasn't compiled to use FMA instructions, but these are available on your machine and could speed up CPU computations.
2018-04-19 10:34:28.595873: I tensorflow/core/common_runtime/gpu/gpu_device.cc:940] Found device 0 with properties: 
name: Tesla K80
major: 3 minor: 7 memoryClockRate (GHz) 0.8235
pciBusID 0000:85:00.0
Total memory: 11.17GiB
Free memory: 11.10GiB
2018-04-19 10:34:28.595908: I tensorflow/core/common_runtime/gpu/gpu_device.cc:961] DMA: 0 
2018-04-19 10:34:28.595914: I tensorflow/core/common_runtime/gpu/gpu_device.cc:971] 0:   Y 
2018-04-19 10:34:28.595922: I tensorflow/core/common_runtime/gpu/gpu_device.cc:1030] Creating TensorFlow device (/gpu:0) -> (device: 0, name: Tesla K80, pci bus id: 0000:85:00.0)
slurmstepd: error: *** JOB 5623063 ON gpu-06 CANCELLED AT 2018-04-19T10:42:34 ***
