24.03.2018 22:04:12 INFO    Hi! How are you today?
24.03.2018 22:04:12 INFO    Startup options:
24.03.2018 22:04:12 INFO      Algorithm:                     histo
24.03.2018 22:04:12 INFO      Point by point:                False
24.03.2018 22:04:12 INFO      Morphing-aware mode:           False
24.03.2018 22:04:12 INFO      Smeared data:                  False
24.03.2018 22:04:12 INFO      Training sample:               baseline
24.03.2018 22:04:12 INFO      alpha:                         None
24.03.2018 22:04:12 INFO      Histogram / AFC X indices:     [1, 41]
24.03.2018 22:04:12 INFO      AFC epsilon:                   None
24.03.2018 22:04:12 INFO      Denominator theta:             False
24.03.2018 22:04:12 INFO      Neyman construction toys:      0
24.03.2018 22:04:12 INFO      Other options:                 
24.03.2018 22:04:12 INFO      Base directory:                /home/jb6504/higgs_inference
24.03.2018 22:04:12 INFO      ML-based strategies available: False
24.03.2018 22:04:12 INFO    Starting histogram-based inference
24.03.2018 22:04:12 INFO    Settings:
24.03.2018 22:04:12 INFO      Statistics:              x [1, 41]
24.03.2018 22:04:12 INFO      Binning:                 optimized
24.03.2018 22:05:10 INFO    Starting theta 100 / 1017
24.03.2018 22:06:06 INFO    Starting theta 200 / 1017
24.03.2018 22:07:02 INFO    Starting theta 300 / 1017
24.03.2018 22:07:57 INFO    Starting theta 400 / 1017
24.03.2018 22:08:54 INFO    Starting theta 500 / 1017
24.03.2018 22:09:54 INFO    Starting theta 600 / 1017
24.03.2018 22:10:52 INFO    Starting theta 700 / 1017
24.03.2018 22:11:51 INFO    Starting theta 800 / 1017
24.03.2018 22:12:57 INFO    Starting theta 900 / 1017
24.03.2018 22:14:07 INFO    Starting theta 1000 / 1017
24.03.2018 22:14:19 INFO    Evaluation timing: median 0.00941896438599 s, mean 0.00944098469782 s
24.03.2018 22:14:19 INFO    Mean training cross-entropy: nan
24.03.2018 22:14:19 INFO    Mean training log r: 0.207797292458
24.03.2018 22:14:19 INFO    That's it -- have a great day!
slurmstepd: error: Exceeded step memory limit at some point.
