Using TensorFlow backend.
29.03.2018 16:54:43 INFO    Hi! How are you today?
29.03.2018 16:54:43 INFO    Startup options:
29.03.2018 16:54:43 INFO      Algorithm:                     combined
29.03.2018 16:54:43 INFO      Point by point:                False
29.03.2018 16:54:43 INFO      Morphing-aware mode:           False
29.03.2018 16:54:43 INFO      Smeared data:                  False
29.03.2018 16:54:43 INFO      Training sample:               baseline
29.03.2018 16:54:43 INFO      alpha:                         None
29.03.2018 16:54:43 INFO      Histogram / AFC X indices:     [1, 38, 39, 40, 41]
29.03.2018 16:54:43 INFO      AFC epsilon:                   None
29.03.2018 16:54:43 INFO      Denominator theta:             False
29.03.2018 16:54:43 INFO      Neyman construction toys:      0
29.03.2018 16:54:43 INFO      Other options:                 ['deep', 'new']
29.03.2018 16:54:43 INFO      Base directory:                /home/jb6504/higgs_inference
29.03.2018 16:54:43 INFO      ML-based strategies available: True
29.03.2018 16:54:43 INFO    Starting parameterized inference
29.03.2018 16:54:43 INFO    Main settings:
29.03.2018 16:54:43 INFO      Algorithm:                combined
29.03.2018 16:54:43 INFO      Morphing-aware:           False
29.03.2018 16:54:43 INFO      Training sample:          baseline
29.03.2018 16:54:43 INFO      Denominator theta:        denominator 0 = theta 708 = [ 0.39293227  0.43229216]
29.03.2018 16:54:43 INFO    Options:
29.03.2018 16:54:43 INFO      Number of hidden layers:  5
29.03.2018 16:54:43 INFO      alpha:                    5.0
29.03.2018 16:54:43 INFO      Batch size:               128
29.03.2018 16:54:43 INFO      Learning rate:            0.001
29.03.2018 16:54:43 INFO      Learning rate decay:      0.0921034037198
29.03.2018 16:54:43 INFO      Number of epochs:         50
29.03.2018 16:54:43 INFO      NC experiments:           False
29.03.2018 16:54:43 INFO      Debug mode:               False
29.03.2018 16:55:29 INFO    Starting training
Train on 8000000 samples, validate on 2000000 samples
2018-03-29 16:55:30.578996: W tensorflow/core/platform/cpu_feature_guard.cc:45] The TensorFlow library wasn't compiled to use SSE4.1 instructions, but these are available on your machine and could speed up CPU computations.
2018-03-29 16:55:30.579331: W tensorflow/core/platform/cpu_feature_guard.cc:45] The TensorFlow library wasn't compiled to use SSE4.2 instructions, but these are available on your machine and could speed up CPU computations.
2018-03-29 16:55:30.579339: W tensorflow/core/platform/cpu_feature_guard.cc:45] The TensorFlow library wasn't compiled to use AVX instructions, but these are available on your machine and could speed up CPU computations.
2018-03-29 16:55:30.579343: W tensorflow/core/platform/cpu_feature_guard.cc:45] The TensorFlow library wasn't compiled to use AVX2 instructions, but these are available on your machine and could speed up CPU computations.
2018-03-29 16:55:30.579347: W tensorflow/core/platform/cpu_feature_guard.cc:45] The TensorFlow library wasn't compiled to use FMA instructions, but these are available on your machine and could speed up CPU computations.
2018-03-29 16:55:30.871777: I tensorflow/core/common_runtime/gpu/gpu_device.cc:940] Found device 0 with properties: 
name: Tesla K80
major: 3 minor: 7 memoryClockRate (GHz) 0.8235
pciBusID 0000:04:00.0
Total memory: 11.17GiB
Free memory: 11.10GiB
2018-03-29 16:55:30.871810: I tensorflow/core/common_runtime/gpu/gpu_device.cc:961] DMA: 0 
2018-03-29 16:55:30.871816: I tensorflow/core/common_runtime/gpu/gpu_device.cc:971] 0:   Y 
2018-03-29 16:55:30.871824: I tensorflow/core/common_runtime/gpu/gpu_device.cc:1030] Creating TensorFlow device (/gpu:0) -> (device: 0, name: Tesla K80, pci bus id: 0000:04:00.0)
Epoch 1/50
529s - loss: 0.7977 - full_cross_entropy: 0.6816 - trimmed_cross_entropy: 0.6709 - full_mse_log_r: 0.3295 - trimmed_mse_log_r: 0.3244 - full_mae_log_r: 0.3235 - full_mse_score: 1.2545 - trimmed_mse_score: 0.0869 - full_mae_score: 0.1122 - val_loss: 0.7822 - val_full_cross_entropy: 0.6806 - val_trimmed_cross_entropy: 0.6700 - val_full_mse_log_r: 0.3109 - val_trimmed_mse_log_r: 0.3060 - val_full_mae_log_r: 0.3092 - val_full_mse_score: 1.1897 - val_trimmed_mse_score: 0.0707 - val_full_mae_score: 0.1054
Epoch 2/50
528s - loss: 0.7833 - full_cross_entropy: 0.6804 - trimmed_cross_entropy: 0.6697 - full_mse_log_r: 0.3099 - trimmed_mse_log_r: 0.3051 - full_mae_log_r: 0.3149 - full_mse_score: 1.2531 - trimmed_mse_score: 0.0768 - full_mae_score: 0.1044 - val_loss: 0.7801 - val_full_cross_entropy: 0.6809 - val_trimmed_cross_entropy: 0.6702 - val_full_mse_log_r: 0.3081 - val_trimmed_mse_log_r: 0.3033 - val_full_mae_log_r: 0.3192 - val_full_mse_score: 1.1976 - val_trimmed_mse_score: 0.0687 - val_full_mae_score: 0.0993
Epoch 3/50
529s - loss: 0.7774 - full_cross_entropy: 0.6798 - trimmed_cross_entropy: 0.6691 - full_mse_log_r: 0.3018 - trimmed_mse_log_r: 0.2971 - full_mae_log_r: 0.3109 - full_mse_score: 1.2567 - trimmed_mse_score: 0.0751 - full_mae_score: 0.1015 - val_loss: 0.7735 - val_full_cross_entropy: 0.6799 - val_trimmed_cross_entropy: 0.6693 - val_full_mse_log_r: 0.2995 - val_trimmed_mse_log_r: 0.2948 - val_full_mae_log_r: 0.3046 - val_full_mse_score: 1.1966 - val_trimmed_mse_score: 0.0670 - val_full_mae_score: 0.1012
Epoch 4/50
529s - loss: 0.7715 - full_cross_entropy: 0.6794 - trimmed_cross_entropy: 0.6688 - full_mse_log_r: 0.2969 - trimmed_mse_log_r: 0.2923 - full_mae_log_r: 0.3081 - full_mse_score: 1.2502 - trimmed_mse_score: 0.0716 - full_mae_score: 0.0991 - val_loss: 0.7771 - val_full_cross_entropy: 0.6810 - val_trimmed_cross_entropy: 0.6703 - val_full_mse_log_r: 0.3053 - val_trimmed_mse_log_r: 0.3006 - val_full_mae_log_r: 0.3124 - val_full_mse_score: 1.2206 - val_trimmed_mse_score: 0.0704 - val_full_mae_score: 0.1003
Epoch 5/50
529s - loss: 0.7702 - full_cross_entropy: 0.6789 - trimmed_cross_entropy: 0.6683 - full_mse_log_r: 0.2905 - trimmed_mse_log_r: 0.2859 - full_mae_log_r: 0.3050 - full_mse_score: 1.2599 - trimmed_mse_score: 0.0709 - full_mae_score: 0.0981 - val_loss: 0.7712 - val_full_cross_entropy: 0.6780 - val_trimmed_cross_entropy: 0.6674 - val_full_mse_log_r: 0.2840 - val_trimmed_mse_log_r: 0.2796 - val_full_mae_log_r: 0.2943 - val_full_mse_score: 1.2419 - val_trimmed_mse_score: 0.0678 - val_full_mae_score: 0.1008
Epoch 6/50
529s - loss: 0.7701 - full_cross_entropy: 0.6783 - trimmed_cross_entropy: 0.6677 - full_mse_log_r: 0.2841 - trimmed_mse_log_r: 0.2796 - full_mae_log_r: 0.3009 - full_mse_score: 1.2930 - trimmed_mse_score: 0.0739 - full_mae_score: 0.0979 - val_loss: 0.7728 - val_full_cross_entropy: 0.6771 - val_trimmed_cross_entropy: 0.6665 - val_full_mse_log_r: 0.2713 - val_trimmed_mse_log_r: 0.2671 - val_full_mae_log_r: 0.2833 - val_full_mse_score: 1.3562 - val_trimmed_mse_score: 0.0763 - val_full_mae_score: 0.1019
Epoch 7/50
529s - loss: 0.7754 - full_cross_entropy: 0.6777 - trimmed_cross_entropy: 0.6671 - full_mse_log_r: 0.2787 - trimmed_mse_log_r: 0.2744 - full_mae_log_r: 0.2974 - full_mse_score: 1.3680 - trimmed_mse_score: 0.0777 - full_mae_score: 0.0988 - val_loss: 0.7926 - val_full_cross_entropy: 0.6778 - val_trimmed_cross_entropy: 0.6672 - val_full_mse_log_r: 0.2726 - val_trimmed_mse_log_r: 0.2683 - val_full_mae_log_r: 0.3009 - val_full_mse_score: 1.4438 - val_trimmed_mse_score: 0.0796 - val_full_mae_score: 0.1017
Epoch 8/50
529s - loss: 0.7802 - full_cross_entropy: 0.6773 - trimmed_cross_entropy: 0.6667 - full_mse_log_r: 0.2745 - trimmed_mse_log_r: 0.2702 - full_mae_log_r: 0.2942 - full_mse_score: 1.4356 - trimmed_mse_score: 0.0774 - full_mae_score: 0.0992 - val_loss: 0.7749 - val_full_cross_entropy: 0.6763 - val_trimmed_cross_entropy: 0.6657 - val_full_mse_log_r: 0.2601 - val_trimmed_mse_log_r: 0.2561 - val_full_mae_log_r: 0.2840 - val_full_mse_score: 1.4161 - val_trimmed_mse_score: 0.0759 - val_full_mae_score: 0.1030
Epoch 9/50
528s - loss: 0.7824 - full_cross_entropy: 0.6769 - trimmed_cross_entropy: 0.6663 - full_mse_log_r: 0.2696 - trimmed_mse_log_r: 0.2654 - full_mae_log_r: 0.2914 - full_mse_score: 1.5069 - trimmed_mse_score: 0.0791 - full_mae_score: 0.0994 - val_loss: 0.7725 - val_full_cross_entropy: 0.6771 - val_trimmed_cross_entropy: 0.6665 - val_full_mse_log_r: 0.2676 - val_trimmed_mse_log_r: 0.2634 - val_full_mae_log_r: 0.3012 - val_full_mse_score: 1.5769 - val_trimmed_mse_score: 0.0797 - val_full_mae_score: 0.1001
Epoch 10/50
528s - loss: 0.7968 - full_cross_entropy: 0.6765 - trimmed_cross_entropy: 0.6659 - full_mse_log_r: 0.2637 - trimmed_mse_log_r: 0.2596 - full_mae_log_r: 0.2883 - full_mse_score: 1.6338 - trimmed_mse_score: 0.0845 - full_mae_score: 0.1008 - val_loss: 0.7913 - val_full_cross_entropy: 0.6762 - val_trimmed_cross_entropy: 0.6657 - val_full_mse_log_r: 0.2576 - val_trimmed_mse_log_r: 0.2536 - val_full_mae_log_r: 0.2739 - val_full_mse_score: 1.6778 - val_trimmed_mse_score: 0.0857 - val_full_mae_score: 0.1018
Epoch 11/50
528s - loss: 0.8851 - full_cross_entropy: 0.6762 - trimmed_cross_entropy: 0.6657 - full_mse_log_r: 0.2578 - trimmed_mse_log_r: 0.2538 - full_mae_log_r: 0.2854 - full_mse_score: 1.7078 - trimmed_mse_score: 0.0881 - full_mae_score: 0.1018 - val_loss: 1.0054 - val_full_cross_entropy: 0.6755 - val_trimmed_cross_entropy: 0.6650 - val_full_mse_log_r: 0.2478 - val_trimmed_mse_log_r: 0.2440 - val_full_mae_log_r: 0.2752 - val_full_mse_score: 1.7666 - val_trimmed_mse_score: 0.0821 - val_full_mae_score: 0.1014
Epoch 12/50
529s - loss: 0.8355 - full_cross_entropy: 0.6763 - trimmed_cross_entropy: 0.6658 - full_mse_log_r: 0.2603 - trimmed_mse_log_r: 0.2562 - full_mae_log_r: 0.2853 - full_mse_score: 1.6370 - trimmed_mse_score: 0.0838 - full_mae_score: 0.0997 - val_loss: 0.8311 - val_full_cross_entropy: 0.6759 - val_trimmed_cross_entropy: 0.6654 - val_full_mse_log_r: 0.2535 - val_trimmed_mse_log_r: 0.2495 - val_full_mae_log_r: 0.2775 - val_full_mse_score: 1.6022 - val_trimmed_mse_score: 0.0729 - val_full_mae_score: 0.0979
Epoch 13/50
529s - loss: 0.9369 - full_cross_entropy: 0.6762 - trimmed_cross_entropy: 0.6656 - full_mse_log_r: 0.2562 - trimmed_mse_log_r: 0.2522 - full_mae_log_r: 0.2836 - full_mse_score: 1.7117 - trimmed_mse_score: 0.0838 - full_mae_score: 0.1007 - val_loss: 0.7619 - val_full_cross_entropy: 0.6773 - val_trimmed_cross_entropy: 0.6667 - val_full_mse_log_r: 0.2680 - val_trimmed_mse_log_r: 0.2638 - val_full_mae_log_r: 0.2825 - val_full_mse_score: 1.2463 - val_trimmed_mse_score: 0.0635 - val_full_mae_score: 0.0931
Epoch 14/50
529s - loss: 0.8001 - full_cross_entropy: 0.6761 - trimmed_cross_entropy: 0.6655 - full_mse_log_r: 0.2556 - trimmed_mse_log_r: 0.2516 - full_mae_log_r: 0.2824 - full_mse_score: 1.6382 - trimmed_mse_score: 0.0829 - full_mae_score: 0.0978 - val_loss: 0.8225 - val_full_cross_entropy: 0.6769 - val_trimmed_cross_entropy: 0.6663 - val_full_mse_log_r: 0.2617 - val_trimmed_mse_log_r: 0.2576 - val_full_mae_log_r: 0.2867 - val_full_mse_score: 1.5257 - val_trimmed_mse_score: 0.0691 - val_full_mae_score: 0.0955
Epoch 15/50
530s - loss: 1.0383 - full_cross_entropy: 0.6759 - trimmed_cross_entropy: 0.6653 - full_mse_log_r: 0.2504 - trimmed_mse_log_r: 0.2465 - full_mae_log_r: 0.2801 - full_mse_score: 1.8138 - trimmed_mse_score: 0.0862 - full_mae_score: 0.1003 - val_loss: 0.7734 - val_full_cross_entropy: 0.6785 - val_trimmed_cross_entropy: 0.6679 - val_full_mse_log_r: 0.2839 - val_trimmed_mse_log_r: 0.2795 - val_full_mae_log_r: 0.2929 - val_full_mse_score: 1.4250 - val_trimmed_mse_score: 0.0744 - val_full_mae_score: 0.0947
Epoch 16/50
529s - loss: 0.7659 - full_cross_entropy: 0.6758 - trimmed_cross_entropy: 0.6653 - full_mse_log_r: 0.2531 - trimmed_mse_log_r: 0.2491 - full_mae_log_r: 0.2803 - full_mse_score: 1.5631 - trimmed_mse_score: 0.0819 - full_mae_score: 0.0971 - val_loss: 0.7651 - val_full_cross_entropy: 0.6755 - val_trimmed_cross_entropy: 0.6650 - val_full_mse_log_r: 0.2493 - val_trimmed_mse_log_r: 0.2454 - val_full_mae_log_r: 0.2707 - val_full_mse_score: 1.7369 - val_trimmed_mse_score: 0.0857 - val_full_mae_score: 0.1000
Epoch 17/50
529s - loss: 0.8775 - full_cross_entropy: 0.6755 - trimmed_cross_entropy: 0.6649 - full_mse_log_r: 0.2446 - trimmed_mse_log_r: 0.2407 - full_mae_log_r: 0.2770 - full_mse_score: 1.7348 - trimmed_mse_score: 0.0871 - full_mae_score: 0.0992 - val_loss: 0.8202 - val_full_cross_entropy: 0.6756 - val_trimmed_cross_entropy: 0.6650 - val_full_mse_log_r: 0.2426 - val_trimmed_mse_log_r: 0.2388 - val_full_mae_log_r: 0.2809 - val_full_mse_score: 1.7338 - val_trimmed_mse_score: 0.0920 - val_full_mae_score: 0.1029
Epoch 18/50
529s - loss: 0.8809 - full_cross_entropy: 0.6757 - trimmed_cross_entropy: 0.6651 - full_mse_log_r: 0.2490 - trimmed_mse_log_r: 0.2451 - full_mae_log_r: 0.2780 - full_mse_score: 1.6106 - trimmed_mse_score: 0.0778 - full_mae_score: 0.0963 - val_loss: 0.7550 - val_full_cross_entropy: 0.6756 - val_trimmed_cross_entropy: 0.6650 - val_full_mse_log_r: 0.2458 - val_trimmed_mse_log_r: 0.2420 - val_full_mae_log_r: 0.2698 - val_full_mse_score: 1.3704 - val_trimmed_mse_score: 0.0638 - val_full_mae_score: 0.0933
Epoch 19/50
530s - loss: 0.7540 - full_cross_entropy: 0.6756 - trimmed_cross_entropy: 0.6651 - full_mse_log_r: 0.2500 - trimmed_mse_log_r: 0.2461 - full_mae_log_r: 0.2777 - full_mse_score: 1.5464 - trimmed_mse_score: 0.0739 - full_mae_score: 0.0941 - val_loss: 0.7505 - val_full_cross_entropy: 0.6760 - val_trimmed_cross_entropy: 0.6655 - val_full_mse_log_r: 0.2529 - val_trimmed_mse_log_r: 0.2490 - val_full_mae_log_r: 0.2824 - val_full_mse_score: 1.6464 - val_trimmed_mse_score: 0.0705 - val_full_mae_score: 0.0937
Epoch 20/50
529s - loss: 0.8012 - full_cross_entropy: 0.6753 - trimmed_cross_entropy: 0.6647 - full_mse_log_r: 0.2431 - trimmed_mse_log_r: 0.2393 - full_mae_log_r: 0.2752 - full_mse_score: 1.6115 - trimmed_mse_score: 0.0845 - full_mae_score: 0.0957 - val_loss: 0.8273 - val_full_cross_entropy: 0.6753 - val_trimmed_cross_entropy: 0.6648 - val_full_mse_log_r: 0.2405 - val_trimmed_mse_log_r: 0.2368 - val_full_mae_log_r: 0.2641 - val_full_mse_score: 1.7626 - val_trimmed_mse_score: 0.0991 - val_full_mae_score: 0.1040
Epoch 21/50
529s - loss: 0.8915 - full_cross_entropy: 0.6750 - trimmed_cross_entropy: 0.6645 - full_mse_log_r: 0.2381 - trimmed_mse_log_r: 0.2343 - full_mae_log_r: 0.2731 - full_mse_score: 1.7097 - trimmed_mse_score: 0.0851 - full_mae_score: 0.0974 - val_loss: 0.8290 - val_full_cross_entropy: 0.6753 - val_trimmed_cross_entropy: 0.6647 - val_full_mse_log_r: 0.2419 - val_trimmed_mse_log_r: 0.2382 - val_full_mae_log_r: 0.2688 - val_full_mse_score: 1.7594 - val_trimmed_mse_score: 0.0768 - val_full_mae_score: 0.0962
Epoch 22/50
530s - loss: 0.9117 - full_cross_entropy: 0.6750 - trimmed_cross_entropy: 0.6645 - full_mse_log_r: 0.2381 - trimmed_mse_log_r: 0.2343 - full_mae_log_r: 0.2728 - full_mse_score: 1.7385 - trimmed_mse_score: 0.0842 - full_mae_score: 0.0975 - val_loss: 0.8130 - val_full_cross_entropy: 0.6757 - val_trimmed_cross_entropy: 0.6652 - val_full_mse_log_r: 0.2419 - val_trimmed_mse_log_r: 0.2381 - val_full_mae_log_r: 0.2819 - val_full_mse_score: 1.5816 - val_trimmed_mse_score: 0.0723 - val_full_mae_score: 0.0935
Epoch 23/50
530s - loss: 0.8715 - full_cross_entropy: 0.6749 - trimmed_cross_entropy: 0.6644 - full_mse_log_r: 0.2357 - trimmed_mse_log_r: 0.2320 - full_mae_log_r: 0.2718 - full_mse_score: 1.6726 - trimmed_mse_score: 0.0864 - full_mae_score: 0.0972 - val_loss: 0.9022 - val_full_cross_entropy: 0.6749 - val_trimmed_cross_entropy: 0.6644 - val_full_mse_log_r: 0.2340 - val_trimmed_mse_log_r: 0.2303 - val_full_mae_log_r: 0.2637 - val_full_mse_score: 1.7589 - val_trimmed_mse_score: 0.0871 - val_full_mae_score: 0.0984
Epoch 24/50
530s - loss: 0.8335 - full_cross_entropy: 0.6748 - trimmed_cross_entropy: 0.6643 - full_mse_log_r: 0.2340 - trimmed_mse_log_r: 0.2304 - full_mae_log_r: 0.2709 - full_mse_score: 1.6348 - trimmed_mse_score: 0.0873 - full_mae_score: 0.0966 - val_loss: 0.8011 - val_full_cross_entropy: 0.6752 - val_trimmed_cross_entropy: 0.6646 - val_full_mse_log_r: 0.2362 - val_trimmed_mse_log_r: 0.2325 - val_full_mae_log_r: 0.2663 - val_full_mse_score: 1.6559 - val_trimmed_mse_score: 0.0774 - val_full_mae_score: 0.0948
Epoch 25/50
529s - loss: 0.8281 - full_cross_entropy: 0.6748 - trimmed_cross_entropy: 0.6642 - full_mse_log_r: 0.2329 - trimmed_mse_log_r: 0.2293 - full_mae_log_r: 0.2701 - full_mse_score: 1.6475 - trimmed_mse_score: 0.0875 - full_mae_score: 0.0967 - val_loss: 0.8284 - val_full_cross_entropy: 0.6749 - val_trimmed_cross_entropy: 0.6644 - val_full_mse_log_r: 0.2289 - val_trimmed_mse_log_r: 0.2253 - val_full_mae_log_r: 0.2710 - val_full_mse_score: 1.6815 - val_trimmed_mse_score: 0.0856 - val_full_mae_score: 0.0978
Epoch 26/50
530s - loss: 0.8293 - full_cross_entropy: 0.6747 - trimmed_cross_entropy: 0.6642 - full_mse_log_r: 0.2310 - trimmed_mse_log_r: 0.2274 - full_mae_log_r: 0.2695 - full_mse_score: 1.6634 - trimmed_mse_score: 0.0914 - full_mae_score: 0.0968 - val_loss: 0.8257 - val_full_cross_entropy: 0.6749 - val_trimmed_cross_entropy: 0.6644 - val_full_mse_log_r: 0.2314 - val_trimmed_mse_log_r: 0.2278 - val_full_mae_log_r: 0.2644 - val_full_mse_score: 1.6265 - val_trimmed_mse_score: 0.0890 - val_full_mae_score: 0.0971
Epoch 27/50
530s - loss: 0.8429 - full_cross_entropy: 0.6746 - trimmed_cross_entropy: 0.6641 - full_mse_log_r: 0.2294 - trimmed_mse_log_r: 0.2258 - full_mae_log_r: 0.2687 - full_mse_score: 1.6793 - trimmed_mse_score: 0.0946 - full_mae_score: 0.0969 - val_loss: 0.8245 - val_full_cross_entropy: 0.6749 - val_trimmed_cross_entropy: 0.6644 - val_full_mse_log_r: 0.2292 - val_trimmed_mse_log_r: 0.2256 - val_full_mae_log_r: 0.2714 - val_full_mse_score: 1.7404 - val_trimmed_mse_score: 0.0940 - val_full_mae_score: 0.1007
Epoch 28/50
529s - loss: 0.8447 - full_cross_entropy: 0.6746 - trimmed_cross_entropy: 0.6640 - full_mse_log_r: 0.2283 - trimmed_mse_log_r: 0.2247 - full_mae_log_r: 0.2681 - full_mse_score: 1.6417 - trimmed_mse_score: 0.0892 - full_mae_score: 0.0968 - val_loss: 0.8167 - val_full_cross_entropy: 0.6748 - val_trimmed_cross_entropy: 0.6643 - val_full_mse_log_r: 0.2294 - val_trimmed_mse_log_r: 0.2258 - val_full_mae_log_r: 0.2659 - val_full_mse_score: 1.5820 - val_trimmed_mse_score: 0.0876 - val_full_mae_score: 0.0962
Epoch 29/50
530s - loss: 0.8460 - full_cross_entropy: 0.6745 - trimmed_cross_entropy: 0.6639 - full_mse_log_r: 0.2274 - trimmed_mse_log_r: 0.2239 - full_mae_log_r: 0.2676 - full_mse_score: 1.6520 - trimmed_mse_score: 0.0908 - full_mae_score: 0.0972 - val_loss: 0.8912 - val_full_cross_entropy: 0.6748 - val_trimmed_cross_entropy: 0.6643 - val_full_mse_log_r: 0.2248 - val_trimmed_mse_log_r: 0.2213 - val_full_mae_log_r: 0.2730 - val_full_mse_score: 1.6877 - val_trimmed_mse_score: 0.0898 - val_full_mae_score: 0.0975
Epoch 30/50
530s - loss: 0.8810 - full_cross_entropy: 0.6744 - trimmed_cross_entropy: 0.6639 - full_mse_log_r: 0.2255 - trimmed_mse_log_r: 0.2220 - full_mae_log_r: 0.2669 - full_mse_score: 1.6682 - trimmed_mse_score: 0.0905 - full_mae_score: 0.0970 - val_loss: 0.9237 - val_full_cross_entropy: 0.6745 - val_trimmed_cross_entropy: 0.6640 - val_full_mse_log_r: 0.2216 - val_trimmed_mse_log_r: 0.2181 - val_full_mae_log_r: 0.2644 - val_full_mse_score: 1.6279 - val_trimmed_mse_score: 0.0979 - val_full_mae_score: 0.0984
Epoch 00029: early stopping
29.03.2018 21:26:09 INFO    Starting evaluation
29.03.2018 22:26:38 INFO    Starting theta 100 / 1017
29.03.2018 23:27:42 INFO    Starting theta 200 / 1017
30.03.2018 00:28:50 INFO    Starting theta 300 / 1017
30.03.2018 01:29:54 INFO    Starting theta 400 / 1017
30.03.2018 02:30:56 INFO    Starting theta 500 / 1017
30.03.2018 03:32:07 INFO    Starting theta 600 / 1017
30.03.2018 04:33:12 INFO    Starting theta 700 / 1017
30.03.2018 05:34:17 INFO    Starting theta 800 / 1017
30.03.2018 06:35:23 INFO    Starting theta 900 / 1017
30.03.2018 07:36:26 INFO    Starting theta 1000 / 1017
30.03.2018 07:47:25 INFO    Evaluation timing: median 1.73432207108 s, mean 1.73423840397 s
30.03.2018 07:47:25 INFO    Starting roaming
30.03.2018 07:48:01 INFO    Starting calibrated evaluation and roaming
30.03.2018 10:45:35 INFO    Starting theta 100 / 1017
30.03.2018 13:45:03 INFO    Starting theta 200 / 1017
30.03.2018 16:44:34 INFO    Starting theta 300 / 1017
30.03.2018 19:42:11 INFO    Starting theta 400 / 1017
30.03.2018 22:39:20 INFO    Starting theta 500 / 1017
31.03.2018 01:36:54 INFO    Starting theta 600 / 1017
31.03.2018 04:36:02 INFO    Starting theta 700 / 1017
31.03.2018 07:34:55 INFO    Starting theta 800 / 1017
31.03.2018 10:32:44 INFO    Starting theta 900 / 1017
31.03.2018 13:29:42 INFO    Starting theta 1000 / 1017
31.03.2018 14:01:30 INFO    Calibrated evaluation timing: median 1.73202490807 s, mean 1.72765420179 s
31.03.2018 14:01:30 INFO    Interpolating calibrated roaming
31.03.2018 14:05:43 INFO    That's it -- have a great day!
