18.07.2018 15:37:00 INFO    Welcome! How are you today?
18.07.2018 15:37:00 INFO    Tasks:
18.07.2018 15:37:00 INFO      Truth:            False
18.07.2018 15:37:00 INFO      Histo:            False
18.07.2018 15:37:00 INFO      CARL:             False
18.07.2018 15:37:00 INFO      ROLR:             False
18.07.2018 15:37:00 INFO      SALLY:            False
18.07.2018 15:37:00 INFO      CASCAL:           False
18.07.2018 15:37:00 INFO      RASCAL:           False
18.07.2018 15:37:00 INFO      ALICE:            False
18.07.2018 15:37:00 INFO      ALICES:           False
18.07.2018 15:37:00 INFO      Histo  (smeared): False
18.07.2018 15:37:00 INFO      CARL   (smeared): False
18.07.2018 15:37:00 INFO      ROLR   (smeared): False
18.07.2018 15:37:00 INFO      SALLY  (smeared): True
18.07.2018 15:37:00 INFO      CASCAL (smeared): False
18.07.2018 15:37:00 INFO      RASCAL (smeared): False
18.07.2018 15:37:00 INFO      ALICE  (smeared): False
18.07.2018 15:37:00 INFO      ALICES (smeared): False
18.07.2018 15:37:00 INFO    Options:
18.07.2018 15:37:00 INFO      Neyman set:  2
18.07.2018 15:37:00 INFO      Sample size: 100000
18.07.2018 15:37:00 INFO    Starting p-value calculation
18.07.2018 15:37:00 INFO    Subtracting SM for score_regression scoreregression_rotatedscore_deep_trainingsamplesize_100000_smeared
18.07.2018 15:38:46 DEBUG    Found 3051 files, didn't find 0 files, found 0 files with wrong shape
18.07.2018 15:38:55 INFO    Neyman construction for score_regression/scoreregression_rotatedscore_deep_trainingsamplesize_100000_smeared
