Using TensorFlow backend.
16.03.2018 14:10:15 INFO    Hi! How are you today?
16.03.2018 14:10:15 INFO    Startup options:
16.03.2018 14:10:15 INFO      Algorithm:                     regression
16.03.2018 14:10:15 INFO      Point by point:                False
16.03.2018 14:10:15 INFO      Morphing-aware mode:           False
16.03.2018 14:10:15 INFO      Smeared data:                  False
16.03.2018 14:10:15 INFO      Training sample:               baseline
16.03.2018 14:10:15 INFO      alpha:                         None
16.03.2018 14:10:15 INFO      Histogram / AFC X indices:     [1, 38, 39, 40, 41]
16.03.2018 14:10:15 INFO      AFC epsilon:                   None
16.03.2018 14:10:15 INFO      Denominator theta:             False
16.03.2018 14:10:15 INFO      Neyman construction toys:      4
16.03.2018 14:10:15 INFO      Other options:                 
16.03.2018 14:10:15 INFO      Base directory:                /home/jb6504/higgs_inference
16.03.2018 14:10:15 INFO      ML-based strategies available: True
16.03.2018 14:10:15 INFO    Starting parameterized inference
16.03.2018 14:10:15 INFO    Main settings:
16.03.2018 14:10:15 INFO      Algorithm:                regression
16.03.2018 14:10:15 INFO      Morphing-aware:           False
16.03.2018 14:10:15 INFO      Training sample:          baseline
16.03.2018 14:10:15 INFO      Denominator theta:        denominator 4 = theta 202 = [-0.61739298  0.62951258]
16.03.2018 14:10:15 INFO    Options:
16.03.2018 14:10:15 INFO      Number of hidden layers:  3
16.03.2018 14:10:15 INFO      Batch size:               128
16.03.2018 14:10:15 INFO      Learning rate:            0.001
16.03.2018 14:10:15 INFO      Learning rate decay:      0.0921034037198
16.03.2018 14:10:15 INFO      Number of epochs:         50
16.03.2018 14:10:15 INFO      NC experiments:           False
16.03.2018 14:10:15 INFO      Debug mode:               False
16.03.2018 14:10:36 INFO    Starting training
Train on 7999998 samples, validate on 2000000 samples
2018-03-16 14:10:36.890344: W tensorflow/core/platform/cpu_feature_guard.cc:45] The TensorFlow library wasn't compiled to use SSE4.1 instructions, but these are available on your machine and could speed up CPU computations.
2018-03-16 14:10:36.890620: W tensorflow/core/platform/cpu_feature_guard.cc:45] The TensorFlow library wasn't compiled to use SSE4.2 instructions, but these are available on your machine and could speed up CPU computations.
2018-03-16 14:10:36.890630: W tensorflow/core/platform/cpu_feature_guard.cc:45] The TensorFlow library wasn't compiled to use AVX instructions, but these are available on your machine and could speed up CPU computations.
2018-03-16 14:10:36.890634: W tensorflow/core/platform/cpu_feature_guard.cc:45] The TensorFlow library wasn't compiled to use AVX2 instructions, but these are available on your machine and could speed up CPU computations.
2018-03-16 14:10:36.890638: W tensorflow/core/platform/cpu_feature_guard.cc:45] The TensorFlow library wasn't compiled to use FMA instructions, but these are available on your machine and could speed up CPU computations.
2018-03-16 14:10:37.209744: I tensorflow/core/common_runtime/gpu/gpu_device.cc:940] Found device 0 with properties: 
name: Tesla P100-PCIE-16GB
major: 6 minor: 0 memoryClockRate (GHz) 1.3285
pciBusID 0000:04:00.0
Total memory: 15.89GiB
Free memory: 15.60GiB
2018-03-16 14:10:37.209780: I tensorflow/core/common_runtime/gpu/gpu_device.cc:961] DMA: 0 
2018-03-16 14:10:37.209785: I tensorflow/core/common_runtime/gpu/gpu_device.cc:971] 0:   Y 
2018-03-16 14:10:37.209794: I tensorflow/core/common_runtime/gpu/gpu_device.cc:1030] Creating TensorFlow device (/gpu:0) -> (device: 0, name: Tesla P100-PCIE-16GB, pci bus id: 0000:04:00.0)
Epoch 1/50
431s - loss: 11969.6623 - full_cross_entropy: 0.6595 - trimmed_cross_entropy: 0.6492 - full_mse_log_r: 0.2582 - trimmed_mse_log_r: 0.2541 - full_mae_log_r: 0.3295 - full_mse_score: 7.8534 - trimmed_mse_score: 1.2654 - full_mae_score: 0.7328 - val_loss: 11157.4338 - val_full_cross_entropy: 0.6503 - val_trimmed_cross_entropy: 0.6401 - val_full_mse_log_r: 0.1522 - val_trimmed_mse_log_r: 0.1498 - val_full_mae_log_r: 0.2754 - val_full_mse_score: 5.7695 - val_trimmed_mse_score: 1.2732 - val_full_mae_score: 0.7538
Epoch 2/50
