Using TensorFlow backend.
19.04.2018 10:34:04 INFO    Hi! How are you today?
19.04.2018 10:34:04 INFO    Startup options:
19.04.2018 10:34:04 INFO      Algorithm:                     regression
19.04.2018 10:34:04 INFO      Point by point:                False
19.04.2018 10:34:04 INFO      Morphing-aware mode:           False
19.04.2018 10:34:04 INFO      Smeared data:                  False
19.04.2018 10:34:04 INFO      Training sample:               baseline
19.04.2018 10:34:04 INFO      alpha:                         None
19.04.2018 10:34:04 INFO      Histogram / AFC X indices:     [1, 38, 39, 40, 41]
19.04.2018 10:34:04 INFO      AFC epsilon:                   None
19.04.2018 10:34:04 INFO      Denominator theta:             False
19.04.2018 10:34:04 INFO      Neyman construction toys:      0
19.04.2018 10:34:04 INFO      Training sample size limit:    5000
19.04.2018 10:34:04 INFO      Other options:                 
19.04.2018 10:34:04 INFO      Base directory:                /home/jb6504/higgs_inference
19.04.2018 10:34:04 INFO      ML-based strategies available: True
19.04.2018 10:34:04 INFO    Starting parameterized inference
19.04.2018 10:34:04 INFO    Main settings:
19.04.2018 10:34:04 INFO      Algorithm:                regression
19.04.2018 10:34:04 INFO      Morphing-aware:           False
19.04.2018 10:34:04 INFO      Training sample:          baseline
19.04.2018 10:34:04 INFO      Denominator theta:        denominator 0 = theta 708 = [ 0.39293227  0.43229216]
19.04.2018 10:34:04 INFO    Options:
19.04.2018 10:34:04 INFO      Number of hidden layers:  3
19.04.2018 10:34:04 INFO      Batch size:               128
19.04.2018 10:34:04 INFO      Learning rate:            0.001
19.04.2018 10:34:04 INFO      Learning rate decay:      4.60517018599e-05
19.04.2018 10:34:04 INFO      Number of epochs:         100000
19.04.2018 10:34:04 INFO      Training samples:         5000
19.04.2018 10:34:04 INFO      NC experiments:           False
19.04.2018 10:34:04 INFO      Debug mode:               False
19.04.2018 10:34:27 INFO    Reduced training sample size from 9999997 to 5000 (factor 2000)
19.04.2018 10:34:42 INFO    Starting training
2018-04-19 10:34:42.598458: W tensorflow/core/platform/cpu_feature_guard.cc:45] The TensorFlow library wasn't compiled to use SSE4.1 instructions, but these are available on your machine and could speed up CPU computations.
2018-04-19 10:34:42.598491: W tensorflow/core/platform/cpu_feature_guard.cc:45] The TensorFlow library wasn't compiled to use SSE4.2 instructions, but these are available on your machine and could speed up CPU computations.
2018-04-19 10:34:42.598496: W tensorflow/core/platform/cpu_feature_guard.cc:45] The TensorFlow library wasn't compiled to use AVX instructions, but these are available on your machine and could speed up CPU computations.
2018-04-19 10:34:42.598500: W tensorflow/core/platform/cpu_feature_guard.cc:45] The TensorFlow library wasn't compiled to use AVX2 instructions, but these are available on your machine and could speed up CPU computations.
2018-04-19 10:34:42.598504: W tensorflow/core/platform/cpu_feature_guard.cc:45] The TensorFlow library wasn't compiled to use FMA instructions, but these are available on your machine and could speed up CPU computations.
2018-04-19 10:34:42.901647: I tensorflow/core/common_runtime/gpu/gpu_device.cc:940] Found device 0 with properties: 
name: Tesla P40
major: 6 minor: 1 memoryClockRate (GHz) 1.531
pciBusID 0000:05:00.0
Total memory: 22.38GiB
Free memory: 22.21GiB
2018-04-19 10:34:42.901685: I tensorflow/core/common_runtime/gpu/gpu_device.cc:961] DMA: 0 
2018-04-19 10:34:42.901690: I tensorflow/core/common_runtime/gpu/gpu_device.cc:971] 0:   Y 
2018-04-19 10:34:42.901699: I tensorflow/core/common_runtime/gpu/gpu_device.cc:1030] Creating TensorFlow device (/gpu:0) -> (device: 0, name: Tesla P40, pci bus id: 0000:05:00.0)
Epoch 20163: early stopping
19.04.2018 11:57:06 INFO    Starting evaluation
19.04.2018 11:58:54 INFO    Starting theta 100 / 1017
19.04.2018 12:00:38 INFO    Starting theta 200 / 1017
19.04.2018 12:02:23 INFO    Starting theta 300 / 1017
19.04.2018 12:04:07 INFO    Starting theta 400 / 1017
19.04.2018 12:05:52 INFO    Starting theta 500 / 1017
19.04.2018 12:07:37 INFO    Starting theta 600 / 1017
19.04.2018 12:09:21 INFO    Starting theta 700 / 1017
19.04.2018 12:11:06 INFO    Starting theta 800 / 1017
19.04.2018 12:12:51 INFO    Starting theta 900 / 1017
19.04.2018 12:14:35 INFO    Starting theta 1000 / 1017
19.04.2018 12:14:54 INFO    Evaluation timing: median 1.0331788063 s, mean 1.03525175973 s
19.04.2018 12:14:54 INFO    Starting roaming
19.04.2018 12:15:15 INFO    Starting calibrated evaluation and roaming
19.04.2018 13:27:13 INFO    Starting theta 100 / 1017
19.04.2018 14:38:50 INFO    Starting theta 200 / 1017
19.04.2018 15:50:25 INFO    Starting theta 300 / 1017
19.04.2018 17:00:53 INFO    Starting theta 400 / 1017
19.04.2018 18:09:20 INFO    Starting theta 500 / 1017
19.04.2018 19:17:46 INFO    Starting theta 600 / 1017
19.04.2018 20:26:07 INFO    Starting theta 700 / 1017
19.04.2018 21:34:29 INFO    Starting theta 800 / 1017
19.04.2018 22:42:51 INFO    Starting theta 900 / 1017
19.04.2018 23:51:14 INFO    Starting theta 1000 / 1017
20.04.2018 00:03:33 INFO    Calibrated evaluation timing: median 0.975157022476 s, mean 0.994578404178 s
20.04.2018 00:03:33 INFO    Interpolating calibrated roaming
20.04.2018 00:08:41 INFO    That's it -- have a great day!
Using TensorFlow backend.
20.04.2018 00:08:44 INFO    Hi! How are you today?
20.04.2018 00:08:44 INFO    Startup options:
20.04.2018 00:08:44 INFO      Algorithm:                     regression
20.04.2018 00:08:44 INFO      Point by point:                False
20.04.2018 00:08:44 INFO      Morphing-aware mode:           False
20.04.2018 00:08:44 INFO      Smeared data:                  False
20.04.2018 00:08:44 INFO      Training sample:               baseline
20.04.2018 00:08:44 INFO      alpha:                         None
20.04.2018 00:08:44 INFO      Histogram / AFC X indices:     [1, 38, 39, 40, 41]
20.04.2018 00:08:44 INFO      AFC epsilon:                   None
20.04.2018 00:08:44 INFO      Denominator theta:             False
20.04.2018 00:08:44 INFO      Neyman construction toys:      0
20.04.2018 00:08:44 INFO      Training sample size limit:    10000
20.04.2018 00:08:44 INFO      Other options:                 
20.04.2018 00:08:44 INFO      Base directory:                /home/jb6504/higgs_inference
20.04.2018 00:08:44 INFO      ML-based strategies available: True
20.04.2018 00:08:44 INFO    Starting parameterized inference
20.04.2018 00:08:44 INFO    Main settings:
20.04.2018 00:08:44 INFO      Algorithm:                regression
20.04.2018 00:08:44 INFO      Morphing-aware:           False
20.04.2018 00:08:44 INFO      Training sample:          baseline
20.04.2018 00:08:44 INFO      Denominator theta:        denominator 0 = theta 708 = [ 0.39293227  0.43229216]
20.04.2018 00:08:44 INFO    Options:
20.04.2018 00:08:44 INFO      Number of hidden layers:  3
20.04.2018 00:08:44 INFO      Batch size:               128
20.04.2018 00:08:44 INFO      Learning rate:            0.001
20.04.2018 00:08:44 INFO      Learning rate decay:      9.21034037198e-05
20.04.2018 00:08:44 INFO      Number of epochs:         50000
20.04.2018 00:08:44 INFO      Training samples:         10000
20.04.2018 00:08:44 INFO      NC experiments:           False
20.04.2018 00:08:44 INFO      Debug mode:               False
20.04.2018 00:09:06 INFO    Reduced training sample size from 9999997 to 10000 (factor 1000)
20.04.2018 00:09:19 INFO    Starting training
2018-04-20 00:09:20.483438: W tensorflow/core/platform/cpu_feature_guard.cc:45] The TensorFlow library wasn't compiled to use SSE4.1 instructions, but these are available on your machine and could speed up CPU computations.
2018-04-20 00:09:20.483472: W tensorflow/core/platform/cpu_feature_guard.cc:45] The TensorFlow library wasn't compiled to use SSE4.2 instructions, but these are available on your machine and could speed up CPU computations.
2018-04-20 00:09:20.483477: W tensorflow/core/platform/cpu_feature_guard.cc:45] The TensorFlow library wasn't compiled to use AVX instructions, but these are available on your machine and could speed up CPU computations.
2018-04-20 00:09:20.483485: W tensorflow/core/platform/cpu_feature_guard.cc:45] The TensorFlow library wasn't compiled to use AVX2 instructions, but these are available on your machine and could speed up CPU computations.
2018-04-20 00:09:20.483489: W tensorflow/core/platform/cpu_feature_guard.cc:45] The TensorFlow library wasn't compiled to use FMA instructions, but these are available on your machine and could speed up CPU computations.
2018-04-20 00:09:20.796461: I tensorflow/core/common_runtime/gpu/gpu_device.cc:940] Found device 0 with properties: 
name: Tesla P40
major: 6 minor: 1 memoryClockRate (GHz) 1.531
pciBusID 0000:05:00.0
Total memory: 22.38GiB
Free memory: 22.21GiB
2018-04-20 00:09:20.796497: I tensorflow/core/common_runtime/gpu/gpu_device.cc:961] DMA: 0 
2018-04-20 00:09:20.796503: I tensorflow/core/common_runtime/gpu/gpu_device.cc:971] 0:   Y 
2018-04-20 00:09:20.796512: I tensorflow/core/common_runtime/gpu/gpu_device.cc:1030] Creating TensorFlow device (/gpu:0) -> (device: 0, name: Tesla P40, pci bus id: 0000:05:00.0)
Epoch 10008: early stopping
20.04.2018 01:25:06 INFO    Starting evaluation
20.04.2018 01:26:47 INFO    Starting theta 100 / 1017
20.04.2018 01:28:24 INFO    Starting theta 200 / 1017
20.04.2018 01:30:03 INFO    Starting theta 300 / 1017
20.04.2018 01:31:40 INFO    Starting theta 400 / 1017
20.04.2018 01:33:18 INFO    Starting theta 500 / 1017
20.04.2018 01:34:56 INFO    Starting theta 600 / 1017
20.04.2018 01:36:34 INFO    Starting theta 700 / 1017
20.04.2018 01:38:12 INFO    Starting theta 800 / 1017
20.04.2018 01:39:50 INFO    Starting theta 900 / 1017
20.04.2018 01:41:27 INFO    Starting theta 1000 / 1017
20.04.2018 01:41:45 INFO    Evaluation timing: median 0.966079950333 s, mean 0.970262732829 s
20.04.2018 01:41:45 INFO    Starting roaming
20.04.2018 01:42:05 INFO    Starting calibrated evaluation and roaming
20.04.2018 02:50:07 INFO    Starting theta 100 / 1017
20.04.2018 03:58:47 INFO    Starting theta 200 / 1017
20.04.2018 05:07:26 INFO    Starting theta 300 / 1017
20.04.2018 06:16:04 INFO    Starting theta 400 / 1017
20.04.2018 07:24:44 INFO    Starting theta 500 / 1017
20.04.2018 08:33:23 INFO    Starting theta 600 / 1017
20.04.2018 09:41:53 INFO    Starting theta 700 / 1017
