18.07.2018 15:37:55 INFO    Welcome! How are you today?
18.07.2018 15:37:55 INFO    Tasks:
18.07.2018 15:37:55 INFO      Truth:            False
18.07.2018 15:37:55 INFO      Histo:            False
18.07.2018 15:37:55 INFO      CARL:             False
18.07.2018 15:37:55 INFO      ROLR:             False
18.07.2018 15:37:55 INFO      SALLY:            False
18.07.2018 15:37:55 INFO      CASCAL:           False
18.07.2018 15:37:55 INFO      RASCAL:           False
18.07.2018 15:37:55 INFO      ALICE:            False
18.07.2018 15:37:55 INFO      ALICES:           False
18.07.2018 15:37:55 INFO      Histo  (smeared): False
18.07.2018 15:37:55 INFO      CARL   (smeared): False
18.07.2018 15:37:55 INFO      ROLR   (smeared): False
18.07.2018 15:37:55 INFO      SALLY  (smeared): False
18.07.2018 15:37:55 INFO      CASCAL (smeared): False
18.07.2018 15:37:55 INFO      RASCAL (smeared): False
18.07.2018 15:37:55 INFO      ALICE  (smeared): False
18.07.2018 15:37:55 INFO      ALICES (smeared): True
18.07.2018 15:37:55 INFO    Options:
18.07.2018 15:37:55 INFO      Neyman set:  2
18.07.2018 15:37:55 INFO      Sample size: 100000
18.07.2018 15:37:55 INFO    Starting p-value calculation
18.07.2018 15:37:55 INFO    Subtracting SM for parameterized combinedmxe_calibrated_deep_trainingsamplesize_100000_smeared
18.07.2018 15:39:35 DEBUG    Found 3051 files, didn't find 0 files, found 0 files with wrong shape
18.07.2018 15:39:43 INFO    Neyman construction for parameterized/combinedmxe_calibrated_deep_trainingsamplesize_100000_smeared
