06.02.2018 15:39:54 INFO    Welcome! How are you today?
06.02.2018 15:39:54 INFO    Tasks:
06.02.2018 15:39:54 INFO      Baseline training:       False
06.02.2018 15:39:54 INFO      Random training:         False
06.02.2018 15:39:54 INFO      Morphing training:       False
06.02.2018 15:39:54 INFO      Point-by-point training: False
06.02.2018 15:39:54 INFO      Calibration:             False
06.02.2018 15:39:54 INFO      Likelihood ratio eval:   True
06.02.2018 15:39:54 INFO      Neyman construction:     False
06.02.2018 15:39:54 INFO      Roaming:                 False
06.02.2018 15:39:54 INFO    Options:
06.02.2018 15:39:54 INFO      Dry run:                 False
06.02.2018 15:39:54 INFO    Applying smearing to sample test
06.02.2018 15:39:54 DEBUG    E(j1)
06.02.2018 15:39:54 DEBUG      Before: shape (49980,), 0 NaNs, mean 693.307000889, range 25.2679004669...5433.47021484, content [ 1560.65002441   383.75500488  1399.4699707  ...,   128.13699341    71.34380341   142.30900574]
06.02.2018 15:39:54 DEBUG      After:  shape (49980,), 0 NaNs, mean 693.296316918, range 22.6654345265...5400.97570951, content [ 1544.98026925   375.60875507  1410.3300279  ...,   122.04403827    70.10671014   135.36147034]
06.02.2018 15:39:54 DEBUG    E(j2)
06.02.2018 15:39:54 DEBUG      Before: shape (49980,), 0 NaNs, mean 699.918855636, range 20.3453006744...5323.10009766, content [ 1017.42999268   351.99700928   192.27099609 ...,   352.49099731   388.30801392   392.48901367]
06.02.2018 15:39:54 DEBUG      After:  shape (49980,), 0 NaNs, mean 699.888859645, range 16.6457220574...5357.4893411, content [ 1012.01911326   352.37147961   178.16884872 ...,   342.2334364   399.04080111   383.72444586]
06.02.2018 15:39:55 DEBUG    eta(j1)
06.02.2018 15:39:55 DEBUG      Before: shape (49980,), 0 NaNs, mean 0.0119507016426, range -4.93904018402...4.98829984665, content [-2.4404099  -2.25073004  2.83986998 ..., -1.08433998 -0.71601999 -0.88502598]
06.02.2018 15:39:55 DEBUG      After:  shape (49980,), 0 NaNs, mean 0.0113311464064, range -5.05011107921...5.04025435974, content [-2.36738997 -2.19764478  2.91699404 ..., -1.12730921 -0.66691305 -0.80842229]
06.02.2018 15:39:55 DEBUG    eta(j2)
06.02.2018 15:39:55 DEBUG      Before: shape (49980,), 0 NaNs, mean -0.0237115747252, range -5.87799978256...5.82801008224, content [ 3.92633009  3.35975003 -1.86207998 ...,  2.43829989  3.47282004 -3.09849   ]
06.02.2018 15:39:55 DEBUG      After:  shape (49980,), 0 NaNs, mean -0.0240543144794, range -5.94329705471...5.84027931474, content [ 4.10569255  3.28949708 -1.7515425  ...,  2.29854211  3.60302685 -3.20874885]
06.02.2018 15:39:55 DEBUG    phi(j1)
06.02.2018 15:39:55 DEBUG      Before: shape (49980,), 0 NaNs, mean -0.00188875292785, range -3.14156007767...3.14156007767, content [ 1.12948    -2.69595003 -3.1075201  ..., -0.95178002 -2.09714007 -1.68321002]
06.02.2018 15:39:55 DEBUG      After:  shape (49980,), 0 NaNs, mean -0.00227712847608, range -3.14146851661...3.14157700629, content [ 1.1845202  -2.64572055  3.11835362 ..., -0.96758236 -2.23581675 -1.68639939]
06.02.2018 15:39:55 DEBUG    phi(j2)
06.02.2018 15:39:55 DEBUG      Before: shape (49980,), 0 NaNs, mean 0.00774892605044, range -3.14146995544...3.14092993736, content [ 2.28269005 -2.41149998  0.0453749  ...,  2.0625      2.26512003  2.01378989]
06.02.2018 15:39:55 DEBUG      After:  shape (49980,), 0 NaNs, mean 0.0114948267598, range -3.14158879496...3.14147242525, content [ 2.28997588 -2.45734856 -0.020541   ...,  2.03224116  2.24896896  2.04847343]
06.02.2018 15:39:55 DEBUG    pT(j1)
06.02.2018 15:39:55 DEBUG      Before: shape (49980,), 0 NaNs, mean 129.955549113, range 20.6779994965...1321.82995605, content [ 269.89498901   79.94920349  162.9940033  ...,   77.76210022   56.28770065  100.36799622]
06.02.2018 15:39:55 DEBUG      After:  shape (49980,), 0 NaNs, mean 130.324800036, range 15.6190839914...1274.5505543, content [ 287.08478938   82.41690783  152.14135386 ...,   71.55402828   56.96248483  100.64331492]
06.02.2018 15:39:55 DEBUG    pT(j2)
06.02.2018 15:39:55 DEBUG      Before: shape (49980,), 0 NaNs, mean 59.8955584168, range 20.0007991791...513.679992676, content [ 40.10380173  24.43000031  58.3307991  ...,  61.08599854  24.07460022  35.34400177]
06.02.2018 15:39:55 DEBUG      After:  shape (49980,), 0 NaNs, mean 60.1077098651, range 15.2622339583...523.102623891, content [ 33.34426709  26.23115369  60.01990401 ...,  68.03807176  21.72453355  30.95986337]
06.02.2018 15:39:55 DEBUG    pT(l1)
06.02.2018 15:39:55 DEBUG      Before: shape (49980,), 0 NaNs, mean 84.783407785, range 15.4687004089...1008.79998779, content [ 142.89300537   79.61190033   64.73049927 ...,   44.86180115   41.49810028   62.21780014]
06.02.2018 15:39:55 DEBUG      After:  shape (49980,), 0 NaNs, mean 84.7775939298, range 15.3404711414...905.246266396, content [ 147.55840373   78.56273559   63.11195985 ...,   45.57563716   41.60644455   62.80330263]
06.02.2018 15:39:55 DEBUG    pT(l2)
06.02.2018 15:39:55 DEBUG      Before: shape (49980,), 0 NaNs, mean 44.5979519908, range 10.844499588...403.148010254, content [ 102.96199799   37.8423996    49.72949982 ...,   42.24760056   25.60199928   31.26040077]
06.02.2018 15:39:55 DEBUG      After:  shape (49980,), 0 NaNs, mean 44.6025321923, range 10.90201143...428.784866262, content [ 106.82869038   38.13554329   48.88838463 ...,   42.58642395   25.5926271   31.49257964]
06.02.2018 15:39:55 DEBUG    pT(l3)
06.02.2018 15:39:55 DEBUG      Before: shape (49980,), 0 NaNs, mean 28.0888298502, range 10.0860004425...339.135009766, content [ 28.6026001   23.96269989  24.26210022 ...,  16.4409008   23.30139923  13.2262001 ]
06.02.2018 15:39:55 DEBUG      After:  shape (49980,), 0 NaNs, mean 28.088706721, range 10.1010043251...376.120497322, content [ 28.55540434  23.85623126  24.05692646 ...,  16.36339758  23.31858548  13.18158524]
06.02.2018 15:39:55 DEBUG    pT(l4)
06.02.2018 15:39:55 DEBUG      Before: shape (49980,), 0 NaNs, mean 17.5570392115, range 10.0002002716...137.350006104, content [ 16.15649986  12.69709969  19.61840057 ...,  16.16500092  19.84269905  12.18420029]
06.02.2018 15:39:55 DEBUG      After:  shape (49980,), 0 NaNs, mean 17.5570210516, range 9.94450406699...134.642609132, content [ 16.01856876  12.69121461  19.54810075 ...,  16.203511    19.86228204  12.15573688]
06.02.2018 15:39:55 DEBUG    eta(l1)
06.02.2018 15:39:55 DEBUG      Before: shape (49980,), 0 NaNs, mean -0.0169008057766, range -4.54296016693...4.40395021439, content [ 0.40998301  2.22082996 -0.59378201 ...,  0.81934702  1.53245997 -1.41922998]
06.02.2018 15:39:55 DEBUG      After:  shape (49980,), 0 NaNs, mean -0.0169008057766, range -4.54296016693...4.40395021439, content [ 0.40998301  2.22082996 -0.59378201 ...,  0.81934702  1.53245997 -1.41922998]
06.02.2018 15:39:55 DEBUG    eta(l2)
06.02.2018 15:39:55 DEBUG      Before: shape (49980,), 0 NaNs, mean -0.0157240644029, range -4.7639298439...4.82201004028, content [ 1.11988997  1.98405004 -0.38611299 ...,  1.50895     1.16146004 -2.85554004]
06.02.2018 15:39:55 DEBUG      After:  shape (49980,), 0 NaNs, mean -0.0157240644029, range -4.7639298439...4.82201004028, content [ 1.11988997  1.98405004 -0.38611299 ...,  1.50895     1.16146004 -2.85554004]
06.02.2018 15:39:55 DEBUG    eta(l3)
06.02.2018 15:39:55 DEBUG      Before: shape (49980,), 0 NaNs, mean -0.0171863544784, range -5.14624023438...5.32773017883, content [ 1.46077001  1.62946999 -0.237854   ...,  0.698713    1.31796002 -2.14374995]
06.02.2018 15:39:55 DEBUG      After:  shape (49980,), 0 NaNs, mean -0.0171863544784, range -5.14624023438...5.32773017883, content [ 1.46077001  1.62946999 -0.237854   ...,  0.698713    1.31796002 -2.14374995]
06.02.2018 15:39:55 DEBUG    eta(l4)
06.02.2018 15:39:55 DEBUG      Before: shape (49980,), 0 NaNs, mean -0.018048627309, range -5.10380983353...5.13447999954, content [ 0.425053    1.16568005  0.162587   ...,  1.05113006  3.00679994 -2.65212011]
06.02.2018 15:39:55 DEBUG      After:  shape (49980,), 0 NaNs, mean -0.018048627309, range -5.10380983353...5.13447999954, content [ 0.425053    1.16568005  0.162587   ...,  1.05113006  3.00679994 -2.65212011]
06.02.2018 15:39:55 DEBUG    phi(l1)
06.02.2018 15:39:55 DEBUG      Before: shape (49980,), 0 NaNs, mean 0.0100347039123, range -3.14119005203...3.14146995544, content [-1.78543997  0.25509301 -0.173016   ...,  1.24523997  0.71648097  1.62234998]
06.02.2018 15:39:55 DEBUG      After:  shape (49980,), 0 NaNs, mean 0.0100347039123, range -3.14119005203...3.14146995544, content [-1.78543997  0.25509301 -0.173016   ...,  1.24523997  0.71648097  1.62234998]
06.02.2018 15:39:55 DEBUG    phi(l2)
06.02.2018 15:39:55 DEBUG      Before: shape (49980,), 0 NaNs, mean -0.00955621539114, range -3.14133000374...3.1414000988, content [-1.92995     0.84694701  0.330185   ..., -2.25278997 -1.28764999  0.17103601]
06.02.2018 15:39:55 DEBUG      After:  shape (49980,), 0 NaNs, mean -0.00955621539114, range -3.14133000374...3.1414000988, content [-1.92995     0.84694701  0.330185   ..., -2.25278997 -1.28764999  0.17103601]
06.02.2018 15:39:55 DEBUG    phi(l3)
06.02.2018 15:39:55 DEBUG      Before: shape (49980,), 0 NaNs, mean 0.0111917567736, range -3.14151000977...3.14092993736, content [-2.18403006 -3.08751988  2.78700995 ...,  1.81794     2.15681005 -2.8803699 ]
06.02.2018 15:39:55 DEBUG      After:  shape (49980,), 0 NaNs, mean 0.0111917567736, range -3.14151000977...3.14092993736, content [-2.18403006 -3.08751988  2.78700995 ...,  1.81794     2.15681005 -2.8803699 ]
06.02.2018 15:39:55 DEBUG    phi(l4)
06.02.2018 15:39:55 DEBUG      Before: shape (49980,), 0 NaNs, mean 0.019963997992, range -3.14151000977...3.14159011841, content [-1.95097995  0.28802601 -0.56456101 ..., -1.56930995  0.41960499  0.31389299]
06.02.2018 15:39:55 DEBUG      After:  shape (49980,), 0 NaNs, mean 0.019963997992, range -3.14151000977...3.14159011841, content [-1.95097995  0.28802601 -0.56456101 ..., -1.56930995  0.41960499  0.31389299]
06.02.2018 15:39:55 DEBUG    E(l1)
06.02.2018 15:39:55 DEBUG      Before: shape (49980,), 0 NaNs, mean 181.883624933, range 20.5690002441...2032.25, content [ 155.07200623  371.13101196   76.48100281 ...,   60.78179932  100.54100037  136.1269989 ]
06.02.2018 15:39:55 DEBUG      After:  shape (49980,), 0 NaNs, mean 181.898653657, range 20.4718156049...2118.66671418, content [ 160.13434237  366.2396281    74.56863623 ...,   61.74899697  100.80315883  137.40848352]
06.02.2018 15:39:55 DEBUG    E(l2)
06.02.2018 15:39:55 DEBUG      Before: shape (49980,), 0 NaNs, mean 102.211940235, range 13.1256999969...1471.11999512, content [ 174.56300354  140.19999695   53.48270035 ...,  100.19200134   44.90119934  272.61199951]
06.02.2018 15:39:55 DEBUG      After:  shape (49980,), 0 NaNs, mean 102.221262973, range 13.1743072771...1465.3963795, content [ 181.11910862  141.28545723   52.57810394 ...,  100.99630761   44.88464278  274.63650988]
06.02.2018 15:39:55 DEBUG    E(l3)
06.02.2018 15:39:55 DEBUG      Before: shape (49980,), 0 NaNs, mean 67.9030832268, range 10.2011003494...1859.85998535, content [ 64.9469986   63.46789932  24.95190048 ...,  20.62030029  46.64319992  57.19369888]
06.02.2018 15:39:55 DEBUG      After:  shape (49980,), 0 NaNs, mean 67.901646811, range 10.2157969346...1880.04970948, content [ 64.83981374  63.1856592   24.74064541 ...,  20.522871    46.67766926  57.00102635]
06.02.2018 15:39:55 DEBUG    E(l4)
06.02.2018 15:39:55 DEBUG      Before: shape (49980,), 0 NaNs, mean 44.9393628041, range 10.0040998459...1439.41003418, content [  17.63839912   22.34609985   19.87849998 ...,   25.94860077  201.125   86.84059906]
06.02.2018 15:39:55 DEBUG      After:  shape (49980,), 0 NaNs, mean 44.9408789253, range 9.99243350286...1437.95818177, content [  17.48752459   22.33536014   19.80704287 ...,   26.01007656  201.32441236   86.63746327]
06.02.2018 15:39:55 DEBUG    E(H)
06.02.2018 15:39:55 DEBUG      Before: shape (49980,), 0 NaNs, mean 396.938021335, range 125.29599762...4404.97998047, content [ 412.22000122  597.14501953  174.79400635 ...,  207.54299927  393.21099854  552.77398682]
06.02.2018 15:39:55 DEBUG      After:  shape (49980,), 0 NaNs, mean 396.962442366, range 123.845557134...4394.22339669, content [ 423.58078931  593.04610468  171.69442845 ...,  209.27825214  393.68988322  555.68348302]
06.02.2018 15:39:55 DEBUG    pT(H)
06.02.2018 15:39:55 DEBUG      Before: shape (49980,), 0 NaNs, mean 133.485004008, range 0.676068007946...1375.04003906, content [ 288.49798584  103.625       104.66899872 ...,   18.84110069   53.08710098   72.76370239]
06.02.2018 15:39:55 DEBUG      After:  shape (49980,), 0 NaNs, mean 133.486458088, range 0.725638480804...1432.82685935, content [ 296.82065104  102.97693037  102.41204025 ...,   18.96480485   53.21718601   73.425931  ]
06.02.2018 15:39:55 DEBUG    eta(H)
06.02.2018 15:39:55 DEBUG      Before: shape (49980,), 0 NaNs, mean -0.0235670427908, range -6.24806022644...6.82006978989, content [ 0.82664299  2.41416001 -0.57076299 ...,  2.86389995  2.63718009 -2.69004011]
06.02.2018 15:39:55 DEBUG      After:  shape (49980,), 0 NaNs, mean -0.0235888270416, range -6.16114427409...6.97423465958, content [ 0.82519223  2.4134511  -0.57051235 ...,  2.86564423  2.63597508 -2.68617611]
06.02.2018 15:39:55 DEBUG    phi(H)
06.02.2018 15:39:55 DEBUG      Before: shape (49980,), 0 NaNs, mean -0.00119976638007, range -3.1414899826...3.1412498951, content [-1.88469994  0.51185     0.0277738  ...,  2.61409998  0.60441101  1.19937003]
06.02.2018 15:39:55 DEBUG      After:  shape (49980,), 0 NaNs, mean 0.000218455496246, range -3.14142480524...3.14157489786, content [-1.88365927  0.51492937  0.02811507 ...,  2.59954366  0.60506267  1.19974131]
06.02.2018 15:39:55 DEBUG    m(H)
06.02.2018 15:39:55 DEBUG      Before: shape (49980,), 0 NaNs, mean 124.999932211, range 124.939002991...125.060997009, content [ 124.9980011   125.00299835  124.9940033  ...,  125.          125.  125.00099945]
06.02.2018 15:39:55 DEBUG      After:  shape (49980,), 0 NaNs, mean 124.98687844, range 104.394355527...146.135743954, content [ 128.10135378  124.35831232  123.24840923 ...,  126.05637656  125.11396403  125.69414951]
06.02.2018 15:39:55 DEBUG    Looking for Z reconstructions
06.02.2018 15:39:55 DEBUG      Pairing (1, 0, 3, 2)  ->  49980 / 49980 events improve
06.02.2018 15:39:55 DEBUG      Pairing (2, 0, 3, 1)  ->  20400 / 49980 events improve
06.02.2018 15:39:55 DEBUG      Pairing (2, 1, 3, 0)  ->  4170 / 49980 events improve
06.02.2018 15:39:55 DEBUG      Pairing (3, 0, 2, 1)  ->  7486 / 49980 events improve
06.02.2018 15:39:55 DEBUG      Pairing (3, 1, 2, 0)  ->  1085 / 49980 events improve
06.02.2018 15:39:55 DEBUG      Pairing (3, 2, 1, 0)  ->  369 / 49980 events improve
06.02.2018 15:39:55 DEBUG    Reconstruction distance measure: shape (49980,), 0 NaNs, mean 1195.6213026, range 1.21875491055e-11...115706.762597, content [ 2026.92141483  2495.92735557   100.90607186 ...,   285.08334529     3.19376851  1515.20716542]
06.02.2018 15:39:55 DEBUG    E(Z1)
06.02.2018 15:39:55 DEBUG      Before: shape (49980,), 0 NaNs, mean 272.674109055, range 51.4621009827...2767.04003906, content [ 329.63500977  434.59899902  101.43299866 ...,  160.97399902  246.0269928  408.73999023]
06.02.2018 15:39:55 DEBUG      After:  shape (49980,), 0 NaNs, mean 272.685229996, range 51.471576565...2917.57592042, content [ 341.25345098  429.4252873    99.30928164 ...,  162.74530458  246.20905514  412.0449934 ]
06.02.2018 15:39:55 DEBUG    pT(Z1)
06.02.2018 15:39:55 DEBUG      Before: shape (49980,), 0 NaNs, mean 91.3053018336, range 0.68845897913...1089.58996582, content [ 245.23100281   56.33520126   41.10139847 ...,   15.6552       30.18250084   72.88300323]
06.02.2018 15:39:55 DEBUG      After:  shape (49980,), 0 NaNs, mean 91.3028125768, range 0.578653168083...1042.77975372, content [ 253.7403697    55.39207675   39.6889229  ...,   15.90354516   30.1859481   73.53602603]
06.02.2018 15:39:55 DEBUG    eta(Z1)
06.02.2018 15:39:55 DEBUG      Before: shape (49980,), 0 NaNs, mean -0.0253700639154, range -6.35566997528...7.05635023117, content [ 0.74857002  2.7095201  -0.97223598 ...,  2.82758999  2.75810003 -2.38381004]
06.02.2018 15:39:55 DEBUG      After:  shape (49980,), 0 NaNs, mean -0.0254066143205, range -6.66649851972...6.85545417731, content [ 0.74942088  2.7143307  -0.9810822  ...,  2.82231183  2.75876412 -2.38291425]
06.02.2018 15:39:55 DEBUG    phi(Z1)
06.02.2018 15:39:55 DEBUG      Before: shape (49980,), 0 NaNs, mean 0.000409383147364, range -3.14155006409...3.14151000977, content [-1.84593999  0.34012699 -0.0662212  ...,  2.47272992 -0.57833397  1.18245006]
06.02.2018 15:39:55 DEBUG      After:  shape (49980,), 0 NaNs, mean -9.22347545627e-05, range -3.14152764585...3.14148897392, content [-1.84610664  0.34119275 -0.06334567 ...,  2.45176426 -0.57758791  1.18315911]
06.02.2018 15:39:55 DEBUG    E(Z2)
06.02.2018 15:39:55 DEBUG      Before: shape (49980,), 0 NaNs, mean 124.263909469, range 20.8201999664...2350.40991211, content [  82.58550262  162.54600525   73.36119843 ...,   46.56890106  147.18400574  144.03399658]
06.02.2018 15:39:55 DEBUG      After:  shape (49980,), 0 NaNs, mean 124.27721237, range 20.8187787445...2347.45684593, content [  82.32733833  163.62081738   72.38514681 ...,   46.53294756  147.48082808  143.63848963]
06.02.2018 15:39:55 DEBUG    pT(Z2)
06.02.2018 15:39:55 DEBUG      Before: shape (49980,), 0 NaNs, mean 47.9133491211, range 0.114660002291...510.881988525, content [ 44.47909927  49.07149887  63.86560059 ...,   4.00437021  50.16619873   1.23800004]
06.02.2018 15:39:55 DEBUG      After:  shape (49980,), 0 NaNs, mean 47.9181896513, range 0.082742597425...607.202878902, content [ 44.29568758  49.35646607  62.99338538 ...,   3.99325265  50.27220523   1.22342553]
06.02.2018 15:39:55 DEBUG    eta(Z2)
06.02.2018 15:39:55 DEBUG      Before: shape (49980,), 0 NaNs, mean -0.0211128795807, range -7.81524991989...6.1994600296, content [ 1.17802     1.85747004 -0.25523201 ...,  2.7981801   1.69477999 -5.43284988]
06.02.2018 15:39:55 DEBUG      After:  shape (49980,), 0 NaNs, mean -0.0211024927653, range -8.13924290262...6.14437982973, content [ 1.17945642  1.85837293 -0.25375037 ...,  2.80062018  1.69471212 -5.44194642]
06.02.2018 15:39:55 DEBUG    phi(Z2)
06.02.2018 15:39:55 DEBUG      Before: shape (49980,), 0 NaNs, mean 0.00958250004003, range -3.14149999619...3.14101004601, content [-2.10004997  0.709306    0.0882132  ..., -3.08571005  1.19508004  2.85818005]
06.02.2018 15:39:55 DEBUG      After:  shape (49980,), 0 NaNs, mean 0.00997672183852, range -3.14155741719...3.14158401082, content [-2.10041599  0.71017018  0.08569132 ..., -3.05702563  1.19436845  2.85235448]
06.02.2018 15:39:55 DEBUG    m(Z1)
06.02.2018 15:39:55 DEBUG      Before: shape (49980,), 0 NaNs, mean 84.8809221101, range 37.3755989075...107.343002319, content [ 89.6548996   90.77919769  80.19650269 ...,  90.99749756  58.60359955  90.43080139]
06.02.2018 15:39:55 DEBUG      After:  shape (49980,), 0 NaNs, mean 84.8666469703, range 37.4958727035...108.615251819, content [ 92.80191789  89.97839226  78.85167212 ...,  92.0857751   58.6212116  91.19174061]
06.02.2018 15:39:55 DEBUG    m(Z2)
06.02.2018 15:39:55 DEBUG      Before: shape (49980,), 0 NaNs, mean 27.2753363685, range 0.237454995513...62.1106987, content [ 23.80540085  22.05660057  32.11729813 ...,  32.87110138  41.55720139  26.2052002 ]
06.02.2018 15:39:55 DEBUG      After:  shape (49980,), 0 NaNs, mean 27.2738767172, range 0.237025319727...64.8928621442, content [ 23.68265141  22.13453672  31.78685779 ...,  32.83184524  41.62662136  26.13030894]
06.02.2018 15:39:55 DEBUG    m(jj)
06.02.2018 15:39:55 DEBUG      Before: shape (49980,), 0 NaNs, mean 1116.56679951, range 10.8937997818...7515.18994141, content [ 2508.45996094   728.01599121  1032.69995117 ...,   412.8789978   300.52398682   197.14399719]
06.02.2018 15:39:55 DEBUG      After:  shape (49980,), 0 NaNs, mean 1116.02183829, range 14.2327792867...7448.19650581, content [ 2487.86617905   719.72248906   995.60799828 ...,   399.36811708   298.45817366   199.51893751]
06.02.2018 15:39:55 DEBUG    delta eta(jj)
06.02.2018 15:39:55 DEBUG      Before: shape (49980,), 0 NaNs, mean 4.70330031451, range 0.00566317001358...9.81136989594, content [ 6.36673021  5.61047983  4.70195007 ...,  3.52262998  4.18883991  2.21346998]
06.02.2018 15:39:55 DEBUG      After:  shape (49980,), 0 NaNs, mean 4.70367612903, range 0.00654045830969...10.0322917299, content [ 6.47308252  5.48714186  4.66853654 ...,  3.42585132  4.2699399  2.40032655]
06.02.2018 15:39:55 DEBUG    delta phi(jj)
06.02.2018 15:39:55 DEBUG      Before: shape (49980,), 0 NaNs, mean 1.66262646932, range 8.40639040689e-06...3.14155006409, content [ 1.15321004  0.284448    3.13029003 ...,  3.01428008  1.92093003  2.58617997]
06.02.2018 15:39:55 DEBUG      After:  shape (49980,), 0 NaNs, mean 1.66178336818, range 7.05169760803e-05...3.14147105135, content [ 1.10545568  0.18837199  3.13889462 ...,  2.99982351  1.79839959  2.54831249]
06.02.2018 15:39:55 INFO    That's it!
