26.02.2018 04:42:12 INFO    Hi! How are you today?
26.02.2018 04:42:12 INFO    Startup options:
26.02.2018 04:42:12 INFO      Algorithm:                     cl
26.02.2018 04:42:12 INFO      Point by point:                False
26.02.2018 04:42:12 INFO      Morphing-aware mode:           False
26.02.2018 04:42:12 INFO      Smeared data:                  False
26.02.2018 04:42:12 INFO      Training sample:               baseline
26.02.2018 04:42:12 INFO      Histogram / AFC X indices:     [1, 38, 39, 40, 41]
26.02.2018 04:42:12 INFO      alpha:                         None
26.02.2018 04:42:12 INFO      AFC epsilon:                   None
26.02.2018 04:42:12 INFO      Neyman construction toys:      False
26.02.2018 04:42:12 INFO      Other options:                 
26.02.2018 04:42:12 INFO      Base directory:                /home/jb6504/higgs_inference
26.02.2018 04:42:12 INFO      ML-based strategies available: False
26.02.2018 04:42:12 INFO    Starting p-value calculation
26.02.2018 04:42:12 INFO    Subtracting MLE for truth truth
26.02.2018 04:42:20 WARNING    File /scratch/jb6504/higgs_inference/results/neyman/truth/neyman_llr_distribution_truth_839.npy has wrong shape (1017, 500)
26.02.2018 04:42:20 WARNING    File /scratch/jb6504/higgs_inference/results/neyman/truth/neyman_llr_distribution_truth_840.npy has wrong shape (1017, 500)
26.02.2018 04:42:20 WARNING    File /scratch/jb6504/higgs_inference/results/neyman/truth/neyman_llr_distribution_truth_841.npy has wrong shape (1017, 500)
26.02.2018 04:42:20 WARNING    File /scratch/jb6504/higgs_inference/results/neyman/truth/neyman_llr_distribution_truth_842.npy has wrong shape (1017, 500)
26.02.2018 04:42:20 WARNING    File /scratch/jb6504/higgs_inference/results/neyman/truth/neyman_llr_distribution_truth_843.npy has wrong shape (1017, 500)
26.02.2018 04:42:20 WARNING    File /scratch/jb6504/higgs_inference/results/neyman/truth/neyman_llr_distribution_truth_844.npy has wrong shape (1017, 500)
26.02.2018 04:42:20 WARNING    File /scratch/jb6504/higgs_inference/results/neyman/truth/neyman_llr_distribution_truth_845.npy has wrong shape (1017, 500)
26.02.2018 04:42:20 WARNING    File /scratch/jb6504/higgs_inference/results/neyman/truth/neyman_llr_distribution_truth_846.npy has wrong shape (1017, 500)
26.02.2018 04:42:20 WARNING    File /scratch/jb6504/higgs_inference/results/neyman/truth/neyman_llr_distribution_truth_847.npy has wrong shape (1017, 500)
26.02.2018 04:42:20 WARNING    File /scratch/jb6504/higgs_inference/results/neyman/truth/neyman_llr_distribution_truth_848.npy has wrong shape (1017, 500)
26.02.2018 04:42:20 WARNING    File /scratch/jb6504/higgs_inference/results/neyman/truth/neyman_llr_distribution_truth_849.npy has wrong shape (1017, 500)
26.02.2018 04:42:20 WARNING    File /scratch/jb6504/higgs_inference/results/neyman/truth/neyman_llr_distribution_truth_850.npy has wrong shape (1017, 500)
26.02.2018 04:42:20 WARNING    File /scratch/jb6504/higgs_inference/results/neyman/truth/neyman_llr_distribution_truth_851.npy has wrong shape (1017, 500)
26.02.2018 04:42:20 WARNING    File /scratch/jb6504/higgs_inference/results/neyman/truth/neyman_llr_distribution_truth_852.npy has wrong shape (1017, 500)
26.02.2018 04:42:20 WARNING    File /scratch/jb6504/higgs_inference/results/neyman/truth/neyman_llr_distribution_truth_853.npy has wrong shape (1017, 500)
26.02.2018 04:42:20 WARNING    File /scratch/jb6504/higgs_inference/results/neyman/truth/neyman_llr_distribution_truth_854.npy has wrong shape (1017, 500)
26.02.2018 04:42:20 WARNING    File /scratch/jb6504/higgs_inference/results/neyman/truth/neyman_llr_distribution_truth_855.npy has wrong shape (1017, 500)
26.02.2018 04:42:20 WARNING    File /scratch/jb6504/higgs_inference/results/neyman/truth/neyman_llr_distribution_truth_856.npy has wrong shape (1017, 500)
26.02.2018 04:42:20 WARNING    File /scratch/jb6504/higgs_inference/results/neyman/truth/neyman_llr_distribution_truth_857.npy has wrong shape (1017, 500)
26.02.2018 04:42:20 WARNING    File /scratch/jb6504/higgs_inference/results/neyman/truth/neyman_llr_distribution_truth_858.npy has wrong shape (1017, 500)
26.02.2018 04:42:20 WARNING    File /scratch/jb6504/higgs_inference/results/neyman/truth/neyman_llr_distribution_truth_859.npy has wrong shape (1017, 500)
26.02.2018 04:42:20 WARNING    File /scratch/jb6504/higgs_inference/results/neyman/truth/neyman_llr_distribution_truth_860.npy has wrong shape (1017, 500)
26.02.2018 04:42:20 WARNING    File /scratch/jb6504/higgs_inference/results/neyman/truth/neyman_llr_distribution_truth_861.npy has wrong shape (1017, 500)
26.02.2018 04:42:20 WARNING    File /scratch/jb6504/higgs_inference/results/neyman/truth/neyman_llr_distribution_truth_862.npy has wrong shape (1017, 500)
26.02.2018 04:42:20 WARNING    File /scratch/jb6504/higgs_inference/results/neyman/truth/neyman_llr_distribution_truth_863.npy has wrong shape (1017, 500)
26.02.2018 04:42:20 WARNING    File /scratch/jb6504/higgs_inference/results/neyman/truth/neyman_llr_distribution_truth_864.npy has wrong shape (1017, 500)
26.02.2018 04:42:20 WARNING    File /scratch/jb6504/higgs_inference/results/neyman/truth/neyman_llr_distribution_truth_865.npy has wrong shape (1017, 500)
26.02.2018 04:42:20 WARNING    File /scratch/jb6504/higgs_inference/results/neyman/truth/neyman_llr_distribution_truth_866.npy has wrong shape (1017, 500)
26.02.2018 04:42:20 WARNING    File /scratch/jb6504/higgs_inference/results/neyman/truth/neyman_llr_distribution_truth_867.npy has wrong shape (1017, 500)
26.02.2018 04:42:20 WARNING    File /scratch/jb6504/higgs_inference/results/neyman/truth/neyman_llr_distribution_truth_868.npy has wrong shape (1017, 500)
26.02.2018 04:42:20 WARNING    File /scratch/jb6504/higgs_inference/results/neyman/truth/neyman_llr_distribution_truth_869.npy has wrong shape (1017, 500)
26.02.2018 04:42:20 WARNING    File /scratch/jb6504/higgs_inference/results/neyman/truth/neyman_llr_distribution_truth_870.npy has wrong shape (1017, 500)
26.02.2018 04:42:20 WARNING    File /scratch/jb6504/higgs_inference/results/neyman/truth/neyman_llr_distribution_truth_871.npy has wrong shape (1017, 500)
26.02.2018 04:42:20 WARNING    File /scratch/jb6504/higgs_inference/results/neyman/truth/neyman_llr_distribution_truth_872.npy has wrong shape (1017, 500)
26.02.2018 04:42:20 WARNING    File /scratch/jb6504/higgs_inference/results/neyman/truth/neyman_llr_distribution_truth_873.npy has wrong shape (1017, 500)
26.02.2018 04:42:20 WARNING    File /scratch/jb6504/higgs_inference/results/neyman/truth/neyman_llr_distribution_truth_874.npy has wrong shape (1017, 500)
26.02.2018 04:42:20 WARNING    File /scratch/jb6504/higgs_inference/results/neyman/truth/neyman_llr_distribution_truth_875.npy has wrong shape (1017, 500)
26.02.2018 04:42:20 WARNING    File /scratch/jb6504/higgs_inference/results/neyman/truth/neyman_llr_distribution_truth_876.npy has wrong shape (1017, 500)
26.02.2018 04:42:20 WARNING    File /scratch/jb6504/higgs_inference/results/neyman/truth/neyman_llr_distribution_truth_877.npy has wrong shape (1017, 500)
26.02.2018 04:42:20 WARNING    File /scratch/jb6504/higgs_inference/results/neyman/truth/neyman_llr_distribution_truth_878.npy has wrong shape (1017, 500)
26.02.2018 04:42:20 WARNING    File /scratch/jb6504/higgs_inference/results/neyman/truth/neyman_llr_distribution_truth_879.npy has wrong shape (1017, 500)
26.02.2018 04:42:20 WARNING    File /scratch/jb6504/higgs_inference/results/neyman/truth/neyman_llr_distribution_truth_880.npy has wrong shape (1017, 500)
26.02.2018 04:42:20 WARNING    File /scratch/jb6504/higgs_inference/results/neyman/truth/neyman_llr_distribution_truth_881.npy has wrong shape (1017, 500)
26.02.2018 04:42:20 WARNING    File /scratch/jb6504/higgs_inference/results/neyman/truth/neyman_llr_distribution_truth_882.npy has wrong shape (1017, 500)
26.02.2018 04:42:20 WARNING    File /scratch/jb6504/higgs_inference/results/neyman/truth/neyman_llr_distribution_truth_883.npy has wrong shape (1017, 500)
26.02.2018 04:42:20 WARNING    File /scratch/jb6504/higgs_inference/results/neyman/truth/neyman_llr_distribution_truth_884.npy has wrong shape (1017, 500)
26.02.2018 04:42:20 WARNING    File /scratch/jb6504/higgs_inference/results/neyman/truth/neyman_llr_distribution_truth_885.npy has wrong shape (1017, 500)
26.02.2018 04:42:20 WARNING    File /scratch/jb6504/higgs_inference/results/neyman/truth/neyman_llr_distribution_truth_886.npy has wrong shape (1017, 500)
26.02.2018 04:42:20 WARNING    File /scratch/jb6504/higgs_inference/results/neyman/truth/neyman_llr_distribution_truth_887.npy has wrong shape (1017, 500)
26.02.2018 04:42:20 WARNING    File /scratch/jb6504/higgs_inference/results/neyman/truth/neyman_llr_distribution_truth_888.npy has wrong shape (1017, 500)
26.02.2018 04:42:20 WARNING    File /scratch/jb6504/higgs_inference/results/neyman/truth/neyman_llr_distribution_truth_889.npy has wrong shape (1017, 500)
26.02.2018 04:42:20 WARNING    File /scratch/jb6504/higgs_inference/results/neyman/truth/neyman_llr_distribution_truth_890.npy has wrong shape (1017, 500)
26.02.2018 04:42:20 WARNING    File /scratch/jb6504/higgs_inference/results/neyman/truth/neyman_llr_distribution_truth_891.npy has wrong shape (1017, 500)
26.02.2018 04:42:20 WARNING    File /scratch/jb6504/higgs_inference/results/neyman/truth/neyman_llr_distribution_truth_892.npy has wrong shape (1017, 500)
26.02.2018 04:42:20 WARNING    File /scratch/jb6504/higgs_inference/results/neyman/truth/neyman_llr_distribution_truth_893.npy has wrong shape (1017, 500)
26.02.2018 04:42:20 WARNING    File /scratch/jb6504/higgs_inference/results/neyman/truth/neyman_llr_distribution_truth_894.npy has wrong shape (1017, 500)
26.02.2018 04:42:20 WARNING    File /scratch/jb6504/higgs_inference/results/neyman/truth/neyman_llr_distribution_truth_895.npy has wrong shape (1017, 500)
26.02.2018 04:42:20 WARNING    File /scratch/jb6504/higgs_inference/results/neyman/truth/neyman_llr_distribution_truth_896.npy has wrong shape (1017, 500)
26.02.2018 04:42:20 WARNING    File /scratch/jb6504/higgs_inference/results/neyman/truth/neyman_llr_distribution_truth_897.npy has wrong shape (1017, 500)
26.02.2018 04:42:20 WARNING    File /scratch/jb6504/higgs_inference/results/neyman/truth/neyman_llr_distribution_truth_898.npy has wrong shape (1017, 500)
26.02.2018 04:42:20 WARNING    File /scratch/jb6504/higgs_inference/results/neyman/truth/neyman_llr_distribution_truth_899.npy has wrong shape (1017, 500)
26.02.2018 04:42:20 WARNING    File /scratch/jb6504/higgs_inference/results/neyman/truth/neyman_llr_distribution_truth_900.npy has wrong shape (1017, 500)
26.02.2018 04:42:20 WARNING    File /scratch/jb6504/higgs_inference/results/neyman/truth/neyman_llr_distribution_truth_901.npy has wrong shape (1017, 500)
26.02.2018 04:42:20 WARNING    File /scratch/jb6504/higgs_inference/results/neyman/truth/neyman_llr_distribution_truth_902.npy has wrong shape (1017, 500)
26.02.2018 04:42:20 WARNING    File /scratch/jb6504/higgs_inference/results/neyman/truth/neyman_llr_distribution_truth_903.npy has wrong shape (1017, 500)
26.02.2018 04:42:20 WARNING    File /scratch/jb6504/higgs_inference/results/neyman/truth/neyman_llr_distribution_truth_904.npy has wrong shape (1017, 500)
26.02.2018 04:42:20 WARNING    File /scratch/jb6504/higgs_inference/results/neyman/truth/neyman_llr_distribution_truth_905.npy has wrong shape (1017, 500)
26.02.2018 04:42:20 WARNING    File /scratch/jb6504/higgs_inference/results/neyman/truth/neyman_llr_distribution_truth_906.npy has wrong shape (1017, 500)
26.02.2018 04:42:20 WARNING    File /scratch/jb6504/higgs_inference/results/neyman/truth/neyman_llr_distribution_truth_907.npy has wrong shape (1017, 500)
26.02.2018 04:42:20 WARNING    File /scratch/jb6504/higgs_inference/results/neyman/truth/neyman_llr_distribution_truth_908.npy has wrong shape (1017, 500)
26.02.2018 04:42:20 WARNING    File /scratch/jb6504/higgs_inference/results/neyman/truth/neyman_llr_distribution_truth_909.npy has wrong shape (1017, 500)
26.02.2018 04:42:20 WARNING    File /scratch/jb6504/higgs_inference/results/neyman/truth/neyman_llr_distribution_truth_910.npy has wrong shape (1017, 500)
26.02.2018 04:42:20 WARNING    File /scratch/jb6504/higgs_inference/results/neyman/truth/neyman_llr_distribution_truth_911.npy has wrong shape (1017, 500)
26.02.2018 04:42:20 WARNING    File /scratch/jb6504/higgs_inference/results/neyman/truth/neyman_llr_distribution_truth_912.npy has wrong shape (1017, 500)
26.02.2018 04:42:20 WARNING    File /scratch/jb6504/higgs_inference/results/neyman/truth/neyman_llr_distribution_truth_913.npy has wrong shape (1017, 500)
26.02.2018 04:42:20 WARNING    File /scratch/jb6504/higgs_inference/results/neyman/truth/neyman_llr_distribution_truth_914.npy has wrong shape (1017, 500)
26.02.2018 04:42:20 WARNING    File /scratch/jb6504/higgs_inference/results/neyman/truth/neyman_llr_distribution_truth_915.npy has wrong shape (1017, 500)
26.02.2018 04:42:20 WARNING    File /scratch/jb6504/higgs_inference/results/neyman/truth/neyman_llr_distribution_truth_916.npy has wrong shape (1017, 500)
26.02.2018 04:42:20 WARNING    File /scratch/jb6504/higgs_inference/results/neyman/truth/neyman_llr_distribution_truth_917.npy has wrong shape (1017, 500)
26.02.2018 04:42:20 WARNING    File /scratch/jb6504/higgs_inference/results/neyman/truth/neyman_llr_distribution_truth_918.npy has wrong shape (1017, 500)
26.02.2018 04:42:20 WARNING    File /scratch/jb6504/higgs_inference/results/neyman/truth/neyman_llr_distribution_truth_919.npy has wrong shape (1017, 500)
26.02.2018 04:42:20 WARNING    File /scratch/jb6504/higgs_inference/results/neyman/truth/neyman_llr_distribution_truth_920.npy has wrong shape (1017, 500)
26.02.2018 04:42:20 WARNING    File /scratch/jb6504/higgs_inference/results/neyman/truth/neyman_llr_distribution_truth_921.npy has wrong shape (1017, 500)
26.02.2018 04:42:20 WARNING    File /scratch/jb6504/higgs_inference/results/neyman/truth/neyman_llr_distribution_truth_922.npy has wrong shape (1017, 500)
26.02.2018 04:42:20 WARNING    File /scratch/jb6504/higgs_inference/results/neyman/truth/neyman_llr_distribution_truth_923.npy has wrong shape (1017, 500)
26.02.2018 04:42:20 WARNING    File /scratch/jb6504/higgs_inference/results/neyman/truth/neyman_llr_distribution_truth_924.npy has wrong shape (1017, 500)
26.02.2018 04:42:21 WARNING    File /scratch/jb6504/higgs_inference/results/neyman/truth/neyman_llr_distribution_truth_925.npy has wrong shape (1017, 500)
26.02.2018 04:42:21 WARNING    File /scratch/jb6504/higgs_inference/results/neyman/truth/neyman_llr_distribution_truth_926.npy has wrong shape (1017, 500)
26.02.2018 04:42:21 WARNING    File /scratch/jb6504/higgs_inference/results/neyman/truth/neyman_llr_distribution_truth_927.npy has wrong shape (1017, 500)
26.02.2018 04:42:21 WARNING    File /scratch/jb6504/higgs_inference/results/neyman/truth/neyman_llr_distribution_truth_928.npy has wrong shape (1017, 500)
26.02.2018 04:42:21 WARNING    File /scratch/jb6504/higgs_inference/results/neyman/truth/neyman_llr_distribution_truth_929.npy has wrong shape (1017, 500)
26.02.2018 04:42:21 WARNING    File /scratch/jb6504/higgs_inference/results/neyman/truth/neyman_llr_distribution_truth_930.npy has wrong shape (1017, 500)
26.02.2018 04:42:21 WARNING    File /scratch/jb6504/higgs_inference/results/neyman/truth/neyman_llr_distribution_truth_931.npy has wrong shape (1017, 500)
26.02.2018 04:42:21 WARNING    File /scratch/jb6504/higgs_inference/results/neyman/truth/neyman_llr_distribution_truth_932.npy has wrong shape (1017, 500)
26.02.2018 04:42:21 WARNING    File /scratch/jb6504/higgs_inference/results/neyman/truth/neyman_llr_distribution_truth_933.npy has wrong shape (1017, 500)
26.02.2018 04:42:21 WARNING    File /scratch/jb6504/higgs_inference/results/neyman/truth/neyman_llr_distribution_truth_934.npy has wrong shape (1017, 500)
26.02.2018 04:42:21 WARNING    File /scratch/jb6504/higgs_inference/results/neyman/truth/neyman_llr_distribution_truth_935.npy has wrong shape (1017, 500)
26.02.2018 04:42:21 WARNING    File /scratch/jb6504/higgs_inference/results/neyman/truth/neyman_llr_distribution_truth_936.npy has wrong shape (1017, 500)
26.02.2018 04:42:21 WARNING    File /scratch/jb6504/higgs_inference/results/neyman/truth/neyman_llr_distribution_truth_937.npy has wrong shape (1017, 500)
26.02.2018 04:42:21 WARNING    File /scratch/jb6504/higgs_inference/results/neyman/truth/neyman_llr_distribution_truth_938.npy has wrong shape (1017, 500)
26.02.2018 04:42:21 WARNING    File /scratch/jb6504/higgs_inference/results/neyman/truth/neyman_llr_distribution_truth_939.npy has wrong shape (1017, 500)
26.02.2018 04:42:21 WARNING    File /scratch/jb6504/higgs_inference/results/neyman/truth/neyman_llr_distribution_truth_940.npy has wrong shape (1017, 500)
26.02.2018 04:42:21 WARNING    File /scratch/jb6504/higgs_inference/results/neyman/truth/neyman_llr_distribution_truth_941.npy has wrong shape (1017, 500)
26.02.2018 04:42:21 WARNING    File /scratch/jb6504/higgs_inference/results/neyman/truth/neyman_llr_distribution_truth_942.npy has wrong shape (1017, 500)
26.02.2018 04:42:21 WARNING    File /scratch/jb6504/higgs_inference/results/neyman/truth/neyman_llr_distribution_truth_943.npy has wrong shape (1017, 500)
26.02.2018 04:42:21 WARNING    File /scratch/jb6504/higgs_inference/results/neyman/truth/neyman_llr_distribution_truth_944.npy has wrong shape (1017, 500)
26.02.2018 04:42:21 WARNING    File /scratch/jb6504/higgs_inference/results/neyman/truth/neyman_llr_distribution_truth_945.npy has wrong shape (1017, 500)
26.02.2018 04:42:21 WARNING    File /scratch/jb6504/higgs_inference/results/neyman/truth/neyman_llr_distribution_truth_946.npy has wrong shape (1017, 500)
26.02.2018 04:42:21 WARNING    File /scratch/jb6504/higgs_inference/results/neyman/truth/neyman_llr_distribution_truth_947.npy has wrong shape (1017, 500)
26.02.2018 04:42:21 WARNING    File /scratch/jb6504/higgs_inference/results/neyman/truth/neyman_llr_distribution_truth_948.npy has wrong shape (1017, 500)
26.02.2018 04:42:21 WARNING    File /scratch/jb6504/higgs_inference/results/neyman/truth/neyman_llr_distribution_truth_949.npy has wrong shape (1017, 500)
26.02.2018 04:42:21 WARNING    File /scratch/jb6504/higgs_inference/results/neyman/truth/neyman_llr_distribution_truth_950.npy has wrong shape (1017, 500)
26.02.2018 04:42:21 WARNING    File /scratch/jb6504/higgs_inference/results/neyman/truth/neyman_llr_distribution_truth_951.npy has wrong shape (1017, 500)
26.02.2018 04:42:21 WARNING    File /scratch/jb6504/higgs_inference/results/neyman/truth/neyman_llr_distribution_truth_952.npy has wrong shape (1017, 500)
26.02.2018 04:42:21 WARNING    File /scratch/jb6504/higgs_inference/results/neyman/truth/neyman_llr_distribution_truth_953.npy has wrong shape (1017, 500)
26.02.2018 04:42:21 WARNING    File /scratch/jb6504/higgs_inference/results/neyman/truth/neyman_llr_distribution_truth_954.npy has wrong shape (1017, 500)
26.02.2018 04:42:21 WARNING    File /scratch/jb6504/higgs_inference/results/neyman/truth/neyman_llr_distribution_truth_955.npy has wrong shape (1017, 500)
26.02.2018 04:42:21 WARNING    File /scratch/jb6504/higgs_inference/results/neyman/truth/neyman_llr_distribution_truth_956.npy has wrong shape (1017, 500)
26.02.2018 04:42:21 WARNING    File /scratch/jb6504/higgs_inference/results/neyman/truth/neyman_llr_distribution_truth_957.npy has wrong shape (1017, 500)
26.02.2018 04:42:21 WARNING    File /scratch/jb6504/higgs_inference/results/neyman/truth/neyman_llr_distribution_truth_958.npy has wrong shape (1017, 500)
26.02.2018 04:42:21 WARNING    File /scratch/jb6504/higgs_inference/results/neyman/truth/neyman_llr_distribution_truth_959.npy has wrong shape (1017, 500)
26.02.2018 04:42:21 WARNING    File /scratch/jb6504/higgs_inference/results/neyman/truth/neyman_llr_distribution_truth_960.npy has wrong shape (1017, 500)
26.02.2018 04:42:21 WARNING    File /scratch/jb6504/higgs_inference/results/neyman/truth/neyman_llr_distribution_truth_961.npy has wrong shape (1017, 500)
26.02.2018 04:42:21 WARNING    File /scratch/jb6504/higgs_inference/results/neyman/truth/neyman_llr_distribution_truth_962.npy has wrong shape (1017, 500)
26.02.2018 04:42:21 WARNING    File /scratch/jb6504/higgs_inference/results/neyman/truth/neyman_llr_distribution_truth_963.npy has wrong shape (1017, 500)
26.02.2018 04:42:21 WARNING    File /scratch/jb6504/higgs_inference/results/neyman/truth/neyman_llr_distribution_truth_964.npy has wrong shape (1017, 500)
26.02.2018 04:42:21 WARNING    File /scratch/jb6504/higgs_inference/results/neyman/truth/neyman_llr_distribution_truth_965.npy has wrong shape (1017, 500)
26.02.2018 04:42:21 WARNING    File /scratch/jb6504/higgs_inference/results/neyman/truth/neyman_llr_distribution_truth_966.npy has wrong shape (1017, 500)
26.02.2018 04:42:21 WARNING    File /scratch/jb6504/higgs_inference/results/neyman/truth/neyman_llr_distribution_truth_967.npy has wrong shape (1017, 500)
26.02.2018 04:42:21 WARNING    File /scratch/jb6504/higgs_inference/results/neyman/truth/neyman_llr_distribution_truth_968.npy has wrong shape (1017, 500)
26.02.2018 04:42:21 WARNING    File /scratch/jb6504/higgs_inference/results/neyman/truth/neyman_llr_distribution_truth_969.npy has wrong shape (1017, 500)
26.02.2018 04:42:21 WARNING    File /scratch/jb6504/higgs_inference/results/neyman/truth/neyman_llr_distribution_truth_970.npy has wrong shape (1017, 500)
26.02.2018 04:42:21 WARNING    File /scratch/jb6504/higgs_inference/results/neyman/truth/neyman_llr_distribution_truth_971.npy has wrong shape (1017, 500)
26.02.2018 04:42:21 WARNING    File /scratch/jb6504/higgs_inference/results/neyman/truth/neyman_llr_distribution_truth_972.npy has wrong shape (1017, 500)
26.02.2018 04:42:21 WARNING    File /scratch/jb6504/higgs_inference/results/neyman/truth/neyman_llr_distribution_truth_973.npy has wrong shape (1017, 500)
26.02.2018 04:42:21 WARNING    File /scratch/jb6504/higgs_inference/results/neyman/truth/neyman_llr_distribution_truth_974.npy has wrong shape (1017, 500)
26.02.2018 04:42:21 WARNING    File /scratch/jb6504/higgs_inference/results/neyman/truth/neyman_llr_distribution_truth_975.npy has wrong shape (1017, 500)
26.02.2018 04:42:21 WARNING    File /scratch/jb6504/higgs_inference/results/neyman/truth/neyman_llr_distribution_truth_976.npy has wrong shape (1017, 500)
26.02.2018 04:42:21 WARNING    File /scratch/jb6504/higgs_inference/results/neyman/truth/neyman_llr_distribution_truth_977.npy has wrong shape (1017, 500)
26.02.2018 04:42:21 WARNING    File /scratch/jb6504/higgs_inference/results/neyman/truth/neyman_llr_distribution_truth_978.npy has wrong shape (1017, 500)
26.02.2018 04:42:21 WARNING    File /scratch/jb6504/higgs_inference/results/neyman/truth/neyman_llr_distribution_truth_979.npy has wrong shape (1017, 500)
26.02.2018 04:42:21 WARNING    File /scratch/jb6504/higgs_inference/results/neyman/truth/neyman_llr_distribution_truth_980.npy has wrong shape (1017, 500)
26.02.2018 04:42:21 WARNING    File /scratch/jb6504/higgs_inference/results/neyman/truth/neyman_llr_distribution_truth_981.npy has wrong shape (1017, 500)
26.02.2018 04:42:21 WARNING    File /scratch/jb6504/higgs_inference/results/neyman/truth/neyman_llr_distribution_truth_982.npy has wrong shape (1017, 500)
26.02.2018 04:42:21 WARNING    File /scratch/jb6504/higgs_inference/results/neyman/truth/neyman_llr_distribution_truth_983.npy has wrong shape (1017, 500)
26.02.2018 04:42:21 WARNING    File /scratch/jb6504/higgs_inference/results/neyman/truth/neyman_llr_distribution_truth_984.npy has wrong shape (1017, 500)
26.02.2018 04:42:21 WARNING    File /scratch/jb6504/higgs_inference/results/neyman/truth/neyman_llr_distribution_truth_985.npy has wrong shape (1017, 500)
26.02.2018 04:42:21 WARNING    File /scratch/jb6504/higgs_inference/results/neyman/truth/neyman_llr_distribution_truth_986.npy has wrong shape (1017, 500)
26.02.2018 04:42:21 WARNING    File /scratch/jb6504/higgs_inference/results/neyman/truth/neyman_llr_distribution_truth_987.npy has wrong shape (1017, 500)
26.02.2018 04:42:21 WARNING    File /scratch/jb6504/higgs_inference/results/neyman/truth/neyman_llr_distribution_truth_988.npy has wrong shape (1017, 500)
26.02.2018 04:42:21 WARNING    File /scratch/jb6504/higgs_inference/results/neyman/truth/neyman_llr_distribution_truth_989.npy has wrong shape (1017, 500)
26.02.2018 04:42:21 WARNING    File /scratch/jb6504/higgs_inference/results/neyman/truth/neyman_llr_distribution_truth_990.npy has wrong shape (1017, 500)
26.02.2018 04:42:21 WARNING    File /scratch/jb6504/higgs_inference/results/neyman/truth/neyman_llr_distribution_truth_991.npy has wrong shape (1017, 500)
26.02.2018 04:42:21 WARNING    File /scratch/jb6504/higgs_inference/results/neyman/truth/neyman_llr_distribution_truth_992.npy has wrong shape (1017, 500)
26.02.2018 04:42:21 WARNING    File /scratch/jb6504/higgs_inference/results/neyman/truth/neyman_llr_distribution_truth_993.npy has wrong shape (1017, 500)
26.02.2018 04:42:21 WARNING    File /scratch/jb6504/higgs_inference/results/neyman/truth/neyman_llr_distribution_truth_994.npy has wrong shape (1017, 500)
26.02.2018 04:42:21 WARNING    File /scratch/jb6504/higgs_inference/results/neyman/truth/neyman_llr_distribution_truth_995.npy has wrong shape (1017, 500)
26.02.2018 04:42:21 WARNING    File /scratch/jb6504/higgs_inference/results/neyman/truth/neyman_llr_distribution_truth_996.npy has wrong shape (1017, 500)
26.02.2018 04:42:21 WARNING    File /scratch/jb6504/higgs_inference/results/neyman/truth/neyman_llr_distribution_truth_997.npy has wrong shape (1017, 500)
26.02.2018 04:42:21 WARNING    File /scratch/jb6504/higgs_inference/results/neyman/truth/neyman_llr_distribution_truth_998.npy has wrong shape (1017, 500)
26.02.2018 04:42:21 WARNING    File /scratch/jb6504/higgs_inference/results/neyman/truth/neyman_llr_distribution_truth_999.npy has wrong shape (1017, 500)
26.02.2018 04:42:21 WARNING    File /scratch/jb6504/higgs_inference/results/neyman/truth/neyman_llr_distribution_truth_1000.npy has wrong shape (1017, 500)
26.02.2018 04:42:21 WARNING    File /scratch/jb6504/higgs_inference/results/neyman/truth/neyman_llr_distribution_truth_1001.npy has wrong shape (1017, 500)
26.02.2018 04:42:21 WARNING    File /scratch/jb6504/higgs_inference/results/neyman/truth/neyman_llr_distribution_truth_1002.npy has wrong shape (1017, 500)
26.02.2018 04:42:21 WARNING    File /scratch/jb6504/higgs_inference/results/neyman/truth/neyman_llr_distribution_truth_1003.npy has wrong shape (1017, 500)
26.02.2018 04:42:21 WARNING    File /scratch/jb6504/higgs_inference/results/neyman/truth/neyman_llr_distribution_truth_1004.npy has wrong shape (1017, 500)
26.02.2018 04:42:21 WARNING    File /scratch/jb6504/higgs_inference/results/neyman/truth/neyman_llr_distribution_truth_1005.npy has wrong shape (1017, 500)
26.02.2018 04:42:21 WARNING    File /scratch/jb6504/higgs_inference/results/neyman/truth/neyman_llr_distribution_truth_1006.npy has wrong shape (1017, 500)
26.02.2018 04:42:21 WARNING    File /scratch/jb6504/higgs_inference/results/neyman/truth/neyman_llr_distribution_truth_1007.npy has wrong shape (1017, 500)
26.02.2018 04:42:21 WARNING    File /scratch/jb6504/higgs_inference/results/neyman/truth/neyman_llr_distribution_truth_1008.npy has wrong shape (1017, 500)
26.02.2018 04:42:21 WARNING    File /scratch/jb6504/higgs_inference/results/neyman/truth/neyman_llr_distribution_truth_1009.npy has wrong shape (1017, 500)
26.02.2018 04:42:21 WARNING    File /scratch/jb6504/higgs_inference/results/neyman/truth/neyman_llr_distribution_truth_1010.npy has wrong shape (1017, 500)
26.02.2018 04:42:21 WARNING    File /scratch/jb6504/higgs_inference/results/neyman/truth/neyman_llr_distribution_truth_1011.npy has wrong shape (1017, 500)
26.02.2018 04:42:21 WARNING    File /scratch/jb6504/higgs_inference/results/neyman/truth/neyman_llr_distribution_truth_1012.npy has wrong shape (1017, 500)
26.02.2018 04:42:21 WARNING    File /scratch/jb6504/higgs_inference/results/neyman/truth/neyman_llr_distribution_truth_1013.npy has wrong shape (1017, 500)
26.02.2018 04:42:21 WARNING    File /scratch/jb6504/higgs_inference/results/neyman/truth/neyman_llr_distribution_truth_1014.npy has wrong shape (1017, 500)
26.02.2018 04:42:21 WARNING    File /scratch/jb6504/higgs_inference/results/neyman/truth/neyman_llr_distribution_truth_1015.npy has wrong shape (1017, 500)
26.02.2018 04:42:21 WARNING    File /scratch/jb6504/higgs_inference/results/neyman/truth/neyman_llr_distribution_truth_1016.npy has wrong shape (1017, 500)
26.02.2018 04:42:21 DEBUG    Found 1856 files, didn't find 0 files, found 178 files with wrong shape
Traceback (most recent call last):
  File "experiments.py", line 102, in <module>
    calculate_all_CL()
  File "/home/jb6504/higgs_inference/higgs_inference/various/p_values.py", line 222, in calculate_all_CL
    calculate_CL('truth', 'truth')
  File "/home/jb6504/higgs_inference/higgs_inference/various/p_values.py", line 178, in calculate_CL
    subtract_mle(filename, folder)
  File "/home/jb6504/higgs_inference/higgs_inference/various/p_values.py", line 105, in subtract_mle
    insufficient_data_observed = np.any(np.all(np.invert(np.isfinite(llr_observeds)), axis=0))
TypeError: ufunc 'isfinite' not supported for the input types, and the inputs could not be safely coerced to any supported types according to the casting rule ''safe''
