Using TensorFlow backend.
20.02.2018 06:53:19 INFO    Hi! How are you today?
20.02.2018 06:53:19 INFO    Startup options:
20.02.2018 06:53:19 INFO      Algorithm:                     carl
20.02.2018 06:53:19 INFO      Point by point:                False
20.02.2018 06:53:19 INFO      Morphing-aware mode:           False
20.02.2018 06:53:19 INFO      Smeared data:                  False
20.02.2018 06:53:19 INFO      Training sample:               baseline
20.02.2018 06:53:19 INFO      AFC X indices:                 [1, 38, 39, 40, 41]
20.02.2018 06:53:19 INFO      alpha:                         None
20.02.2018 06:53:19 INFO      AFC epsilon:                   None
20.02.2018 06:53:19 INFO      Neyman construction toys:      False
20.02.2018 06:53:19 INFO      Other options:                 ['shallow']
20.02.2018 06:53:19 INFO      Base directory:                /home/jb6504/higgs_inference
20.02.2018 06:53:19 INFO      ML-based strategies available: True
20.02.2018 06:53:19 INFO    Starting parameterized inference
20.02.2018 06:53:19 INFO    Main settings:
20.02.2018 06:53:19 INFO      Algorithm:                carl
20.02.2018 06:53:19 INFO      Morphing-aware:           False
20.02.2018 06:53:19 INFO      Training sample:          baseline
20.02.2018 06:53:19 INFO    Options:
20.02.2018 06:53:19 INFO      Number of hidden layers:  2
20.02.2018 06:53:19 INFO      Batch size:               128
20.02.2018 06:53:19 INFO      Learning rate:            0.001
20.02.2018 06:53:19 INFO      Learning rate decay:      0.0921034037198
20.02.2018 06:53:19 INFO      Number of epochs:         50
20.02.2018 06:53:19 INFO      Debug mode:               False
20.02.2018 06:53:49 INFO    Starting training
Train on 7995920 samples, validate on 1998980 samples
2018-02-20 06:53:50.491111: W tensorflow/core/platform/cpu_feature_guard.cc:45] The TensorFlow library wasn't compiled to use SSE4.1 instructions, but these are available on your machine and could speed up CPU computations.
2018-02-20 06:53:50.491429: W tensorflow/core/platform/cpu_feature_guard.cc:45] The TensorFlow library wasn't compiled to use SSE4.2 instructions, but these are available on your machine and could speed up CPU computations.
2018-02-20 06:53:50.491439: W tensorflow/core/platform/cpu_feature_guard.cc:45] The TensorFlow library wasn't compiled to use AVX instructions, but these are available on your machine and could speed up CPU computations.
2018-02-20 06:53:50.491443: W tensorflow/core/platform/cpu_feature_guard.cc:45] The TensorFlow library wasn't compiled to use AVX2 instructions, but these are available on your machine and could speed up CPU computations.
2018-02-20 06:53:50.491447: W tensorflow/core/platform/cpu_feature_guard.cc:45] The TensorFlow library wasn't compiled to use FMA instructions, but these are available on your machine and could speed up CPU computations.
2018-02-20 06:53:50.791849: I tensorflow/core/common_runtime/gpu/gpu_device.cc:940] Found device 0 with properties: 
name: Tesla K80
major: 3 minor: 7 memoryClockRate (GHz) 0.8235
pciBusID 0000:85:00.0
Total memory: 11.17GiB
Free memory: 11.10GiB
2018-02-20 06:53:50.791884: I tensorflow/core/common_runtime/gpu/gpu_device.cc:961] DMA: 0 
2018-02-20 06:53:50.791890: I tensorflow/core/common_runtime/gpu/gpu_device.cc:971] 0:   Y 
2018-02-20 06:53:50.791899: I tensorflow/core/common_runtime/gpu/gpu_device.cc:1030] Creating TensorFlow device (/gpu:0) -> (device: 0, name: Tesla K80, pci bus id: 0000:85:00.0)
Epoch 1/50
399s - loss: 0.6667 - full_cross_entropy: 0.6667 - trimmed_cross_entropy: 0.6563 - full_mse_log_r: 0.1432 - trimmed_mse_log_r: 0.1410 - full_mae_log_r: 0.1859 - full_mse_score: 1.9483 - trimmed_mse_score: 0.7074 - full_mae_score: 0.3964 - val_loss: 0.6655 - val_full_cross_entropy: 0.6655 - val_trimmed_cross_entropy: 0.6551 - val_full_mse_log_r: 0.1101 - val_trimmed_mse_log_r: 0.1084 - val_full_mae_log_r: 0.2187 - val_full_mse_score: 1.7468 - val_trimmed_mse_score: 0.5606 - val_full_mae_score: 0.3618
Epoch 2/50
398s - loss: 0.6623 - full_cross_entropy: 0.6623 - trimmed_cross_entropy: 0.6520 - full_mse_log_r: 0.0767 - trimmed_mse_log_r: 0.0755 - full_mae_log_r: 0.1420 - full_mse_score: 1.7010 - trimmed_mse_score: 0.5368 - full_mae_score: 0.3611 - val_loss: 0.6623 - val_full_cross_entropy: 0.6623 - val_trimmed_cross_entropy: 0.6520 - val_full_mse_log_r: 0.0791 - val_trimmed_mse_log_r: 0.0778 - val_full_mae_log_r: 0.1394 - val_full_mse_score: 1.7528 - val_trimmed_mse_score: 0.5650 - val_full_mae_score: 0.3672
Epoch 3/50
399s - loss: 0.6617 - full_cross_entropy: 0.6617 - trimmed_cross_entropy: 0.6513 - full_mse_log_r: 0.0677 - trimmed_mse_log_r: 0.0667 - full_mae_log_r: 0.1338 - full_mse_score: 1.6700 - trimmed_mse_score: 0.5213 - full_mae_score: 0.3643 - val_loss: 0.6616 - val_full_cross_entropy: 0.6616 - val_trimmed_cross_entropy: 0.6513 - val_full_mse_log_r: 0.0680 - val_trimmed_mse_log_r: 0.0669 - val_full_mae_log_r: 0.1322 - val_full_mse_score: 1.6234 - val_trimmed_mse_score: 0.5016 - val_full_mae_score: 0.3661
Epoch 4/50
398s - loss: 0.6612 - full_cross_entropy: 0.6612 - trimmed_cross_entropy: 0.6509 - full_mse_log_r: 0.0616 - trimmed_mse_log_r: 0.0607 - full_mae_log_r: 0.1285 - full_mse_score: 1.6404 - trimmed_mse_score: 0.5100 - full_mae_score: 0.3663 - val_loss: 0.6612 - val_full_cross_entropy: 0.6612 - val_trimmed_cross_entropy: 0.6509 - val_full_mse_log_r: 0.0589 - val_trimmed_mse_log_r: 0.0580 - val_full_mae_log_r: 0.1291 - val_full_mse_score: 1.6039 - val_trimmed_mse_score: 0.4908 - val_full_mae_score: 0.3668
Epoch 5/50
399s - loss: 0.6609 - full_cross_entropy: 0.6609 - trimmed_cross_entropy: 0.6506 - full_mse_log_r: 0.0573 - trimmed_mse_log_r: 0.0564 - full_mae_log_r: 0.1244 - full_mse_score: 1.6190 - trimmed_mse_score: 0.5014 - full_mae_score: 0.3647 - val_loss: 0.6608 - val_full_cross_entropy: 0.6608 - val_trimmed_cross_entropy: 0.6505 - val_full_mse_log_r: 0.0526 - val_trimmed_mse_log_r: 0.0518 - val_full_mae_log_r: 0.1174 - val_full_mse_score: 1.6280 - val_trimmed_mse_score: 0.5079 - val_full_mae_score: 0.3732
Epoch 6/50
398s - loss: 0.6606 - full_cross_entropy: 0.6606 - trimmed_cross_entropy: 0.6503 - full_mse_log_r: 0.0534 - trimmed_mse_log_r: 0.0525 - full_mae_log_r: 0.1199 - full_mse_score: 1.5892 - trimmed_mse_score: 0.4873 - full_mae_score: 0.3638 - val_loss: 0.6608 - val_full_cross_entropy: 0.6608 - val_trimmed_cross_entropy: 0.6504 - val_full_mse_log_r: 0.0511 - val_trimmed_mse_log_r: 0.0503 - val_full_mae_log_r: 0.1135 - val_full_mse_score: 1.6243 - val_trimmed_mse_score: 0.4981 - val_full_mae_score: 0.3637
Epoch 7/50
398s - loss: 0.6604 - full_cross_entropy: 0.6604 - trimmed_cross_entropy: 0.6501 - full_mse_log_r: 0.0505 - trimmed_mse_log_r: 0.0497 - full_mae_log_r: 0.1167 - full_mse_score: 1.5701 - trimmed_mse_score: 0.4756 - full_mae_score: 0.3634 - val_loss: 0.6603 - val_full_cross_entropy: 0.6603 - val_trimmed_cross_entropy: 0.6500 - val_full_mse_log_r: 0.0462 - val_trimmed_mse_log_r: 0.0455 - val_full_mae_log_r: 0.1031 - val_full_mse_score: 1.6062 - val_trimmed_mse_score: 0.4876 - val_full_mae_score: 0.3623
Epoch 8/50
399s - loss: 0.6602 - full_cross_entropy: 0.6602 - trimmed_cross_entropy: 0.6499 - full_mse_log_r: 0.0476 - trimmed_mse_log_r: 0.0469 - full_mae_log_r: 0.1128 - full_mse_score: 1.5390 - trimmed_mse_score: 0.4620 - full_mae_score: 0.3601 - val_loss: 0.6607 - val_full_cross_entropy: 0.6607 - val_trimmed_cross_entropy: 0.6503 - val_full_mse_log_r: 0.0463 - val_trimmed_mse_log_r: 0.0456 - val_full_mae_log_r: 0.1208 - val_full_mse_score: 1.5695 - val_trimmed_mse_score: 0.4806 - val_full_mae_score: 0.3646
Epoch 9/50
399s - loss: 0.6600 - full_cross_entropy: 0.6600 - trimmed_cross_entropy: 0.6497 - full_mse_log_r: 0.0450 - trimmed_mse_log_r: 0.0443 - full_mae_log_r: 0.1097 - full_mse_score: 1.5115 - trimmed_mse_score: 0.4494 - full_mae_score: 0.3585 - val_loss: 0.6601 - val_full_cross_entropy: 0.6601 - val_trimmed_cross_entropy: 0.6498 - val_full_mse_log_r: 0.0433 - val_trimmed_mse_log_r: 0.0427 - val_full_mae_log_r: 0.1008 - val_full_mse_score: 1.4949 - val_trimmed_mse_score: 0.4397 - val_full_mae_score: 0.3519
Epoch 10/50
399s - loss: 0.6598 - full_cross_entropy: 0.6598 - trimmed_cross_entropy: 0.6495 - full_mse_log_r: 0.0432 - trimmed_mse_log_r: 0.0426 - full_mae_log_r: 0.1073 - full_mse_score: 1.4957 - trimmed_mse_score: 0.4443 - full_mae_score: 0.3556 - val_loss: 0.6602 - val_full_cross_entropy: 0.6602 - val_trimmed_cross_entropy: 0.6499 - val_full_mse_log_r: 0.0440 - val_trimmed_mse_log_r: 0.0433 - val_full_mae_log_r: 0.1049 - val_full_mse_score: 1.4428 - val_trimmed_mse_score: 0.4187 - val_full_mae_score: 0.3503
Epoch 11/50
399s - loss: 0.6596 - full_cross_entropy: 0.6596 - trimmed_cross_entropy: 0.6493 - full_mse_log_r: 0.0416 - trimmed_mse_log_r: 0.0410 - full_mae_log_r: 0.1046 - full_mse_score: 1.4793 - trimmed_mse_score: 0.4348 - full_mae_score: 0.3545 - val_loss: 0.6602 - val_full_cross_entropy: 0.6602 - val_trimmed_cross_entropy: 0.6499 - val_full_mse_log_r: 0.0418 - val_trimmed_mse_log_r: 0.0411 - val_full_mae_log_r: 0.1044 - val_full_mse_score: 1.5386 - val_trimmed_mse_score: 0.4599 - val_full_mae_score: 0.3609
Epoch 12/50
398s - loss: 0.6595 - full_cross_entropy: 0.6595 - trimmed_cross_entropy: 0.6492 - full_mse_log_r: 0.0400 - trimmed_mse_log_r: 0.0394 - full_mae_log_r: 0.1026 - full_mse_score: 1.4660 - trimmed_mse_score: 0.4292 - full_mae_score: 0.3528 - val_loss: 0.6598 - val_full_cross_entropy: 0.6598 - val_trimmed_cross_entropy: 0.6495 - val_full_mse_log_r: 0.0378 - val_trimmed_mse_log_r: 0.0372 - val_full_mae_log_r: 0.0936 - val_full_mse_score: 1.4596 - val_trimmed_mse_score: 0.4198 - val_full_mae_score: 0.3457
Epoch 13/50
398s - loss: 0.6593 - full_cross_entropy: 0.6593 - trimmed_cross_entropy: 0.6490 - full_mse_log_r: 0.0388 - trimmed_mse_log_r: 0.0382 - full_mae_log_r: 0.1007 - full_mse_score: 1.4502 - trimmed_mse_score: 0.4183 - full_mae_score: 0.3500 - val_loss: 0.6598 - val_full_cross_entropy: 0.6598 - val_trimmed_cross_entropy: 0.6495 - val_full_mse_log_r: 0.0377 - val_trimmed_mse_log_r: 0.0371 - val_full_mae_log_r: 0.0941 - val_full_mse_score: 1.4395 - val_trimmed_mse_score: 0.4148 - val_full_mae_score: 0.3450
Epoch 14/50
399s - loss: 0.6592 - full_cross_entropy: 0.6592 - trimmed_cross_entropy: 0.6489 - full_mse_log_r: 0.0376 - trimmed_mse_log_r: 0.0370 - full_mae_log_r: 0.0989 - full_mse_score: 1.4357 - trimmed_mse_score: 0.4148 - full_mae_score: 0.3481 - val_loss: 0.6599 - val_full_cross_entropy: 0.6599 - val_trimmed_cross_entropy: 0.6496 - val_full_mse_log_r: 0.0379 - val_trimmed_mse_log_r: 0.0373 - val_full_mae_log_r: 0.0952 - val_full_mse_score: 1.4209 - val_trimmed_mse_score: 0.4089 - val_full_mae_score: 0.3462
Epoch 15/50
398s - loss: 0.6591 - full_cross_entropy: 0.6591 - trimmed_cross_entropy: 0.6488 - full_mse_log_r: 0.0364 - trimmed_mse_log_r: 0.0358 - full_mae_log_r: 0.0971 - full_mse_score: 1.4201 - trimmed_mse_score: 0.4104 - full_mae_score: 0.3472 - val_loss: 0.6597 - val_full_cross_entropy: 0.6597 - val_trimmed_cross_entropy: 0.6494 - val_full_mse_log_r: 0.0350 - val_trimmed_mse_log_r: 0.0345 - val_full_mae_log_r: 0.0918 - val_full_mse_score: 1.4084 - val_trimmed_mse_score: 0.3993 - val_full_mae_score: 0.3420
Epoch 16/50
399s - loss: 0.6590 - full_cross_entropy: 0.6590 - trimmed_cross_entropy: 0.6487 - full_mse_log_r: 0.0356 - trimmed_mse_log_r: 0.0350 - full_mae_log_r: 0.0956 - full_mse_score: 1.4092 - trimmed_mse_score: 0.4012 - full_mae_score: 0.3453 - val_loss: 0.6598 - val_full_cross_entropy: 0.6598 - val_trimmed_cross_entropy: 0.6495 - val_full_mse_log_r: 0.0354 - val_trimmed_mse_log_r: 0.0349 - val_full_mae_log_r: 0.0950 - val_full_mse_score: 1.4435 - val_trimmed_mse_score: 0.4136 - val_full_mae_score: 0.3442
Epoch 17/50
398s - loss: 0.6589 - full_cross_entropy: 0.6589 - trimmed_cross_entropy: 0.6486 - full_mse_log_r: 0.0346 - trimmed_mse_log_r: 0.0340 - full_mae_log_r: 0.0942 - full_mse_score: 1.3956 - trimmed_mse_score: 0.3964 - full_mae_score: 0.3425 - val_loss: 0.6598 - val_full_cross_entropy: 0.6598 - val_trimmed_cross_entropy: 0.6494 - val_full_mse_log_r: 0.0357 - val_trimmed_mse_log_r: 0.0351 - val_full_mae_log_r: 0.0908 - val_full_mse_score: 1.3885 - val_trimmed_mse_score: 0.3918 - val_full_mae_score: 0.3388
Epoch 18/50
398s - loss: 0.6588 - full_cross_entropy: 0.6588 - trimmed_cross_entropy: 0.6485 - full_mse_log_r: 0.0340 - trimmed_mse_log_r: 0.0334 - full_mae_log_r: 0.0933 - full_mse_score: 1.3918 - trimmed_mse_score: 0.3938 - full_mae_score: 0.3433 - val_loss: 0.6596 - val_full_cross_entropy: 0.6596 - val_trimmed_cross_entropy: 0.6493 - val_full_mse_log_r: 0.0329 - val_trimmed_mse_log_r: 0.0324 - val_full_mae_log_r: 0.0897 - val_full_mse_score: 1.3890 - val_trimmed_mse_score: 0.3951 - val_full_mae_score: 0.3423
Epoch 19/50
398s - loss: 0.6587 - full_cross_entropy: 0.6587 - trimmed_cross_entropy: 0.6484 - full_mse_log_r: 0.0333 - trimmed_mse_log_r: 0.0327 - full_mae_log_r: 0.0921 - full_mse_score: 1.3805 - trimmed_mse_score: 0.3903 - full_mae_score: 0.3416 - val_loss: 0.6596 - val_full_cross_entropy: 0.6596 - val_trimmed_cross_entropy: 0.6493 - val_full_mse_log_r: 0.0333 - val_trimmed_mse_log_r: 0.0328 - val_full_mae_log_r: 0.0885 - val_full_mse_score: 1.3905 - val_trimmed_mse_score: 0.3879 - val_full_mae_score: 0.3378
Epoch 20/50
399s - loss: 0.6586 - full_cross_entropy: 0.6586 - trimmed_cross_entropy: 0.6484 - full_mse_log_r: 0.0324 - trimmed_mse_log_r: 0.0319 - full_mae_log_r: 0.0909 - full_mse_score: 1.3725 - trimmed_mse_score: 0.3854 - full_mae_score: 0.3409 - val_loss: 0.6595 - val_full_cross_entropy: 0.6595 - val_trimmed_cross_entropy: 0.6492 - val_full_mse_log_r: 0.0319 - val_trimmed_mse_log_r: 0.0314 - val_full_mae_log_r: 0.0882 - val_full_mse_score: 1.3509 - val_trimmed_mse_score: 0.3737 - val_full_mae_score: 0.3345
Epoch 21/50
398s - loss: 0.6586 - full_cross_entropy: 0.6586 - trimmed_cross_entropy: 0.6483 - full_mse_log_r: 0.0320 - trimmed_mse_log_r: 0.0315 - full_mae_log_r: 0.0902 - full_mse_score: 1.3641 - trimmed_mse_score: 0.3851 - full_mae_score: 0.3399 - val_loss: 0.6596 - val_full_cross_entropy: 0.6596 - val_trimmed_cross_entropy: 0.6493 - val_full_mse_log_r: 0.0315 - val_trimmed_mse_log_r: 0.0310 - val_full_mae_log_r: 0.0879 - val_full_mse_score: 1.3952 - val_trimmed_mse_score: 0.3911 - val_full_mae_score: 0.3388
Epoch 22/50
398s - loss: 0.6585 - full_cross_entropy: 0.6585 - trimmed_cross_entropy: 0.6482 - full_mse_log_r: 0.0314 - trimmed_mse_log_r: 0.0309 - full_mae_log_r: 0.0894 - full_mse_score: 1.3584 - trimmed_mse_score: 0.3816 - full_mae_score: 0.3391 - val_loss: 0.6597 - val_full_cross_entropy: 0.6597 - val_trimmed_cross_entropy: 0.6494 - val_full_mse_log_r: 0.0326 - val_trimmed_mse_log_r: 0.0321 - val_full_mae_log_r: 0.0937 - val_full_mse_score: 1.3866 - val_trimmed_mse_score: 0.3954 - val_full_mae_score: 0.3422
Epoch 23/50
399s - loss: 0.6585 - full_cross_entropy: 0.6585 - trimmed_cross_entropy: 0.6482 - full_mse_log_r: 0.0311 - trimmed_mse_log_r: 0.0306 - full_mae_log_r: 0.0887 - full_mse_score: 1.3521 - trimmed_mse_score: 0.3783 - full_mae_score: 0.3383 - val_loss: 0.6595 - val_full_cross_entropy: 0.6595 - val_trimmed_cross_entropy: 0.6492 - val_full_mse_log_r: 0.0307 - val_trimmed_mse_log_r: 0.0302 - val_full_mae_log_r: 0.0876 - val_full_mse_score: 1.3602 - val_trimmed_mse_score: 0.3801 - val_full_mae_score: 0.3378
Epoch 24/50
398s - loss: 0.6584 - full_cross_entropy: 0.6584 - trimmed_cross_entropy: 0.6481 - full_mse_log_r: 0.0307 - trimmed_mse_log_r: 0.0302 - full_mae_log_r: 0.0881 - full_mse_score: 1.3488 - trimmed_mse_score: 0.3754 - full_mae_score: 0.3387 - val_loss: 0.6596 - val_full_cross_entropy: 0.6596 - val_trimmed_cross_entropy: 0.6493 - val_full_mse_log_r: 0.0317 - val_trimmed_mse_log_r: 0.0312 - val_full_mae_log_r: 0.0924 - val_full_mse_score: 1.3663 - val_trimmed_mse_score: 0.3860 - val_full_mae_score: 0.3412
Epoch 25/50
398s - loss: 0.6583 - full_cross_entropy: 0.6583 - trimmed_cross_entropy: 0.6481 - full_mse_log_r: 0.0302 - trimmed_mse_log_r: 0.0297 - full_mae_log_r: 0.0876 - full_mse_score: 1.3420 - trimmed_mse_score: 0.3771 - full_mae_score: 0.3381 - val_loss: 0.6596 - val_full_cross_entropy: 0.6596 - val_trimmed_cross_entropy: 0.6493 - val_full_mse_log_r: 0.0320 - val_trimmed_mse_log_r: 0.0315 - val_full_mae_log_r: 0.0925 - val_full_mse_score: 1.3648 - val_trimmed_mse_score: 0.3826 - val_full_mae_score: 0.3428
Epoch 26/50
398s - loss: 0.6583 - full_cross_entropy: 0.6583 - trimmed_cross_entropy: 0.6480 - full_mse_log_r: 0.0300 - trimmed_mse_log_r: 0.0296 - full_mae_log_r: 0.0874 - full_mse_score: 1.3373 - trimmed_mse_score: 0.3743 - full_mae_score: 0.3380 - val_loss: 0.6595 - val_full_cross_entropy: 0.6595 - val_trimmed_cross_entropy: 0.6492 - val_full_mse_log_r: 0.0300 - val_trimmed_mse_log_r: 0.0295 - val_full_mae_log_r: 0.0857 - val_full_mse_score: 1.3676 - val_trimmed_mse_score: 0.3835 - val_full_mae_score: 0.3406
Epoch 27/50
399s - loss: 0.6583 - full_cross_entropy: 0.6583 - trimmed_cross_entropy: 0.6480 - full_mse_log_r: 0.0297 - trimmed_mse_log_r: 0.0293 - full_mae_log_r: 0.0869 - full_mse_score: 1.3341 - trimmed_mse_score: 0.3691 - full_mae_score: 0.3379 - val_loss: 0.6596 - val_full_cross_entropy: 0.6596 - val_trimmed_cross_entropy: 0.6493 - val_full_mse_log_r: 0.0313 - val_trimmed_mse_log_r: 0.0308 - val_full_mae_log_r: 0.0884 - val_full_mse_score: 1.3347 - val_trimmed_mse_score: 0.3720 - val_full_mae_score: 0.3364
Epoch 28/50
398s - loss: 0.6582 - full_cross_entropy: 0.6582 - trimmed_cross_entropy: 0.6479 - full_mse_log_r: 0.0296 - trimmed_mse_log_r: 0.0291 - full_mae_log_r: 0.0869 - full_mse_score: 1.3297 - trimmed_mse_score: 0.3694 - full_mae_score: 0.3377 - val_loss: 0.6595 - val_full_cross_entropy: 0.6595 - val_trimmed_cross_entropy: 0.6492 - val_full_mse_log_r: 0.0297 - val_trimmed_mse_log_r: 0.0292 - val_full_mae_log_r: 0.0849 - val_full_mse_score: 1.3435 - val_trimmed_mse_score: 0.3754 - val_full_mae_score: 0.3377
Epoch 29/50
399s - loss: 0.6582 - full_cross_entropy: 0.6582 - trimmed_cross_entropy: 0.6479 - full_mse_log_r: 0.0294 - trimmed_mse_log_r: 0.0289 - full_mae_log_r: 0.0866 - full_mse_score: 1.3295 - trimmed_mse_score: 0.3689 - full_mae_score: 0.3381 - val_loss: 0.6595 - val_full_cross_entropy: 0.6595 - val_trimmed_cross_entropy: 0.6492 - val_full_mse_log_r: 0.0298 - val_trimmed_mse_log_r: 0.0294 - val_full_mae_log_r: 0.0886 - val_full_mse_score: 1.3282 - val_trimmed_mse_score: 0.3656 - val_full_mae_score: 0.3357
Epoch 30/50
398s - loss: 0.6581 - full_cross_entropy: 0.6581 - trimmed_cross_entropy: 0.6479 - full_mse_log_r: 0.0290 - trimmed_mse_log_r: 0.0286 - full_mae_log_r: 0.0862 - full_mse_score: 1.3230 - trimmed_mse_score: 0.3660 - full_mae_score: 0.3381 - val_loss: 0.6595 - val_full_cross_entropy: 0.6595 - val_trimmed_cross_entropy: 0.6492 - val_full_mse_log_r: 0.0296 - val_trimmed_mse_log_r: 0.0291 - val_full_mae_log_r: 0.0858 - val_full_mse_score: 1.3262 - val_trimmed_mse_score: 0.3675 - val_full_mae_score: 0.3363
Epoch 31/50
398s - loss: 0.6581 - full_cross_entropy: 0.6581 - trimmed_cross_entropy: 0.6478 - full_mse_log_r: 0.0289 - trimmed_mse_log_r: 0.0285 - full_mae_log_r: 0.0861 - full_mse_score: 1.3204 - trimmed_mse_score: 0.3677 - full_mae_score: 0.3378 - val_loss: 0.6595 - val_full_cross_entropy: 0.6595 - val_trimmed_cross_entropy: 0.6492 - val_full_mse_log_r: 0.0294 - val_trimmed_mse_log_r: 0.0289 - val_full_mae_log_r: 0.0856 - val_full_mse_score: 1.3268 - val_trimmed_mse_score: 0.3675 - val_full_mae_score: 0.3378
Epoch 32/50
399s - loss: 0.6581 - full_cross_entropy: 0.6581 - trimmed_cross_entropy: 0.6478 - full_mse_log_r: 0.0288 - trimmed_mse_log_r: 0.0283 - full_mae_log_r: 0.0860 - full_mse_score: 1.3177 - trimmed_mse_score: 0.3677 - full_mae_score: 0.3379 - val_loss: 0.6595 - val_full_cross_entropy: 0.6595 - val_trimmed_cross_entropy: 0.6492 - val_full_mse_log_r: 0.0296 - val_trimmed_mse_log_r: 0.0292 - val_full_mae_log_r: 0.0886 - val_full_mse_score: 1.3287 - val_trimmed_mse_score: 0.3677 - val_full_mae_score: 0.3373
Epoch 33/50
398s - loss: 0.6581 - full_cross_entropy: 0.6581 - trimmed_cross_entropy: 0.6478 - full_mse_log_r: 0.0287 - trimmed_mse_log_r: 0.0282 - full_mae_log_r: 0.0859 - full_mse_score: 1.3146 - trimmed_mse_score: 0.3652 - full_mae_score: 0.3380 - val_loss: 0.6595 - val_full_cross_entropy: 0.6595 - val_trimmed_cross_entropy: 0.6492 - val_full_mse_log_r: 0.0289 - val_trimmed_mse_log_r: 0.0285 - val_full_mae_log_r: 0.0862 - val_full_mse_score: 1.3440 - val_trimmed_mse_score: 0.3749 - val_full_mae_score: 0.3406
Epoch 34/50
399s - loss: 0.6580 - full_cross_entropy: 0.6580 - trimmed_cross_entropy: 0.6478 - full_mse_log_r: 0.0285 - trimmed_mse_log_r: 0.0281 - full_mae_log_r: 0.0858 - full_mse_score: 1.3160 - trimmed_mse_score: 0.3675 - full_mae_score: 0.3390 - val_loss: 0.6595 - val_full_cross_entropy: 0.6595 - val_trimmed_cross_entropy: 0.6492 - val_full_mse_log_r: 0.0290 - val_trimmed_mse_log_r: 0.0285 - val_full_mae_log_r: 0.0865 - val_full_mse_score: 1.3290 - val_trimmed_mse_score: 0.3667 - val_full_mae_score: 0.3363
Epoch 35/50
399s - loss: 0.6580 - full_cross_entropy: 0.6580 - trimmed_cross_entropy: 0.6477 - full_mse_log_r: 0.0284 - trimmed_mse_log_r: 0.0279 - full_mae_log_r: 0.0856 - full_mse_score: 1.3150 - trimmed_mse_score: 0.3658 - full_mae_score: 0.3388 - val_loss: 0.6594 - val_full_cross_entropy: 0.6594 - val_trimmed_cross_entropy: 0.6491 - val_full_mse_log_r: 0.0284 - val_trimmed_mse_log_r: 0.0280 - val_full_mae_log_r: 0.0849 - val_full_mse_score: 1.3447 - val_trimmed_mse_score: 0.3728 - val_full_mae_score: 0.3386
Epoch 36/50
399s - loss: 0.6580 - full_cross_entropy: 0.6580 - trimmed_cross_entropy: 0.6477 - full_mse_log_r: 0.0283 - trimmed_mse_log_r: 0.0278 - full_mae_log_r: 0.0856 - full_mse_score: 1.3129 - trimmed_mse_score: 0.3657 - full_mae_score: 0.3393 - val_loss: 0.6595 - val_full_cross_entropy: 0.6595 - val_trimmed_cross_entropy: 0.6492 - val_full_mse_log_r: 0.0290 - val_trimmed_mse_log_r: 0.0286 - val_full_mae_log_r: 0.0884 - val_full_mse_score: 1.3296 - val_trimmed_mse_score: 0.3693 - val_full_mae_score: 0.3394
Epoch 37/50
398s - loss: 0.6580 - full_cross_entropy: 0.6580 - trimmed_cross_entropy: 0.6477 - full_mse_log_r: 0.0283 - trimmed_mse_log_r: 0.0278 - full_mae_log_r: 0.0857 - full_mse_score: 1.3119 - trimmed_mse_score: 0.3666 - full_mae_score: 0.3394 - val_loss: 0.6594 - val_full_cross_entropy: 0.6594 - val_trimmed_cross_entropy: 0.6491 - val_full_mse_log_r: 0.0284 - val_trimmed_mse_log_r: 0.0280 - val_full_mae_log_r: 0.0846 - val_full_mse_score: 1.3161 - val_trimmed_mse_score: 0.3638 - val_full_mae_score: 0.3380
Epoch 38/50
399s - loss: 0.6579 - full_cross_entropy: 0.6579 - trimmed_cross_entropy: 0.6477 - full_mse_log_r: 0.0282 - trimmed_mse_log_r: 0.0277 - full_mae_log_r: 0.0856 - full_mse_score: 1.3108 - trimmed_mse_score: 0.3656 - full_mae_score: 0.3396 - val_loss: 0.6594 - val_full_cross_entropy: 0.6594 - val_trimmed_cross_entropy: 0.6491 - val_full_mse_log_r: 0.0282 - val_trimmed_mse_log_r: 0.0278 - val_full_mae_log_r: 0.0847 - val_full_mse_score: 1.3186 - val_trimmed_mse_score: 0.3649 - val_full_mae_score: 0.3389
Epoch 39/50
398s - loss: 0.6579 - full_cross_entropy: 0.6579 - trimmed_cross_entropy: 0.6477 - full_mse_log_r: 0.0281 - trimmed_mse_log_r: 0.0276 - full_mae_log_r: 0.0855 - full_mse_score: 1.3089 - trimmed_mse_score: 0.3641 - full_mae_score: 0.3399 - val_loss: 0.6595 - val_full_cross_entropy: 0.6595 - val_trimmed_cross_entropy: 0.6492 - val_full_mse_log_r: 0.0289 - val_trimmed_mse_log_r: 0.0285 - val_full_mae_log_r: 0.0885 - val_full_mse_score: 1.3263 - val_trimmed_mse_score: 0.3683 - val_full_mae_score: 0.3406
Epoch 40/50
398s - loss: 0.6579 - full_cross_entropy: 0.6579 - trimmed_cross_entropy: 0.6476 - full_mse_log_r: 0.0281 - trimmed_mse_log_r: 0.0276 - full_mae_log_r: 0.0858 - full_mse_score: 1.3107 - trimmed_mse_score: 0.3633 - full_mae_score: 0.3407 - val_loss: 0.6594 - val_full_cross_entropy: 0.6594 - val_trimmed_cross_entropy: 0.6491 - val_full_mse_log_r: 0.0285 - val_trimmed_mse_log_r: 0.0280 - val_full_mae_log_r: 0.0851 - val_full_mse_score: 1.3080 - val_trimmed_mse_score: 0.3610 - val_full_mae_score: 0.3387
Epoch 41/50
399s - loss: 0.6579 - full_cross_entropy: 0.6579 - trimmed_cross_entropy: 0.6476 - full_mse_log_r: 0.0280 - trimmed_mse_log_r: 0.0275 - full_mae_log_r: 0.0856 - full_mse_score: 1.3064 - trimmed_mse_score: 0.3608 - full_mae_score: 0.3403 - val_loss: 0.6594 - val_full_cross_entropy: 0.6594 - val_trimmed_cross_entropy: 0.6491 - val_full_mse_log_r: 0.0283 - val_trimmed_mse_log_r: 0.0278 - val_full_mae_log_r: 0.0852 - val_full_mse_score: 1.3157 - val_trimmed_mse_score: 0.3653 - val_full_mae_score: 0.3408
Epoch 42/50
399s - loss: 0.6579 - full_cross_entropy: 0.6579 - trimmed_cross_entropy: 0.6476 - full_mse_log_r: 0.0280 - trimmed_mse_log_r: 0.0275 - full_mae_log_r: 0.0857 - full_mse_score: 1.3047 - trimmed_mse_score: 0.3615 - full_mae_score: 0.3409 - val_loss: 0.6594 - val_full_cross_entropy: 0.6594 - val_trimmed_cross_entropy: 0.6491 - val_full_mse_log_r: 0.0283 - val_trimmed_mse_log_r: 0.0279 - val_full_mae_log_r: 0.0857 - val_full_mse_score: 1.3325 - val_trimmed_mse_score: 0.3705 - val_full_mae_score: 0.3417
Epoch 43/50
398s - loss: 0.6579 - full_cross_entropy: 0.6579 - trimmed_cross_entropy: 0.6476 - full_mse_log_r: 0.0280 - trimmed_mse_log_r: 0.0275 - full_mae_log_r: 0.0858 - full_mse_score: 1.3068 - trimmed_mse_score: 0.3635 - full_mae_score: 0.3414 - val_loss: 0.6594 - val_full_cross_entropy: 0.6594 - val_trimmed_cross_entropy: 0.6491 - val_full_mse_log_r: 0.0283 - val_trimmed_mse_log_r: 0.0279 - val_full_mae_log_r: 0.0858 - val_full_mse_score: 1.3185 - val_trimmed_mse_score: 0.3669 - val_full_mae_score: 0.3415
Epoch 44/50
398s - loss: 0.6579 - full_cross_entropy: 0.6579 - trimmed_cross_entropy: 0.6476 - full_mse_log_r: 0.0279 - trimmed_mse_log_r: 0.0275 - full_mae_log_r: 0.0858 - full_mse_score: 1.3051 - trimmed_mse_score: 0.3636 - full_mae_score: 0.3419 - val_loss: 0.6594 - val_full_cross_entropy: 0.6594 - val_trimmed_cross_entropy: 0.6491 - val_full_mse_log_r: 0.0283 - val_trimmed_mse_log_r: 0.0278 - val_full_mae_log_r: 0.0854 - val_full_mse_score: 1.3221 - val_trimmed_mse_score: 0.3669 - val_full_mae_score: 0.3408
Epoch 45/50
398s - loss: 0.6578 - full_cross_entropy: 0.6578 - trimmed_cross_entropy: 0.6476 - full_mse_log_r: 0.0279 - trimmed_mse_log_r: 0.0274 - full_mae_log_r: 0.0858 - full_mse_score: 1.3054 - trimmed_mse_score: 0.3625 - full_mae_score: 0.3418 - val_loss: 0.6594 - val_full_cross_entropy: 0.6594 - val_trimmed_cross_entropy: 0.6491 - val_full_mse_log_r: 0.0281 - val_trimmed_mse_log_r: 0.0277 - val_full_mae_log_r: 0.0859 - val_full_mse_score: 1.3234 - val_trimmed_mse_score: 0.3685 - val_full_mae_score: 0.3426
Epoch 46/50
398s - loss: 0.6578 - full_cross_entropy: 0.6578 - trimmed_cross_entropy: 0.6476 - full_mse_log_r: 0.0279 - trimmed_mse_log_r: 0.0274 - full_mae_log_r: 0.0860 - full_mse_score: 1.3066 - trimmed_mse_score: 0.3657 - full_mae_score: 0.3425 - val_loss: 0.6594 - val_full_cross_entropy: 0.6594 - val_trimmed_cross_entropy: 0.6491 - val_full_mse_log_r: 0.0282 - val_trimmed_mse_log_r: 0.0278 - val_full_mae_log_r: 0.0856 - val_full_mse_score: 1.3158 - val_trimmed_mse_score: 0.3646 - val_full_mae_score: 0.3410
Epoch 47/50
399s - loss: 0.6578 - full_cross_entropy: 0.6578 - trimmed_cross_entropy: 0.6475 - full_mse_log_r: 0.0278 - trimmed_mse_log_r: 0.0274 - full_mae_log_r: 0.0858 - full_mse_score: 1.3048 - trimmed_mse_score: 0.3626 - full_mae_score: 0.3423 - val_loss: 0.6594 - val_full_cross_entropy: 0.6594 - val_trimmed_cross_entropy: 0.6491 - val_full_mse_log_r: 0.0284 - val_trimmed_mse_log_r: 0.0280 - val_full_mae_log_r: 0.0863 - val_full_mse_score: 1.3110 - val_trimmed_mse_score: 0.3646 - val_full_mae_score: 0.3425
Epoch 48/50
398s - loss: 0.6578 - full_cross_entropy: 0.6578 - trimmed_cross_entropy: 0.6475 - full_mse_log_r: 0.0279 - trimmed_mse_log_r: 0.0274 - full_mae_log_r: 0.0861 - full_mse_score: 1.3023 - trimmed_mse_score: 0.3613 - full_mae_score: 0.3426 - val_loss: 0.6594 - val_full_cross_entropy: 0.6594 - val_trimmed_cross_entropy: 0.6491 - val_full_mse_log_r: 0.0283 - val_trimmed_mse_log_r: 0.0278 - val_full_mae_log_r: 0.0860 - val_full_mse_score: 1.3135 - val_trimmed_mse_score: 0.3651 - val_full_mae_score: 0.3425
Epoch 49/50
398s - loss: 0.6578 - full_cross_entropy: 0.6578 - trimmed_cross_entropy: 0.6475 - full_mse_log_r: 0.0278 - trimmed_mse_log_r: 0.0273 - full_mae_log_r: 0.0859 - full_mse_score: 1.3028 - trimmed_mse_score: 0.3654 - full_mae_score: 0.3427 - val_loss: 0.6594 - val_full_cross_entropy: 0.6594 - val_trimmed_cross_entropy: 0.6491 - val_full_mse_log_r: 0.0281 - val_trimmed_mse_log_r: 0.0277 - val_full_mae_log_r: 0.0861 - val_full_mse_score: 1.3202 - val_trimmed_mse_score: 0.3671 - val_full_mae_score: 0.3426
Epoch 00048: early stopping
20.02.2018 12:19:41 INFO    Starting evaluation
20.02.2018 12:41:26 INFO    Starting roaming
20.02.2018 12:41:32 INFO    Starting calibrated evaluation and roaming
