Using TensorFlow backend.
16.03.2018 14:09:53 INFO    Hi! How are you today?
16.03.2018 14:09:53 INFO    Startup options:
16.03.2018 14:09:53 INFO      Algorithm:                     carl
16.03.2018 14:09:53 INFO      Point by point:                False
16.03.2018 14:09:53 INFO      Morphing-aware mode:           False
16.03.2018 14:09:53 INFO      Smeared data:                  False
16.03.2018 14:09:53 INFO      Training sample:               baseline
16.03.2018 14:09:53 INFO      alpha:                         None
16.03.2018 14:09:53 INFO      Histogram / AFC X indices:     [1, 38, 39, 40, 41]
16.03.2018 14:09:53 INFO      AFC epsilon:                   None
16.03.2018 14:09:53 INFO      Denominator theta:             False
16.03.2018 14:09:53 INFO      Neyman construction toys:      4
16.03.2018 14:09:53 INFO      Other options:                 ['shallow']
16.03.2018 14:09:53 INFO      Base directory:                /home/jb6504/higgs_inference
16.03.2018 14:09:53 INFO      ML-based strategies available: True
16.03.2018 14:09:53 INFO    Starting parameterized inference
16.03.2018 14:09:53 INFO    Main settings:
16.03.2018 14:09:53 INFO      Algorithm:                carl
16.03.2018 14:09:53 INFO      Morphing-aware:           False
16.03.2018 14:09:53 INFO      Training sample:          baseline
16.03.2018 14:09:53 INFO      Denominator theta:        denominator 4 = theta 202 = [-0.61739298  0.62951258]
16.03.2018 14:09:53 INFO    Options:
16.03.2018 14:09:53 INFO      Number of hidden layers:  2
16.03.2018 14:09:53 INFO      Batch size:               128
16.03.2018 14:09:53 INFO      Learning rate:            0.001
16.03.2018 14:09:53 INFO      Learning rate decay:      0.0921034037198
16.03.2018 14:09:53 INFO      Number of epochs:         50
16.03.2018 14:09:53 INFO      NC experiments:           False
16.03.2018 14:09:53 INFO      Debug mode:               False
16.03.2018 14:10:20 INFO    Starting training
Train on 7999998 samples, validate on 2000000 samples
2018-03-16 14:10:20.645640: W tensorflow/core/platform/cpu_feature_guard.cc:45] The TensorFlow library wasn't compiled to use SSE4.1 instructions, but these are available on your machine and could speed up CPU computations.
2018-03-16 14:10:20.645989: W tensorflow/core/platform/cpu_feature_guard.cc:45] The TensorFlow library wasn't compiled to use SSE4.2 instructions, but these are available on your machine and could speed up CPU computations.
2018-03-16 14:10:20.645997: W tensorflow/core/platform/cpu_feature_guard.cc:45] The TensorFlow library wasn't compiled to use AVX instructions, but these are available on your machine and could speed up CPU computations.
2018-03-16 14:10:20.646001: W tensorflow/core/platform/cpu_feature_guard.cc:45] The TensorFlow library wasn't compiled to use AVX2 instructions, but these are available on your machine and could speed up CPU computations.
2018-03-16 14:10:20.646004: W tensorflow/core/platform/cpu_feature_guard.cc:45] The TensorFlow library wasn't compiled to use FMA instructions, but these are available on your machine and could speed up CPU computations.
2018-03-16 14:10:20.985047: I tensorflow/core/common_runtime/gpu/gpu_device.cc:940] Found device 0 with properties: 
name: Tesla P40
major: 6 minor: 1 memoryClockRate (GHz) 1.531
pciBusID 0000:05:00.0
Total memory: 22.38GiB
Free memory: 22.21GiB
2018-03-16 14:10:20.985081: I tensorflow/core/common_runtime/gpu/gpu_device.cc:961] DMA: 0 
2018-03-16 14:10:20.985086: I tensorflow/core/common_runtime/gpu/gpu_device.cc:971] 0:   Y 
2018-03-16 14:10:20.985095: I tensorflow/core/common_runtime/gpu/gpu_device.cc:1030] Creating TensorFlow device (/gpu:0) -> (device: 0, name: Tesla P40, pci bus id: 0000:05:00.0)
Epoch 1/50
372s - loss: 0.6466 - full_cross_entropy: 0.6466 - trimmed_cross_entropy: 0.6365 - full_mse_log_r: 0.2100 - trimmed_mse_log_r: 0.2067 - full_mae_log_r: 0.2231 - full_mse_score: 7.6966 - trimmed_mse_score: 0.9113 - full_mae_score: 0.4411 - val_loss: 0.6425 - val_full_cross_entropy: 0.6425 - val_trimmed_cross_entropy: 0.6324 - val_full_mse_log_r: 0.1335 - val_trimmed_mse_log_r: 0.1314 - val_full_mae_log_r: 0.1735 - val_full_mse_score: 5.6836 - val_trimmed_mse_score: 0.7938 - val_full_mae_score: 0.4130
Epoch 2/50
370s - loss: 0.6422 - full_cross_entropy: 0.6422 - trimmed_cross_entropy: 0.6322 - full_mse_log_r: 0.1281 - trimmed_mse_log_r: 0.1261 - full_mae_log_r: 0.1751 - full_mse_score: 7.4689 - trimmed_mse_score: 0.7547 - full_mae_score: 0.4084 - val_loss: 0.6423 - val_full_cross_entropy: 0.6423 - val_trimmed_cross_entropy: 0.6323 - val_full_mse_log_r: 0.1285 - val_trimmed_mse_log_r: 0.1265 - val_full_mae_log_r: 0.1756 - val_full_mse_score: 5.6437 - val_trimmed_mse_score: 0.7699 - val_full_mae_score: 0.4125
Epoch 3/50
371s - loss: 0.6414 - full_cross_entropy: 0.6414 - trimmed_cross_entropy: 0.6313 - full_mse_log_r: 0.1133 - trimmed_mse_log_r: 0.1115 - full_mae_log_r: 0.1646 - full_mse_score: 7.4334 - trimmed_mse_score: 0.7442 - full_mae_score: 0.4090 - val_loss: 0.6412 - val_full_cross_entropy: 0.6412 - val_trimmed_cross_entropy: 0.6311 - val_full_mse_log_r: 0.1083 - val_trimmed_mse_log_r: 0.1066 - val_full_mae_log_r: 0.1529 - val_full_mse_score: 5.5591 - val_trimmed_mse_score: 0.7253 - val_full_mae_score: 0.4115
Epoch 4/50
370s - loss: 0.6409 - full_cross_entropy: 0.6409 - trimmed_cross_entropy: 0.6309 - full_mse_log_r: 0.1045 - trimmed_mse_log_r: 0.1028 - full_mae_log_r: 0.1584 - full_mse_score: 7.4133 - trimmed_mse_score: 0.7307 - full_mae_score: 0.4081 - val_loss: 0.6408 - val_full_cross_entropy: 0.6408 - val_trimmed_cross_entropy: 0.6308 - val_full_mse_log_r: 0.1013 - val_trimmed_mse_log_r: 0.0997 - val_full_mae_log_r: 0.1527 - val_full_mse_score: 5.6015 - val_trimmed_mse_score: 0.7354 - val_full_mae_score: 0.3993
Epoch 5/50
383s - loss: 0.6405 - full_cross_entropy: 0.6405 - trimmed_cross_entropy: 0.6305 - full_mse_log_r: 0.0982 - trimmed_mse_log_r: 0.0966 - full_mae_log_r: 0.1524 - full_mse_score: 7.3852 - trimmed_mse_score: 0.7215 - full_mae_score: 0.4081 - val_loss: 0.6404 - val_full_cross_entropy: 0.6404 - val_trimmed_cross_entropy: 0.6304 - val_full_mse_log_r: 0.0959 - val_trimmed_mse_log_r: 0.0944 - val_full_mae_log_r: 0.1440 - val_full_mse_score: 5.6620 - val_trimmed_mse_score: 0.7763 - val_full_mae_score: 0.4151
Epoch 6/50
387s - loss: 0.6402 - full_cross_entropy: 0.6402 - trimmed_cross_entropy: 0.6302 - full_mse_log_r: 0.0929 - trimmed_mse_log_r: 0.0914 - full_mae_log_r: 0.1480 - full_mse_score: 7.3575 - trimmed_mse_score: 0.7053 - full_mae_score: 0.4077 - val_loss: 0.6399 - val_full_cross_entropy: 0.6399 - val_trimmed_cross_entropy: 0.6299 - val_full_mse_log_r: 0.0857 - val_trimmed_mse_log_r: 0.0844 - val_full_mae_log_r: 0.1352 - val_full_mse_score: 5.5164 - val_trimmed_mse_score: 0.6945 - val_full_mae_score: 0.4018
Epoch 7/50
387s - loss: 0.6399 - full_cross_entropy: 0.6399 - trimmed_cross_entropy: 0.6299 - full_mse_log_r: 0.0883 - trimmed_mse_log_r: 0.0869 - full_mae_log_r: 0.1432 - full_mse_score: 7.3399 - trimmed_mse_score: 0.7013 - full_mae_score: 0.4067 - val_loss: 0.6402 - val_full_cross_entropy: 0.6402 - val_trimmed_cross_entropy: 0.6302 - val_full_mse_log_r: 0.0896 - val_trimmed_mse_log_r: 0.0882 - val_full_mae_log_r: 0.1368 - val_full_mse_score: 5.4769 - val_trimmed_mse_score: 0.6951 - val_full_mae_score: 0.4051
Epoch 8/50
387s - loss: 0.6396 - full_cross_entropy: 0.6396 - trimmed_cross_entropy: 0.6296 - full_mse_log_r: 0.0847 - trimmed_mse_log_r: 0.0834 - full_mae_log_r: 0.1398 - full_mse_score: 7.3290 - trimmed_mse_score: 0.6925 - full_mae_score: 0.4032 - val_loss: 0.6407 - val_full_cross_entropy: 0.6407 - val_trimmed_cross_entropy: 0.6307 - val_full_mse_log_r: 0.0915 - val_trimmed_mse_log_r: 0.0901 - val_full_mae_log_r: 0.1557 - val_full_mse_score: 5.4436 - val_trimmed_mse_score: 0.6635 - val_full_mae_score: 0.4016
Epoch 9/50
387s - loss: 0.6394 - full_cross_entropy: 0.6394 - trimmed_cross_entropy: 0.6294 - full_mse_log_r: 0.0811 - trimmed_mse_log_r: 0.0798 - full_mae_log_r: 0.1364 - full_mse_score: 7.2959 - trimmed_mse_score: 0.6759 - full_mae_score: 0.4022 - val_loss: 0.6404 - val_full_cross_entropy: 0.6404 - val_trimmed_cross_entropy: 0.6303 - val_full_mse_log_r: 0.0882 - val_trimmed_mse_log_r: 0.0869 - val_full_mae_log_r: 0.1520 - val_full_mse_score: 5.3870 - val_trimmed_mse_score: 0.6445 - val_full_mae_score: 0.3930
Epoch 10/50
387s - loss: 0.6392 - full_cross_entropy: 0.6392 - trimmed_cross_entropy: 0.6292 - full_mse_log_r: 0.0782 - trimmed_mse_log_r: 0.0769 - full_mae_log_r: 0.1333 - full_mse_score: 7.2782 - trimmed_mse_score: 0.6727 - full_mae_score: 0.4009 - val_loss: 0.6399 - val_full_cross_entropy: 0.6399 - val_trimmed_cross_entropy: 0.6299 - val_full_mse_log_r: 0.0754 - val_trimmed_mse_log_r: 0.0743 - val_full_mae_log_r: 0.1386 - val_full_mse_score: 5.4056 - val_trimmed_mse_score: 0.6466 - val_full_mae_score: 0.3920
Epoch 11/50
387s - loss: 0.6390 - full_cross_entropy: 0.6390 - trimmed_cross_entropy: 0.6290 - full_mse_log_r: 0.0754 - trimmed_mse_log_r: 0.0742 - full_mae_log_r: 0.1305 - full_mse_score: 7.2599 - trimmed_mse_score: 0.6531 - full_mae_score: 0.3982 - val_loss: 0.6397 - val_full_cross_entropy: 0.6397 - val_trimmed_cross_entropy: 0.6297 - val_full_mse_log_r: 0.0746 - val_trimmed_mse_log_r: 0.0734 - val_full_mae_log_r: 0.1334 - val_full_mse_score: 5.4266 - val_trimmed_mse_score: 0.6531 - val_full_mae_score: 0.3977
Epoch 12/50
387s - loss: 0.6388 - full_cross_entropy: 0.6388 - trimmed_cross_entropy: 0.6289 - full_mse_log_r: 0.0729 - trimmed_mse_log_r: 0.0718 - full_mae_log_r: 0.1276 - full_mse_score: 7.2475 - trimmed_mse_score: 0.6538 - full_mae_score: 0.3979 - val_loss: 0.6395 - val_full_cross_entropy: 0.6395 - val_trimmed_cross_entropy: 0.6295 - val_full_mse_log_r: 0.0708 - val_trimmed_mse_log_r: 0.0697 - val_full_mae_log_r: 0.1211 - val_full_mse_score: 5.4350 - val_trimmed_mse_score: 0.6562 - val_full_mae_score: 0.3928
Epoch 13/50
387s - loss: 0.6387 - full_cross_entropy: 0.6387 - trimmed_cross_entropy: 0.6287 - full_mse_log_r: 0.0707 - trimmed_mse_log_r: 0.0696 - full_mae_log_r: 0.1251 - full_mse_score: 7.2350 - trimmed_mse_score: 0.6463 - full_mae_score: 0.3950 - val_loss: 0.6393 - val_full_cross_entropy: 0.6393 - val_trimmed_cross_entropy: 0.6293 - val_full_mse_log_r: 0.0687 - val_trimmed_mse_log_r: 0.0676 - val_full_mae_log_r: 0.1200 - val_full_mse_score: 5.3867 - val_trimmed_mse_score: 0.6388 - val_full_mae_score: 0.3959
Epoch 14/50
387s - loss: 0.6385 - full_cross_entropy: 0.6385 - trimmed_cross_entropy: 0.6286 - full_mse_log_r: 0.0690 - trimmed_mse_log_r: 0.0679 - full_mae_log_r: 0.1231 - full_mse_score: 7.2215 - trimmed_mse_score: 0.6340 - full_mae_score: 0.3934 - val_loss: 0.6392 - val_full_cross_entropy: 0.6392 - val_trimmed_cross_entropy: 0.6292 - val_full_mse_log_r: 0.0664 - val_trimmed_mse_log_r: 0.0653 - val_full_mae_log_r: 0.1154 - val_full_mse_score: 5.4320 - val_trimmed_mse_score: 0.6541 - val_full_mae_score: 0.3909
Epoch 15/50
387s - loss: 0.6384 - full_cross_entropy: 0.6384 - trimmed_cross_entropy: 0.6284 - full_mse_log_r: 0.0672 - trimmed_mse_log_r: 0.0661 - full_mae_log_r: 0.1211 - full_mse_score: 7.2035 - trimmed_mse_score: 0.6377 - full_mae_score: 0.3919 - val_loss: 0.6391 - val_full_cross_entropy: 0.6391 - val_trimmed_cross_entropy: 0.6291 - val_full_mse_log_r: 0.0653 - val_trimmed_mse_log_r: 0.0643 - val_full_mae_log_r: 0.1148 - val_full_mse_score: 5.3557 - val_trimmed_mse_score: 0.6198 - val_full_mae_score: 0.3881
Epoch 16/50
387s - loss: 0.6383 - full_cross_entropy: 0.6383 - trimmed_cross_entropy: 0.6283 - full_mse_log_r: 0.0656 - trimmed_mse_log_r: 0.0646 - full_mae_log_r: 0.1192 - full_mse_score: 7.1951 - trimmed_mse_score: 0.6215 - full_mae_score: 0.3913 - val_loss: 0.6390 - val_full_cross_entropy: 0.6390 - val_trimmed_cross_entropy: 0.6291 - val_full_mse_log_r: 0.0632 - val_trimmed_mse_log_r: 0.0622 - val_full_mae_log_r: 0.1120 - val_full_mse_score: 5.3419 - val_trimmed_mse_score: 0.6167 - val_full_mae_score: 0.3877
Epoch 17/50
387s - loss: 0.6382 - full_cross_entropy: 0.6382 - trimmed_cross_entropy: 0.6282 - full_mse_log_r: 0.0641 - trimmed_mse_log_r: 0.0631 - full_mae_log_r: 0.1174 - full_mse_score: 7.1847 - trimmed_mse_score: 0.6252 - full_mae_score: 0.3896 - val_loss: 0.6392 - val_full_cross_entropy: 0.6392 - val_trimmed_cross_entropy: 0.6292 - val_full_mse_log_r: 0.0646 - val_trimmed_mse_log_r: 0.0636 - val_full_mae_log_r: 0.1196 - val_full_mse_score: 5.3004 - val_trimmed_mse_score: 0.6034 - val_full_mae_score: 0.3837
Epoch 18/50
387s - loss: 0.6381 - full_cross_entropy: 0.6381 - trimmed_cross_entropy: 0.6281 - full_mse_log_r: 0.0629 - trimmed_mse_log_r: 0.0620 - full_mae_log_r: 0.1160 - full_mse_score: 7.1678 - trimmed_mse_score: 0.6095 - full_mae_score: 0.3874 - val_loss: 0.6391 - val_full_cross_entropy: 0.6391 - val_trimmed_cross_entropy: 0.6291 - val_full_mse_log_r: 0.0611 - val_trimmed_mse_log_r: 0.0601 - val_full_mae_log_r: 0.1114 - val_full_mse_score: 5.3249 - val_trimmed_mse_score: 0.6102 - val_full_mae_score: 0.3824
Epoch 19/50
387s - loss: 0.6380 - full_cross_entropy: 0.6380 - trimmed_cross_entropy: 0.6280 - full_mse_log_r: 0.0621 - trimmed_mse_log_r: 0.0611 - full_mae_log_r: 0.1151 - full_mse_score: 7.1624 - trimmed_mse_score: 0.6132 - full_mae_score: 0.3872 - val_loss: 0.6391 - val_full_cross_entropy: 0.6391 - val_trimmed_cross_entropy: 0.6292 - val_full_mse_log_r: 0.0614 - val_trimmed_mse_log_r: 0.0605 - val_full_mae_log_r: 0.1167 - val_full_mse_score: 5.2898 - val_trimmed_mse_score: 0.5898 - val_full_mae_score: 0.3774
Epoch 20/50
387s - loss: 0.6379 - full_cross_entropy: 0.6379 - trimmed_cross_entropy: 0.6279 - full_mse_log_r: 0.0609 - trimmed_mse_log_r: 0.0599 - full_mae_log_r: 0.1135 - full_mse_score: 7.1496 - trimmed_mse_score: 0.5969 - full_mae_score: 0.3857 - val_loss: 0.6390 - val_full_cross_entropy: 0.6390 - val_trimmed_cross_entropy: 0.6290 - val_full_mse_log_r: 0.0602 - val_trimmed_mse_log_r: 0.0593 - val_full_mae_log_r: 0.1120 - val_full_mse_score: 5.2754 - val_trimmed_mse_score: 0.5966 - val_full_mae_score: 0.3832
Epoch 21/50
387s - loss: 0.6378 - full_cross_entropy: 0.6378 - trimmed_cross_entropy: 0.6279 - full_mse_log_r: 0.0599 - trimmed_mse_log_r: 0.0589 - full_mae_log_r: 0.1122 - full_mse_score: 7.1360 - trimmed_mse_score: 0.6016 - full_mae_score: 0.3848 - val_loss: 0.6390 - val_full_cross_entropy: 0.6390 - val_trimmed_cross_entropy: 0.6291 - val_full_mse_log_r: 0.0597 - val_trimmed_mse_log_r: 0.0588 - val_full_mae_log_r: 0.1115 - val_full_mse_score: 5.3075 - val_trimmed_mse_score: 0.6059 - val_full_mae_score: 0.3860
Epoch 22/50
387s - loss: 0.6378 - full_cross_entropy: 0.6378 - trimmed_cross_entropy: 0.6278 - full_mse_log_r: 0.0589 - trimmed_mse_log_r: 0.0580 - full_mae_log_r: 0.1112 - full_mse_score: 7.1348 - trimmed_mse_score: 0.6040 - full_mae_score: 0.3842 - val_loss: 0.6390 - val_full_cross_entropy: 0.6390 - val_trimmed_cross_entropy: 0.6290 - val_full_mse_log_r: 0.0582 - val_trimmed_mse_log_r: 0.0573 - val_full_mae_log_r: 0.1099 - val_full_mse_score: 5.2686 - val_trimmed_mse_score: 0.5871 - val_full_mae_score: 0.3762
Epoch 23/50
387s - loss: 0.6377 - full_cross_entropy: 0.6377 - trimmed_cross_entropy: 0.6277 - full_mse_log_r: 0.0581 - trimmed_mse_log_r: 0.0572 - full_mae_log_r: 0.1104 - full_mse_score: 7.1206 - trimmed_mse_score: 0.5861 - full_mae_score: 0.3835 - val_loss: 0.6389 - val_full_cross_entropy: 0.6389 - val_trimmed_cross_entropy: 0.6289 - val_full_mse_log_r: 0.0569 - val_trimmed_mse_log_r: 0.0560 - val_full_mae_log_r: 0.1070 - val_full_mse_score: 5.2644 - val_trimmed_mse_score: 0.5853 - val_full_mae_score: 0.3767
Epoch 24/50
387s - loss: 0.6376 - full_cross_entropy: 0.6376 - trimmed_cross_entropy: 0.6277 - full_mse_log_r: 0.0575 - trimmed_mse_log_r: 0.0566 - full_mae_log_r: 0.1096 - full_mse_score: 7.1169 - trimmed_mse_score: 0.5838 - full_mae_score: 0.3829 - val_loss: 0.6388 - val_full_cross_entropy: 0.6388 - val_trimmed_cross_entropy: 0.6289 - val_full_mse_log_r: 0.0565 - val_trimmed_mse_log_r: 0.0556 - val_full_mae_log_r: 0.1081 - val_full_mse_score: 5.2496 - val_trimmed_mse_score: 0.5774 - val_full_mae_score: 0.3786
Epoch 25/50
387s - loss: 0.6376 - full_cross_entropy: 0.6376 - trimmed_cross_entropy: 0.6276 - full_mse_log_r: 0.0568 - trimmed_mse_log_r: 0.0559 - full_mae_log_r: 0.1088 - full_mse_score: 7.1093 - trimmed_mse_score: 0.6011 - full_mae_score: 0.3830 - val_loss: 0.6389 - val_full_cross_entropy: 0.6389 - val_trimmed_cross_entropy: 0.6289 - val_full_mse_log_r: 0.0557 - val_trimmed_mse_log_r: 0.0548 - val_full_mae_log_r: 0.1094 - val_full_mse_score: 5.3031 - val_trimmed_mse_score: 0.5969 - val_full_mae_score: 0.3808
Epoch 26/50
387s - loss: 0.6375 - full_cross_entropy: 0.6375 - trimmed_cross_entropy: 0.6276 - full_mse_log_r: 0.0562 - trimmed_mse_log_r: 0.0553 - full_mae_log_r: 0.1083 - full_mse_score: 7.1005 - trimmed_mse_score: 0.6013 - full_mae_score: 0.3824 - val_loss: 0.6388 - val_full_cross_entropy: 0.6388 - val_trimmed_cross_entropy: 0.6288 - val_full_mse_log_r: 0.0553 - val_trimmed_mse_log_r: 0.0544 - val_full_mae_log_r: 0.1066 - val_full_mse_score: 5.2497 - val_trimmed_mse_score: 0.5793 - val_full_mae_score: 0.3798
Epoch 27/50
387s - loss: 0.6375 - full_cross_entropy: 0.6375 - trimmed_cross_entropy: 0.6275 - full_mse_log_r: 0.0557 - trimmed_mse_log_r: 0.0548 - full_mae_log_r: 0.1077 - full_mse_score: 7.0971 - trimmed_mse_score: 0.5835 - full_mae_score: 0.3827 - val_loss: 0.6389 - val_full_cross_entropy: 0.6389 - val_trimmed_cross_entropy: 0.6289 - val_full_mse_log_r: 0.0548 - val_trimmed_mse_log_r: 0.0540 - val_full_mae_log_r: 0.1073 - val_full_mse_score: 5.2916 - val_trimmed_mse_score: 0.5941 - val_full_mae_score: 0.3813
Epoch 28/50
387s - loss: 0.6374 - full_cross_entropy: 0.6374 - trimmed_cross_entropy: 0.6275 - full_mse_log_r: 0.0551 - trimmed_mse_log_r: 0.0542 - full_mae_log_r: 0.1070 - full_mse_score: 7.0917 - trimmed_mse_score: 0.5819 - full_mae_score: 0.3825 - val_loss: 0.6389 - val_full_cross_entropy: 0.6389 - val_trimmed_cross_entropy: 0.6289 - val_full_mse_log_r: 0.0556 - val_trimmed_mse_log_r: 0.0547 - val_full_mae_log_r: 0.1079 - val_full_mse_score: 5.2238 - val_trimmed_mse_score: 0.5714 - val_full_mae_score: 0.3785
Epoch 29/50
387s - loss: 0.6374 - full_cross_entropy: 0.6374 - trimmed_cross_entropy: 0.6274 - full_mse_log_r: 0.0547 - trimmed_mse_log_r: 0.0539 - full_mae_log_r: 0.1067 - full_mse_score: 7.0847 - trimmed_mse_score: 0.5705 - full_mae_score: 0.3827 - val_loss: 0.6388 - val_full_cross_entropy: 0.6388 - val_trimmed_cross_entropy: 0.6288 - val_full_mse_log_r: 0.0545 - val_trimmed_mse_log_r: 0.0537 - val_full_mae_log_r: 0.1059 - val_full_mse_score: 5.2285 - val_trimmed_mse_score: 0.5737 - val_full_mae_score: 0.3793
Epoch 30/50
387s - loss: 0.6374 - full_cross_entropy: 0.6374 - trimmed_cross_entropy: 0.6274 - full_mse_log_r: 0.0543 - trimmed_mse_log_r: 0.0534 - full_mae_log_r: 0.1063 - full_mse_score: 7.0783 - trimmed_mse_score: 0.5746 - full_mae_score: 0.3830 - val_loss: 0.6388 - val_full_cross_entropy: 0.6388 - val_trimmed_cross_entropy: 0.6288 - val_full_mse_log_r: 0.0542 - val_trimmed_mse_log_r: 0.0533 - val_full_mae_log_r: 0.1074 - val_full_mse_score: 5.2346 - val_trimmed_mse_score: 0.5708 - val_full_mae_score: 0.3772
Epoch 31/50
387s - loss: 0.6373 - full_cross_entropy: 0.6373 - trimmed_cross_entropy: 0.6274 - full_mse_log_r: 0.0539 - trimmed_mse_log_r: 0.0531 - full_mae_log_r: 0.1057 - full_mse_score: 7.0762 - trimmed_mse_score: 0.5758 - full_mae_score: 0.3821 - val_loss: 0.6389 - val_full_cross_entropy: 0.6389 - val_trimmed_cross_entropy: 0.6289 - val_full_mse_log_r: 0.0541 - val_trimmed_mse_log_r: 0.0533 - val_full_mae_log_r: 0.1080 - val_full_mse_score: 5.2508 - val_trimmed_mse_score: 0.5798 - val_full_mae_score: 0.3804
Epoch 32/50
387s - loss: 0.6373 - full_cross_entropy: 0.6373 - trimmed_cross_entropy: 0.6273 - full_mse_log_r: 0.0537 - trimmed_mse_log_r: 0.0528 - full_mae_log_r: 0.1056 - full_mse_score: 7.0751 - trimmed_mse_score: 0.5667 - full_mae_score: 0.3831 - val_loss: 0.6387 - val_full_cross_entropy: 0.6387 - val_trimmed_cross_entropy: 0.6288 - val_full_mse_log_r: 0.0538 - val_trimmed_mse_log_r: 0.0529 - val_full_mae_log_r: 0.1043 - val_full_mse_score: 5.1947 - val_trimmed_mse_score: 0.5610 - val_full_mae_score: 0.3770
Epoch 33/50
387s - loss: 0.6373 - full_cross_entropy: 0.6373 - trimmed_cross_entropy: 0.6273 - full_mse_log_r: 0.0534 - trimmed_mse_log_r: 0.0525 - full_mae_log_r: 0.1054 - full_mse_score: 7.0711 - trimmed_mse_score: 0.5718 - full_mae_score: 0.3827 - val_loss: 0.6388 - val_full_cross_entropy: 0.6388 - val_trimmed_cross_entropy: 0.6288 - val_full_mse_log_r: 0.0530 - val_trimmed_mse_log_r: 0.0522 - val_full_mae_log_r: 0.1047 - val_full_mse_score: 5.2503 - val_trimmed_mse_score: 0.5770 - val_full_mae_score: 0.3803
Epoch 34/50
387s - loss: 0.6372 - full_cross_entropy: 0.6372 - trimmed_cross_entropy: 0.6273 - full_mse_log_r: 0.0530 - trimmed_mse_log_r: 0.0522 - full_mae_log_r: 0.1050 - full_mse_score: 7.0728 - trimmed_mse_score: 0.5746 - full_mae_score: 0.3832 - val_loss: 0.6387 - val_full_cross_entropy: 0.6387 - val_trimmed_cross_entropy: 0.6287 - val_full_mse_log_r: 0.0531 - val_trimmed_mse_log_r: 0.0523 - val_full_mae_log_r: 0.1039 - val_full_mse_score: 5.2208 - val_trimmed_mse_score: 0.5669 - val_full_mae_score: 0.3781
Epoch 35/50
387s - loss: 0.6372 - full_cross_entropy: 0.6372 - trimmed_cross_entropy: 0.6273 - full_mse_log_r: 0.0530 - trimmed_mse_log_r: 0.0521 - full_mae_log_r: 0.1050 - full_mse_score: 7.0661 - trimmed_mse_score: 0.5672 - full_mae_score: 0.3828 - val_loss: 0.6388 - val_full_cross_entropy: 0.6388 - val_trimmed_cross_entropy: 0.6288 - val_full_mse_log_r: 0.0531 - val_trimmed_mse_log_r: 0.0523 - val_full_mae_log_r: 0.1045 - val_full_mse_score: 5.2174 - val_trimmed_mse_score: 0.5714 - val_full_mae_score: 0.3804
Epoch 36/50
387s - loss: 0.6372 - full_cross_entropy: 0.6372 - trimmed_cross_entropy: 0.6272 - full_mse_log_r: 0.0527 - trimmed_mse_log_r: 0.0519 - full_mae_log_r: 0.1048 - full_mse_score: 7.0660 - trimmed_mse_score: 0.5812 - full_mae_score: 0.3834 - val_loss: 0.6387 - val_full_cross_entropy: 0.6387 - val_trimmed_cross_entropy: 0.6288 - val_full_mse_log_r: 0.0524 - val_trimmed_mse_log_r: 0.0516 - val_full_mae_log_r: 0.1037 - val_full_mse_score: 5.2102 - val_trimmed_mse_score: 0.5644 - val_full_mae_score: 0.3811
Epoch 37/50
387s - loss: 0.6372 - full_cross_entropy: 0.6372 - trimmed_cross_entropy: 0.6272 - full_mse_log_r: 0.0525 - trimmed_mse_log_r: 0.0516 - full_mae_log_r: 0.1047 - full_mse_score: 7.0617 - trimmed_mse_score: 0.5678 - full_mae_score: 0.3839 - val_loss: 0.6388 - val_full_cross_entropy: 0.6388 - val_trimmed_cross_entropy: 0.6288 - val_full_mse_log_r: 0.0529 - val_trimmed_mse_log_r: 0.0521 - val_full_mae_log_r: 0.1057 - val_full_mse_score: 5.2075 - val_trimmed_mse_score: 0.5652 - val_full_mae_score: 0.3801
Epoch 38/50
387s - loss: 0.6372 - full_cross_entropy: 0.6372 - trimmed_cross_entropy: 0.6272 - full_mse_log_r: 0.0524 - trimmed_mse_log_r: 0.0515 - full_mae_log_r: 0.1044 - full_mse_score: 7.0589 - trimmed_mse_score: 0.5657 - full_mae_score: 0.3834 - val_loss: 0.6387 - val_full_cross_entropy: 0.6387 - val_trimmed_cross_entropy: 0.6287 - val_full_mse_log_r: 0.0521 - val_trimmed_mse_log_r: 0.0512 - val_full_mae_log_r: 0.1035 - val_full_mse_score: 5.2237 - val_trimmed_mse_score: 0.5706 - val_full_mae_score: 0.3819
Epoch 39/50
387s - loss: 0.6371 - full_cross_entropy: 0.6371 - trimmed_cross_entropy: 0.6272 - full_mse_log_r: 0.0522 - trimmed_mse_log_r: 0.0514 - full_mae_log_r: 0.1044 - full_mse_score: 7.0598 - trimmed_mse_score: 0.5612 - full_mae_score: 0.3842 - val_loss: 0.6387 - val_full_cross_entropy: 0.6387 - val_trimmed_cross_entropy: 0.6288 - val_full_mse_log_r: 0.0521 - val_trimmed_mse_log_r: 0.0513 - val_full_mae_log_r: 0.1043 - val_full_mse_score: 5.2073 - val_trimmed_mse_score: 0.5675 - val_full_mae_score: 0.3831
Epoch 40/50
387s - loss: 0.6371 - full_cross_entropy: 0.6371 - trimmed_cross_entropy: 0.6272 - full_mse_log_r: 0.0520 - trimmed_mse_log_r: 0.0512 - full_mae_log_r: 0.1043 - full_mse_score: 7.0577 - trimmed_mse_score: 0.5717 - full_mae_score: 0.3846 - val_loss: 0.6387 - val_full_cross_entropy: 0.6387 - val_trimmed_cross_entropy: 0.6287 - val_full_mse_log_r: 0.0518 - val_trimmed_mse_log_r: 0.0510 - val_full_mae_log_r: 0.1037 - val_full_mse_score: 5.2169 - val_trimmed_mse_score: 0.5679 - val_full_mae_score: 0.3818
Epoch 41/50
387s - loss: 0.6371 - full_cross_entropy: 0.6371 - trimmed_cross_entropy: 0.6271 - full_mse_log_r: 0.0519 - trimmed_mse_log_r: 0.0511 - full_mae_log_r: 0.1042 - full_mse_score: 7.0536 - trimmed_mse_score: 0.5615 - full_mae_score: 0.3846 - val_loss: 0.6387 - val_full_cross_entropy: 0.6387 - val_trimmed_cross_entropy: 0.6288 - val_full_mse_log_r: 0.0521 - val_trimmed_mse_log_r: 0.0513 - val_full_mae_log_r: 0.1056 - val_full_mse_score: 5.2104 - val_trimmed_mse_score: 0.5666 - val_full_mae_score: 0.3829
Epoch 42/50
387s - loss: 0.6371 - full_cross_entropy: 0.6371 - trimmed_cross_entropy: 0.6271 - full_mse_log_r: 0.0518 - trimmed_mse_log_r: 0.0510 - full_mae_log_r: 0.1040 - full_mse_score: 7.0515 - trimmed_mse_score: 0.5696 - full_mae_score: 0.3846 - val_loss: 0.6387 - val_full_cross_entropy: 0.6387 - val_trimmed_cross_entropy: 0.6287 - val_full_mse_log_r: 0.0512 - val_trimmed_mse_log_r: 0.0504 - val_full_mae_log_r: 0.1033 - val_full_mse_score: 5.1990 - val_trimmed_mse_score: 0.5642 - val_full_mae_score: 0.3820
Epoch 43/50
387s - loss: 0.6371 - full_cross_entropy: 0.6371 - trimmed_cross_entropy: 0.6271 - full_mse_log_r: 0.0517 - trimmed_mse_log_r: 0.0509 - full_mae_log_r: 0.1040 - full_mse_score: 7.0496 - trimmed_mse_score: 0.5642 - full_mae_score: 0.3844 - val_loss: 0.6387 - val_full_cross_entropy: 0.6387 - val_trimmed_cross_entropy: 0.6287 - val_full_mse_log_r: 0.0513 - val_trimmed_mse_log_r: 0.0505 - val_full_mae_log_r: 0.1037 - val_full_mse_score: 5.2216 - val_trimmed_mse_score: 0.5707 - val_full_mae_score: 0.3836
Epoch 44/50
387s - loss: 0.6371 - full_cross_entropy: 0.6371 - trimmed_cross_entropy: 0.6271 - full_mse_log_r: 0.0516 - trimmed_mse_log_r: 0.0508 - full_mae_log_r: 0.1040 - full_mse_score: 7.0521 - trimmed_mse_score: 0.5656 - full_mae_score: 0.3857 - val_loss: 0.6387 - val_full_cross_entropy: 0.6387 - val_trimmed_cross_entropy: 0.6288 - val_full_mse_log_r: 0.0518 - val_trimmed_mse_log_r: 0.0510 - val_full_mae_log_r: 0.1043 - val_full_mse_score: 5.2109 - val_trimmed_mse_score: 0.5666 - val_full_mae_score: 0.3834
Epoch 45/50
387s - loss: 0.6370 - full_cross_entropy: 0.6370 - trimmed_cross_entropy: 0.6271 - full_mse_log_r: 0.0516 - trimmed_mse_log_r: 0.0508 - full_mae_log_r: 0.1040 - full_mse_score: 7.0486 - trimmed_mse_score: 0.5699 - full_mae_score: 0.3851 - val_loss: 0.6387 - val_full_cross_entropy: 0.6387 - val_trimmed_cross_entropy: 0.6287 - val_full_mse_log_r: 0.0514 - val_trimmed_mse_log_r: 0.0506 - val_full_mae_log_r: 0.1037 - val_full_mse_score: 5.2018 - val_trimmed_mse_score: 0.5650 - val_full_mae_score: 0.3827
Epoch 46/50
387s - loss: 0.6370 - full_cross_entropy: 0.6370 - trimmed_cross_entropy: 0.6271 - full_mse_log_r: 0.0515 - trimmed_mse_log_r: 0.0507 - full_mae_log_r: 0.1039 - full_mse_score: 7.0499 - trimmed_mse_score: 0.5653 - full_mae_score: 0.3858 - val_loss: 0.6387 - val_full_cross_entropy: 0.6387 - val_trimmed_cross_entropy: 0.6287 - val_full_mse_log_r: 0.0513 - val_trimmed_mse_log_r: 0.0505 - val_full_mae_log_r: 0.1033 - val_full_mse_score: 5.2074 - val_trimmed_mse_score: 0.5650 - val_full_mae_score: 0.3826
Epoch 47/50
387s - loss: 0.6370 - full_cross_entropy: 0.6370 - trimmed_cross_entropy: 0.6271 - full_mse_log_r: 0.0514 - trimmed_mse_log_r: 0.0506 - full_mae_log_r: 0.1039 - full_mse_score: 7.0504 - trimmed_mse_score: 0.5651 - full_mae_score: 0.3855 - val_loss: 0.6387 - val_full_cross_entropy: 0.6387 - val_trimmed_cross_entropy: 0.6287 - val_full_mse_log_r: 0.0512 - val_trimmed_mse_log_r: 0.0504 - val_full_mae_log_r: 0.1038 - val_full_mse_score: 5.2216 - val_trimmed_mse_score: 0.5702 - val_full_mae_score: 0.3841
Epoch 48/50
387s - loss: 0.6370 - full_cross_entropy: 0.6370 - trimmed_cross_entropy: 0.6271 - full_mse_log_r: 0.0513 - trimmed_mse_log_r: 0.0505 - full_mae_log_r: 0.1038 - full_mse_score: 7.0488 - trimmed_mse_score: 0.5749 - full_mae_score: 0.3857 - val_loss: 0.6387 - val_full_cross_entropy: 0.6387 - val_trimmed_cross_entropy: 0.6287 - val_full_mse_log_r: 0.0511 - val_trimmed_mse_log_r: 0.0503 - val_full_mae_log_r: 0.1049 - val_full_mse_score: 5.2170 - val_trimmed_mse_score: 0.5703 - val_full_mae_score: 0.3848
Epoch 49/50
388s - loss: 0.6370 - full_cross_entropy: 0.6370 - trimmed_cross_entropy: 0.6271 - full_mse_log_r: 0.0512 - trimmed_mse_log_r: 0.0504 - full_mae_log_r: 0.1038 - full_mse_score: 7.0494 - trimmed_mse_score: 0.5634 - full_mae_score: 0.3857 - val_loss: 0.6387 - val_full_cross_entropy: 0.6387 - val_trimmed_cross_entropy: 0.6287 - val_full_mse_log_r: 0.0518 - val_trimmed_mse_log_r: 0.0510 - val_full_mae_log_r: 0.1041 - val_full_mse_score: 5.1927 - val_trimmed_mse_score: 0.5612 - val_full_mae_score: 0.3833
Epoch 50/50
387s - loss: 0.6370 - full_cross_entropy: 0.6370 - trimmed_cross_entropy: 0.6270 - full_mse_log_r: 0.0513 - trimmed_mse_log_r: 0.0505 - full_mae_log_r: 0.1038 - full_mse_score: 7.0447 - trimmed_mse_score: 0.5814 - full_mae_score: 0.3858 - val_loss: 0.6387 - val_full_cross_entropy: 0.6387 - val_trimmed_cross_entropy: 0.6288 - val_full_mse_log_r: 0.0512 - val_trimmed_mse_log_r: 0.0504 - val_full_mae_log_r: 0.1058 - val_full_mse_score: 5.2098 - val_trimmed_mse_score: 0.5680 - val_full_mae_score: 0.3845
16.03.2018 19:32:07 INFO    Starting evaluation
16.03.2018 19:33:44 INFO    Starting theta 100 / 1017
16.03.2018 19:35:23 INFO    Starting theta 200 / 1017
16.03.2018 19:37:01 INFO    Starting theta 300 / 1017
16.03.2018 19:38:39 INFO    Starting theta 400 / 1017
16.03.2018 19:40:17 INFO    Starting theta 500 / 1017
16.03.2018 19:41:56 INFO    Starting theta 600 / 1017
16.03.2018 19:43:34 INFO    Starting theta 700 / 1017
16.03.2018 19:45:12 INFO    Starting theta 800 / 1017
16.03.2018 19:46:50 INFO    Starting theta 900 / 1017
16.03.2018 19:48:28 INFO    Starting theta 1000 / 1017
16.03.2018 19:48:46 INFO    Evaluation timing: median 0.97039103508 s, mean 0.972679918612 s
16.03.2018 19:48:46 INFO    Starting roaming
16.03.2018 19:49:06 INFO    Starting calibrated evaluation and roaming
16.03.2018 20:58:51 INFO    Starting theta 100 / 1017
16.03.2018 22:09:15 INFO    Starting theta 200 / 1017
16.03.2018 23:19:39 INFO    Starting theta 300 / 1017
17.03.2018 00:30:05 INFO    Starting theta 400 / 1017
17.03.2018 01:40:35 INFO    Starting theta 500 / 1017
17.03.2018 02:51:00 INFO    Starting theta 600 / 1017
17.03.2018 04:01:30 INFO    Starting theta 700 / 1017
17.03.2018 05:11:55 INFO    Starting theta 800 / 1017
17.03.2018 06:22:15 INFO    Starting theta 900 / 1017
17.03.2018 07:32:35 INFO    Starting theta 1000 / 1017
17.03.2018 07:45:14 INFO    Calibrated evaluation timing: median 0.983486890793 s, mean 0.984603614113 s
17.03.2018 07:45:14 INFO    Interpolating calibrated roaming
17.03.2018 07:50:49 INFO    That's it -- have a great day!
