Using TensorFlow backend.
13.07.2018 12:44:36 INFO    Hi! How are you today?
13.07.2018 12:44:36 INFO    Startup options:
13.07.2018 12:44:36 INFO      Algorithm:                     combinedmxe
13.07.2018 12:44:36 INFO      Point by point:                False
13.07.2018 12:44:36 INFO      Morphing-aware mode:           False
13.07.2018 12:44:36 INFO      Smeared data:                  False
13.07.2018 12:44:36 INFO      Training sample:               baseline
13.07.2018 12:44:36 INFO      alpha:                         None
13.07.2018 12:44:36 INFO      Histogram / AFC X indices:     [1, 38, 39, 40, 41]
13.07.2018 12:44:36 INFO      AFC epsilon:                   None
13.07.2018 12:44:36 INFO      Denominator theta:             False
13.07.2018 12:44:36 INFO      Neyman construction toys:      0
13.07.2018 12:44:36 INFO      Training sample size limit:    None
13.07.2018 12:44:36 INFO      Other options:                 
13.07.2018 12:44:36 INFO      Base directory:                /home/jb6504/higgs_inference
13.07.2018 12:44:36 INFO      ML-based strategies available: True
13.07.2018 12:44:36 INFO    Starting parameterized inference
13.07.2018 12:44:36 INFO    Main settings:
13.07.2018 12:44:36 INFO      Algorithm:                combinedmxe
13.07.2018 12:44:36 INFO      Morphing-aware:           False
13.07.2018 12:44:36 INFO      Training sample:          baseline
13.07.2018 12:44:36 INFO      Denominator theta:        denominator 0 = theta 708 = [ 0.39293227  0.43229216]
13.07.2018 12:44:36 INFO    Options:
13.07.2018 12:44:36 INFO      Number of hidden layers:  3
13.07.2018 12:44:36 INFO      alpha:                    5.0
13.07.2018 12:44:36 INFO      Batch size:               128
13.07.2018 12:44:36 INFO      Learning rate:            0.001
13.07.2018 12:44:36 INFO      Learning rate decay:      0.0921034037198
13.07.2018 12:44:36 INFO      Number of epochs:         50
13.07.2018 12:44:36 INFO      Training samples:         all
13.07.2018 12:44:36 INFO      NC experiments:           False
13.07.2018 12:44:36 INFO      Debug mode:               False
13.07.2018 12:45:25 INFO    Starting training
Train on 7999997 samples, validate on 2000000 samples
2018-07-13 12:45:26.041575: W tensorflow/core/platform/cpu_feature_guard.cc:45] The TensorFlow library wasn't compiled to use SSE4.1 instructions, but these are available on your machine and could speed up CPU computations.
2018-07-13 12:45:26.041915: W tensorflow/core/platform/cpu_feature_guard.cc:45] The TensorFlow library wasn't compiled to use SSE4.2 instructions, but these are available on your machine and could speed up CPU computations.
2018-07-13 12:45:26.041923: W tensorflow/core/platform/cpu_feature_guard.cc:45] The TensorFlow library wasn't compiled to use AVX instructions, but these are available on your machine and could speed up CPU computations.
2018-07-13 12:45:26.041926: W tensorflow/core/platform/cpu_feature_guard.cc:45] The TensorFlow library wasn't compiled to use AVX2 instructions, but these are available on your machine and could speed up CPU computations.
2018-07-13 12:45:26.041930: W tensorflow/core/platform/cpu_feature_guard.cc:45] The TensorFlow library wasn't compiled to use FMA instructions, but these are available on your machine and could speed up CPU computations.
2018-07-13 12:45:26.224902: I tensorflow/core/common_runtime/gpu/gpu_device.cc:940] Found device 0 with properties: 
name: Tesla K80
major: 3 minor: 7 memoryClockRate (GHz) 0.8235
pciBusID 0000:04:00.0
Total memory: 11.17GiB
Free memory: 11.10GiB
2018-07-13 12:45:26.224935: I tensorflow/core/common_runtime/gpu/gpu_device.cc:961] DMA: 0 
2018-07-13 12:45:26.224941: I tensorflow/core/common_runtime/gpu/gpu_device.cc:971] 0:   Y 
2018-07-13 12:45:26.224949: I tensorflow/core/common_runtime/gpu/gpu_device.cc:1030] Creating TensorFlow device (/gpu:0) -> (device: 0, name: Tesla K80, pci bus id: 0000:04:00.0)
Epoch 1/50
463s - loss: 0.9317 - full_cross_entropy: 0.6638 - trimmed_cross_entropy: 0.6534 - full_modified_cross_entropy: 0.6638 - full_mse_log_r: 0.0972 - trimmed_mse_log_r: 0.0956 - full_mae_log_r: 0.1567 - full_mse_score: 6.3553 - trimmed_mse_score: 0.4179 - full_mae_score: 0.2323 - val_loss: 0.9442 - val_full_cross_entropy: 0.6619 - val_trimmed_cross_entropy: 0.6516 - val_full_modified_cross_entropy: 0.6619 - val_full_mse_log_r: 0.0741 - val_trimmed_mse_log_r: 0.0729 - val_full_mae_log_r: 0.1180 - val_full_mse_score: 4.7572 - val_trimmed_mse_score: 0.3829 - val_full_mae_score: 0.2200
Epoch 2/50
463s - loss: 0.8335 - full_cross_entropy: 0.6616 - trimmed_cross_entropy: 0.6512 - full_modified_cross_entropy: 0.6616 - full_mse_log_r: 0.0640 - trimmed_mse_log_r: 0.0630 - full_mae_log_r: 0.1278 - full_mse_score: 6.0476 - trimmed_mse_score: 0.3001 - full_mae_score: 0.1931 - val_loss: 0.8722 - val_full_cross_entropy: 0.6628 - val_trimmed_cross_entropy: 0.6524 - val_full_modified_cross_entropy: 0.6627 - val_full_mse_log_r: 0.0767 - val_trimmed_mse_log_r: 0.0755 - val_full_mae_log_r: 0.1436 - val_full_mse_score: 4.5152 - val_trimmed_mse_score: 0.3186 - val_full_mae_score: 0.2070
Epoch 3/50
463s - loss: 0.8098 - full_cross_entropy: 0.6611 - trimmed_cross_entropy: 0.6507 - full_modified_cross_entropy: 0.6611 - full_mse_log_r: 0.0564 - trimmed_mse_log_r: 0.0555 - full_mae_log_r: 0.1187 - full_mse_score: 5.9721 - trimmed_mse_score: 0.2682 - full_mae_score: 0.1828 - val_loss: 0.8123 - val_full_cross_entropy: 0.6612 - val_trimmed_cross_entropy: 0.6509 - val_full_modified_cross_entropy: 0.6611 - val_full_mse_log_r: 0.0526 - val_trimmed_mse_log_r: 0.0518 - val_full_mae_log_r: 0.1328 - val_full_mse_score: 4.3891 - val_trimmed_mse_score: 0.2777 - val_full_mae_score: 0.1823
Epoch 4/50
13.07.2018 13:10:50 INFO    Starting theta 1000 / 1017
465s - loss: 0.7945 - full_cross_entropy: 0.6607 - trimmed_cross_entropy: 0.6504 - full_modified_cross_entropy: 0.6607 - full_mse_log_r: 0.0513 - trimmed_mse_log_r: 0.0505 - full_mae_log_r: 0.1114 - full_mse_score: 5.9143 - trimmed_mse_score: 0.2596 - full_mae_score: 0.1751 - val_loss: 0.8217 - val_full_cross_entropy: 0.6611 - val_trimmed_cross_entropy: 0.6508 - val_full_modified_cross_entropy: 0.6611 - val_full_mse_log_r: 0.0515 - val_trimmed_mse_log_r: 0.0507 - val_full_mae_log_r: 0.1349 - val_full_mse_score: 4.4144 - val_trimmed_mse_score: 0.2743 - val_full_mae_score: 0.1746
Epoch 5/50
463s - loss: 0.7794 - full_cross_entropy: 0.6604 - trimmed_cross_entropy: 0.6501 - full_modified_cross_entropy: 0.6604 - full_mse_log_r: 0.0463 - trimmed_mse_log_r: 0.0456 - full_mae_log_r: 0.1045 - full_mse_score: 5.8425 - trimmed_mse_score: 0.2305 - full_mae_score: 0.1670 - val_loss: 0.7680 - val_full_cross_entropy: 0.6604 - val_trimmed_cross_entropy: 0.6500 - val_full_modified_cross_entropy: 0.6603 - val_full_mse_log_r: 0.0455 - val_trimmed_mse_log_r: 0.0448 - val_full_mae_log_r: 0.1013 - val_full_mse_score: 4.1161 - val_trimmed_mse_score: 0.2025 - val_full_mae_score: 0.1611
Epoch 6/50
463s - loss: 0.7677 - full_cross_entropy: 0.6601 - trimmed_cross_entropy: 0.6498 - full_modified_cross_entropy: 0.6601 - full_mse_log_r: 0.0424 - trimmed_mse_log_r: 0.0417 - full_mae_log_r: 0.0990 - full_mse_score: 5.7803 - trimmed_mse_score: 0.2178 - full_mae_score: 0.1593 - val_loss: 0.7730 - val_full_cross_entropy: 0.6599 - val_trimmed_cross_entropy: 0.6496 - val_full_modified_cross_entropy: 0.6598 - val_full_mse_log_r: 0.0387 - val_trimmed_mse_log_r: 0.0381 - val_full_mae_log_r: 0.0990 - val_full_mse_score: 4.2948 - val_trimmed_mse_score: 0.2330 - val_full_mae_score: 0.1586
Epoch 7/50
13.07.2018 13:32:27 INFO    Calibrated evaluation timing: median 1.72621011734 s, mean 1.72700652331 s
13.07.2018 13:32:27 INFO    Interpolating calibrated roaming
13.07.2018 13:37:33 INFO    That's it -- have a great day!
Using TensorFlow backend.
13.07.2018 13:37:36 INFO    Hi! How are you today?
13.07.2018 13:37:36 INFO    Startup options:
13.07.2018 13:37:36 INFO      Algorithm:                     combinedmxe
13.07.2018 13:37:36 INFO      Point by point:                False
13.07.2018 13:37:36 INFO      Morphing-aware mode:           False
13.07.2018 13:37:36 INFO      Smeared data:                  False
13.07.2018 13:37:36 INFO      Training sample:               random
13.07.2018 13:37:36 INFO      alpha:                         None
13.07.2018 13:37:36 INFO      Histogram / AFC X indices:     [1, 38, 39, 40, 41]
13.07.2018 13:37:36 INFO      AFC epsilon:                   None
13.07.2018 13:37:36 INFO      Denominator theta:             False
13.07.2018 13:37:36 INFO      Neyman construction toys:      0
13.07.2018 13:37:36 INFO      Training sample size limit:    None
13.07.2018 13:37:36 INFO      Other options:                 ['deep']
13.07.2018 13:37:36 INFO      Base directory:                /home/jb6504/higgs_inference
13.07.2018 13:37:36 INFO      ML-based strategies available: True
13.07.2018 13:37:36 INFO    Starting parameterized inference
13.07.2018 13:37:36 INFO    Main settings:
13.07.2018 13:37:36 INFO      Algorithm:                combinedmxe
13.07.2018 13:37:36 INFO      Morphing-aware:           False
13.07.2018 13:37:36 INFO      Training sample:          random
13.07.2018 13:37:36 INFO      Denominator theta:        denominator 0 = theta 708 = [ 0.39293227  0.43229216]
13.07.2018 13:37:36 INFO    Options:
13.07.2018 13:37:36 INFO      Number of hidden layers:  5
13.07.2018 13:37:36 INFO      alpha:                    5.0
13.07.2018 13:37:36 INFO      Batch size:               128
13.07.2018 13:37:36 INFO      Learning rate:            0.001
13.07.2018 13:37:36 INFO      Learning rate decay:      0.0921034037198
13.07.2018 13:37:36 INFO      Number of epochs:         50
13.07.2018 13:37:36 INFO      Training samples:         all
13.07.2018 13:37:36 INFO      NC experiments:           False
13.07.2018 13:37:36 INFO      Debug mode:               False
13.07.2018 13:38:34 INFO    Starting training
Train on 7993784 samples, validate on 1998446 samples
2018-07-13 13:38:35.206608: W tensorflow/core/platform/cpu_feature_guard.cc:45] The TensorFlow library wasn't compiled to use SSE4.1 instructions, but these are available on your machine and could speed up CPU computations.
2018-07-13 13:38:35.206862: W tensorflow/core/platform/cpu_feature_guard.cc:45] The TensorFlow library wasn't compiled to use SSE4.2 instructions, but these are available on your machine and could speed up CPU computations.
2018-07-13 13:38:35.206873: W tensorflow/core/platform/cpu_feature_guard.cc:45] The TensorFlow library wasn't compiled to use AVX instructions, but these are available on your machine and could speed up CPU computations.
2018-07-13 13:38:35.206878: W tensorflow/core/platform/cpu_feature_guard.cc:45] The TensorFlow library wasn't compiled to use AVX2 instructions, but these are available on your machine and could speed up CPU computations.
2018-07-13 13:38:35.206883: W tensorflow/core/platform/cpu_feature_guard.cc:45] The TensorFlow library wasn't compiled to use FMA instructions, but these are available on your machine and could speed up CPU computations.
2018-07-13 13:38:35.403498: I tensorflow/core/common_runtime/gpu/gpu_device.cc:940] Found device 0 with properties: 
name: Tesla K80
major: 3 minor: 7 memoryClockRate (GHz) 0.8235
pciBusID 0000:84:00.0
Total memory: 11.17GiB
Free memory: 11.10GiB
2018-07-13 13:38:35.403540: I tensorflow/core/common_runtime/gpu/gpu_device.cc:961] DMA: 0 
2018-07-13 13:38:35.403548: I tensorflow/core/common_runtime/gpu/gpu_device.cc:971] 0:   Y 
2018-07-13 13:38:35.403559: I tensorflow/core/common_runtime/gpu/gpu_device.cc:1030] Creating TensorFlow device (/gpu:0) -> (device: 0, name: Tesla K80, pci bus id: 0000:84:00.0)
Epoch 1/50
463s - loss: 0.7568 - full_cross_entropy: 0.6599 - trimmed_cross_entropy: 0.6496 - full_modified_cross_entropy: 0.6599 - full_mse_log_r: 0.0384 - trimmed_mse_log_r: 0.0378 - full_mae_log_r: 0.0942 - full_mse_score: 5.6902 - trimmed_mse_score: 0.2049 - full_mae_score: 0.1521 - val_loss: 0.7506 - val_full_cross_entropy: 0.6602 - val_trimmed_cross_entropy: 0.6499 - val_full_modified_cross_entropy: 0.6601 - val_full_mse_log_r: 0.0413 - val_trimmed_mse_log_r: 0.0407 - val_full_mae_log_r: 0.1074 - val_full_mse_score: 4.1185 - val_trimmed_mse_score: 0.1978 - val_full_mae_score: 0.1504
Epoch 8/50
463s - loss: 0.7448 - full_cross_entropy: 0.6597 - trimmed_cross_entropy: 0.6494 - full_modified_cross_entropy: 0.6597 - full_mse_log_r: 0.0348 - trimmed_mse_log_r: 0.0342 - full_mae_log_r: 0.0899 - full_mse_score: 5.6442 - trimmed_mse_score: 0.1887 - full_mae_score: 0.1467 - val_loss: 0.7594 - val_full_cross_entropy: 0.6594 - val_trimmed_cross_entropy: 0.6491 - val_full_modified_cross_entropy: 0.6594 - val_full_mse_log_r: 0.0335 - val_trimmed_mse_log_r: 0.0330 - val_full_mae_log_r: 0.0787 - val_full_mse_score: 4.1548 - val_trimmed_mse_score: 0.1964 - val_full_mae_score: 0.1466
Epoch 9/50
595s - loss: 1.0504 - full_cross_entropy: 0.6692 - trimmed_cross_entropy: 0.6587 - full_modified_cross_entropy: 0.6692 - full_mse_log_r: 0.1612 - trimmed_mse_log_r: 0.1587 - full_mae_log_r: 0.2211 - full_mse_score: 6.1900 - trimmed_mse_score: 0.5097 - full_mae_score: 0.2661 - val_loss: 1.0096 - val_full_cross_entropy: 0.6667 - val_trimmed_cross_entropy: 0.6563 - val_full_modified_cross_entropy: 0.6669 - val_full_mse_log_r: 0.1232 - val_trimmed_mse_log_r: 0.1212 - val_full_mae_log_r: 0.1988 - val_full_mse_score: 4.8974 - val_trimmed_mse_score: 0.4242 - val_full_mae_score: 0.2361
Epoch 2/50
463s - loss: 0.7360 - full_cross_entropy: 0.6595 - trimmed_cross_entropy: 0.6491 - full_modified_cross_entropy: 0.6595 - full_mse_log_r: 0.0316 - trimmed_mse_log_r: 0.0311 - full_mae_log_r: 0.0850 - full_mse_score: 5.5880 - trimmed_mse_score: 0.1732 - full_mae_score: 0.1410 - val_loss: 0.7689 - val_full_cross_entropy: 0.6595 - val_trimmed_cross_entropy: 0.6492 - val_full_modified_cross_entropy: 0.6594 - val_full_mse_log_r: 0.0334 - val_trimmed_mse_log_r: 0.0329 - val_full_mae_log_r: 0.0801 - val_full_mse_score: 4.1722 - val_trimmed_mse_score: 0.2007 - val_full_mae_score: 0.1485
Epoch 10/50
594s - loss: 0.9214 - full_cross_entropy: 0.6655 - trimmed_cross_entropy: 0.6551 - full_modified_cross_entropy: 0.6654 - full_mse_log_r: 0.1111 - trimmed_mse_log_r: 0.1094 - full_mae_log_r: 0.1814 - full_mse_score: 5.9360 - trimmed_mse_score: 0.3792 - full_mae_score: 0.2203 - val_loss: 0.8669 - val_full_cross_entropy: 0.6642 - val_trimmed_cross_entropy: 0.6538 - val_full_modified_cross_entropy: 0.6644 - val_full_mse_log_r: 0.1055 - val_trimmed_mse_log_r: 0.1038 - val_full_mae_log_r: 0.1570 - val_full_mse_score: 4.5817 - val_trimmed_mse_score: 0.3143 - val_full_mae_score: 0.2038
Epoch 3/50
466s - loss: 0.7292 - full_cross_entropy: 0.6593 - trimmed_cross_entropy: 0.6490 - full_modified_cross_entropy: 0.6593 - full_mse_log_r: 0.0289 - trimmed_mse_log_r: 0.0285 - full_mae_log_r: 0.0797 - full_mse_score: 5.5318 - trimmed_mse_score: 0.1660 - full_mae_score: 0.1360 - val_loss: 0.7329 - val_full_cross_entropy: 0.6591 - val_trimmed_cross_entropy: 0.6488 - val_full_modified_cross_entropy: 0.6591 - val_full_mse_log_r: 0.0238 - val_trimmed_mse_log_r: 0.0234 - val_full_mae_log_r: 0.0677 - val_full_mse_score: 3.8751 - val_trimmed_mse_score: 0.1580 - val_full_mae_score: 0.1334
Epoch 11/50
595s - loss: 0.8755 - full_cross_entropy: 0.6640 - trimmed_cross_entropy: 0.6536 - full_modified_cross_entropy: 0.6640 - full_mse_log_r: 0.0924 - trimmed_mse_log_r: 0.0910 - full_mae_log_r: 0.1588 - full_mse_score: 5.8013 - trimmed_mse_score: 0.3253 - full_mae_score: 0.2042 - val_loss: 0.9529 - val_full_cross_entropy: 0.6618 - val_trimmed_cross_entropy: 0.6515 - val_full_modified_cross_entropy: 0.6619 - val_full_mse_log_r: 0.0681 - val_trimmed_mse_log_r: 0.0671 - val_full_mae_log_r: 0.1072 - val_full_mse_score: 4.6392 - val_trimmed_mse_score: 0.3544 - val_full_mae_score: 0.2006
Epoch 4/50
463s - loss: 0.7248 - full_cross_entropy: 0.6591 - trimmed_cross_entropy: 0.6488 - full_modified_cross_entropy: 0.6591 - full_mse_log_r: 0.0261 - trimmed_mse_log_r: 0.0257 - full_mae_log_r: 0.0757 - full_mse_score: 5.4855 - trimmed_mse_score: 0.1527 - full_mae_score: 0.1311 - val_loss: 0.7249 - val_full_cross_entropy: 0.6595 - val_trimmed_cross_entropy: 0.6492 - val_full_modified_cross_entropy: 0.6595 - val_full_mse_log_r: 0.0269 - val_trimmed_mse_log_r: 0.0264 - val_full_mae_log_r: 0.0897 - val_full_mse_score: 3.9132 - val_trimmed_mse_score: 0.1513 - val_full_mae_score: 0.1300
Epoch 12/50
595s - loss: 0.8483 - full_cross_entropy: 0.6631 - trimmed_cross_entropy: 0.6527 - full_modified_cross_entropy: 0.6631 - full_mse_log_r: 0.0792 - trimmed_mse_log_r: 0.0780 - full_mae_log_r: 0.1481 - full_mse_score: 5.7034 - trimmed_mse_score: 0.2963 - full_mae_score: 0.1906 - val_loss: 0.8120 - val_full_cross_entropy: 0.6620 - val_trimmed_cross_entropy: 0.6517 - val_full_modified_cross_entropy: 0.6621 - val_full_mse_log_r: 0.0687 - val_trimmed_mse_log_r: 0.0677 - val_full_mae_log_r: 0.1385 - val_full_mse_score: 4.4596 - val_trimmed_mse_score: 0.2864 - val_full_mae_score: 0.1854
Epoch 5/50

463s - loss: 0.7119 - full_cross_entropy: 0.6589 - trimmed_cross_entropy: 0.6486 - full_modified_cross_entropy: 0.6589 - full_mse_log_r: 0.0224 - trimmed_mse_log_r: 0.0220 - full_mae_log_r: 0.0690 - full_mse_score: 5.3962 - trimmed_mse_score: 0.1361 - full_mae_score: 0.1221 - val_loss: 0.7118 - val_full_cross_entropy: 0.6589 - val_trimmed_cross_entropy: 0.6486 - val_full_modified_cross_entropy: 0.6588 - val_full_mse_log_r: 0.0215 - val_trimmed_mse_log_r: 0.0211 - val_full_mae_log_r: 0.0594 - val_full_mse_score: 3.8096 - val_trimmed_mse_score: 0.1387 - val_full_mae_score: 0.1199
Epoch 14/50
595s - loss: 0.8339 - full_cross_entropy: 0.6628 - trimmed_cross_entropy: 0.6525 - full_modified_cross_entropy: 0.6628 - full_mse_log_r: 0.0744 - trimmed_mse_log_r: 0.0732 - full_mae_log_r: 0.1458 - full_mse_score: 5.6306 - trimmed_mse_score: 0.2741 - full_mae_score: 0.1817 - val_loss: 0.8468 - val_full_cross_entropy: 0.6615 - val_trimmed_cross_entropy: 0.6512 - val_full_modified_cross_entropy: 0.6616 - val_full_mse_log_r: 0.0639 - val_trimmed_mse_log_r: 0.0629 - val_full_mae_log_r: 0.1182 - val_full_mse_score: 4.4897 - val_trimmed_mse_score: 0.2740 - val_full_mae_score: 0.1788
Epoch 6/50
463s - loss: 0.7094 - full_cross_entropy: 0.6588 - trimmed_cross_entropy: 0.6485 - full_modified_cross_entropy: 0.6588 - full_mse_log_r: 0.0205 - trimmed_mse_log_r: 0.0202 - full_mae_log_r: 0.0667 - full_mse_score: 5.3240 - trimmed_mse_score: 0.1208 - full_mae_score: 0.1179 - val_loss: 0.7080 - val_full_cross_entropy: 0.6589 - val_trimmed_cross_entropy: 0.6486 - val_full_modified_cross_entropy: 0.6588 - val_full_mse_log_r: 0.0188 - val_trimmed_mse_log_r: 0.0185 - val_full_mae_log_r: 0.0599 - val_full_mse_score: 3.7365 - val_trimmed_mse_score: 0.1238 - val_full_mae_score: 0.1154
Epoch 15/50
595s - loss: 0.8048 - full_cross_entropy: 0.6623 - trimmed_cross_entropy: 0.6520 - full_modified_cross_entropy: 0.6623 - full_mse_log_r: 0.0664 - trimmed_mse_log_r: 0.0654 - full_mae_log_r: 0.1400 - full_mse_score: 5.5233 - trimmed_mse_score: 0.2659 - full_mae_score: 0.1692 - val_loss: 0.7750 - val_full_cross_entropy: 0.6630 - val_trimmed_cross_entropy: 0.6527 - val_full_modified_cross_entropy: 0.6632 - val_full_mse_log_r: 0.0717 - val_trimmed_mse_log_r: 0.0706 - val_full_mae_log_r: 0.1857 - val_full_mse_score: 4.3478 - val_trimmed_mse_score: 0.2396 - val_full_mae_score: 0.1543
Epoch 7/50
463s - loss: 0.7028 - full_cross_entropy: 0.6588 - trimmed_cross_entropy: 0.6485 - full_modified_cross_entropy: 0.6587 - full_mse_log_r: 0.0191 - trimmed_mse_log_r: 0.0188 - full_mae_log_r: 0.0643 - full_mse_score: 5.2912 - trimmed_mse_score: 0.1228 - full_mae_score: 0.1146 - val_loss: 0.6995 - val_full_cross_entropy: 0.6586 - val_trimmed_cross_entropy: 0.6483 - val_full_modified_cross_entropy: 0.6585 - val_full_mse_log_r: 0.0148 - val_trimmed_mse_log_r: 0.0145 - val_full_mae_log_r: 0.0504 - val_full_mse_score: 3.6649 - val_trimmed_mse_score: 0.1125 - val_full_mae_score: 0.1070
Epoch 16/50
