Using TensorFlow backend.
20.02.2018 06:20:57 INFO    Hi! How are you today?
20.02.2018 06:20:57 INFO    Startup options:
20.02.2018 06:20:57 INFO      Algorithm:                     combined
20.02.2018 06:20:57 INFO      Point by point:                False
20.02.2018 06:20:57 INFO      Morphing-aware mode:           False
20.02.2018 06:20:57 INFO      Smeared data:                  False
20.02.2018 06:20:57 INFO      Training sample:               baseline
20.02.2018 06:20:57 INFO      AFC X indices:                 [1, 38, 39, 40, 41]
20.02.2018 06:20:57 INFO      alpha:                         0.1
20.02.2018 06:20:57 INFO      AFC epsilon:                   None
20.02.2018 06:20:57 INFO      Neyman construction toys:      False
20.02.2018 06:20:57 INFO      Other options:                 
20.02.2018 06:20:57 INFO      Base directory:                /home/jb6504/higgs_inference
20.02.2018 06:20:57 INFO      ML-based strategies available: True
20.02.2018 06:20:57 INFO    Starting parameterized inference
20.02.2018 06:20:57 INFO    Main settings:
20.02.2018 06:20:57 INFO      Algorithm:                combined
20.02.2018 06:20:57 INFO      Morphing-aware:           False
20.02.2018 06:20:57 INFO      Training sample:          baseline
20.02.2018 06:20:57 INFO    Options:
20.02.2018 06:20:57 INFO      Number of hidden layers:  3
20.02.2018 06:20:57 INFO      alpha:                    0.1
20.02.2018 06:20:57 INFO      Batch size:               128
20.02.2018 06:20:57 INFO      Learning rate:            0.001
20.02.2018 06:20:57 INFO      Learning rate decay:      0.0921034037198
20.02.2018 06:20:57 INFO      Number of epochs:         50
20.02.2018 06:20:57 INFO      Debug mode:               False
20.02.2018 06:21:24 INFO    Starting training
Train on 7995920 samples, validate on 1998980 samples
2018-02-20 06:21:25.473287: W tensorflow/core/platform/cpu_feature_guard.cc:45] The TensorFlow library wasn't compiled to use SSE4.1 instructions, but these are available on your machine and could speed up CPU computations.
2018-02-20 06:21:25.473613: W tensorflow/core/platform/cpu_feature_guard.cc:45] The TensorFlow library wasn't compiled to use SSE4.2 instructions, but these are available on your machine and could speed up CPU computations.
2018-02-20 06:21:25.473621: W tensorflow/core/platform/cpu_feature_guard.cc:45] The TensorFlow library wasn't compiled to use AVX instructions, but these are available on your machine and could speed up CPU computations.
2018-02-20 06:21:25.473625: W tensorflow/core/platform/cpu_feature_guard.cc:45] The TensorFlow library wasn't compiled to use AVX2 instructions, but these are available on your machine and could speed up CPU computations.
2018-02-20 06:21:25.473629: W tensorflow/core/platform/cpu_feature_guard.cc:45] The TensorFlow library wasn't compiled to use FMA instructions, but these are available on your machine and could speed up CPU computations.
2018-02-20 06:21:25.774952: I tensorflow/core/common_runtime/gpu/gpu_device.cc:940] Found device 0 with properties: 
name: Tesla K80
major: 3 minor: 7 memoryClockRate (GHz) 0.8235
pciBusID 0000:04:00.0
Total memory: 11.17GiB
Free memory: 11.10GiB
2018-02-20 06:21:25.774985: I tensorflow/core/common_runtime/gpu/gpu_device.cc:961] DMA: 0 
2018-02-20 06:21:25.774991: I tensorflow/core/common_runtime/gpu/gpu_device.cc:971] 0:   Y 
2018-02-20 06:21:25.774999: I tensorflow/core/common_runtime/gpu/gpu_device.cc:1030] Creating TensorFlow device (/gpu:0) -> (device: 0, name: Tesla K80, pci bus id: 0000:04:00.0)
Epoch 1/50
475s - loss: 0.6713 - full_cross_entropy: 0.6637 - trimmed_cross_entropy: 0.6534 - full_mse_log_r: 0.0896 - trimmed_mse_log_r: 0.0882 - full_mae_log_r: 0.1560 - full_mse_score: 1.4978 - trimmed_mse_score: 0.4039 - full_mae_score: 0.2674 - val_loss: 0.6683 - val_full_cross_entropy: 0.6631 - val_trimmed_cross_entropy: 0.6528 - val_full_mse_log_r: 0.0690 - val_trimmed_mse_log_r: 0.0679 - val_full_mae_log_r: 0.1817 - val_full_mse_score: 1.3438 - val_trimmed_mse_score: 0.3102 - val_full_mae_score: 0.2388
Epoch 2/50
475s - loss: 0.6662 - full_cross_entropy: 0.6612 - trimmed_cross_entropy: 0.6509 - full_mse_log_r: 0.0541 - trimmed_mse_log_r: 0.0532 - full_mae_log_r: 0.1278 - full_mse_score: 1.2720 - trimmed_mse_score: 0.2802 - full_mae_score: 0.2283 - val_loss: 0.6656 - val_full_cross_entropy: 0.6612 - val_trimmed_cross_entropy: 0.6509 - val_full_mse_log_r: 0.0518 - val_trimmed_mse_log_r: 0.0510 - val_full_mae_log_r: 0.1340 - val_full_mse_score: 1.2297 - val_trimmed_mse_score: 0.2594 - val_full_mae_score: 0.2179
Epoch 3/50
475s - loss: 0.6651 - full_cross_entropy: 0.6607 - trimmed_cross_entropy: 0.6504 - full_mse_log_r: 0.0462 - trimmed_mse_log_r: 0.0455 - full_mae_log_r: 0.1189 - full_mse_score: 1.1859 - trimmed_mse_score: 0.2501 - full_mae_score: 0.2149 - val_loss: 0.6654 - val_full_cross_entropy: 0.6602 - val_trimmed_cross_entropy: 0.6499 - val_full_mse_log_r: 0.0455 - val_trimmed_mse_log_r: 0.0448 - val_full_mae_log_r: 0.0985 - val_full_mse_score: 1.4020 - val_trimmed_mse_score: 0.3200 - val_full_mae_score: 0.2302
Epoch 4/50
474s - loss: 0.6642 - full_cross_entropy: 0.6604 - trimmed_cross_entropy: 0.6501 - full_mse_log_r: 0.0411 - trimmed_mse_log_r: 0.0404 - full_mae_log_r: 0.1129 - full_mse_score: 1.1186 - trimmed_mse_score: 0.2240 - full_mae_score: 0.2036 - val_loss: 0.6640 - val_full_cross_entropy: 0.6599 - val_trimmed_cross_entropy: 0.6496 - val_full_mse_log_r: 0.0382 - val_trimmed_mse_log_r: 0.0376 - val_full_mae_log_r: 0.0958 - val_full_mse_score: 1.2703 - val_trimmed_mse_score: 0.2674 - val_full_mae_score: 0.2203
Epoch 5/50
474s - loss: 0.6636 - full_cross_entropy: 0.6601 - trimmed_cross_entropy: 0.6498 - full_mse_log_r: 0.0369 - trimmed_mse_log_r: 0.0364 - full_mae_log_r: 0.1069 - full_mse_score: 1.0602 - trimmed_mse_score: 0.2025 - full_mae_score: 0.1946 - val_loss: 0.6635 - val_full_cross_entropy: 0.6601 - val_trimmed_cross_entropy: 0.6498 - val_full_mse_log_r: 0.0358 - val_trimmed_mse_log_r: 0.0352 - val_full_mae_log_r: 0.1050 - val_full_mse_score: 1.1434 - val_trimmed_mse_score: 0.2273 - val_full_mae_score: 0.1971
Epoch 6/50
475s - loss: 0.6631 - full_cross_entropy: 0.6598 - trimmed_cross_entropy: 0.6495 - full_mse_log_r: 0.0339 - trimmed_mse_log_r: 0.0333 - full_mae_log_r: 0.1031 - full_mse_score: 1.0192 - trimmed_mse_score: 0.1866 - full_mae_score: 0.1870 - val_loss: 0.6621 - val_full_cross_entropy: 0.6593 - val_trimmed_cross_entropy: 0.6490 - val_full_mse_log_r: 0.0259 - val_trimmed_mse_log_r: 0.0255 - val_full_mae_log_r: 0.0821 - val_full_mse_score: 1.0036 - val_trimmed_mse_score: 0.1787 - val_full_mae_score: 0.1817
Epoch 7/50
474s - loss: 0.6625 - full_cross_entropy: 0.6597 - trimmed_cross_entropy: 0.6494 - full_mse_log_r: 0.0306 - trimmed_mse_log_r: 0.0302 - full_mae_log_r: 0.0982 - full_mse_score: 0.9564 - trimmed_mse_score: 0.1730 - full_mae_score: 0.1783 - val_loss: 0.6619 - val_full_cross_entropy: 0.6594 - val_trimmed_cross_entropy: 0.6491 - val_full_mse_log_r: 0.0261 - val_trimmed_mse_log_r: 0.0257 - val_full_mae_log_r: 0.0843 - val_full_mse_score: 0.9477 - val_trimmed_mse_score: 0.1611 - val_full_mae_score: 0.1725
Epoch 8/50
474s - loss: 0.6621 - full_cross_entropy: 0.6595 - trimmed_cross_entropy: 0.6492 - full_mse_log_r: 0.0279 - trimmed_mse_log_r: 0.0275 - full_mae_log_r: 0.0937 - full_mse_score: 0.9184 - trimmed_mse_score: 0.1588 - full_mae_score: 0.1716 - val_loss: 0.6633 - val_full_cross_entropy: 0.6609 - val_trimmed_cross_entropy: 0.6506 - val_full_mse_log_r: 0.0379 - val_trimmed_mse_log_r: 0.0373 - val_full_mae_log_r: 0.1452 - val_full_mse_score: 0.9292 - val_trimmed_mse_score: 0.1571 - val_full_mae_score: 0.1695
Epoch 9/50
474s - loss: 0.6617 - full_cross_entropy: 0.6593 - trimmed_cross_entropy: 0.6490 - full_mse_log_r: 0.0255 - trimmed_mse_log_r: 0.0251 - full_mae_log_r: 0.0899 - full_mse_score: 0.8759 - trimmed_mse_score: 0.1458 - full_mae_score: 0.1646 - val_loss: 0.6614 - val_full_cross_entropy: 0.6590 - val_trimmed_cross_entropy: 0.6488 - val_full_mse_log_r: 0.0225 - val_trimmed_mse_log_r: 0.0221 - val_full_mae_log_r: 0.0743 - val_full_mse_score: 0.9301 - val_trimmed_mse_score: 0.1521 - val_full_mae_score: 0.1625
Epoch 10/50
474s - loss: 0.6614 - full_cross_entropy: 0.6591 - trimmed_cross_entropy: 0.6488 - full_mse_log_r: 0.0237 - trimmed_mse_log_r: 0.0234 - full_mae_log_r: 0.0861 - full_mse_score: 0.8397 - trimmed_mse_score: 0.1335 - full_mae_score: 0.1588 - val_loss: 0.6615 - val_full_cross_entropy: 0.6591 - val_trimmed_cross_entropy: 0.6488 - val_full_mse_log_r: 0.0204 - val_trimmed_mse_log_r: 0.0200 - val_full_mae_log_r: 0.0800 - val_full_mse_score: 0.9348 - val_trimmed_mse_score: 0.1520 - val_full_mae_score: 0.1617
Epoch 11/50
475s - loss: 0.6611 - full_cross_entropy: 0.6590 - trimmed_cross_entropy: 0.6487 - full_mse_log_r: 0.0222 - trimmed_mse_log_r: 0.0218 - full_mae_log_r: 0.0832 - full_mse_score: 0.8125 - trimmed_mse_score: 0.1246 - full_mae_score: 0.1542 - val_loss: 0.6623 - val_full_cross_entropy: 0.6601 - val_trimmed_cross_entropy: 0.6498 - val_full_mse_log_r: 0.0314 - val_trimmed_mse_log_r: 0.0310 - val_full_mae_log_r: 0.1173 - val_full_mse_score: 0.9882 - val_trimmed_mse_score: 0.1533 - val_full_mae_score: 0.1618
Epoch 12/50
475s - loss: 0.6608 - full_cross_entropy: 0.6589 - trimmed_cross_entropy: 0.6486 - full_mse_log_r: 0.0203 - trimmed_mse_log_r: 0.0200 - full_mae_log_r: 0.0795 - full_mse_score: 0.7647 - trimmed_mse_score: 0.1147 - full_mae_score: 0.1476 - val_loss: 0.6605 - val_full_cross_entropy: 0.6588 - val_trimmed_cross_entropy: 0.6485 - val_full_mse_log_r: 0.0177 - val_trimmed_mse_log_r: 0.0174 - val_full_mae_log_r: 0.0648 - val_full_mse_score: 0.7685 - val_trimmed_mse_score: 0.1176 - val_full_mae_score: 0.1442
Epoch 13/50
475s - loss: 0.6605 - full_cross_entropy: 0.6588 - trimmed_cross_entropy: 0.6485 - full_mse_log_r: 0.0190 - trimmed_mse_log_r: 0.0187 - full_mae_log_r: 0.0769 - full_mse_score: 0.7457 - trimmed_mse_score: 0.1087 - full_mae_score: 0.1435 - val_loss: 0.6603 - val_full_cross_entropy: 0.6587 - val_trimmed_cross_entropy: 0.6484 - val_full_mse_log_r: 0.0156 - val_trimmed_mse_log_r: 0.0154 - val_full_mae_log_r: 0.0615 - val_full_mse_score: 0.7097 - val_trimmed_mse_score: 0.1009 - val_full_mae_score: 0.1388
Epoch 14/50
475s - loss: 0.6603 - full_cross_entropy: 0.6587 - trimmed_cross_entropy: 0.6484 - full_mse_log_r: 0.0178 - trimmed_mse_log_r: 0.0175 - full_mae_log_r: 0.0744 - full_mse_score: 0.7110 - trimmed_mse_score: 0.1027 - full_mae_score: 0.1388 - val_loss: 0.6601 - val_full_cross_entropy: 0.6587 - val_trimmed_cross_entropy: 0.6484 - val_full_mse_log_r: 0.0147 - val_trimmed_mse_log_r: 0.0145 - val_full_mae_log_r: 0.0597 - val_full_mse_score: 0.7129 - val_trimmed_mse_score: 0.1008 - val_full_mae_score: 0.1372
Epoch 15/50
476s - loss: 0.6601 - full_cross_entropy: 0.6586 - trimmed_cross_entropy: 0.6483 - full_mse_log_r: 0.0164 - trimmed_mse_log_r: 0.0162 - full_mae_log_r: 0.0714 - full_mse_score: 0.6728 - trimmed_mse_score: 0.0946 - full_mae_score: 0.1340 - val_loss: 0.6602 - val_full_cross_entropy: 0.6588 - val_trimmed_cross_entropy: 0.6485 - val_full_mse_log_r: 0.0169 - val_trimmed_mse_log_r: 0.0166 - val_full_mae_log_r: 0.0653 - val_full_mse_score: 0.7054 - val_trimmed_mse_score: 0.0996 - val_full_mae_score: 0.1351
Epoch 16/50
475s - loss: 0.6599 - full_cross_entropy: 0.6585 - trimmed_cross_entropy: 0.6482 - full_mse_log_r: 0.0157 - trimmed_mse_log_r: 0.0154 - full_mae_log_r: 0.0697 - full_mse_score: 0.6539 - trimmed_mse_score: 0.0884 - full_mae_score: 0.1309 - val_loss: 0.6603 - val_full_cross_entropy: 0.6589 - val_trimmed_cross_entropy: 0.6486 - val_full_mse_log_r: 0.0173 - val_trimmed_mse_log_r: 0.0170 - val_full_mae_log_r: 0.0658 - val_full_mse_score: 0.7186 - val_trimmed_mse_score: 0.0972 - val_full_mae_score: 0.1318
Epoch 17/50
476s - loss: 0.6597 - full_cross_entropy: 0.6584 - trimmed_cross_entropy: 0.6482 - full_mse_log_r: 0.0147 - trimmed_mse_log_r: 0.0144 - full_mae_log_r: 0.0673 - full_mse_score: 0.6316 - trimmed_mse_score: 0.0831 - full_mae_score: 0.1275 - val_loss: 0.6600 - val_full_cross_entropy: 0.6587 - val_trimmed_cross_entropy: 0.6485 - val_full_mse_log_r: 0.0149 - val_trimmed_mse_log_r: 0.0147 - val_full_mae_log_r: 0.0609 - val_full_mse_score: 0.6132 - val_trimmed_mse_score: 0.0812 - val_full_mae_score: 0.1267
Epoch 18/50
476s - loss: 0.6595 - full_cross_entropy: 0.6584 - trimmed_cross_entropy: 0.6481 - full_mse_log_r: 0.0139 - trimmed_mse_log_r: 0.0137 - full_mae_log_r: 0.0655 - full_mse_score: 0.6073 - trimmed_mse_score: 0.0780 - full_mae_score: 0.1236 - val_loss: 0.6609 - val_full_cross_entropy: 0.6596 - val_trimmed_cross_entropy: 0.6493 - val_full_mse_log_r: 0.0213 - val_trimmed_mse_log_r: 0.0210 - val_full_mae_log_r: 0.1079 - val_full_mse_score: 0.6577 - val_trimmed_mse_score: 0.0867 - val_full_mae_score: 0.1257
Epoch 19/50
455s - loss: 0.6594 - full_cross_entropy: 0.6583 - trimmed_cross_entropy: 0.6480 - full_mse_log_r: 0.0133 - trimmed_mse_log_r: 0.0130 - full_mae_log_r: 0.0635 - full_mse_score: 0.5924 - trimmed_mse_score: 0.0764 - full_mae_score: 0.1211 - val_loss: 0.6595 - val_full_cross_entropy: 0.6585 - val_trimmed_cross_entropy: 0.6482 - val_full_mse_log_r: 0.0115 - val_trimmed_mse_log_r: 0.0113 - val_full_mae_log_r: 0.0540 - val_full_mse_score: 0.5741 - val_trimmed_mse_score: 0.0726 - val_full_mae_score: 0.1201
Epoch 20/50
452s - loss: 0.6593 - full_cross_entropy: 0.6583 - trimmed_cross_entropy: 0.6480 - full_mse_log_r: 0.0125 - trimmed_mse_log_r: 0.0123 - full_mae_log_r: 0.0618 - full_mse_score: 0.5685 - trimmed_mse_score: 0.0703 - full_mae_score: 0.1181 - val_loss: 0.6598 - val_full_cross_entropy: 0.6584 - val_trimmed_cross_entropy: 0.6482 - val_full_mse_log_r: 0.0112 - val_trimmed_mse_log_r: 0.0110 - val_full_mae_log_r: 0.0500 - val_full_mse_score: 0.6496 - val_trimmed_mse_score: 0.0814 - val_full_mae_score: 0.1199
Epoch 21/50
453s - loss: 0.6592 - full_cross_entropy: 0.6582 - trimmed_cross_entropy: 0.6479 - full_mse_log_r: 0.0120 - trimmed_mse_log_r: 0.0118 - full_mae_log_r: 0.0606 - full_mse_score: 0.5530 - trimmed_mse_score: 0.0685 - full_mae_score: 0.1159 - val_loss: 0.6598 - val_full_cross_entropy: 0.6588 - val_trimmed_cross_entropy: 0.6485 - val_full_mse_log_r: 0.0146 - val_trimmed_mse_log_r: 0.0144 - val_full_mae_log_r: 0.0705 - val_full_mse_score: 0.5756 - val_trimmed_mse_score: 0.0726 - val_full_mae_score: 0.1160
Epoch 22/50
452s - loss: 0.6591 - full_cross_entropy: 0.6582 - trimmed_cross_entropy: 0.6479 - full_mse_log_r: 0.0114 - trimmed_mse_log_r: 0.0112 - full_mae_log_r: 0.0588 - full_mse_score: 0.5365 - trimmed_mse_score: 0.0660 - full_mae_score: 0.1134 - val_loss: 0.6594 - val_full_cross_entropy: 0.6584 - val_trimmed_cross_entropy: 0.6481 - val_full_mse_log_r: 0.0099 - val_trimmed_mse_log_r: 0.0097 - val_full_mae_log_r: 0.0511 - val_full_mse_score: 0.5435 - val_trimmed_mse_score: 0.0672 - val_full_mae_score: 0.1129
Epoch 23/50
467s - loss: 0.6590 - full_cross_entropy: 0.6581 - trimmed_cross_entropy: 0.6478 - full_mse_log_r: 0.0109 - trimmed_mse_log_r: 0.0107 - full_mae_log_r: 0.0569 - full_mse_score: 0.5256 - trimmed_mse_score: 0.0637 - full_mae_score: 0.1113 - val_loss: 0.6595 - val_full_cross_entropy: 0.6585 - val_trimmed_cross_entropy: 0.6482 - val_full_mse_log_r: 0.0117 - val_trimmed_mse_log_r: 0.0115 - val_full_mae_log_r: 0.0525 - val_full_mse_score: 0.5590 - val_trimmed_mse_score: 0.0688 - val_full_mae_score: 0.1143
Epoch 24/50
458s - loss: 0.6589 - full_cross_entropy: 0.6581 - trimmed_cross_entropy: 0.6478 - full_mse_log_r: 0.0104 - trimmed_mse_log_r: 0.0102 - full_mae_log_r: 0.0553 - full_mse_score: 0.5073 - trimmed_mse_score: 0.0606 - full_mae_score: 0.1091 - val_loss: 0.6593 - val_full_cross_entropy: 0.6584 - val_trimmed_cross_entropy: 0.6481 - val_full_mse_log_r: 0.0099 - val_trimmed_mse_log_r: 0.0097 - val_full_mae_log_r: 0.0498 - val_full_mse_score: 0.5277 - val_trimmed_mse_score: 0.0618 - val_full_mae_score: 0.1072
Epoch 25/50
452s - loss: 0.6589 - full_cross_entropy: 0.6580 - trimmed_cross_entropy: 0.6478 - full_mse_log_r: 0.0100 - trimmed_mse_log_r: 0.0098 - full_mae_log_r: 0.0542 - full_mse_score: 0.4930 - trimmed_mse_score: 0.0564 - full_mae_score: 0.1071 - val_loss: 0.6595 - val_full_cross_entropy: 0.6586 - val_trimmed_cross_entropy: 0.6483 - val_full_mse_log_r: 0.0117 - val_trimmed_mse_log_r: 0.0115 - val_full_mae_log_r: 0.0585 - val_full_mse_score: 0.5259 - val_trimmed_mse_score: 0.0625 - val_full_mae_score: 0.1084
Epoch 26/50
452s - loss: 0.6588 - full_cross_entropy: 0.6580 - trimmed_cross_entropy: 0.6477 - full_mse_log_r: 0.0096 - trimmed_mse_log_r: 0.0095 - full_mae_log_r: 0.0531 - full_mse_score: 0.4836 - trimmed_mse_score: 0.0570 - full_mae_score: 0.1056 - val_loss: 0.6594 - val_full_cross_entropy: 0.6586 - val_trimmed_cross_entropy: 0.6483 - val_full_mse_log_r: 0.0106 - val_trimmed_mse_log_r: 0.0104 - val_full_mae_log_r: 0.0662 - val_full_mse_score: 0.5075 - val_trimmed_mse_score: 0.0594 - val_full_mae_score: 0.1053
Epoch 27/50
452s - loss: 0.6587 - full_cross_entropy: 0.6580 - trimmed_cross_entropy: 0.6477 - full_mse_log_r: 0.0093 - trimmed_mse_log_r: 0.0092 - full_mae_log_r: 0.0521 - full_mse_score: 0.4761 - trimmed_mse_score: 0.0538 - full_mae_score: 0.1043 - val_loss: 0.6592 - val_full_cross_entropy: 0.6584 - val_trimmed_cross_entropy: 0.6481 - val_full_mse_log_r: 0.0091 - val_trimmed_mse_log_r: 0.0089 - val_full_mae_log_r: 0.0490 - val_full_mse_score: 0.4839 - val_trimmed_mse_score: 0.0560 - val_full_mae_score: 0.1040
Epoch 28/50
460s - loss: 0.6586 - full_cross_entropy: 0.6579 - trimmed_cross_entropy: 0.6477 - full_mse_log_r: 0.0090 - trimmed_mse_log_r: 0.0089 - full_mae_log_r: 0.0512 - full_mse_score: 0.4686 - trimmed_mse_score: 0.0525 - full_mae_score: 0.1029 - val_loss: 0.6592 - val_full_cross_entropy: 0.6584 - val_trimmed_cross_entropy: 0.6481 - val_full_mse_log_r: 0.0099 - val_trimmed_mse_log_r: 0.0098 - val_full_mae_log_r: 0.0495 - val_full_mse_score: 0.5208 - val_trimmed_mse_score: 0.0596 - val_full_mae_score: 0.1067
Epoch 29/50
477s - loss: 0.6586 - full_cross_entropy: 0.6579 - trimmed_cross_entropy: 0.6476 - full_mse_log_r: 0.0088 - trimmed_mse_log_r: 0.0086 - full_mae_log_r: 0.0502 - full_mse_score: 0.4578 - trimmed_mse_score: 0.0513 - full_mae_score: 0.1017 - val_loss: 0.6593 - val_full_cross_entropy: 0.6585 - val_trimmed_cross_entropy: 0.6482 - val_full_mse_log_r: 0.0109 - val_trimmed_mse_log_r: 0.0108 - val_full_mae_log_r: 0.0567 - val_full_mse_score: 0.4756 - val_trimmed_mse_score: 0.0541 - val_full_mae_score: 0.1014
Epoch 30/50
463s - loss: 0.6585 - full_cross_entropy: 0.6579 - trimmed_cross_entropy: 0.6476 - full_mse_log_r: 0.0085 - trimmed_mse_log_r: 0.0084 - full_mae_log_r: 0.0494 - full_mse_score: 0.4488 - trimmed_mse_score: 0.0500 - full_mae_score: 0.1004 - val_loss: 0.6591 - val_full_cross_entropy: 0.6583 - val_trimmed_cross_entropy: 0.6480 - val_full_mse_log_r: 0.0081 - val_trimmed_mse_log_r: 0.0079 - val_full_mae_log_r: 0.0450 - val_full_mse_score: 0.4550 - val_trimmed_mse_score: 0.0506 - val_full_mae_score: 0.1010
Epoch 31/50
453s - loss: 0.6585 - full_cross_entropy: 0.6579 - trimmed_cross_entropy: 0.6476 - full_mse_log_r: 0.0083 - trimmed_mse_log_r: 0.0082 - full_mae_log_r: 0.0483 - full_mse_score: 0.4423 - trimmed_mse_score: 0.0484 - full_mae_score: 0.0994 - val_loss: 0.6591 - val_full_cross_entropy: 0.6583 - val_trimmed_cross_entropy: 0.6480 - val_full_mse_log_r: 0.0082 - val_trimmed_mse_log_r: 0.0081 - val_full_mae_log_r: 0.0457 - val_full_mse_score: 0.4623 - val_trimmed_mse_score: 0.0516 - val_full_mae_score: 0.0996
Epoch 32/50
452s - loss: 0.6585 - full_cross_entropy: 0.6578 - trimmed_cross_entropy: 0.6476 - full_mse_log_r: 0.0081 - trimmed_mse_log_r: 0.0080 - full_mae_log_r: 0.0476 - full_mse_score: 0.4341 - trimmed_mse_score: 0.0476 - full_mae_score: 0.0984 - val_loss: 0.6591 - val_full_cross_entropy: 0.6584 - val_trimmed_cross_entropy: 0.6481 - val_full_mse_log_r: 0.0084 - val_trimmed_mse_log_r: 0.0082 - val_full_mae_log_r: 0.0488 - val_full_mse_score: 0.4772 - val_trimmed_mse_score: 0.0539 - val_full_mae_score: 0.1006
Epoch 33/50
459s - loss: 0.6584 - full_cross_entropy: 0.6578 - trimmed_cross_entropy: 0.6475 - full_mse_log_r: 0.0079 - trimmed_mse_log_r: 0.0078 - full_mae_log_r: 0.0468 - full_mse_score: 0.4303 - trimmed_mse_score: 0.0473 - full_mae_score: 0.0976 - val_loss: 0.6590 - val_full_cross_entropy: 0.6583 - val_trimmed_cross_entropy: 0.6480 - val_full_mse_log_r: 0.0075 - val_trimmed_mse_log_r: 0.0074 - val_full_mae_log_r: 0.0448 - val_full_mse_score: 0.4377 - val_trimmed_mse_score: 0.0474 - val_full_mae_score: 0.0988
Epoch 34/50
490s - loss: 0.6584 - full_cross_entropy: 0.6578 - trimmed_cross_entropy: 0.6475 - full_mse_log_r: 0.0077 - trimmed_mse_log_r: 0.0076 - full_mae_log_r: 0.0461 - full_mse_score: 0.4219 - trimmed_mse_score: 0.0455 - full_mae_score: 0.0966 - val_loss: 0.6590 - val_full_cross_entropy: 0.6583 - val_trimmed_cross_entropy: 0.6480 - val_full_mse_log_r: 0.0075 - val_trimmed_mse_log_r: 0.0074 - val_full_mae_log_r: 0.0447 - val_full_mse_score: 0.4311 - val_trimmed_mse_score: 0.0473 - val_full_mae_score: 0.0962
Epoch 35/50
460s - loss: 0.6584 - full_cross_entropy: 0.6578 - trimmed_cross_entropy: 0.6475 - full_mse_log_r: 0.0076 - trimmed_mse_log_r: 0.0075 - full_mae_log_r: 0.0457 - full_mse_score: 0.4173 - trimmed_mse_score: 0.0448 - full_mae_score: 0.0960 - val_loss: 0.6589 - val_full_cross_entropy: 0.6583 - val_trimmed_cross_entropy: 0.6480 - val_full_mse_log_r: 0.0073 - val_trimmed_mse_log_r: 0.0072 - val_full_mae_log_r: 0.0431 - val_full_mse_score: 0.4394 - val_trimmed_mse_score: 0.0479 - val_full_mae_score: 0.0960
Epoch 36/50
452s - loss: 0.6583 - full_cross_entropy: 0.6578 - trimmed_cross_entropy: 0.6475 - full_mse_log_r: 0.0074 - trimmed_mse_log_r: 0.0073 - full_mae_log_r: 0.0451 - full_mse_score: 0.4172 - trimmed_mse_score: 0.0447 - full_mae_score: 0.0954 - val_loss: 0.6590 - val_full_cross_entropy: 0.6583 - val_trimmed_cross_entropy: 0.6480 - val_full_mse_log_r: 0.0075 - val_trimmed_mse_log_r: 0.0073 - val_full_mae_log_r: 0.0455 - val_full_mse_score: 0.4358 - val_trimmed_mse_score: 0.0479 - val_full_mae_score: 0.0965
Epoch 37/50
452s - loss: 0.6583 - full_cross_entropy: 0.6578 - trimmed_cross_entropy: 0.6475 - full_mse_log_r: 0.0073 - trimmed_mse_log_r: 0.0072 - full_mae_log_r: 0.0447 - full_mse_score: 0.4139 - trimmed_mse_score: 0.0444 - full_mae_score: 0.0948 - val_loss: 0.6590 - val_full_cross_entropy: 0.6583 - val_trimmed_cross_entropy: 0.6480 - val_full_mse_log_r: 0.0073 - val_trimmed_mse_log_r: 0.0072 - val_full_mae_log_r: 0.0440 - val_full_mse_score: 0.4351 - val_trimmed_mse_score: 0.0459 - val_full_mae_score: 0.0956
Epoch 38/50
452s - loss: 0.6583 - full_cross_entropy: 0.6577 - trimmed_cross_entropy: 0.6475 - full_mse_log_r: 0.0072 - trimmed_mse_log_r: 0.0071 - full_mae_log_r: 0.0438 - full_mse_score: 0.4089 - trimmed_mse_score: 0.0425 - full_mae_score: 0.0943 - val_loss: 0.6589 - val_full_cross_entropy: 0.6582 - val_trimmed_cross_entropy: 0.6479 - val_full_mse_log_r: 0.0069 - val_trimmed_mse_log_r: 0.0068 - val_full_mae_log_r: 0.0410 - val_full_mse_score: 0.4238 - val_trimmed_mse_score: 0.0458 - val_full_mae_score: 0.0944
Epoch 39/50
453s - loss: 0.6583 - full_cross_entropy: 0.6577 - trimmed_cross_entropy: 0.6475 - full_mse_log_r: 0.0071 - trimmed_mse_log_r: 0.0070 - full_mae_log_r: 0.0436 - full_mse_score: 0.4067 - trimmed_mse_score: 0.0435 - full_mae_score: 0.0938 - val_loss: 0.6589 - val_full_cross_entropy: 0.6582 - val_trimmed_cross_entropy: 0.6480 - val_full_mse_log_r: 0.0070 - val_trimmed_mse_log_r: 0.0069 - val_full_mae_log_r: 0.0417 - val_full_mse_score: 0.4154 - val_trimmed_mse_score: 0.0444 - val_full_mae_score: 0.0941
Epoch 40/50
453s - loss: 0.6582 - full_cross_entropy: 0.6577 - trimmed_cross_entropy: 0.6474 - full_mse_log_r: 0.0070 - trimmed_mse_log_r: 0.0069 - full_mae_log_r: 0.0430 - full_mse_score: 0.4007 - trimmed_mse_score: 0.0421 - full_mae_score: 0.0932 - val_loss: 0.6589 - val_full_cross_entropy: 0.6583 - val_trimmed_cross_entropy: 0.6480 - val_full_mse_log_r: 0.0072 - val_trimmed_mse_log_r: 0.0071 - val_full_mae_log_r: 0.0451 - val_full_mse_score: 0.4214 - val_trimmed_mse_score: 0.0450 - val_full_mae_score: 0.0938
Epoch 41/50
452s - loss: 0.6582 - full_cross_entropy: 0.6577 - trimmed_cross_entropy: 0.6474 - full_mse_log_r: 0.0069 - trimmed_mse_log_r: 0.0068 - full_mae_log_r: 0.0426 - full_mse_score: 0.3988 - trimmed_mse_score: 0.0421 - full_mae_score: 0.0929 - val_loss: 0.6589 - val_full_cross_entropy: 0.6583 - val_trimmed_cross_entropy: 0.6480 - val_full_mse_log_r: 0.0070 - val_trimmed_mse_log_r: 0.0069 - val_full_mae_log_r: 0.0435 - val_full_mse_score: 0.4273 - val_trimmed_mse_score: 0.0456 - val_full_mae_score: 0.0938
Epoch 42/50
451s - loss: 0.6582 - full_cross_entropy: 0.6577 - trimmed_cross_entropy: 0.6474 - full_mse_log_r: 0.0068 - trimmed_mse_log_r: 0.0067 - full_mae_log_r: 0.0422 - full_mse_score: 0.3987 - trimmed_mse_score: 0.0419 - full_mae_score: 0.0925 - val_loss: 0.6589 - val_full_cross_entropy: 0.6582 - val_trimmed_cross_entropy: 0.6480 - val_full_mse_log_r: 0.0068 - val_trimmed_mse_log_r: 0.0067 - val_full_mae_log_r: 0.0414 - val_full_mse_score: 0.4186 - val_trimmed_mse_score: 0.0440 - val_full_mae_score: 0.0937
Epoch 43/50
451s - loss: 0.6582 - full_cross_entropy: 0.6577 - trimmed_cross_entropy: 0.6474 - full_mse_log_r: 0.0068 - trimmed_mse_log_r: 0.0067 - full_mae_log_r: 0.0422 - full_mse_score: 0.3942 - trimmed_mse_score: 0.0416 - full_mae_score: 0.0923 - val_loss: 0.6589 - val_full_cross_entropy: 0.6582 - val_trimmed_cross_entropy: 0.6480 - val_full_mse_log_r: 0.0068 - val_trimmed_mse_log_r: 0.0067 - val_full_mae_log_r: 0.0410 - val_full_mse_score: 0.4188 - val_trimmed_mse_score: 0.0444 - val_full_mae_score: 0.0932
Epoch 44/50
452s - loss: 0.6582 - full_cross_entropy: 0.6577 - trimmed_cross_entropy: 0.6474 - full_mse_log_r: 0.0067 - trimmed_mse_log_r: 0.0066 - full_mae_log_r: 0.0417 - full_mse_score: 0.3923 - trimmed_mse_score: 0.0411 - full_mae_score: 0.0919 - val_loss: 0.6589 - val_full_cross_entropy: 0.6582 - val_trimmed_cross_entropy: 0.6480 - val_full_mse_log_r: 0.0068 - val_trimmed_mse_log_r: 0.0067 - val_full_mae_log_r: 0.0412 - val_full_mse_score: 0.4123 - val_trimmed_mse_score: 0.0429 - val_full_mae_score: 0.0924
Epoch 45/50
453s - loss: 0.6582 - full_cross_entropy: 0.6577 - trimmed_cross_entropy: 0.6474 - full_mse_log_r: 0.0066 - trimmed_mse_log_r: 0.0065 - full_mae_log_r: 0.0414 - full_mse_score: 0.3912 - trimmed_mse_score: 0.0413 - full_mae_score: 0.0917 - val_loss: 0.6589 - val_full_cross_entropy: 0.6583 - val_trimmed_cross_entropy: 0.6480 - val_full_mse_log_r: 0.0068 - val_trimmed_mse_log_r: 0.0067 - val_full_mae_log_r: 0.0433 - val_full_mse_score: 0.4090 - val_trimmed_mse_score: 0.0435 - val_full_mae_score: 0.0921
Epoch 46/50
454s - loss: 0.6581 - full_cross_entropy: 0.6577 - trimmed_cross_entropy: 0.6474 - full_mse_log_r: 0.0066 - trimmed_mse_log_r: 0.0065 - full_mae_log_r: 0.0412 - full_mse_score: 0.3897 - trimmed_mse_score: 0.0402 - full_mae_score: 0.0914 - val_loss: 0.6589 - val_full_cross_entropy: 0.6582 - val_trimmed_cross_entropy: 0.6479 - val_full_mse_log_r: 0.0066 - val_trimmed_mse_log_r: 0.0065 - val_full_mae_log_r: 0.0404 - val_full_mse_score: 0.4118 - val_trimmed_mse_score: 0.0440 - val_full_mae_score: 0.0925
Epoch 47/50
456s - loss: 0.6581 - full_cross_entropy: 0.6577 - trimmed_cross_entropy: 0.6474 - full_mse_log_r: 0.0065 - trimmed_mse_log_r: 0.0064 - full_mae_log_r: 0.0411 - full_mse_score: 0.3874 - trimmed_mse_score: 0.0404 - full_mae_score: 0.0911 - val_loss: 0.6588 - val_full_cross_entropy: 0.6582 - val_trimmed_cross_entropy: 0.6479 - val_full_mse_log_r: 0.0065 - val_trimmed_mse_log_r: 0.0064 - val_full_mae_log_r: 0.0403 - val_full_mse_score: 0.4035 - val_trimmed_mse_score: 0.0424 - val_full_mae_score: 0.0912
Epoch 48/50
456s - loss: 0.6581 - full_cross_entropy: 0.6577 - trimmed_cross_entropy: 0.6474 - full_mse_log_r: 0.0065 - trimmed_mse_log_r: 0.0064 - full_mae_log_r: 0.0408 - full_mse_score: 0.3862 - trimmed_mse_score: 0.0406 - full_mae_score: 0.0910 - val_loss: 0.6588 - val_full_cross_entropy: 0.6582 - val_trimmed_cross_entropy: 0.6479 - val_full_mse_log_r: 0.0065 - val_trimmed_mse_log_r: 0.0064 - val_full_mae_log_r: 0.0402 - val_full_mse_score: 0.4023 - val_trimmed_mse_score: 0.0422 - val_full_mae_score: 0.0913
Epoch 49/50
457s - loss: 0.6581 - full_cross_entropy: 0.6576 - trimmed_cross_entropy: 0.6474 - full_mse_log_r: 0.0065 - trimmed_mse_log_r: 0.0064 - full_mae_log_r: 0.0406 - full_mse_score: 0.3855 - trimmed_mse_score: 0.0392 - full_mae_score: 0.0908 - val_loss: 0.6588 - val_full_cross_entropy: 0.6582 - val_trimmed_cross_entropy: 0.6479 - val_full_mse_log_r: 0.0065 - val_trimmed_mse_log_r: 0.0064 - val_full_mae_log_r: 0.0399 - val_full_mse_score: 0.4063 - val_trimmed_mse_score: 0.0430 - val_full_mae_score: 0.0918
Epoch 50/50
457s - loss: 0.6581 - full_cross_entropy: 0.6576 - trimmed_cross_entropy: 0.6474 - full_mse_log_r: 0.0064 - trimmed_mse_log_r: 0.0063 - full_mae_log_r: 0.0405 - full_mse_score: 0.3838 - trimmed_mse_score: 0.0401 - full_mae_score: 0.0906 - val_loss: 0.6588 - val_full_cross_entropy: 0.6582 - val_trimmed_cross_entropy: 0.6479 - val_full_mse_log_r: 0.0065 - val_trimmed_mse_log_r: 0.0064 - val_full_mae_log_r: 0.0401 - val_full_mse_score: 0.4046 - val_trimmed_mse_score: 0.0427 - val_full_mae_score: 0.0912
20.02.2018 12:47:49 INFO    Starting evaluation
