Using TensorFlow backend.
13.02.2018 11:36:52 INFO    Hi! How are you today?
13.02.2018 11:36:52 INFO    Startup options:
13.02.2018 11:36:52 INFO      Algorithm:                     regression
13.02.2018 11:36:52 INFO      Point by point:                False
13.02.2018 11:36:52 INFO      Morphing-aware mode:           False
13.02.2018 11:36:52 INFO      Smeared data:                  False
13.02.2018 11:36:52 INFO      Training sample:               baseline
13.02.2018 11:36:52 INFO      AFC X indices:                 [1, 38, 39, 40, 41]
13.02.2018 11:36:52 INFO      AFC epsilon:                   None
13.02.2018 11:36:52 INFO      Neyman construction toys:      False
13.02.2018 11:36:52 INFO      Other options:                 ['smallbatch', 'fastlearning']
13.02.2018 11:36:52 INFO      Base directory:                /home/jb6504/higgs_inference
13.02.2018 11:36:52 INFO      ML-based strategies available: True
13.02.2018 11:36:52 INFO    Starting parameterized inference
13.02.2018 11:36:52 INFO    Main settings:
13.02.2018 11:36:52 INFO      Algorithm:                regression
13.02.2018 11:36:52 INFO      Morphing-aware:           False
13.02.2018 11:36:52 INFO      Training sample:          baseline
13.02.2018 11:36:52 INFO    Options:
13.02.2018 11:36:52 INFO      Learning rate:            0.01
13.02.2018 11:36:52 INFO      Number of epochs:         20
13.02.2018 11:36:52 INFO      Number of hidden layers:  2
13.02.2018 11:36:52 INFO      alpha carl:               0.35
13.02.2018 11:36:52 INFO      alpha regression:         0.02
13.02.2018 11:36:52 INFO      Debug mode:               False
13.02.2018 11:37:16 INFO    Starting training
Train on 7995920 samples, validate on 1998980 samples
Epoch 1/20
2018-02-13 11:37:17.819571: W tensorflow/core/platform/cpu_feature_guard.cc:45] The TensorFlow library wasn't compiled to use SSE4.1 instructions, but these are available on your machine and could speed up CPU computations.
2018-02-13 11:37:17.819878: W tensorflow/core/platform/cpu_feature_guard.cc:45] The TensorFlow library wasn't compiled to use SSE4.2 instructions, but these are available on your machine and could speed up CPU computations.
2018-02-13 11:37:17.819887: W tensorflow/core/platform/cpu_feature_guard.cc:45] The TensorFlow library wasn't compiled to use AVX instructions, but these are available on your machine and could speed up CPU computations.
2018-02-13 11:37:17.819891: W tensorflow/core/platform/cpu_feature_guard.cc:45] The TensorFlow library wasn't compiled to use AVX2 instructions, but these are available on your machine and could speed up CPU computations.
2018-02-13 11:37:17.819895: W tensorflow/core/platform/cpu_feature_guard.cc:45] The TensorFlow library wasn't compiled to use FMA instructions, but these are available on your machine and could speed up CPU computations.
2018-02-13 11:37:18.124318: I tensorflow/core/common_runtime/gpu/gpu_device.cc:940] Found device 0 with properties: 
name: Tesla K80
major: 3 minor: 7 memoryClockRate (GHz) 0.8235
pciBusID 0000:04:00.0
Total memory: 11.17GiB
Free memory: 11.10GiB
2018-02-13 11:37:18.124355: I tensorflow/core/common_runtime/gpu/gpu_device.cc:961] DMA: 0 
2018-02-13 11:37:18.124361: I tensorflow/core/common_runtime/gpu/gpu_device.cc:971] 0:   Y 
2018-02-13 11:37:18.124370: I tensorflow/core/common_runtime/gpu/gpu_device.cc:1030] Creating TensorFlow device (/gpu:0) -> (device: 0, name: Tesla K80, pci bus id: 0000:04:00.0)
3018s - loss: 0.0373 - loss_function_carl: 0.6602 - loss_function_carl_kl: 5.3068 - loss_function_score: 1.4632 - trimmed_cross_entropy: 0.5777 - trimmed_mse_log_r: 0.0326 - trimmed_mse_score: 0.1093 - val_loss: 0.0436 - val_loss_function_carl: 0.6617 - val_loss_function_carl_kl: 5.1870 - val_loss_function_score: 0.4151 - val_trimmed_cross_entropy: 0.5790 - val_trimmed_mse_log_r: 0.0382 - val_trimmed_mse_score: 0.1272
Epoch 2/20
3023s - loss: 0.0234 - loss_function_carl: 0.6593 - loss_function_carl_kl: 5.3034 - loss_function_score: 1.3545 - trimmed_cross_entropy: 0.5769 - trimmed_mse_log_r: 0.0205 - trimmed_mse_score: 0.1123 - val_loss: 0.0457 - val_loss_function_carl: 0.6615 - val_loss_function_carl_kl: 5.1457 - val_loss_function_score: 0.4523 - val_trimmed_cross_entropy: 0.5788 - val_trimmed_mse_log_r: 0.0400 - val_trimmed_mse_score: 0.1417
Epoch 3/20
3022s - loss: 0.0219 - loss_function_carl: 0.6593 - loss_function_carl_kl: 5.3033 - loss_function_score: 1.3802 - trimmed_cross_entropy: 0.5769 - trimmed_mse_log_r: 0.0192 - trimmed_mse_score: 0.1229 - val_loss: 0.0505 - val_loss_function_carl: 0.6619 - val_loss_function_carl_kl: 5.2536 - val_loss_function_score: 0.4916 - val_trimmed_cross_entropy: 0.5792 - val_trimmed_mse_log_r: 0.0442 - val_trimmed_mse_score: 0.1665
Epoch 4/20
3023s - loss: 0.0212 - loss_function_carl: 0.6593 - loss_function_carl_kl: 5.3032 - loss_function_score: 1.3964 - trimmed_cross_entropy: 0.5768 - trimmed_mse_log_r: 0.0185 - trimmed_mse_score: 0.1302 - val_loss: 0.0505 - val_loss_function_carl: 0.6620 - val_loss_function_carl_kl: 5.4258 - val_loss_function_score: 0.5141 - val_trimmed_cross_entropy: 0.5793 - val_trimmed_mse_log_r: 0.0442 - val_trimmed_mse_score: 0.1850
Epoch 5/20
3021s - loss: 0.0206 - loss_function_carl: 0.6592 - loss_function_carl_kl: 5.3031 - loss_function_score: 1.4347 - trimmed_cross_entropy: 0.5768 - trimmed_mse_log_r: 0.0180 - trimmed_mse_score: 0.1385 - val_loss: 0.0493 - val_loss_function_carl: 0.6621 - val_loss_function_carl_kl: 5.3247 - val_loss_function_score: 0.5250 - val_trimmed_cross_entropy: 0.5793 - val_trimmed_mse_log_r: 0.0431 - val_trimmed_mse_score: 0.1656
Epoch 6/20
slurmstepd: error: *** JOB 4520925 ON gpu-06 CANCELLED AT 2018-02-13T16:06:55 ***
