Using TensorFlow backend.
28.06.2018 11:19:37 INFO    Hi! How are you today?
28.06.2018 11:19:37 INFO    Startup options:
28.06.2018 11:19:37 INFO      Algorithm:                     combinedmxe
28.06.2018 11:19:37 INFO      Point by point:                False
28.06.2018 11:19:37 INFO      Morphing-aware mode:           False
28.06.2018 11:19:37 INFO      Smeared data:                  False
28.06.2018 11:19:37 INFO      Training sample:               baseline
28.06.2018 11:19:37 INFO      alpha:                         None
28.06.2018 11:19:37 INFO      Histogram / AFC X indices:     [1, 38, 39, 40, 41]
28.06.2018 11:19:37 INFO      AFC epsilon:                   None
28.06.2018 11:19:37 INFO      Denominator theta:             False
28.06.2018 11:19:37 INFO      Neyman construction toys:      0
28.06.2018 11:19:37 INFO      Training sample size limit:    None
28.06.2018 11:19:37 INFO      Other options:                 ['deep']
28.06.2018 11:19:37 INFO      Base directory:                /home/jb6504/higgs_inference
28.06.2018 11:19:37 INFO      ML-based strategies available: True
28.06.2018 11:19:37 INFO    Starting parameterized inference
28.06.2018 11:19:37 INFO    Main settings:
28.06.2018 11:19:37 INFO      Algorithm:                combinedmxe
28.06.2018 11:19:37 INFO      Morphing-aware:           False
28.06.2018 11:19:37 INFO      Training sample:          baseline
28.06.2018 11:19:37 INFO      Denominator theta:        denominator 0 = theta 708 = [ 0.39293227  0.43229216]
28.06.2018 11:19:37 INFO    Options:
28.06.2018 11:19:37 INFO      Number of hidden layers:  5
28.06.2018 11:19:37 INFO      alpha:                    5.0
28.06.2018 11:19:37 INFO      Batch size:               128
28.06.2018 11:19:37 INFO      Learning rate:            0.001
28.06.2018 11:19:37 INFO      Learning rate decay:      0.0921034037198
28.06.2018 11:19:37 INFO      Number of epochs:         50
28.06.2018 11:19:37 INFO      Training samples:         all
28.06.2018 11:19:37 INFO      NC experiments:           False
28.06.2018 11:19:37 INFO      Debug mode:               False
28.06.2018 11:20:45 INFO    Starting training
Train on 7999997 samples, validate on 2000000 samples
2018-06-28 11:20:46.247651: W tensorflow/core/platform/cpu_feature_guard.cc:45] The TensorFlow library wasn't compiled to use SSE4.1 instructions, but these are available on your machine and could speed up CPU computations.
2018-06-28 11:20:46.247976: W tensorflow/core/platform/cpu_feature_guard.cc:45] The TensorFlow library wasn't compiled to use SSE4.2 instructions, but these are available on your machine and could speed up CPU computations.
2018-06-28 11:20:46.247984: W tensorflow/core/platform/cpu_feature_guard.cc:45] The TensorFlow library wasn't compiled to use AVX instructions, but these are available on your machine and could speed up CPU computations.
2018-06-28 11:20:46.247988: W tensorflow/core/platform/cpu_feature_guard.cc:45] The TensorFlow library wasn't compiled to use AVX2 instructions, but these are available on your machine and could speed up CPU computations.
2018-06-28 11:20:46.247991: W tensorflow/core/platform/cpu_feature_guard.cc:45] The TensorFlow library wasn't compiled to use FMA instructions, but these are available on your machine and could speed up CPU computations.
2018-06-28 11:20:46.420355: I tensorflow/core/common_runtime/gpu/gpu_device.cc:940] Found device 0 with properties: 
name: Tesla K80
major: 3 minor: 7 memoryClockRate (GHz) 0.8235
pciBusID 0000:05:00.0
Total memory: 11.17GiB
Free memory: 11.10GiB
2018-06-28 11:20:46.420387: I tensorflow/core/common_runtime/gpu/gpu_device.cc:961] DMA: 0 
2018-06-28 11:20:46.420392: I tensorflow/core/common_runtime/gpu/gpu_device.cc:971] 0:   Y 
2018-06-28 11:20:46.420400: I tensorflow/core/common_runtime/gpu/gpu_device.cc:1030] Creating TensorFlow device (/gpu:0) -> (device: 0, name: Tesla K80, pci bus id: 0000:05:00.0)
Epoch 1/50
528s - loss: 1.0184 - full_cross_entropy: 0.6676 - trimmed_cross_entropy: 0.6572 - full_modified_cross_entropy: 0.6676 - full_mse_log_r: 0.1467 - trimmed_mse_log_r: 0.1444 - full_mae_log_r: 0.2058 - full_mse_score: 6.4924 - trimmed_mse_score: 0.4840 - full_mae_score: 0.2608 - val_loss: 1.0337 - val_full_cross_entropy: 0.6657 - val_trimmed_cross_entropy: 0.6553 - val_full_modified_cross_entropy: 0.6657 - val_full_mse_log_r: 0.1279 - val_trimmed_mse_log_r: 0.1259 - val_full_mae_log_r: 0.1790 - val_full_mse_score: 5.0195 - val_trimmed_mse_score: 0.4909 - val_full_mae_score: 0.2589
Epoch 2/50
528s - loss: 0.9038 - full_cross_entropy: 0.6648 - trimmed_cross_entropy: 0.6544 - full_modified_cross_entropy: 0.6648 - full_mse_log_r: 0.1076 - trimmed_mse_log_r: 0.1059 - full_mae_log_r: 0.1763 - full_mse_score: 6.2628 - trimmed_mse_score: 0.3740 - full_mae_score: 0.2197 - val_loss: 0.8564 - val_full_cross_entropy: 0.6623 - val_trimmed_cross_entropy: 0.6519 - val_full_modified_cross_entropy: 0.6622 - val_full_mse_log_r: 0.0766 - val_trimmed_mse_log_r: 0.0754 - val_full_mae_log_r: 0.1264 - val_full_mse_score: 4.4494 - val_trimmed_mse_score: 0.3095 - val_full_mae_score: 0.2023
Epoch 3/50
527s - loss: 0.8618 - full_cross_entropy: 0.6635 - trimmed_cross_entropy: 0.6532 - full_modified_cross_entropy: 0.6635 - full_mse_log_r: 0.0895 - trimmed_mse_log_r: 0.0881 - full_mae_log_r: 0.1599 - full_mse_score: 6.1415 - trimmed_mse_score: 0.3330 - full_mae_score: 0.2031 - val_loss: 0.8747 - val_full_cross_entropy: 0.6689 - val_trimmed_cross_entropy: 0.6584 - val_full_modified_cross_entropy: 0.6688 - val_full_mse_log_r: 0.1225 - val_trimmed_mse_log_r: 0.1206 - val_full_mae_log_r: 0.2780 - val_full_mse_score: 4.4522 - val_trimmed_mse_score: 0.2889 - val_full_mae_score: 0.1923
Epoch 4/50
528s - loss: 0.8352 - full_cross_entropy: 0.6633 - trimmed_cross_entropy: 0.6529 - full_modified_cross_entropy: 0.6633 - full_mse_log_r: 0.0852 - trimmed_mse_log_r: 0.0839 - full_mae_log_r: 0.1564 - full_mse_score: 6.0537 - trimmed_mse_score: 0.3039 - full_mae_score: 0.1913 - val_loss: 0.8261 - val_full_cross_entropy: 0.6634 - val_trimmed_cross_entropy: 0.6530 - val_full_modified_cross_entropy: 0.6635 - val_full_mse_log_r: 0.0848 - val_trimmed_mse_log_r: 0.0835 - val_full_mae_log_r: 0.1722 - val_full_mse_score: 4.5100 - val_trimmed_mse_score: 0.2997 - val_full_mae_score: 0.1839
Epoch 5/50
528s - loss: 0.8206 - full_cross_entropy: 0.6631 - trimmed_cross_entropy: 0.6527 - full_modified_cross_entropy: 0.6630 - full_mse_log_r: 0.0790 - trimmed_mse_log_r: 0.0778 - full_mae_log_r: 0.1550 - full_mse_score: 5.9968 - trimmed_mse_score: 0.2777 - full_mae_score: 0.1825 - val_loss: 0.7885 - val_full_cross_entropy: 0.6616 - val_trimmed_cross_entropy: 0.6512 - val_full_modified_cross_entropy: 0.6616 - val_full_mse_log_r: 0.0674 - val_trimmed_mse_log_r: 0.0663 - val_full_mae_log_r: 0.1190 - val_full_mse_score: 4.2801 - val_trimmed_mse_score: 0.2434 - val_full_mae_score: 0.1699
Epoch 6/50
528s - loss: 0.8008 - full_cross_entropy: 0.6626 - trimmed_cross_entropy: 0.6523 - full_modified_cross_entropy: 0.6626 - full_mse_log_r: 0.0725 - trimmed_mse_log_r: 0.0714 - full_mae_log_r: 0.1500 - full_mse_score: 5.9100 - trimmed_mse_score: 0.2509 - full_mae_score: 0.1728 - val_loss: 0.7930 - val_full_cross_entropy: 0.6628 - val_trimmed_cross_entropy: 0.6524 - val_full_modified_cross_entropy: 0.6627 - val_full_mse_log_r: 0.0696 - val_trimmed_mse_log_r: 0.0685 - val_full_mae_log_r: 0.1442 - val_full_mse_score: 4.2667 - val_trimmed_mse_score: 0.2272 - val_full_mae_score: 0.1630
Epoch 7/50
529s - loss: 0.7787 - full_cross_entropy: 0.6618 - trimmed_cross_entropy: 0.6514 - full_modified_cross_entropy: 0.6617 - full_mse_log_r: 0.0623 - trimmed_mse_log_r: 0.0614 - full_mae_log_r: 0.1345 - full_mse_score: 5.8366 - trimmed_mse_score: 0.2315 - full_mae_score: 0.1637 - val_loss: 0.7535 - val_full_cross_entropy: 0.6603 - val_trimmed_cross_entropy: 0.6499 - val_full_modified_cross_entropy: 0.6602 - val_full_mse_log_r: 0.0430 - val_trimmed_mse_log_r: 0.0423 - val_full_mae_log_r: 0.0902 - val_full_mse_score: 4.0883 - val_trimmed_mse_score: 0.1883 - val_full_mae_score: 0.1544
Epoch 8/50
529s - loss: 0.7587 - full_cross_entropy: 0.6609 - trimmed_cross_entropy: 0.6505 - full_modified_cross_entropy: 0.6609 - full_mse_log_r: 0.0509 - trimmed_mse_log_r: 0.0501 - full_mae_log_r: 0.1179 - full_mse_score: 5.7306 - trimmed_mse_score: 0.2122 - full_mae_score: 0.1557 - val_loss: 0.7589 - val_full_cross_entropy: 0.6601 - val_trimmed_cross_entropy: 0.6498 - val_full_modified_cross_entropy: 0.6601 - val_full_mse_log_r: 0.0408 - val_trimmed_mse_log_r: 0.0402 - val_full_mae_log_r: 0.0864 - val_full_mse_score: 4.0223 - val_trimmed_mse_score: 0.1818 - val_full_mae_score: 0.1466
Epoch 9/50
528s - loss: 0.7622 - full_cross_entropy: 0.6609 - trimmed_cross_entropy: 0.6506 - full_modified_cross_entropy: 0.6609 - full_mse_log_r: 0.0504 - trimmed_mse_log_r: 0.0496 - full_mae_log_r: 0.1169 - full_mse_score: 5.6795 - trimmed_mse_score: 0.2038 - full_mae_score: 0.1514 - val_loss: 0.7751 - val_full_cross_entropy: 0.6612 - val_trimmed_cross_entropy: 0.6509 - val_full_modified_cross_entropy: 0.6613 - val_full_mse_log_r: 0.0536 - val_trimmed_mse_log_r: 0.0528 - val_full_mae_log_r: 0.1226 - val_full_mse_score: 4.1695 - val_trimmed_mse_score: 0.2030 - val_full_mae_score: 0.1478
Epoch 10/50
527s - loss: 0.7577 - full_cross_entropy: 0.6609 - trimmed_cross_entropy: 0.6506 - full_modified_cross_entropy: 0.6609 - full_mse_log_r: 0.0505 - trimmed_mse_log_r: 0.0497 - full_mae_log_r: 0.1154 - full_mse_score: 5.6752 - trimmed_mse_score: 0.1854 - full_mae_score: 0.1488 - val_loss: 0.7330 - val_full_cross_entropy: 0.6601 - val_trimmed_cross_entropy: 0.6498 - val_full_modified_cross_entropy: 0.6601 - val_full_mse_log_r: 0.0397 - val_trimmed_mse_log_r: 0.0391 - val_full_mae_log_r: 0.0930 - val_full_mse_score: 3.9800 - val_trimmed_mse_score: 0.1659 - val_full_mae_score: 0.1349
Epoch 11/50
525s - loss: 0.7517 - full_cross_entropy: 0.6604 - trimmed_cross_entropy: 0.6501 - full_modified_cross_entropy: 0.6604 - full_mse_log_r: 0.0444 - trimmed_mse_log_r: 0.0437 - full_mae_log_r: 0.1042 - full_mse_score: 5.6297 - trimmed_mse_score: 0.1832 - full_mae_score: 0.1444 - val_loss: 0.7530 - val_full_cross_entropy: 0.6603 - val_trimmed_cross_entropy: 0.6500 - val_full_modified_cross_entropy: 0.6603 - val_full_mse_log_r: 0.0490 - val_trimmed_mse_log_r: 0.0482 - val_full_mae_log_r: 0.1023 - val_full_mse_score: 4.0563 - val_trimmed_mse_score: 0.1933 - val_full_mae_score: 0.1444
Epoch 12/50
526s - loss: 0.7403 - full_cross_entropy: 0.6601 - trimmed_cross_entropy: 0.6498 - full_modified_cross_entropy: 0.6601 - full_mse_log_r: 0.0394 - trimmed_mse_log_r: 0.0388 - full_mae_log_r: 0.0989 - full_mse_score: 5.5439 - trimmed_mse_score: 0.1621 - full_mae_score: 0.1371 - val_loss: 0.7341 - val_full_cross_entropy: 0.6604 - val_trimmed_cross_entropy: 0.6501 - val_full_modified_cross_entropy: 0.6604 - val_full_mse_log_r: 0.0365 - val_trimmed_mse_log_r: 0.0359 - val_full_mae_log_r: 0.1190 - val_full_mse_score: 3.8571 - val_trimmed_mse_score: 0.1434 - val_full_mae_score: 0.1296
Epoch 13/50
530s - loss: 0.7268 - full_cross_entropy: 0.6598 - trimmed_cross_entropy: 0.6495 - full_modified_cross_entropy: 0.6597 - full_mse_log_r: 0.0341 - trimmed_mse_log_r: 0.0336 - full_mae_log_r: 0.0905 - full_mse_score: 5.4428 - trimmed_mse_score: 0.1487 - full_mae_score: 0.1304 - val_loss: 0.7449 - val_full_cross_entropy: 0.6593 - val_trimmed_cross_entropy: 0.6490 - val_full_modified_cross_entropy: 0.6593 - val_full_mse_log_r: 0.0296 - val_trimmed_mse_log_r: 0.0291 - val_full_mae_log_r: 0.0721 - val_full_mse_score: 4.0094 - val_trimmed_mse_score: 0.1638 - val_full_mae_score: 0.1305
Epoch 14/50
529s - loss: 0.7239 - full_cross_entropy: 0.6596 - trimmed_cross_entropy: 0.6493 - full_modified_cross_entropy: 0.6596 - full_mse_log_r: 0.0317 - trimmed_mse_log_r: 0.0312 - full_mae_log_r: 0.0887 - full_mse_score: 5.3887 - trimmed_mse_score: 0.1402 - full_mae_score: 0.1252 - val_loss: 0.7436 - val_full_cross_entropy: 0.6602 - val_trimmed_cross_entropy: 0.6499 - val_full_modified_cross_entropy: 0.6602 - val_full_mse_log_r: 0.0369 - val_trimmed_mse_log_r: 0.0363 - val_full_mae_log_r: 0.0918 - val_full_mse_score: 4.2673 - val_trimmed_mse_score: 0.1772 - val_full_mae_score: 0.1383
Epoch 15/50
531s - loss: 0.7180 - full_cross_entropy: 0.6595 - trimmed_cross_entropy: 0.6492 - full_modified_cross_entropy: 0.6595 - full_mse_log_r: 0.0298 - trimmed_mse_log_r: 0.0294 - full_mae_log_r: 0.0855 - full_mse_score: 5.3489 - trimmed_mse_score: 0.1410 - full_mae_score: 0.1221 - val_loss: 0.7288 - val_full_cross_entropy: 0.6597 - val_trimmed_cross_entropy: 0.6494 - val_full_modified_cross_entropy: 0.6596 - val_full_mse_log_r: 0.0299 - val_trimmed_mse_log_r: 0.0295 - val_full_mae_log_r: 0.0833 - val_full_mse_score: 3.9890 - val_trimmed_mse_score: 0.1467 - val_full_mae_score: 0.1257
Epoch 16/50
530s - loss: 0.7110 - full_cross_entropy: 0.6593 - trimmed_cross_entropy: 0.6490 - full_modified_cross_entropy: 0.6593 - full_mse_log_r: 0.0270 - trimmed_mse_log_r: 0.0266 - full_mae_log_r: 0.0797 - full_mse_score: 5.2551 - trimmed_mse_score: 0.1193 - full_mae_score: 0.1168 - val_loss: 0.7135 - val_full_cross_entropy: 0.6592 - val_trimmed_cross_entropy: 0.6489 - val_full_modified_cross_entropy: 0.6592 - val_full_mse_log_r: 0.0244 - val_trimmed_mse_log_r: 0.0241 - val_full_mae_log_r: 0.0653 - val_full_mse_score: 3.7823 - val_trimmed_mse_score: 0.1189 - val_full_mae_score: 0.1174
Epoch 17/50
530s - loss: 0.7068 - full_cross_entropy: 0.6591 - trimmed_cross_entropy: 0.6488 - full_modified_cross_entropy: 0.6591 - full_mse_log_r: 0.0234 - trimmed_mse_log_r: 0.0230 - full_mae_log_r: 0.0731 - full_mse_score: 5.1651 - trimmed_mse_score: 0.1082 - full_mae_score: 0.1118 - val_loss: 0.7236 - val_full_cross_entropy: 0.6593 - val_trimmed_cross_entropy: 0.6490 - val_full_modified_cross_entropy: 0.6593 - val_full_mse_log_r: 0.0268 - val_trimmed_mse_log_r: 0.0264 - val_full_mae_log_r: 0.0653 - val_full_mse_score: 3.9780 - val_trimmed_mse_score: 0.1402 - val_full_mae_score: 0.1177
Epoch 18/50
530s - loss: 0.7001 - full_cross_entropy: 0.6590 - trimmed_cross_entropy: 0.6487 - full_modified_cross_entropy: 0.6590 - full_mse_log_r: 0.0218 - trimmed_mse_log_r: 0.0215 - full_mae_log_r: 0.0703 - full_mse_score: 5.0996 - trimmed_mse_score: 0.1088 - full_mae_score: 0.1077 - val_loss: 0.6995 - val_full_cross_entropy: 0.6588 - val_trimmed_cross_entropy: 0.6485 - val_full_modified_cross_entropy: 0.6588 - val_full_mse_log_r: 0.0202 - val_trimmed_mse_log_r: 0.0199 - val_full_mae_log_r: 0.0573 - val_full_mse_score: 3.5718 - val_trimmed_mse_score: 0.0919 - val_full_mae_score: 0.1068
Epoch 19/50
530s - loss: 0.6946 - full_cross_entropy: 0.6589 - trimmed_cross_entropy: 0.6486 - full_modified_cross_entropy: 0.6588 - full_mse_log_r: 0.0196 - trimmed_mse_log_r: 0.0193 - full_mae_log_r: 0.0668 - full_mse_score: 5.0426 - trimmed_mse_score: 0.0956 - full_mae_score: 0.1036 - val_loss: 0.6974 - val_full_cross_entropy: 0.6587 - val_trimmed_cross_entropy: 0.6484 - val_full_modified_cross_entropy: 0.6587 - val_full_mse_log_r: 0.0194 - val_trimmed_mse_log_r: 0.0191 - val_full_mae_log_r: 0.0518 - val_full_mse_score: 3.6315 - val_trimmed_mse_score: 0.1067 - val_full_mae_score: 0.1043
Epoch 20/50
530s - loss: 0.6919 - full_cross_entropy: 0.6588 - trimmed_cross_entropy: 0.6485 - full_modified_cross_entropy: 0.6588 - full_mse_log_r: 0.0186 - trimmed_mse_log_r: 0.0183 - full_mae_log_r: 0.0645 - full_mse_score: 5.0304 - trimmed_mse_score: 0.0855 - full_mae_score: 0.1016 - val_loss: 0.6917 - val_full_cross_entropy: 0.6589 - val_trimmed_cross_entropy: 0.6486 - val_full_modified_cross_entropy: 0.6588 - val_full_mse_log_r: 0.0163 - val_trimmed_mse_log_r: 0.0161 - val_full_mae_log_r: 0.0664 - val_full_mse_score: 3.3157 - val_trimmed_mse_score: 0.0768 - val_full_mae_score: 0.1014
Epoch 21/50
530s - loss: 0.6907 - full_cross_entropy: 0.6587 - trimmed_cross_entropy: 0.6484 - full_modified_cross_entropy: 0.6587 - full_mse_log_r: 0.0167 - trimmed_mse_log_r: 0.0164 - full_mae_log_r: 0.0611 - full_mse_score: 4.9475 - trimmed_mse_score: 0.0836 - full_mae_score: 0.0976 - val_loss: 0.7008 - val_full_cross_entropy: 0.6593 - val_trimmed_cross_entropy: 0.6490 - val_full_modified_cross_entropy: 0.6593 - val_full_mse_log_r: 0.0226 - val_trimmed_mse_log_r: 0.0222 - val_full_mae_log_r: 0.0954 - val_full_mse_score: 3.6012 - val_trimmed_mse_score: 0.0909 - val_full_mae_score: 0.1060
Epoch 22/50
529s - loss: 0.6886 - full_cross_entropy: 0.6586 - trimmed_cross_entropy: 0.6483 - full_modified_cross_entropy: 0.6586 - full_mse_log_r: 0.0153 - trimmed_mse_log_r: 0.0151 - full_mae_log_r: 0.0585 - full_mse_score: 4.8558 - trimmed_mse_score: 0.0747 - full_mae_score: 0.0941 - val_loss: 0.6857 - val_full_cross_entropy: 0.6586 - val_trimmed_cross_entropy: 0.6483 - val_full_modified_cross_entropy: 0.6586 - val_full_mse_log_r: 0.0145 - val_trimmed_mse_log_r: 0.0143 - val_full_mae_log_r: 0.0558 - val_full_mse_score: 3.3208 - val_trimmed_mse_score: 0.0702 - val_full_mae_score: 0.0893
Epoch 23/50
529s - loss: 0.6836 - full_cross_entropy: 0.6585 - trimmed_cross_entropy: 0.6482 - full_modified_cross_entropy: 0.6585 - full_mse_log_r: 0.0141 - trimmed_mse_log_r: 0.0138 - full_mae_log_r: 0.0557 - full_mse_score: 4.7979 - trimmed_mse_score: 0.0713 - full_mae_score: 0.0920 - val_loss: 0.6863 - val_full_cross_entropy: 0.6586 - val_trimmed_cross_entropy: 0.6483 - val_full_modified_cross_entropy: 0.6585 - val_full_mse_log_r: 0.0137 - val_trimmed_mse_log_r: 0.0135 - val_full_mae_log_r: 0.0476 - val_full_mse_score: 3.3637 - val_trimmed_mse_score: 0.0766 - val_full_mae_score: 0.0948
Epoch 24/50
529s - loss: 0.6846 - full_cross_entropy: 0.6585 - trimmed_cross_entropy: 0.6482 - full_modified_cross_entropy: 0.6585 - full_mse_log_r: 0.0135 - trimmed_mse_log_r: 0.0133 - full_mae_log_r: 0.0545 - full_mse_score: 4.8300 - trimmed_mse_score: 0.0767 - full_mae_score: 0.0905 - val_loss: 0.6986 - val_full_cross_entropy: 0.6587 - val_trimmed_cross_entropy: 0.6484 - val_full_modified_cross_entropy: 0.6586 - val_full_mse_log_r: 0.0135 - val_trimmed_mse_log_r: 0.0133 - val_full_mae_log_r: 0.0597 - val_full_mse_score: 3.2538 - val_trimmed_mse_score: 0.0723 - val_full_mae_score: 0.0931
Epoch 25/50
530s - loss: 0.6798 - full_cross_entropy: 0.6584 - trimmed_cross_entropy: 0.6482 - full_modified_cross_entropy: 0.6584 - full_mse_log_r: 0.0126 - trimmed_mse_log_r: 0.0124 - full_mae_log_r: 0.0519 - full_mse_score: 4.7748 - trimmed_mse_score: 0.0692 - full_mae_score: 0.0882 - val_loss: 0.6831 - val_full_cross_entropy: 0.6589 - val_trimmed_cross_entropy: 0.6486 - val_full_modified_cross_entropy: 0.6588 - val_full_mse_log_r: 0.0146 - val_trimmed_mse_log_r: 0.0144 - val_full_mae_log_r: 0.0768 - val_full_mse_score: 3.3226 - val_trimmed_mse_score: 0.0697 - val_full_mae_score: 0.0887
Epoch 26/50
530s - loss: 0.6807 - full_cross_entropy: 0.6584 - trimmed_cross_entropy: 0.6481 - full_modified_cross_entropy: 0.6584 - full_mse_log_r: 0.0117 - trimmed_mse_log_r: 0.0115 - full_mae_log_r: 0.0499 - full_mse_score: 4.7084 - trimmed_mse_score: 0.0623 - full_mae_score: 0.0857 - val_loss: 0.6868 - val_full_cross_entropy: 0.6585 - val_trimmed_cross_entropy: 0.6482 - val_full_modified_cross_entropy: 0.6585 - val_full_mse_log_r: 0.0125 - val_trimmed_mse_log_r: 0.0123 - val_full_mae_log_r: 0.0450 - val_full_mse_score: 3.2956 - val_trimmed_mse_score: 0.0696 - val_full_mae_score: 0.0883
Epoch 27/50
530s - loss: 0.6774 - full_cross_entropy: 0.6584 - trimmed_cross_entropy: 0.6481 - full_modified_cross_entropy: 0.6583 - full_mse_log_r: 0.0109 - trimmed_mse_log_r: 0.0108 - full_mae_log_r: 0.0481 - full_mse_score: 4.6759 - trimmed_mse_score: 0.0567 - full_mae_score: 0.0836 - val_loss: 0.6747 - val_full_cross_entropy: 0.6586 - val_trimmed_cross_entropy: 0.6483 - val_full_modified_cross_entropy: 0.6586 - val_full_mse_log_r: 0.0115 - val_trimmed_mse_log_r: 0.0113 - val_full_mae_log_r: 0.0619 - val_full_mse_score: 3.0760 - val_trimmed_mse_score: 0.0540 - val_full_mae_score: 0.0806
Epoch 28/50
530s - loss: 0.6765 - full_cross_entropy: 0.6583 - trimmed_cross_entropy: 0.6480 - full_modified_cross_entropy: 0.6583 - full_mse_log_r: 0.0103 - trimmed_mse_log_r: 0.0101 - full_mae_log_r: 0.0461 - full_mse_score: 4.6193 - trimmed_mse_score: 0.0588 - full_mae_score: 0.0818 - val_loss: 0.6778 - val_full_cross_entropy: 0.6585 - val_trimmed_cross_entropy: 0.6482 - val_full_modified_cross_entropy: 0.6585 - val_full_mse_log_r: 0.0108 - val_trimmed_mse_log_r: 0.0107 - val_full_mae_log_r: 0.0525 - val_full_mse_score: 3.0740 - val_trimmed_mse_score: 0.0511 - val_full_mae_score: 0.0788
Epoch 29/50
529s - loss: 0.6747 - full_cross_entropy: 0.6583 - trimmed_cross_entropy: 0.6480 - full_modified_cross_entropy: 0.6583 - full_mse_log_r: 0.0097 - trimmed_mse_log_r: 0.0096 - full_mae_log_r: 0.0449 - full_mse_score: 4.5985 - trimmed_mse_score: 0.0506 - full_mae_score: 0.0801 - val_loss: 0.6739 - val_full_cross_entropy: 0.6583 - val_trimmed_cross_entropy: 0.6480 - val_full_modified_cross_entropy: 0.6583 - val_full_mse_log_r: 0.0095 - val_trimmed_mse_log_r: 0.0093 - val_full_mae_log_r: 0.0376 - val_full_mse_score: 3.2132 - val_trimmed_mse_score: 0.0592 - val_full_mae_score: 0.0814
Epoch 30/50
530s - loss: 0.6729 - full_cross_entropy: 0.6583 - trimmed_cross_entropy: 0.6480 - full_modified_cross_entropy: 0.6582 - full_mse_log_r: 0.0091 - trimmed_mse_log_r: 0.0089 - full_mae_log_r: 0.0431 - full_mse_score: 4.5309 - trimmed_mse_score: 0.0538 - full_mae_score: 0.0783 - val_loss: 0.6711 - val_full_cross_entropy: 0.6583 - val_trimmed_cross_entropy: 0.6480 - val_full_modified_cross_entropy: 0.6582 - val_full_mse_log_r: 0.0076 - val_trimmed_mse_log_r: 0.0075 - val_full_mae_log_r: 0.0352 - val_full_mse_score: 2.9511 - val_trimmed_mse_score: 0.0418 - val_full_mae_score: 0.0744
Epoch 31/50
529s - loss: 0.6716 - full_cross_entropy: 0.6582 - trimmed_cross_entropy: 0.6479 - full_modified_cross_entropy: 0.6582 - full_mse_log_r: 0.0086 - trimmed_mse_log_r: 0.0085 - full_mae_log_r: 0.0417 - full_mse_score: 4.5295 - trimmed_mse_score: 0.0475 - full_mae_score: 0.0770 - val_loss: 0.6706 - val_full_cross_entropy: 0.6583 - val_trimmed_cross_entropy: 0.6480 - val_full_modified_cross_entropy: 0.6582 - val_full_mse_log_r: 0.0078 - val_trimmed_mse_log_r: 0.0076 - val_full_mae_log_r: 0.0355 - val_full_mse_score: 2.9994 - val_trimmed_mse_score: 0.0450 - val_full_mae_score: 0.0751
Epoch 32/50
530s - loss: 0.6733 - full_cross_entropy: 0.6582 - trimmed_cross_entropy: 0.6479 - full_modified_cross_entropy: 0.6582 - full_mse_log_r: 0.0082 - trimmed_mse_log_r: 0.0081 - full_mae_log_r: 0.0405 - full_mse_score: 4.4959 - trimmed_mse_score: 0.0413 - full_mae_score: 0.0755 - val_loss: 0.6760 - val_full_cross_entropy: 0.6583 - val_trimmed_cross_entropy: 0.6480 - val_full_modified_cross_entropy: 0.6583 - val_full_mse_log_r: 0.0081 - val_trimmed_mse_log_r: 0.0080 - val_full_mae_log_r: 0.0388 - val_full_mse_score: 3.0348 - val_trimmed_mse_score: 0.0500 - val_full_mae_score: 0.0764
Epoch 33/50
531s - loss: 0.6695 - full_cross_entropy: 0.6582 - trimmed_cross_entropy: 0.6479 - full_modified_cross_entropy: 0.6582 - full_mse_log_r: 0.0078 - trimmed_mse_log_r: 0.0077 - full_mae_log_r: 0.0395 - full_mse_score: 4.4971 - trimmed_mse_score: 0.0468 - full_mae_score: 0.0745 - val_loss: 0.6712 - val_full_cross_entropy: 0.6583 - val_trimmed_cross_entropy: 0.6480 - val_full_modified_cross_entropy: 0.6582 - val_full_mse_log_r: 0.0074 - val_trimmed_mse_log_r: 0.0072 - val_full_mae_log_r: 0.0356 - val_full_mse_score: 2.8927 - val_trimmed_mse_score: 0.0416 - val_full_mae_score: 0.0714
Epoch 34/50
531s - loss: 0.6693 - full_cross_entropy: 0.6582 - trimmed_cross_entropy: 0.6479 - full_modified_cross_entropy: 0.6582 - full_mse_log_r: 0.0075 - trimmed_mse_log_r: 0.0074 - full_mae_log_r: 0.0383 - full_mse_score: 4.4531 - trimmed_mse_score: 0.0396 - full_mae_score: 0.0731 - val_loss: 0.6708 - val_full_cross_entropy: 0.6582 - val_trimmed_cross_entropy: 0.6479 - val_full_modified_cross_entropy: 0.6582 - val_full_mse_log_r: 0.0066 - val_trimmed_mse_log_r: 0.0065 - val_full_mae_log_r: 0.0333 - val_full_mse_score: 2.9067 - val_trimmed_mse_score: 0.0430 - val_full_mae_score: 0.0724
Epoch 35/50
530s - loss: 0.6686 - full_cross_entropy: 0.6582 - trimmed_cross_entropy: 0.6479 - full_modified_cross_entropy: 0.6581 - full_mse_log_r: 0.0073 - trimmed_mse_log_r: 0.0071 - full_mae_log_r: 0.0376 - full_mse_score: 4.4308 - trimmed_mse_score: 0.0507 - full_mae_score: 0.0725 - val_loss: 0.6712 - val_full_cross_entropy: 0.6582 - val_trimmed_cross_entropy: 0.6479 - val_full_modified_cross_entropy: 0.6582 - val_full_mse_log_r: 0.0070 - val_trimmed_mse_log_r: 0.0069 - val_full_mae_log_r: 0.0329 - val_full_mse_score: 3.0216 - val_trimmed_mse_score: 0.0478 - val_full_mae_score: 0.0741
Epoch 36/50
530s - loss: 0.6686 - full_cross_entropy: 0.6581 - trimmed_cross_entropy: 0.6479 - full_modified_cross_entropy: 0.6581 - full_mse_log_r: 0.0069 - trimmed_mse_log_r: 0.0068 - full_mae_log_r: 0.0366 - full_mse_score: 4.3789 - trimmed_mse_score: 0.0388 - full_mae_score: 0.0709 - val_loss: 0.6702 - val_full_cross_entropy: 0.6582 - val_trimmed_cross_entropy: 0.6479 - val_full_modified_cross_entropy: 0.6582 - val_full_mse_log_r: 0.0064 - val_trimmed_mse_log_r: 0.0063 - val_full_mae_log_r: 0.0330 - val_full_mse_score: 2.8531 - val_trimmed_mse_score: 0.0408 - val_full_mae_score: 0.0702
Epoch 37/50
531s - loss: 0.6680 - full_cross_entropy: 0.6581 - trimmed_cross_entropy: 0.6478 - full_modified_cross_entropy: 0.6581 - full_mse_log_r: 0.0067 - trimmed_mse_log_r: 0.0066 - full_mae_log_r: 0.0357 - full_mse_score: 4.3646 - trimmed_mse_score: 0.0355 - full_mae_score: 0.0700 - val_loss: 0.6684 - val_full_cross_entropy: 0.6582 - val_trimmed_cross_entropy: 0.6479 - val_full_modified_cross_entropy: 0.6582 - val_full_mse_log_r: 0.0063 - val_trimmed_mse_log_r: 0.0062 - val_full_mae_log_r: 0.0326 - val_full_mse_score: 2.7957 - val_trimmed_mse_score: 0.0385 - val_full_mae_score: 0.0690
Epoch 38/50
531s - loss: 0.6677 - full_cross_entropy: 0.6581 - trimmed_cross_entropy: 0.6478 - full_modified_cross_entropy: 0.6581 - full_mse_log_r: 0.0065 - trimmed_mse_log_r: 0.0064 - full_mae_log_r: 0.0351 - full_mse_score: 4.3553 - trimmed_mse_score: 0.0367 - full_mae_score: 0.0694 - val_loss: 0.6682 - val_full_cross_entropy: 0.6582 - val_trimmed_cross_entropy: 0.6480 - val_full_modified_cross_entropy: 0.6582 - val_full_mse_log_r: 0.0067 - val_trimmed_mse_log_r: 0.0066 - val_full_mae_log_r: 0.0373 - val_full_mse_score: 2.7817 - val_trimmed_mse_score: 0.0353 - val_full_mae_score: 0.0685
Epoch 39/50
531s - loss: 0.6664 - full_cross_entropy: 0.6581 - trimmed_cross_entropy: 0.6478 - full_modified_cross_entropy: 0.6581 - full_mse_log_r: 0.0063 - trimmed_mse_log_r: 0.0062 - full_mae_log_r: 0.0343 - full_mse_score: 4.3711 - trimmed_mse_score: 0.0389 - full_mae_score: 0.0687 - val_loss: 0.6696 - val_full_cross_entropy: 0.6582 - val_trimmed_cross_entropy: 0.6479 - val_full_modified_cross_entropy: 0.6582 - val_full_mse_log_r: 0.0059 - val_trimmed_mse_log_r: 0.0058 - val_full_mae_log_r: 0.0326 - val_full_mse_score: 2.8701 - val_trimmed_mse_score: 0.0397 - val_full_mae_score: 0.0689
Epoch 40/50
531s - loss: 0.6671 - full_cross_entropy: 0.6581 - trimmed_cross_entropy: 0.6478 - full_modified_cross_entropy: 0.6581 - full_mse_log_r: 0.0062 - trimmed_mse_log_r: 0.0061 - full_mae_log_r: 0.0337 - full_mse_score: 4.3673 - trimmed_mse_score: 0.0357 - full_mae_score: 0.0688 - val_loss: 0.6684 - val_full_cross_entropy: 0.6582 - val_trimmed_cross_entropy: 0.6479 - val_full_modified_cross_entropy: 0.6582 - val_full_mse_log_r: 0.0058 - val_trimmed_mse_log_r: 0.0057 - val_full_mae_log_r: 0.0328 - val_full_mse_score: 2.7992 - val_trimmed_mse_score: 0.0360 - val_full_mae_score: 0.0675
Epoch 41/50
531s - loss: 0.6671 - full_cross_entropy: 0.6581 - trimmed_cross_entropy: 0.6478 - full_modified_cross_entropy: 0.6581 - full_mse_log_r: 0.0059 - trimmed_mse_log_r: 0.0058 - full_mae_log_r: 0.0332 - full_mse_score: 4.3232 - trimmed_mse_score: 0.0359 - full_mae_score: 0.0675 - val_loss: 0.6675 - val_full_cross_entropy: 0.6582 - val_trimmed_cross_entropy: 0.6479 - val_full_modified_cross_entropy: 0.6581 - val_full_mse_log_r: 0.0057 - val_trimmed_mse_log_r: 0.0056 - val_full_mae_log_r: 0.0306 - val_full_mse_score: 2.7492 - val_trimmed_mse_score: 0.0342 - val_full_mae_score: 0.0661
Epoch 42/50
530s - loss: 0.6659 - full_cross_entropy: 0.6581 - trimmed_cross_entropy: 0.6478 - full_modified_cross_entropy: 0.6581 - full_mse_log_r: 0.0059 - trimmed_mse_log_r: 0.0058 - full_mae_log_r: 0.0326 - full_mse_score: 4.3314 - trimmed_mse_score: 0.0384 - full_mae_score: 0.0671 - val_loss: 0.6677 - val_full_cross_entropy: 0.6584 - val_trimmed_cross_entropy: 0.6481 - val_full_modified_cross_entropy: 0.6584 - val_full_mse_log_r: 0.0075 - val_trimmed_mse_log_r: 0.0074 - val_full_mae_log_r: 0.0544 - val_full_mse_score: 2.7682 - val_trimmed_mse_score: 0.0348 - val_full_mae_score: 0.0666
Epoch 43/50
531s - loss: 0.6653 - full_cross_entropy: 0.6581 - trimmed_cross_entropy: 0.6478 - full_modified_cross_entropy: 0.6581 - full_mse_log_r: 0.0057 - trimmed_mse_log_r: 0.0056 - full_mae_log_r: 0.0322 - full_mse_score: 4.3022 - trimmed_mse_score: 0.0358 - full_mae_score: 0.0666 - val_loss: 0.6677 - val_full_cross_entropy: 0.6582 - val_trimmed_cross_entropy: 0.6479 - val_full_modified_cross_entropy: 0.6582 - val_full_mse_log_r: 0.0062 - val_trimmed_mse_log_r: 0.0061 - val_full_mae_log_r: 0.0335 - val_full_mse_score: 2.7891 - val_trimmed_mse_score: 0.0372 - val_full_mae_score: 0.0672
Epoch 44/50
532s - loss: 0.6655 - full_cross_entropy: 0.6581 - trimmed_cross_entropy: 0.6478 - full_modified_cross_entropy: 0.6581 - full_mse_log_r: 0.0057 - trimmed_mse_log_r: 0.0056 - full_mae_log_r: 0.0319 - full_mse_score: 4.3078 - trimmed_mse_score: 0.0330 - full_mae_score: 0.0662 - val_loss: 0.6687 - val_full_cross_entropy: 0.6582 - val_trimmed_cross_entropy: 0.6479 - val_full_modified_cross_entropy: 0.6581 - val_full_mse_log_r: 0.0055 - val_trimmed_mse_log_r: 0.0054 - val_full_mae_log_r: 0.0299 - val_full_mse_score: 2.8497 - val_trimmed_mse_score: 0.0382 - val_full_mae_score: 0.0671
Epoch 45/50
531s - loss: 0.6647 - full_cross_entropy: 0.6581 - trimmed_cross_entropy: 0.6478 - full_modified_cross_entropy: 0.6581 - full_mse_log_r: 0.0055 - trimmed_mse_log_r: 0.0054 - full_mae_log_r: 0.0314 - full_mse_score: 4.3062 - trimmed_mse_score: 0.0319 - full_mae_score: 0.0659 - val_loss: 0.6677 - val_full_cross_entropy: 0.6582 - val_trimmed_cross_entropy: 0.6479 - val_full_modified_cross_entropy: 0.6581 - val_full_mse_log_r: 0.0057 - val_trimmed_mse_log_r: 0.0056 - val_full_mae_log_r: 0.0304 - val_full_mse_score: 2.8009 - val_trimmed_mse_score: 0.0356 - val_full_mae_score: 0.0660
Epoch 46/50
531s - loss: 0.6647 - full_cross_entropy: 0.6581 - trimmed_cross_entropy: 0.6478 - full_modified_cross_entropy: 0.6580 - full_mse_log_r: 0.0055 - trimmed_mse_log_r: 0.0054 - full_mae_log_r: 0.0311 - full_mse_score: 4.3199 - trimmed_mse_score: 0.0378 - full_mae_score: 0.0656 - val_loss: 0.6675 - val_full_cross_entropy: 0.6582 - val_trimmed_cross_entropy: 0.6479 - val_full_modified_cross_entropy: 0.6581 - val_full_mse_log_r: 0.0054 - val_trimmed_mse_log_r: 0.0053 - val_full_mae_log_r: 0.0298 - val_full_mse_score: 2.8100 - val_trimmed_mse_score: 0.0356 - val_full_mae_score: 0.0657
Epoch 47/50
531s - loss: 0.6649 - full_cross_entropy: 0.6581 - trimmed_cross_entropy: 0.6478 - full_modified_cross_entropy: 0.6580 - full_mse_log_r: 0.0054 - trimmed_mse_log_r: 0.0053 - full_mae_log_r: 0.0308 - full_mse_score: 4.2915 - trimmed_mse_score: 0.0436 - full_mae_score: 0.0652 - val_loss: 0.6680 - val_full_cross_entropy: 0.6582 - val_trimmed_cross_entropy: 0.6479 - val_full_modified_cross_entropy: 0.6581 - val_full_mse_log_r: 0.0052 - val_trimmed_mse_log_r: 0.0051 - val_full_mae_log_r: 0.0294 - val_full_mse_score: 2.8106 - val_trimmed_mse_score: 0.0344 - val_full_mae_score: 0.0648
Epoch 48/50
531s - loss: 0.6641 - full_cross_entropy: 0.6581 - trimmed_cross_entropy: 0.6478 - full_modified_cross_entropy: 0.6580 - full_mse_log_r: 0.0053 - trimmed_mse_log_r: 0.0052 - full_mae_log_r: 0.0304 - full_mse_score: 4.2804 - trimmed_mse_score: 0.0306 - full_mae_score: 0.0649 - val_loss: 0.6678 - val_full_cross_entropy: 0.6582 - val_trimmed_cross_entropy: 0.6479 - val_full_modified_cross_entropy: 0.6581 - val_full_mse_log_r: 0.0053 - val_trimmed_mse_log_r: 0.0052 - val_full_mae_log_r: 0.0298 - val_full_mse_score: 2.8202 - val_trimmed_mse_score: 0.0360 - val_full_mae_score: 0.0654
Epoch 49/50
530s - loss: 0.6641 - full_cross_entropy: 0.6581 - trimmed_cross_entropy: 0.6478 - full_modified_cross_entropy: 0.6580 - full_mse_log_r: 0.0052 - trimmed_mse_log_r: 0.0052 - full_mae_log_r: 0.0302 - full_mse_score: 4.2943 - trimmed_mse_score: 0.0310 - full_mae_score: 0.0647 - val_loss: 0.6671 - val_full_cross_entropy: 0.6582 - val_trimmed_cross_entropy: 0.6479 - val_full_modified_cross_entropy: 0.6582 - val_full_mse_log_r: 0.0055 - val_trimmed_mse_log_r: 0.0054 - val_full_mae_log_r: 0.0369 - val_full_mse_score: 2.7873 - val_trimmed_mse_score: 0.0354 - val_full_mae_score: 0.0652
Epoch 50/50
531s - loss: 0.6642 - full_cross_entropy: 0.6580 - trimmed_cross_entropy: 0.6478 - full_modified_cross_entropy: 0.6580 - full_mse_log_r: 0.0052 - trimmed_mse_log_r: 0.0051 - full_mae_log_r: 0.0300 - full_mse_score: 4.2961 - trimmed_mse_score: 0.0312 - full_mae_score: 0.0646 - val_loss: 0.6671 - val_full_cross_entropy: 0.6581 - val_trimmed_cross_entropy: 0.6479 - val_full_modified_cross_entropy: 0.6581 - val_full_mse_log_r: 0.0050 - val_trimmed_mse_log_r: 0.0050 - val_full_mae_log_r: 0.0290 - val_full_mse_score: 2.7919 - val_trimmed_mse_score: 0.0342 - val_full_mae_score: 0.0642
28.06.2018 18:42:30 INFO    Starting evaluation
28.06.2018 18:45:29 INFO    Starting theta 100 / 1017
28.06.2018 18:48:22 INFO    Starting theta 200 / 1017
28.06.2018 18:51:15 INFO    Starting theta 300 / 1017
28.06.2018 18:54:08 INFO    Starting theta 400 / 1017
28.06.2018 18:57:01 INFO    Starting theta 500 / 1017
28.06.2018 18:59:54 INFO    Starting theta 600 / 1017
28.06.2018 19:02:47 INFO    Starting theta 700 / 1017
28.06.2018 19:05:40 INFO    Starting theta 800 / 1017
28.06.2018 19:08:33 INFO    Starting theta 900 / 1017
28.06.2018 19:11:26 INFO    Starting theta 1000 / 1017
28.06.2018 19:11:57 INFO    Evaluation timing: median 1.71686911583 s, mean 1.71812233484 s
28.06.2018 19:11:57 INFO    Starting roaming
28.06.2018 19:12:32 INFO    Starting calibrated evaluation and roaming
28.06.2018 21:11:33 INFO    Starting theta 100 / 1017
28.06.2018 23:11:41 INFO    Starting theta 200 / 1017
29.06.2018 01:11:52 INFO    Starting theta 300 / 1017
29.06.2018 03:12:00 INFO    Starting theta 400 / 1017
29.06.2018 05:12:11 INFO    Starting theta 500 / 1017
29.06.2018 07:12:24 INFO    Starting theta 600 / 1017
29.06.2018 09:12:34 INFO    Starting theta 700 / 1017
29.06.2018 11:12:21 INFO    Starting theta 800 / 1017
29.06.2018 13:12:21 INFO    Starting theta 900 / 1017
29.06.2018 15:12:30 INFO    Starting theta 1000 / 1017
29.06.2018 15:34:09 INFO    Calibrated evaluation timing: median 1.72351908684 s, mean 1.72454671475 s
29.06.2018 15:34:09 INFO    Interpolating calibrated roaming
29.06.2018 15:39:54 INFO    That's it -- have a great day!
