Using TensorFlow backend.
17.07.2018 12:55:05 INFO    Hi! How are you today?
17.07.2018 12:55:05 INFO    Startup options:
17.07.2018 12:55:05 INFO      Algorithm:                     scoreregression
17.07.2018 12:55:05 INFO      Point by point:                False
17.07.2018 12:55:05 INFO      Morphing-aware mode:           False
17.07.2018 12:55:05 INFO      Smeared data:                  True
17.07.2018 12:55:05 INFO      Training sample:               baseline
17.07.2018 12:55:05 INFO      alpha:                         None
17.07.2018 12:55:05 INFO      Histogram / AFC X indices:     [1, 38, 39, 40, 41]
17.07.2018 12:55:05 INFO      AFC epsilon:                   None
17.07.2018 12:55:05 INFO      Denominator theta:             True
17.07.2018 12:55:05 INFO      Neyman construction toys:      0
17.07.2018 12:55:05 INFO      Training sample size limit:    100000
17.07.2018 12:55:05 INFO      Other options:                 ['deep', 'neyman2']
17.07.2018 12:55:05 INFO      Base directory:                /home/jb6504/higgs_inference
17.07.2018 12:55:05 INFO      ML-based strategies available: True
17.07.2018 12:55:05 INFO    Starting score regression inference
17.07.2018 12:55:05 INFO    Options:
17.07.2018 12:55:05 INFO      Denominator theta:       denominator 0 = theta 708 = [ 0.39293227  0.43229216]
17.07.2018 12:55:05 INFO      Number of hidden layers: 5
17.07.2018 12:55:05 INFO      Batch size:              128
17.07.2018 12:55:05 INFO      Learning rate:           0.001
17.07.2018 12:55:05 INFO      Learning rate decay:     0.000921034037198
17.07.2018 12:55:05 INFO      Number of epochs:        5000
17.07.2018 12:55:05 INFO      Training samples:        100000
17.07.2018 12:55:05 INFO      NC experiments:          (10000 alternate + 10000 null) experiments with 1 alternate events each
17.07.2018 12:55:40 INFO    Reduced training sample size from 10000000 to 100000 (factor 100)
17.07.2018 12:55:41 INFO    Starting training of score regression
2018-07-17 12:55:41.752159: W tensorflow/core/platform/cpu_feature_guard.cc:45] The TensorFlow library wasn't compiled to use SSE4.1 instructions, but these are available on your machine and could speed up CPU computations.
2018-07-17 12:55:41.752192: W tensorflow/core/platform/cpu_feature_guard.cc:45] The TensorFlow library wasn't compiled to use SSE4.2 instructions, but these are available on your machine and could speed up CPU computations.
2018-07-17 12:55:41.752197: W tensorflow/core/platform/cpu_feature_guard.cc:45] The TensorFlow library wasn't compiled to use AVX instructions, but these are available on your machine and could speed up CPU computations.
2018-07-17 12:55:41.752201: W tensorflow/core/platform/cpu_feature_guard.cc:45] The TensorFlow library wasn't compiled to use AVX2 instructions, but these are available on your machine and could speed up CPU computations.
2018-07-17 12:55:41.752205: W tensorflow/core/platform/cpu_feature_guard.cc:45] The TensorFlow library wasn't compiled to use FMA instructions, but these are available on your machine and could speed up CPU computations.
2018-07-17 12:55:41.921969: I tensorflow/core/common_runtime/gpu/gpu_device.cc:940] Found device 0 with properties: 
name: Tesla K80
major: 3 minor: 7 memoryClockRate (GHz) 0.8235
pciBusID 0000:84:00.0
Total memory: 11.17GiB
Free memory: 11.10GiB
2018-07-17 12:55:41.922004: I tensorflow/core/common_runtime/gpu/gpu_device.cc:961] DMA: 0 
2018-07-17 12:55:41.922010: I tensorflow/core/common_runtime/gpu/gpu_device.cc:971] 0:   Y 
2018-07-17 12:55:41.922019: I tensorflow/core/common_runtime/gpu/gpu_device.cc:1030] Creating TensorFlow device (/gpu:0) -> (device: 0, name: Tesla K80, pci bus id: 0000:84:00.0)
Epoch 01042: early stopping
17.07.2018 13:54:15 INFO    Starting evaluation
17.07.2018 13:55:11 INFO    Score regression evaluation timing: 1.28619980812 s
17.07.2018 13:55:11 INFO    Starting density estimation
17.07.2018 14:04:17 INFO    Starting theta 100 / 1017
17.07.2018 14:08:10 INFO    Starting theta 200 / 1017
17.07.2018 14:12:02 INFO    Starting theta 300 / 1017
17.07.2018 14:15:55 INFO    Starting theta 400 / 1017
17.07.2018 14:19:49 INFO    Starting theta 500 / 1017
17.07.2018 14:23:42 INFO    Starting theta 600 / 1017
17.07.2018 14:27:34 INFO    Starting theta 700 / 1017
17.07.2018 14:31:26 INFO    Starting theta 800 / 1017
17.07.2018 14:35:17 INFO    Starting theta 900 / 1017
17.07.2018 14:39:09 INFO    Starting theta 1000 / 1017
17.07.2018 14:39:50 INFO    Score density estimation timing: median 0.00799202919006 s, mean 0.0078384076834 s
17.07.2018 14:39:50 INFO    Rotated score density estimation timing: median 0.0116889476776 s, mean 0.0114843688297 s
17.07.2018 14:39:50 INFO    Score times theta density estimation timing: median 0.0122230052948 s, mean 0.0119569503218 s
17.07.2018 14:39:51 INFO    That's it -- have a great day!
