Using TensorFlow backend.
13.07.2018 12:43:16 INFO    Hi! How are you today?
13.07.2018 12:43:16 INFO    Startup options:
13.07.2018 12:43:16 INFO      Algorithm:                     mxe
13.07.2018 12:43:16 INFO      Point by point:                False
13.07.2018 12:43:16 INFO      Morphing-aware mode:           False
13.07.2018 12:43:16 INFO      Smeared data:                  False
13.07.2018 12:43:16 INFO      Training sample:               baseline
13.07.2018 12:43:16 INFO      alpha:                         None
13.07.2018 12:43:16 INFO      Histogram / AFC X indices:     [1, 38, 39, 40, 41]
13.07.2018 12:43:16 INFO      AFC epsilon:                   None
13.07.2018 12:43:16 INFO      Denominator theta:             False
13.07.2018 12:43:16 INFO      Neyman construction toys:      0
13.07.2018 12:43:16 INFO      Training sample size limit:    None
13.07.2018 12:43:16 INFO      Other options:                 
13.07.2018 12:43:16 INFO      Base directory:                /home/jb6504/higgs_inference
13.07.2018 12:43:16 INFO      ML-based strategies available: True
13.07.2018 12:43:16 INFO    Starting parameterized inference
13.07.2018 12:43:16 INFO    Main settings:
13.07.2018 12:43:16 INFO      Algorithm:                mxe
13.07.2018 12:43:16 INFO      Morphing-aware:           False
13.07.2018 12:43:16 INFO      Training sample:          baseline
13.07.2018 12:43:16 INFO      Denominator theta:        denominator 0 = theta 708 = [ 0.39293227  0.43229216]
13.07.2018 12:43:16 INFO    Options:
13.07.2018 12:43:16 INFO      Number of hidden layers:  3
13.07.2018 12:43:16 INFO      Batch size:               128
13.07.2018 12:43:16 INFO      Learning rate:            0.001
13.07.2018 12:43:16 INFO      Learning rate decay:      0.0921034037198
13.07.2018 12:43:16 INFO      Number of epochs:         50
13.07.2018 12:43:16 INFO      Training samples:         all
13.07.2018 12:43:16 INFO      NC experiments:           False
13.07.2018 12:43:16 INFO      Debug mode:               False
13.07.2018 12:44:15 INFO    Starting training
Train on 7999997 samples, validate on 2000000 samples
2018-07-13 12:44:15.972096: W tensorflow/core/platform/cpu_feature_guard.cc:45] The TensorFlow library wasn't compiled to use SSE4.1 instructions, but these are available on your machine and could speed up CPU computations.
2018-07-13 12:44:15.972345: W tensorflow/core/platform/cpu_feature_guard.cc:45] The TensorFlow library wasn't compiled to use SSE4.2 instructions, but these are available on your machine and could speed up CPU computations.
2018-07-13 12:44:15.972354: W tensorflow/core/platform/cpu_feature_guard.cc:45] The TensorFlow library wasn't compiled to use AVX instructions, but these are available on your machine and could speed up CPU computations.
2018-07-13 12:44:15.972358: W tensorflow/core/platform/cpu_feature_guard.cc:45] The TensorFlow library wasn't compiled to use AVX2 instructions, but these are available on your machine and could speed up CPU computations.
2018-07-13 12:44:15.972362: W tensorflow/core/platform/cpu_feature_guard.cc:45] The TensorFlow library wasn't compiled to use FMA instructions, but these are available on your machine and could speed up CPU computations.
2018-07-13 12:44:16.188651: I tensorflow/core/common_runtime/gpu/gpu_device.cc:940] Found device 0 with properties: 
name: Tesla P40
major: 6 minor: 1 memoryClockRate (GHz) 1.531
pciBusID 0000:85:00.0
Total memory: 22.38GiB
Free memory: 22.22GiB
2018-07-13 12:44:16.188688: I tensorflow/core/common_runtime/gpu/gpu_device.cc:961] DMA: 0 
2018-07-13 12:44:16.188695: I tensorflow/core/common_runtime/gpu/gpu_device.cc:971] 0:   Y 
2018-07-13 12:44:16.188706: I tensorflow/core/common_runtime/gpu/gpu_device.cc:1030] Creating TensorFlow device (/gpu:0) -> (device: 0, name: Tesla P40, pci bus id: 0000:85:00.0)
Epoch 1/50
432s - loss: 0.6593 - full_cross_entropy: 0.6593 - trimmed_cross_entropy: 0.6490 - full_modified_cross_entropy: 0.6593 - full_mse_log_r: 0.0342 - trimmed_mse_log_r: 0.0337 - full_mae_log_r: 0.0658 - full_mse_score: 5.9799 - trimmed_mse_score: 0.3062 - full_mae_score: 0.2115 - val_loss: 0.6584 - val_full_cross_entropy: 0.6584 - val_trimmed_cross_entropy: 0.6481 - val_full_modified_cross_entropy: 0.6584 - val_full_mse_log_r: 0.0149 - val_trimmed_mse_log_r: 0.0146 - val_full_mae_log_r: 0.0458 - val_full_mse_score: 4.1322 - val_trimmed_mse_score: 0.2025 - val_full_mae_score: 0.1729
Epoch 2/50
430s - loss: 0.6582 - full_cross_entropy: 0.6583 - trimmed_cross_entropy: 0.6480 - full_modified_cross_entropy: 0.6582 - full_mse_log_r: 0.0132 - trimmed_mse_log_r: 0.0130 - full_mae_log_r: 0.0423 - full_mse_score: 5.5903 - trimmed_mse_score: 0.1869 - full_mae_score: 0.1653 - val_loss: 0.6582 - val_full_cross_entropy: 0.6583 - val_trimmed_cross_entropy: 0.6480 - val_full_modified_cross_entropy: 0.6582 - val_full_mse_log_r: 0.0111 - val_trimmed_mse_log_r: 0.0109 - val_full_mae_log_r: 0.0375 - val_full_mse_score: 3.9543 - val_trimmed_mse_score: 0.1710 - val_full_mae_score: 0.1575
Epoch 3/50
423s - loss: 0.6581 - full_cross_entropy: 0.6582 - trimmed_cross_entropy: 0.6479 - full_modified_cross_entropy: 0.6581 - full_mse_log_r: 0.0106 - trimmed_mse_log_r: 0.0104 - full_mae_log_r: 0.0377 - full_mse_score: 5.4597 - trimmed_mse_score: 0.1537 - full_mae_score: 0.1535 - val_loss: 0.6583 - val_full_cross_entropy: 0.6583 - val_trimmed_cross_entropy: 0.6480 - val_full_modified_cross_entropy: 0.6583 - val_full_mse_log_r: 0.0111 - val_trimmed_mse_log_r: 0.0109 - val_full_mae_log_r: 0.0388 - val_full_mse_score: 3.8648 - val_trimmed_mse_score: 0.1560 - val_full_mae_score: 0.1538
Epoch 4/50
424s - loss: 0.6581 - full_cross_entropy: 0.6581 - trimmed_cross_entropy: 0.6478 - full_modified_cross_entropy: 0.6581 - full_mse_log_r: 0.0091 - trimmed_mse_log_r: 0.0090 - full_mae_log_r: 0.0349 - full_mse_score: 5.3610 - trimmed_mse_score: 0.1424 - full_mae_score: 0.1454 - val_loss: 0.6582 - val_full_cross_entropy: 0.6582 - val_trimmed_cross_entropy: 0.6479 - val_full_modified_cross_entropy: 0.6582 - val_full_mse_log_r: 0.0084 - val_trimmed_mse_log_r: 0.0083 - val_full_mae_log_r: 0.0315 - val_full_mse_score: 3.7850 - val_trimmed_mse_score: 0.1336 - val_full_mae_score: 0.1407
Epoch 5/50
431s - loss: 0.6581 - full_cross_entropy: 0.6581 - trimmed_cross_entropy: 0.6478 - full_modified_cross_entropy: 0.6581 - full_mse_log_r: 0.0082 - trimmed_mse_log_r: 0.0081 - full_mae_log_r: 0.0328 - full_mse_score: 5.2914 - trimmed_mse_score: 0.1254 - full_mae_score: 0.1386 - val_loss: 0.6581 - val_full_cross_entropy: 0.6582 - val_trimmed_cross_entropy: 0.6479 - val_full_modified_cross_entropy: 0.6581 - val_full_mse_log_r: 0.0076 - val_trimmed_mse_log_r: 0.0074 - val_full_mae_log_r: 0.0314 - val_full_mse_score: 3.7303 - val_trimmed_mse_score: 0.1259 - val_full_mae_score: 0.1366
Epoch 6/50
430s - loss: 0.6580 - full_cross_entropy: 0.6580 - trimmed_cross_entropy: 0.6478 - full_modified_cross_entropy: 0.6580 - full_mse_log_r: 0.0073 - trimmed_mse_log_r: 0.0072 - full_mae_log_r: 0.0309 - full_mse_score: 5.2421 - trimmed_mse_score: 0.1222 - full_mae_score: 0.1328 - val_loss: 0.6581 - val_full_cross_entropy: 0.6582 - val_trimmed_cross_entropy: 0.6479 - val_full_modified_cross_entropy: 0.6581 - val_full_mse_log_r: 0.0067 - val_trimmed_mse_log_r: 0.0066 - val_full_mae_log_r: 0.0294 - val_full_mse_score: 3.6809 - val_trimmed_mse_score: 0.1161 - val_full_mae_score: 0.1302
Epoch 7/50
430s - loss: 0.6580 - full_cross_entropy: 0.6580 - trimmed_cross_entropy: 0.6477 - full_modified_cross_entropy: 0.6580 - full_mse_log_r: 0.0066 - trimmed_mse_log_r: 0.0065 - full_mae_log_r: 0.0294 - full_mse_score: 5.1896 - trimmed_mse_score: 0.1116 - full_mae_score: 0.1275 - val_loss: 0.6581 - val_full_cross_entropy: 0.6582 - val_trimmed_cross_entropy: 0.6479 - val_full_modified_cross_entropy: 0.6581 - val_full_mse_log_r: 0.0066 - val_trimmed_mse_log_r: 0.0065 - val_full_mae_log_r: 0.0282 - val_full_mse_score: 3.6873 - val_trimmed_mse_score: 0.1150 - val_full_mae_score: 0.1270
Epoch 8/50
426s - loss: 0.6580 - full_cross_entropy: 0.6580 - trimmed_cross_entropy: 0.6477 - full_modified_cross_entropy: 0.6580 - full_mse_log_r: 0.0061 - trimmed_mse_log_r: 0.0060 - full_mae_log_r: 0.0280 - full_mse_score: 5.1169 - trimmed_mse_score: 0.1028 - full_mae_score: 0.1222 - val_loss: 0.6581 - val_full_cross_entropy: 0.6582 - val_trimmed_cross_entropy: 0.6479 - val_full_modified_cross_entropy: 0.6581 - val_full_mse_log_r: 0.0059 - val_trimmed_mse_log_r: 0.0058 - val_full_mae_log_r: 0.0280 - val_full_mse_score: 3.5880 - val_trimmed_mse_score: 0.1020 - val_full_mae_score: 0.1194
Epoch 9/50
429s - loss: 0.6580 - full_cross_entropy: 0.6580 - trimmed_cross_entropy: 0.6477 - full_modified_cross_entropy: 0.6580 - full_mse_log_r: 0.0056 - trimmed_mse_log_r: 0.0055 - full_mae_log_r: 0.0268 - full_mse_score: 5.0905 - trimmed_mse_score: 0.0980 - full_mae_score: 0.1178 - val_loss: 0.6581 - val_full_cross_entropy: 0.6581 - val_trimmed_cross_entropy: 0.6478 - val_full_modified_cross_entropy: 0.6581 - val_full_mse_log_r: 0.0052 - val_trimmed_mse_log_r: 0.0051 - val_full_mae_log_r: 0.0266 - val_full_mse_score: 3.5029 - val_trimmed_mse_score: 0.0944 - val_full_mae_score: 0.1162
Epoch 10/50
428s - loss: 0.6580 - full_cross_entropy: 0.6580 - trimmed_cross_entropy: 0.6477 - full_modified_cross_entropy: 0.6580 - full_mse_log_r: 0.0051 - trimmed_mse_log_r: 0.0051 - full_mae_log_r: 0.0257 - full_mse_score: 5.0420 - trimmed_mse_score: 0.0878 - full_mae_score: 0.1136 - val_loss: 0.6580 - val_full_cross_entropy: 0.6581 - val_trimmed_cross_entropy: 0.6478 - val_full_modified_cross_entropy: 0.6580 - val_full_mse_log_r: 0.0050 - val_trimmed_mse_log_r: 0.0050 - val_full_mae_log_r: 0.0245 - val_full_mse_score: 3.4346 - val_trimmed_mse_score: 0.0872 - val_full_mae_score: 0.1096
Epoch 11/50
428s - loss: 0.6580 - full_cross_entropy: 0.6580 - trimmed_cross_entropy: 0.6477 - full_modified_cross_entropy: 0.6580 - full_mse_log_r: 0.0048 - trimmed_mse_log_r: 0.0047 - full_mae_log_r: 0.0247 - full_mse_score: 4.9973 - trimmed_mse_score: 0.0862 - full_mae_score: 0.1096 - val_loss: 0.6580 - val_full_cross_entropy: 0.6581 - val_trimmed_cross_entropy: 0.6478 - val_full_modified_cross_entropy: 0.6580 - val_full_mse_log_r: 0.0046 - val_trimmed_mse_log_r: 0.0045 - val_full_mae_log_r: 0.0241 - val_full_mse_score: 3.4571 - val_trimmed_mse_score: 0.0853 - val_full_mae_score: 0.1084
Epoch 12/50
430s - loss: 0.6579 - full_cross_entropy: 0.6580 - trimmed_cross_entropy: 0.6477 - full_modified_cross_entropy: 0.6579 - full_mse_log_r: 0.0045 - trimmed_mse_log_r: 0.0044 - full_mae_log_r: 0.0239 - full_mse_score: 4.9540 - trimmed_mse_score: 0.0775 - full_mae_score: 0.1059 - val_loss: 0.6580 - val_full_cross_entropy: 0.6581 - val_trimmed_cross_entropy: 0.6478 - val_full_modified_cross_entropy: 0.6580 - val_full_mse_log_r: 0.0043 - val_trimmed_mse_log_r: 0.0042 - val_full_mae_log_r: 0.0233 - val_full_mse_score: 3.3750 - val_trimmed_mse_score: 0.0778 - val_full_mae_score: 0.1050
Epoch 13/50
431s - loss: 0.6579 - full_cross_entropy: 0.6580 - trimmed_cross_entropy: 0.6477 - full_modified_cross_entropy: 0.6579 - full_mse_log_r: 0.0042 - trimmed_mse_log_r: 0.0041 - full_mae_log_r: 0.0231 - full_mse_score: 4.9120 - trimmed_mse_score: 0.0788 - full_mae_score: 0.1028 - val_loss: 0.6580 - val_full_cross_entropy: 0.6581 - val_trimmed_cross_entropy: 0.6478 - val_full_modified_cross_entropy: 0.6580 - val_full_mse_log_r: 0.0041 - val_trimmed_mse_log_r: 0.0040 - val_full_mae_log_r: 0.0251 - val_full_mse_score: 3.3377 - val_trimmed_mse_score: 0.0722 - val_full_mae_score: 0.0990
Epoch 14/50
427s - loss: 0.6579 - full_cross_entropy: 0.6580 - trimmed_cross_entropy: 0.6477 - full_modified_cross_entropy: 0.6579 - full_mse_log_r: 0.0039 - trimmed_mse_log_r: 0.0039 - full_mae_log_r: 0.0224 - full_mse_score: 4.8847 - trimmed_mse_score: 0.0746 - full_mae_score: 0.0998 - val_loss: 0.6580 - val_full_cross_entropy: 0.6581 - val_trimmed_cross_entropy: 0.6478 - val_full_modified_cross_entropy: 0.6580 - val_full_mse_log_r: 0.0038 - val_trimmed_mse_log_r: 0.0037 - val_full_mae_log_r: 0.0220 - val_full_mse_score: 3.3467 - val_trimmed_mse_score: 0.0721 - val_full_mae_score: 0.0987
Epoch 15/50
427s - loss: 0.6579 - full_cross_entropy: 0.6579 - trimmed_cross_entropy: 0.6477 - full_modified_cross_entropy: 0.6579 - full_mse_log_r: 0.0037 - trimmed_mse_log_r: 0.0037 - full_mae_log_r: 0.0217 - full_mse_score: 4.8500 - trimmed_mse_score: 0.0658 - full_mae_score: 0.0972 - val_loss: 0.6580 - val_full_cross_entropy: 0.6581 - val_trimmed_cross_entropy: 0.6478 - val_full_modified_cross_entropy: 0.6580 - val_full_mse_log_r: 0.0037 - val_trimmed_mse_log_r: 0.0036 - val_full_mae_log_r: 0.0211 - val_full_mse_score: 3.2682 - val_trimmed_mse_score: 0.0654 - val_full_mae_score: 0.0944
Epoch 16/50
429s - loss: 0.6579 - full_cross_entropy: 0.6579 - trimmed_cross_entropy: 0.6477 - full_modified_cross_entropy: 0.6579 - full_mse_log_r: 0.0035 - trimmed_mse_log_r: 0.0035 - full_mae_log_r: 0.0211 - full_mse_score: 4.8227 - trimmed_mse_score: 0.0656 - full_mae_score: 0.0947 - val_loss: 0.6580 - val_full_cross_entropy: 0.6581 - val_trimmed_cross_entropy: 0.6478 - val_full_modified_cross_entropy: 0.6580 - val_full_mse_log_r: 0.0033 - val_trimmed_mse_log_r: 0.0033 - val_full_mae_log_r: 0.0199 - val_full_mse_score: 3.2929 - val_trimmed_mse_score: 0.0627 - val_full_mae_score: 0.0923
Epoch 17/50
429s - loss: 0.6579 - full_cross_entropy: 0.6579 - trimmed_cross_entropy: 0.6477 - full_modified_cross_entropy: 0.6579 - full_mse_log_r: 0.0034 - trimmed_mse_log_r: 0.0033 - full_mae_log_r: 0.0206 - full_mse_score: 4.7946 - trimmed_mse_score: 0.0615 - full_mae_score: 0.0924 - val_loss: 0.6580 - val_full_cross_entropy: 0.6581 - val_trimmed_cross_entropy: 0.6478 - val_full_modified_cross_entropy: 0.6580 - val_full_mse_log_r: 0.0033 - val_trimmed_mse_log_r: 0.0033 - val_full_mae_log_r: 0.0212 - val_full_mse_score: 3.2379 - val_trimmed_mse_score: 0.0599 - val_full_mae_score: 0.0897
Epoch 18/50
427s - loss: 0.6579 - full_cross_entropy: 0.6579 - trimmed_cross_entropy: 0.6476 - full_modified_cross_entropy: 0.6579 - full_mse_log_r: 0.0032 - trimmed_mse_log_r: 0.0032 - full_mae_log_r: 0.0201 - full_mse_score: 4.7835 - trimmed_mse_score: 0.0574 - full_mae_score: 0.0904 - val_loss: 0.6580 - val_full_cross_entropy: 0.6581 - val_trimmed_cross_entropy: 0.6478 - val_full_modified_cross_entropy: 0.6580 - val_full_mse_log_r: 0.0031 - val_trimmed_mse_log_r: 0.0031 - val_full_mae_log_r: 0.0196 - val_full_mse_score: 3.2333 - val_trimmed_mse_score: 0.0619 - val_full_mae_score: 0.0891
Epoch 19/50
425s - loss: 0.6579 - full_cross_entropy: 0.6579 - trimmed_cross_entropy: 0.6476 - full_modified_cross_entropy: 0.6579 - full_mse_log_r: 0.0031 - trimmed_mse_log_r: 0.0030 - full_mae_log_r: 0.0197 - full_mse_score: 4.7478 - trimmed_mse_score: 0.0632 - full_mae_score: 0.0885 - val_loss: 0.6580 - val_full_cross_entropy: 0.6581 - val_trimmed_cross_entropy: 0.6478 - val_full_modified_cross_entropy: 0.6580 - val_full_mse_log_r: 0.0031 - val_trimmed_mse_log_r: 0.0030 - val_full_mae_log_r: 0.0200 - val_full_mse_score: 3.2205 - val_trimmed_mse_score: 0.0580 - val_full_mae_score: 0.0878
Epoch 20/50
425s - loss: 0.6579 - full_cross_entropy: 0.6579 - trimmed_cross_entropy: 0.6476 - full_modified_cross_entropy: 0.6579 - full_mse_log_r: 0.0030 - trimmed_mse_log_r: 0.0029 - full_mae_log_r: 0.0192 - full_mse_score: 4.7197 - trimmed_mse_score: 0.0609 - full_mae_score: 0.0869 - val_loss: 0.6580 - val_full_cross_entropy: 0.6581 - val_trimmed_cross_entropy: 0.6478 - val_full_modified_cross_entropy: 0.6580 - val_full_mse_log_r: 0.0030 - val_trimmed_mse_log_r: 0.0030 - val_full_mae_log_r: 0.0185 - val_full_mse_score: 3.1525 - val_trimmed_mse_score: 0.0548 - val_full_mae_score: 0.0848
Epoch 21/50
429s - loss: 0.6579 - full_cross_entropy: 0.6579 - trimmed_cross_entropy: 0.6476 - full_modified_cross_entropy: 0.6579 - full_mse_log_r: 0.0029 - trimmed_mse_log_r: 0.0028 - full_mae_log_r: 0.0189 - full_mse_score: 4.7064 - trimmed_mse_score: 0.0525 - full_mae_score: 0.0853 - val_loss: 0.6580 - val_full_cross_entropy: 0.6581 - val_trimmed_cross_entropy: 0.6478 - val_full_modified_cross_entropy: 0.6580 - val_full_mse_log_r: 0.0030 - val_trimmed_mse_log_r: 0.0030 - val_full_mae_log_r: 0.0194 - val_full_mse_score: 3.1654 - val_trimmed_mse_score: 0.0558 - val_full_mae_score: 0.0855
Epoch 22/50
429s - loss: 0.6579 - full_cross_entropy: 0.6579 - trimmed_cross_entropy: 0.6476 - full_modified_cross_entropy: 0.6579 - full_mse_log_r: 0.0028 - trimmed_mse_log_r: 0.0027 - full_mae_log_r: 0.0185 - full_mse_score: 4.6963 - trimmed_mse_score: 0.0525 - full_mae_score: 0.0839 - val_loss: 0.6580 - val_full_cross_entropy: 0.6581 - val_trimmed_cross_entropy: 0.6478 - val_full_modified_cross_entropy: 0.6580 - val_full_mse_log_r: 0.0031 - val_trimmed_mse_log_r: 0.0030 - val_full_mae_log_r: 0.0190 - val_full_mse_score: 3.1315 - val_trimmed_mse_score: 0.0530 - val_full_mae_score: 0.0836
Epoch 23/50
427s - loss: 0.6579 - full_cross_entropy: 0.6579 - trimmed_cross_entropy: 0.6476 - full_modified_cross_entropy: 0.6579 - full_mse_log_r: 0.0027 - trimmed_mse_log_r: 0.0027 - full_mae_log_r: 0.0182 - full_mse_score: 4.6700 - trimmed_mse_score: 0.0574 - full_mae_score: 0.0826 - val_loss: 0.6580 - val_full_cross_entropy: 0.6581 - val_trimmed_cross_entropy: 0.6478 - val_full_modified_cross_entropy: 0.6580 - val_full_mse_log_r: 0.0028 - val_trimmed_mse_log_r: 0.0027 - val_full_mae_log_r: 0.0180 - val_full_mse_score: 3.1534 - val_trimmed_mse_score: 0.0547 - val_full_mae_score: 0.0824
Epoch 24/50
428s - loss: 0.6579 - full_cross_entropy: 0.6579 - trimmed_cross_entropy: 0.6476 - full_modified_cross_entropy: 0.6579 - full_mse_log_r: 0.0026 - trimmed_mse_log_r: 0.0026 - full_mae_log_r: 0.0179 - full_mse_score: 4.6554 - trimmed_mse_score: 0.0513 - full_mae_score: 0.0815 - val_loss: 0.6580 - val_full_cross_entropy: 0.6581 - val_trimmed_cross_entropy: 0.6478 - val_full_modified_cross_entropy: 0.6580 - val_full_mse_log_r: 0.0026 - val_trimmed_mse_log_r: 0.0026 - val_full_mae_log_r: 0.0173 - val_full_mse_score: 3.1226 - val_trimmed_mse_score: 0.0512 - val_full_mae_score: 0.0804
Epoch 25/50
428s - loss: 0.6579 - full_cross_entropy: 0.6579 - trimmed_cross_entropy: 0.6476 - full_modified_cross_entropy: 0.6579 - full_mse_log_r: 0.0026 - trimmed_mse_log_r: 0.0025 - full_mae_log_r: 0.0176 - full_mse_score: 4.6586 - trimmed_mse_score: 0.0493 - full_mae_score: 0.0805 - val_loss: 0.6580 - val_full_cross_entropy: 0.6581 - val_trimmed_cross_entropy: 0.6478 - val_full_modified_cross_entropy: 0.6580 - val_full_mse_log_r: 0.0026 - val_trimmed_mse_log_r: 0.0025 - val_full_mae_log_r: 0.0176 - val_full_mse_score: 3.1116 - val_trimmed_mse_score: 0.0504 - val_full_mae_score: 0.0803
Epoch 26/50
428s - loss: 0.6579 - full_cross_entropy: 0.6579 - trimmed_cross_entropy: 0.6476 - full_modified_cross_entropy: 0.6579 - full_mse_log_r: 0.0025 - trimmed_mse_log_r: 0.0025 - full_mae_log_r: 0.0174 - full_mse_score: 4.6425 - trimmed_mse_score: 0.0512 - full_mae_score: 0.0794 - val_loss: 0.6580 - val_full_cross_entropy: 0.6580 - val_trimmed_cross_entropy: 0.6478 - val_full_modified_cross_entropy: 0.6580 - val_full_mse_log_r: 0.0025 - val_trimmed_mse_log_r: 0.0025 - val_full_mae_log_r: 0.0168 - val_full_mse_score: 3.0876 - val_trimmed_mse_score: 0.0489 - val_full_mae_score: 0.0780
Epoch 27/50
427s - loss: 0.6579 - full_cross_entropy: 0.6579 - trimmed_cross_entropy: 0.6476 - full_modified_cross_entropy: 0.6579 - full_mse_log_r: 0.0025 - trimmed_mse_log_r: 0.0024 - full_mae_log_r: 0.0172 - full_mse_score: 4.6217 - trimmed_mse_score: 0.0468 - full_mae_score: 0.0786 - val_loss: 0.6580 - val_full_cross_entropy: 0.6580 - val_trimmed_cross_entropy: 0.6478 - val_full_modified_cross_entropy: 0.6580 - val_full_mse_log_r: 0.0025 - val_trimmed_mse_log_r: 0.0025 - val_full_mae_log_r: 0.0171 - val_full_mse_score: 3.0632 - val_trimmed_mse_score: 0.0475 - val_full_mae_score: 0.0778
Epoch 28/50
427s - loss: 0.6579 - full_cross_entropy: 0.6579 - trimmed_cross_entropy: 0.6476 - full_modified_cross_entropy: 0.6579 - full_mse_log_r: 0.0024 - trimmed_mse_log_r: 0.0024 - full_mae_log_r: 0.0170 - full_mse_score: 4.6202 - trimmed_mse_score: 0.0491 - full_mae_score: 0.0778 - val_loss: 0.6580 - val_full_cross_entropy: 0.6580 - val_trimmed_cross_entropy: 0.6478 - val_full_modified_cross_entropy: 0.6580 - val_full_mse_log_r: 0.0025 - val_trimmed_mse_log_r: 0.0024 - val_full_mae_log_r: 0.0169 - val_full_mse_score: 3.0594 - val_trimmed_mse_score: 0.0470 - val_full_mae_score: 0.0769
Epoch 29/50
431s - loss: 0.6579 - full_cross_entropy: 0.6579 - trimmed_cross_entropy: 0.6476 - full_modified_cross_entropy: 0.6579 - full_mse_log_r: 0.0024 - trimmed_mse_log_r: 0.0023 - full_mae_log_r: 0.0168 - full_mse_score: 4.6124 - trimmed_mse_score: 0.0560 - full_mae_score: 0.0771 - val_loss: 0.6580 - val_full_cross_entropy: 0.6580 - val_trimmed_cross_entropy: 0.6478 - val_full_modified_cross_entropy: 0.6580 - val_full_mse_log_r: 0.0024 - val_trimmed_mse_log_r: 0.0024 - val_full_mae_log_r: 0.0170 - val_full_mse_score: 3.0749 - val_trimmed_mse_score: 0.0473 - val_full_mae_score: 0.0766
Epoch 30/50
431s - loss: 0.6579 - full_cross_entropy: 0.6579 - trimmed_cross_entropy: 0.6476 - full_modified_cross_entropy: 0.6579 - full_mse_log_r: 0.0023 - trimmed_mse_log_r: 0.0023 - full_mae_log_r: 0.0166 - full_mse_score: 4.6063 - trimmed_mse_score: 0.0447 - full_mae_score: 0.0765 - val_loss: 0.6580 - val_full_cross_entropy: 0.6580 - val_trimmed_cross_entropy: 0.6478 - val_full_modified_cross_entropy: 0.6580 - val_full_mse_log_r: 0.0024 - val_trimmed_mse_log_r: 0.0024 - val_full_mae_log_r: 0.0166 - val_full_mse_score: 3.0631 - val_trimmed_mse_score: 0.0468 - val_full_mae_score: 0.0760
Epoch 31/50
429s - loss: 0.6579 - full_cross_entropy: 0.6579 - trimmed_cross_entropy: 0.6476 - full_modified_cross_entropy: 0.6579 - full_mse_log_r: 0.0023 - trimmed_mse_log_r: 0.0023 - full_mae_log_r: 0.0165 - full_mse_score: 4.5992 - trimmed_mse_score: 0.0498 - full_mae_score: 0.0759 - val_loss: 0.6580 - val_full_cross_entropy: 0.6580 - val_trimmed_cross_entropy: 0.6478 - val_full_modified_cross_entropy: 0.6580 - val_full_mse_log_r: 0.0023 - val_trimmed_mse_log_r: 0.0023 - val_full_mae_log_r: 0.0163 - val_full_mse_score: 3.0503 - val_trimmed_mse_score: 0.0463 - val_full_mae_score: 0.0754
Epoch 32/50
425s - loss: 0.6579 - full_cross_entropy: 0.6579 - trimmed_cross_entropy: 0.6476 - full_modified_cross_entropy: 0.6579 - full_mse_log_r: 0.0023 - trimmed_mse_log_r: 0.0022 - full_mae_log_r: 0.0163 - full_mse_score: 4.5959 - trimmed_mse_score: 0.0446 - full_mae_score: 0.0754 - val_loss: 0.6580 - val_full_cross_entropy: 0.6580 - val_trimmed_cross_entropy: 0.6478 - val_full_modified_cross_entropy: 0.6580 - val_full_mse_log_r: 0.0024 - val_trimmed_mse_log_r: 0.0023 - val_full_mae_log_r: 0.0162 - val_full_mse_score: 3.0353 - val_trimmed_mse_score: 0.0454 - val_full_mae_score: 0.0745
Epoch 33/50
427s - loss: 0.6579 - full_cross_entropy: 0.6579 - trimmed_cross_entropy: 0.6476 - full_modified_cross_entropy: 0.6579 - full_mse_log_r: 0.0023 - trimmed_mse_log_r: 0.0022 - full_mae_log_r: 0.0162 - full_mse_score: 4.5866 - trimmed_mse_score: 0.0465 - full_mae_score: 0.0748 - val_loss: 0.6580 - val_full_cross_entropy: 0.6580 - val_trimmed_cross_entropy: 0.6478 - val_full_modified_cross_entropy: 0.6580 - val_full_mse_log_r: 0.0023 - val_trimmed_mse_log_r: 0.0023 - val_full_mae_log_r: 0.0160 - val_full_mse_score: 3.0514 - val_trimmed_mse_score: 0.0455 - val_full_mae_score: 0.0742
Epoch 34/50
430s - loss: 0.6579 - full_cross_entropy: 0.6579 - trimmed_cross_entropy: 0.6476 - full_modified_cross_entropy: 0.6579 - full_mse_log_r: 0.0022 - trimmed_mse_log_r: 0.0022 - full_mae_log_r: 0.0161 - full_mse_score: 4.5772 - trimmed_mse_score: 0.0426 - full_mae_score: 0.0744 - val_loss: 0.6580 - val_full_cross_entropy: 0.6580 - val_trimmed_cross_entropy: 0.6478 - val_full_modified_cross_entropy: 0.6580 - val_full_mse_log_r: 0.0023 - val_trimmed_mse_log_r: 0.0023 - val_full_mae_log_r: 0.0159 - val_full_mse_score: 3.0333 - val_trimmed_mse_score: 0.0453 - val_full_mae_score: 0.0739
Epoch 35/50
430s - loss: 0.6579 - full_cross_entropy: 0.6579 - trimmed_cross_entropy: 0.6476 - full_modified_cross_entropy: 0.6579 - full_mse_log_r: 0.0022 - trimmed_mse_log_r: 0.0022 - full_mae_log_r: 0.0159 - full_mse_score: 4.5794 - trimmed_mse_score: 0.0414 - full_mae_score: 0.0740 - val_loss: 0.6580 - val_full_cross_entropy: 0.6580 - val_trimmed_cross_entropy: 0.6478 - val_full_modified_cross_entropy: 0.6580 - val_full_mse_log_r: 0.0023 - val_trimmed_mse_log_r: 0.0022 - val_full_mae_log_r: 0.0159 - val_full_mse_score: 3.0355 - val_trimmed_mse_score: 0.0451 - val_full_mae_score: 0.0736
Epoch 36/50
430s - loss: 0.6579 - full_cross_entropy: 0.6579 - trimmed_cross_entropy: 0.6476 - full_modified_cross_entropy: 0.6579 - full_mse_log_r: 0.0022 - trimmed_mse_log_r: 0.0022 - full_mae_log_r: 0.0158 - full_mse_score: 4.5711 - trimmed_mse_score: 0.0408 - full_mae_score: 0.0736 - val_loss: 0.6580 - val_full_cross_entropy: 0.6580 - val_trimmed_cross_entropy: 0.6478 - val_full_modified_cross_entropy: 0.6580 - val_full_mse_log_r: 0.0023 - val_trimmed_mse_log_r: 0.0022 - val_full_mae_log_r: 0.0162 - val_full_mse_score: 3.0381 - val_trimmed_mse_score: 0.0454 - val_full_mae_score: 0.0731
Epoch 37/50
429s - loss: 0.6579 - full_cross_entropy: 0.6579 - trimmed_cross_entropy: 0.6476 - full_modified_cross_entropy: 0.6579 - full_mse_log_r: 0.0022 - trimmed_mse_log_r: 0.0021 - full_mae_log_r: 0.0157 - full_mse_score: 4.5653 - trimmed_mse_score: 0.0502 - full_mae_score: 0.0733 - val_loss: 0.6580 - val_full_cross_entropy: 0.6580 - val_trimmed_cross_entropy: 0.6478 - val_full_modified_cross_entropy: 0.6580 - val_full_mse_log_r: 0.0022 - val_trimmed_mse_log_r: 0.0022 - val_full_mae_log_r: 0.0156 - val_full_mse_score: 3.0282 - val_trimmed_mse_score: 0.0441 - val_full_mae_score: 0.0727
Epoch 38/50
429s - loss: 0.6579 - full_cross_entropy: 0.6579 - trimmed_cross_entropy: 0.6476 - full_modified_cross_entropy: 0.6579 - full_mse_log_r: 0.0022 - trimmed_mse_log_r: 0.0021 - full_mae_log_r: 0.0157 - full_mse_score: 4.5680 - trimmed_mse_score: 0.0413 - full_mae_score: 0.0730 - val_loss: 0.6580 - val_full_cross_entropy: 0.6580 - val_trimmed_cross_entropy: 0.6478 - val_full_modified_cross_entropy: 0.6580 - val_full_mse_log_r: 0.0022 - val_trimmed_mse_log_r: 0.0022 - val_full_mae_log_r: 0.0156 - val_full_mse_score: 3.0199 - val_trimmed_mse_score: 0.0439 - val_full_mae_score: 0.0726
Epoch 39/50
427s - loss: 0.6579 - full_cross_entropy: 0.6579 - trimmed_cross_entropy: 0.6476 - full_modified_cross_entropy: 0.6579 - full_mse_log_r: 0.0021 - trimmed_mse_log_r: 0.0021 - full_mae_log_r: 0.0156 - full_mse_score: 4.5627 - trimmed_mse_score: 0.0449 - full_mae_score: 0.0727 - val_loss: 0.6580 - val_full_cross_entropy: 0.6580 - val_trimmed_cross_entropy: 0.6478 - val_full_modified_cross_entropy: 0.6580 - val_full_mse_log_r: 0.0022 - val_trimmed_mse_log_r: 0.0022 - val_full_mae_log_r: 0.0156 - val_full_mse_score: 3.0150 - val_trimmed_mse_score: 0.0435 - val_full_mae_score: 0.0723
Epoch 40/50
424s - loss: 0.6579 - full_cross_entropy: 0.6579 - trimmed_cross_entropy: 0.6476 - full_modified_cross_entropy: 0.6579 - full_mse_log_r: 0.0021 - trimmed_mse_log_r: 0.0021 - full_mae_log_r: 0.0155 - full_mse_score: 4.5646 - trimmed_mse_score: 0.0454 - full_mae_score: 0.0725 - val_loss: 0.6580 - val_full_cross_entropy: 0.6580 - val_trimmed_cross_entropy: 0.6478 - val_full_modified_cross_entropy: 0.6580 - val_full_mse_log_r: 0.0022 - val_trimmed_mse_log_r: 0.0022 - val_full_mae_log_r: 0.0157 - val_full_mse_score: 3.0219 - val_trimmed_mse_score: 0.0435 - val_full_mae_score: 0.0724
Epoch 41/50
424s - loss: 0.6579 - full_cross_entropy: 0.6579 - trimmed_cross_entropy: 0.6476 - full_modified_cross_entropy: 0.6579 - full_mse_log_r: 0.0021 - trimmed_mse_log_r: 0.0021 - full_mae_log_r: 0.0154 - full_mse_score: 4.5581 - trimmed_mse_score: 0.0379 - full_mae_score: 0.0723 - val_loss: 0.6580 - val_full_cross_entropy: 0.6580 - val_trimmed_cross_entropy: 0.6478 - val_full_modified_cross_entropy: 0.6580 - val_full_mse_log_r: 0.0022 - val_trimmed_mse_log_r: 0.0022 - val_full_mae_log_r: 0.0155 - val_full_mse_score: 3.0219 - val_trimmed_mse_score: 0.0434 - val_full_mae_score: 0.0721
Epoch 42/50
428s - loss: 0.6579 - full_cross_entropy: 0.6579 - trimmed_cross_entropy: 0.6476 - full_modified_cross_entropy: 0.6579 - full_mse_log_r: 0.0021 - trimmed_mse_log_r: 0.0021 - full_mae_log_r: 0.0154 - full_mse_score: 4.5599 - trimmed_mse_score: 0.0422 - full_mae_score: 0.0721 - val_loss: 0.6580 - val_full_cross_entropy: 0.6580 - val_trimmed_cross_entropy: 0.6478 - val_full_modified_cross_entropy: 0.6580 - val_full_mse_log_r: 0.0022 - val_trimmed_mse_log_r: 0.0021 - val_full_mae_log_r: 0.0154 - val_full_mse_score: 3.0142 - val_trimmed_mse_score: 0.0429 - val_full_mae_score: 0.0718
Epoch 43/50
430s - loss: 0.6579 - full_cross_entropy: 0.6579 - trimmed_cross_entropy: 0.6476 - full_modified_cross_entropy: 0.6579 - full_mse_log_r: 0.0021 - trimmed_mse_log_r: 0.0021 - full_mae_log_r: 0.0153 - full_mse_score: 4.5557 - trimmed_mse_score: 0.0461 - full_mae_score: 0.0719 - val_loss: 0.6580 - val_full_cross_entropy: 0.6580 - val_trimmed_cross_entropy: 0.6478 - val_full_modified_cross_entropy: 0.6580 - val_full_mse_log_r: 0.0022 - val_trimmed_mse_log_r: 0.0021 - val_full_mae_log_r: 0.0154 - val_full_mse_score: 3.0155 - val_trimmed_mse_score: 0.0436 - val_full_mae_score: 0.0715
Epoch 44/50
427s - loss: 0.6579 - full_cross_entropy: 0.6579 - trimmed_cross_entropy: 0.6476 - full_modified_cross_entropy: 0.6579 - full_mse_log_r: 0.0021 - trimmed_mse_log_r: 0.0021 - full_mae_log_r: 0.0153 - full_mse_score: 4.5492 - trimmed_mse_score: 0.0442 - full_mae_score: 0.0717 - val_loss: 0.6580 - val_full_cross_entropy: 0.6580 - val_trimmed_cross_entropy: 0.6478 - val_full_modified_cross_entropy: 0.6580 - val_full_mse_log_r: 0.0022 - val_trimmed_mse_log_r: 0.0021 - val_full_mae_log_r: 0.0153 - val_full_mse_score: 3.0091 - val_trimmed_mse_score: 0.0433 - val_full_mae_score: 0.0714
Epoch 45/50
423s - loss: 0.6579 - full_cross_entropy: 0.6579 - trimmed_cross_entropy: 0.6476 - full_modified_cross_entropy: 0.6579 - full_mse_log_r: 0.0021 - trimmed_mse_log_r: 0.0021 - full_mae_log_r: 0.0152 - full_mse_score: 4.5463 - trimmed_mse_score: 0.0415 - full_mae_score: 0.0715 - val_loss: 0.6580 - val_full_cross_entropy: 0.6580 - val_trimmed_cross_entropy: 0.6478 - val_full_modified_cross_entropy: 0.6580 - val_full_mse_log_r: 0.0022 - val_trimmed_mse_log_r: 0.0022 - val_full_mae_log_r: 0.0153 - val_full_mse_score: 3.0012 - val_trimmed_mse_score: 0.0422 - val_full_mae_score: 0.0710
Epoch 46/50
423s - loss: 0.6579 - full_cross_entropy: 0.6579 - trimmed_cross_entropy: 0.6476 - full_modified_cross_entropy: 0.6579 - full_mse_log_r: 0.0021 - trimmed_mse_log_r: 0.0020 - full_mae_log_r: 0.0152 - full_mse_score: 4.5459 - trimmed_mse_score: 0.0432 - full_mae_score: 0.0714 - val_loss: 0.6580 - val_full_cross_entropy: 0.6580 - val_trimmed_cross_entropy: 0.6478 - val_full_modified_cross_entropy: 0.6580 - val_full_mse_log_r: 0.0022 - val_trimmed_mse_log_r: 0.0021 - val_full_mae_log_r: 0.0155 - val_full_mse_score: 3.0049 - val_trimmed_mse_score: 0.0430 - val_full_mae_score: 0.0710
Epoch 47/50
423s - loss: 0.6579 - full_cross_entropy: 0.6579 - trimmed_cross_entropy: 0.6476 - full_modified_cross_entropy: 0.6579 - full_mse_log_r: 0.0021 - trimmed_mse_log_r: 0.0020 - full_mae_log_r: 0.0151 - full_mse_score: 4.5458 - trimmed_mse_score: 0.0467 - full_mae_score: 0.0713 - val_loss: 0.6580 - val_full_cross_entropy: 0.6580 - val_trimmed_cross_entropy: 0.6478 - val_full_modified_cross_entropy: 0.6580 - val_full_mse_log_r: 0.0022 - val_trimmed_mse_log_r: 0.0021 - val_full_mae_log_r: 0.0151 - val_full_mse_score: 3.0063 - val_trimmed_mse_score: 0.0426 - val_full_mae_score: 0.0709
Epoch 48/50
424s - loss: 0.6579 - full_cross_entropy: 0.6579 - trimmed_cross_entropy: 0.6476 - full_modified_cross_entropy: 0.6579 - full_mse_log_r: 0.0021 - trimmed_mse_log_r: 0.0020 - full_mae_log_r: 0.0151 - full_mse_score: 4.5469 - trimmed_mse_score: 0.0502 - full_mae_score: 0.0712 - val_loss: 0.6580 - val_full_cross_entropy: 0.6580 - val_trimmed_cross_entropy: 0.6478 - val_full_modified_cross_entropy: 0.6580 - val_full_mse_log_r: 0.0021 - val_trimmed_mse_log_r: 0.0021 - val_full_mae_log_r: 0.0153 - val_full_mse_score: 3.0016 - val_trimmed_mse_score: 0.0425 - val_full_mae_score: 0.0707
Epoch 49/50
430s - loss: 0.6579 - full_cross_entropy: 0.6579 - trimmed_cross_entropy: 0.6476 - full_modified_cross_entropy: 0.6579 - full_mse_log_r: 0.0021 - trimmed_mse_log_r: 0.0020 - full_mae_log_r: 0.0151 - full_mse_score: 4.5433 - trimmed_mse_score: 0.0432 - full_mae_score: 0.0710 - val_loss: 0.6580 - val_full_cross_entropy: 0.6580 - val_trimmed_cross_entropy: 0.6478 - val_full_modified_cross_entropy: 0.6580 - val_full_mse_log_r: 0.0021 - val_trimmed_mse_log_r: 0.0021 - val_full_mae_log_r: 0.0151 - val_full_mse_score: 3.0046 - val_trimmed_mse_score: 0.0421 - val_full_mae_score: 0.0707
Epoch 50/50
430s - loss: 0.6579 - full_cross_entropy: 0.6579 - trimmed_cross_entropy: 0.6476 - full_modified_cross_entropy: 0.6579 - full_mse_log_r: 0.0021 - trimmed_mse_log_r: 0.0020 - full_mae_log_r: 0.0150 - full_mse_score: 4.5423 - trimmed_mse_score: 0.0413 - full_mae_score: 0.0709 - val_loss: 0.6580 - val_full_cross_entropy: 0.6580 - val_trimmed_cross_entropy: 0.6478 - val_full_modified_cross_entropy: 0.6580 - val_full_mse_log_r: 0.0022 - val_trimmed_mse_log_r: 0.0021 - val_full_mae_log_r: 0.0151 - val_full_mse_score: 2.9954 - val_trimmed_mse_score: 0.0426 - val_full_mae_score: 0.0706
13.07.2018 18:41:13 INFO    Starting evaluation
13.07.2018 18:42:58 INFO    Starting theta 100 / 1017
13.07.2018 18:44:41 INFO    Starting theta 200 / 1017
13.07.2018 18:46:24 INFO    Starting theta 300 / 1017
13.07.2018 18:48:06 INFO    Starting theta 400 / 1017
13.07.2018 18:49:48 INFO    Starting theta 500 / 1017
13.07.2018 18:51:29 INFO    Starting theta 600 / 1017
13.07.2018 18:53:10 INFO    Starting theta 700 / 1017
13.07.2018 18:54:52 INFO    Starting theta 800 / 1017
13.07.2018 18:56:33 INFO    Starting theta 900 / 1017
13.07.2018 18:58:14 INFO    Starting theta 1000 / 1017
13.07.2018 18:58:32 INFO    Evaluation timing: median 1.00680303574 s, mean 1.00674431233 s
13.07.2018 18:58:32 INFO    Starting roaming
13.07.2018 18:58:53 INFO    Starting calibrated evaluation and roaming
13.07.2018 20:09:28 INFO    Starting theta 100 / 1017
13.07.2018 21:21:24 INFO    Starting theta 200 / 1017
13.07.2018 22:33:08 INFO    Starting theta 300 / 1017
13.07.2018 23:44:28 INFO    Starting theta 400 / 1017
14.07.2018 00:56:24 INFO    Starting theta 500 / 1017
14.07.2018 02:08:21 INFO    Starting theta 600 / 1017
14.07.2018 03:20:09 INFO    Starting theta 700 / 1017
14.07.2018 04:31:35 INFO    Starting theta 800 / 1017
14.07.2018 05:43:23 INFO    Starting theta 900 / 1017
14.07.2018 06:55:03 INFO    Starting theta 1000 / 1017
14.07.2018 07:07:54 INFO    Calibrated evaluation timing: median 1.02320694923 s, mean 1.02147656603 s
14.07.2018 07:07:54 INFO    Interpolating calibrated roaming
14.07.2018 07:13:10 INFO    That's it -- have a great day!
Using TensorFlow backend.
14.07.2018 07:13:13 INFO    Hi! How are you today?
14.07.2018 07:13:13 INFO    Startup options:
14.07.2018 07:13:13 INFO      Algorithm:                     mxe
14.07.2018 07:13:13 INFO      Point by point:                False
14.07.2018 07:13:13 INFO      Morphing-aware mode:           False
14.07.2018 07:13:13 INFO      Smeared data:                  False
14.07.2018 07:13:13 INFO      Training sample:               random
14.07.2018 07:13:13 INFO      alpha:                         None
14.07.2018 07:13:13 INFO      Histogram / AFC X indices:     [1, 38, 39, 40, 41]
14.07.2018 07:13:13 INFO      AFC epsilon:                   None
14.07.2018 07:13:13 INFO      Denominator theta:             False
14.07.2018 07:13:13 INFO      Neyman construction toys:      0
14.07.2018 07:13:13 INFO      Training sample size limit:    None
14.07.2018 07:13:13 INFO      Other options:                 
14.07.2018 07:13:13 INFO      Base directory:                /home/jb6504/higgs_inference
14.07.2018 07:13:13 INFO      ML-based strategies available: True
14.07.2018 07:13:13 INFO    Starting parameterized inference
14.07.2018 07:13:13 INFO    Main settings:
14.07.2018 07:13:13 INFO      Algorithm:                mxe
14.07.2018 07:13:13 INFO      Morphing-aware:           False
14.07.2018 07:13:13 INFO      Training sample:          random
14.07.2018 07:13:13 INFO      Denominator theta:        denominator 0 = theta 708 = [ 0.39293227  0.43229216]
14.07.2018 07:13:13 INFO    Options:
14.07.2018 07:13:13 INFO      Number of hidden layers:  3
14.07.2018 07:13:13 INFO      Batch size:               128
14.07.2018 07:13:13 INFO      Learning rate:            0.001
14.07.2018 07:13:13 INFO      Learning rate decay:      0.0921034037198
14.07.2018 07:13:13 INFO      Number of epochs:         50
14.07.2018 07:13:13 INFO      Training samples:         all
14.07.2018 07:13:13 INFO      NC experiments:           False
14.07.2018 07:13:13 INFO      Debug mode:               False
14.07.2018 07:14:10 INFO    Starting training
Train on 7993784 samples, validate on 1998446 samples
2018-07-14 07:14:11.487076: W tensorflow/core/platform/cpu_feature_guard.cc:45] The TensorFlow library wasn't compiled to use SSE4.1 instructions, but these are available on your machine and could speed up CPU computations.
2018-07-14 07:14:11.487434: W tensorflow/core/platform/cpu_feature_guard.cc:45] The TensorFlow library wasn't compiled to use SSE4.2 instructions, but these are available on your machine and could speed up CPU computations.
2018-07-14 07:14:11.487443: W tensorflow/core/platform/cpu_feature_guard.cc:45] The TensorFlow library wasn't compiled to use AVX instructions, but these are available on your machine and could speed up CPU computations.
2018-07-14 07:14:11.487447: W tensorflow/core/platform/cpu_feature_guard.cc:45] The TensorFlow library wasn't compiled to use AVX2 instructions, but these are available on your machine and could speed up CPU computations.
2018-07-14 07:14:11.487451: W tensorflow/core/platform/cpu_feature_guard.cc:45] The TensorFlow library wasn't compiled to use FMA instructions, but these are available on your machine and could speed up CPU computations.
2018-07-14 07:14:11.712080: I tensorflow/core/common_runtime/gpu/gpu_device.cc:940] Found device 0 with properties: 
name: Tesla P40
major: 6 minor: 1 memoryClockRate (GHz) 1.531
pciBusID 0000:85:00.0
Total memory: 22.38GiB
Free memory: 22.22GiB
2018-07-14 07:14:11.712117: I tensorflow/core/common_runtime/gpu/gpu_device.cc:961] DMA: 0 
2018-07-14 07:14:11.712123: I tensorflow/core/common_runtime/gpu/gpu_device.cc:971] 0:   Y 
2018-07-14 07:14:11.712134: I tensorflow/core/common_runtime/gpu/gpu_device.cc:1030] Creating TensorFlow device (/gpu:0) -> (device: 0, name: Tesla P40, pci bus id: 0000:85:00.0)
Epoch 1/50
428s - loss: 0.6596 - full_cross_entropy: 0.6596 - trimmed_cross_entropy: 0.6493 - full_modified_cross_entropy: 0.6596 - full_mse_log_r: 0.0340 - trimmed_mse_log_r: 0.0334 - full_mae_log_r: 0.0646 - full_mse_score: 5.6323 - trimmed_mse_score: 0.3080 - full_mae_score: 0.2112 - val_loss: 0.6586 - val_full_cross_entropy: 0.6586 - val_trimmed_cross_entropy: 0.6483 - val_full_modified_cross_entropy: 0.6586 - val_full_mse_log_r: 0.0141 - val_trimmed_mse_log_r: 0.0139 - val_full_mae_log_r: 0.0442 - val_full_mse_score: 4.1300 - val_trimmed_mse_score: 0.2014 - val_full_mae_score: 0.1730
Epoch 2/50
428s - loss: 0.6586 - full_cross_entropy: 0.6585 - trimmed_cross_entropy: 0.6483 - full_modified_cross_entropy: 0.6586 - full_mse_log_r: 0.0129 - trimmed_mse_log_r: 0.0127 - full_mae_log_r: 0.0411 - full_mse_score: 5.2191 - trimmed_mse_score: 0.1806 - full_mae_score: 0.1645 - val_loss: 0.6585 - val_full_cross_entropy: 0.6584 - val_trimmed_cross_entropy: 0.6481 - val_full_modified_cross_entropy: 0.6585 - val_full_mse_log_r: 0.0106 - val_trimmed_mse_log_r: 0.0104 - val_full_mae_log_r: 0.0382 - val_full_mse_score: 3.8916 - val_trimmed_mse_score: 0.1579 - val_full_mae_score: 0.1560
Epoch 3/50
427s - loss: 0.6585 - full_cross_entropy: 0.6585 - trimmed_cross_entropy: 0.6482 - full_modified_cross_entropy: 0.6585 - full_mse_log_r: 0.0105 - trimmed_mse_log_r: 0.0104 - full_mae_log_r: 0.0367 - full_mse_score: 5.1105 - trimmed_mse_score: 0.1559 - full_mae_score: 0.1543 - val_loss: 0.6585 - val_full_cross_entropy: 0.6584 - val_trimmed_cross_entropy: 0.6481 - val_full_modified_cross_entropy: 0.6585 - val_full_mse_log_r: 0.0096 - val_trimmed_mse_log_r: 0.0094 - val_full_mae_log_r: 0.0452 - val_full_mse_score: 3.8454 - val_trimmed_mse_score: 0.1450 - val_full_mae_score: 0.1472
Epoch 4/50
423s - loss: 0.6584 - full_cross_entropy: 0.6584 - trimmed_cross_entropy: 0.6481 - full_modified_cross_entropy: 0.6584 - full_mse_log_r: 0.0091 - trimmed_mse_log_r: 0.0089 - full_mae_log_r: 0.0339 - full_mse_score: 5.0244 - trimmed_mse_score: 0.1391 - full_mae_score: 0.1465 - val_loss: 0.6584 - val_full_cross_entropy: 0.6584 - val_trimmed_cross_entropy: 0.6481 - val_full_modified_cross_entropy: 0.6584 - val_full_mse_log_r: 0.0088 - val_trimmed_mse_log_r: 0.0086 - val_full_mae_log_r: 0.0346 - val_full_mse_score: 3.7687 - val_trimmed_mse_score: 0.1297 - val_full_mae_score: 0.1419
Epoch 5/50
421s - loss: 0.6584 - full_cross_entropy: 0.6584 - trimmed_cross_entropy: 0.6481 - full_modified_cross_entropy: 0.6584 - full_mse_log_r: 0.0081 - trimmed_mse_log_r: 0.0079 - full_mae_log_r: 0.0318 - full_mse_score: 4.9635 - trimmed_mse_score: 0.1296 - full_mae_score: 0.1399 - val_loss: 0.6584 - val_full_cross_entropy: 0.6583 - val_trimmed_cross_entropy: 0.6480 - val_full_modified_cross_entropy: 0.6584 - val_full_mse_log_r: 0.0070 - val_trimmed_mse_log_r: 0.0069 - val_full_mae_log_r: 0.0291 - val_full_mse_score: 3.7188 - val_trimmed_mse_score: 0.1222 - val_full_mae_score: 0.1345
Epoch 6/50
428s - loss: 0.6584 - full_cross_entropy: 0.6583 - trimmed_cross_entropy: 0.6480 - full_modified_cross_entropy: 0.6584 - full_mse_log_r: 0.0073 - trimmed_mse_log_r: 0.0072 - full_mae_log_r: 0.0301 - full_mse_score: 4.9116 - trimmed_mse_score: 0.1211 - full_mae_score: 0.1338 - val_loss: 0.6584 - val_full_cross_entropy: 0.6583 - val_trimmed_cross_entropy: 0.6480 - val_full_modified_cross_entropy: 0.6584 - val_full_mse_log_r: 0.0073 - val_trimmed_mse_log_r: 0.0072 - val_full_mae_log_r: 0.0329 - val_full_mse_score: 3.7495 - val_trimmed_mse_score: 0.1249 - val_full_mae_score: 0.1327
Epoch 7/50
428s - loss: 0.6583 - full_cross_entropy: 0.6583 - trimmed_cross_entropy: 0.6480 - full_modified_cross_entropy: 0.6583 - full_mse_log_r: 0.0066 - trimmed_mse_log_r: 0.0065 - full_mae_log_r: 0.0286 - full_mse_score: 4.8516 - trimmed_mse_score: 0.1142 - full_mae_score: 0.1284 - val_loss: 0.6584 - val_full_cross_entropy: 0.6583 - val_trimmed_cross_entropy: 0.6480 - val_full_modified_cross_entropy: 0.6584 - val_full_mse_log_r: 0.0065 - val_trimmed_mse_log_r: 0.0064 - val_full_mae_log_r: 0.0281 - val_full_mse_score: 3.5985 - val_trimmed_mse_score: 0.1032 - val_full_mae_score: 0.1229
Epoch 8/50
426s - loss: 0.6583 - full_cross_entropy: 0.6583 - trimmed_cross_entropy: 0.6480 - full_modified_cross_entropy: 0.6583 - full_mse_log_r: 0.0061 - trimmed_mse_log_r: 0.0060 - full_mae_log_r: 0.0274 - full_mse_score: 4.8135 - trimmed_mse_score: 0.1041 - full_mae_score: 0.1234 - val_loss: 0.6583 - val_full_cross_entropy: 0.6583 - val_trimmed_cross_entropy: 0.6480 - val_full_modified_cross_entropy: 0.6583 - val_full_mse_log_r: 0.0059 - val_trimmed_mse_log_r: 0.0058 - val_full_mae_log_r: 0.0266 - val_full_mse_score: 3.6143 - val_trimmed_mse_score: 0.1059 - val_full_mae_score: 0.1225
Epoch 9/50
427s - loss: 0.6583 - full_cross_entropy: 0.6583 - trimmed_cross_entropy: 0.6480 - full_modified_cross_entropy: 0.6583 - full_mse_log_r: 0.0056 - trimmed_mse_log_r: 0.0055 - full_mae_log_r: 0.0262 - full_mse_score: 4.7537 - trimmed_mse_score: 0.0962 - full_mae_score: 0.1186 - val_loss: 0.6583 - val_full_cross_entropy: 0.6582 - val_trimmed_cross_entropy: 0.6480 - val_full_modified_cross_entropy: 0.6583 - val_full_mse_log_r: 0.0055 - val_trimmed_mse_log_r: 0.0054 - val_full_mae_log_r: 0.0250 - val_full_mse_score: 3.5269 - val_trimmed_mse_score: 0.0918 - val_full_mae_score: 0.1151
Epoch 10/50
429s - loss: 0.6583 - full_cross_entropy: 0.6583 - trimmed_cross_entropy: 0.6480 - full_modified_cross_entropy: 0.6583 - full_mse_log_r: 0.0052 - trimmed_mse_log_r: 0.0051 - full_mae_log_r: 0.0252 - full_mse_score: 4.7036 - trimmed_mse_score: 0.0937 - full_mae_score: 0.1144 - val_loss: 0.6583 - val_full_cross_entropy: 0.6582 - val_trimmed_cross_entropy: 0.6480 - val_full_modified_cross_entropy: 0.6583 - val_full_mse_log_r: 0.0047 - val_trimmed_mse_log_r: 0.0047 - val_full_mae_log_r: 0.0251 - val_full_mse_score: 3.5021 - val_trimmed_mse_score: 0.0863 - val_full_mae_score: 0.1103
Epoch 11/50
427s - loss: 0.6583 - full_cross_entropy: 0.6583 - trimmed_cross_entropy: 0.6480 - full_modified_cross_entropy: 0.6583 - full_mse_log_r: 0.0048 - trimmed_mse_log_r: 0.0048 - full_mae_log_r: 0.0242 - full_mse_score: 4.6616 - trimmed_mse_score: 0.0870 - full_mae_score: 0.1105 - val_loss: 0.6583 - val_full_cross_entropy: 0.6582 - val_trimmed_cross_entropy: 0.6479 - val_full_modified_cross_entropy: 0.6583 - val_full_mse_log_r: 0.0046 - val_trimmed_mse_log_r: 0.0045 - val_full_mae_log_r: 0.0229 - val_full_mse_score: 3.3868 - val_trimmed_mse_score: 0.0769 - val_full_mae_score: 0.1056
Epoch 12/50
427s - loss: 0.6583 - full_cross_entropy: 0.6583 - trimmed_cross_entropy: 0.6480 - full_modified_cross_entropy: 0.6583 - full_mse_log_r: 0.0045 - trimmed_mse_log_r: 0.0045 - full_mae_log_r: 0.0234 - full_mse_score: 4.6279 - trimmed_mse_score: 0.0749 - full_mae_score: 0.1069 - val_loss: 0.6583 - val_full_cross_entropy: 0.6582 - val_trimmed_cross_entropy: 0.6479 - val_full_modified_cross_entropy: 0.6583 - val_full_mse_log_r: 0.0041 - val_trimmed_mse_log_r: 0.0041 - val_full_mae_log_r: 0.0223 - val_full_mse_score: 3.4294 - val_trimmed_mse_score: 0.0789 - val_full_mae_score: 0.1037
Epoch 13/50
427s - loss: 0.6583 - full_cross_entropy: 0.6582 - trimmed_cross_entropy: 0.6480 - full_modified_cross_entropy: 0.6583 - full_mse_log_r: 0.0043 - trimmed_mse_log_r: 0.0042 - full_mae_log_r: 0.0226 - full_mse_score: 4.5882 - trimmed_mse_score: 0.0783 - full_mae_score: 0.1039 - val_loss: 0.6583 - val_full_cross_entropy: 0.6582 - val_trimmed_cross_entropy: 0.6479 - val_full_modified_cross_entropy: 0.6583 - val_full_mse_log_r: 0.0041 - val_trimmed_mse_log_r: 0.0040 - val_full_mae_log_r: 0.0227 - val_full_mse_score: 3.3988 - val_trimmed_mse_score: 0.0733 - val_full_mae_score: 0.1015
Epoch 14/50
428s - loss: 0.6583 - full_cross_entropy: 0.6582 - trimmed_cross_entropy: 0.6480 - full_modified_cross_entropy: 0.6583 - full_mse_log_r: 0.0041 - trimmed_mse_log_r: 0.0040 - full_mae_log_r: 0.0219 - full_mse_score: 4.5668 - trimmed_mse_score: 0.0707 - full_mae_score: 0.1011 - val_loss: 0.6583 - val_full_cross_entropy: 0.6582 - val_trimmed_cross_entropy: 0.6479 - val_full_modified_cross_entropy: 0.6583 - val_full_mse_log_r: 0.0039 - val_trimmed_mse_log_r: 0.0038 - val_full_mae_log_r: 0.0233 - val_full_mse_score: 3.3839 - val_trimmed_mse_score: 0.0723 - val_full_mae_score: 0.0989
Epoch 15/50
428s - loss: 0.6582 - full_cross_entropy: 0.6582 - trimmed_cross_entropy: 0.6480 - full_modified_cross_entropy: 0.6582 - full_mse_log_r: 0.0038 - trimmed_mse_log_r: 0.0038 - full_mae_log_r: 0.0213 - full_mse_score: 4.5288 - trimmed_mse_score: 0.0654 - full_mae_score: 0.0983 - val_loss: 0.6583 - val_full_cross_entropy: 0.6582 - val_trimmed_cross_entropy: 0.6479 - val_full_modified_cross_entropy: 0.6583 - val_full_mse_log_r: 0.0037 - val_trimmed_mse_log_r: 0.0037 - val_full_mae_log_r: 0.0208 - val_full_mse_score: 3.3144 - val_trimmed_mse_score: 0.0677 - val_full_mae_score: 0.0953
Epoch 16/50
427s - loss: 0.6582 - full_cross_entropy: 0.6582 - trimmed_cross_entropy: 0.6479 - full_modified_cross_entropy: 0.6582 - full_mse_log_r: 0.0036 - trimmed_mse_log_r: 0.0036 - full_mae_log_r: 0.0207 - full_mse_score: 4.4873 - trimmed_mse_score: 0.0666 - full_mae_score: 0.0959 - val_loss: 0.6583 - val_full_cross_entropy: 0.6582 - val_trimmed_cross_entropy: 0.6479 - val_full_modified_cross_entropy: 0.6583 - val_full_mse_log_r: 0.0037 - val_trimmed_mse_log_r: 0.0037 - val_full_mae_log_r: 0.0224 - val_full_mse_score: 3.2701 - val_trimmed_mse_score: 0.0631 - val_full_mae_score: 0.0934
Epoch 17/50
424s - loss: 0.6582 - full_cross_entropy: 0.6582 - trimmed_cross_entropy: 0.6479 - full_modified_cross_entropy: 0.6582 - full_mse_log_r: 0.0035 - trimmed_mse_log_r: 0.0034 - full_mae_log_r: 0.0202 - full_mse_score: 4.4694 - trimmed_mse_score: 0.0627 - full_mae_score: 0.0938 - val_loss: 0.6583 - val_full_cross_entropy: 0.6582 - val_trimmed_cross_entropy: 0.6479 - val_full_modified_cross_entropy: 0.6583 - val_full_mse_log_r: 0.0034 - val_trimmed_mse_log_r: 0.0034 - val_full_mae_log_r: 0.0211 - val_full_mse_score: 3.3052 - val_trimmed_mse_score: 0.0647 - val_full_mae_score: 0.0922
Epoch 18/50
427s - loss: 0.6582 - full_cross_entropy: 0.6582 - trimmed_cross_entropy: 0.6479 - full_modified_cross_entropy: 0.6582 - full_mse_log_r: 0.0033 - trimmed_mse_log_r: 0.0033 - full_mae_log_r: 0.0197 - full_mse_score: 4.4345 - trimmed_mse_score: 0.0628 - full_mae_score: 0.0917 - val_loss: 0.6582 - val_full_cross_entropy: 0.6582 - val_trimmed_cross_entropy: 0.6479 - val_full_modified_cross_entropy: 0.6582 - val_full_mse_log_r: 0.0031 - val_trimmed_mse_log_r: 0.0030 - val_full_mae_log_r: 0.0194 - val_full_mse_score: 3.2605 - val_trimmed_mse_score: 0.0593 - val_full_mae_score: 0.0896
Epoch 19/50
423s - loss: 0.6582 - full_cross_entropy: 0.6582 - trimmed_cross_entropy: 0.6479 - full_modified_cross_entropy: 0.6582 - full_mse_log_r: 0.0032 - trimmed_mse_log_r: 0.0032 - full_mae_log_r: 0.0192 - full_mse_score: 4.4124 - trimmed_mse_score: 0.0559 - full_mae_score: 0.0899 - val_loss: 0.6582 - val_full_cross_entropy: 0.6582 - val_trimmed_cross_entropy: 0.6479 - val_full_modified_cross_entropy: 0.6582 - val_full_mse_log_r: 0.0031 - val_trimmed_mse_log_r: 0.0031 - val_full_mae_log_r: 0.0191 - val_full_mse_score: 3.2274 - val_trimmed_mse_score: 0.0579 - val_full_mae_score: 0.0888
Epoch 20/50
423s - loss: 0.6582 - full_cross_entropy: 0.6582 - trimmed_cross_entropy: 0.6479 - full_modified_cross_entropy: 0.6582 - full_mse_log_r: 0.0031 - trimmed_mse_log_r: 0.0030 - full_mae_log_r: 0.0188 - full_mse_score: 4.3979 - trimmed_mse_score: 0.0583 - full_mae_score: 0.0881 - val_loss: 0.6582 - val_full_cross_entropy: 0.6582 - val_trimmed_cross_entropy: 0.6479 - val_full_modified_cross_entropy: 0.6582 - val_full_mse_log_r: 0.0030 - val_trimmed_mse_log_r: 0.0030 - val_full_mae_log_r: 0.0192 - val_full_mse_score: 3.1635 - val_trimmed_mse_score: 0.0536 - val_full_mae_score: 0.0844
Epoch 21/50
422s - loss: 0.6582 - full_cross_entropy: 0.6582 - trimmed_cross_entropy: 0.6479 - full_modified_cross_entropy: 0.6582 - full_mse_log_r: 0.0030 - trimmed_mse_log_r: 0.0029 - full_mae_log_r: 0.0185 - full_mse_score: 4.3737 - trimmed_mse_score: 0.0597 - full_mae_score: 0.0865 - val_loss: 0.6582 - val_full_cross_entropy: 0.6582 - val_trimmed_cross_entropy: 0.6479 - val_full_modified_cross_entropy: 0.6582 - val_full_mse_log_r: 0.0029 - val_trimmed_mse_log_r: 0.0028 - val_full_mae_log_r: 0.0181 - val_full_mse_score: 3.2099 - val_trimmed_mse_score: 0.0559 - val_full_mae_score: 0.0842
Epoch 22/50
419s - loss: 0.6582 - full_cross_entropy: 0.6582 - trimmed_cross_entropy: 0.6479 - full_modified_cross_entropy: 0.6582 - full_mse_log_r: 0.0029 - trimmed_mse_log_r: 0.0029 - full_mae_log_r: 0.0181 - full_mse_score: 4.3609 - trimmed_mse_score: 0.0496 - full_mae_score: 0.0852 - val_loss: 0.6582 - val_full_cross_entropy: 0.6582 - val_trimmed_cross_entropy: 0.6479 - val_full_modified_cross_entropy: 0.6582 - val_full_mse_log_r: 0.0029 - val_trimmed_mse_log_r: 0.0029 - val_full_mae_log_r: 0.0186 - val_full_mse_score: 3.1730 - val_trimmed_mse_score: 0.0527 - val_full_mae_score: 0.0827
Epoch 23/50
421s - loss: 0.6582 - full_cross_entropy: 0.6582 - trimmed_cross_entropy: 0.6479 - full_modified_cross_entropy: 0.6582 - full_mse_log_r: 0.0028 - trimmed_mse_log_r: 0.0028 - full_mae_log_r: 0.0178 - full_mse_score: 4.3352 - trimmed_mse_score: 0.0674 - full_mae_score: 0.0839 - val_loss: 0.6582 - val_full_cross_entropy: 0.6582 - val_trimmed_cross_entropy: 0.6479 - val_full_modified_cross_entropy: 0.6582 - val_full_mse_log_r: 0.0028 - val_trimmed_mse_log_r: 0.0027 - val_full_mae_log_r: 0.0178 - val_full_mse_score: 3.1400 - val_trimmed_mse_score: 0.0514 - val_full_mae_score: 0.0811
Epoch 24/50
428s - loss: 0.6582 - full_cross_entropy: 0.6582 - trimmed_cross_entropy: 0.6479 - full_modified_cross_entropy: 0.6582 - full_mse_log_r: 0.0027 - trimmed_mse_log_r: 0.0027 - full_mae_log_r: 0.0175 - full_mse_score: 4.3219 - trimmed_mse_score: 0.0561 - full_mae_score: 0.0826 - val_loss: 0.6582 - val_full_cross_entropy: 0.6582 - val_trimmed_cross_entropy: 0.6479 - val_full_modified_cross_entropy: 0.6582 - val_full_mse_log_r: 0.0026 - val_trimmed_mse_log_r: 0.0026 - val_full_mae_log_r: 0.0172 - val_full_mse_score: 3.1761 - val_trimmed_mse_score: 0.0526 - val_full_mae_score: 0.0814
Epoch 25/50
428s - loss: 0.6582 - full_cross_entropy: 0.6582 - trimmed_cross_entropy: 0.6479 - full_modified_cross_entropy: 0.6582 - full_mse_log_r: 0.0027 - trimmed_mse_log_r: 0.0026 - full_mae_log_r: 0.0173 - full_mse_score: 4.3161 - trimmed_mse_score: 0.0568 - full_mae_score: 0.0817 - val_loss: 0.6582 - val_full_cross_entropy: 0.6582 - val_trimmed_cross_entropy: 0.6479 - val_full_modified_cross_entropy: 0.6582 - val_full_mse_log_r: 0.0026 - val_trimmed_mse_log_r: 0.0026 - val_full_mae_log_r: 0.0170 - val_full_mse_score: 3.1386 - val_trimmed_mse_score: 0.0499 - val_full_mae_score: 0.0796
Epoch 26/50
426s - loss: 0.6582 - full_cross_entropy: 0.6582 - trimmed_cross_entropy: 0.6479 - full_modified_cross_entropy: 0.6582 - full_mse_log_r: 0.0026 - trimmed_mse_log_r: 0.0026 - full_mae_log_r: 0.0170 - full_mse_score: 4.2956 - trimmed_mse_score: 0.0457 - full_mae_score: 0.0807 - val_loss: 0.6582 - val_full_cross_entropy: 0.6582 - val_trimmed_cross_entropy: 0.6479 - val_full_modified_cross_entropy: 0.6582 - val_full_mse_log_r: 0.0026 - val_trimmed_mse_log_r: 0.0025 - val_full_mae_log_r: 0.0168 - val_full_mse_score: 3.1107 - val_trimmed_mse_score: 0.0481 - val_full_mae_score: 0.0785
Epoch 27/50
427s - loss: 0.6582 - full_cross_entropy: 0.6582 - trimmed_cross_entropy: 0.6479 - full_modified_cross_entropy: 0.6582 - full_mse_log_r: 0.0026 - trimmed_mse_log_r: 0.0025 - full_mae_log_r: 0.0168 - full_mse_score: 4.2918 - trimmed_mse_score: 0.0498 - full_mae_score: 0.0799 - val_loss: 0.6582 - val_full_cross_entropy: 0.6582 - val_trimmed_cross_entropy: 0.6479 - val_full_modified_cross_entropy: 0.6582 - val_full_mse_log_r: 0.0025 - val_trimmed_mse_log_r: 0.0025 - val_full_mae_log_r: 0.0164 - val_full_mse_score: 3.1483 - val_trimmed_mse_score: 0.0509 - val_full_mae_score: 0.0782
Epoch 28/50
428s - loss: 0.6582 - full_cross_entropy: 0.6582 - trimmed_cross_entropy: 0.6479 - full_modified_cross_entropy: 0.6582 - full_mse_log_r: 0.0025 - trimmed_mse_log_r: 0.0025 - full_mae_log_r: 0.0166 - full_mse_score: 4.2834 - trimmed_mse_score: 0.0555 - full_mae_score: 0.0791 - val_loss: 0.6582 - val_full_cross_entropy: 0.6582 - val_trimmed_cross_entropy: 0.6479 - val_full_modified_cross_entropy: 0.6582 - val_full_mse_log_r: 0.0025 - val_trimmed_mse_log_r: 0.0024 - val_full_mae_log_r: 0.0163 - val_full_mse_score: 3.0984 - val_trimmed_mse_score: 0.0478 - val_full_mae_score: 0.0766
Epoch 29/50
420s - loss: 0.6582 - full_cross_entropy: 0.6582 - trimmed_cross_entropy: 0.6479 - full_modified_cross_entropy: 0.6582 - full_mse_log_r: 0.0025 - trimmed_mse_log_r: 0.0025 - full_mae_log_r: 0.0164 - full_mse_score: 4.2711 - trimmed_mse_score: 0.0552 - full_mae_score: 0.0783 - val_loss: 0.6582 - val_full_cross_entropy: 0.6582 - val_trimmed_cross_entropy: 0.6479 - val_full_modified_cross_entropy: 0.6582 - val_full_mse_log_r: 0.0024 - val_trimmed_mse_log_r: 0.0024 - val_full_mae_log_r: 0.0173 - val_full_mse_score: 3.1138 - val_trimmed_mse_score: 0.0472 - val_full_mae_score: 0.0766
Epoch 30/50
429s - loss: 0.6582 - full_cross_entropy: 0.6582 - trimmed_cross_entropy: 0.6479 - full_modified_cross_entropy: 0.6582 - full_mse_log_r: 0.0025 - trimmed_mse_log_r: 0.0024 - full_mae_log_r: 0.0162 - full_mse_score: 4.2636 - trimmed_mse_score: 0.0453 - full_mae_score: 0.0776 - val_loss: 0.6582 - val_full_cross_entropy: 0.6582 - val_trimmed_cross_entropy: 0.6479 - val_full_modified_cross_entropy: 0.6582 - val_full_mse_log_r: 0.0024 - val_trimmed_mse_log_r: 0.0023 - val_full_mae_log_r: 0.0161 - val_full_mse_score: 3.0740 - val_trimmed_mse_score: 0.0461 - val_full_mae_score: 0.0757
Epoch 31/50
428s - loss: 0.6582 - full_cross_entropy: 0.6582 - trimmed_cross_entropy: 0.6479 - full_modified_cross_entropy: 0.6582 - full_mse_log_r: 0.0024 - trimmed_mse_log_r: 0.0024 - full_mae_log_r: 0.0161 - full_mse_score: 4.2584 - trimmed_mse_score: 0.0465 - full_mae_score: 0.0771 - val_loss: 0.6582 - val_full_cross_entropy: 0.6582 - val_trimmed_cross_entropy: 0.6479 - val_full_modified_cross_entropy: 0.6582 - val_full_mse_log_r: 0.0024 - val_trimmed_mse_log_r: 0.0023 - val_full_mae_log_r: 0.0162 - val_full_mse_score: 3.0752 - val_trimmed_mse_score: 0.0458 - val_full_mae_score: 0.0747
Epoch 32/50
428s - loss: 0.6582 - full_cross_entropy: 0.6582 - trimmed_cross_entropy: 0.6479 - full_modified_cross_entropy: 0.6582 - full_mse_log_r: 0.0024 - trimmed_mse_log_r: 0.0024 - full_mae_log_r: 0.0159 - full_mse_score: 4.2476 - trimmed_mse_score: 0.0505 - full_mae_score: 0.0766 - val_loss: 0.6582 - val_full_cross_entropy: 0.6582 - val_trimmed_cross_entropy: 0.6479 - val_full_modified_cross_entropy: 0.6582 - val_full_mse_log_r: 0.0023 - val_trimmed_mse_log_r: 0.0023 - val_full_mae_log_r: 0.0159 - val_full_mse_score: 3.0685 - val_trimmed_mse_score: 0.0462 - val_full_mae_score: 0.0745
Epoch 33/50
426s - loss: 0.6582 - full_cross_entropy: 0.6582 - trimmed_cross_entropy: 0.6479 - full_modified_cross_entropy: 0.6582 - full_mse_log_r: 0.0024 - trimmed_mse_log_r: 0.0023 - full_mae_log_r: 0.0158 - full_mse_score: 4.2439 - trimmed_mse_score: 0.0434 - full_mae_score: 0.0761 - val_loss: 0.6582 - val_full_cross_entropy: 0.6582 - val_trimmed_cross_entropy: 0.6479 - val_full_modified_cross_entropy: 0.6582 - val_full_mse_log_r: 0.0023 - val_trimmed_mse_log_r: 0.0022 - val_full_mae_log_r: 0.0155 - val_full_mse_score: 3.0642 - val_trimmed_mse_score: 0.0457 - val_full_mae_score: 0.0740
Epoch 34/50
422s - loss: 0.6582 - full_cross_entropy: 0.6582 - trimmed_cross_entropy: 0.6479 - full_modified_cross_entropy: 0.6582 - full_mse_log_r: 0.0023 - trimmed_mse_log_r: 0.0023 - full_mae_log_r: 0.0157 - full_mse_score: 4.2304 - trimmed_mse_score: 0.0541 - full_mae_score: 0.0756 - val_loss: 0.6582 - val_full_cross_entropy: 0.6582 - val_trimmed_cross_entropy: 0.6479 - val_full_modified_cross_entropy: 0.6582 - val_full_mse_log_r: 0.0022 - val_trimmed_mse_log_r: 0.0022 - val_full_mae_log_r: 0.0158 - val_full_mse_score: 3.0633 - val_trimmed_mse_score: 0.0447 - val_full_mae_score: 0.0736
Epoch 35/50
429s - loss: 0.6582 - full_cross_entropy: 0.6582 - trimmed_cross_entropy: 0.6479 - full_modified_cross_entropy: 0.6582 - full_mse_log_r: 0.0023 - trimmed_mse_log_r: 0.0023 - full_mae_log_r: 0.0156 - full_mse_score: 4.2310 - trimmed_mse_score: 0.0464 - full_mae_score: 0.0752 - val_loss: 0.6582 - val_full_cross_entropy: 0.6582 - val_trimmed_cross_entropy: 0.6479 - val_full_modified_cross_entropy: 0.6582 - val_full_mse_log_r: 0.0022 - val_trimmed_mse_log_r: 0.0022 - val_full_mae_log_r: 0.0156 - val_full_mse_score: 3.0505 - val_trimmed_mse_score: 0.0440 - val_full_mae_score: 0.0730
Epoch 36/50
429s - loss: 0.6582 - full_cross_entropy: 0.6582 - trimmed_cross_entropy: 0.6479 - full_modified_cross_entropy: 0.6582 - full_mse_log_r: 0.0023 - trimmed_mse_log_r: 0.0023 - full_mae_log_r: 0.0155 - full_mse_score: 4.2358 - trimmed_mse_score: 0.0402 - full_mae_score: 0.0749 - val_loss: 0.6582 - val_full_cross_entropy: 0.6582 - val_trimmed_cross_entropy: 0.6479 - val_full_modified_cross_entropy: 0.6582 - val_full_mse_log_r: 0.0022 - val_trimmed_mse_log_r: 0.0022 - val_full_mae_log_r: 0.0151 - val_full_mse_score: 3.0477 - val_trimmed_mse_score: 0.0442 - val_full_mae_score: 0.0725
Epoch 37/50
428s - loss: 0.6582 - full_cross_entropy: 0.6582 - trimmed_cross_entropy: 0.6479 - full_modified_cross_entropy: 0.6582 - full_mse_log_r: 0.0023 - trimmed_mse_log_r: 0.0022 - full_mae_log_r: 0.0154 - full_mse_score: 4.2258 - trimmed_mse_score: 0.0585 - full_mae_score: 0.0745 - val_loss: 0.6582 - val_full_cross_entropy: 0.6582 - val_trimmed_cross_entropy: 0.6479 - val_full_modified_cross_entropy: 0.6582 - val_full_mse_log_r: 0.0022 - val_trimmed_mse_log_r: 0.0022 - val_full_mae_log_r: 0.0154 - val_full_mse_score: 3.0502 - val_trimmed_mse_score: 0.0439 - val_full_mae_score: 0.0725
Epoch 38/50
428s - loss: 0.6582 - full_cross_entropy: 0.6582 - trimmed_cross_entropy: 0.6479 - full_modified_cross_entropy: 0.6582 - full_mse_log_r: 0.0023 - trimmed_mse_log_r: 0.0022 - full_mae_log_r: 0.0153 - full_mse_score: 4.2230 - trimmed_mse_score: 0.0482 - full_mae_score: 0.0742 - val_loss: 0.6582 - val_full_cross_entropy: 0.6582 - val_trimmed_cross_entropy: 0.6479 - val_full_modified_cross_entropy: 0.6582 - val_full_mse_log_r: 0.0022 - val_trimmed_mse_log_r: 0.0022 - val_full_mae_log_r: 0.0152 - val_full_mse_score: 3.0395 - val_trimmed_mse_score: 0.0441 - val_full_mae_score: 0.0722
Epoch 39/50
423s - loss: 0.6582 - full_cross_entropy: 0.6582 - trimmed_cross_entropy: 0.6479 - full_modified_cross_entropy: 0.6582 - full_mse_log_r: 0.0023 - trimmed_mse_log_r: 0.0022 - full_mae_log_r: 0.0152 - full_mse_score: 4.2141 - trimmed_mse_score: 0.0441 - full_mae_score: 0.0740 - val_loss: 0.6582 - val_full_cross_entropy: 0.6582 - val_trimmed_cross_entropy: 0.6479 - val_full_modified_cross_entropy: 0.6582 - val_full_mse_log_r: 0.0022 - val_trimmed_mse_log_r: 0.0021 - val_full_mae_log_r: 0.0153 - val_full_mse_score: 3.0438 - val_trimmed_mse_score: 0.0436 - val_full_mae_score: 0.0722
Epoch 40/50
422s - loss: 0.6582 - full_cross_entropy: 0.6582 - trimmed_cross_entropy: 0.6479 - full_modified_cross_entropy: 0.6582 - full_mse_log_r: 0.0022 - trimmed_mse_log_r: 0.0022 - full_mae_log_r: 0.0151 - full_mse_score: 4.2154 - trimmed_mse_score: 0.0453 - full_mae_score: 0.0737 - val_loss: 0.6582 - val_full_cross_entropy: 0.6582 - val_trimmed_cross_entropy: 0.6479 - val_full_modified_cross_entropy: 0.6582 - val_full_mse_log_r: 0.0022 - val_trimmed_mse_log_r: 0.0021 - val_full_mae_log_r: 0.0152 - val_full_mse_score: 3.0376 - val_trimmed_mse_score: 0.0435 - val_full_mae_score: 0.0719
Epoch 41/50
423s - loss: 0.6582 - full_cross_entropy: 0.6582 - trimmed_cross_entropy: 0.6479 - full_modified_cross_entropy: 0.6582 - full_mse_log_r: 0.0022 - trimmed_mse_log_r: 0.0022 - full_mae_log_r: 0.0151 - full_mse_score: 4.2135 - trimmed_mse_score: 0.0414 - full_mae_score: 0.0735 - val_loss: 0.6582 - val_full_cross_entropy: 0.6582 - val_trimmed_cross_entropy: 0.6479 - val_full_modified_cross_entropy: 0.6582 - val_full_mse_log_r: 0.0022 - val_trimmed_mse_log_r: 0.0022 - val_full_mae_log_r: 0.0153 - val_full_mse_score: 3.0360 - val_trimmed_mse_score: 0.0438 - val_full_mae_score: 0.0715
Epoch 42/50
426s - loss: 0.6582 - full_cross_entropy: 0.6582 - trimmed_cross_entropy: 0.6479 - full_modified_cross_entropy: 0.6582 - full_mse_log_r: 0.0022 - trimmed_mse_log_r: 0.0022 - full_mae_log_r: 0.0150 - full_mse_score: 4.2027 - trimmed_mse_score: 0.0425 - full_mae_score: 0.0733 - val_loss: 0.6582 - val_full_cross_entropy: 0.6582 - val_trimmed_cross_entropy: 0.6479 - val_full_modified_cross_entropy: 0.6582 - val_full_mse_log_r: 0.0021 - val_trimmed_mse_log_r: 0.0021 - val_full_mae_log_r: 0.0154 - val_full_mse_score: 3.0313 - val_trimmed_mse_score: 0.0431 - val_full_mae_score: 0.0713
Epoch 43/50
427s - loss: 0.6582 - full_cross_entropy: 0.6582 - trimmed_cross_entropy: 0.6479 - full_modified_cross_entropy: 0.6582 - full_mse_log_r: 0.0022 - trimmed_mse_log_r: 0.0022 - full_mae_log_r: 0.0149 - full_mse_score: 4.2123 - trimmed_mse_score: 0.0495 - full_mae_score: 0.0731 - val_loss: 0.6582 - val_full_cross_entropy: 0.6582 - val_trimmed_cross_entropy: 0.6479 - val_full_modified_cross_entropy: 0.6582 - val_full_mse_log_r: 0.0021 - val_trimmed_mse_log_r: 0.0021 - val_full_mae_log_r: 0.0149 - val_full_mse_score: 3.0259 - val_trimmed_mse_score: 0.0428 - val_full_mae_score: 0.0711
Epoch 44/50
426s - loss: 0.6582 - full_cross_entropy: 0.6582 - trimmed_cross_entropy: 0.6479 - full_modified_cross_entropy: 0.6582 - full_mse_log_r: 0.0022 - trimmed_mse_log_r: 0.0022 - full_mae_log_r: 0.0149 - full_mse_score: 4.2074 - trimmed_mse_score: 0.0464 - full_mae_score: 0.0729 - val_loss: 0.6582 - val_full_cross_entropy: 0.6582 - val_trimmed_cross_entropy: 0.6479 - val_full_modified_cross_entropy: 0.6582 - val_full_mse_log_r: 0.0021 - val_trimmed_mse_log_r: 0.0021 - val_full_mae_log_r: 0.0150 - val_full_mse_score: 3.0256 - val_trimmed_mse_score: 0.0430 - val_full_mae_score: 0.0710
Epoch 45/50
425s - loss: 0.6582 - full_cross_entropy: 0.6582 - trimmed_cross_entropy: 0.6479 - full_modified_cross_entropy: 0.6582 - full_mse_log_r: 0.0022 - trimmed_mse_log_r: 0.0022 - full_mae_log_r: 0.0148 - full_mse_score: 4.2050 - trimmed_mse_score: 0.0398 - full_mae_score: 0.0728 - val_loss: 0.6582 - val_full_cross_entropy: 0.6581 - val_trimmed_cross_entropy: 0.6479 - val_full_modified_cross_entropy: 0.6582 - val_full_mse_log_r: 0.0021 - val_trimmed_mse_log_r: 0.0021 - val_full_mae_log_r: 0.0148 - val_full_mse_score: 3.0269 - val_trimmed_mse_score: 0.0427 - val_full_mae_score: 0.0708
Epoch 46/50
425s - loss: 0.6582 - full_cross_entropy: 0.6582 - trimmed_cross_entropy: 0.6479 - full_modified_cross_entropy: 0.6582 - full_mse_log_r: 0.0022 - trimmed_mse_log_r: 0.0022 - full_mae_log_r: 0.0148 - full_mse_score: 4.2053 - trimmed_mse_score: 0.0548 - full_mae_score: 0.0727 - val_loss: 0.6582 - val_full_cross_entropy: 0.6582 - val_trimmed_cross_entropy: 0.6479 - val_full_modified_cross_entropy: 0.6582 - val_full_mse_log_r: 0.0021 - val_trimmed_mse_log_r: 0.0021 - val_full_mae_log_r: 0.0148 - val_full_mse_score: 3.0239 - val_trimmed_mse_score: 0.0423 - val_full_mae_score: 0.0707
Epoch 47/50
423s - loss: 0.6582 - full_cross_entropy: 0.6582 - trimmed_cross_entropy: 0.6479 - full_modified_cross_entropy: 0.6582 - full_mse_log_r: 0.0022 - trimmed_mse_log_r: 0.0021 - full_mae_log_r: 0.0148 - full_mse_score: 4.2005 - trimmed_mse_score: 0.0392 - full_mae_score: 0.0725 - val_loss: 0.6582 - val_full_cross_entropy: 0.6582 - val_trimmed_cross_entropy: 0.6479 - val_full_modified_cross_entropy: 0.6582 - val_full_mse_log_r: 0.0021 - val_trimmed_mse_log_r: 0.0021 - val_full_mae_log_r: 0.0149 - val_full_mse_score: 3.0250 - val_trimmed_mse_score: 0.0427 - val_full_mae_score: 0.0706
Epoch 48/50
422s - loss: 0.6582 - full_cross_entropy: 0.6582 - trimmed_cross_entropy: 0.6479 - full_modified_cross_entropy: 0.6582 - full_mse_log_r: 0.0022 - trimmed_mse_log_r: 0.0021 - full_mae_log_r: 0.0147 - full_mse_score: 4.1965 - trimmed_mse_score: 0.0397 - full_mae_score: 0.0724 - val_loss: 0.6582 - val_full_cross_entropy: 0.6582 - val_trimmed_cross_entropy: 0.6479 - val_full_modified_cross_entropy: 0.6582 - val_full_mse_log_r: 0.0021 - val_trimmed_mse_log_r: 0.0021 - val_full_mae_log_r: 0.0147 - val_full_mse_score: 3.0205 - val_trimmed_mse_score: 0.0422 - val_full_mae_score: 0.0704
Epoch 49/50
424s - loss: 0.6582 - full_cross_entropy: 0.6582 - trimmed_cross_entropy: 0.6479 - full_modified_cross_entropy: 0.6582 - full_mse_log_r: 0.0022 - trimmed_mse_log_r: 0.0021 - full_mae_log_r: 0.0147 - full_mse_score: 4.2000 - trimmed_mse_score: 0.0381 - full_mae_score: 0.0723 - val_loss: 0.6582 - val_full_cross_entropy: 0.6581 - val_trimmed_cross_entropy: 0.6479 - val_full_modified_cross_entropy: 0.6582 - val_full_mse_log_r: 0.0021 - val_trimmed_mse_log_r: 0.0021 - val_full_mae_log_r: 0.0147 - val_full_mse_score: 3.0192 - val_trimmed_mse_score: 0.0425 - val_full_mae_score: 0.0705
Epoch 50/50
426s - loss: 0.6582 - full_cross_entropy: 0.6582 - trimmed_cross_entropy: 0.6479 - full_modified_cross_entropy: 0.6582 - full_mse_log_r: 0.0022 - trimmed_mse_log_r: 0.0021 - full_mae_log_r: 0.0147 - full_mse_score: 4.1969 - trimmed_mse_score: 0.0468 - full_mae_score: 0.0722 - val_loss: 0.6582 - val_full_cross_entropy: 0.6581 - val_trimmed_cross_entropy: 0.6479 - val_full_modified_cross_entropy: 0.6582 - val_full_mse_log_r: 0.0021 - val_trimmed_mse_log_r: 0.0021 - val_full_mae_log_r: 0.0147 - val_full_mse_score: 3.0155 - val_trimmed_mse_score: 0.0425 - val_full_mae_score: 0.0703
14.07.2018 13:09:22 INFO    Starting evaluation
14.07.2018 13:11:07 INFO    Starting theta 100 / 1017
14.07.2018 13:12:49 INFO    Starting theta 200 / 1017
14.07.2018 13:14:32 INFO    Starting theta 300 / 1017
14.07.2018 13:16:14 INFO    Starting theta 400 / 1017
14.07.2018 13:17:56 INFO    Starting theta 500 / 1017
14.07.2018 13:19:38 INFO    Starting theta 600 / 1017
14.07.2018 13:21:20 INFO    Starting theta 700 / 1017
14.07.2018 13:23:02 INFO    Starting theta 800 / 1017
14.07.2018 13:24:44 INFO    Starting theta 900 / 1017
14.07.2018 13:26:26 INFO    Starting theta 1000 / 1017
14.07.2018 13:26:44 INFO    Evaluation timing: median 1.00994610786 s, mean 1.00912683294 s
14.07.2018 13:26:44 INFO    Starting roaming
14.07.2018 13:27:05 INFO    Starting calibrated evaluation and roaming
14.07.2018 14:37:30 INFO    Starting theta 100 / 1017
14.07.2018 15:48:41 INFO    Starting theta 200 / 1017
14.07.2018 17:00:00 INFO    Starting theta 300 / 1017
14.07.2018 18:11:21 INFO    Starting theta 400 / 1017
14.07.2018 19:22:26 INFO    Starting theta 500 / 1017
14.07.2018 20:33:30 INFO    Starting theta 600 / 1017
14.07.2018 21:44:55 INFO    Starting theta 700 / 1017
14.07.2018 22:56:15 INFO    Starting theta 800 / 1017
15.07.2018 00:07:46 INFO    Starting theta 900 / 1017
15.07.2018 01:19:08 INFO    Starting theta 1000 / 1017
15.07.2018 01:32:03 INFO    Calibrated evaluation timing: median 1.01627087593 s, mean 1.01546114877 s
15.07.2018 01:32:03 INFO    Interpolating calibrated roaming
15.07.2018 01:37:24 INFO    That's it -- have a great day!
