Using TensorFlow backend.
13.02.2018 10:56:56 INFO    Hi! How are you today?
13.02.2018 10:56:56 INFO    Startup options:
13.02.2018 10:56:56 INFO      Algorithm:                     regression
13.02.2018 10:56:56 INFO      Point by point:                False
13.02.2018 10:56:56 INFO      Morphing-aware mode:           False
13.02.2018 10:56:56 INFO      Smeared data:                  False
13.02.2018 10:56:56 INFO      Training sample:               baseline
13.02.2018 10:56:56 INFO      AFC X indices:                 [1, 38, 39, 40, 41]
13.02.2018 10:56:56 INFO      AFC epsilon:                   None
13.02.2018 10:56:56 INFO      Neyman construction toys:      False
13.02.2018 10:56:56 INFO      Other options:                 ['largebatch']
13.02.2018 10:56:56 INFO      Base directory:                /home/jb6504/higgs_inference
13.02.2018 10:56:56 INFO      ML-based strategies available: True
13.02.2018 10:56:56 INFO    Starting parameterized inference
13.02.2018 10:56:56 INFO    Main settings:
13.02.2018 10:56:56 INFO      Algorithm:                regression
13.02.2018 10:56:56 INFO      Morphing-aware:           False
13.02.2018 10:56:56 INFO      Training sample:          baseline
13.02.2018 10:56:56 INFO    Options:
13.02.2018 10:56:56 INFO      Learning rate:            0.001
13.02.2018 10:56:56 INFO      Number of epochs:         20
13.02.2018 10:56:56 INFO      Number of hidden layers:  2
13.02.2018 10:56:56 INFO      alpha carl:               0.35
13.02.2018 10:56:56 INFO      alpha regression:         0.02
13.02.2018 10:56:56 INFO      Debug mode:               False
13.02.2018 10:57:21 INFO    Starting training
Train on 7995920 samples, validate on 1998980 samples
Epoch 1/20
2018-02-13 10:57:21.938910: W tensorflow/core/platform/cpu_feature_guard.cc:45] The TensorFlow library wasn't compiled to use SSE4.1 instructions, but these are available on your machine and could speed up CPU computations.
2018-02-13 10:57:21.940788: W tensorflow/core/platform/cpu_feature_guard.cc:45] The TensorFlow library wasn't compiled to use SSE4.2 instructions, but these are available on your machine and could speed up CPU computations.
2018-02-13 10:57:21.940799: W tensorflow/core/platform/cpu_feature_guard.cc:45] The TensorFlow library wasn't compiled to use AVX instructions, but these are available on your machine and could speed up CPU computations.
2018-02-13 10:57:21.940804: W tensorflow/core/platform/cpu_feature_guard.cc:45] The TensorFlow library wasn't compiled to use AVX2 instructions, but these are available on your machine and could speed up CPU computations.
2018-02-13 10:57:21.940808: W tensorflow/core/platform/cpu_feature_guard.cc:45] The TensorFlow library wasn't compiled to use FMA instructions, but these are available on your machine and could speed up CPU computations.
2018-02-13 10:57:22.244739: I tensorflow/core/common_runtime/gpu/gpu_device.cc:940] Found device 0 with properties: 
name: Tesla K80
major: 3 minor: 7 memoryClockRate (GHz) 0.8235
pciBusID 0000:84:00.0
Total memory: 11.17GiB
Free memory: 11.10GiB
2018-02-13 10:57:22.244779: I tensorflow/core/common_runtime/gpu/gpu_device.cc:961] DMA: 0 
2018-02-13 10:57:22.244786: I tensorflow/core/common_runtime/gpu/gpu_device.cc:971] 0:   Y 
2018-02-13 10:57:22.244796: I tensorflow/core/common_runtime/gpu/gpu_device.cc:1030] Creating TensorFlow device (/gpu:0) -> (device: 0, name: Tesla K80, pci bus id: 0000:84:00.0)
715s - loss: 0.0350 - loss_function_carl: 0.6601 - loss_function_carl_kl: 21.2134 - loss_function_score: 1.3262 - trimmed_cross_entropy: 0.6395 - trimmed_mse_log_r: 0.0339 - trimmed_mse_score: 0.2294 - val_loss: 0.0314 - val_loss_function_carl: 0.6605 - val_loss_function_carl_kl: 21.1857 - val_loss_function_score: 0.2812 - val_trimmed_cross_entropy: 0.6398 - val_trimmed_mse_log_r: 0.0305 - val_trimmed_mse_score: 0.1161
Epoch 2/20
714s - loss: 0.0161 - loss_function_carl: 0.6589 - loss_function_carl_kl: 21.2036 - loss_function_score: 1.0100 - trimmed_cross_entropy: 0.6383 - trimmed_mse_log_r: 0.0156 - trimmed_mse_score: 0.1498 - val_loss: 0.0235 - val_loss_function_carl: 0.6597 - val_loss_function_carl_kl: 21.1285 - val_loss_function_score: 0.3091 - val_trimmed_cross_entropy: 0.6391 - val_trimmed_mse_log_r: 0.0228 - val_trimmed_mse_score: 0.1373
Epoch 3/20
714s - loss: 0.0145 - loss_function_carl: 0.6588 - loss_function_carl_kl: 21.2030 - loss_function_score: 0.9643 - trimmed_cross_entropy: 0.6382 - trimmed_mse_log_r: 0.0140 - trimmed_mse_score: 0.1463 - val_loss: 0.0244 - val_loss_function_carl: 0.6598 - val_loss_function_carl_kl: 21.1502 - val_loss_function_score: 0.3278 - val_trimmed_cross_entropy: 0.6392 - val_trimmed_mse_log_r: 0.0236 - val_trimmed_mse_score: 0.1464
Epoch 4/20
713s - loss: 0.0137 - loss_function_carl: 0.6588 - loss_function_carl_kl: 21.2024 - loss_function_score: 0.9460 - trimmed_cross_entropy: 0.6382 - trimmed_mse_log_r: 0.0132 - trimmed_mse_score: 0.1509 - val_loss: 0.0251 - val_loss_function_carl: 0.6599 - val_loss_function_carl_kl: 21.5261 - val_loss_function_score: 0.3500 - val_trimmed_cross_entropy: 0.6393 - val_trimmed_mse_log_r: 0.0243 - val_trimmed_mse_score: 0.1635
Epoch 5/20
713s - loss: 0.0131 - loss_function_carl: 0.6588 - loss_function_carl_kl: 21.2018 - loss_function_score: 0.9336 - trimmed_cross_entropy: 0.6382 - trimmed_mse_log_r: 0.0127 - trimmed_mse_score: 0.1518 - val_loss: 0.0290 - val_loss_function_carl: 0.6602 - val_loss_function_carl_kl: 21.0539 - val_loss_function_score: 0.3421 - val_trimmed_cross_entropy: 0.6396 - val_trimmed_mse_log_r: 0.0281 - val_trimmed_mse_score: 0.1561
Epoch 6/20
726s - loss: 0.0129 - loss_function_carl: 0.6587 - loss_function_carl_kl: 21.2018 - loss_function_score: 0.9312 - trimmed_cross_entropy: 0.6382 - trimmed_mse_log_r: 0.0125 - trimmed_mse_score: 0.1540 - val_loss: 0.0274 - val_loss_function_carl: 0.6599 - val_loss_function_carl_kl: 20.7609 - val_loss_function_score: 0.3699 - val_trimmed_cross_entropy: 0.6393 - val_trimmed_mse_log_r: 0.0265 - val_trimmed_mse_score: 0.1773
Epoch 7/20
720s - loss: 0.0126 - loss_function_carl: 0.6587 - loss_function_carl_kl: 21.2005 - loss_function_score: 0.9267 - trimmed_cross_entropy: 0.6381 - trimmed_mse_log_r: 0.0123 - trimmed_mse_score: 0.1570 - val_loss: 0.0299 - val_loss_function_carl: 0.6602 - val_loss_function_carl_kl: 21.0301 - val_loss_function_score: 0.3979 - val_trimmed_cross_entropy: 0.6396 - val_trimmed_mse_log_r: 0.0290 - val_trimmed_mse_score: 0.1845
Epoch 8/20
714s - loss: 0.0124 - loss_function_carl: 0.6587 - loss_function_carl_kl: 21.2009 - loss_function_score: 0.9319 - trimmed_cross_entropy: 0.6381 - trimmed_mse_log_r: 0.0121 - trimmed_mse_score: 0.1626 - val_loss: 0.0304 - val_loss_function_carl: 0.6602 - val_loss_function_carl_kl: 21.3505 - val_loss_function_score: 0.3537 - val_trimmed_cross_entropy: 0.6395 - val_trimmed_mse_log_r: 0.0295 - val_trimmed_mse_score: 0.1673
Epoch 00007: early stopping
13.02.2018 12:32:53 INFO    Starting evaluation
13.02.2018 12:54:51 INFO    Starting roaming
13.02.2018 12:54:57 INFO    That's it -- have a great day!
Using TensorFlow backend.
13.02.2018 12:54:59 INFO    Hi! How are you today?
13.02.2018 12:54:59 INFO    Startup options:
13.02.2018 12:54:59 INFO      Algorithm:                     regression
13.02.2018 12:54:59 INFO      Point by point:                False
13.02.2018 12:54:59 INFO      Morphing-aware mode:           False
13.02.2018 12:54:59 INFO      Smeared data:                  False
13.02.2018 12:54:59 INFO      Training sample:               baseline
13.02.2018 12:54:59 INFO      AFC X indices:                 [1, 38, 39, 40, 41]
13.02.2018 12:54:59 INFO      AFC epsilon:                   None
13.02.2018 12:54:59 INFO      Neyman construction toys:      False
13.02.2018 12:54:59 INFO      Other options:                 ['largebatch', 'fastlearning']
13.02.2018 12:54:59 INFO      Base directory:                /home/jb6504/higgs_inference
13.02.2018 12:54:59 INFO      ML-based strategies available: True
13.02.2018 12:54:59 INFO    Starting parameterized inference
13.02.2018 12:54:59 INFO    Main settings:
13.02.2018 12:54:59 INFO      Algorithm:                regression
13.02.2018 12:54:59 INFO      Morphing-aware:           False
13.02.2018 12:54:59 INFO      Training sample:          baseline
13.02.2018 12:54:59 INFO    Options:
13.02.2018 12:54:59 INFO      Learning rate:            0.01
13.02.2018 12:54:59 INFO      Number of epochs:         20
13.02.2018 12:54:59 INFO      Number of hidden layers:  2
13.02.2018 12:54:59 INFO      alpha carl:               0.35
13.02.2018 12:54:59 INFO      alpha regression:         0.02
13.02.2018 12:54:59 INFO      Debug mode:               False
13.02.2018 12:55:24 INFO    Starting training
Train on 7995920 samples, validate on 1998980 samples
Epoch 1/20
2018-02-13 12:55:25.512939: W tensorflow/core/platform/cpu_feature_guard.cc:45] The TensorFlow library wasn't compiled to use SSE4.1 instructions, but these are available on your machine and could speed up CPU computations.
2018-02-13 12:55:25.513299: W tensorflow/core/platform/cpu_feature_guard.cc:45] The TensorFlow library wasn't compiled to use SSE4.2 instructions, but these are available on your machine and could speed up CPU computations.
2018-02-13 12:55:25.513307: W tensorflow/core/platform/cpu_feature_guard.cc:45] The TensorFlow library wasn't compiled to use AVX instructions, but these are available on your machine and could speed up CPU computations.
2018-02-13 12:55:25.513311: W tensorflow/core/platform/cpu_feature_guard.cc:45] The TensorFlow library wasn't compiled to use AVX2 instructions, but these are available on your machine and could speed up CPU computations.
2018-02-13 12:55:25.513314: W tensorflow/core/platform/cpu_feature_guard.cc:45] The TensorFlow library wasn't compiled to use FMA instructions, but these are available on your machine and could speed up CPU computations.
2018-02-13 12:55:25.818462: I tensorflow/core/common_runtime/gpu/gpu_device.cc:940] Found device 0 with properties: 
name: Tesla K80
major: 3 minor: 7 memoryClockRate (GHz) 0.8235
pciBusID 0000:84:00.0
Total memory: 11.17GiB
Free memory: 11.10GiB
2018-02-13 12:55:25.818500: I tensorflow/core/common_runtime/gpu/gpu_device.cc:961] DMA: 0 
2018-02-13 12:55:25.818506: I tensorflow/core/common_runtime/gpu/gpu_device.cc:971] 0:   Y 
2018-02-13 12:55:25.818516: I tensorflow/core/common_runtime/gpu/gpu_device.cc:1030] Creating TensorFlow device (/gpu:0) -> (device: 0, name: Tesla K80, pci bus id: 0000:84:00.0)
732s - loss: 0.0346 - loss_function_carl: 0.6601 - loss_function_carl_kl: 21.2133 - loss_function_score: 1.3203 - trimmed_cross_entropy: 0.6394 - trimmed_mse_log_r: 0.0335 - trimmed_mse_score: 0.2243 - val_loss: 0.0334 - val_loss_function_carl: 0.6606 - val_loss_function_carl_kl: 21.0166 - val_loss_function_score: 0.2611 - val_trimmed_cross_entropy: 0.6400 - val_trimmed_mse_log_r: 0.0324 - val_trimmed_mse_score: 0.0987
Epoch 2/20
731s - loss: 0.0156 - loss_function_carl: 0.6589 - loss_function_carl_kl: 21.2034 - loss_function_score: 0.9988 - trimmed_cross_entropy: 0.6383 - trimmed_mse_log_r: 0.0151 - trimmed_mse_score: 0.1437 - val_loss: 0.0221 - val_loss_function_carl: 0.6596 - val_loss_function_carl_kl: 21.2733 - val_loss_function_score: 0.2795 - val_trimmed_cross_entropy: 0.6390 - val_trimmed_mse_log_r: 0.0214 - val_trimmed_mse_score: 0.1119
Epoch 3/20
730s - loss: 0.0140 - loss_function_carl: 0.6588 - loss_function_carl_kl: 21.2026 - loss_function_score: 0.9469 - trimmed_cross_entropy: 0.6382 - trimmed_mse_log_r: 0.0136 - trimmed_mse_score: 0.1444 - val_loss: 0.0241 - val_loss_function_carl: 0.6598 - val_loss_function_carl_kl: 21.6131 - val_loss_function_score: 0.3015 - val_trimmed_cross_entropy: 0.6392 - val_trimmed_mse_log_r: 0.0233 - val_trimmed_mse_score: 0.1331
Epoch 4/20
731s - loss: 0.0133 - loss_function_carl: 0.6588 - loss_function_carl_kl: 21.2018 - loss_function_score: 0.9343 - trimmed_cross_entropy: 0.6382 - trimmed_mse_log_r: 0.0129 - trimmed_mse_score: 0.1470 - val_loss: 0.0253 - val_loss_function_carl: 0.6598 - val_loss_function_carl_kl: 21.1044 - val_loss_function_score: 0.3059 - val_trimmed_cross_entropy: 0.6392 - val_trimmed_mse_log_r: 0.0245 - val_trimmed_mse_score: 0.1385
Epoch 5/20
