24.04.2018 14:34:11 INFO    Welcome! How are you today?
24.04.2018 14:34:11 INFO    Tasks:
24.04.2018 14:34:11 INFO      Baseline training:                 False
24.04.2018 14:34:11 INFO      Random training:                   False
24.04.2018 14:34:11 INFO      Morphing training:                 False
24.04.2018 14:34:11 INFO      Point-by-point training:           True
24.04.2018 14:34:11 INFO      Score regression training:         False
24.04.2018 14:34:11 INFO      Calibration:                       False
24.04.2018 14:34:11 INFO      Recalibration:                     False
24.04.2018 14:34:11 INFO      Likelihood ratio eval:             False
24.04.2018 14:34:11 INFO      Neyman construction:               False
24.04.2018 14:34:11 INFO      Neyman construction (alternative): False
24.04.2018 14:34:11 INFO      Neyman construction (alternative): False
24.04.2018 14:34:11 INFO      Roaming:                           False
24.04.2018 14:34:11 INFO      Illustration:                      False
24.04.2018 14:34:11 INFO    Options:
24.04.2018 14:34:11 INFO      Denominator:                       alternative 1
24.04.2018 14:34:11 INFO      New samples (no NaN removal):      False
24.04.2018 14:34:11 INFO      Dry run:                           False
24.04.2018 14:47:20 INFO    Splitting...
24.04.2018 14:47:49 INFO    Number of events:
24.04.2018 14:47:49 INFO      All:    821636
24.04.2018 14:47:49 INFO      Training:    575145
24.04.2018 14:47:49 INFO      Calibration: 82164
24.04.2018 14:47:49 INFO      Evaluation:  164327
24.04.2018 14:47:51 INFO    Normalizing probabilities
24.04.2018 14:49:23 INFO    Generating point-by-point training samples
generate_data.py:479: RuntimeWarning: divide by zero encountered in log
  cut = np.isfinite(np.log(r)) & np.isfinite(scores[:, 0]) & np.isfinite(scores[:, 1])
