INFO (theano.gof.compilelock): Waiting for existing lock by unknown process (I am process '4773')
INFO (theano.gof.compilelock): To manually release the lock, delete /home/jb6504/.theano/compiledir_Linux-3.10-el7.x86_64-x86_64-with-centos-7.3.1611-Core-x86_64-2.7.12-64/lock_dir
INFO (theano.gof.compilelock): Waiting for existing lock by process '4771' (I am process '4773')
INFO (theano.gof.compilelock): To manually release the lock, delete /home/jb6504/.theano/compiledir_Linux-3.10-el7.x86_64-x86_64-with-centos-7.3.1611-Core-x86_64-2.7.12-64/lock_dir
INFO (theano.gof.compilelock): Waiting for existing lock by unknown process (I am process '4773')
INFO (theano.gof.compilelock): To manually release the lock, delete /home/jb6504/.theano/compiledir_Linux-3.10-el7.x86_64-x86_64-with-centos-7.3.1611-Core-x86_64-2.7.12-64/lock_dir
26.04.2018 14:33:28 INFO    Hi! How are you today?
26.04.2018 14:33:28 INFO    Startup options:
26.04.2018 14:33:28 INFO      Algorithm:                     histo
26.04.2018 14:33:28 INFO      Point by point:                False
26.04.2018 14:33:28 INFO      Morphing-aware mode:           False
26.04.2018 14:33:28 INFO      Smeared data:                  False
26.04.2018 14:33:28 INFO      Training sample:               baseline
26.04.2018 14:33:28 INFO      alpha:                         None
26.04.2018 14:33:28 INFO      Histogram / AFC X indices:     [1, 41]
26.04.2018 14:33:28 INFO      AFC epsilon:                   None
26.04.2018 14:33:28 INFO      Denominator theta:             False
26.04.2018 14:33:28 INFO      Neyman construction toys:      2
26.04.2018 14:33:28 INFO      Training sample size limit:    None
26.04.2018 14:33:28 INFO      Other options:                 ['asymmetricbinning']
26.04.2018 14:33:28 INFO      Base directory:                /home/jb6504/higgs_inference
26.04.2018 14:33:28 INFO      ML-based strategies available: False
26.04.2018 14:33:28 INFO    Starting histogram-based inference
26.04.2018 14:33:28 INFO    Settings:
26.04.2018 14:33:28 INFO      Statistics:              x [1, 41]
26.04.2018 14:33:28 INFO      Binning:                 (array([     0.,     48.,     58.,     67.,     75.,     83.,     91.,
          100.,    109.,    119.,    130.,    141.,    155.,    172.,
          193.,    221.,    260.,    325.,    462.,  14000.]), array([ 0.        ,  0.31415927,  0.62831853,  0.9424778 ,  1.25663706,
        1.57079633,  1.88495559,  2.19911486,  2.51327412,  2.82743339,
        3.14159265]))
26.04.2018 14:34:34 INFO    Starting theta 100 / 1017
26.04.2018 14:35:41 INFO    Starting theta 200 / 1017
26.04.2018 14:36:49 INFO    Starting theta 300 / 1017
26.04.2018 14:37:55 INFO    Starting theta 400 / 1017
26.04.2018 14:39:02 INFO    Starting theta 500 / 1017
26.04.2018 14:40:08 INFO    Starting theta 600 / 1017
26.04.2018 14:41:15 INFO    Starting theta 700 / 1017
26.04.2018 14:42:21 INFO    Starting theta 800 / 1017
26.04.2018 14:43:27 INFO    Starting theta 900 / 1017
26.04.2018 14:44:35 INFO    Starting theta 1000 / 1017
26.04.2018 14:44:48 INFO    Evaluation timing: median 0.00958395004272 s, mean 0.00961455787764 s
26.04.2018 14:44:48 INFO    Mean training cross-entropy: 0.668741382603
26.04.2018 14:44:48 INFO    Mean training log r: 0.216027058905
26.04.2018 14:44:48 INFO    That's it -- have a great day!
