16.03.2018 11:14:26 INFO    Hi! How are you today?
16.03.2018 11:14:26 INFO    Startup options:
16.03.2018 11:14:26 INFO      Algorithm:                     truth
16.03.2018 11:14:26 INFO      Point by point:                False
16.03.2018 11:14:26 INFO      Morphing-aware mode:           False
16.03.2018 11:14:26 INFO      Smeared data:                  False
16.03.2018 11:14:26 INFO      Training sample:               baseline
16.03.2018 11:14:26 INFO      alpha:                         None
16.03.2018 11:14:26 INFO      Histogram / AFC X indices:     [1, 38, 39, 40, 41]
16.03.2018 11:14:26 INFO      AFC epsilon:                   None
16.03.2018 11:14:26 INFO      Denominator theta:             False
16.03.2018 11:14:26 INFO      Neyman construction toys:      1
16.03.2018 11:14:26 INFO      Other options:                 
16.03.2018 11:14:26 INFO      Base directory:                /home/jb6504/higgs_inference
16.03.2018 11:14:26 INFO      ML-based strategies available: False
16.03.2018 11:14:26 INFO    Starting truth calculation
16.03.2018 11:14:26 DEBUG    NC settings: False neyman 36 10000 1001
16.03.2018 11:14:26 DEBUG    Diagnostics settings: _denom1 _denom1
16.03.2018 11:14:32 INFO    Starting evaluation
16.03.2018 11:14:34 INFO    Starting roaming
16.03.2018 11:21:05 INFO    Calculating cross-entropy on train set
16.03.2018 11:21:06 INFO    Training cross-entropy: 0.651422052557
16.03.2018 11:21:06 INFO    That's it -- have a great day!
