Using TensorFlow backend.
26.02.2018 07:01:26 INFO    Hi! How are you today?
26.02.2018 07:01:26 INFO    Startup options:
26.02.2018 07:01:26 INFO      Algorithm:                     combined
26.02.2018 07:01:26 INFO      Point by point:                False
26.02.2018 07:01:26 INFO      Morphing-aware mode:           False
26.02.2018 07:01:26 INFO      Smeared data:                  False
26.02.2018 07:01:26 INFO      Training sample:               baseline
26.02.2018 07:01:26 INFO      Histogram / AFC X indices:     [1, 38, 39, 40, 41]
26.02.2018 07:01:26 INFO      alpha:                         None
26.02.2018 07:01:26 INFO      AFC epsilon:                   None
26.02.2018 07:01:26 INFO      Neyman construction toys:      False
26.02.2018 07:01:26 INFO      Other options:                 ['shallow']
26.02.2018 07:01:26 INFO      Base directory:                /home/jb6504/higgs_inference
26.02.2018 07:01:26 INFO      ML-based strategies available: True
26.02.2018 07:01:26 INFO    Starting parameterized inference
26.02.2018 07:01:26 INFO    Main settings:
26.02.2018 07:01:26 INFO      Algorithm:                combined
26.02.2018 07:01:26 INFO      Morphing-aware:           False
26.02.2018 07:01:26 INFO      Training sample:          baseline
26.02.2018 07:01:26 INFO    Options:
26.02.2018 07:01:26 INFO      Number of hidden layers:  2
26.02.2018 07:01:26 INFO      alpha:                    5.0
26.02.2018 07:01:26 INFO      Batch size:               128
26.02.2018 07:01:26 INFO      Learning rate:            0.001
26.02.2018 07:01:26 INFO      Learning rate decay:      0.0921034037198
26.02.2018 07:01:26 INFO      Number of epochs:         50
26.02.2018 07:01:26 INFO      Debug mode:               False
26.02.2018 07:01:54 INFO    Starting training
Train on 7995920 samples, validate on 1998980 samples
2018-02-26 07:01:54.549959: W tensorflow/core/platform/cpu_feature_guard.cc:45] The TensorFlow library wasn't compiled to use SSE4.1 instructions, but these are available on your machine and could speed up CPU computations.
2018-02-26 07:01:54.550289: W tensorflow/core/platform/cpu_feature_guard.cc:45] The TensorFlow library wasn't compiled to use SSE4.2 instructions, but these are available on your machine and could speed up CPU computations.
2018-02-26 07:01:54.550297: W tensorflow/core/platform/cpu_feature_guard.cc:45] The TensorFlow library wasn't compiled to use AVX instructions, but these are available on your machine and could speed up CPU computations.
2018-02-26 07:01:54.550301: W tensorflow/core/platform/cpu_feature_guard.cc:45] The TensorFlow library wasn't compiled to use AVX2 instructions, but these are available on your machine and could speed up CPU computations.
2018-02-26 07:01:54.550305: W tensorflow/core/platform/cpu_feature_guard.cc:45] The TensorFlow library wasn't compiled to use FMA instructions, but these are available on your machine and could speed up CPU computations.
2018-02-26 07:01:54.885531: I tensorflow/core/common_runtime/gpu/gpu_device.cc:940] Found device 0 with properties: 
name: Tesla P40
major: 6 minor: 1 memoryClockRate (GHz) 1.531
pciBusID 0000:04:00.0
Total memory: 22.38GiB
Free memory: 22.21GiB
2018-02-26 07:01:54.885574: I tensorflow/core/common_runtime/gpu/gpu_device.cc:961] DMA: 0 
2018-02-26 07:01:54.885580: I tensorflow/core/common_runtime/gpu/gpu_device.cc:971] 0:   Y 
2018-02-26 07:01:54.885589: I tensorflow/core/common_runtime/gpu/gpu_device.cc:1030] Creating TensorFlow device (/gpu:0) -> (device: 0, name: Tesla P40, pci bus id: 0000:04:00.0)
Epoch 1/50
