Using TensorFlow backend.
19.04.2018 10:34:04 INFO    Hi! How are you today?
19.04.2018 10:34:04 INFO    Startup options:
19.04.2018 10:34:04 INFO      Algorithm:                     combined
19.04.2018 10:34:04 INFO      Point by point:                False
19.04.2018 10:34:04 INFO      Morphing-aware mode:           False
19.04.2018 10:34:04 INFO      Smeared data:                  False
19.04.2018 10:34:04 INFO      Training sample:               baseline
19.04.2018 10:34:04 INFO      alpha:                         None
19.04.2018 10:34:04 INFO      Histogram / AFC X indices:     [1, 38, 39, 40, 41]
19.04.2018 10:34:04 INFO      AFC epsilon:                   None
19.04.2018 10:34:04 INFO      Denominator theta:             False
19.04.2018 10:34:04 INFO      Neyman construction toys:      0
19.04.2018 10:34:04 INFO      Training sample size limit:    5000
19.04.2018 10:34:04 INFO      Other options:                 ['deep']
19.04.2018 10:34:04 INFO      Base directory:                /home/jb6504/higgs_inference
19.04.2018 10:34:04 INFO      ML-based strategies available: True
19.04.2018 10:34:04 INFO    Starting parameterized inference
19.04.2018 10:34:04 INFO    Main settings:
19.04.2018 10:34:04 INFO      Algorithm:                combined
19.04.2018 10:34:04 INFO      Morphing-aware:           False
19.04.2018 10:34:04 INFO      Training sample:          baseline
19.04.2018 10:34:04 INFO      Denominator theta:        denominator 0 = theta 708 = [ 0.39293227  0.43229216]
19.04.2018 10:34:04 INFO    Options:
19.04.2018 10:34:04 INFO      Number of hidden layers:  5
19.04.2018 10:34:04 INFO      alpha:                    5.0
19.04.2018 10:34:04 INFO      Batch size:               128
19.04.2018 10:34:04 INFO      Learning rate:            0.001
19.04.2018 10:34:04 INFO      Learning rate decay:      4.60517018599e-05
19.04.2018 10:34:04 INFO      Number of epochs:         100000
19.04.2018 10:34:04 INFO      Training samples:         5000
19.04.2018 10:34:04 INFO      NC experiments:           False
19.04.2018 10:34:04 INFO      Debug mode:               False
19.04.2018 10:34:27 INFO    Reduced training sample size from 9999997 to 5000 (factor 2000)
19.04.2018 10:34:41 INFO    Starting training
2018-04-19 10:34:42.133298: W tensorflow/core/platform/cpu_feature_guard.cc:45] The TensorFlow library wasn't compiled to use SSE4.1 instructions, but these are available on your machine and could speed up CPU computations.
2018-04-19 10:34:42.133331: W tensorflow/core/platform/cpu_feature_guard.cc:45] The TensorFlow library wasn't compiled to use SSE4.2 instructions, but these are available on your machine and could speed up CPU computations.
2018-04-19 10:34:42.133335: W tensorflow/core/platform/cpu_feature_guard.cc:45] The TensorFlow library wasn't compiled to use AVX instructions, but these are available on your machine and could speed up CPU computations.
2018-04-19 10:34:42.133339: W tensorflow/core/platform/cpu_feature_guard.cc:45] The TensorFlow library wasn't compiled to use AVX2 instructions, but these are available on your machine and could speed up CPU computations.
2018-04-19 10:34:42.133343: W tensorflow/core/platform/cpu_feature_guard.cc:45] The TensorFlow library wasn't compiled to use FMA instructions, but these are available on your machine and could speed up CPU computations.
2018-04-19 10:34:42.437590: I tensorflow/core/common_runtime/gpu/gpu_device.cc:940] Found device 0 with properties: 
name: Tesla P40
major: 6 minor: 1 memoryClockRate (GHz) 1.531
pciBusID 0000:04:00.0
Total memory: 22.38GiB
Free memory: 22.21GiB
2018-04-19 10:34:42.437626: I tensorflow/core/common_runtime/gpu/gpu_device.cc:961] DMA: 0 
2018-04-19 10:34:42.437631: I tensorflow/core/common_runtime/gpu/gpu_device.cc:971] 0:   Y 
2018-04-19 10:34:42.437640: I tensorflow/core/common_runtime/gpu/gpu_device.cc:1030] Creating TensorFlow device (/gpu:0) -> (device: 0, name: Tesla P40, pci bus id: 0000:04:00.0)
Epoch 20028: early stopping
19.04.2018 12:03:17 INFO    Starting evaluation
19.04.2018 12:05:08 INFO    Starting theta 100 / 1017
19.04.2018 12:06:56 INFO    Starting theta 200 / 1017
19.04.2018 12:08:44 INFO    Starting theta 300 / 1017
19.04.2018 12:10:31 INFO    Starting theta 400 / 1017
19.04.2018 12:12:19 INFO    Starting theta 500 / 1017
19.04.2018 12:14:07 INFO    Starting theta 600 / 1017
19.04.2018 12:15:55 INFO    Starting theta 700 / 1017
19.04.2018 12:17:42 INFO    Starting theta 800 / 1017
19.04.2018 12:19:30 INFO    Starting theta 900 / 1017
19.04.2018 12:21:17 INFO    Starting theta 1000 / 1017
19.04.2018 12:21:37 INFO    Evaluation timing: median 1.0616312027 s, mean 1.06738396029 s
19.04.2018 12:21:37 INFO    Starting roaming
19.04.2018 12:21:59 INFO    Starting calibrated evaluation and roaming
19.04.2018 13:36:31 INFO    Starting theta 100 / 1017
19.04.2018 14:52:37 INFO    Starting theta 200 / 1017
19.04.2018 16:10:15 INFO    Starting theta 300 / 1017
19.04.2018 17:26:15 INFO    Starting theta 400 / 1017
19.04.2018 18:43:16 INFO    Starting theta 500 / 1017
19.04.2018 20:01:37 INFO    Starting theta 600 / 1017
19.04.2018 21:19:57 INFO    Starting theta 700 / 1017
19.04.2018 22:38:17 INFO    Starting theta 800 / 1017
19.04.2018 23:56:40 INFO    Starting theta 900 / 1017
20.04.2018 01:15:01 INFO    Starting theta 1000 / 1017
20.04.2018 01:29:07 INFO    Calibrated evaluation timing: median 1.11297512054 s, mean 1.10199821312 s
20.04.2018 01:29:07 INFO    Interpolating calibrated roaming
20.04.2018 01:34:02 INFO    That's it -- have a great day!
Using TensorFlow backend.
20.04.2018 01:34:05 INFO    Hi! How are you today?
20.04.2018 01:34:05 INFO    Startup options:
20.04.2018 01:34:05 INFO      Algorithm:                     combined
20.04.2018 01:34:05 INFO      Point by point:                False
20.04.2018 01:34:05 INFO      Morphing-aware mode:           False
20.04.2018 01:34:05 INFO      Smeared data:                  False
20.04.2018 01:34:05 INFO      Training sample:               baseline
20.04.2018 01:34:05 INFO      alpha:                         None
20.04.2018 01:34:05 INFO      Histogram / AFC X indices:     [1, 38, 39, 40, 41]
20.04.2018 01:34:05 INFO      AFC epsilon:                   None
20.04.2018 01:34:05 INFO      Denominator theta:             False
20.04.2018 01:34:05 INFO      Neyman construction toys:      0
20.04.2018 01:34:05 INFO      Training sample size limit:    10000
20.04.2018 01:34:05 INFO      Other options:                 ['deep']
20.04.2018 01:34:05 INFO      Base directory:                /home/jb6504/higgs_inference
20.04.2018 01:34:05 INFO      ML-based strategies available: True
20.04.2018 01:34:05 INFO    Starting parameterized inference
20.04.2018 01:34:05 INFO    Main settings:
20.04.2018 01:34:05 INFO      Algorithm:                combined
20.04.2018 01:34:05 INFO      Morphing-aware:           False
20.04.2018 01:34:05 INFO      Training sample:          baseline
20.04.2018 01:34:05 INFO      Denominator theta:        denominator 0 = theta 708 = [ 0.39293227  0.43229216]
20.04.2018 01:34:05 INFO    Options:
20.04.2018 01:34:05 INFO      Number of hidden layers:  5
20.04.2018 01:34:05 INFO      alpha:                    5.0
20.04.2018 01:34:05 INFO      Batch size:               128
20.04.2018 01:34:05 INFO      Learning rate:            0.001
20.04.2018 01:34:05 INFO      Learning rate decay:      9.21034037198e-05
20.04.2018 01:34:05 INFO      Number of epochs:         50000
20.04.2018 01:34:05 INFO      Training samples:         10000
20.04.2018 01:34:05 INFO      NC experiments:           False
20.04.2018 01:34:05 INFO      Debug mode:               False
20.04.2018 01:34:27 INFO    Reduced training sample size from 9999997 to 10000 (factor 1000)
20.04.2018 01:34:42 INFO    Starting training
2018-04-20 01:34:42.882087: W tensorflow/core/platform/cpu_feature_guard.cc:45] The TensorFlow library wasn't compiled to use SSE4.1 instructions, but these are available on your machine and could speed up CPU computations.
2018-04-20 01:34:42.882120: W tensorflow/core/platform/cpu_feature_guard.cc:45] The TensorFlow library wasn't compiled to use SSE4.2 instructions, but these are available on your machine and could speed up CPU computations.
2018-04-20 01:34:42.882129: W tensorflow/core/platform/cpu_feature_guard.cc:45] The TensorFlow library wasn't compiled to use AVX instructions, but these are available on your machine and could speed up CPU computations.
2018-04-20 01:34:42.882133: W tensorflow/core/platform/cpu_feature_guard.cc:45] The TensorFlow library wasn't compiled to use AVX2 instructions, but these are available on your machine and could speed up CPU computations.
2018-04-20 01:34:42.882137: W tensorflow/core/platform/cpu_feature_guard.cc:45] The TensorFlow library wasn't compiled to use FMA instructions, but these are available on your machine and could speed up CPU computations.
2018-04-20 01:34:43.188253: I tensorflow/core/common_runtime/gpu/gpu_device.cc:940] Found device 0 with properties: 
name: Tesla P40
major: 6 minor: 1 memoryClockRate (GHz) 1.531
pciBusID 0000:04:00.0
Total memory: 22.38GiB
Free memory: 22.21GiB
2018-04-20 01:34:43.188289: I tensorflow/core/common_runtime/gpu/gpu_device.cc:961] DMA: 0 
2018-04-20 01:34:43.188295: I tensorflow/core/common_runtime/gpu/gpu_device.cc:971] 0:   Y 
2018-04-20 01:34:43.188304: I tensorflow/core/common_runtime/gpu/gpu_device.cc:1030] Creating TensorFlow device (/gpu:0) -> (device: 0, name: Tesla P40, pci bus id: 0000:04:00.0)
Epoch 10035: early stopping
20.04.2018 03:06:20 INFO    Starting evaluation
20.04.2018 03:08:17 INFO    Starting theta 100 / 1017
20.04.2018 03:10:10 INFO    Starting theta 200 / 1017
20.04.2018 03:12:03 INFO    Starting theta 300 / 1017
20.04.2018 03:13:57 INFO    Starting theta 400 / 1017
20.04.2018 03:15:50 INFO    Starting theta 500 / 1017
20.04.2018 03:17:44 INFO    Starting theta 600 / 1017
20.04.2018 03:19:37 INFO    Starting theta 700 / 1017
20.04.2018 03:21:31 INFO    Starting theta 800 / 1017
20.04.2018 03:23:24 INFO    Starting theta 900 / 1017
20.04.2018 03:25:17 INFO    Starting theta 1000 / 1017
20.04.2018 03:25:38 INFO    Evaluation timing: median 1.12006902695 s, mean 1.12320107087 s
20.04.2018 03:25:38 INFO    Starting roaming
20.04.2018 03:26:01 INFO    Starting calibrated evaluation and roaming
20.04.2018 04:44:26 INFO    Starting theta 100 / 1017
20.04.2018 06:03:30 INFO    Starting theta 200 / 1017
20.04.2018 07:22:38 INFO    Starting theta 300 / 1017
20.04.2018 08:41:41 INFO    Starting theta 400 / 1017
20.04.2018 10:00:44 INFO    Starting theta 500 / 1017
20.04.2018 11:19:44 INFO    Starting theta 600 / 1017
20.04.2018 12:38:45 INFO    Starting theta 700 / 1017
20.04.2018 13:57:49 INFO    Starting theta 800 / 1017
20.04.2018 15:17:03 INFO    Starting theta 900 / 1017
20.04.2018 16:36:21 INFO    Starting theta 1000 / 1017
20.04.2018 16:50:37 INFO    Calibrated evaluation timing: median 1.12468194962 s, mean 1.12669650362 s
20.04.2018 16:50:37 INFO    Interpolating calibrated roaming
20.04.2018 16:56:12 INFO    That's it -- have a great day!
Using TensorFlow backend.
20.04.2018 16:56:15 INFO    Hi! How are you today?
20.04.2018 16:56:15 INFO    Startup options:
20.04.2018 16:56:15 INFO      Algorithm:                     combined
20.04.2018 16:56:15 INFO      Point by point:                False
20.04.2018 16:56:15 INFO      Morphing-aware mode:           False
20.04.2018 16:56:15 INFO      Smeared data:                  False
20.04.2018 16:56:15 INFO      Training sample:               baseline
20.04.2018 16:56:15 INFO      alpha:                         None
20.04.2018 16:56:15 INFO      Histogram / AFC X indices:     [1, 38, 39, 40, 41]
20.04.2018 16:56:15 INFO      AFC epsilon:                   None
20.04.2018 16:56:15 INFO      Denominator theta:             False
20.04.2018 16:56:15 INFO      Neyman construction toys:      0
20.04.2018 16:56:15 INFO      Training sample size limit:    20000
20.04.2018 16:56:15 INFO      Other options:                 ['deep']
20.04.2018 16:56:15 INFO      Base directory:                /home/jb6504/higgs_inference
20.04.2018 16:56:15 INFO      ML-based strategies available: True
20.04.2018 16:56:15 INFO    Starting parameterized inference
20.04.2018 16:56:15 INFO    Main settings:
20.04.2018 16:56:15 INFO      Algorithm:                combined
20.04.2018 16:56:15 INFO      Morphing-aware:           False
20.04.2018 16:56:15 INFO      Training sample:          baseline
20.04.2018 16:56:15 INFO      Denominator theta:        denominator 0 = theta 708 = [ 0.39293227  0.43229216]
20.04.2018 16:56:15 INFO    Options:
20.04.2018 16:56:15 INFO      Number of hidden layers:  5
20.04.2018 16:56:15 INFO      alpha:                    5.0
20.04.2018 16:56:15 INFO      Batch size:               128
20.04.2018 16:56:15 INFO      Learning rate:            0.001
20.04.2018 16:56:15 INFO      Learning rate decay:      0.00018420680744
20.04.2018 16:56:15 INFO      Number of epochs:         25000
20.04.2018 16:56:15 INFO      Training samples:         20000
20.04.2018 16:56:15 INFO      NC experiments:           False
20.04.2018 16:56:15 INFO      Debug mode:               False
20.04.2018 16:56:37 INFO    Reduced training sample size from 9999997 to 20000 (factor 500)
20.04.2018 16:56:51 INFO    Starting training
2018-04-20 16:56:52.303893: W tensorflow/core/platform/cpu_feature_guard.cc:45] The TensorFlow library wasn't compiled to use SSE4.1 instructions, but these are available on your machine and could speed up CPU computations.
2018-04-20 16:56:52.303926: W tensorflow/core/platform/cpu_feature_guard.cc:45] The TensorFlow library wasn't compiled to use SSE4.2 instructions, but these are available on your machine and could speed up CPU computations.
2018-04-20 16:56:52.303932: W tensorflow/core/platform/cpu_feature_guard.cc:45] The TensorFlow library wasn't compiled to use AVX instructions, but these are available on your machine and could speed up CPU computations.
2018-04-20 16:56:52.303945: W tensorflow/core/platform/cpu_feature_guard.cc:45] The TensorFlow library wasn't compiled to use AVX2 instructions, but these are available on your machine and could speed up CPU computations.
2018-04-20 16:56:52.303949: W tensorflow/core/platform/cpu_feature_guard.cc:45] The TensorFlow library wasn't compiled to use FMA instructions, but these are available on your machine and could speed up CPU computations.
2018-04-20 16:56:52.607801: I tensorflow/core/common_runtime/gpu/gpu_device.cc:940] Found device 0 with properties: 
name: Tesla P40
major: 6 minor: 1 memoryClockRate (GHz) 1.531
pciBusID 0000:04:00.0
Total memory: 22.38GiB
Free memory: 22.21GiB
2018-04-20 16:56:52.607838: I tensorflow/core/common_runtime/gpu/gpu_device.cc:961] DMA: 0 
2018-04-20 16:56:52.607844: I tensorflow/core/common_runtime/gpu/gpu_device.cc:971] 0:   Y 
2018-04-20 16:56:52.607852: I tensorflow/core/common_runtime/gpu/gpu_device.cc:1030] Creating TensorFlow device (/gpu:0) -> (device: 0, name: Tesla P40, pci bus id: 0000:04:00.0)
Epoch 05021: early stopping
20.04.2018 18:28:06 INFO    Starting evaluation
20.04.2018 18:30:01 INFO    Starting theta 100 / 1017
20.04.2018 18:31:53 INFO    Starting theta 200 / 1017
20.04.2018 18:33:44 INFO    Starting theta 300 / 1017
20.04.2018 18:35:35 INFO    Starting theta 400 / 1017
20.04.2018 18:37:27 INFO    Starting theta 500 / 1017
20.04.2018 18:39:18 INFO    Starting theta 600 / 1017
20.04.2018 18:41:10 INFO    Starting theta 700 / 1017
20.04.2018 18:43:01 INFO    Starting theta 800 / 1017
20.04.2018 18:44:53 INFO    Starting theta 900 / 1017
20.04.2018 18:46:44 INFO    Starting theta 1000 / 1017
20.04.2018 18:47:04 INFO    Evaluation timing: median 1.10114383698 s, mean 1.10434856035 s
20.04.2018 18:47:04 INFO    Starting roaming
20.04.2018 18:47:27 INFO    Starting calibrated evaluation and roaming
20.04.2018 20:06:25 INFO    Starting theta 100 / 1017
20.04.2018 21:27:44 INFO    Starting theta 200 / 1017
20.04.2018 22:46:59 INFO    Starting theta 300 / 1017
21.04.2018 00:05:18 INFO    Starting theta 400 / 1017
21.04.2018 01:22:30 INFO    Starting theta 500 / 1017
21.04.2018 02:39:49 INFO    Starting theta 600 / 1017
21.04.2018 03:57:18 INFO    Starting theta 700 / 1017
21.04.2018 05:13:46 INFO    Starting theta 800 / 1017
21.04.2018 06:30:13 INFO    Starting theta 900 / 1017
21.04.2018 07:46:41 INFO    Starting theta 1000 / 1017
21.04.2018 08:00:27 INFO    Calibrated evaluation timing: median 1.09734678268 s, mean 1.1038009328 s
21.04.2018 08:00:27 INFO    Interpolating calibrated roaming
21.04.2018 08:05:33 INFO    That's it -- have a great day!
Using TensorFlow backend.
21.04.2018 08:05:37 INFO    Hi! How are you today?
21.04.2018 08:05:37 INFO    Startup options:
21.04.2018 08:05:37 INFO      Algorithm:                     combined
21.04.2018 08:05:37 INFO      Point by point:                False
21.04.2018 08:05:37 INFO      Morphing-aware mode:           False
21.04.2018 08:05:37 INFO      Smeared data:                  False
21.04.2018 08:05:37 INFO      Training sample:               baseline
21.04.2018 08:05:37 INFO      alpha:                         None
21.04.2018 08:05:37 INFO      Histogram / AFC X indices:     [1, 38, 39, 40, 41]
21.04.2018 08:05:37 INFO      AFC epsilon:                   None
21.04.2018 08:05:37 INFO      Denominator theta:             False
21.04.2018 08:05:37 INFO      Neyman construction toys:      0
21.04.2018 08:05:37 INFO      Training sample size limit:    50000
21.04.2018 08:05:37 INFO      Other options:                 ['deep']
21.04.2018 08:05:37 INFO      Base directory:                /home/jb6504/higgs_inference
21.04.2018 08:05:37 INFO      ML-based strategies available: True
21.04.2018 08:05:37 INFO    Starting parameterized inference
21.04.2018 08:05:37 INFO    Main settings:
21.04.2018 08:05:37 INFO      Algorithm:                combined
21.04.2018 08:05:37 INFO      Morphing-aware:           False
21.04.2018 08:05:37 INFO      Training sample:          baseline
21.04.2018 08:05:37 INFO      Denominator theta:        denominator 0 = theta 708 = [ 0.39293227  0.43229216]
21.04.2018 08:05:37 INFO    Options:
21.04.2018 08:05:37 INFO      Number of hidden layers:  5
21.04.2018 08:05:37 INFO      alpha:                    5.0
21.04.2018 08:05:37 INFO      Batch size:               128
21.04.2018 08:05:37 INFO      Learning rate:            0.001
21.04.2018 08:05:37 INFO      Learning rate decay:      0.000460517018599
21.04.2018 08:05:37 INFO      Number of epochs:         10000
21.04.2018 08:05:37 INFO      Training samples:         50000
21.04.2018 08:05:37 INFO      NC experiments:           False
21.04.2018 08:05:37 INFO      Debug mode:               False
21.04.2018 08:05:57 INFO    Reduced training sample size from 9999997 to 50000 (factor 200)
21.04.2018 08:06:11 INFO    Starting training
2018-04-21 08:06:12.038055: W tensorflow/core/platform/cpu_feature_guard.cc:45] The TensorFlow library wasn't compiled to use SSE4.1 instructions, but these are available on your machine and could speed up CPU computations.
2018-04-21 08:06:12.038088: W tensorflow/core/platform/cpu_feature_guard.cc:45] The TensorFlow library wasn't compiled to use SSE4.2 instructions, but these are available on your machine and could speed up CPU computations.
2018-04-21 08:06:12.038093: W tensorflow/core/platform/cpu_feature_guard.cc:45] The TensorFlow library wasn't compiled to use AVX instructions, but these are available on your machine and could speed up CPU computations.
2018-04-21 08:06:12.038097: W tensorflow/core/platform/cpu_feature_guard.cc:45] The TensorFlow library wasn't compiled to use AVX2 instructions, but these are available on your machine and could speed up CPU computations.
2018-04-21 08:06:12.038101: W tensorflow/core/platform/cpu_feature_guard.cc:45] The TensorFlow library wasn't compiled to use FMA instructions, but these are available on your machine and could speed up CPU computations.
2018-04-21 08:06:12.369835: I tensorflow/core/common_runtime/gpu/gpu_device.cc:940] Found device 0 with properties: 
name: Tesla P40
major: 6 minor: 1 memoryClockRate (GHz) 1.531
pciBusID 0000:04:00.0
Total memory: 22.38GiB
Free memory: 22.21GiB
2018-04-21 08:06:12.369870: I tensorflow/core/common_runtime/gpu/gpu_device.cc:961] DMA: 0 
2018-04-21 08:06:12.369876: I tensorflow/core/common_runtime/gpu/gpu_device.cc:971] 0:   Y 
2018-04-21 08:06:12.369884: I tensorflow/core/common_runtime/gpu/gpu_device.cc:1030] Creating TensorFlow device (/gpu:0) -> (device: 0, name: Tesla P40, pci bus id: 0000:04:00.0)
Epoch 02042: early stopping
21.04.2018 09:33:56 INFO    Starting evaluation
21.04.2018 09:35:48 INFO    Starting theta 100 / 1017
21.04.2018 09:37:35 INFO    Starting theta 200 / 1017
21.04.2018 09:39:22 INFO    Starting theta 300 / 1017
21.04.2018 09:41:09 INFO    Starting theta 400 / 1017
21.04.2018 09:42:56 INFO    Starting theta 500 / 1017
21.04.2018 09:44:43 INFO    Starting theta 600 / 1017
21.04.2018 09:46:30 INFO    Starting theta 700 / 1017
21.04.2018 09:48:17 INFO    Starting theta 800 / 1017
21.04.2018 09:50:04 INFO    Starting theta 900 / 1017
21.04.2018 09:51:53 INFO    Starting theta 1000 / 1017
21.04.2018 09:52:12 INFO    Evaluation timing: median 1.05888199806 s, mean 1.06453768717 s
21.04.2018 09:52:12 INFO    Starting roaming
21.04.2018 09:52:34 INFO    Starting calibrated evaluation and roaming
21.04.2018 11:07:00 INFO    Starting theta 100 / 1017
21.04.2018 12:25:03 INFO    Starting theta 200 / 1017
21.04.2018 13:43:00 INFO    Starting theta 300 / 1017
