Using TensorFlow backend.
28.02.2018 17:01:27 INFO    Hi! How are you today?
28.02.2018 17:01:27 INFO    Startup options:
28.02.2018 17:01:27 INFO      Algorithm:                     carl
28.02.2018 17:01:27 INFO      Point by point:                False
28.02.2018 17:01:27 INFO      Morphing-aware mode:           True
28.02.2018 17:01:27 INFO      Smeared data:                  False
28.02.2018 17:01:27 INFO      Training sample:               baseline
28.02.2018 17:01:27 INFO      Histogram / AFC X indices:     [1, 38, 39, 40, 41]
28.02.2018 17:01:27 INFO      alpha:                         None
28.02.2018 17:01:27 INFO      AFC epsilon:                   None
28.02.2018 17:01:27 INFO      Neyman construction toys:      False
28.02.2018 17:01:27 INFO      Other options:                 ['shallow']
28.02.2018 17:01:27 INFO      Base directory:                /home/jb6504/higgs_inference
28.02.2018 17:01:27 INFO      ML-based strategies available: True
28.02.2018 17:01:27 INFO    Starting parameterized inference
28.02.2018 17:01:27 INFO    Main settings:
28.02.2018 17:01:27 INFO      Algorithm:                carl
28.02.2018 17:01:27 INFO      Morphing-aware:           True
28.02.2018 17:01:27 INFO      Training sample:          baseline
28.02.2018 17:01:27 INFO    Options:
28.02.2018 17:01:27 INFO      Number of hidden layers:  2
28.02.2018 17:01:27 INFO      Batch size:               128
28.02.2018 17:01:27 INFO      Learning rate:            0.001
28.02.2018 17:01:27 INFO      Learning rate decay:      0.0921034037198
28.02.2018 17:01:27 INFO      Number of epochs:         50
28.02.2018 17:01:27 INFO      Debug mode:               False
28.02.2018 17:01:54 INFO    Starting training
Train on 7995920 samples, validate on 1998980 samples
2018-02-28 17:01:59.367921: W tensorflow/core/platform/cpu_feature_guard.cc:45] The TensorFlow library wasn't compiled to use SSE4.1 instructions, but these are available on your machine and could speed up CPU computations.
2018-02-28 17:01:59.368299: W tensorflow/core/platform/cpu_feature_guard.cc:45] The TensorFlow library wasn't compiled to use SSE4.2 instructions, but these are available on your machine and could speed up CPU computations.
2018-02-28 17:01:59.368308: W tensorflow/core/platform/cpu_feature_guard.cc:45] The TensorFlow library wasn't compiled to use AVX instructions, but these are available on your machine and could speed up CPU computations.
2018-02-28 17:01:59.368312: W tensorflow/core/platform/cpu_feature_guard.cc:45] The TensorFlow library wasn't compiled to use AVX2 instructions, but these are available on your machine and could speed up CPU computations.
2018-02-28 17:01:59.368316: W tensorflow/core/platform/cpu_feature_guard.cc:45] The TensorFlow library wasn't compiled to use FMA instructions, but these are available on your machine and could speed up CPU computations.
2018-02-28 17:01:59.695378: I tensorflow/core/common_runtime/gpu/gpu_device.cc:940] Found device 0 with properties: 
name: Tesla P40
major: 6 minor: 1 memoryClockRate (GHz) 1.531
pciBusID 0000:05:00.0
Total memory: 22.38GiB
Free memory: 22.21GiB
2018-02-28 17:01:59.695412: I tensorflow/core/common_runtime/gpu/gpu_device.cc:961] DMA: 0 
2018-02-28 17:01:59.695417: I tensorflow/core/common_runtime/gpu/gpu_device.cc:971] 0:   Y 
2018-02-28 17:01:59.695426: I tensorflow/core/common_runtime/gpu/gpu_device.cc:1030] Creating TensorFlow device (/gpu:0) -> (device: 0, name: Tesla P40, pci bus id: 0000:05:00.0)
Epoch 1/50
1912s - loss: 0.9843 - full_cross_entropy: 0.9843 - trimmed_cross_entropy: 0.9689 - full_mse_log_r: 3.9527 - trimmed_mse_log_r: 3.8909 - full_mae_log_r: 0.8591 - full_mse_score: 63718.9224 - trimmed_mse_score: 78.5446 - full_mae_score: 3.2457 - val_loss: 0.9122 - val_full_cross_entropy: 0.9122 - val_trimmed_cross_entropy: 0.8980 - val_full_mse_log_r: 3.2499 - val_trimmed_mse_log_r: 3.1991 - val_full_mae_log_r: 0.7605 - val_full_mse_score: 10767.3933 - val_trimmed_mse_score: 30.3296 - val_full_mae_score: 2.9830
Epoch 2/50
1911s - loss: 0.7745 - full_cross_entropy: 0.7745 - trimmed_cross_entropy: 0.7624 - full_mse_log_r: 1.5981 - trimmed_mse_log_r: 1.5732 - full_mae_log_r: 0.5247 - full_mse_score: 5742.2269 - trimmed_mse_score: 12.5549 - full_mae_score: 1.9852 - val_loss: 0.7389 - val_full_cross_entropy: 0.7389 - val_trimmed_cross_entropy: 0.7273 - val_full_mse_log_r: 1.1745 - val_trimmed_mse_log_r: 1.1561 - val_full_mae_log_r: 0.4605 - val_full_mse_score: 3316.4717 - val_trimmed_mse_score: 8.3010 - val_full_mae_score: 1.6895
Epoch 3/50
1914s - loss: 0.7678 - full_cross_entropy: 0.7678 - trimmed_cross_entropy: 0.7558 - full_mse_log_r: 1.5348 - trimmed_mse_log_r: 1.5108 - full_mae_log_r: 0.5017 - full_mse_score: 4042.5288 - trimmed_mse_score: 14.8445 - full_mae_score: 1.9039 - val_loss: 0.8282 - val_full_cross_entropy: 0.8282 - val_trimmed_cross_entropy: 0.8152 - val_full_mse_log_r: 2.1241 - val_trimmed_mse_log_r: 2.0909 - val_full_mae_log_r: 0.5769 - val_full_mse_score: 11345.6558 - val_trimmed_mse_score: 14.6567 - val_full_mae_score: 2.3675
Epoch 4/50
1912s - loss: 0.7592 - full_cross_entropy: 0.7592 - trimmed_cross_entropy: 0.7474 - full_mse_log_r: 1.4505 - trimmed_mse_log_r: 1.4279 - full_mae_log_r: 0.4804 - full_mse_score: 3798.6712 - trimmed_mse_score: 15.9824 - full_mae_score: 1.8238 - val_loss: 0.8415 - val_full_cross_entropy: 0.8415 - val_trimmed_cross_entropy: 0.8284 - val_full_mse_log_r: 2.4186 - val_trimmed_mse_log_r: 2.3808 - val_full_mae_log_r: 0.6114 - val_full_mse_score: 16367.5945 - val_trimmed_mse_score: 23.9263 - val_full_mae_score: 2.5862
Epoch 5/50
1911s - loss: 0.7506 - full_cross_entropy: 0.7506 - trimmed_cross_entropy: 0.7388 - full_mse_log_r: 1.3625 - trimmed_mse_log_r: 1.3412 - full_mae_log_r: 0.4608 - full_mse_score: 3460.1726 - trimmed_mse_score: 14.5951 - full_mae_score: 1.7740 - val_loss: 0.7139 - val_full_cross_entropy: 0.7139 - val_trimmed_cross_entropy: 0.7027 - val_full_mse_log_r: 0.9067 - val_trimmed_mse_log_r: 0.8926 - val_full_mae_log_r: 0.3906 - val_full_mse_score: 1855.1770 - val_trimmed_mse_score: 6.6535 - val_full_mae_score: 1.4013
Epoch 6/50
1912s - loss: 0.7433 - full_cross_entropy: 0.7433 - trimmed_cross_entropy: 0.7316 - full_mse_log_r: 1.2788 - trimmed_mse_log_r: 1.2589 - full_mae_log_r: 0.4424 - full_mse_score: 4308.4064 - trimmed_mse_score: 9.3476 - full_mae_score: 1.7239 - val_loss: 0.7169 - val_full_cross_entropy: 0.7169 - val_trimmed_cross_entropy: 0.7057 - val_full_mse_log_r: 0.9548 - val_trimmed_mse_log_r: 0.9399 - val_full_mae_log_r: 0.3970 - val_full_mse_score: 2695.3800 - val_trimmed_mse_score: 6.8404 - val_full_mae_score: 1.5475
Epoch 7/50
1911s - loss: 0.7367 - full_cross_entropy: 0.7367 - trimmed_cross_entropy: 0.7252 - full_mse_log_r: 1.2157 - trimmed_mse_log_r: 1.1967 - full_mae_log_r: 0.4274 - full_mse_score: 3058.7797 - trimmed_mse_score: 11.0066 - full_mae_score: 1.6567 - val_loss: 0.7063 - val_full_cross_entropy: 0.7063 - val_trimmed_cross_entropy: 0.6952 - val_full_mse_log_r: 0.7850 - val_trimmed_mse_log_r: 0.7727 - val_full_mae_log_r: 0.3612 - val_full_mse_score: 1018.5497 - val_trimmed_mse_score: 6.0238 - val_full_mae_score: 1.2958
Epoch 8/50
1912s - loss: 0.7307 - full_cross_entropy: 0.7307 - trimmed_cross_entropy: 0.7193 - full_mse_log_r: 1.1479 - trimmed_mse_log_r: 1.1300 - full_mae_log_r: 0.4118 - full_mse_score: 2752.6536 - trimmed_mse_score: 8.3962 - full_mae_score: 1.5727 - val_loss: 0.7438 - val_full_cross_entropy: 0.7438 - val_trimmed_cross_entropy: 0.7322 - val_full_mse_log_r: 1.2722 - val_trimmed_mse_log_r: 1.2524 - val_full_mae_log_r: 0.4332 - val_full_mse_score: 2940.5199 - val_trimmed_mse_score: 58.0825 - val_full_mae_score: 1.6853
Epoch 9/50
1910s - loss: 0.7246 - full_cross_entropy: 0.7246 - trimmed_cross_entropy: 0.7133 - full_mse_log_r: 1.0806 - trimmed_mse_log_r: 1.0637 - full_mae_log_r: 0.3975 - full_mse_score: 2483.5379 - trimmed_mse_score: 7.6938 - full_mae_score: 1.5113 - val_loss: 0.7155 - val_full_cross_entropy: 0.7155 - val_trimmed_cross_entropy: 0.7043 - val_full_mse_log_r: 0.9607 - val_trimmed_mse_log_r: 0.9457 - val_full_mae_log_r: 0.3826 - val_full_mse_score: 2085.9224 - val_trimmed_mse_score: 6.0703 - val_full_mae_score: 1.4904
Epoch 10/50
1915s - loss: 0.7199 - full_cross_entropy: 0.7199 - trimmed_cross_entropy: 0.7087 - full_mse_log_r: 1.0356 - trimmed_mse_log_r: 1.0194 - full_mae_log_r: 0.3867 - full_mse_score: 2453.4556 - trimmed_mse_score: 7.9416 - full_mae_score: 1.4828 - val_loss: 0.7352 - val_full_cross_entropy: 0.7352 - val_trimmed_cross_entropy: 0.7237 - val_full_mse_log_r: 1.1127 - val_trimmed_mse_log_r: 1.0953 - val_full_mae_log_r: 0.4023 - val_full_mse_score: 2696.5038 - val_trimmed_mse_score: 6.6944 - val_full_mae_score: 1.5419
Epoch 11/50
1912s - loss: 0.7149 - full_cross_entropy: 0.7149 - trimmed_cross_entropy: 0.7037 - full_mse_log_r: 0.9785 - trimmed_mse_log_r: 0.9632 - full_mae_log_r: 0.3745 - full_mse_score: 3137.9563 - trimmed_mse_score: 7.9661 - full_mae_score: 1.4606 - val_loss: 0.7340 - val_full_cross_entropy: 0.7340 - val_trimmed_cross_entropy: 0.7225 - val_full_mse_log_r: 1.1493 - val_trimmed_mse_log_r: 1.1314 - val_full_mae_log_r: 0.4184 - val_full_mse_score: 2654.6682 - val_trimmed_mse_score: 15.6371 - val_full_mae_score: 1.7142
Epoch 12/50
1912s - loss: 0.7120 - full_cross_entropy: 0.7120 - trimmed_cross_entropy: 0.7009 - full_mse_log_r: 0.9592 - trimmed_mse_log_r: 0.9443 - full_mae_log_r: 0.3676 - full_mse_score: 2880.7840 - trimmed_mse_score: 54.8572 - full_mae_score: 1.4255 - val_loss: 0.6991 - val_full_cross_entropy: 0.6991 - val_trimmed_cross_entropy: 0.6882 - val_full_mse_log_r: 0.7102 - val_trimmed_mse_log_r: 0.6991 - val_full_mae_log_r: 0.3295 - val_full_mse_score: 1859.9152 - val_trimmed_mse_score: 4.5267 - val_full_mae_score: 1.1999
Epoch 13/50
1908s - loss: 0.7084 - full_cross_entropy: 0.7084 - trimmed_cross_entropy: 0.6973 - full_mse_log_r: 0.9229 - trimmed_mse_log_r: 0.9085 - full_mae_log_r: 0.3587 - full_mse_score: 2726.3494 - trimmed_mse_score: 8.1429 - full_mae_score: 1.3900 - val_loss: 0.7006 - val_full_cross_entropy: 0.7006 - val_trimmed_cross_entropy: 0.6897 - val_full_mse_log_r: 0.7606 - val_trimmed_mse_log_r: 0.7487 - val_full_mae_log_r: 0.3311 - val_full_mse_score: 1301.1001 - val_trimmed_mse_score: 4.4421 - val_full_mae_score: 1.1837
Epoch 14/50
1901s - loss: 0.7058 - full_cross_entropy: 0.7058 - trimmed_cross_entropy: 0.6948 - full_mse_log_r: 0.9037 - trimmed_mse_log_r: 0.8896 - full_mae_log_r: 0.3528 - full_mse_score: 2074.8590 - trimmed_mse_score: 6.8917 - full_mae_score: 1.3730 - val_loss: 0.7050 - val_full_cross_entropy: 0.7050 - val_trimmed_cross_entropy: 0.6939 - val_full_mse_log_r: 0.8020 - val_trimmed_mse_log_r: 0.7894 - val_full_mae_log_r: 0.3380 - val_full_mse_score: 1111.8417 - val_trimmed_mse_score: 5.0341 - val_full_mae_score: 1.2701
Epoch 15/50
1910s - loss: 0.7040 - full_cross_entropy: 0.7040 - trimmed_cross_entropy: 0.6930 - full_mse_log_r: 0.8897 - trimmed_mse_log_r: 0.8758 - full_mae_log_r: 0.3475 - full_mse_score: 2369.9356 - trimmed_mse_score: 6.6748 - full_mae_score: 1.3477 - val_loss: 0.6982 - val_full_cross_entropy: 0.6982 - val_trimmed_cross_entropy: 0.6873 - val_full_mse_log_r: 0.7512 - val_trimmed_mse_log_r: 0.7395 - val_full_mae_log_r: 0.3242 - val_full_mse_score: 1621.4732 - val_trimmed_mse_score: 4.9141 - val_full_mae_score: 1.2019
Epoch 16/50
1909s - loss: 0.7018 - full_cross_entropy: 0.7018 - trimmed_cross_entropy: 0.6909 - full_mse_log_r: 0.8717 - trimmed_mse_log_r: 0.8581 - full_mae_log_r: 0.3428 - full_mse_score: 1802.8119 - trimmed_mse_score: 6.6287 - full_mae_score: 1.3132 - val_loss: 0.7020 - val_full_cross_entropy: 0.7020 - val_trimmed_cross_entropy: 0.6911 - val_full_mse_log_r: 0.8261 - val_trimmed_mse_log_r: 0.8132 - val_full_mae_log_r: 0.3283 - val_full_mse_score: 678.8318 - val_trimmed_mse_score: 5.1153 - val_full_mae_score: 1.1986
Epoch 17/50
1910s - loss: 0.6992 - full_cross_entropy: 0.6992 - trimmed_cross_entropy: 0.6882 - full_mse_log_r: 0.8458 - trimmed_mse_log_r: 0.8326 - full_mae_log_r: 0.3365 - full_mse_score: 1346.8284 - trimmed_mse_score: 6.2529 - full_mae_score: 1.2602 - val_loss: 0.7067 - val_full_cross_entropy: 0.7067 - val_trimmed_cross_entropy: 0.6957 - val_full_mse_log_r: 0.8377 - val_trimmed_mse_log_r: 0.8246 - val_full_mae_log_r: 0.3454 - val_full_mse_score: 1751.1737 - val_trimmed_mse_score: 6.3347 - val_full_mae_score: 1.3580
Epoch 18/50
1910s - loss: 0.6972 - full_cross_entropy: 0.6972 - trimmed_cross_entropy: 0.6863 - full_mse_log_r: 0.8332 - trimmed_mse_log_r: 0.8202 - full_mae_log_r: 0.3327 - full_mse_score: 1325.6718 - trimmed_mse_score: 5.0515 - full_mae_score: 1.2374 - val_loss: 0.6953 - val_full_cross_entropy: 0.6953 - val_trimmed_cross_entropy: 0.6844 - val_full_mse_log_r: 0.7395 - val_trimmed_mse_log_r: 0.7279 - val_full_mae_log_r: 0.3140 - val_full_mse_score: 1054.0997 - val_trimmed_mse_score: 5.1412 - val_full_mae_score: 1.1452
Epoch 19/50
1911s - loss: 0.6959 - full_cross_entropy: 0.6959 - trimmed_cross_entropy: 0.6850 - full_mse_log_r: 0.8214 - trimmed_mse_log_r: 0.8086 - full_mae_log_r: 0.3293 - full_mse_score: 2171.4016 - trimmed_mse_score: 5.2205 - full_mae_score: 1.2520 - val_loss: 0.6943 - val_full_cross_entropy: 0.6943 - val_trimmed_cross_entropy: 0.6835 - val_full_mse_log_r: 0.6813 - val_trimmed_mse_log_r: 0.6707 - val_full_mae_log_r: 0.3173 - val_full_mse_score: 905.0977 - val_trimmed_mse_score: 4.1962 - val_full_mae_score: 1.1771
Epoch 20/50
1911s - loss: 0.6942 - full_cross_entropy: 0.6942 - trimmed_cross_entropy: 0.6834 - full_mse_log_r: 0.8117 - trimmed_mse_log_r: 0.7990 - full_mae_log_r: 0.3261 - full_mse_score: 1472.8250 - trimmed_mse_score: 5.7416 - full_mae_score: 1.2444 - val_loss: 0.6939 - val_full_cross_entropy: 0.6939 - val_trimmed_cross_entropy: 0.6831 - val_full_mse_log_r: 0.7098 - val_trimmed_mse_log_r: 0.6987 - val_full_mae_log_r: 0.3106 - val_full_mse_score: 918.2387 - val_trimmed_mse_score: 3.8963 - val_full_mae_score: 1.1304
Epoch 21/50
1911s - loss: 0.6934 - full_cross_entropy: 0.6934 - trimmed_cross_entropy: 0.6826 - full_mse_log_r: 0.8106 - trimmed_mse_log_r: 0.7980 - full_mae_log_r: 0.3243 - full_mse_score: 1489.2941 - trimmed_mse_score: 7.9184 - full_mae_score: 1.2260 - val_loss: 0.6954 - val_full_cross_entropy: 0.6954 - val_trimmed_cross_entropy: 0.6845 - val_full_mse_log_r: 0.7057 - val_trimmed_mse_log_r: 0.6946 - val_full_mae_log_r: 0.3162 - val_full_mse_score: 2264.5386 - val_trimmed_mse_score: 5.0453 - val_full_mae_score: 1.2643
Epoch 22/50
1911s - loss: 0.6923 - full_cross_entropy: 0.6923 - trimmed_cross_entropy: 0.6815 - full_mse_log_r: 0.7999 - trimmed_mse_log_r: 0.7874 - full_mae_log_r: 0.3219 - full_mse_score: 1931.0753 - trimmed_mse_score: 5.1158 - full_mae_score: 1.2394 - val_loss: 0.6999 - val_full_cross_entropy: 0.6999 - val_trimmed_cross_entropy: 0.6890 - val_full_mse_log_r: 0.8303 - val_trimmed_mse_log_r: 0.8174 - val_full_mae_log_r: 0.3202 - val_full_mse_score: 1562.4684 - val_trimmed_mse_score: 4.9984 - val_full_mae_score: 1.1899
Epoch 23/50
1911s - loss: 0.6913 - full_cross_entropy: 0.6913 - trimmed_cross_entropy: 0.6805 - full_mse_log_r: 0.7950 - trimmed_mse_log_r: 0.7826 - full_mae_log_r: 0.3197 - full_mse_score: 1531.5257 - trimmed_mse_score: 10.9430 - full_mae_score: 1.2128 - val_loss: 0.6923 - val_full_cross_entropy: 0.6923 - val_trimmed_cross_entropy: 0.6815 - val_full_mse_log_r: 0.6688 - val_trimmed_mse_log_r: 0.6584 - val_full_mae_log_r: 0.3015 - val_full_mse_score: 1202.3931 - val_trimmed_mse_score: 4.8011 - val_full_mae_score: 1.1087
Epoch 24/50
1912s - loss: 0.6906 - full_cross_entropy: 0.6906 - trimmed_cross_entropy: 0.6798 - full_mse_log_r: 0.7900 - trimmed_mse_log_r: 0.7777 - full_mae_log_r: 0.3180 - full_mse_score: 1707.3883 - trimmed_mse_score: 5.0877 - full_mae_score: 1.2147 - val_loss: 0.6996 - val_full_cross_entropy: 0.6996 - val_trimmed_cross_entropy: 0.6887 - val_full_mse_log_r: 0.7675 - val_trimmed_mse_log_r: 0.7555 - val_full_mae_log_r: 0.3263 - val_full_mse_score: 1842.5207 - val_trimmed_mse_score: 7.7629 - val_full_mae_score: 1.3528
Epoch 25/50
1912s - loss: 0.6898 - full_cross_entropy: 0.6898 - trimmed_cross_entropy: 0.6790 - full_mse_log_r: 0.7903 - trimmed_mse_log_r: 0.7780 - full_mae_log_r: 0.3173 - full_mse_score: 1733.8746 - trimmed_mse_score: 6.1223 - full_mae_score: 1.2026 - val_loss: 0.6966 - val_full_cross_entropy: 0.6966 - val_trimmed_cross_entropy: 0.6857 - val_full_mse_log_r: 0.7603 - val_trimmed_mse_log_r: 0.7484 - val_full_mae_log_r: 0.3092 - val_full_mse_score: 1021.9324 - val_trimmed_mse_score: 5.7468 - val_full_mae_score: 1.1502
Epoch 26/50
1911s - loss: 0.6896 - full_cross_entropy: 0.6896 - trimmed_cross_entropy: 0.6788 - full_mse_log_r: 0.7927 - trimmed_mse_log_r: 0.7803 - full_mae_log_r: 0.3167 - full_mse_score: 2191.5327 - trimmed_mse_score: 4.9674 - full_mae_score: 1.2070 - val_loss: 0.7100 - val_full_cross_entropy: 0.7100 - val_trimmed_cross_entropy: 0.6989 - val_full_mse_log_r: 0.9845 - val_trimmed_mse_log_r: 0.9691 - val_full_mae_log_r: 0.3480 - val_full_mse_score: 1752.3961 - val_trimmed_mse_score: 17.0731 - val_full_mae_score: 1.3205
Epoch 27/50
1912s - loss: 0.6886 - full_cross_entropy: 0.6886 - trimmed_cross_entropy: 0.6778 - full_mse_log_r: 0.7829 - trimmed_mse_log_r: 0.7707 - full_mae_log_r: 0.3145 - full_mse_score: 1316.3650 - trimmed_mse_score: 5.9524 - full_mae_score: 1.1873 - val_loss: 0.6995 - val_full_cross_entropy: 0.6995 - val_trimmed_cross_entropy: 0.6885 - val_full_mse_log_r: 0.8211 - val_trimmed_mse_log_r: 0.8083 - val_full_mae_log_r: 0.3209 - val_full_mse_score: 1802.8625 - val_trimmed_mse_score: 5.1500 - val_full_mae_score: 1.2040
Epoch 28/50
1911s - loss: 0.6884 - full_cross_entropy: 0.6884 - trimmed_cross_entropy: 0.6777 - full_mse_log_r: 0.7897 - trimmed_mse_log_r: 0.7774 - full_mae_log_r: 0.3149 - full_mse_score: 2131.6693 - trimmed_mse_score: 6.5512 - full_mae_score: 1.2024 - val_loss: 0.7033 - val_full_cross_entropy: 0.7033 - val_trimmed_cross_entropy: 0.6923 - val_full_mse_log_r: 0.8730 - val_trimmed_mse_log_r: 0.8593 - val_full_mae_log_r: 0.3238 - val_full_mse_score: 1518.7464 - val_trimmed_mse_score: 4.9652 - val_full_mae_score: 1.2099
Epoch 29/50
1911s - loss: 0.6881 - full_cross_entropy: 0.6881 - trimmed_cross_entropy: 0.6774 - full_mse_log_r: 0.7919 - trimmed_mse_log_r: 0.7795 - full_mae_log_r: 0.3145 - full_mse_score: 2562.9994 - trimmed_mse_score: 5.2589 - full_mae_score: 1.2050 - val_loss: 0.6958 - val_full_cross_entropy: 0.6958 - val_trimmed_cross_entropy: 0.6850 - val_full_mse_log_r: 0.7506 - val_trimmed_mse_log_r: 0.7389 - val_full_mae_log_r: 0.3079 - val_full_mse_score: 1291.0847 - val_trimmed_mse_score: 4.8777 - val_full_mae_score: 1.1894
Epoch 30/50
