Using TensorFlow backend.
16.03.2018 14:10:30 INFO    Hi! How are you today?
16.03.2018 14:10:30 INFO    Startup options:
16.03.2018 14:10:30 INFO      Algorithm:                     combinedregression
16.03.2018 14:10:30 INFO      Point by point:                False
16.03.2018 14:10:30 INFO      Morphing-aware mode:           False
16.03.2018 14:10:30 INFO      Smeared data:                  True
16.03.2018 14:10:30 INFO      Training sample:               baseline
16.03.2018 14:10:30 INFO      alpha:                         None
16.03.2018 14:10:30 INFO      Histogram / AFC X indices:     [1, 38, 39, 40, 41]
16.03.2018 14:10:30 INFO      AFC epsilon:                   None
16.03.2018 14:10:30 INFO      Denominator theta:             True
16.03.2018 14:10:30 INFO      Neyman construction toys:      0
16.03.2018 14:10:30 INFO      Other options:                 ['deep', 'new', 'neyman2']
16.03.2018 14:10:30 INFO      Base directory:                /home/jb6504/higgs_inference
16.03.2018 14:10:30 INFO      ML-based strategies available: True
16.03.2018 14:10:30 INFO    Starting parameterized inference
16.03.2018 14:10:30 INFO    Main settings:
16.03.2018 14:10:30 INFO      Algorithm:                combinedregression
16.03.2018 14:10:30 INFO      Morphing-aware:           False
16.03.2018 14:10:30 INFO      Training sample:          baseline
16.03.2018 14:10:30 INFO      Denominator theta:        denominator 0 = theta 708 = [ 0.39293227  0.43229216]
16.03.2018 14:10:30 INFO    Options:
16.03.2018 14:10:30 INFO      Number of hidden layers:  5
16.03.2018 14:10:30 INFO      alpha:                    100.0
16.03.2018 14:10:30 INFO      Batch size:               128
16.03.2018 14:10:30 INFO      Learning rate:            0.001
16.03.2018 14:10:30 INFO      Learning rate decay:      0.0921034037198
16.03.2018 14:10:30 INFO      Number of epochs:         50
16.03.2018 14:10:30 INFO      NC experiments:           (10000 alternate + 10000 null) experiments with 1 alternate events each
16.03.2018 14:10:30 INFO      Debug mode:               False
16.03.2018 14:10:56 INFO    Starting training
Train on 7999997 samples, validate on 2000000 samples
2018-03-16 14:10:57.164717: W tensorflow/core/platform/cpu_feature_guard.cc:45] The TensorFlow library wasn't compiled to use SSE4.1 instructions, but these are available on your machine and could speed up CPU computations.
2018-03-16 14:10:57.164930: W tensorflow/core/platform/cpu_feature_guard.cc:45] The TensorFlow library wasn't compiled to use SSE4.2 instructions, but these are available on your machine and could speed up CPU computations.
2018-03-16 14:10:57.164938: W tensorflow/core/platform/cpu_feature_guard.cc:45] The TensorFlow library wasn't compiled to use AVX instructions, but these are available on your machine and could speed up CPU computations.
2018-03-16 14:10:57.164942: W tensorflow/core/platform/cpu_feature_guard.cc:45] The TensorFlow library wasn't compiled to use AVX2 instructions, but these are available on your machine and could speed up CPU computations.
2018-03-16 14:10:57.164946: W tensorflow/core/platform/cpu_feature_guard.cc:45] The TensorFlow library wasn't compiled to use FMA instructions, but these are available on your machine and could speed up CPU computations.
2018-03-16 14:10:57.585543: I tensorflow/core/common_runtime/gpu/gpu_device.cc:940] Found device 0 with properties: 
name: Tesla P100-PCIE-16GB
major: 6 minor: 0 memoryClockRate (GHz) 1.3285
pciBusID 0000:05:00.0
Total memory: 15.89GiB
Free memory: 15.60GiB
2018-03-16 14:10:57.585578: I tensorflow/core/common_runtime/gpu/gpu_device.cc:961] DMA: 0 
2018-03-16 14:10:57.585584: I tensorflow/core/common_runtime/gpu/gpu_device.cc:971] 0:   Y 
2018-03-16 14:10:57.585592: I tensorflow/core/common_runtime/gpu/gpu_device.cc:1030] Creating TensorFlow device (/gpu:0) -> (device: 0, name: Tesla P100-PCIE-16GB, pci bus id: 0000:05:00.0)
Epoch 1/50
497s - loss: 5370.4224 - full_cross_entropy: 0.6707 - trimmed_cross_entropy: 0.6602 - full_mse_log_r: 0.1476 - trimmed_mse_log_r: 0.1453 - full_mae_log_r: 0.2411 - full_mse_score: 6.4440 - trimmed_mse_score: 0.4627 - full_mae_score: 0.2714 - val_loss: 5431.8751 - val_full_cross_entropy: 0.6691 - val_trimmed_cross_entropy: 0.6587 - val_full_mse_log_r: 0.1226 - val_trimmed_mse_log_r: 0.1206 - val_full_mae_log_r: 0.2640 - val_full_mse_score: 4.6651 - val_trimmed_mse_score: 0.3791 - val_full_mae_score: 0.2449
Epoch 2/50
493s - loss: 5267.1548 - full_cross_entropy: 0.6679 - trimmed_cross_entropy: 0.6574 - full_mse_log_r: 0.1115 - trimmed_mse_log_r: 0.1098 - full_mae_log_r: 0.2295 - full_mse_score: 6.2216 - trimmed_mse_score: 0.3568 - full_mae_score: 0.2352 - val_loss: 5421.5013 - val_full_cross_entropy: 0.6633 - val_trimmed_cross_entropy: 0.6529 - val_full_mse_log_r: 0.0695 - val_trimmed_mse_log_r: 0.0684 - val_full_mae_log_r: 0.1476 - val_full_mse_score: 4.6277 - val_trimmed_mse_score: 0.3596 - val_full_mae_score: 0.2296
Epoch 3/50
494s - loss: 5223.0101 - full_cross_entropy: 0.6674 - trimmed_cross_entropy: 0.6570 - full_mse_log_r: 0.1046 - trimmed_mse_log_r: 0.1030 - full_mae_log_r: 0.2272 - full_mse_score: 6.0964 - trimmed_mse_score: 0.3315 - full_mae_score: 0.2217 - val_loss: 5311.6971 - val_full_cross_entropy: 0.6717 - val_trimmed_cross_entropy: 0.6612 - val_full_mse_log_r: 0.1390 - val_trimmed_mse_log_r: 0.1368 - val_full_mae_log_r: 0.3182 - val_full_mse_score: 4.5806 - val_trimmed_mse_score: 0.3412 - val_full_mae_score: 0.2179
Epoch 4/50
494s - loss: 5153.9513 - full_cross_entropy: 0.6663 - trimmed_cross_entropy: 0.6559 - full_mse_log_r: 0.0921 - trimmed_mse_log_r: 0.0906 - full_mae_log_r: 0.2126 - full_mse_score: 6.0673 - trimmed_mse_score: 0.3048 - full_mae_score: 0.2132 - val_loss: 5281.5345 - val_full_cross_entropy: 0.6619 - val_trimmed_cross_entropy: 0.6516 - val_full_mse_log_r: 0.0526 - val_trimmed_mse_log_r: 0.0518 - val_full_mae_log_r: 0.1176 - val_full_mse_score: 4.3917 - val_trimmed_mse_score: 0.2741 - val_full_mae_score: 0.2052
Epoch 5/50
494s - loss: 5188.6118 - full_cross_entropy: 0.6652 - trimmed_cross_entropy: 0.6549 - full_mse_log_r: 0.0815 - trimmed_mse_log_r: 0.0803 - full_mae_log_r: 0.1988 - full_mse_score: 5.9840 - trimmed_mse_score: 0.2823 - full_mae_score: 0.2056 - val_loss: 5251.1542 - val_full_cross_entropy: 0.6619 - val_trimmed_cross_entropy: 0.6516 - val_full_mse_log_r: 0.0520 - val_trimmed_mse_log_r: 0.0512 - val_full_mae_log_r: 0.1317 - val_full_mse_score: 4.3993 - val_trimmed_mse_score: 0.2752 - val_full_mae_score: 0.1933
Epoch 6/50
493s - loss: 5132.7755 - full_cross_entropy: 0.6645 - trimmed_cross_entropy: 0.6541 - full_mse_log_r: 0.0741 - trimmed_mse_log_r: 0.0729 - full_mae_log_r: 0.1898 - full_mse_score: 5.9749 - trimmed_mse_score: 0.2643 - full_mae_score: 0.1977 - val_loss: 5344.7455 - val_full_cross_entropy: 0.6617 - val_trimmed_cross_entropy: 0.6514 - val_full_mse_log_r: 0.0489 - val_trimmed_mse_log_r: 0.0481 - val_full_mae_log_r: 0.1488 - val_full_mse_score: 4.3759 - val_trimmed_mse_score: 0.2667 - val_full_mae_score: 0.1957
Epoch 7/50
493s - loss: 5136.6047 - full_cross_entropy: 0.6641 - trimmed_cross_entropy: 0.6537 - full_mse_log_r: 0.0694 - trimmed_mse_log_r: 0.0683 - full_mae_log_r: 0.1845 - full_mse_score: 5.8793 - trimmed_mse_score: 0.2507 - full_mae_score: 0.1906 - val_loss: 5226.8799 - val_full_cross_entropy: 0.6607 - val_trimmed_cross_entropy: 0.6504 - val_full_mse_log_r: 0.0386 - val_trimmed_mse_log_r: 0.0380 - val_full_mae_log_r: 0.1141 - val_full_mse_score: 4.1720 - val_trimmed_mse_score: 0.2288 - val_full_mae_score: 0.1831
Epoch 8/50
494s - loss: 5103.6850 - full_cross_entropy: 0.6637 - trimmed_cross_entropy: 0.6533 - full_mse_log_r: 0.0647 - trimmed_mse_log_r: 0.0637 - full_mae_log_r: 0.1784 - full_mse_score: 5.7634 - trimmed_mse_score: 0.2304 - full_mae_score: 0.1829 - val_loss: 5325.6857 - val_full_cross_entropy: 0.6602 - val_trimmed_cross_entropy: 0.6499 - val_full_mse_log_r: 0.0361 - val_trimmed_mse_log_r: 0.0355 - val_full_mae_log_r: 0.1010 - val_full_mse_score: 4.3075 - val_trimmed_mse_score: 0.2510 - val_full_mae_score: 0.1834
Epoch 9/50
493s - loss: 5056.3592 - full_cross_entropy: 0.6631 - trimmed_cross_entropy: 0.6527 - full_mse_log_r: 0.0586 - trimmed_mse_log_r: 0.0577 - full_mae_log_r: 0.1693 - full_mse_score: 5.7055 - trimmed_mse_score: 0.2125 - full_mae_score: 0.1767 - val_loss: 5262.1511 - val_full_cross_entropy: 0.6605 - val_trimmed_cross_entropy: 0.6501 - val_full_mse_log_r: 0.0376 - val_trimmed_mse_log_r: 0.0370 - val_full_mae_log_r: 0.1172 - val_full_mse_score: 4.0864 - val_trimmed_mse_score: 0.2057 - val_full_mae_score: 0.1710
Epoch 10/50
494s - loss: 5025.1254 - full_cross_entropy: 0.6626 - trimmed_cross_entropy: 0.6522 - full_mse_log_r: 0.0538 - trimmed_mse_log_r: 0.0530 - full_mae_log_r: 0.1600 - full_mse_score: 5.6830 - trimmed_mse_score: 0.2144 - full_mae_score: 0.1722 - val_loss: 5263.9458 - val_full_cross_entropy: 0.6596 - val_trimmed_cross_entropy: 0.6493 - val_full_mse_log_r: 0.0281 - val_trimmed_mse_log_r: 0.0277 - val_full_mae_log_r: 0.0855 - val_full_mse_score: 4.0683 - val_trimmed_mse_score: 0.2066 - val_full_mae_score: 0.1671
Epoch 11/50
493s - loss: 4979.4767 - full_cross_entropy: 0.6623 - trimmed_cross_entropy: 0.6520 - full_mse_log_r: 0.0510 - trimmed_mse_log_r: 0.0502 - full_mae_log_r: 0.1562 - full_mse_score: 5.6643 - trimmed_mse_score: 0.2123 - full_mae_score: 0.1679 - val_loss: 5164.2159 - val_full_cross_entropy: 0.6597 - val_trimmed_cross_entropy: 0.6494 - val_full_mse_log_r: 0.0282 - val_trimmed_mse_log_r: 0.0278 - val_full_mae_log_r: 0.0909 - val_full_mse_score: 4.3836 - val_trimmed_mse_score: 0.2371 - val_full_mae_score: 0.1700
Epoch 12/50
493s - loss: 4960.3218 - full_cross_entropy: 0.6618 - trimmed_cross_entropy: 0.6514 - full_mse_log_r: 0.0458 - trimmed_mse_log_r: 0.0451 - full_mae_log_r: 0.1466 - full_mse_score: 5.5659 - trimmed_mse_score: 0.1963 - full_mae_score: 0.1633 - val_loss: 5162.0265 - val_full_cross_entropy: 0.6599 - val_trimmed_cross_entropy: 0.6496 - val_full_mse_log_r: 0.0292 - val_trimmed_mse_log_r: 0.0288 - val_full_mae_log_r: 0.0912 - val_full_mse_score: 3.9284 - val_trimmed_mse_score: 0.1715 - val_full_mae_score: 0.1566
Epoch 13/50
493s - loss: 4986.3277 - full_cross_entropy: 0.6614 - trimmed_cross_entropy: 0.6511 - full_mse_log_r: 0.0424 - trimmed_mse_log_r: 0.0417 - full_mae_log_r: 0.1392 - full_mse_score: 5.5547 - trimmed_mse_score: 0.1809 - full_mae_score: 0.1594 - val_loss: 5158.6591 - val_full_cross_entropy: 0.6596 - val_trimmed_cross_entropy: 0.6493 - val_full_mse_log_r: 0.0270 - val_trimmed_mse_log_r: 0.0266 - val_full_mae_log_r: 0.0891 - val_full_mse_score: 3.9020 - val_trimmed_mse_score: 0.1653 - val_full_mae_score: 0.1547
Epoch 14/50
