Using TensorFlow backend.
14.03.2018 14:35:36 INFO    Hi! How are you today?
14.03.2018 14:35:36 INFO    Startup options:
14.03.2018 14:35:36 INFO      Algorithm:                     combined
14.03.2018 14:35:36 INFO      Point by point:                False
14.03.2018 14:35:36 INFO      Morphing-aware mode:           False
14.03.2018 14:35:36 INFO      Smeared data:                  False
14.03.2018 14:35:36 INFO      Training sample:               baseline
14.03.2018 14:35:36 INFO      alpha:                         None
14.03.2018 14:35:36 INFO      Histogram / AFC X indices:     [1, 38, 39, 40, 41]
14.03.2018 14:35:36 INFO      AFC epsilon:                   None
14.03.2018 14:35:36 INFO      Neyman construction toys:      True
14.03.2018 14:35:36 INFO      Other options:                 ['deep', 'new', 'neyman2']
14.03.2018 14:35:36 INFO      Base directory:                /home/jb6504/higgs_inference
14.03.2018 14:35:36 INFO      ML-based strategies available: True
14.03.2018 14:35:36 INFO    Starting parameterized inference
14.03.2018 14:35:36 INFO    Main settings:
14.03.2018 14:35:36 INFO      Algorithm:                combined
14.03.2018 14:35:36 INFO      Morphing-aware:           False
14.03.2018 14:35:36 INFO      Training sample:          baseline
14.03.2018 14:35:36 INFO    Options:
14.03.2018 14:35:36 INFO      Number of hidden layers:  5
14.03.2018 14:35:36 INFO      alpha:                    5.0
14.03.2018 14:35:36 INFO      Batch size:               128
14.03.2018 14:35:36 INFO      Learning rate:            0.001
14.03.2018 14:35:36 INFO      Learning rate decay:      0.0921034037198
14.03.2018 14:35:36 INFO      Number of epochs:         50
14.03.2018 14:35:36 INFO      NC experiments:           (10000 alternate + 10000 null) experiments with 1 alternate events each
14.03.2018 14:35:36 INFO      Debug mode:               False
14.03.2018 14:36:06 INFO    Starting training
Train on 7999997 samples, validate on 2000000 samples
2018-03-14 14:36:07.015118: W tensorflow/core/platform/cpu_feature_guard.cc:45] The TensorFlow library wasn't compiled to use SSE4.1 instructions, but these are available on your machine and could speed up CPU computations.
2018-03-14 14:36:07.015473: W tensorflow/core/platform/cpu_feature_guard.cc:45] The TensorFlow library wasn't compiled to use SSE4.2 instructions, but these are available on your machine and could speed up CPU computations.
2018-03-14 14:36:07.015481: W tensorflow/core/platform/cpu_feature_guard.cc:45] The TensorFlow library wasn't compiled to use AVX instructions, but these are available on your machine and could speed up CPU computations.
2018-03-14 14:36:07.015485: W tensorflow/core/platform/cpu_feature_guard.cc:45] The TensorFlow library wasn't compiled to use AVX2 instructions, but these are available on your machine and could speed up CPU computations.
2018-03-14 14:36:07.015489: W tensorflow/core/platform/cpu_feature_guard.cc:45] The TensorFlow library wasn't compiled to use FMA instructions, but these are available on your machine and could speed up CPU computations.
2018-03-14 14:36:07.498524: I tensorflow/core/common_runtime/gpu/gpu_device.cc:940] Found device 0 with properties: 
name: Tesla P40
major: 6 minor: 1 memoryClockRate (GHz) 1.531
pciBusID 0000:05:00.0
Total memory: 22.38GiB
Free memory: 22.21GiB
2018-03-14 14:36:07.498560: I tensorflow/core/common_runtime/gpu/gpu_device.cc:961] DMA: 0 
2018-03-14 14:36:07.498566: I tensorflow/core/common_runtime/gpu/gpu_device.cc:971] 0:   Y 
2018-03-14 14:36:07.498574: I tensorflow/core/common_runtime/gpu/gpu_device.cc:1030] Creating TensorFlow device (/gpu:0) -> (device: 0, name: Tesla P40, pci bus id: 0000:05:00.0)
Epoch 1/50
496s - loss: 0.8773 - full_cross_entropy: 0.6642 - trimmed_cross_entropy: 0.6539 - full_mse_log_r: 0.0933 - trimmed_mse_log_r: 0.0918 - full_mae_log_r: 0.1743 - full_mse_score: 6.1856 - trimmed_mse_score: 0.3601 - full_mae_score: 0.2062 - val_loss: 0.8137 - val_full_cross_entropy: 0.6631 - val_trimmed_cross_entropy: 0.6528 - val_full_mse_log_r: 0.0791 - val_trimmed_mse_log_r: 0.0779 - val_full_mae_log_r: 0.1858 - val_full_mse_score: 4.4989 - val_trimmed_mse_score: 0.2991 - val_full_mae_score: 0.1776
Epoch 2/50
496s - loss: 0.7959 - full_cross_entropy: 0.6622 - trimmed_cross_entropy: 0.6519 - full_mse_log_r: 0.0657 - trimmed_mse_log_r: 0.0647 - full_mae_log_r: 0.1524 - full_mse_score: 5.9441 - trimmed_mse_score: 0.2501 - full_mae_score: 0.1687 - val_loss: 0.7729 - val_full_cross_entropy: 0.6606 - val_trimmed_cross_entropy: 0.6503 - val_full_mse_log_r: 0.0477 - val_trimmed_mse_log_r: 0.0470 - val_full_mae_log_r: 0.1001 - val_full_mse_score: 4.2702 - val_trimmed_mse_score: 0.2260 - val_full_mae_score: 0.1575
Epoch 3/50
495s - loss: 0.7730 - full_cross_entropy: 0.6618 - trimmed_cross_entropy: 0.6515 - full_mse_log_r: 0.0586 - trimmed_mse_log_r: 0.0577 - full_mae_log_r: 0.1450 - full_mse_score: 5.8087 - trimmed_mse_score: 0.2299 - full_mae_score: 0.1570 - val_loss: 0.7920 - val_full_cross_entropy: 0.6617 - val_trimmed_cross_entropy: 0.6514 - val_full_mse_log_r: 0.0564 - val_trimmed_mse_log_r: 0.0555 - val_full_mae_log_r: 0.1573 - val_full_mse_score: 4.2858 - val_trimmed_mse_score: 0.2471 - val_full_mae_score: 0.1686
Epoch 4/50
495s - loss: 0.7539 - full_cross_entropy: 0.6613 - trimmed_cross_entropy: 0.6510 - full_mse_log_r: 0.0517 - trimmed_mse_log_r: 0.0509 - full_mae_log_r: 0.1360 - full_mse_score: 5.7277 - trimmed_mse_score: 0.1998 - full_mae_score: 0.1478 - val_loss: 0.7517 - val_full_cross_entropy: 0.6601 - val_trimmed_cross_entropy: 0.6498 - val_full_mse_log_r: 0.0368 - val_trimmed_mse_log_r: 0.0363 - val_full_mae_log_r: 0.0947 - val_full_mse_score: 4.1183 - val_trimmed_mse_score: 0.1920 - val_full_mae_score: 0.1420
Epoch 5/50
496s - loss: 0.7450 - full_cross_entropy: 0.6609 - trimmed_cross_entropy: 0.6505 - full_mse_log_r: 0.0458 - trimmed_mse_log_r: 0.0451 - full_mae_log_r: 0.1288 - full_mse_score: 5.6875 - trimmed_mse_score: 0.1925 - full_mae_score: 0.1416 - val_loss: 0.7436 - val_full_cross_entropy: 0.6596 - val_trimmed_cross_entropy: 0.6493 - val_full_mse_log_r: 0.0335 - val_trimmed_mse_log_r: 0.0330 - val_full_mae_log_r: 0.0905 - val_full_mse_score: 4.1014 - val_trimmed_mse_score: 0.1936 - val_full_mae_score: 0.1458
Epoch 6/50
497s - loss: 0.7387 - full_cross_entropy: 0.6605 - trimmed_cross_entropy: 0.6502 - full_mse_log_r: 0.0406 - trimmed_mse_log_r: 0.0399 - full_mae_log_r: 0.1210 - full_mse_score: 5.5828 - trimmed_mse_score: 0.1663 - full_mae_score: 0.1342 - val_loss: 0.7309 - val_full_cross_entropy: 0.6603 - val_trimmed_cross_entropy: 0.6500 - val_full_mse_log_r: 0.0356 - val_trimmed_mse_log_r: 0.0350 - val_full_mae_log_r: 0.1224 - val_full_mse_score: 4.0108 - val_trimmed_mse_score: 0.1585 - val_full_mae_score: 0.1266
Epoch 7/50
496s - loss: 0.7287 - full_cross_entropy: 0.6602 - trimmed_cross_entropy: 0.6499 - full_mse_log_r: 0.0370 - trimmed_mse_log_r: 0.0364 - full_mae_log_r: 0.1147 - full_mse_score: 5.5085 - trimmed_mse_score: 0.1569 - full_mae_score: 0.1288 - val_loss: 0.7296 - val_full_cross_entropy: 0.6617 - val_trimmed_cross_entropy: 0.6514 - val_full_mse_log_r: 0.0481 - val_trimmed_mse_log_r: 0.0473 - val_full_mae_log_r: 0.1646 - val_full_mse_score: 3.9920 - val_trimmed_mse_score: 0.1640 - val_full_mae_score: 0.1279
Epoch 8/50
497s - loss: 0.7198 - full_cross_entropy: 0.6600 - trimmed_cross_entropy: 0.6497 - full_mse_log_r: 0.0337 - trimmed_mse_log_r: 0.0332 - full_mae_log_r: 0.1098 - full_mse_score: 5.4415 - trimmed_mse_score: 0.1470 - full_mae_score: 0.1238 - val_loss: 0.7186 - val_full_cross_entropy: 0.6592 - val_trimmed_cross_entropy: 0.6489 - val_full_mse_log_r: 0.0228 - val_trimmed_mse_log_r: 0.0224 - val_full_mae_log_r: 0.0694 - val_full_mse_score: 3.7271 - val_trimmed_mse_score: 0.1249 - val_full_mae_score: 0.1211
Epoch 9/50
496s - loss: 0.7157 - full_cross_entropy: 0.6598 - trimmed_cross_entropy: 0.6495 - full_mse_log_r: 0.0302 - trimmed_mse_log_r: 0.0297 - full_mae_log_r: 0.1035 - full_mse_score: 5.3829 - trimmed_mse_score: 0.1343 - full_mae_score: 0.1189 - val_loss: 0.7139 - val_full_cross_entropy: 0.6590 - val_trimmed_cross_entropy: 0.6487 - val_full_mse_log_r: 0.0213 - val_trimmed_mse_log_r: 0.0209 - val_full_mae_log_r: 0.0691 - val_full_mse_score: 3.8834 - val_trimmed_mse_score: 0.1455 - val_full_mae_score: 0.1173
Epoch 10/50
496s - loss: 0.7115 - full_cross_entropy: 0.6596 - trimmed_cross_entropy: 0.6493 - full_mse_log_r: 0.0275 - trimmed_mse_log_r: 0.0270 - full_mae_log_r: 0.0991 - full_mse_score: 5.3365 - trimmed_mse_score: 0.1280 - full_mae_score: 0.1145 - val_loss: 0.7128 - val_full_cross_entropy: 0.6675 - val_trimmed_cross_entropy: 0.6571 - val_full_mse_log_r: 0.0949 - val_trimmed_mse_log_r: 0.0935 - val_full_mae_log_r: 0.2835 - val_full_mse_score: 3.8286 - val_trimmed_mse_score: 0.1307 - val_full_mae_score: 0.1122
Epoch 11/50
495s - loss: 0.7027 - full_cross_entropy: 0.6595 - trimmed_cross_entropy: 0.6492 - full_mse_log_r: 0.0255 - trimmed_mse_log_r: 0.0251 - full_mae_log_r: 0.0960 - full_mse_score: 5.2746 - trimmed_mse_score: 0.1127 - full_mae_score: 0.1102 - val_loss: 0.7094 - val_full_cross_entropy: 0.6611 - val_trimmed_cross_entropy: 0.6508 - val_full_mse_log_r: 0.0361 - val_trimmed_mse_log_r: 0.0355 - val_full_mae_log_r: 0.1537 - val_full_mse_score: 3.5992 - val_trimmed_mse_score: 0.1105 - val_full_mae_score: 0.1081
Epoch 12/50
496s - loss: 0.7027 - full_cross_entropy: 0.6593 - trimmed_cross_entropy: 0.6490 - full_mse_log_r: 0.0235 - trimmed_mse_log_r: 0.0232 - full_mae_log_r: 0.0921 - full_mse_score: 5.2023 - trimmed_mse_score: 0.1129 - full_mae_score: 0.1063 - val_loss: 0.7272 - val_full_cross_entropy: 0.6602 - val_trimmed_cross_entropy: 0.6499 - val_full_mse_log_r: 0.0294 - val_trimmed_mse_log_r: 0.0289 - val_full_mae_log_r: 0.1344 - val_full_mse_score: 3.8135 - val_trimmed_mse_score: 0.1262 - val_full_mae_score: 0.1139
Epoch 13/50
496s - loss: 0.6956 - full_cross_entropy: 0.6592 - trimmed_cross_entropy: 0.6489 - full_mse_log_r: 0.0217 - trimmed_mse_log_r: 0.0214 - full_mae_log_r: 0.0887 - full_mse_score: 5.1662 - trimmed_mse_score: 0.0977 - full_mae_score: 0.1024 - val_loss: 0.6930 - val_full_cross_entropy: 0.6602 - val_trimmed_cross_entropy: 0.6498 - val_full_mse_log_r: 0.0271 - val_trimmed_mse_log_r: 0.0266 - val_full_mae_log_r: 0.1261 - val_full_mse_score: 3.5038 - val_trimmed_mse_score: 0.0802 - val_full_mae_score: 0.0935
Epoch 14/50
497s - loss: 0.6929 - full_cross_entropy: 0.6590 - trimmed_cross_entropy: 0.6488 - full_mse_log_r: 0.0194 - trimmed_mse_log_r: 0.0191 - full_mae_log_r: 0.0836 - full_mse_score: 5.0886 - trimmed_mse_score: 0.0953 - full_mae_score: 0.0986 - val_loss: 0.6862 - val_full_cross_entropy: 0.6586 - val_trimmed_cross_entropy: 0.6483 - val_full_mse_log_r: 0.0131 - val_trimmed_mse_log_r: 0.0129 - val_full_mae_log_r: 0.0549 - val_full_mse_score: 3.4174 - val_trimmed_mse_score: 0.0782 - val_full_mae_score: 0.0914
Epoch 15/50
496s - loss: 0.6930 - full_cross_entropy: 0.6589 - trimmed_cross_entropy: 0.6486 - full_mse_log_r: 0.0180 - trimmed_mse_log_r: 0.0177 - full_mae_log_r: 0.0799 - full_mse_score: 5.0977 - trimmed_mse_score: 0.0852 - full_mae_score: 0.0961 - val_loss: 0.6838 - val_full_cross_entropy: 0.6586 - val_trimmed_cross_entropy: 0.6483 - val_full_mse_log_r: 0.0125 - val_trimmed_mse_log_r: 0.0123 - val_full_mae_log_r: 0.0518 - val_full_mse_score: 3.4535 - val_trimmed_mse_score: 0.0780 - val_full_mae_score: 0.0887
Epoch 16/50
496s - loss: 0.6905 - full_cross_entropy: 0.6588 - trimmed_cross_entropy: 0.6485 - full_mse_log_r: 0.0163 - trimmed_mse_log_r: 0.0161 - full_mae_log_r: 0.0755 - full_mse_score: 4.9661 - trimmed_mse_score: 0.0895 - full_mae_score: 0.0928 - val_loss: 0.6854 - val_full_cross_entropy: 0.6585 - val_trimmed_cross_entropy: 0.6482 - val_full_mse_log_r: 0.0108 - val_trimmed_mse_log_r: 0.0107 - val_full_mae_log_r: 0.0479 - val_full_mse_score: 3.3270 - val_trimmed_mse_score: 0.0700 - val_full_mae_score: 0.0884
Epoch 17/50
496s - loss: 0.6851 - full_cross_entropy: 0.6588 - trimmed_cross_entropy: 0.6485 - full_mse_log_r: 0.0150 - trimmed_mse_log_r: 0.0148 - full_mae_log_r: 0.0724 - full_mse_score: 4.9319 - trimmed_mse_score: 0.0790 - full_mae_score: 0.0893 - val_loss: 0.7209 - val_full_cross_entropy: 0.6590 - val_trimmed_cross_entropy: 0.6487 - val_full_mse_log_r: 0.0167 - val_trimmed_mse_log_r: 0.0164 - val_full_mae_log_r: 0.0885 - val_full_mse_score: 3.4008 - val_trimmed_mse_score: 0.0797 - val_full_mae_score: 0.0906
Epoch 18/50
496s - loss: 0.6919 - full_cross_entropy: 0.6587 - trimmed_cross_entropy: 0.6484 - full_mse_log_r: 0.0141 - trimmed_mse_log_r: 0.0139 - full_mae_log_r: 0.0701 - full_mse_score: 4.9021 - trimmed_mse_score: 0.0740 - full_mae_score: 0.0874 - val_loss: 0.6907 - val_full_cross_entropy: 0.6586 - val_trimmed_cross_entropy: 0.6483 - val_full_mse_log_r: 0.0114 - val_trimmed_mse_log_r: 0.0112 - val_full_mae_log_r: 0.0582 - val_full_mse_score: 3.2993 - val_trimmed_mse_score: 0.0726 - val_full_mae_score: 0.0883
Epoch 19/50
496s - loss: 0.6806 - full_cross_entropy: 0.6586 - trimmed_cross_entropy: 0.6483 - full_mse_log_r: 0.0130 - trimmed_mse_log_r: 0.0128 - full_mae_log_r: 0.0668 - full_mse_score: 4.8845 - trimmed_mse_score: 0.0678 - full_mae_score: 0.0851 - val_loss: 0.6862 - val_full_cross_entropy: 0.6585 - val_trimmed_cross_entropy: 0.6482 - val_full_mse_log_r: 0.0117 - val_trimmed_mse_log_r: 0.0115 - val_full_mae_log_r: 0.0487 - val_full_mse_score: 3.5494 - val_trimmed_mse_score: 0.0930 - val_full_mae_score: 0.0929
Epoch 20/50
496s - loss: 0.6808 - full_cross_entropy: 0.6585 - trimmed_cross_entropy: 0.6482 - full_mse_log_r: 0.0120 - trimmed_mse_log_r: 0.0118 - full_mae_log_r: 0.0637 - full_mse_score: 4.8504 - trimmed_mse_score: 0.0669 - full_mae_score: 0.0833 - val_loss: 0.6803 - val_full_cross_entropy: 0.6589 - val_trimmed_cross_entropy: 0.6486 - val_full_mse_log_r: 0.0147 - val_trimmed_mse_log_r: 0.0145 - val_full_mae_log_r: 0.0813 - val_full_mse_score: 3.1210 - val_trimmed_mse_score: 0.0628 - val_full_mae_score: 0.0844
Epoch 21/50
496s - loss: 0.6793 - full_cross_entropy: 0.6585 - trimmed_cross_entropy: 0.6482 - full_mse_log_r: 0.0112 - trimmed_mse_log_r: 0.0110 - full_mae_log_r: 0.0617 - full_mse_score: 4.7404 - trimmed_mse_score: 0.0642 - full_mae_score: 0.0798 - val_loss: 0.6805 - val_full_cross_entropy: 0.6590 - val_trimmed_cross_entropy: 0.6487 - val_full_mse_log_r: 0.0146 - val_trimmed_mse_log_r: 0.0143 - val_full_mae_log_r: 0.0869 - val_full_mse_score: 3.3009 - val_trimmed_mse_score: 0.0695 - val_full_mae_score: 0.0821
Epoch 22/50
496s - loss: 0.6778 - full_cross_entropy: 0.6584 - trimmed_cross_entropy: 0.6481 - full_mse_log_r: 0.0104 - trimmed_mse_log_r: 0.0102 - full_mae_log_r: 0.0595 - full_mse_score: 4.7278 - trimmed_mse_score: 0.0620 - full_mae_score: 0.0781 - val_loss: 0.6777 - val_full_cross_entropy: 0.6590 - val_trimmed_cross_entropy: 0.6487 - val_full_mse_log_r: 0.0137 - val_trimmed_mse_log_r: 0.0135 - val_full_mae_log_r: 0.0888 - val_full_mse_score: 3.2655 - val_trimmed_mse_score: 0.0664 - val_full_mae_score: 0.0817
Epoch 23/50
496s - loss: 0.6760 - full_cross_entropy: 0.6584 - trimmed_cross_entropy: 0.6481 - full_mse_log_r: 0.0096 - trimmed_mse_log_r: 0.0095 - full_mae_log_r: 0.0578 - full_mse_score: 4.6421 - trimmed_mse_score: 0.0492 - full_mae_score: 0.0752 - val_loss: 0.6755 - val_full_cross_entropy: 0.6582 - val_trimmed_cross_entropy: 0.6479 - val_full_mse_log_r: 0.0066 - val_trimmed_mse_log_r: 0.0065 - val_full_mae_log_r: 0.0325 - val_full_mse_score: 3.0939 - val_trimmed_mse_score: 0.0561 - val_full_mae_score: 0.0753
Epoch 24/50
495s - loss: 0.6737 - full_cross_entropy: 0.6584 - trimmed_cross_entropy: 0.6481 - full_mse_log_r: 0.0091 - trimmed_mse_log_r: 0.0090 - full_mae_log_r: 0.0556 - full_mse_score: 4.5996 - trimmed_mse_score: 0.0473 - full_mae_score: 0.0738 - val_loss: 0.6729 - val_full_cross_entropy: 0.6583 - val_trimmed_cross_entropy: 0.6480 - val_full_mse_log_r: 0.0078 - val_trimmed_mse_log_r: 0.0076 - val_full_mae_log_r: 0.0437 - val_full_mse_score: 3.2658 - val_trimmed_mse_score: 0.0647 - val_full_mae_score: 0.0778
Epoch 25/50
496s - loss: 0.6721 - full_cross_entropy: 0.6583 - trimmed_cross_entropy: 0.6480 - full_mse_log_r: 0.0086 - trimmed_mse_log_r: 0.0085 - full_mae_log_r: 0.0534 - full_mse_score: 4.6106 - trimmed_mse_score: 0.0434 - full_mae_score: 0.0734 - val_loss: 0.6705 - val_full_cross_entropy: 0.6584 - val_trimmed_cross_entropy: 0.6481 - val_full_mse_log_r: 0.0071 - val_trimmed_mse_log_r: 0.0070 - val_full_mae_log_r: 0.0469 - val_full_mse_score: 3.0293 - val_trimmed_mse_score: 0.0466 - val_full_mae_score: 0.0696
Epoch 26/50
497s - loss: 0.6715 - full_cross_entropy: 0.6583 - trimmed_cross_entropy: 0.6480 - full_mse_log_r: 0.0080 - trimmed_mse_log_r: 0.0079 - full_mae_log_r: 0.0518 - full_mse_score: 4.5102 - trimmed_mse_score: 0.0463 - full_mae_score: 0.0706 - val_loss: 0.6761 - val_full_cross_entropy: 0.6584 - val_trimmed_cross_entropy: 0.6481 - val_full_mse_log_r: 0.0087 - val_trimmed_mse_log_r: 0.0086 - val_full_mae_log_r: 0.0535 - val_full_mse_score: 3.0167 - val_trimmed_mse_score: 0.0476 - val_full_mae_score: 0.0733
Epoch 27/50
496s - loss: 0.6724 - full_cross_entropy: 0.6582 - trimmed_cross_entropy: 0.6480 - full_mse_log_r: 0.0075 - trimmed_mse_log_r: 0.0074 - full_mae_log_r: 0.0499 - full_mse_score: 4.4939 - trimmed_mse_score: 0.0419 - full_mae_score: 0.0689 - val_loss: 0.6701 - val_full_cross_entropy: 0.6586 - val_trimmed_cross_entropy: 0.6483 - val_full_mse_log_r: 0.0089 - val_trimmed_mse_log_r: 0.0088 - val_full_mae_log_r: 0.0663 - val_full_mse_score: 2.9500 - val_trimmed_mse_score: 0.0393 - val_full_mae_score: 0.0664
Epoch 28/50
495s - loss: 0.6714 - full_cross_entropy: 0.6582 - trimmed_cross_entropy: 0.6479 - full_mse_log_r: 0.0071 - trimmed_mse_log_r: 0.0070 - full_mae_log_r: 0.0482 - full_mse_score: 4.4963 - trimmed_mse_score: 0.0391 - full_mae_score: 0.0678 - val_loss: 0.6703 - val_full_cross_entropy: 0.6584 - val_trimmed_cross_entropy: 0.6482 - val_full_mse_log_r: 0.0072 - val_trimmed_mse_log_r: 0.0071 - val_full_mae_log_r: 0.0600 - val_full_mse_score: 2.9040 - val_trimmed_mse_score: 0.0393 - val_full_mae_score: 0.0661
Epoch 29/50
495s - loss: 0.6696 - full_cross_entropy: 0.6582 - trimmed_cross_entropy: 0.6479 - full_mse_log_r: 0.0067 - trimmed_mse_log_r: 0.0066 - full_mae_log_r: 0.0467 - full_mse_score: 4.4376 - trimmed_mse_score: 0.0476 - full_mae_score: 0.0664 - val_loss: 0.6715 - val_full_cross_entropy: 0.6583 - val_trimmed_cross_entropy: 0.6480 - val_full_mse_log_r: 0.0070 - val_trimmed_mse_log_r: 0.0069 - val_full_mae_log_r: 0.0367 - val_full_mse_score: 3.0808 - val_trimmed_mse_score: 0.0453 - val_full_mae_score: 0.0701
Epoch 30/50
496s - loss: 0.6690 - full_cross_entropy: 0.6581 - trimmed_cross_entropy: 0.6479 - full_mse_log_r: 0.0064 - trimmed_mse_log_r: 0.0063 - full_mae_log_r: 0.0451 - full_mse_score: 4.3987 - trimmed_mse_score: 0.0374 - full_mae_score: 0.0651 - val_loss: 0.6686 - val_full_cross_entropy: 0.6582 - val_trimmed_cross_entropy: 0.6479 - val_full_mse_log_r: 0.0052 - val_trimmed_mse_log_r: 0.0051 - val_full_mae_log_r: 0.0341 - val_full_mse_score: 2.8505 - val_trimmed_mse_score: 0.0351 - val_full_mae_score: 0.0627
Epoch 31/50
496s - loss: 0.6692 - full_cross_entropy: 0.6581 - trimmed_cross_entropy: 0.6479 - full_mse_log_r: 0.0061 - trimmed_mse_log_r: 0.0060 - full_mae_log_r: 0.0436 - full_mse_score: 4.4081 - trimmed_mse_score: 0.0385 - full_mae_score: 0.0642 - val_loss: 0.6678 - val_full_cross_entropy: 0.6582 - val_trimmed_cross_entropy: 0.6479 - val_full_mse_log_r: 0.0047 - val_trimmed_mse_log_r: 0.0047 - val_full_mae_log_r: 0.0351 - val_full_mse_score: 2.9171 - val_trimmed_mse_score: 0.0355 - val_full_mae_score: 0.0627
Epoch 32/50
496s - loss: 0.6667 - full_cross_entropy: 0.6581 - trimmed_cross_entropy: 0.6478 - full_mse_log_r: 0.0059 - trimmed_mse_log_r: 0.0058 - full_mae_log_r: 0.0429 - full_mse_score: 4.4031 - trimmed_mse_score: 0.0357 - full_mae_score: 0.0635 - val_loss: 0.6711 - val_full_cross_entropy: 0.6583 - val_trimmed_cross_entropy: 0.6480 - val_full_mse_log_r: 0.0062 - val_trimmed_mse_log_r: 0.0061 - val_full_mae_log_r: 0.0427 - val_full_mse_score: 2.8477 - val_trimmed_mse_score: 0.0377 - val_full_mae_score: 0.0631
Epoch 33/50
496s - loss: 0.6678 - full_cross_entropy: 0.6581 - trimmed_cross_entropy: 0.6478 - full_mse_log_r: 0.0055 - trimmed_mse_log_r: 0.0054 - full_mae_log_r: 0.0412 - full_mse_score: 4.3728 - trimmed_mse_score: 0.0329 - full_mae_score: 0.0623 - val_loss: 0.6682 - val_full_cross_entropy: 0.6583 - val_trimmed_cross_entropy: 0.6480 - val_full_mse_log_r: 0.0057 - val_trimmed_mse_log_r: 0.0056 - val_full_mae_log_r: 0.0399 - val_full_mse_score: 3.0054 - val_trimmed_mse_score: 0.0422 - val_full_mae_score: 0.0663
Epoch 34/50
496s - loss: 0.6672 - full_cross_entropy: 0.6581 - trimmed_cross_entropy: 0.6478 - full_mse_log_r: 0.0054 - trimmed_mse_log_r: 0.0053 - full_mae_log_r: 0.0405 - full_mse_score: 4.3804 - trimmed_mse_score: 0.0367 - full_mae_score: 0.0620 - val_loss: 0.6679 - val_full_cross_entropy: 0.6582 - val_trimmed_cross_entropy: 0.6480 - val_full_mse_log_r: 0.0048 - val_trimmed_mse_log_r: 0.0047 - val_full_mae_log_r: 0.0410 - val_full_mse_score: 2.8590 - val_trimmed_mse_score: 0.0329 - val_full_mae_score: 0.0610
Epoch 35/50
496s - loss: 0.6656 - full_cross_entropy: 0.6581 - trimmed_cross_entropy: 0.6478 - full_mse_log_r: 0.0052 - trimmed_mse_log_r: 0.0051 - full_mae_log_r: 0.0397 - full_mse_score: 4.3866 - trimmed_mse_score: 0.0329 - full_mae_score: 0.0613 - val_loss: 0.6674 - val_full_cross_entropy: 0.6582 - val_trimmed_cross_entropy: 0.6479 - val_full_mse_log_r: 0.0046 - val_trimmed_mse_log_r: 0.0045 - val_full_mae_log_r: 0.0337 - val_full_mse_score: 2.8351 - val_trimmed_mse_score: 0.0321 - val_full_mae_score: 0.0616
Epoch 36/50
496s - loss: 0.6651 - full_cross_entropy: 0.6580 - trimmed_cross_entropy: 0.6478 - full_mse_log_r: 0.0049 - trimmed_mse_log_r: 0.0048 - full_mae_log_r: 0.0383 - full_mse_score: 4.3387 - trimmed_mse_score: 0.0351 - full_mae_score: 0.0604 - val_loss: 0.6691 - val_full_cross_entropy: 0.6581 - val_trimmed_cross_entropy: 0.6479 - val_full_mse_log_r: 0.0039 - val_trimmed_mse_log_r: 0.0039 - val_full_mae_log_r: 0.0292 - val_full_mse_score: 2.8935 - val_trimmed_mse_score: 0.0358 - val_full_mae_score: 0.0618
Epoch 37/50
495s - loss: 0.6646 - full_cross_entropy: 0.6580 - trimmed_cross_entropy: 0.6478 - full_mse_log_r: 0.0048 - trimmed_mse_log_r: 0.0047 - full_mae_log_r: 0.0371 - full_mse_score: 4.3305 - trimmed_mse_score: 0.0337 - full_mae_score: 0.0600 - val_loss: 0.6670 - val_full_cross_entropy: 0.6582 - val_trimmed_cross_entropy: 0.6479 - val_full_mse_log_r: 0.0044 - val_trimmed_mse_log_r: 0.0043 - val_full_mae_log_r: 0.0326 - val_full_mse_score: 2.8668 - val_trimmed_mse_score: 0.0342 - val_full_mae_score: 0.0602
Epoch 38/50
498s - loss: 0.6654 - full_cross_entropy: 0.6580 - trimmed_cross_entropy: 0.6477 - full_mse_log_r: 0.0045 - trimmed_mse_log_r: 0.0044 - full_mae_log_r: 0.0359 - full_mse_score: 4.3188 - trimmed_mse_score: 0.0322 - full_mae_score: 0.0592 - val_loss: 0.6678 - val_full_cross_entropy: 0.6582 - val_trimmed_cross_entropy: 0.6479 - val_full_mse_log_r: 0.0043 - val_trimmed_mse_log_r: 0.0042 - val_full_mae_log_r: 0.0330 - val_full_mse_score: 2.8653 - val_trimmed_mse_score: 0.0321 - val_full_mae_score: 0.0608
Epoch 39/50
497s - loss: 0.6653 - full_cross_entropy: 0.6580 - trimmed_cross_entropy: 0.6477 - full_mse_log_r: 0.0045 - trimmed_mse_log_r: 0.0044 - full_mae_log_r: 0.0358 - full_mse_score: 4.3336 - trimmed_mse_score: 0.0316 - full_mae_score: 0.0590 - val_loss: 0.6669 - val_full_cross_entropy: 0.6583 - val_trimmed_cross_entropy: 0.6480 - val_full_mse_log_r: 0.0051 - val_trimmed_mse_log_r: 0.0050 - val_full_mae_log_r: 0.0487 - val_full_mse_score: 2.7718 - val_trimmed_mse_score: 0.0306 - val_full_mae_score: 0.0579
Epoch 40/50
497s - loss: 0.6651 - full_cross_entropy: 0.6580 - trimmed_cross_entropy: 0.6477 - full_mse_log_r: 0.0043 - trimmed_mse_log_r: 0.0043 - full_mae_log_r: 0.0346 - full_mse_score: 4.3287 - trimmed_mse_score: 0.0263 - full_mae_score: 0.0586 - val_loss: 0.6667 - val_full_cross_entropy: 0.6582 - val_trimmed_cross_entropy: 0.6479 - val_full_mse_log_r: 0.0042 - val_trimmed_mse_log_r: 0.0041 - val_full_mae_log_r: 0.0319 - val_full_mse_score: 2.8710 - val_trimmed_mse_score: 0.0336 - val_full_mae_score: 0.0600
Epoch 41/50
499s - loss: 0.6645 - full_cross_entropy: 0.6580 - trimmed_cross_entropy: 0.6477 - full_mse_log_r: 0.0042 - trimmed_mse_log_r: 0.0041 - full_mae_log_r: 0.0332 - full_mse_score: 4.3420 - trimmed_mse_score: 0.0293 - full_mae_score: 0.0583 - val_loss: 0.6658 - val_full_cross_entropy: 0.6581 - val_trimmed_cross_entropy: 0.6478 - val_full_mse_log_r: 0.0036 - val_trimmed_mse_log_r: 0.0036 - val_full_mae_log_r: 0.0260 - val_full_mse_score: 2.8761 - val_trimmed_mse_score: 0.0329 - val_full_mae_score: 0.0586
Epoch 42/50
499s - loss: 0.6648 - full_cross_entropy: 0.6580 - trimmed_cross_entropy: 0.6477 - full_mse_log_r: 0.0041 - trimmed_mse_log_r: 0.0040 - full_mae_log_r: 0.0333 - full_mse_score: 4.3354 - trimmed_mse_score: 0.0311 - full_mae_score: 0.0578 - val_loss: 0.6651 - val_full_cross_entropy: 0.6581 - val_trimmed_cross_entropy: 0.6478 - val_full_mse_log_r: 0.0035 - val_trimmed_mse_log_r: 0.0035 - val_full_mae_log_r: 0.0272 - val_full_mse_score: 2.8358 - val_trimmed_mse_score: 0.0302 - val_full_mae_score: 0.0573
Epoch 43/50
497s - loss: 0.6650 - full_cross_entropy: 0.6580 - trimmed_cross_entropy: 0.6477 - full_mse_log_r: 0.0040 - trimmed_mse_log_r: 0.0039 - full_mae_log_r: 0.0319 - full_mse_score: 4.3205 - trimmed_mse_score: 0.0299 - full_mae_score: 0.0575 - val_loss: 0.6657 - val_full_cross_entropy: 0.6581 - val_trimmed_cross_entropy: 0.6478 - val_full_mse_log_r: 0.0034 - val_trimmed_mse_log_r: 0.0034 - val_full_mae_log_r: 0.0263 - val_full_mse_score: 2.8107 - val_trimmed_mse_score: 0.0314 - val_full_mae_score: 0.0577
Epoch 44/50
497s - loss: 0.6642 - full_cross_entropy: 0.6580 - trimmed_cross_entropy: 0.6477 - full_mse_log_r: 0.0039 - trimmed_mse_log_r: 0.0038 - full_mae_log_r: 0.0315 - full_mse_score: 4.3330 - trimmed_mse_score: 0.0309 - full_mae_score: 0.0573 - val_loss: 0.6662 - val_full_cross_entropy: 0.6581 - val_trimmed_cross_entropy: 0.6479 - val_full_mse_log_r: 0.0038 - val_trimmed_mse_log_r: 0.0037 - val_full_mae_log_r: 0.0260 - val_full_mse_score: 2.8127 - val_trimmed_mse_score: 0.0315 - val_full_mae_score: 0.0577
Epoch 45/50
496s - loss: 0.6642 - full_cross_entropy: 0.6580 - trimmed_cross_entropy: 0.6477 - full_mse_log_r: 0.0038 - trimmed_mse_log_r: 0.0037 - full_mae_log_r: 0.0309 - full_mse_score: 4.3057 - trimmed_mse_score: 0.0275 - full_mae_score: 0.0570 - val_loss: 0.6655 - val_full_cross_entropy: 0.6581 - val_trimmed_cross_entropy: 0.6478 - val_full_mse_log_r: 0.0036 - val_trimmed_mse_log_r: 0.0036 - val_full_mae_log_r: 0.0259 - val_full_mse_score: 2.8520 - val_trimmed_mse_score: 0.0317 - val_full_mae_score: 0.0581
Epoch 46/50
497s - loss: 0.6644 - full_cross_entropy: 0.6580 - trimmed_cross_entropy: 0.6477 - full_mse_log_r: 0.0037 - trimmed_mse_log_r: 0.0036 - full_mae_log_r: 0.0301 - full_mse_score: 4.3264 - trimmed_mse_score: 0.0256 - full_mae_score: 0.0569 - val_loss: 0.6650 - val_full_cross_entropy: 0.6581 - val_trimmed_cross_entropy: 0.6479 - val_full_mse_log_r: 0.0037 - val_trimmed_mse_log_r: 0.0037 - val_full_mae_log_r: 0.0304 - val_full_mse_score: 2.8403 - val_trimmed_mse_score: 0.0308 - val_full_mae_score: 0.0572
Epoch 47/50
497s - loss: 0.6636 - full_cross_entropy: 0.6579 - trimmed_cross_entropy: 0.6477 - full_mse_log_r: 0.0037 - trimmed_mse_log_r: 0.0036 - full_mae_log_r: 0.0298 - full_mse_score: 4.3165 - trimmed_mse_score: 0.0321 - full_mae_score: 0.0566 - val_loss: 0.6652 - val_full_cross_entropy: 0.6581 - val_trimmed_cross_entropy: 0.6478 - val_full_mse_log_r: 0.0032 - val_trimmed_mse_log_r: 0.0032 - val_full_mae_log_r: 0.0233 - val_full_mse_score: 2.8319 - val_trimmed_mse_score: 0.0305 - val_full_mae_score: 0.0568
Epoch 48/50
497s - loss: 0.6641 - full_cross_entropy: 0.6579 - trimmed_cross_entropy: 0.6477 - full_mse_log_r: 0.0036 - trimmed_mse_log_r: 0.0035 - full_mae_log_r: 0.0290 - full_mse_score: 4.3183 - trimmed_mse_score: 0.0285 - full_mae_score: 0.0564 - val_loss: 0.6653 - val_full_cross_entropy: 0.6581 - val_trimmed_cross_entropy: 0.6478 - val_full_mse_log_r: 0.0034 - val_trimmed_mse_log_r: 0.0033 - val_full_mae_log_r: 0.0258 - val_full_mse_score: 2.8244 - val_trimmed_mse_score: 0.0306 - val_full_mae_score: 0.0571
Epoch 49/50
497s - loss: 0.6633 - full_cross_entropy: 0.6579 - trimmed_cross_entropy: 0.6477 - full_mse_log_r: 0.0035 - trimmed_mse_log_r: 0.0035 - full_mae_log_r: 0.0286 - full_mse_score: 4.3086 - trimmed_mse_score: 0.0314 - full_mae_score: 0.0563 - val_loss: 0.6651 - val_full_cross_entropy: 0.6581 - val_trimmed_cross_entropy: 0.6479 - val_full_mse_log_r: 0.0036 - val_trimmed_mse_log_r: 0.0035 - val_full_mae_log_r: 0.0302 - val_full_mse_score: 2.8309 - val_trimmed_mse_score: 0.0308 - val_full_mae_score: 0.0568
Epoch 50/50
497s - loss: 0.6632 - full_cross_entropy: 0.6579 - trimmed_cross_entropy: 0.6476 - full_mse_log_r: 0.0035 - trimmed_mse_log_r: 0.0034 - full_mae_log_r: 0.0284 - full_mse_score: 4.3026 - trimmed_mse_score: 0.0278 - full_mae_score: 0.0561 - val_loss: 0.6652 - val_full_cross_entropy: 0.6581 - val_trimmed_cross_entropy: 0.6479 - val_full_mse_log_r: 0.0036 - val_trimmed_mse_log_r: 0.0036 - val_full_mae_log_r: 0.0299 - val_full_mse_score: 2.8553 - val_trimmed_mse_score: 0.0310 - val_full_mae_score: 0.0570
14.03.2018 21:30:07 INFO    Starting evaluation
14.03.2018 21:36:25 INFO    Starting theta 100 / 1017
14.03.2018 21:38:57 INFO    Starting theta 200 / 1017
14.03.2018 21:41:29 INFO    Starting theta 300 / 1017
14.03.2018 21:44:01 INFO    Starting theta 400 / 1017
14.03.2018 21:46:33 INFO    Starting theta 500 / 1017
14.03.2018 21:49:06 INFO    Starting theta 600 / 1017
14.03.2018 21:51:38 INFO    Starting theta 700 / 1017
14.03.2018 21:54:10 INFO    Starting theta 800 / 1017
14.03.2018 21:56:42 INFO    Starting theta 900 / 1017
14.03.2018 21:59:15 INFO    Starting theta 1000 / 1017
14.03.2018 21:59:42 INFO    Evaluation timing: median 1.05967783928 s, mean 1.06660581924 s
14.03.2018 21:59:42 INFO    Starting roaming
14.03.2018 22:00:05 INFO    Starting calibrated evaluation and roaming
14.03.2018 22:21:10 INFO    Starting theta 100 / 1017
14.03.2018 22:38:34 INFO    Starting theta 200 / 1017
14.03.2018 22:55:59 INFO    Starting theta 300 / 1017
14.03.2018 23:13:20 INFO    Starting theta 400 / 1017
14.03.2018 23:30:39 INFO    Starting theta 500 / 1017
14.03.2018 23:47:55 INFO    Starting theta 600 / 1017
15.03.2018 00:05:11 INFO    Starting theta 700 / 1017
15.03.2018 00:22:26 INFO    Starting theta 800 / 1017
15.03.2018 00:39:41 INFO    Starting theta 900 / 1017
15.03.2018 00:56:56 INFO    Starting theta 1000 / 1017
15.03.2018 01:00:03 INFO    Calibrated evaluation timing: median 1.06223988533 s, mean 1.06712454282 s
15.03.2018 01:00:03 INFO    Interpolating calibrated roaming
15.03.2018 01:04:36 INFO    That's it -- have a great day!
