Using TensorFlow backend.
26.02.2018 06:56:31 INFO    Hi! How are you today?
26.02.2018 06:56:31 INFO    Startup options:
26.02.2018 06:56:31 INFO      Algorithm:                     carl
26.02.2018 06:56:31 INFO      Point by point:                True
26.02.2018 06:56:31 INFO      Morphing-aware mode:           False
26.02.2018 06:56:31 INFO      Smeared data:                  False
26.02.2018 06:56:31 INFO      Training sample:               baseline
26.02.2018 06:56:31 INFO      Histogram / AFC X indices:     [1, 38, 39, 40, 41]
26.02.2018 06:56:31 INFO      alpha:                         None
26.02.2018 06:56:31 INFO      AFC epsilon:                   None
26.02.2018 06:56:31 INFO      Neyman construction toys:      False
26.02.2018 06:56:31 INFO      Other options:                 
26.02.2018 06:56:31 INFO      Base directory:                /home/jb6504/higgs_inference
26.02.2018 06:56:31 INFO      ML-based strategies available: True
26.02.2018 06:56:31 INFO    Starting point-by-point inference
26.02.2018 06:56:31 INFO    Main settings:
26.02.2018 06:56:31 INFO      Algorithm:               carl
26.02.2018 06:56:31 INFO    Options:
26.02.2018 06:56:31 INFO      Number of hidden layers: 3
26.02.2018 06:56:31 INFO      Batch size:              128
26.02.2018 06:56:31 INFO      Learning rate:           0.001
26.02.2018 06:56:31 INFO      Learning rate decay:     0.0921034037198
26.02.2018 06:56:31 INFO      Number of epochs:        50
26.02.2018 06:56:32 INFO    Starting theta 1/100: number 0 ([ 0.  0.])
Train on 399160 samples, validate on 99790 samples
2018-02-26 06:56:34.469804: W tensorflow/core/platform/cpu_feature_guard.cc:45] The TensorFlow library wasn't compiled to use SSE4.1 instructions, but these are available on your machine and could speed up CPU computations.
2018-02-26 06:56:34.471240: W tensorflow/core/platform/cpu_feature_guard.cc:45] The TensorFlow library wasn't compiled to use SSE4.2 instructions, but these are available on your machine and could speed up CPU computations.
2018-02-26 06:56:34.471254: W tensorflow/core/platform/cpu_feature_guard.cc:45] The TensorFlow library wasn't compiled to use AVX instructions, but these are available on your machine and could speed up CPU computations.
2018-02-26 06:56:35.030712: I tensorflow/core/common_runtime/gpu/gpu_device.cc:940] Found device 0 with properties: 
name: Tesla K80
major: 3 minor: 7 memoryClockRate (GHz) 0.8235
pciBusID 0000:07:00.0
Total memory: 11.17GiB
Free memory: 11.10GiB
2018-02-26 06:56:35.030760: I tensorflow/core/common_runtime/gpu/gpu_device.cc:961] DMA: 0 
2018-02-26 06:56:35.030769: I tensorflow/core/common_runtime/gpu/gpu_device.cc:971] 0:   Y 
2018-02-26 06:56:35.030782: I tensorflow/core/common_runtime/gpu/gpu_device.cc:1030] Creating TensorFlow device (/gpu:0) -> (device: 0, name: Tesla K80, pci bus id: 0000:07:00.0)
Epoch 1/50
29s - loss: 0.6810 - full_cross_entropy: 0.6810 - trimmed_cross_entropy: 0.6703 - full_mse_log_r: 0.0724 - trimmed_mse_log_r: 0.0712 - full_mae_log_r: 0.1712 - val_loss: 0.6778 - val_full_cross_entropy: 0.6778 - val_trimmed_cross_entropy: 0.6673 - val_full_mse_log_r: 0.0509 - val_trimmed_mse_log_r: 0.0501 - val_full_mae_log_r: 0.1249
Epoch 2/50
29s - loss: 0.6784 - full_cross_entropy: 0.6784 - trimmed_cross_entropy: 0.6678 - full_mse_log_r: 0.0545 - trimmed_mse_log_r: 0.0537 - full_mae_log_r: 0.1356 - val_loss: 0.6794 - val_full_cross_entropy: 0.6794 - val_trimmed_cross_entropy: 0.6688 - val_full_mse_log_r: 0.0716 - val_trimmed_mse_log_r: 0.0705 - val_full_mae_log_r: 0.1538
Epoch 3/50
29s - loss: 0.6780 - full_cross_entropy: 0.6780 - trimmed_cross_entropy: 0.6674 - full_mse_log_r: 0.0514 - trimmed_mse_log_r: 0.0506 - full_mae_log_r: 0.1263 - val_loss: 0.6776 - val_full_cross_entropy: 0.6776 - val_trimmed_cross_entropy: 0.6670 - val_full_mse_log_r: 0.0514 - val_trimmed_mse_log_r: 0.0506 - val_full_mae_log_r: 0.1187
Epoch 4/50
slurmstepd: error: *** JOB 4664002 ON gpu-24 CANCELLED AT 2018-02-26T06:58:26 ***
