Using TensorFlow backend.
21.02.2018 04:21:50 INFO    Hi! How are you today?
21.02.2018 04:21:50 INFO    Startup options:
21.02.2018 04:21:50 INFO      Algorithm:                     regression
21.02.2018 04:21:50 INFO      Point by point:                True
21.02.2018 04:21:50 INFO      Morphing-aware mode:           False
21.02.2018 04:21:50 INFO      Smeared data:                  True
21.02.2018 04:21:50 INFO      Training sample:               baseline
21.02.2018 04:21:50 INFO      AFC X indices:                 [1, 38, 39, 40, 41]
21.02.2018 04:21:50 INFO      alpha:                         None
21.02.2018 04:21:50 INFO      AFC epsilon:                   None
21.02.2018 04:21:50 INFO      Neyman construction toys:      False
21.02.2018 04:21:50 INFO      Other options:                 
21.02.2018 04:21:50 INFO      Base directory:                /home/jb6504/higgs_inference
21.02.2018 04:21:50 INFO      ML-based strategies available: True
21.02.2018 04:21:50 INFO    Starting point-by-point inference
21.02.2018 04:21:50 INFO    Main settings:
21.02.2018 04:21:50 INFO      Algorithm:               regression
21.02.2018 04:21:50 INFO    Options:
21.02.2018 04:21:50 INFO      Number of hidden layers: 3
21.02.2018 04:21:50 INFO      Batch size:              128
21.02.2018 04:21:50 INFO      Learning rate:           0.001
21.02.2018 04:21:50 INFO      Learning rate decay:     0.0921034037198
21.02.2018 04:21:50 INFO      Number of epochs:        50
Traceback (most recent call last):
  File "experiments.py", line 129, in <module>
    options=args.options)
  File "/home/jb6504/higgs_inference/higgs_inference/strategies/point_by_point.py", line 147, in point_by_point_inference
    X_neyman_observed = np.load(settings.unweighted_events_dir + '/' + input_X_prefix + 'X_neyman_observed.npy')
  File "/share/apps/python/2.7.12/intel/lib/python2.7/site-packages/numpy-1.11.2-py2.7-linux-x86_64.egg/numpy/lib/npyio.py", line 362, in load
    fid = open(file, "rb")
IOError: [Errno 2] No such file or directory: '/scratch/jb6504/higgs_inference/data/unweighted_events/smeared_X_neyman_observed.npy'
