Using TensorFlow backend.
31.01.2018 09:39:30 INFO    Hi! How are you today?
31.01.2018 09:39:30 INFO    Startup options:
31.01.2018 09:39:30 INFO      Algorithm:                     carl
31.01.2018 09:39:30 INFO      Point by point:                False
31.01.2018 09:39:30 INFO      Morphing-aware mode:           False
31.01.2018 09:39:30 INFO      Training sample:               baseline
31.01.2018 09:39:30 INFO      Other options:                 
31.01.2018 09:39:30 INFO      Base directory:                /home/jb6504/higgs_inference
31.01.2018 09:39:30 INFO      ML-based strategies available: True
31.01.2018 09:39:30 INFO    Starting parameterized inference
31.01.2018 09:39:30 INFO    Main settings:
31.01.2018 09:39:30 INFO      Algorithm:                carl
31.01.2018 09:39:30 INFO      Morphing-aware:           False
31.01.2018 09:39:30 INFO      Training sample:          baseline
31.01.2018 09:39:30 INFO    Options:
31.01.2018 09:39:30 INFO      Number of epochs:         20
31.01.2018 09:39:30 INFO      Number of hidden layers:  2
31.01.2018 09:39:30 INFO      alpha carl:               0.35
31.01.2018 09:39:30 INFO      alpha regression:         0.011
31.01.2018 09:39:30 INFO      Debug mode:               False
31.01.2018 09:39:57 INFO    Starting training
Train on 8995410 samples, validate on 999490 samples
Epoch 1/20
2018-01-31 09:39:58.486347: W tensorflow/core/platform/cpu_feature_guard.cc:45] The TensorFlow library wasn't compiled to use SSE4.1 instructions, but these are available on your machine and could speed up CPU computations.
2018-01-31 09:39:58.486710: W tensorflow/core/platform/cpu_feature_guard.cc:45] The TensorFlow library wasn't compiled to use SSE4.2 instructions, but these are available on your machine and could speed up CPU computations.
2018-01-31 09:39:58.486719: W tensorflow/core/platform/cpu_feature_guard.cc:45] The TensorFlow library wasn't compiled to use AVX instructions, but these are available on your machine and could speed up CPU computations.
2018-01-31 09:39:58.486722: W tensorflow/core/platform/cpu_feature_guard.cc:45] The TensorFlow library wasn't compiled to use AVX2 instructions, but these are available on your machine and could speed up CPU computations.
2018-01-31 09:39:58.486726: W tensorflow/core/platform/cpu_feature_guard.cc:45] The TensorFlow library wasn't compiled to use FMA instructions, but these are available on your machine and could speed up CPU computations.
2018-01-31 09:39:58.789337: I tensorflow/core/common_runtime/gpu/gpu_device.cc:940] Found device 0 with properties: 
name: Tesla K80
major: 3 minor: 7 memoryClockRate (GHz) 0.8235
pciBusID 0000:04:00.0
Total memory: 11.17GiB
Free memory: 11.10GiB
2018-01-31 09:39:58.789370: I tensorflow/core/common_runtime/gpu/gpu_device.cc:961] DMA: 0 
2018-01-31 09:39:58.789376: I tensorflow/core/common_runtime/gpu/gpu_device.cc:971] 0:   Y 
2018-01-31 09:39:58.789383: I tensorflow/core/common_runtime/gpu/gpu_device.cc:1030] Creating TensorFlow device (/gpu:0) -> (device: 0, name: Tesla K80, pci bus id: 0000:04:00.0)
1463s - loss: 0.6685 - loss_function_score: 2.2200 - val_loss: 0.6572 - val_loss_function_score: 0.4963
Epoch 2/20
1463s - loss: 0.6659 - loss_function_score: 2.1941 - val_loss: 0.6578 - val_loss_function_score: 0.6062
Epoch 3/20
1465s - loss: 0.6655 - loss_function_score: 2.2981 - val_loss: 0.6579 - val_loss_function_score: 0.6844
Epoch 4/20
1464s - loss: 0.6653 - loss_function_score: 2.4388 - val_loss: 0.6573 - val_loss_function_score: 0.7574
Epoch 5/20
1463s - loss: 0.6653 - loss_function_score: 2.5550 - val_loss: 0.6596 - val_loss_function_score: 0.7767
Epoch 00004: early stopping
31.01.2018 11:41:58 INFO    Starting evaluation
01.02.2018 16:01:28 INFO    Starting roaming
01.02.2018 16:01:33 INFO    Starting calibrated evaluation and roaming
