Using TensorFlow backend.
31.01.2018 09:39:30 INFO    Hi! How are you today?
31.01.2018 09:39:30 INFO    Startup options:
31.01.2018 09:39:30 INFO      Algorithm:                     combined
31.01.2018 09:39:30 INFO      Point by point:                False
31.01.2018 09:39:30 INFO      Morphing-aware mode:           False
31.01.2018 09:39:30 INFO      Training sample:               baseline
31.01.2018 09:39:30 INFO      Other options:                 
31.01.2018 09:39:30 INFO      Base directory:                /home/jb6504/higgs_inference
31.01.2018 09:39:30 INFO      ML-based strategies available: True
31.01.2018 09:39:30 INFO    Starting parameterized inference
31.01.2018 09:39:30 INFO    Main settings:
31.01.2018 09:39:30 INFO      Algorithm:                combined
31.01.2018 09:39:30 INFO      Morphing-aware:           False
31.01.2018 09:39:30 INFO      Training sample:          baseline
31.01.2018 09:39:30 INFO    Options:
31.01.2018 09:39:30 INFO      Number of epochs:         20
31.01.2018 09:39:30 INFO      Number of hidden layers:  2
31.01.2018 09:39:30 INFO      alpha carl:               0.35
31.01.2018 09:39:30 INFO      alpha regression:         0.011
31.01.2018 09:39:30 INFO      Debug mode:               False
31.01.2018 09:39:57 INFO    Starting training
Train on 8995410 samples, validate on 999490 samples
Epoch 1/20
2018-01-31 09:39:59.056512: W tensorflow/core/platform/cpu_feature_guard.cc:45] The TensorFlow library wasn't compiled to use SSE4.1 instructions, but these are available on your machine and could speed up CPU computations.
2018-01-31 09:39:59.056883: W tensorflow/core/platform/cpu_feature_guard.cc:45] The TensorFlow library wasn't compiled to use SSE4.2 instructions, but these are available on your machine and could speed up CPU computations.
2018-01-31 09:39:59.056892: W tensorflow/core/platform/cpu_feature_guard.cc:45] The TensorFlow library wasn't compiled to use AVX instructions, but these are available on your machine and could speed up CPU computations.
2018-01-31 09:39:59.056896: W tensorflow/core/platform/cpu_feature_guard.cc:45] The TensorFlow library wasn't compiled to use AVX2 instructions, but these are available on your machine and could speed up CPU computations.
2018-01-31 09:39:59.056900: W tensorflow/core/platform/cpu_feature_guard.cc:45] The TensorFlow library wasn't compiled to use FMA instructions, but these are available on your machine and could speed up CPU computations.
2018-01-31 09:39:59.351986: I tensorflow/core/common_runtime/gpu/gpu_device.cc:940] Found device 0 with properties: 
name: Tesla K80
major: 3 minor: 7 memoryClockRate (GHz) 0.8235
pciBusID 0000:84:00.0
Total memory: 11.17GiB
Free memory: 11.10GiB
2018-01-31 09:39:59.352021: I tensorflow/core/common_runtime/gpu/gpu_device.cc:961] DMA: 0 
2018-01-31 09:39:59.352026: I tensorflow/core/common_runtime/gpu/gpu_device.cc:971] 0:   Y 
2018-01-31 09:39:59.352035: I tensorflow/core/common_runtime/gpu/gpu_device.cc:1030] Creating TensorFlow device (/gpu:0) -> (device: 0, name: Tesla K80, pci bus id: 0000:84:00.0)
1706s - loss: 1.0866 - loss_function_carl: 0.6649 - loss_function_score: 1.2048 - val_loss: 0.7199 - val_loss_function_carl: 0.6551 - val_loss_function_score: 0.1850
Epoch 2/20
1704s - loss: 1.0125 - loss_function_carl: 0.6637 - loss_function_score: 0.9968 - val_loss: 0.7136 - val_loss_function_carl: 0.6533 - val_loss_function_score: 0.1724
Epoch 3/20
1709s - loss: 1.0005 - loss_function_carl: 0.6636 - loss_function_score: 0.9627 - val_loss: 0.7139 - val_loss_function_carl: 0.6544 - val_loss_function_score: 0.1700
Epoch 4/20
1709s - loss: 0.9972 - loss_function_carl: 0.6636 - loss_function_score: 0.9534 - val_loss: 0.7188 - val_loss_function_carl: 0.6537 - val_loss_function_score: 0.1861
Epoch 5/20
1709s - loss: 0.9929 - loss_function_carl: 0.6636 - loss_function_score: 0.9411 - val_loss: 0.7182 - val_loss_function_carl: 0.6535 - val_loss_function_score: 0.1849
Epoch 6/20
1709s - loss: 0.9919 - loss_function_carl: 0.6636 - loss_function_score: 0.9382 - val_loss: 0.7201 - val_loss_function_carl: 0.6550 - val_loss_function_score: 0.1860
Epoch 00005: early stopping
31.01.2018 12:30:46 INFO    Starting evaluation
01.02.2018 17:12:03 INFO    Starting roaming
01.02.2018 17:12:08 INFO    Starting calibrated evaluation and roaming
slurmstepd: error: *** JOB 4338624 ON gpu-05 CANCELLED AT 2018-02-05T10:02:06 ***
