Using TensorFlow backend.
31.01.2018 09:39:30 INFO    Hi! How are you today?
31.01.2018 09:39:30 INFO    Startup options:
31.01.2018 09:39:30 INFO      Algorithm:                     score
31.01.2018 09:39:30 INFO      Point by point:                False
31.01.2018 09:39:30 INFO      Morphing-aware mode:           False
31.01.2018 09:39:30 INFO      Training sample:               baseline
31.01.2018 09:39:30 INFO      Other options:                 
31.01.2018 09:39:30 INFO      Base directory:                /home/jb6504/higgs_inference
31.01.2018 09:39:30 INFO      ML-based strategies available: True
31.01.2018 09:39:30 INFO    Starting parameterized inference
31.01.2018 09:39:30 INFO    Main settings:
31.01.2018 09:39:30 INFO      Algorithm:                score
31.01.2018 09:39:30 INFO      Morphing-aware:           False
31.01.2018 09:39:30 INFO      Training sample:          baseline
31.01.2018 09:39:30 INFO    Options:
31.01.2018 09:39:30 INFO      Number of epochs:         20
31.01.2018 09:39:30 INFO      Number of hidden layers:  2
31.01.2018 09:39:30 INFO      alpha carl:               0.35
31.01.2018 09:39:30 INFO      alpha regression:         0.011
31.01.2018 09:39:30 INFO      Debug mode:               False
31.01.2018 09:39:55 INFO    Starting training
Train on 8995410 samples, validate on 999490 samples
Epoch 1/20
2018-01-31 09:39:56.334082: W tensorflow/core/platform/cpu_feature_guard.cc:45] The TensorFlow library wasn't compiled to use SSE4.1 instructions, but these are available on your machine and could speed up CPU computations.
2018-01-31 09:39:56.334538: W tensorflow/core/platform/cpu_feature_guard.cc:45] The TensorFlow library wasn't compiled to use SSE4.2 instructions, but these are available on your machine and could speed up CPU computations.
2018-01-31 09:39:56.334553: W tensorflow/core/platform/cpu_feature_guard.cc:45] The TensorFlow library wasn't compiled to use AVX instructions, but these are available on your machine and could speed up CPU computations.
2018-01-31 09:39:56.334564: W tensorflow/core/platform/cpu_feature_guard.cc:45] The TensorFlow library wasn't compiled to use AVX2 instructions, but these are available on your machine and could speed up CPU computations.
2018-01-31 09:39:56.334571: W tensorflow/core/platform/cpu_feature_guard.cc:45] The TensorFlow library wasn't compiled to use FMA instructions, but these are available on your machine and could speed up CPU computations.
2018-01-31 09:39:56.895901: I tensorflow/core/common_runtime/gpu/gpu_device.cc:940] Found device 0 with properties: 
name: Tesla K80
major: 3 minor: 7 memoryClockRate (GHz) 0.8235
pciBusID 0000:85:00.0
Total memory: 11.17GiB
Free memory: 11.10GiB
2018-01-31 09:39:56.895941: I tensorflow/core/common_runtime/gpu/gpu_device.cc:961] DMA: 0 
2018-01-31 09:39:56.895947: I tensorflow/core/common_runtime/gpu/gpu_device.cc:971] 0:   Y 
2018-01-31 09:39:56.895957: I tensorflow/core/common_runtime/gpu/gpu_device.cc:1030] Creating TensorFlow device (/gpu:0) -> (device: 0, name: Tesla K80, pci bus id: 0000:85:00.0)
1346s - loss: 1.1764 - loss_function_carl: 0.6737 - val_loss: 0.1701 - val_loss_function_carl: 0.6663
Epoch 2/20
1350s - loss: 0.9747 - loss_function_carl: 0.6722 - val_loss: 0.1633 - val_loss_function_carl: 0.6718
Epoch 3/20
1348s - loss: 0.9495 - loss_function_carl: 0.6720 - val_loss: 0.1785 - val_loss_function_carl: 0.6687
Epoch 4/20
1351s - loss: 0.9372 - loss_function_carl: 0.6721 - val_loss: 0.1656 - val_loss_function_carl: 0.6684
Epoch 5/20
1351s - loss: 0.9218 - loss_function_carl: 0.6720 - val_loss: 0.1630 - val_loss_function_carl: 0.6683
Epoch 6/20
1351s - loss: 0.9141 - loss_function_carl: 0.6722 - val_loss: 0.1736 - val_loss_function_carl: 0.6665
Epoch 7/20
1353s - loss: 0.9078 - loss_function_carl: 0.6722 - val_loss: 0.1672 - val_loss_function_carl: 0.6681
Epoch 8/20
1353s - loss: 0.9118 - loss_function_carl: 0.6723 - val_loss: 0.1690 - val_loss_function_carl: 0.6677
Epoch 9/20
1353s - loss: 0.9082 - loss_function_carl: 0.6724 - val_loss: 0.1485 - val_loss_function_carl: 0.6690
Epoch 10/20
1353s - loss: 0.9046 - loss_function_carl: 0.6722 - val_loss: 0.1650 - val_loss_function_carl: 0.6699
Epoch 11/20
1352s - loss: 0.9176 - loss_function_carl: 0.6724 - val_loss: 0.1614 - val_loss_function_carl: 0.6678
Epoch 12/20
1352s - loss: 0.9032 - loss_function_carl: 0.6726 - val_loss: 0.1659 - val_loss_function_carl: 0.6668
Epoch 13/20
1353s - loss: 0.9093 - loss_function_carl: 0.6733 - val_loss: 0.1590 - val_loss_function_carl: 0.6682
Epoch 00012: early stopping
31.01.2018 14:32:48 INFO    Starting evaluation
01.02.2018 18:16:37 INFO    Starting roaming
01.02.2018 18:16:43 INFO    Starting calibrated evaluation and roaming
slurmstepd: error: *** JOB 4338626 ON gpu-08 CANCELLED AT 2018-02-02T17:21:57 ***
