Using TensorFlow backend.
31.01.2018 09:39:01 INFO    Hi! How are you today?
31.01.2018 09:39:01 INFO    Startup options:
31.01.2018 09:39:01 INFO      Algorithm:                     regression
31.01.2018 09:39:01 INFO      Point by point:                True
31.01.2018 09:39:01 INFO      Morphing-aware mode:           False
31.01.2018 09:39:01 INFO      Training sample:               baseline
31.01.2018 09:39:01 INFO      Other options:                 
31.01.2018 09:39:01 INFO      Base directory:                /home/jb6504/higgs_inference
31.01.2018 09:39:01 INFO      ML-based strategies available: True
31.01.2018 09:39:01 INFO    Starting point-by-point inference
31.01.2018 09:39:01 INFO    Main settings:
31.01.2018 09:39:01 INFO      Algorithm:               regression
31.01.2018 09:39:01 INFO    Options:
31.01.2018 09:39:01 INFO      Number of epochs:        20
31.01.2018 09:39:01 INFO      Number of hidden layers: 2
31.01.2018 09:39:02 INFO    Starting theta 1/100: number 0 ([ 0.  0.])
Train on 898197 samples, validate on 99800 samples
Epoch 1/20
2018-01-31 09:39:04.280329: W tensorflow/core/platform/cpu_feature_guard.cc:45] The TensorFlow library wasn't compiled to use SSE4.1 instructions, but these are available on your machine and could speed up CPU computations.
2018-01-31 09:39:04.280716: W tensorflow/core/platform/cpu_feature_guard.cc:45] The TensorFlow library wasn't compiled to use SSE4.2 instructions, but these are available on your machine and could speed up CPU computations.
2018-01-31 09:39:04.280728: W tensorflow/core/platform/cpu_feature_guard.cc:45] The TensorFlow library wasn't compiled to use AVX instructions, but these are available on your machine and could speed up CPU computations.
2018-01-31 09:39:04.627608: I tensorflow/core/common_runtime/gpu/gpu_device.cc:940] Found device 0 with properties: 
name: Tesla K80
major: 3 minor: 7 memoryClockRate (GHz) 0.8235
pciBusID 0000:12:00.0
Total memory: 11.17GiB
Free memory: 11.10GiB
2018-01-31 09:39:04.627656: I tensorflow/core/common_runtime/gpu/gpu_device.cc:961] DMA: 0 
2018-01-31 09:39:04.627665: I tensorflow/core/common_runtime/gpu/gpu_device.cc:971] 0:   Y 
2018-01-31 09:39:04.627677: I tensorflow/core/common_runtime/gpu/gpu_device.cc:1030] Creating TensorFlow device (/gpu:0) -> (device: 0, name: Tesla K80, pci bus id: 0000:12:00.0)
167s - loss: 0.0050 - val_loss: 0.0023
Epoch 2/20
166s - loss: 0.0014 - val_loss: 0.0020
Epoch 3/20
166s - loss: 0.0011 - val_loss: 0.0015
Epoch 4/20
166s - loss: 8.9838e-04 - val_loss: 0.0017
Epoch 5/20
166s - loss: 7.9442e-04 - val_loss: 8.6098e-04
Epoch 6/20
165s - loss: 7.3690e-04 - val_loss: 0.0014
Epoch 7/20
167s - loss: 6.9200e-04 - val_loss: 0.0013
Epoch 8/20
176s - loss: 6.4885e-04 - val_loss: 9.0798e-04
Epoch 9/20
176s - loss: 6.0239e-04 - val_loss: 5.5038e-04
Epoch 10/20
176s - loss: 5.8452e-04 - val_loss: 5.9775e-04
Epoch 11/20
176s - loss: 5.7504e-04 - val_loss: 6.4767e-04
Epoch 12/20
176s - loss: 5.5038e-04 - val_loss: 0.0016
Epoch 13/20
176s - loss: 5.5358e-04 - val_loss: 6.6479e-04
Epoch 00012: early stopping
31.01.2018 10:23:21 INFO    Starting theta 2/100: number 13 ([-1. -1.])
Train on 899500 samples, validate on 99945 samples
Epoch 1/20
168s - loss: 0.0571 - val_loss: 0.0308
Epoch 2/20
166s - loss: 0.0153 - val_loss: 0.0221
Epoch 3/20
166s - loss: 0.0119 - val_loss: 0.0172
Epoch 4/20
166s - loss: 0.0102 - val_loss: 0.0138
Epoch 5/20
166s - loss: 0.0092 - val_loss: 0.0175
Epoch 6/20
166s - loss: 0.0085 - val_loss: 0.0134
Epoch 7/20
166s - loss: 0.0080 - val_loss: 0.0120
Epoch 8/20
166s - loss: 0.0076 - val_loss: 0.0132
Epoch 9/20
166s - loss: 0.0072 - val_loss: 0.0126
Epoch 10/20
166s - loss: 0.0070 - val_loss: 0.0119
Epoch 11/20
166s - loss: 0.0068 - val_loss: 0.0102
Epoch 12/20
166s - loss: 0.0066 - val_loss: 0.0108
Epoch 13/20
166s - loss: 0.0065 - val_loss: 0.0126
Epoch 14/20
166s - loss: 0.0063 - val_loss: 0.0080
Epoch 15/20
169s - loss: 0.0061 - val_loss: 0.0128
Epoch 16/20
171s - loss: 0.0061 - val_loss: 0.0097
Epoch 17/20
171s - loss: 0.0060 - val_loss: 0.0097
Epoch 18/20
172s - loss: 0.0059 - val_loss: 0.0107
Epoch 00017: early stopping
31.01.2018 11:21:00 INFO    Starting theta 3/100: number 14 ([-1.  1.])
Train on 899914 samples, validate on 99991 samples
Epoch 1/20
172s - loss: 0.0597 - val_loss: 0.0302
Epoch 2/20
172s - loss: 0.0171 - val_loss: 0.0204
Epoch 3/20
171s - loss: 0.0135 - val_loss: 0.0171
Epoch 4/20
173s - loss: 0.0118 - val_loss: 0.0135
Epoch 5/20
172s - loss: 0.0109 - val_loss: 0.0152
Epoch 6/20
172s - loss: 0.0102 - val_loss: 0.0136
Epoch 7/20
173s - loss: 0.0097 - val_loss: 0.0130
Epoch 8/20
173s - loss: 0.0094 - val_loss: 0.0133
Epoch 9/20
172s - loss: 0.0090 - val_loss: 0.0112
Epoch 10/20
173s - loss: 0.0088 - val_loss: 0.0110
Epoch 11/20
172s - loss: 0.0086 - val_loss: 0.0098
Epoch 12/20
173s - loss: 0.0084 - val_loss: 0.0104
Epoch 13/20
173s - loss: 0.0082 - val_loss: 0.0090
Epoch 14/20
173s - loss: 0.0082 - val_loss: 0.0119
Epoch 15/20
173s - loss: 0.0080 - val_loss: 0.0127
Epoch 16/20
173s - loss: 0.0079 - val_loss: 0.0087
Epoch 17/20
173s - loss: 0.0078 - val_loss: 0.0095
Epoch 18/20
172s - loss: 0.0078 - val_loss: 0.0096
Epoch 19/20
172s - loss: 0.0076 - val_loss: 0.0104
Epoch 20/20
172s - loss: 0.0076 - val_loss: 0.0098
Epoch 00019: early stopping
31.01.2018 12:26:03 INFO    Starting theta 4/100: number 15 ([ 1. -1.])
Train on 899976 samples, validate on 99998 samples
Epoch 1/20
173s - loss: 0.0372 - val_loss: 0.0239
Epoch 2/20
172s - loss: 0.0130 - val_loss: 0.0163
Epoch 3/20
173s - loss: 0.0106 - val_loss: 0.0120
Epoch 4/20
173s - loss: 0.0095 - val_loss: 0.0124
Epoch 5/20
173s - loss: 0.0088 - val_loss: 0.0103
Epoch 6/20
172s - loss: 0.0083 - val_loss: 0.0142
Epoch 7/20
173s - loss: 0.0080 - val_loss: 0.0139
Epoch 8/20
173s - loss: 0.0078 - val_loss: 0.0113
Epoch 9/20
174s - loss: 0.0075 - val_loss: 0.0100
Epoch 10/20
174s - loss: 0.0074 - val_loss: 0.0090
Epoch 11/20
173s - loss: 0.0073 - val_loss: 0.0103
Epoch 12/20
172s - loss: 0.0072 - val_loss: 0.0105
Epoch 13/20
172s - loss: 0.0070 - val_loss: 0.0086
Epoch 14/20
172s - loss: 0.0070 - val_loss: 0.0086
Epoch 15/20
173s - loss: 0.0069 - val_loss: 0.0103
Epoch 16/20
173s - loss: 0.0069 - val_loss: 0.0094
Epoch 17/20
172s - loss: 0.0068 - val_loss: 0.0082
Epoch 18/20
172s - loss: 0.0067 - val_loss: 0.0088
Epoch 19/20
172s - loss: 0.0067 - val_loss: 0.0084
Epoch 20/20
172s - loss: 0.0066 - val_loss: 0.0087
31.01.2018 13:31:14 INFO    Starting theta 5/100: number 16 ([ 1.  1.])
Train on 900000 samples, validate on 100000 samples
Epoch 1/20
173s - loss: 0.0012 - val_loss: 2.9215e-04
Epoch 2/20
174s - loss: 2.1147e-04 - val_loss: 1.2479e-04
Epoch 3/20
174s - loss: 1.6516e-04 - val_loss: 2.1191e-04
Epoch 4/20
174s - loss: 1.4596e-04 - val_loss: 1.3636e-04
Epoch 5/20
173s - loss: 1.3465e-04 - val_loss: 1.0082e-04
Epoch 6/20
170s - loss: 1.2879e-04 - val_loss: 1.2478e-04
Epoch 7/20
174s - loss: 1.2386e-04 - val_loss: 8.9213e-05
Epoch 8/20
174s - loss: 1.2022e-04 - val_loss: 8.4971e-05
Epoch 9/20
174s - loss: 1.1801e-04 - val_loss: 7.3079e-05
Epoch 10/20
174s - loss: 1.1620e-04 - val_loss: 9.9320e-05
Epoch 11/20
172s - loss: 1.1243e-04 - val_loss: 1.0510e-04
Epoch 12/20
168s - loss: 1.1182e-04 - val_loss: 9.0144e-05
Epoch 13/20
174s - loss: 1.1162e-04 - val_loss: 1.1531e-04
Epoch 00012: early stopping
31.01.2018 14:16:17 INFO    Starting theta 6/100: number 9 ([-0.5 -0.5])
Train on 898658 samples, validate on 99851 samples
Epoch 1/20
175s - loss: 0.0368 - val_loss: 0.0409
Epoch 2/20
174s - loss: 0.0119 - val_loss: 0.0197
Epoch 3/20
167s - loss: 0.0094 - val_loss: 0.0229
Epoch 4/20
170s - loss: 0.0082 - val_loss: 0.0183
Epoch 5/20
167s - loss: 0.0074 - val_loss: 0.0127
Epoch 6/20
167s - loss: 0.0069 - val_loss: 0.0123
Epoch 7/20
168s - loss: 0.0064 - val_loss: 0.0108
Epoch 8/20
168s - loss: 0.0062 - val_loss: 0.0120
Epoch 9/20
167s - loss: 0.0058 - val_loss: 0.0128
Epoch 10/20
167s - loss: 0.0056 - val_loss: 0.0092
Epoch 11/20
168s - loss: 0.0055 - val_loss: 0.0095
Epoch 12/20
167s - loss: 0.0052 - val_loss: 0.0142
Epoch 13/20
167s - loss: 0.0052 - val_loss: 0.0120
Epoch 14/20
167s - loss: 0.0050 - val_loss: 0.0105
Epoch 00013: early stopping
31.01.2018 15:03:07 INFO    Starting theta 7/100: number 422 ([-0.19238158 -0.59962178])
Train on 899409 samples, validate on 99935 samples
Epoch 1/20
168s - loss: 0.0338 - val_loss: 0.0176
Epoch 2/20
168s - loss: 0.0101 - val_loss: 0.0129
Epoch 3/20
168s - loss: 0.0080 - val_loss: 0.0107
Epoch 4/20
168s - loss: 0.0069 - val_loss: 0.0136
Epoch 5/20
169s - loss: 0.0062 - val_loss: 0.0088
Epoch 6/20
168s - loss: 0.0058 - val_loss: 0.0090
Epoch 7/20
168s - loss: 0.0056 - val_loss: 0.0074
Epoch 8/20
172s - loss: 0.0053 - val_loss: 0.0085
Epoch 9/20
175s - loss: 0.0052 - val_loss: 0.0071
Epoch 10/20
174s - loss: 0.0050 - val_loss: 0.0087
Epoch 11/20
174s - loss: 0.0048 - val_loss: 0.0075
Epoch 12/20
175s - loss: 0.0047 - val_loss: 0.0082
Epoch 13/20
174s - loss: 0.0046 - val_loss: 0.0066
Epoch 14/20
173s - loss: 0.0045 - val_loss: 0.0075
Epoch 15/20
173s - loss: 0.0044 - val_loss: 0.0075
Epoch 16/20
173s - loss: 0.0043 - val_loss: 0.0075
Epoch 17/20
173s - loss: 0.0043 - val_loss: 0.0066
Epoch 18/20
173s - loss: 0.0042 - val_loss: 0.0067
Epoch 19/20
173s - loss: 0.0042 - val_loss: 0.0071
Epoch 20/20
171s - loss: 0.0042 - val_loss: 0.0068
31.01.2018 16:08:06 INFO    Starting theta 8/100: number 956 ([ 0.89009995 -0.46538046])
Train on 899965 samples, validate on 99997 samples
Epoch 1/20
178s - loss: 0.0210 - val_loss: 0.0153
Epoch 2/20
174s - loss: 0.0077 - val_loss: 0.0088
Epoch 3/20
173s - loss: 0.0062 - val_loss: 0.0065
Epoch 4/20
173s - loss: 0.0055 - val_loss: 0.0073
Epoch 5/20
173s - loss: 0.0050 - val_loss: 0.0072
Epoch 6/20
173s - loss: 0.0047 - val_loss: 0.0055
Epoch 7/20
173s - loss: 0.0045 - val_loss: 0.0065
Epoch 8/20
173s - loss: 0.0044 - val_loss: 0.0049
Epoch 9/20
172s - loss: 0.0042 - val_loss: 0.0049
Epoch 10/20
168s - loss: 0.0041 - val_loss: 0.0045
Epoch 11/20
168s - loss: 0.0040 - val_loss: 0.0045
Epoch 12/20
170s - loss: 0.0039 - val_loss: 0.0042
Epoch 13/20
173s - loss: 0.0039 - val_loss: 0.0054
Epoch 14/20
173s - loss: 0.0038 - val_loss: 0.0044
Epoch 15/20
173s - loss: 0.0038 - val_loss: 0.0047
Epoch 16/20
173s - loss: 0.0037 - val_loss: 0.0043
Epoch 00015: early stopping
31.01.2018 17:01:55 INFO    Starting theta 9/100: number 666 ([ 0.30761222  0.31321016])
Train on 900000 samples, validate on 100000 samples
Epoch 1/20
173s - loss: 4.4375e-04 - val_loss: 7.6630e-05
Epoch 2/20
173s - loss: 4.7911e-05 - val_loss: 3.2833e-05
Epoch 3/20
174s - loss: 3.2842e-05 - val_loss: 1.8724e-05
Epoch 4/20
174s - loss: 2.8055e-05 - val_loss: 2.4663e-05
Epoch 5/20
174s - loss: 2.4521e-05 - val_loss: 1.6658e-05
Epoch 6/20
174s - loss: 2.3011e-05 - val_loss: 1.3550e-05
Epoch 7/20
174s - loss: 2.2092e-05 - val_loss: 1.4928e-05
Epoch 8/20
174s - loss: 2.1074e-05 - val_loss: 1.9790e-05
Epoch 9/20
174s - loss: 2.0534e-05 - val_loss: 3.6732e-05
Epoch 10/20
174s - loss: 2.0466e-05 - val_loss: 2.0943e-05
Epoch 00009: early stopping
31.01.2018 17:38:44 INFO    Starting theta 10/100: number 802 ([ 0.57114539 -0.53482071])
Train on 899914 samples, validate on 99991 samples
Epoch 1/20
174s - loss: 0.0230 - val_loss: 0.0120
Epoch 2/20
173s - loss: 0.0077 - val_loss: 0.0094
Epoch 3/20
173s - loss: 0.0061 - val_loss: 0.0099
Epoch 4/20
173s - loss: 0.0054 - val_loss: 0.0063
Epoch 5/20
173s - loss: 0.0050 - val_loss: 0.0071
Epoch 6/20
173s - loss: 0.0047 - val_loss: 0.0068
Epoch 7/20
173s - loss: 0.0044 - val_loss: 0.0066
Epoch 8/20
173s - loss: 0.0043 - val_loss: 0.0053
Epoch 9/20
173s - loss: 0.0041 - val_loss: 0.0054
Epoch 10/20
173s - loss: 0.0040 - val_loss: 0.0053
Epoch 11/20
173s - loss: 0.0039 - val_loss: 0.0053
Epoch 12/20
173s - loss: 0.0037 - val_loss: 0.0047
Epoch 13/20
173s - loss: 0.0037 - val_loss: 0.0042
Epoch 14/20
173s - loss: 0.0036 - val_loss: 0.0049
Epoch 15/20
173s - loss: 0.0036 - val_loss: 0.0051
Epoch 16/20
173s - loss: 0.0035 - val_loss: 0.0041
Epoch 17/20
173s - loss: 0.0034 - val_loss: 0.0047
Epoch 18/20
173s - loss: 0.0034 - val_loss: 0.0059
Epoch 19/20
173s - loss: 0.0034 - val_loss: 0.0050
Epoch 20/20
175s - loss: 0.0034 - val_loss: 0.0042
Epoch 00019: early stopping
31.01.2018 18:44:33 INFO    Starting theta 11/100: number 675 ([ 0.32337198 -0.34480615])
Train on 899933 samples, validate on 99993 samples
Epoch 1/20
174s - loss: 0.0176 - val_loss: 0.0110
Epoch 2/20
176s - loss: 0.0060 - val_loss: 0.0090
Epoch 3/20
174s - loss: 0.0045 - val_loss: 0.0059
Epoch 4/20
174s - loss: 0.0039 - val_loss: 0.0063
Epoch 5/20
174s - loss: 0.0035 - val_loss: 0.0047
Epoch 6/20
177s - loss: 0.0033 - val_loss: 0.0053
Epoch 7/20
176s - loss: 0.0031 - val_loss: 0.0042
Epoch 8/20
177s - loss: 0.0030 - val_loss: 0.0037
Epoch 9/20
174s - loss: 0.0029 - val_loss: 0.0030
Epoch 10/20
174s - loss: 0.0028 - val_loss: 0.0032
Epoch 11/20
174s - loss: 0.0027 - val_loss: 0.0031
Epoch 12/20
174s - loss: 0.0026 - val_loss: 0.0046
Epoch 13/20
174s - loss: 0.0026 - val_loss: 0.0033
Epoch 00012: early stopping
31.01.2018 19:30:24 INFO    Starting theta 12/100: number 839 ([ 0.64589677  0.55027312])
Train on 900000 samples, validate on 100000 samples
Epoch 1/20
175s - loss: 6.9555e-04 - val_loss: 2.1973e-04
Epoch 2/20
174s - loss: 1.4488e-04 - val_loss: 1.0974e-04
Epoch 3/20
176s - loss: 1.0792e-04 - val_loss: 6.7212e-05
Epoch 4/20
175s - loss: 9.3483e-05 - val_loss: 6.0057e-05
Epoch 5/20
176s - loss: 8.5796e-05 - val_loss: 7.2772e-05
Epoch 6/20
179s - loss: 8.1587e-05 - val_loss: 6.7413e-05
Epoch 7/20
180s - loss: 7.8706e-05 - val_loss: 4.4625e-05
Epoch 8/20
176s - loss: 7.4694e-05 - val_loss: 9.0371e-05
Epoch 9/20
177s - loss: 7.3609e-05 - val_loss: 4.9632e-05
Epoch 10/20
176s - loss: 7.0461e-05 - val_loss: 5.1489e-05
Epoch 11/20
179s - loss: 6.7456e-05 - val_loss: 6.8455e-05
Epoch 00010: early stopping
31.01.2018 20:10:58 INFO    Starting theta 13/100: number 699 ([ 0.36795424  0.28437234])
Train on 900000 samples, validate on 100000 samples
Epoch 1/20
177s - loss: 7.5929e-04 - val_loss: 3.0460e-04
Epoch 2/20
174s - loss: 1.7949e-04 - val_loss: 1.5324e-04
Epoch 3/20
178s - loss: 1.3685e-04 - val_loss: 7.4136e-05
Epoch 4/20
178s - loss: 1.1428e-04 - val_loss: 2.1657e-04
Epoch 5/20
176s - loss: 1.0625e-04 - val_loss: 8.1044e-05
Epoch 6/20
176s - loss: 9.9464e-05 - val_loss: 6.7290e-05
Epoch 7/20
175s - loss: 9.5505e-05 - val_loss: 7.7271e-05
Epoch 8/20
175s - loss: 9.1856e-05 - val_loss: 1.1913e-04
Epoch 9/20
175s - loss: 8.9536e-05 - val_loss: 7.2751e-05
Epoch 10/20
175s - loss: 8.3822e-05 - val_loss: 9.0416e-05
Epoch 00009: early stopping
31.01.2018 20:48:18 INFO    Starting theta 14/100: number 820 ([ 0.60259509 -0.25412776])
Train on 899909 samples, validate on 99990 samples
Epoch 1/20
174s - loss: 0.0138 - val_loss: 0.0095
Epoch 2/20
174s - loss: 0.0052 - val_loss: 0.0053
Epoch 3/20
174s - loss: 0.0040 - val_loss: 0.0062
Epoch 4/20
174s - loss: 0.0035 - val_loss: 0.0043
Epoch 5/20
174s - loss: 0.0032 - val_loss: 0.0033
Epoch 6/20
175s - loss: 0.0030 - val_loss: 0.0034
Epoch 7/20
175s - loss: 0.0028 - val_loss: 0.0039
Epoch 8/20
175s - loss: 0.0027 - val_loss: 0.0043
Epoch 9/20
175s - loss: 0.0026 - val_loss: 0.0032
Epoch 10/20
175s - loss: 0.0026 - val_loss: 0.0030
Epoch 11/20
175s - loss: 0.0025 - val_loss: 0.0032
Epoch 12/20
174s - loss: 0.0024 - val_loss: 0.0030
Epoch 13/20
174s - loss: 0.0024 - val_loss: 0.0027
Epoch 14/20
174s - loss: 0.0023 - val_loss: 0.0027
Epoch 15/20
174s - loss: 0.0023 - val_loss: 0.0026
Epoch 16/20
174s - loss: 0.0023 - val_loss: 0.0026
Epoch 17/20
174s - loss: 0.0022 - val_loss: 0.0029
Epoch 18/20
174s - loss: 0.0022 - val_loss: 0.0026
Epoch 19/20
174s - loss: 0.0022 - val_loss: 0.0029
Epoch 00018: early stopping
31.01.2018 21:51:40 INFO    Starting theta 15/100: number 203 ([-0.61645122 -0.16986252])
Train on 898658 samples, validate on 99851 samples
Epoch 1/20
174s - loss: 0.0360 - val_loss: 0.0274
Epoch 2/20
175s - loss: 0.0122 - val_loss: 0.0227
Epoch 3/20
175s - loss: 0.0097 - val_loss: 0.0142
Epoch 4/20
175s - loss: 0.0084 - val_loss: 0.0205
Epoch 5/20
175s - loss: 0.0076 - val_loss: 0.0138
Epoch 6/20
176s - loss: 0.0071 - val_loss: 0.0149
Epoch 7/20
176s - loss: 0.0068 - val_loss: 0.0141
Epoch 8/20
175s - loss: 0.0064 - val_loss: 0.0091
Epoch 9/20
175s - loss: 0.0062 - val_loss: 0.0114
Epoch 10/20
175s - loss: 0.0060 - val_loss: 0.0110
Epoch 11/20
175s - loss: 0.0058 - val_loss: 0.0157
Epoch 12/20
175s - loss: 0.0057 - val_loss: 0.0121
Epoch 00011: early stopping
31.01.2018 22:35:02 INFO    Starting theta 16/100: number 291 ([-0.44794652 -0.29910012])
Train on 896874 samples, validate on 99653 samples
Epoch 1/20
180s - loss: 0.0313 - val_loss: 0.0240
Epoch 2/20
181s - loss: 0.0104 - val_loss: 0.0183
Epoch 3/20
180s - loss: 0.0083 - val_loss: 0.0123
Epoch 4/20
180s - loss: 0.0073 - val_loss: 0.0127
Epoch 5/20
179s - loss: 0.0067 - val_loss: 0.0108
Epoch 6/20
180s - loss: 0.0062 - val_loss: 0.0123
Epoch 7/20
180s - loss: 0.0059 - val_loss: 0.0097
Epoch 8/20
180s - loss: 0.0056 - val_loss: 0.0104
Epoch 9/20
180s - loss: 0.0054 - val_loss: 0.0129
Epoch 10/20
180s - loss: 0.0053 - val_loss: 0.0085
Epoch 11/20
180s - loss: 0.0050 - val_loss: 0.0095
Epoch 12/20
180s - loss: 0.0049 - val_loss: 0.0105
Epoch 13/20
180s - loss: 0.0048 - val_loss: 0.0095
Epoch 14/20
180s - loss: 0.0047 - val_loss: 0.0095
Epoch 00013: early stopping
31.01.2018 23:25:27 INFO    Starting theta 17/100: number 634 ([ 0.24693496 -0.77942393])
Train on 899945 samples, validate on 99994 samples
Epoch 1/20
177s - loss: 0.0319 - val_loss: 0.0171
Epoch 2/20
181s - loss: 0.0095 - val_loss: 0.0106
Epoch 3/20
180s - loss: 0.0076 - val_loss: 0.0119
Epoch 4/20
180s - loss: 0.0067 - val_loss: 0.0084
Epoch 5/20
179s - loss: 0.0061 - val_loss: 0.0090
Epoch 6/20
176s - loss: 0.0057 - val_loss: 0.0066
Epoch 7/20
176s - loss: 0.0054 - val_loss: 0.0068
Epoch 8/20
175s - loss: 0.0052 - val_loss: 0.0066
Epoch 9/20
175s - loss: 0.0049 - val_loss: 0.0068
Epoch 10/20
178s - loss: 0.0048 - val_loss: 0.0062
Epoch 11/20
176s - loss: 0.0047 - val_loss: 0.0059
Epoch 12/20
176s - loss: 0.0045 - val_loss: 0.0061
Epoch 13/20
178s - loss: 0.0045 - val_loss: 0.0052
Epoch 14/20
176s - loss: 0.0044 - val_loss: 0.0053
Epoch 15/20
176s - loss: 0.0043 - val_loss: 0.0059
Epoch 16/20
176s - loss: 0.0043 - val_loss: 0.0054
Epoch 17/20
176s - loss: 0.0042 - val_loss: 0.0072
Epoch 00016: early stopping
01.02.2018 00:23:57 INFO    Starting theta 18/100: number 371 ([-0.2996083   0.60243551])
Train on 899691 samples, validate on 99966 samples
Epoch 1/20
176s - loss: 0.0310 - val_loss: 0.0168
Epoch 2/20
175s - loss: 0.0100 - val_loss: 0.0106
Epoch 3/20
176s - loss: 0.0077 - val_loss: 0.0109
Epoch 4/20
176s - loss: 0.0067 - val_loss: 0.0116
Epoch 5/20
176s - loss: 0.0059 - val_loss: 0.0082
Epoch 6/20
175s - loss: 0.0056 - val_loss: 0.0074
Epoch 7/20
175s - loss: 0.0053 - val_loss: 0.0068
Epoch 8/20
176s - loss: 0.0050 - val_loss: 0.0072
Epoch 9/20
176s - loss: 0.0048 - val_loss: 0.0082
Epoch 10/20
176s - loss: 0.0046 - val_loss: 0.0063
Epoch 11/20
176s - loss: 0.0045 - val_loss: 0.0066
Epoch 12/20
176s - loss: 0.0044 - val_loss: 0.0060
Epoch 13/20
176s - loss: 0.0043 - val_loss: 0.0056
Epoch 14/20
176s - loss: 0.0042 - val_loss: 0.0064
Epoch 15/20
176s - loss: 0.0042 - val_loss: 0.0057
Epoch 16/20
176s - loss: 0.0041 - val_loss: 0.0068
Epoch 17/20
176s - loss: 0.0040 - val_loss: 0.0063
Epoch 00016: early stopping
01.02.2018 01:22:09 INFO    Starting theta 19/100: number 973 ([ 0.93200575 -0.74254176])
Train on 899946 samples, validate on 99995 samples
Epoch 1/20
176s - loss: 0.0302 - val_loss: 0.0186
Epoch 2/20
176s - loss: 0.0100 - val_loss: 0.0116
Epoch 3/20
176s - loss: 0.0081 - val_loss: 0.0104
Epoch 4/20
176s - loss: 0.0072 - val_loss: 0.0087
Epoch 5/20
176s - loss: 0.0066 - val_loss: 0.0081
Epoch 6/20
176s - loss: 0.0063 - val_loss: 0.0073
Epoch 7/20
176s - loss: 0.0061 - val_loss: 0.0075
Epoch 8/20
178s - loss: 0.0059 - val_loss: 0.0093
Epoch 9/20
176s - loss: 0.0057 - val_loss: 0.0084
Epoch 10/20
176s - loss: 0.0056 - val_loss: 0.0077
Epoch 00009: early stopping
01.02.2018 01:59:53 INFO    Starting theta 20/100: number 742 ([ 0.45658682 -0.71556256])
Train on 899913 samples, validate on 99991 samples
Epoch 1/20
176s - loss: 0.0295 - val_loss: 0.0152
Epoch 2/20
176s - loss: 0.0091 - val_loss: 0.0095
Epoch 3/20
176s - loss: 0.0072 - val_loss: 0.0073
Epoch 4/20
176s - loss: 0.0063 - val_loss: 0.0090
Epoch 5/20
176s - loss: 0.0058 - val_loss: 0.0087
Epoch 6/20
176s - loss: 0.0054 - val_loss: 0.0083
Epoch 7/20
176s - loss: 0.0052 - val_loss: 0.0077
Epoch 00006: early stopping
01.02.2018 02:28:50 INFO    Starting theta 21/100: number 901 ([ 0.76761916  0.18918917])
Train on 900000 samples, validate on 100000 samples
Epoch 1/20
176s - loss: 0.0044 - val_loss: 0.0013
Epoch 2/20
176s - loss: 0.0013 - val_loss: 9.8362e-04
Epoch 3/20
176s - loss: 0.0010 - val_loss: 6.6910e-04
Epoch 4/20
176s - loss: 9.2642e-04 - val_loss: 8.2088e-04
Epoch 5/20
176s - loss: 8.3497e-04 - val_loss: 5.5932e-04
Epoch 6/20
176s - loss: 7.8773e-04 - val_loss: 6.1003e-04
Epoch 7/20
176s - loss: 7.4237e-04 - val_loss: 6.7911e-04
Epoch 8/20
176s - loss: 7.1814e-04 - val_loss: 4.9089e-04
Epoch 9/20
176s - loss: 6.9368e-04 - val_loss: 5.2281e-04
Epoch 10/20
176s - loss: 6.7584e-04 - val_loss: 5.0383e-04
Epoch 11/20
176s - loss: 6.6987e-04 - val_loss: 7.3691e-04
Epoch 12/20
176s - loss: 6.5466e-04 - val_loss: 5.2157e-04
Epoch 00011: early stopping
01.02.2018 03:12:37 INFO    Starting theta 22/100: number 181 ([-0.67220747  0.99327244])
Train on 899864 samples, validate on 99985 samples
Epoch 1/20
176s - loss: 0.0501 - val_loss: 0.0236
Epoch 2/20
176s - loss: 0.0147 - val_loss: 0.0185
Epoch 3/20
176s - loss: 0.0115 - val_loss: 0.0147
Epoch 4/20
176s - loss: 0.0099 - val_loss: 0.0131
Epoch 5/20
171s - loss: 0.0090 - val_loss: 0.0135
Epoch 6/20
171s - loss: 0.0086 - val_loss: 0.0118
Epoch 7/20
170s - loss: 0.0081 - val_loss: 0.0087
Epoch 8/20
170s - loss: 0.0079 - val_loss: 0.0096
Epoch 9/20
170s - loss: 0.0076 - val_loss: 0.0099
Epoch 10/20
171s - loss: 0.0073 - val_loss: 0.0092
Epoch 11/20
170s - loss: 0.0072 - val_loss: 0.0116
Epoch 00010: early stopping
01.02.2018 03:52:33 INFO    Starting theta 23/100: number 82 ([-0.86582211  0.18873229])
Train on 899713 samples, validate on 99969 samples
Epoch 1/20
170s - loss: 0.0454 - val_loss: 0.0227
Epoch 2/20
170s - loss: 0.0143 - val_loss: 0.0199
Epoch 3/20
170s - loss: 0.0108 - val_loss: 0.0161
Epoch 4/20
170s - loss: 0.0094 - val_loss: 0.0156
Epoch 5/20
170s - loss: 0.0084 - val_loss: 0.0111
Epoch 6/20
170s - loss: 0.0078 - val_loss: 0.0103
Epoch 7/20
170s - loss: 0.0073 - val_loss: 0.0103
Epoch 8/20
170s - loss: 0.0070 - val_loss: 0.0090
Epoch 9/20
170s - loss: 0.0068 - val_loss: 0.0113
Epoch 10/20
170s - loss: 0.0065 - val_loss: 0.0091
Epoch 11/20
170s - loss: 0.0063 - val_loss: 0.0085
Epoch 12/20
170s - loss: 0.0061 - val_loss: 0.0092
Epoch 13/20
170s - loss: 0.0060 - val_loss: 0.0145
Epoch 14/20
170s - loss: 0.0059 - val_loss: 0.0086
Epoch 15/20
170s - loss: 0.0058 - val_loss: 0.0101
Epoch 00014: early stopping
01.02.2018 04:43:32 INFO    Starting theta 24/100: number 937 ([ 0.84175328  0.06646314])
Train on 900000 samples, validate on 100000 samples
Epoch 1/20
171s - loss: 0.0062 - val_loss: 0.0022
Epoch 2/20
171s - loss: 0.0021 - val_loss: 0.0013
Epoch 3/20
171s - loss: 0.0016 - val_loss: 0.0018
Epoch 4/20
171s - loss: 0.0015 - val_loss: 0.0015
Epoch 5/20
171s - loss: 0.0014 - val_loss: 0.0012
Epoch 6/20
171s - loss: 0.0013 - val_loss: 0.0012
Epoch 7/20
171s - loss: 0.0012 - val_loss: 0.0011
Epoch 8/20
171s - loss: 0.0012 - val_loss: 0.0010
Epoch 9/20
171s - loss: 0.0012 - val_loss: 0.0010
Epoch 10/20
171s - loss: 0.0012 - val_loss: 0.0012
Epoch 11/20
171s - loss: 0.0011 - val_loss: 0.0025
Epoch 12/20
171s - loss: 0.0011 - val_loss: 9.9075e-04
Epoch 13/20
171s - loss: 0.0011 - val_loss: 0.0013
Epoch 14/20
171s - loss: 0.0011 - val_loss: 0.0010
Epoch 15/20
171s - loss: 0.0011 - val_loss: 0.0011
Epoch 16/20
171s - loss: 0.0010 - val_loss: 9.3864e-04
Epoch 17/20
171s - loss: 0.0010 - val_loss: 8.2876e-04
Epoch 18/20
171s - loss: 0.0010 - val_loss: 0.0011
Epoch 19/20
171s - loss: 0.0010 - val_loss: 9.5042e-04
Epoch 20/20
171s - loss: 0.0010 - val_loss: 8.5820e-04
01.02.2018 05:48:58 INFO    Starting theta 25/100: number 510 ([-0.02257083 -0.17754257])
Train on 898319 samples, validate on 99814 samples
Epoch 1/20
171s - loss: 0.0171 - val_loss: 0.0126
Epoch 2/20
170s - loss: 0.0057 - val_loss: 0.0107
Epoch 3/20
170s - loss: 0.0044 - val_loss: 0.0080
Epoch 4/20
171s - loss: 0.0037 - val_loss: 0.0087
Epoch 5/20
171s - loss: 0.0032 - val_loss: 0.0054
Epoch 6/20
171s - loss: 0.0030 - val_loss: 0.0042
Epoch 7/20
171s - loss: 0.0027 - val_loss: 0.0043
Epoch 8/20
171s - loss: 0.0026 - val_loss: 0.0050
Epoch 9/20
171s - loss: 0.0025 - val_loss: 0.0042
Epoch 10/20
171s - loss: 0.0024 - val_loss: 0.0053
Epoch 11/20
171s - loss: 0.0023 - val_loss: 0.0031
Epoch 12/20
171s - loss: 0.0023 - val_loss: 0.0033
Epoch 13/20
171s - loss: 0.0022 - val_loss: 0.0039
Epoch 14/20
171s - loss: 0.0022 - val_loss: 0.0033
Epoch 15/20
171s - loss: 0.0022 - val_loss: 0.0032
Epoch 00014: early stopping
01.02.2018 06:40:11 INFO    Starting theta 26/100: number 919 ([ 0.80563564 -0.3828255 ])
Train on 899963 samples, validate on 99996 samples
Epoch 1/20
172s - loss: 0.0184 - val_loss: 0.0099
Epoch 2/20
171s - loss: 0.0067 - val_loss: 0.0069
Epoch 3/20
171s - loss: 0.0055 - val_loss: 0.0054
Epoch 4/20
171s - loss: 0.0048 - val_loss: 0.0050
Epoch 5/20
171s - loss: 0.0044 - val_loss: 0.0056
Epoch 6/20
171s - loss: 0.0041 - val_loss: 0.0050
Epoch 7/20
171s - loss: 0.0040 - val_loss: 0.0046
Epoch 8/20
171s - loss: 0.0038 - val_loss: 0.0043
Epoch 9/20
171s - loss: 0.0037 - val_loss: 0.0042
Epoch 10/20
171s - loss: 0.0036 - val_loss: 0.0044
Epoch 11/20
171s - loss: 0.0035 - val_loss: 0.0036
Epoch 12/20
171s - loss: 0.0034 - val_loss: 0.0041
Epoch 13/20
171s - loss: 0.0034 - val_loss: 0.0038
Epoch 14/20
171s - loss: 0.0034 - val_loss: 0.0041
Epoch 15/20
171s - loss: 0.0033 - val_loss: 0.0040
Epoch 00014: early stopping
01.02.2018 07:31:37 INFO    Starting theta 27/100: number 745 ([ 0.45758533  0.23764021])
Train on 900000 samples, validate on 100000 samples
Epoch 1/20
171s - loss: 0.0017 - val_loss: 6.1949e-04
Epoch 2/20
171s - loss: 4.9186e-04 - val_loss: 3.3255e-04
Epoch 3/20
171s - loss: 3.5572e-04 - val_loss: 2.3669e-04
Epoch 4/20
171s - loss: 3.1160e-04 - val_loss: 3.1463e-04
Epoch 5/20
171s - loss: 2.9099e-04 - val_loss: 2.6056e-04
Epoch 6/20
171s - loss: 2.7737e-04 - val_loss: 3.4921e-04
Epoch 7/20
171s - loss: 2.4976e-04 - val_loss: 3.1750e-04
Epoch 00006: early stopping
01.02.2018 08:00:11 INFO    Starting theta 28/100: number 588 ([ 0.14532057 -0.99903057])
Train on 899808 samples, validate on 99979 samples
Epoch 1/20
171s - loss: 0.0375 - val_loss: 0.0191
Epoch 2/20
171s - loss: 0.0111 - val_loss: 0.0119
Epoch 3/20
171s - loss: 0.0088 - val_loss: 0.0126
Epoch 4/20
171s - loss: 0.0077 - val_loss: 0.0104
Epoch 5/20
171s - loss: 0.0071 - val_loss: 0.0087
Epoch 6/20
171s - loss: 0.0067 - val_loss: 0.0089
Epoch 7/20
171s - loss: 0.0064 - val_loss: 0.0072
Epoch 8/20
171s - loss: 0.0061 - val_loss: 0.0092
Epoch 9/20
171s - loss: 0.0059 - val_loss: 0.0114
Epoch 10/20
171s - loss: 0.0058 - val_loss: 0.0097
Epoch 11/20
171s - loss: 0.0056 - val_loss: 0.0073
Epoch 00010: early stopping
01.02.2018 08:40:13 INFO    Starting theta 29/100: number 804 ([ 0.57747224  0.07115072])
Train on 900000 samples, validate on 100000 samples
Epoch 1/20
172s - loss: 0.0046 - val_loss: 0.0017
Epoch 2/20
172s - loss: 0.0015 - val_loss: 0.0022
Epoch 3/20
171s - loss: 0.0012 - val_loss: 8.1698e-04
Epoch 4/20
171s - loss: 0.0010 - val_loss: 8.0633e-04
Epoch 5/20
171s - loss: 9.1309e-04 - val_loss: 7.9331e-04
Epoch 6/20
171s - loss: 8.6549e-04 - val_loss: 7.8744e-04
Epoch 7/20
171s - loss: 8.1541e-04 - val_loss: 8.0164e-04
Epoch 8/20
171s - loss: 7.7998e-04 - val_loss: 7.7174e-04
Epoch 9/20
172s - loss: 7.6325e-04 - val_loss: 6.2799e-04
Epoch 10/20
173s - loss: 7.2498e-04 - val_loss: 9.1926e-04
Epoch 11/20
173s - loss: 7.1884e-04 - val_loss: 6.0111e-04
Epoch 12/20
172s - loss: 6.9775e-04 - val_loss: 5.3567e-04
Epoch 13/20
172s - loss: 6.8926e-04 - val_loss: 7.4743e-04
Epoch 14/20
172s - loss: 6.7443e-04 - val_loss: 6.8505e-04
Epoch 15/20
173s - loss: 6.7693e-04 - val_loss: 7.7123e-04
Epoch 16/20
178s - loss: 6.5886e-04 - val_loss: 5.6563e-04
Epoch 00015: early stopping
01.02.2018 09:35:07 INFO    Starting theta 30/100: number 963 ([ 0.90819175 -0.62237577])
Train on 899936 samples, validate on 99993 samples
Epoch 1/20
172s - loss: 0.0256 - val_loss: 0.0139
Epoch 2/20
172s - loss: 0.0090 - val_loss: 0.0123
Epoch 3/20
172s - loss: 0.0073 - val_loss: 0.0082
Epoch 4/20
172s - loss: 0.0065 - val_loss: 0.0079
Epoch 5/20
172s - loss: 0.0060 - val_loss: 0.0079
Epoch 6/20
175s - loss: 0.0057 - val_loss: 0.0070
Epoch 7/20
172s - loss: 0.0055 - val_loss: 0.0065
Epoch 8/20
172s - loss: 0.0053 - val_loss: 0.0072
Epoch 9/20
177s - loss: 0.0052 - val_loss: 0.0084
Epoch 10/20
177s - loss: 0.0050 - val_loss: 0.0054
Epoch 11/20
176s - loss: 0.0050 - val_loss: 0.0062
Epoch 12/20
172s - loss: 0.0048 - val_loss: 0.0056
Epoch 13/20
174s - loss: 0.0048 - val_loss: 0.0056
Epoch 14/20
179s - loss: 0.0047 - val_loss: 0.0056
Epoch 00013: early stopping
01.02.2018 10:24:31 INFO    Starting theta 31/100: number 396 ([-0.24354882  0.89907487])
Train on 899785 samples, validate on 99977 samples
Epoch 1/20
172s - loss: 0.0310 - val_loss: 0.0146
Epoch 2/20
172s - loss: 0.0098 - val_loss: 0.0112
Epoch 3/20
176s - loss: 0.0076 - val_loss: 0.0093
Epoch 4/20
180s - loss: 0.0067 - val_loss: 0.0090
Epoch 5/20
180s - loss: 0.0062 - val_loss: 0.0074
Epoch 6/20
180s - loss: 0.0058 - val_loss: 0.0083
Epoch 7/20
181s - loss: 0.0055 - val_loss: 0.0082
Epoch 8/20
180s - loss: 0.0052 - val_loss: 0.0073
Epoch 9/20
180s - loss: 0.0051 - val_loss: 0.0057
Epoch 10/20
180s - loss: 0.0049 - val_loss: 0.0063
Epoch 11/20
181s - loss: 0.0048 - val_loss: 0.0065
Epoch 12/20
181s - loss: 0.0047 - val_loss: 0.0061
Epoch 13/20
181s - loss: 0.0047 - val_loss: 0.0074
Epoch 00012: early stopping
01.02.2018 11:12:27 INFO    Starting theta 32/100: number 62 ([-0.91016569  0.09832916])
Train on 899641 samples, validate on 99961 samples
Epoch 1/20
181s - loss: 0.0454 - val_loss: 0.0317
Epoch 2/20
181s - loss: 0.0139 - val_loss: 0.0163
Epoch 3/20
181s - loss: 0.0106 - val_loss: 0.0143
Epoch 4/20
182s - loss: 0.0091 - val_loss: 0.0132
Epoch 5/20
182s - loss: 0.0084 - val_loss: 0.0143
Epoch 6/20
181s - loss: 0.0077 - val_loss: 0.0103
Epoch 7/20
181s - loss: 0.0073 - val_loss: 0.0104
Epoch 8/20
181s - loss: 0.0070 - val_loss: 0.0108
Epoch 9/20
180s - loss: 0.0068 - val_loss: 0.0106
Epoch 10/20
181s - loss: 0.0065 - val_loss: 0.0090
Epoch 11/20
182s - loss: 0.0063 - val_loss: 0.0122
Epoch 12/20
182s - loss: 0.0062 - val_loss: 0.0095
Epoch 13/20
177s - loss: 0.0060 - val_loss: 0.0083
Epoch 14/20
173s - loss: 0.0059 - val_loss: 0.0083
Epoch 15/20
173s - loss: 0.0058 - val_loss: 0.0099
Epoch 16/20
173s - loss: 0.0057 - val_loss: 0.0082
Epoch 17/20
177s - loss: 0.0056 - val_loss: 0.0079
Epoch 18/20
176s - loss: 0.0055 - val_loss: 0.0080
Epoch 19/20
178s - loss: 0.0055 - val_loss: 0.0079
Epoch 20/20
172s - loss: 0.0054 - val_loss: 0.0079
01.02.2018 12:21:01 INFO    Starting theta 33/100: number 401 ([-0.23817276  0.51270026])
Train on 899593 samples, validate on 99955 samples
Epoch 1/20
173s - loss: 0.0262 - val_loss: 0.0133
Epoch 2/20
173s - loss: 0.0084 - val_loss: 0.0120
Epoch 3/20
173s - loss: 0.0066 - val_loss: 0.0091
Epoch 4/20
173s - loss: 0.0057 - val_loss: 0.0104
Epoch 5/20
172s - loss: 0.0052 - val_loss: 0.0078
Epoch 6/20
173s - loss: 0.0049 - val_loss: 0.0065
Epoch 7/20
173s - loss: 0.0045 - val_loss: 0.0064
Epoch 8/20
176s - loss: 0.0043 - val_loss: 0.0071
Epoch 9/20
179s - loss: 0.0042 - val_loss: 0.0056
Epoch 10/20
179s - loss: 0.0040 - val_loss: 0.0056
Epoch 11/20
179s - loss: 0.0039 - val_loss: 0.0052
Epoch 12/20
179s - loss: 0.0038 - val_loss: 0.0061
Epoch 13/20
179s - loss: 0.0037 - val_loss: 0.0053
Epoch 14/20
179s - loss: 0.0036 - val_loss: 0.0056
Epoch 15/20
179s - loss: 0.0036 - val_loss: 0.0054
Epoch 00014: early stopping
01.02.2018 13:14:12 INFO    Starting theta 34/100: number 925 ([ 0.81840142 -0.15652572])
Train on 899954 samples, validate on 99995 samples
Epoch 1/20
180s - loss: 0.0119 - val_loss: 0.0070
Epoch 2/20
183s - loss: 0.0044 - val_loss: 0.0048
Epoch 3/20
189s - loss: 0.0036 - val_loss: 0.0034
Epoch 4/20
190s - loss: 0.0031 - val_loss: 0.0037
Epoch 5/20
190s - loss: 0.0028 - val_loss: 0.0033
Epoch 6/20
191s - loss: 0.0027 - val_loss: 0.0038
Epoch 7/20
192s - loss: 0.0026 - val_loss: 0.0030
Epoch 8/20
190s - loss: 0.0025 - val_loss: 0.0029
Epoch 9/20
190s - loss: 0.0024 - val_loss: 0.0028
Epoch 10/20
190s - loss: 0.0024 - val_loss: 0.0028
Epoch 11/20
188s - loss: 0.0023 - val_loss: 0.0024
Epoch 12/20
188s - loss: 0.0022 - val_loss: 0.0024
Epoch 13/20
188s - loss: 0.0022 - val_loss: 0.0031
Epoch 14/20
188s - loss: 0.0022 - val_loss: 0.0030
Epoch 15/20
188s - loss: 0.0021 - val_loss: 0.0040
Epoch 16/20
187s - loss: 0.0021 - val_loss: 0.0027
Epoch 00015: early stopping
01.02.2018 14:13:56 INFO    Starting theta 35/100: number 874 ([ 0.70345114 -0.82047772])
Train on 899951 samples, validate on 99995 samples
Epoch 1/20
192s - loss: 0.0321 - val_loss: 0.0184
Epoch 2/20
192s - loss: 0.0103 - val_loss: 0.0108
Epoch 3/20
189s - loss: 0.0083 - val_loss: 0.0099
Epoch 4/20
188s - loss: 0.0073 - val_loss: 0.0084
Epoch 5/20
187s - loss: 0.0068 - val_loss: 0.0093
Epoch 6/20
187s - loss: 0.0065 - val_loss: 0.0085
Epoch 7/20
188s - loss: 0.0062 - val_loss: 0.0076
Epoch 8/20
188s - loss: 0.0061 - val_loss: 0.0073
Epoch 9/20
187s - loss: 0.0059 - val_loss: 0.0066
Epoch 10/20
188s - loss: 0.0058 - val_loss: 0.0074
Epoch 11/20
188s - loss: 0.0056 - val_loss: 0.0070
Epoch 12/20
188s - loss: 0.0055 - val_loss: 0.0080
Epoch 13/20
188s - loss: 0.0054 - val_loss: 0.0077
Epoch 00012: early stopping
01.02.2018 15:04:19 INFO    Starting theta 36/100: number 770 ([ 0.51044067 -0.52312918])
Train on 899931 samples, validate on 99993 samples
Epoch 1/20
188s - loss: 0.0238 - val_loss: 0.0126
Epoch 2/20
188s - loss: 0.0077 - val_loss: 0.0097
Epoch 3/20
186s - loss: 0.0060 - val_loss: 0.0063
Epoch 4/20
186s - loss: 0.0052 - val_loss: 0.0064
Epoch 5/20
186s - loss: 0.0048 - val_loss: 0.0063
Epoch 6/20
186s - loss: 0.0045 - val_loss: 0.0052
Epoch 7/20
186s - loss: 0.0042 - val_loss: 0.0048
Epoch 8/20
187s - loss: 0.0041 - val_loss: 0.0044
Epoch 9/20
187s - loss: 0.0039 - val_loss: 0.0061
Epoch 10/20
186s - loss: 0.0038 - val_loss: 0.0049
Epoch 11/20
186s - loss: 0.0037 - val_loss: 0.0055
Epoch 12/20
186s - loss: 0.0037 - val_loss: 0.0053
Epoch 00011: early stopping
01.02.2018 15:51:15 INFO    Starting theta 37/100: number 108 ([-0.81715907  0.17467073])
Train on 899679 samples, validate on 99965 samples
Epoch 1/20
186s - loss: 0.0432 - val_loss: 0.0276
Epoch 2/20
186s - loss: 0.0130 - val_loss: 0.0204
Epoch 3/20
186s - loss: 0.0100 - val_loss: 0.0123
Epoch 4/20
186s - loss: 0.0087 - val_loss: 0.0129
Epoch 5/20
186s - loss: 0.0079 - val_loss: 0.0114
Epoch 6/20
186s - loss: 0.0073 - val_loss: 0.0096
Epoch 7/20
186s - loss: 0.0069 - val_loss: 0.0102
Epoch 8/20
186s - loss: 0.0066 - val_loss: 0.0110
Epoch 9/20
186s - loss: 0.0064 - val_loss: 0.0100
Epoch 10/20
186s - loss: 0.0062 - val_loss: 0.0085
Epoch 11/20
186s - loss: 0.0060 - val_loss: 0.0097
Epoch 12/20
186s - loss: 0.0058 - val_loss: 0.0083
Epoch 13/20
186s - loss: 0.0056 - val_loss: 0.0108
Epoch 14/20
186s - loss: 0.0055 - val_loss: 0.0077
Epoch 15/20
186s - loss: 0.0055 - val_loss: 0.0091
Epoch 16/20
186s - loss: 0.0054 - val_loss: 0.0078
Epoch 17/20
186s - loss: 0.0052 - val_loss: 0.0076
Epoch 18/20
186s - loss: 0.0052 - val_loss: 0.0073
Epoch 19/20
186s - loss: 0.0051 - val_loss: 0.0074
Epoch 20/20
186s - loss: 0.0050 - val_loss: 0.0090
01.02.2018 17:03:02 INFO    Starting theta 38/100: number 179 ([-0.67350217  0.25822043])
Train on 899707 samples, validate on 99968 samples
Epoch 1/20
187s - loss: 0.0400 - val_loss: 0.0214
Epoch 2/20
186s - loss: 0.0121 - val_loss: 0.0146
Epoch 3/20
187s - loss: 0.0093 - val_loss: 0.0158
Epoch 4/20
187s - loss: 0.0081 - val_loss: 0.0101
Epoch 5/20
187s - loss: 0.0074 - val_loss: 0.0093
Epoch 6/20
186s - loss: 0.0069 - val_loss: 0.0110
Epoch 7/20
186s - loss: 0.0066 - val_loss: 0.0087
Epoch 8/20
187s - loss: 0.0063 - val_loss: 0.0085
Epoch 9/20
186s - loss: 0.0060 - val_loss: 0.0115
Epoch 10/20
185s - loss: 0.0059 - val_loss: 0.0111
Epoch 11/20
185s - loss: 0.0057 - val_loss: 0.0087
Epoch 12/20
185s - loss: 0.0055 - val_loss: 0.0104
Epoch 00011: early stopping
01.02.2018 17:49:59 INFO    Starting theta 39/100: number 669 ([ 0.31134279 -0.91513634])
Train on 899947 samples, validate on 99995 samples
Epoch 1/20
186s - loss: 0.0345 - val_loss: 0.0175
Epoch 2/20
187s - loss: 0.0102 - val_loss: 0.0110
Epoch 3/20
190s - loss: 0.0081 - val_loss: 0.0097
Epoch 4/20
190s - loss: 0.0071 - val_loss: 0.0091
Epoch 5/20
191s - loss: 0.0065 - val_loss: 0.0116
Epoch 6/20
191s - loss: 0.0061 - val_loss: 0.0075
Epoch 7/20
191s - loss: 0.0059 - val_loss: 0.0085
Epoch 8/20
190s - loss: 0.0057 - val_loss: 0.0074
Epoch 9/20
190s - loss: 0.0055 - val_loss: 0.0067
Epoch 10/20
191s - loss: 0.0054 - val_loss: 0.0092
Epoch 11/20
191s - loss: 0.0052 - val_loss: 0.0068
Epoch 12/20
190s - loss: 0.0051 - val_loss: 0.0071
Epoch 13/20
190s - loss: 0.0050 - val_loss: 0.0061
Epoch 14/20
190s - loss: 0.0049 - val_loss: 0.0071
Epoch 15/20
190s - loss: 0.0049 - val_loss: 0.0066
Epoch 16/20
190s - loss: 0.0049 - val_loss: 0.0070
Epoch 17/20
190s - loss: 0.0048 - val_loss: 0.0056
Epoch 18/20
190s - loss: 0.0047 - val_loss: 0.0098
Epoch 19/20
190s - loss: 0.0047 - val_loss: 0.0069
Epoch 20/20
190s - loss: 0.0046 - val_loss: 0.0064
01.02.2018 19:03:15 INFO    Starting theta 40/100: number 758 ([ 0.48555393  0.60272842])
Train on 900000 samples, validate on 100000 samples
Epoch 1/20
191s - loss: 6.0480e-04 - val_loss: 1.0614e-04
Epoch 2/20
191s - loss: 1.0248e-04 - val_loss: 7.5126e-05
Epoch 3/20
191s - loss: 7.5748e-05 - val_loss: 4.1665e-05
Epoch 4/20
191s - loss: 6.0445e-05 - val_loss: 3.8413e-05
Epoch 5/20
191s - loss: 5.4445e-05 - val_loss: 3.9333e-05
Epoch 6/20
190s - loss: 5.1746e-05 - val_loss: 5.2808e-05
Epoch 7/20
191s - loss: 4.7592e-05 - val_loss: 4.1737e-05
Epoch 8/20
190s - loss: 4.6171e-05 - val_loss: 4.3681e-05
Epoch 00007: early stopping
01.02.2018 19:38:39 INFO    Starting theta 41/100: number 113 ([-0.81090693 -0.35089443])
Train on 898508 samples, validate on 99835 samples
Epoch 1/20
191s - loss: 0.0464 - val_loss: 0.0350
Epoch 2/20
188s - loss: 0.0148 - val_loss: 0.0278
Epoch 3/20
190s - loss: 0.0117 - val_loss: 0.0287
Epoch 4/20
190s - loss: 0.0103 - val_loss: 0.0181
Epoch 5/20
189s - loss: 0.0092 - val_loss: 0.0188
Epoch 6/20
189s - loss: 0.0086 - val_loss: 0.0168
Epoch 7/20
189s - loss: 0.0080 - val_loss: 0.0191
Epoch 8/20
189s - loss: 0.0076 - val_loss: 0.0154
Epoch 9/20
189s - loss: 0.0073 - val_loss: 0.0140
Epoch 10/20
189s - loss: 0.0071 - val_loss: 0.0135
Epoch 11/20
189s - loss: 0.0068 - val_loss: 0.0130
Epoch 12/20
189s - loss: 0.0067 - val_loss: 0.0115
Epoch 13/20
189s - loss: 0.0065 - val_loss: 0.0108
Epoch 14/20
189s - loss: 0.0064 - val_loss: 0.0132
Epoch 15/20
186s - loss: 0.0061 - val_loss: 0.0104
Epoch 16/20
189s - loss: 0.0061 - val_loss: 0.0112
Epoch 17/20
189s - loss: 0.0060 - val_loss: 0.0114
Epoch 18/20
189s - loss: 0.0059 - val_loss: 0.0092
Epoch 19/20
189s - loss: 0.0059 - val_loss: 0.0095
Epoch 20/20
189s - loss: 0.0057 - val_loss: 0.0112
01.02.2018 20:51:39 INFO    Starting theta 42/100: number 587 ([ 0.14343539 -0.40035765])
Train on 899819 samples, validate on 99980 samples
Epoch 1/20
191s - loss: 0.0206 - val_loss: 0.0105
Epoch 2/20
190s - loss: 0.0064 - val_loss: 0.0093
Epoch 3/20
190s - loss: 0.0050 - val_loss: 0.0076
Epoch 4/20
189s - loss: 0.0044 - val_loss: 0.0063
Epoch 5/20
190s - loss: 0.0039 - val_loss: 0.0071
Epoch 6/20
189s - loss: 0.0036 - val_loss: 0.0051
Epoch 7/20
187s - loss: 0.0035 - val_loss: 0.0050
Epoch 8/20
187s - loss: 0.0033 - val_loss: 0.0044
Epoch 9/20
187s - loss: 0.0031 - val_loss: 0.0039
Epoch 10/20
188s - loss: 0.0031 - val_loss: 0.0053
Epoch 11/20
188s - loss: 0.0030 - val_loss: 0.0052
Epoch 12/20
187s - loss: 0.0029 - val_loss: 0.0042
Epoch 13/20
188s - loss: 0.0029 - val_loss: 0.0044
Epoch 00012: early stopping
01.02.2018 21:42:30 INFO    Starting theta 43/100: number 600 ([ 0.16780437 -0.66065983])
Train on 899891 samples, validate on 99988 samples
Epoch 1/20
189s - loss: 0.0270 - val_loss: 0.0147
Epoch 2/20
188s - loss: 0.0085 - val_loss: 0.0115
Epoch 3/20
188s - loss: 0.0068 - val_loss: 0.0077
Epoch 4/20
187s - loss: 0.0059 - val_loss: 0.0088
Epoch 5/20
188s - loss: 0.0054 - val_loss: 0.0077
Epoch 6/20
190s - loss: 0.0050 - val_loss: 0.0077
Epoch 7/20
189s - loss: 0.0047 - val_loss: 0.0053
Epoch 8/20
190s - loss: 0.0046 - val_loss: 0.0053
Epoch 9/20
189s - loss: 0.0044 - val_loss: 0.0047
Epoch 10/20
189s - loss: 0.0043 - val_loss: 0.0059
Epoch 11/20
189s - loss: 0.0041 - val_loss: 0.0060
Epoch 12/20
192s - loss: 0.0041 - val_loss: 0.0062
Epoch 13/20
192s - loss: 0.0039 - val_loss: 0.0069
Epoch 00012: early stopping
01.02.2018 22:33:35 INFO    Starting theta 44/100: number 975 ([ 0.93334999 -0.05006023])
Train on 899785 samples, validate on 99977 samples
Epoch 1/20
193s - loss: 0.0092 - val_loss: 0.0047
Epoch 2/20
193s - loss: 0.0033 - val_loss: 0.0056
Epoch 3/20
193s - loss: 0.0027 - val_loss: 0.0034
Epoch 4/20
193s - loss: 0.0024 - val_loss: 0.0027
Epoch 5/20
193s - loss: 0.0022 - val_loss: 0.0030
Epoch 6/20
193s - loss: 0.0021 - val_loss: 0.0025
Epoch 7/20
193s - loss: 0.0020 - val_loss: 0.0027
Epoch 8/20
192s - loss: 0.0019 - val_loss: 0.0023
Epoch 9/20
192s - loss: 0.0019 - val_loss: 0.0027
Epoch 10/20
192s - loss: 0.0018 - val_loss: 0.0019
Epoch 11/20
192s - loss: 0.0018 - val_loss: 0.0024
Epoch 12/20
192s - loss: 0.0018 - val_loss: 0.0021
Epoch 13/20
192s - loss: 0.0018 - val_loss: 0.0018
Epoch 14/20
192s - loss: 0.0017 - val_loss: 0.0023
Epoch 15/20
192s - loss: 0.0017 - val_loss: 0.0017
Epoch 16/20
192s - loss: 0.0017 - val_loss: 0.0021
Epoch 17/20
192s - loss: 0.0017 - val_loss: 0.0017
Epoch 18/20
192s - loss: 0.0016 - val_loss: 0.0020
Epoch 19/20
192s - loss: 0.0016 - val_loss: 0.0017
Epoch 20/20
192s - loss: 0.0016 - val_loss: 0.0021
01.02.2018 23:47:53 INFO    Starting theta 45/100: number 496 ([-0.05130633 -0.92036265])
Train on 899810 samples, validate on 99979 samples
Epoch 1/20
194s - loss: 0.0364 - val_loss: 0.0196
Epoch 2/20
193s - loss: 0.0108 - val_loss: 0.0135
Epoch 3/20
193s - loss: 0.0086 - val_loss: 0.0113
Epoch 4/20
193s - loss: 0.0074 - val_loss: 0.0100
Epoch 5/20
193s - loss: 0.0068 - val_loss: 0.0096
Epoch 6/20
193s - loss: 0.0064 - val_loss: 0.0104
Epoch 7/20
193s - loss: 0.0060 - val_loss: 0.0083
Epoch 8/20
193s - loss: 0.0058 - val_loss: 0.0098
Epoch 9/20
193s - loss: 0.0055 - val_loss: 0.0087
Epoch 10/20
193s - loss: 0.0054 - val_loss: 0.0076
Epoch 11/20
193s - loss: 0.0052 - val_loss: 0.0078
Epoch 12/20
193s - loss: 0.0052 - val_loss: 0.0073
Epoch 13/20
193s - loss: 0.0050 - val_loss: 0.0095
Epoch 14/20
193s - loss: 0.0049 - val_loss: 0.0069
Epoch 15/20
193s - loss: 0.0049 - val_loss: 0.0073
Epoch 16/20
193s - loss: 0.0048 - val_loss: 0.0107
Epoch 17/20
193s - loss: 0.0047 - val_loss: 0.0071
Epoch 18/20
193s - loss: 0.0047 - val_loss: 0.0071
Epoch 00017: early stopping
02.02.2018 00:56:01 INFO    Starting theta 46/100: number 66 ([-0.89913448 -0.075021  ])
Train on 899395 samples, validate on 99933 samples
Epoch 1/20
194s - loss: 0.0463 - val_loss: 0.0323
Epoch 2/20
193s - loss: 0.0145 - val_loss: 0.0212
Epoch 3/20
193s - loss: 0.0112 - val_loss: 0.0164
Epoch 4/20
193s - loss: 0.0096 - val_loss: 0.0133
Epoch 5/20
193s - loss: 0.0086 - val_loss: 0.0136
Epoch 6/20
193s - loss: 0.0081 - val_loss: 0.0098
Epoch 7/20
193s - loss: 0.0077 - val_loss: 0.0111
Epoch 8/20
193s - loss: 0.0073 - val_loss: 0.0107
Epoch 9/20
193s - loss: 0.0071 - val_loss: 0.0109
Epoch 10/20
193s - loss: 0.0068 - val_loss: 0.0102
Epoch 00009: early stopping
02.02.2018 01:38:26 INFO    Starting theta 47/100: number 467 ([-0.09097912  0.32569428])
Train on 898786 samples, validate on 99866 samples
Epoch 1/20
194s - loss: 0.0145 - val_loss: 0.0108
Epoch 2/20
193s - loss: 0.0054 - val_loss: 0.0067
Epoch 3/20
193s - loss: 0.0041 - val_loss: 0.0054
Epoch 4/20
193s - loss: 0.0035 - val_loss: 0.0063
Epoch 5/20
193s - loss: 0.0033 - val_loss: 0.0054
Epoch 6/20
194s - loss: 0.0031 - val_loss: 0.0045
Epoch 7/20
194s - loss: 0.0030 - val_loss: 0.0048
Epoch 8/20
193s - loss: 0.0028 - val_loss: 0.0042
Epoch 9/20
193s - loss: 0.0026 - val_loss: 0.0041
Epoch 10/20
193s - loss: 0.0027 - val_loss: 0.0049
Epoch 11/20
193s - loss: 0.0025 - val_loss: 0.0053
Epoch 12/20
193s - loss: 0.0024 - val_loss: 0.0042
Epoch 13/20
193s - loss: 0.0025 - val_loss: 0.0038
Epoch 14/20
193s - loss: 0.0024 - val_loss: 0.0058
Epoch 15/20
193s - loss: 0.0023 - val_loss: 0.0043
Epoch 16/20
192s - loss: 0.0023 - val_loss: 0.0047
Epoch 17/20
189s - loss: 0.0023 - val_loss: 0.0048
Epoch 00016: early stopping
02.02.2018 02:43:18 INFO    Starting theta 48/100: number 412 ([-0.21229369  0.15277015])
Train on 898939 samples, validate on 99883 samples
Epoch 1/20
184s - loss: 0.0190 - val_loss: 0.0134
Epoch 2/20
184s - loss: 0.0070 - val_loss: 0.0179
Epoch 3/20
179s - loss: 0.0054 - val_loss: 0.0095
Epoch 4/20
176s - loss: 0.0047 - val_loss: 0.0081
Epoch 5/20
175s - loss: 0.0042 - val_loss: 0.0067
Epoch 6/20
176s - loss: 0.0039 - val_loss: 0.0075
Epoch 7/20
176s - loss: 0.0037 - val_loss: 0.0074
Epoch 8/20
176s - loss: 0.0035 - val_loss: 0.0059
Epoch 9/20
176s - loss: 0.0033 - val_loss: 0.0055
Epoch 10/20
176s - loss: 0.0033 - val_loss: 0.0057
Epoch 11/20
176s - loss: 0.0031 - val_loss: 0.0057
Epoch 12/20
176s - loss: 0.0031 - val_loss: 0.0052
Epoch 13/20
176s - loss: 0.0029 - val_loss: 0.0055
Epoch 14/20
176s - loss: 0.0029 - val_loss: 0.0048
Epoch 15/20
176s - loss: 0.0028 - val_loss: 0.0050
Epoch 16/20
176s - loss: 0.0028 - val_loss: 0.0052
Epoch 17/20
176s - loss: 0.0028 - val_loss: 0.0043
Epoch 18/20
176s - loss: 0.0027 - val_loss: 0.0051
Epoch 19/20
176s - loss: 0.0026 - val_loss: 0.0042
Epoch 20/20
176s - loss: 0.0026 - val_loss: 0.0045
02.02.2018 03:52:03 INFO    Starting theta 49/100: number 701 ([ 0.37293732  0.80702849])
Train on 899995 samples, validate on 100000 samples
Epoch 1/20
177s - loss: 0.0047 - val_loss: 0.0018
Epoch 2/20
176s - loss: 0.0018 - val_loss: 0.0013
Epoch 3/20
176s - loss: 0.0014 - val_loss: 0.0012
Epoch 4/20
176s - loss: 0.0012 - val_loss: 0.0012
Epoch 5/20
176s - loss: 0.0011 - val_loss: 0.0016
Epoch 6/20
176s - loss: 0.0010 - val_loss: 9.6470e-04
Epoch 7/20
176s - loss: 0.0010 - val_loss: 0.0025
Epoch 8/20
176s - loss: 9.7760e-04 - val_loss: 7.6275e-04
Epoch 9/20
176s - loss: 9.6394e-04 - val_loss: 7.0544e-04
Epoch 10/20
176s - loss: 9.0595e-04 - val_loss: 0.0019
Epoch 11/20
176s - loss: 8.9069e-04 - val_loss: 8.4322e-04
Epoch 12/20
176s - loss: 8.6664e-04 - val_loss: 0.0011
Epoch 13/20
176s - loss: 8.3663e-04 - val_loss: 8.5044e-04
Epoch 00012: early stopping
02.02.2018 04:40:08 INFO    Starting theta 50/100: number 986 ([ 0.95088094  0.05214484])
Train on 900000 samples, validate on 100000 samples
Epoch 1/20
177s - loss: 0.0075 - val_loss: 0.0024
Epoch 2/20
176s - loss: 0.0025 - val_loss: 0.0025
Epoch 3/20
176s - loss: 0.0020 - val_loss: 0.0019
Epoch 4/20
176s - loss: 0.0018 - val_loss: 0.0014
Epoch 5/20
176s - loss: 0.0017 - val_loss: 0.0014
Epoch 6/20
176s - loss: 0.0016 - val_loss: 0.0014
Epoch 7/20
176s - loss: 0.0015 - val_loss: 0.0012
Epoch 8/20
176s - loss: 0.0015 - val_loss: 0.0014
Epoch 9/20
176s - loss: 0.0015 - val_loss: 0.0016
Epoch 10/20
176s - loss: 0.0014 - val_loss: 0.0017
Epoch 11/20
176s - loss: 0.0014 - val_loss: 0.0013
Epoch 00010: early stopping
02.02.2018 05:22:22 INFO    Starting theta 51/100: number 598 ([ 0.16578311 -0.09655258])
Train on 899656 samples, validate on 99962 samples
Epoch 1/20
177s - loss: 0.0074 - val_loss: 0.0052
Epoch 2/20
176s - loss: 0.0025 - val_loss: 0.0026
Epoch 3/20
176s - loss: 0.0019 - val_loss: 0.0024
Epoch 4/20
176s - loss: 0.0016 - val_loss: 0.0020
Epoch 5/20
176s - loss: 0.0015 - val_loss: 0.0018
Epoch 6/20
176s - loss: 0.0014 - val_loss: 0.0014
Epoch 7/20
176s - loss: 0.0013 - val_loss: 0.0015
Epoch 8/20
176s - loss: 0.0012 - val_loss: 0.0018
Epoch 9/20
176s - loss: 0.0012 - val_loss: 0.0016
Epoch 10/20
176s - loss: 0.0011 - val_loss: 0.0014
Epoch 00009: early stopping
02.02.2018 06:01:43 INFO    Starting theta 52/100: number 810 ([ 0.58481973 -0.20571565])
Train on 899933 samples, validate on 99993 samples
Epoch 1/20
177s - loss: 0.0122 - val_loss: 0.0078
Epoch 2/20
177s - loss: 0.0043 - val_loss: 0.0046
Epoch 3/20
176s - loss: 0.0035 - val_loss: 0.0038
Epoch 4/20
177s - loss: 0.0030 - val_loss: 0.0031
Epoch 5/20
176s - loss: 0.0027 - val_loss: 0.0031
Epoch 6/20
177s - loss: 0.0026 - val_loss: 0.0028
Epoch 7/20
176s - loss: 0.0024 - val_loss: 0.0024
Epoch 8/20
176s - loss: 0.0023 - val_loss: 0.0025
Epoch 9/20
176s - loss: 0.0023 - val_loss: 0.0042
Epoch 10/20
177s - loss: 0.0022 - val_loss: 0.0024
Epoch 11/20
177s - loss: 0.0021 - val_loss: 0.0026
Epoch 12/20
177s - loss: 0.0021 - val_loss: 0.0025
Epoch 13/20
177s - loss: 0.0020 - val_loss: 0.0027
Epoch 14/20
177s - loss: 0.0020 - val_loss: 0.0020
Epoch 15/20
177s - loss: 0.0020 - val_loss: 0.0025
Epoch 16/20
177s - loss: 0.0019 - val_loss: 0.0022
Epoch 17/20
177s - loss: 0.0019 - val_loss: 0.0023
Epoch 18/20
177s - loss: 0.0019 - val_loss: 0.0023
Epoch 00017: early stopping
02.02.2018 07:04:49 INFO    Starting theta 53/100: number 97 ([-0.83949827 -0.85622854])
Train on 899436 samples, validate on 99938 samples
Epoch 1/20
177s - loss: 0.0532 - val_loss: 0.0291
Epoch 2/20
177s - loss: 0.0151 - val_loss: 0.0224
Epoch 3/20
177s - loss: 0.0116 - val_loss: 0.0165
Epoch 4/20
177s - loss: 0.0099 - val_loss: 0.0178
Epoch 5/20
177s - loss: 0.0091 - val_loss: 0.0127
Epoch 6/20
177s - loss: 0.0084 - val_loss: 0.0160
Epoch 7/20
176s - loss: 0.0080 - val_loss: 0.0154
Epoch 8/20
177s - loss: 0.0075 - val_loss: 0.0121
Epoch 9/20
177s - loss: 0.0072 - val_loss: 0.0105
Epoch 10/20
177s - loss: 0.0069 - val_loss: 0.0120
Epoch 11/20
177s - loss: 0.0067 - val_loss: 0.0108
Epoch 12/20
177s - loss: 0.0066 - val_loss: 0.0109
Epoch 13/20
177s - loss: 0.0064 - val_loss: 0.0123
Epoch 00012: early stopping
02.02.2018 07:53:14 INFO    Starting theta 54/100: number 18 ([-0.99849038  0.13674514])
Train on 899650 samples, validate on 99962 samples
Epoch 1/20
178s - loss: 0.0486 - val_loss: 0.0297
Epoch 2/20
177s - loss: 0.0148 - val_loss: 0.0237
Epoch 3/20
177s - loss: 0.0114 - val_loss: 0.0177
Epoch 4/20
177s - loss: 0.0098 - val_loss: 0.0128
Epoch 5/20
177s - loss: 0.0087 - val_loss: 0.0118
Epoch 6/20
177s - loss: 0.0081 - val_loss: 0.0136
Epoch 7/20
177s - loss: 0.0077 - val_loss: 0.0110
Epoch 8/20
177s - loss: 0.0073 - val_loss: 0.0117
Epoch 9/20
177s - loss: 0.0070 - val_loss: 0.0147
Epoch 10/20
177s - loss: 0.0068 - val_loss: 0.0101
Epoch 11/20
177s - loss: 0.0066 - val_loss: 0.0097
Epoch 12/20
177s - loss: 0.0064 - val_loss: 0.0099
Epoch 13/20
177s - loss: 0.0063 - val_loss: 0.0096
Epoch 14/20
177s - loss: 0.0062 - val_loss: 0.0097
Epoch 15/20
178s - loss: 0.0060 - val_loss: 0.0084
Epoch 16/20
178s - loss: 0.0060 - val_loss: 0.0086
Epoch 17/20
178s - loss: 0.0059 - val_loss: 0.0079
Epoch 18/20
177s - loss: 0.0058 - val_loss: 0.0096
Epoch 19/20
177s - loss: 0.0057 - val_loss: 0.0096
Epoch 20/20
177s - loss: 0.0057 - val_loss: 0.0095
02.02.2018 09:02:36 INFO    Starting theta 55/100: number 723 ([ 0.42313754  0.04817991])
Train on 900000 samples, validate on 100000 samples
Epoch 1/20
177s - loss: 0.0041 - val_loss: 0.0013
Epoch 2/20
177s - loss: 0.0014 - val_loss: 0.0012
Epoch 3/20
177s - loss: 0.0011 - val_loss: 0.0012
Epoch 4/20
177s - loss: 9.0036e-04 - val_loss: 9.8730e-04
Epoch 5/20
177s - loss: 8.1109e-04 - val_loss: 8.3571e-04
Epoch 6/20
177s - loss: 7.6098e-04 - val_loss: 7.0297e-04
Epoch 7/20
177s - loss: 7.3239e-04 - val_loss: 5.9087e-04
Epoch 8/20
177s - loss: 6.7980e-04 - val_loss: 7.8653e-04
Epoch 9/20
177s - loss: 6.7193e-04 - val_loss: 8.7925e-04
Epoch 10/20
177s - loss: 6.3672e-04 - val_loss: 5.6103e-04
Epoch 11/20
177s - loss: 6.2444e-04 - val_loss: 6.6700e-04
Epoch 12/20
177s - loss: 6.0667e-04 - val_loss: 6.4470e-04
Epoch 13/20
177s - loss: 5.8755e-04 - val_loss: 6.9125e-04
Epoch 14/20
177s - loss: 5.7788e-04 - val_loss: 5.1576e-04
Epoch 15/20
177s - loss: 5.8388e-04 - val_loss: 5.7346e-04
Epoch 16/20
177s - loss: 5.7490e-04 - val_loss: 4.8968e-04
Epoch 17/20
177s - loss: 5.4891e-04 - val_loss: 6.4347e-04
Epoch 18/20
177s - loss: 5.4105e-04 - val_loss: 6.4667e-04
Epoch 19/20
177s - loss: 5.3567e-04 - val_loss: 7.5442e-04
Epoch 20/20
181s - loss: 5.3443e-04 - val_loss: 5.7944e-04
Epoch 00019: early stopping
02.02.2018 10:12:15 INFO    Starting theta 56/100: number 159 ([-0.72275143  0.26484372])
Train on 899721 samples, validate on 99969 samples
Epoch 1/20
184s - loss: 0.0424 - val_loss: 0.0237
Epoch 2/20
184s - loss: 0.0126 - val_loss: 0.0142
Epoch 3/20
184s - loss: 0.0098 - val_loss: 0.0123
Epoch 4/20
186s - loss: 0.0085 - val_loss: 0.0123
Epoch 5/20
187s - loss: 0.0077 - val_loss: 0.0096
Epoch 6/20
188s - loss: 0.0071 - val_loss: 0.0122
Epoch 7/20
184s - loss: 0.0068 - val_loss: 0.0089
Epoch 8/20
188s - loss: 0.0064 - val_loss: 0.0093
Epoch 9/20
189s - loss: 0.0061 - val_loss: 0.0081
Epoch 10/20
189s - loss: 0.0060 - val_loss: 0.0086
Epoch 11/20
190s - loss: 0.0058 - val_loss: 0.0094
Epoch 12/20
189s - loss: 0.0057 - val_loss: 0.0090
Epoch 13/20
190s - loss: 0.0055 - val_loss: 0.0103
Epoch 00012: early stopping
02.02.2018 11:03:45 INFO    Starting theta 57/100: number 320 ([-0.39025216  0.89762413])
Train on 899811 samples, validate on 99980 samples
Epoch 1/20
182s - loss: 0.0383 - val_loss: 0.0181
Epoch 2/20
179s - loss: 0.0120 - val_loss: 0.0138
Epoch 3/20
185s - loss: 0.0093 - val_loss: 0.0104
Epoch 4/20
181s - loss: 0.0082 - val_loss: 0.0097
Epoch 5/20
186s - loss: 0.0073 - val_loss: 0.0093
Epoch 6/20
191s - loss: 0.0069 - val_loss: 0.0094
Epoch 7/20
191s - loss: 0.0067 - val_loss: 0.0091
Epoch 8/20
191s - loss: 0.0064 - val_loss: 0.0071
Epoch 9/20
191s - loss: 0.0061 - val_loss: 0.0072
Epoch 10/20
191s - loss: 0.0060 - val_loss: 0.0091
Epoch 11/20
192s - loss: 0.0059 - val_loss: 0.0080
Epoch 12/20
190s - loss: 0.0057 - val_loss: 0.0084
Epoch 00011: early stopping
02.02.2018 11:52:10 INFO    Starting theta 58/100: number 301 ([-0.42496479 -0.29929615])
Train on 896882 samples, validate on 99654 samples
Epoch 1/20
191s - loss: 0.0301 - val_loss: 0.0306
Epoch 2/20
190s - loss: 0.0097 - val_loss: 0.0185
Epoch 3/20
190s - loss: 0.0079 - val_loss: 0.0259
Epoch 4/20
190s - loss: 0.0070 - val_loss: 0.0139
Epoch 5/20
191s - loss: 0.0063 - val_loss: 0.0105
Epoch 6/20
190s - loss: 0.0060 - val_loss: 0.0130
Epoch 7/20
190s - loss: 0.0056 - val_loss: 0.0117
Epoch 8/20
190s - loss: 0.0054 - val_loss: 0.0140
Epoch 9/20
190s - loss: 0.0052 - val_loss: 0.0115
Epoch 00008: early stopping
02.02.2018 12:31:40 INFO    Starting theta 59/100: number 352 ([-0.33117606 -0.06437794])
Train on 897537 samples, validate on 99727 samples
Epoch 1/20
192s - loss: 0.0237 - val_loss: 0.0186
Epoch 2/20
192s - loss: 0.0085 - val_loss: 0.0145
Epoch 3/20
192s - loss: 0.0068 - val_loss: 0.0172
Epoch 4/20
191s - loss: 0.0059 - val_loss: 0.0095
Epoch 5/20
191s - loss: 0.0056 - val_loss: 0.0096
Epoch 6/20
190s - loss: 0.0052 - val_loss: 0.0087
Epoch 7/20
191s - loss: 0.0048 - val_loss: 0.0091
Epoch 8/20
191s - loss: 0.0046 - val_loss: 0.0085
Epoch 9/20
191s - loss: 0.0044 - val_loss: 0.0087
Epoch 10/20
192s - loss: 0.0043 - val_loss: 0.0118
Epoch 11/20
190s - loss: 0.0041 - val_loss: 0.0066
Epoch 12/20
189s - loss: 0.0041 - val_loss: 0.0075
Epoch 13/20
189s - loss: 0.0040 - val_loss: 0.0081
Epoch 14/20
189s - loss: 0.0039 - val_loss: 0.0064
Epoch 15/20
189s - loss: 0.0039 - val_loss: 0.0069
Epoch 16/20
188s - loss: 0.0038 - val_loss: 0.0065
Epoch 17/20
188s - loss: 0.0037 - val_loss: 0.0078
Epoch 18/20
188s - loss: 0.0037 - val_loss: 0.0071
Epoch 00017: early stopping
02.02.2018 13:39:54 INFO    Starting theta 60/100: number 159 ([-0.72275143  0.26484372])
Train on 899721 samples, validate on 99969 samples
Epoch 1/20
190s - loss: 0.0419 - val_loss: 0.0268
Epoch 2/20
190s - loss: 0.0126 - val_loss: 0.0179
Epoch 3/20
189s - loss: 0.0095 - val_loss: 0.0121
Epoch 4/20
190s - loss: 0.0083 - val_loss: 0.0106
Epoch 5/20
190s - loss: 0.0075 - val_loss: 0.0125
Epoch 6/20
190s - loss: 0.0070 - val_loss: 0.0108
Epoch 7/20
189s - loss: 0.0067 - val_loss: 0.0084
Epoch 8/20
189s - loss: 0.0062 - val_loss: 0.0105
Epoch 9/20
189s - loss: 0.0060 - val_loss: 0.0107
Epoch 10/20
189s - loss: 0.0058 - val_loss: 0.0074
Epoch 11/20
189s - loss: 0.0057 - val_loss: 0.0100
Epoch 12/20
189s - loss: 0.0055 - val_loss: 0.0096
Epoch 13/20
189s - loss: 0.0054 - val_loss: 0.0090
Epoch 14/20
189s - loss: 0.0052 - val_loss: 0.0071
Epoch 15/20
189s - loss: 0.0051 - val_loss: 0.0083
Epoch 16/20
189s - loss: 0.0051 - val_loss: 0.0077
Epoch 17/20
189s - loss: 0.0049 - val_loss: 0.0089
Epoch 18/20
189s - loss: 0.0049 - val_loss: 0.0079
Epoch 00017: early stopping
02.02.2018 14:47:50 INFO    Starting theta 61/100: number 89 ([-0.852803    0.39758022])
Train on 899783 samples, validate on 99976 samples
Epoch 1/20
186s - loss: 0.0472 - val_loss: 0.0274
Epoch 2/20
187s - loss: 0.0145 - val_loss: 0.0177
Epoch 3/20
189s - loss: 0.0112 - val_loss: 0.0146
Epoch 4/20
189s - loss: 0.0096 - val_loss: 0.0137
Epoch 5/20
189s - loss: 0.0087 - val_loss: 0.0123
Epoch 6/20
189s - loss: 0.0081 - val_loss: 0.0122
Epoch 7/20
187s - loss: 0.0077 - val_loss: 0.0095
Epoch 8/20
189s - loss: 0.0073 - val_loss: 0.0092
Epoch 9/20
189s - loss: 0.0070 - val_loss: 0.0116
Epoch 10/20
189s - loss: 0.0068 - val_loss: 0.0104
Epoch 11/20
189s - loss: 0.0066 - val_loss: 0.0094
Epoch 12/20
189s - loss: 0.0065 - val_loss: 0.0077
Epoch 13/20
189s - loss: 0.0063 - val_loss: 0.0088
Epoch 14/20
189s - loss: 0.0062 - val_loss: 0.0105
Epoch 15/20
189s - loss: 0.0061 - val_loss: 0.0098
Epoch 16/20
189s - loss: 0.0060 - val_loss: 0.0084
Epoch 00015: early stopping
02.02.2018 15:49:20 INFO    Starting theta 62/100: number 421 ([-0.19372397 -0.5487683 ])
Train on 899257 samples, validate on 99918 samples
Epoch 1/20
190s - loss: 0.0324 - val_loss: 0.0204
Epoch 2/20
189s - loss: 0.0102 - val_loss: 0.0157
Epoch 3/20
189s - loss: 0.0078 - val_loss: 0.0110
Epoch 4/20
190s - loss: 0.0069 - val_loss: 0.0099
Epoch 5/20
190s - loss: 0.0062 - val_loss: 0.0102
Epoch 6/20
190s - loss: 0.0058 - val_loss: 0.0087
Epoch 7/20
190s - loss: 0.0054 - val_loss: 0.0102
Epoch 8/20
190s - loss: 0.0053 - val_loss: 0.0100
Epoch 9/20
190s - loss: 0.0050 - val_loss: 0.0099
Epoch 10/20
190s - loss: 0.0048 - val_loss: 0.0109
Epoch 00009: early stopping
02.02.2018 16:32:10 INFO    Starting theta 63/100: number 574 ([ 0.12059293  0.25501418])
Train on 899991 samples, validate on 99999 samples
Epoch 1/20
191s - loss: 0.0013 - val_loss: 0.0011
Epoch 2/20
190s - loss: 4.1437e-04 - val_loss: 4.4080e-04
Epoch 3/20
190s - loss: 3.2533e-04 - val_loss: 2.4607e-04
Epoch 4/20
190s - loss: 2.8080e-04 - val_loss: 6.3404e-04
Epoch 5/20
190s - loss: 2.5265e-04 - val_loss: 2.2668e-04
Epoch 6/20
190s - loss: 2.3178e-04 - val_loss: 2.7651e-04
Epoch 7/20
190s - loss: 2.1717e-04 - val_loss: 2.5983e-04
Epoch 8/20
190s - loss: 2.1309e-04 - val_loss: 2.1014e-04
Epoch 9/20
190s - loss: 2.0157e-04 - val_loss: 1.6851e-04
Epoch 10/20
190s - loss: 1.9625e-04 - val_loss: 1.8212e-04
Epoch 11/20
190s - loss: 1.8621e-04 - val_loss: 1.6893e-04
Epoch 12/20
190s - loss: 1.8431e-04 - val_loss: 2.9630e-04
Epoch 13/20
190s - loss: 1.7926e-04 - val_loss: 1.5243e-04
Epoch 14/20
190s - loss: 1.7632e-04 - val_loss: 2.0101e-04
Epoch 15/20
190s - loss: 1.7526e-04 - val_loss: 2.6269e-04
Epoch 16/20
190s - loss: 1.5586e-04 - val_loss: 2.9959e-04
Epoch 17/20
190s - loss: 1.5776e-04 - val_loss: 3.6227e-04
Epoch 00016: early stopping
02.02.2018 17:37:26 INFO    Starting theta 64/100: number 923 ([ 0.81364542  0.67663973])
Train on 900000 samples, validate on 100000 samples
Epoch 1/20
191s - loss: 0.0010 - val_loss: 1.7455e-04
Epoch 2/20
191s - loss: 2.1405e-04 - val_loss: 1.5372e-04
Epoch 3/20
191s - loss: 1.6607e-04 - val_loss: 8.5769e-05
Epoch 4/20
191s - loss: 1.4583e-04 - val_loss: 8.8368e-05
Epoch 5/20
190s - loss: 1.3526e-04 - val_loss: 8.8852e-05
Epoch 6/20
191s - loss: 1.2524e-04 - val_loss: 9.5158e-05
Epoch 7/20
191s - loss: 1.2155e-04 - val_loss: 7.8269e-05
Epoch 8/20
191s - loss: 1.1375e-04 - val_loss: 1.2195e-04
Epoch 9/20
191s - loss: 1.1196e-04 - val_loss: 8.6851e-05
Epoch 10/20
191s - loss: 1.0968e-04 - val_loss: 7.2262e-05
Epoch 11/20
191s - loss: 1.0613e-04 - val_loss: 1.9266e-04
Epoch 12/20
191s - loss: 1.0198e-04 - val_loss: 1.3069e-04
Epoch 13/20
191s - loss: 1.0156e-04 - val_loss: 7.7908e-05
Epoch 14/20
191s - loss: 1.0129e-04 - val_loss: 6.0297e-05
Epoch 15/20
191s - loss: 9.7692e-05 - val_loss: 7.7189e-05
Epoch 16/20
191s - loss: 9.7519e-05 - val_loss: 1.0224e-04
Epoch 17/20
191s - loss: 9.5577e-05 - val_loss: 8.5294e-05
Epoch 18/20
191s - loss: 9.5878e-05 - val_loss: 6.4245e-05
Epoch 00017: early stopping
02.02.2018 18:46:05 INFO    Starting theta 65/100: number 849 ([ 0.6583114   0.73535462])
Train on 900000 samples, validate on 100000 samples
Epoch 1/20
192s - loss: 7.0579e-04 - val_loss: 2.0285e-04
Epoch 2/20
191s - loss: 1.0438e-04 - val_loss: 7.4889e-05
Epoch 3/20
191s - loss: 7.5552e-05 - val_loss: 1.1366e-04
Epoch 4/20
191s - loss: 6.5087e-05 - val_loss: 6.0648e-05
Epoch 5/20
191s - loss: 6.0142e-05 - val_loss: 8.4800e-05
Epoch 6/20
191s - loss: 5.7425e-05 - val_loss: 5.4182e-05
Epoch 7/20
191s - loss: 5.5002e-05 - val_loss: 3.4529e-05
Epoch 8/20
190s - loss: 5.3756e-05 - val_loss: 4.2395e-05
Epoch 9/20
190s - loss: 5.2570e-05 - val_loss: 4.2334e-05
Epoch 10/20
191s - loss: 5.1974e-05 - val_loss: 4.8372e-05
Epoch 11/20
192s - loss: 5.0434e-05 - val_loss: 2.9526e-05
Epoch 12/20
192s - loss: 5.0387e-05 - val_loss: 3.4340e-05
Epoch 13/20
192s - loss: 4.9689e-05 - val_loss: 3.9505e-05
Epoch 14/20
192s - loss: 4.9048e-05 - val_loss: 4.1952e-05
Epoch 15/20
192s - loss: 4.8772e-05 - val_loss: 8.8413e-05
Epoch 00014: early stopping
02.02.2018 19:45:19 INFO    Starting theta 66/100: number 299 ([-0.43548471  0.24506174])
Train on 899624 samples, validate on 99959 samples
Epoch 1/20
191s - loss: 0.0315 - val_loss: 0.0243
Epoch 2/20
190s - loss: 0.0108 - val_loss: 0.0153
Epoch 3/20
190s - loss: 0.0085 - val_loss: 0.0095
Epoch 4/20
190s - loss: 0.0073 - val_loss: 0.0130
Epoch 5/20
190s - loss: 0.0065 - val_loss: 0.0096
Epoch 6/20
190s - loss: 0.0060 - val_loss: 0.0087
Epoch 7/20
190s - loss: 0.0057 - val_loss: 0.0130
Epoch 8/20
190s - loss: 0.0054 - val_loss: 0.0068
Epoch 9/20
190s - loss: 0.0053 - val_loss: 0.0091
Epoch 10/20
190s - loss: 0.0051 - val_loss: 0.0109
Epoch 11/20
190s - loss: 0.0049 - val_loss: 0.0086
Epoch 12/20
190s - loss: 0.0048 - val_loss: 0.0065
Epoch 13/20
190s - loss: 0.0047 - val_loss: 0.0073
Epoch 14/20
190s - loss: 0.0046 - val_loss: 0.0086
Epoch 15/20
187s - loss: 0.0044 - val_loss: 0.0071
Epoch 16/20
185s - loss: 0.0045 - val_loss: 0.0072
Epoch 00015: early stopping
02.02.2018 20:46:51 INFO    Starting theta 67/100: number 119 ([-0.80217018 -0.19137665])
Train on 899035 samples, validate on 99893 samples
Epoch 1/20
179s - loss: 0.0440 - val_loss: 0.0302
Epoch 2/20
179s - loss: 0.0138 - val_loss: 0.0215
Epoch 3/20
179s - loss: 0.0105 - val_loss: 0.0177
Epoch 4/20
179s - loss: 0.0091 - val_loss: 0.0134
Epoch 5/20
179s - loss: 0.0082 - val_loss: 0.0127
Epoch 6/20
179s - loss: 0.0077 - val_loss: 0.0127
Epoch 7/20
179s - loss: 0.0072 - val_loss: 0.0121
Epoch 8/20
179s - loss: 0.0070 - val_loss: 0.0116
Epoch 9/20
179s - loss: 0.0067 - val_loss: 0.0108
Epoch 10/20
179s - loss: 0.0065 - val_loss: 0.0097
Epoch 11/20
179s - loss: 0.0063 - val_loss: 0.0127
Epoch 12/20
179s - loss: 0.0061 - val_loss: 0.0097
Epoch 13/20
179s - loss: 0.0060 - val_loss: 0.0109
Epoch 14/20
179s - loss: 0.0059 - val_loss: 0.0091
Epoch 15/20
179s - loss: 0.0058 - val_loss: 0.0114
Epoch 16/20
179s - loss: 0.0057 - val_loss: 0.0088
Epoch 17/20
179s - loss: 0.0056 - val_loss: 0.0083
Epoch 18/20
179s - loss: 0.0055 - val_loss: 0.0090
Epoch 19/20
179s - loss: 0.0054 - val_loss: 0.0088
Epoch 20/20
179s - loss: 0.0054 - val_loss: 0.0089
02.02.2018 21:57:35 INFO    Starting theta 68/100: number 167 ([-0.70631846 -0.18913046])
Train on 898876 samples, validate on 99876 samples
Epoch 1/20
181s - loss: 0.0419 - val_loss: 0.0288
Epoch 2/20
183s - loss: 0.0135 - val_loss: 0.0201
Epoch 3/20
180s - loss: 0.0105 - val_loss: 0.0228
Epoch 4/20
180s - loss: 0.0089 - val_loss: 0.0133
Epoch 5/20
184s - loss: 0.0080 - val_loss: 0.0108
Epoch 6/20
185s - loss: 0.0075 - val_loss: 0.0135
Epoch 7/20
185s - loss: 0.0071 - val_loss: 0.0135
Epoch 8/20
185s - loss: 0.0067 - val_loss: 0.0106
Epoch 9/20
185s - loss: 0.0065 - val_loss: 0.0116
Epoch 10/20
184s - loss: 0.0063 - val_loss: 0.0126
Epoch 11/20
179s - loss: 0.0060 - val_loss: 0.0127
Epoch 12/20
180s - loss: 0.0060 - val_loss: 0.0093
Epoch 13/20
185s - loss: 0.0058 - val_loss: 0.0094
Epoch 14/20
185s - loss: 0.0056 - val_loss: 0.0098
Epoch 15/20
185s - loss: 0.0056 - val_loss: 0.0092
Epoch 16/20
182s - loss: 0.0055 - val_loss: 0.0089
Epoch 17/20
180s - loss: 0.0053 - val_loss: 0.0096
Epoch 18/20
180s - loss: 0.0052 - val_loss: 0.0105
Epoch 19/20
180s - loss: 0.0053 - val_loss: 0.0096
Epoch 20/20
181s - loss: 0.0051 - val_loss: 0.0105
Epoch 00019: early stopping
02.02.2018 23:09:43 INFO    Starting theta 69/100: number 939 ([ 0.84561864 -0.65874341])
Train on 899938 samples, validate on 99994 samples
Epoch 1/20
187s - loss: 0.0283 - val_loss: 0.0148
Epoch 2/20
186s - loss: 0.0095 - val_loss: 0.0117
Epoch 3/20
190s - loss: 0.0075 - val_loss: 0.0128
Epoch 4/20
195s - loss: 0.0066 - val_loss: 0.0068
Epoch 5/20
194s - loss: 0.0061 - val_loss: 0.0088
Epoch 6/20
196s - loss: 0.0058 - val_loss: 0.0070
Epoch 7/20
195s - loss: 0.0055 - val_loss: 0.0079
Epoch 8/20
196s - loss: 0.0053 - val_loss: 0.0067
Epoch 9/20
195s - loss: 0.0052 - val_loss: 0.0076
Epoch 10/20
195s - loss: 0.0051 - val_loss: 0.0090
Epoch 11/20
196s - loss: 0.0050 - val_loss: 0.0065
Epoch 12/20
195s - loss: 0.0049 - val_loss: 0.0060
Epoch 13/20
196s - loss: 0.0048 - val_loss: 0.0071
Epoch 14/20
196s - loss: 0.0048 - val_loss: 0.0070
Epoch 15/20
195s - loss: 0.0047 - val_loss: 0.0084
Epoch 16/20
187s - loss: 0.0047 - val_loss: 0.0055
Epoch 17/20
187s - loss: 0.0046 - val_loss: 0.0061
Epoch 18/20
187s - loss: 0.0046 - val_loss: 0.0058
Epoch 19/20
187s - loss: 0.0045 - val_loss: 0.0054
Epoch 20/20
187s - loss: 0.0045 - val_loss: 0.0054
03.02.2018 00:24:58 INFO    Starting theta 70/100: number 402 ([-0.23381329 -0.74778958])
Train on 899529 samples, validate on 99948 samples
Epoch 1/20
181s - loss: 0.0375 - val_loss: 0.0213
Epoch 2/20
180s - loss: 0.0112 - val_loss: 0.0172
Epoch 3/20
180s - loss: 0.0086 - val_loss: 0.0121
Epoch 4/20
180s - loss: 0.0075 - val_loss: 0.0102
Epoch 5/20
180s - loss: 0.0068 - val_loss: 0.0176
Epoch 6/20
180s - loss: 0.0064 - val_loss: 0.0124
Epoch 7/20
180s - loss: 0.0060 - val_loss: 0.0091
Epoch 8/20
180s - loss: 0.0057 - val_loss: 0.0081
Epoch 9/20
180s - loss: 0.0055 - val_loss: 0.0092
Epoch 10/20
179s - loss: 0.0053 - val_loss: 0.0089
Epoch 11/20
180s - loss: 0.0052 - val_loss: 0.0091
Epoch 12/20
180s - loss: 0.0050 - val_loss: 0.0080
Epoch 13/20
180s - loss: 0.0050 - val_loss: 0.0067
Epoch 14/20
180s - loss: 0.0049 - val_loss: 0.0080
Epoch 15/20
180s - loss: 0.0048 - val_loss: 0.0096
Epoch 16/20
180s - loss: 0.0047 - val_loss: 0.0077
Epoch 17/20
181s - loss: 0.0046 - val_loss: 0.0076
Epoch 00016: early stopping
03.02.2018 01:27:08 INFO    Starting theta 71/100: number 52 ([-0.92568077  0.24722516])
Train on 899717 samples, validate on 99969 samples
Epoch 1/20
182s - loss: 0.0477 - val_loss: 0.0290
Epoch 2/20
180s - loss: 0.0142 - val_loss: 0.0245
Epoch 3/20
180s - loss: 0.0110 - val_loss: 0.0165
Epoch 4/20
180s - loss: 0.0095 - val_loss: 0.0139
Epoch 5/20
180s - loss: 0.0086 - val_loss: 0.0123
Epoch 6/20
180s - loss: 0.0080 - val_loss: 0.0106
Epoch 7/20
180s - loss: 0.0075 - val_loss: 0.0096
Epoch 8/20
181s - loss: 0.0072 - val_loss: 0.0106
Epoch 9/20
181s - loss: 0.0069 - val_loss: 0.0099
Epoch 10/20
181s - loss: 0.0067 - val_loss: 0.0100
Epoch 11/20
182s - loss: 0.0065 - val_loss: 0.0082
Epoch 12/20
181s - loss: 0.0063 - val_loss: 0.0088
Epoch 13/20
181s - loss: 0.0062 - val_loss: 0.0086
Epoch 14/20
181s - loss: 0.0061 - val_loss: 0.0095
Epoch 15/20
181s - loss: 0.0060 - val_loss: 0.0086
Epoch 00014: early stopping
03.02.2018 02:23:31 INFO    Starting theta 72/100: number 787 ([ 0.54418497  0.30320758])
Train on 900000 samples, validate on 100000 samples
Epoch 1/20
181s - loss: 0.0016 - val_loss: 5.1536e-04
Epoch 2/20
180s - loss: 4.6094e-04 - val_loss: 3.0644e-04
Epoch 3/20
180s - loss: 3.5006e-04 - val_loss: 2.0278e-04
Epoch 4/20
181s - loss: 3.0576e-04 - val_loss: 2.9800e-04
Epoch 5/20
181s - loss: 2.7236e-04 - val_loss: 2.0941e-04
Epoch 6/20
181s - loss: 2.5303e-04 - val_loss: 1.4788e-04
Epoch 7/20
181s - loss: 2.4104e-04 - val_loss: 2.9415e-04
Epoch 8/20
181s - loss: 2.2907e-04 - val_loss: 1.4303e-04
Epoch 9/20
181s - loss: 2.2644e-04 - val_loss: 1.8891e-04
Epoch 10/20
181s - loss: 2.1867e-04 - val_loss: 2.1786e-04
Epoch 11/20
181s - loss: 2.1614e-04 - val_loss: 1.2822e-04
Epoch 12/20
181s - loss: 2.0830e-04 - val_loss: 2.2259e-04
Epoch 13/20
180s - loss: 2.0509e-04 - val_loss: 2.4388e-04
Epoch 14/20
180s - loss: 1.9930e-04 - val_loss: 2.0487e-04
Epoch 15/20
180s - loss: 2.0055e-04 - val_loss: 1.7723e-04
Epoch 00014: early stopping
03.02.2018 03:19:58 INFO    Starting theta 73/100: number 978 ([ 0.9400757   0.37123973])
Train on 900000 samples, validate on 100000 samples
Epoch 1/20
182s - loss: 0.0033 - val_loss: 0.0013
Epoch 2/20
180s - loss: 0.0011 - val_loss: 6.8858e-04
Epoch 3/20
180s - loss: 8.4855e-04 - val_loss: 6.1880e-04
Epoch 4/20
180s - loss: 7.6902e-04 - val_loss: 6.5489e-04
Epoch 5/20
180s - loss: 7.0453e-04 - val_loss: 5.5443e-04
Epoch 6/20
180s - loss: 6.7546e-04 - val_loss: 8.7661e-04
Epoch 7/20
180s - loss: 6.3960e-04 - val_loss: 4.4894e-04
Epoch 8/20
181s - loss: 6.1553e-04 - val_loss: 4.9518e-04
Epoch 9/20
181s - loss: 6.0117e-04 - val_loss: 5.5335e-04
Epoch 10/20
181s - loss: 5.9140e-04 - val_loss: 6.0966e-04
Epoch 11/20
182s - loss: 5.7272e-04 - val_loss: 5.1308e-04
Epoch 00010: early stopping
03.02.2018 04:04:23 INFO    Starting theta 74/100: number 41 ([-0.9466884  -0.84207419])
Train on 899246 samples, validate on 99917 samples
Epoch 1/20
182s - loss: 0.0549 - val_loss: 0.0462
Epoch 2/20
180s - loss: 0.0152 - val_loss: 0.0235
Epoch 3/20
180s - loss: 0.0121 - val_loss: 0.0202
Epoch 4/20
180s - loss: 0.0105 - val_loss: 0.0169
Epoch 5/20
180s - loss: 0.0096 - val_loss: 0.0238
Epoch 6/20
180s - loss: 0.0088 - val_loss: 0.0159
Epoch 7/20
180s - loss: 0.0084 - val_loss: 0.0137
Epoch 8/20
180s - loss: 0.0079 - val_loss: 0.0142
Epoch 9/20
180s - loss: 0.0077 - val_loss: 0.0153
Epoch 10/20
181s - loss: 0.0074 - val_loss: 0.0140
Epoch 11/20
182s - loss: 0.0071 - val_loss: 0.0120
Epoch 12/20
182s - loss: 0.0069 - val_loss: 0.0127
Epoch 13/20
181s - loss: 0.0067 - val_loss: 0.0133
Epoch 14/20
181s - loss: 0.0065 - val_loss: 0.0162
Epoch 15/20
181s - loss: 0.0064 - val_loss: 0.0112
Epoch 16/20
182s - loss: 0.0064 - val_loss: 0.0103
Epoch 17/20
181s - loss: 0.0063 - val_loss: 0.0114
Epoch 18/20
181s - loss: 0.0061 - val_loss: 0.0105
Epoch 19/20
180s - loss: 0.0061 - val_loss: 0.0101
Epoch 20/20
180s - loss: 0.0060 - val_loss: 0.0117
03.02.2018 05:16:02 INFO    Starting theta 75/100: number 873 ([ 0.70219015 -0.19960724])
Train on 899958 samples, validate on 99996 samples
Epoch 1/20
181s - loss: 0.0124 - val_loss: 0.0070
Epoch 2/20
182s - loss: 0.0045 - val_loss: 0.0054
Epoch 3/20
182s - loss: 0.0036 - val_loss: 0.0045
Epoch 4/20
182s - loss: 0.0032 - val_loss: 0.0038
Epoch 5/20
183s - loss: 0.0029 - val_loss: 0.0042
Epoch 6/20
182s - loss: 0.0027 - val_loss: 0.0028
Epoch 7/20
182s - loss: 0.0025 - val_loss: 0.0034
Epoch 8/20
182s - loss: 0.0025 - val_loss: 0.0034
Epoch 9/20
182s - loss: 0.0024 - val_loss: 0.0026
Epoch 10/20
181s - loss: 0.0023 - val_loss: 0.0030
Epoch 11/20
181s - loss: 0.0023 - val_loss: 0.0028
Epoch 12/20
180s - loss: 0.0022 - val_loss: 0.0031
Epoch 13/20
181s - loss: 0.0022 - val_loss: 0.0025
Epoch 14/20
181s - loss: 0.0021 - val_loss: 0.0024
Epoch 15/20
181s - loss: 0.0021 - val_loss: 0.0022
Epoch 16/20
181s - loss: 0.0021 - val_loss: 0.0023
Epoch 17/20
181s - loss: 0.0021 - val_loss: 0.0030
Epoch 18/20
181s - loss: 0.0020 - val_loss: 0.0041
Epoch 19/20
181s - loss: 0.0020 - val_loss: 0.0021
Epoch 20/20
181s - loss: 0.0020 - val_loss: 0.0023
03.02.2018 06:28:00 INFO    Starting theta 76/100: number 533 ([ 0.0176752  0.4110256])
Train on 899740 samples, validate on 99972 samples
Epoch 1/20
183s - loss: 0.0094 - val_loss: 0.0085
Epoch 2/20
182s - loss: 0.0035 - val_loss: 0.0044
Epoch 3/20
182s - loss: 0.0028 - val_loss: 0.0042
Epoch 4/20
182s - loss: 0.0024 - val_loss: 0.0029
Epoch 5/20
181s - loss: 0.0022 - val_loss: 0.0027
Epoch 6/20
181s - loss: 0.0020 - val_loss: 0.0024
Epoch 7/20
181s - loss: 0.0019 - val_loss: 0.0027
Epoch 8/20
181s - loss: 0.0018 - val_loss: 0.0030
Epoch 9/20
181s - loss: 0.0017 - val_loss: 0.0028
Epoch 10/20
181s - loss: 0.0017 - val_loss: 0.0025
Epoch 00009: early stopping
03.02.2018 07:09:39 INFO    Starting theta 77/100: number 827 ([ 0.62406481 -0.33833102])
Train on 899959 samples, validate on 99996 samples
Epoch 1/20
182s - loss: 0.0166 - val_loss: 0.0111
Epoch 2/20
181s - loss: 0.0059 - val_loss: 0.0059
Epoch 3/20
181s - loss: 0.0046 - val_loss: 0.0065
Epoch 4/20
181s - loss: 0.0041 - val_loss: 0.0045
Epoch 5/20
182s - loss: 0.0037 - val_loss: 0.0040
Epoch 6/20
182s - loss: 0.0034 - val_loss: 0.0038
Epoch 7/20
182s - loss: 0.0032 - val_loss: 0.0075
Epoch 8/20
182s - loss: 0.0031 - val_loss: 0.0041
Epoch 9/20
182s - loss: 0.0030 - val_loss: 0.0044
Epoch 10/20
182s - loss: 0.0029 - val_loss: 0.0051
Epoch 00009: early stopping
03.02.2018 07:51:28 INFO    Starting theta 78/100: number 304 ([-0.42112069 -0.83328775])
Train on 899575 samples, validate on 99953 samples
Epoch 1/20
182s - loss: 0.0406 - val_loss: 0.0238
Epoch 2/20
181s - loss: 0.0121 - val_loss: 0.0180
Epoch 3/20
181s - loss: 0.0094 - val_loss: 0.0150
Epoch 4/20
181s - loss: 0.0081 - val_loss: 0.0101
Epoch 5/20
181s - loss: 0.0074 - val_loss: 0.0112
Epoch 6/20
181s - loss: 0.0069 - val_loss: 0.0098
Epoch 7/20
181s - loss: 0.0065 - val_loss: 0.0111
Epoch 8/20
182s - loss: 0.0062 - val_loss: 0.0089
Epoch 9/20
183s - loss: 0.0060 - val_loss: 0.0099
Epoch 10/20
182s - loss: 0.0058 - val_loss: 0.0095
Epoch 11/20
182s - loss: 0.0056 - val_loss: 0.0119
Epoch 12/20
183s - loss: 0.0054 - val_loss: 0.0092
Epoch 00011: early stopping
03.02.2018 08:39:25 INFO    Starting theta 79/100: number 294 ([-0.44383773  0.33528586])
Train on 899618 samples, validate on 99958 samples
Epoch 1/20
182s - loss: 0.0334 - val_loss: 0.0224
Epoch 2/20
181s - loss: 0.0109 - val_loss: 0.0148
Epoch 3/20
181s - loss: 0.0083 - val_loss: 0.0112
Epoch 4/20
182s - loss: 0.0073 - val_loss: 0.0127
Epoch 5/20
181s - loss: 0.0065 - val_loss: 0.0128
Epoch 6/20
181s - loss: 0.0061 - val_loss: 0.0124
Epoch 7/20
182s - loss: 0.0057 - val_loss: 0.0112
Epoch 8/20
181s - loss: 0.0054 - val_loss: 0.0087
Epoch 9/20
181s - loss: 0.0052 - val_loss: 0.0091
Epoch 10/20
181s - loss: 0.0050 - val_loss: 0.0081
Epoch 11/20
181s - loss: 0.0049 - val_loss: 0.0106
Epoch 12/20
182s - loss: 0.0048 - val_loss: 0.0077
Epoch 13/20
182s - loss: 0.0047 - val_loss: 0.0092
Epoch 14/20
182s - loss: 0.0046 - val_loss: 0.0076
Epoch 15/20
182s - loss: 0.0045 - val_loss: 0.0082
Epoch 16/20
182s - loss: 0.0045 - val_loss: 0.0081
Epoch 17/20
182s - loss: 0.0044 - val_loss: 0.0091
Epoch 18/20
182s - loss: 0.0043 - val_loss: 0.0106
Epoch 00017: early stopping
03.02.2018 09:45:38 INFO    Starting theta 80/100: number 760 ([ 0.49108963 -0.17051546])
Train on 899942 samples, validate on 99994 samples
Epoch 1/20
182s - loss: 0.0102 - val_loss: 0.0095
Epoch 2/20
181s - loss: 0.0039 - val_loss: 0.0043
Epoch 3/20
181s - loss: 0.0030 - val_loss: 0.0039
Epoch 4/20
181s - loss: 0.0026 - val_loss: 0.0024
Epoch 5/20
182s - loss: 0.0023 - val_loss: 0.0024
Epoch 6/20
182s - loss: 0.0021 - val_loss: 0.0025
Epoch 7/20
182s - loss: 0.0021 - val_loss: 0.0027
Epoch 8/20
183s - loss: 0.0020 - val_loss: 0.0022
Epoch 9/20
188s - loss: 0.0019 - val_loss: 0.0025
Epoch 10/20
188s - loss: 0.0018 - val_loss: 0.0021
Epoch 11/20
187s - loss: 0.0018 - val_loss: 0.0028
Epoch 12/20
183s - loss: 0.0017 - val_loss: 0.0020
Epoch 13/20
182s - loss: 0.0017 - val_loss: 0.0018
Epoch 14/20
182s - loss: 0.0017 - val_loss: 0.0020
Epoch 15/20
182s - loss: 0.0016 - val_loss: 0.0025
Epoch 16/20
182s - loss: 0.0016 - val_loss: 0.0019
Epoch 17/20
182s - loss: 0.0016 - val_loss: 0.0017
Epoch 18/20
182s - loss: 0.0016 - val_loss: 0.0021
Epoch 19/20
182s - loss: 0.0015 - val_loss: 0.0019
Epoch 20/20
182s - loss: 0.0015 - val_loss: 0.0020
03.02.2018 10:58:16 INFO    Starting theta 81/100: number 890 ([ 0.74368597  0.764742  ])
Train on 900000 samples, validate on 100000 samples
Epoch 1/20
183s - loss: 7.5532e-04 - val_loss: 1.2527e-04
Epoch 2/20
183s - loss: 1.0092e-04 - val_loss: 7.7705e-05
Epoch 3/20
182s - loss: 7.4953e-05 - val_loss: 6.2754e-05
Epoch 4/20
183s - loss: 6.4587e-05 - val_loss: 5.4646e-05
Epoch 5/20
182s - loss: 5.9893e-05 - val_loss: 5.2203e-05
Epoch 6/20
182s - loss: 5.6614e-05 - val_loss: 3.6735e-05
Epoch 7/20
182s - loss: 5.4330e-05 - val_loss: 6.5437e-05
Epoch 8/20
182s - loss: 5.2419e-05 - val_loss: 3.7729e-05
Epoch 9/20
182s - loss: 5.1879e-05 - val_loss: 3.6616e-05
Epoch 10/20
182s - loss: 5.1411e-05 - val_loss: 3.6541e-05
Epoch 11/20
182s - loss: 4.9795e-05 - val_loss: 5.7016e-05
Epoch 12/20
182s - loss: 4.9217e-05 - val_loss: 4.6554e-05
Epoch 13/20
183s - loss: 4.8518e-05 - val_loss: 4.4106e-05
Epoch 14/20
183s - loss: 4.8399e-05 - val_loss: 5.0039e-05
Epoch 00013: early stopping
03.02.2018 11:52:35 INFO    Starting theta 82/100: number 539 ([ 0.02611736  0.48536552])
Train on 899740 samples, validate on 99972 samples
Epoch 1/20
184s - loss: 0.0103 - val_loss: 0.0089
Epoch 2/20
184s - loss: 0.0040 - val_loss: 0.0061
Epoch 3/20
193s - loss: 0.0032 - val_loss: 0.0064
Epoch 4/20
202s - loss: 0.0028 - val_loss: 0.0051
Epoch 5/20
201s - loss: 0.0026 - val_loss: 0.0034
Epoch 6/20
201s - loss: 0.0024 - val_loss: 0.0030
Epoch 7/20
202s - loss: 0.0023 - val_loss: 0.0028
Epoch 8/20
202s - loss: 0.0022 - val_loss: 0.0034
Epoch 9/20
201s - loss: 0.0021 - val_loss: 0.0028
Epoch 10/20
202s - loss: 0.0020 - val_loss: 0.0038
Epoch 11/20
205s - loss: 0.0019 - val_loss: 0.0031
Epoch 12/20
204s - loss: 0.0020 - val_loss: 0.0032
Epoch 13/20
201s - loss: 0.0019 - val_loss: 0.0038
Epoch 00012: early stopping
03.02.2018 12:47:49 INFO    Starting theta 83/100: number 1000 ([ 0.97310957 -0.81263698])
Train on 899964 samples, validate on 99996 samples
Epoch 1/20
203s - loss: 0.0323 - val_loss: 0.0181
Epoch 2/20
202s - loss: 0.0114 - val_loss: 0.0144
Epoch 3/20
202s - loss: 0.0091 - val_loss: 0.0117
Epoch 4/20
202s - loss: 0.0081 - val_loss: 0.0090
Epoch 5/20
202s - loss: 0.0075 - val_loss: 0.0101
Epoch 6/20
202s - loss: 0.0071 - val_loss: 0.0081
Epoch 7/20
185s - loss: 0.0069 - val_loss: 0.0086
Epoch 8/20
182s - loss: 0.0067 - val_loss: 0.0079
Epoch 9/20
182s - loss: 0.0065 - val_loss: 0.0101
Epoch 10/20
182s - loss: 0.0063 - val_loss: 0.0077
Epoch 11/20
182s - loss: 0.0062 - val_loss: 0.0079
Epoch 12/20
186s - loss: 0.0061 - val_loss: 0.0072
Epoch 13/20
189s - loss: 0.0060 - val_loss: 0.0073
Epoch 14/20
189s - loss: 0.0060 - val_loss: 0.0077
Epoch 15/20
189s - loss: 0.0059 - val_loss: 0.0093
Epoch 16/20
189s - loss: 0.0058 - val_loss: 0.0069
Epoch 17/20
189s - loss: 0.0058 - val_loss: 0.0067
Epoch 18/20
189s - loss: 0.0058 - val_loss: 0.0070
Epoch 19/20
189s - loss: 0.0057 - val_loss: 0.0085
Epoch 20/20
189s - loss: 0.0057 - val_loss: 0.0069
03.02.2018 14:03:51 INFO    Starting theta 84/100: number 291 ([-0.44794652 -0.29910012])
Train on 896874 samples, validate on 99653 samples
Epoch 1/20
189s - loss: 0.0312 - val_loss: 0.0328
Epoch 2/20
188s - loss: 0.0104 - val_loss: 0.0144
Epoch 3/20
188s - loss: 0.0085 - val_loss: 0.0125
Epoch 4/20
188s - loss: 0.0074 - val_loss: 0.0121
Epoch 5/20
188s - loss: 0.0066 - val_loss: 0.0178
Epoch 6/20
188s - loss: 0.0062 - val_loss: 0.0096
Epoch 7/20
192s - loss: 0.0058 - val_loss: 0.0133
Epoch 8/20
194s - loss: 0.0054 - val_loss: 0.0103
Epoch 9/20
192s - loss: 0.0053 - val_loss: 0.0109
Epoch 10/20
192s - loss: 0.0052 - val_loss: 0.0109
Epoch 00009: early stopping
03.02.2018 14:47:53 INFO    Starting theta 85/100: number 740 ([ 0.45098284 -0.09648431])
Train on 899901 samples, validate on 99989 samples
Epoch 1/20
190s - loss: 0.0087 - val_loss: 0.0050
Epoch 2/20
189s - loss: 0.0030 - val_loss: 0.0029
Epoch 3/20
189s - loss: 0.0023 - val_loss: 0.0025
Epoch 4/20
189s - loss: 0.0020 - val_loss: 0.0024
Epoch 5/20
189s - loss: 0.0018 - val_loss: 0.0018
Epoch 6/20
190s - loss: 0.0017 - val_loss: 0.0018
Epoch 7/20
189s - loss: 0.0016 - val_loss: 0.0017
Epoch 8/20
189s - loss: 0.0015 - val_loss: 0.0023
Epoch 9/20
190s - loss: 0.0014 - val_loss: 0.0015
Epoch 10/20
189s - loss: 0.0014 - val_loss: 0.0015
Epoch 11/20
190s - loss: 0.0013 - val_loss: 0.0017
Epoch 12/20
190s - loss: 0.0013 - val_loss: 0.0015
Epoch 13/20
189s - loss: 0.0013 - val_loss: 0.0018
Epoch 00012: early stopping
03.02.2018 15:41:15 INFO    Starting theta 86/100: number 276 ([-0.4640355  -0.39998652])
Train on 898016 samples, validate on 99780 samples
Epoch 1/20
190s - loss: 0.0347 - val_loss: 0.0299
Epoch 2/20
189s - loss: 0.0115 - val_loss: 0.0246
Epoch 3/20
189s - loss: 0.0092 - val_loss: 0.0130
Epoch 4/20
189s - loss: 0.0080 - val_loss: 0.0127
Epoch 5/20
188s - loss: 0.0073 - val_loss: 0.0142
Epoch 6/20
191s - loss: 0.0069 - val_loss: 0.0114
Epoch 7/20
193s - loss: 0.0064 - val_loss: 0.0125
Epoch 8/20
193s - loss: 0.0061 - val_loss: 0.0125
Epoch 9/20
193s - loss: 0.0058 - val_loss: 0.0117
Epoch 10/20
193s - loss: 0.0055 - val_loss: 0.0093
Epoch 11/20
193s - loss: 0.0055 - val_loss: 0.0101
Epoch 12/20
193s - loss: 0.0053 - val_loss: 0.0110
Epoch 13/20
193s - loss: 0.0051 - val_loss: 0.0091
Epoch 14/20
193s - loss: 0.0051 - val_loss: 0.0104
Epoch 15/20
193s - loss: 0.0050 - val_loss: 0.0108
Epoch 16/20
191s - loss: 0.0049 - val_loss: 0.0086
Epoch 17/20
200s - loss: 0.0048 - val_loss: 0.0090
Epoch 18/20
198s - loss: 0.0048 - val_loss: 0.0087
Epoch 19/20
197s - loss: 0.0047 - val_loss: 0.0074
Epoch 20/20
197s - loss: 0.0046 - val_loss: 0.0119
03.02.2018 16:58:17 INFO    Starting theta 87/100: number 679 ([ 0.33068993 -0.75125927])
Train on 899947 samples, validate on 99995 samples
Epoch 1/20
200s - loss: 0.0298 - val_loss: 0.0156
Epoch 2/20
198s - loss: 0.0095 - val_loss: 0.0102
Epoch 3/20
198s - loss: 0.0076 - val_loss: 0.0104
Epoch 4/20
198s - loss: 0.0066 - val_loss: 0.0080
Epoch 5/20
199s - loss: 0.0060 - val_loss: 0.0084
Epoch 6/20
198s - loss: 0.0056 - val_loss: 0.0063
Epoch 7/20
198s - loss: 0.0053 - val_loss: 0.0100
Epoch 8/20
198s - loss: 0.0051 - val_loss: 0.0072
Epoch 9/20
198s - loss: 0.0049 - val_loss: 0.0069
Epoch 10/20
200s - loss: 0.0047 - val_loss: 0.0062
Epoch 11/20
198s - loss: 0.0046 - val_loss: 0.0056
Epoch 12/20
198s - loss: 0.0045 - val_loss: 0.0055
Epoch 13/20
198s - loss: 0.0044 - val_loss: 0.0048
Epoch 14/20
198s - loss: 0.0044 - val_loss: 0.0048
Epoch 15/20
200s - loss: 0.0043 - val_loss: 0.0057
Epoch 16/20
198s - loss: 0.0042 - val_loss: 0.0049
Epoch 17/20
198s - loss: 0.0042 - val_loss: 0.0068
Epoch 18/20
198s - loss: 0.0041 - val_loss: 0.0058
Epoch 00017: early stopping
03.02.2018 18:10:39 INFO    Starting theta 88/100: number 167 ([-0.70631846 -0.18913046])
Train on 898876 samples, validate on 99876 samples
Epoch 1/20
199s - loss: 0.0408 - val_loss: 0.0285
Epoch 2/20
198s - loss: 0.0133 - val_loss: 0.0188
Epoch 3/20
200s - loss: 0.0103 - val_loss: 0.0215
Epoch 4/20
198s - loss: 0.0088 - val_loss: 0.0151
Epoch 5/20
198s - loss: 0.0081 - val_loss: 0.0166
Epoch 6/20
198s - loss: 0.0075 - val_loss: 0.0119
Epoch 7/20
198s - loss: 0.0070 - val_loss: 0.0126
Epoch 8/20
199s - loss: 0.0067 - val_loss: 0.0134
Epoch 9/20
198s - loss: 0.0064 - val_loss: 0.0128
Epoch 10/20
198s - loss: 0.0062 - val_loss: 0.0115
Epoch 11/20
198s - loss: 0.0060 - val_loss: 0.0111
Epoch 12/20
198s - loss: 0.0059 - val_loss: 0.0090
Epoch 13/20
200s - loss: 0.0056 - val_loss: 0.0090
Epoch 14/20
197s - loss: 0.0056 - val_loss: 0.0101
Epoch 15/20
198s - loss: 0.0054 - val_loss: 0.0126
Epoch 16/20
198s - loss: 0.0054 - val_loss: 0.0088
Epoch 17/20
198s - loss: 0.0053 - val_loss: 0.0080
Epoch 18/20
197s - loss: 0.0053 - val_loss: 0.0091
Epoch 19/20
197s - loss: 0.0052 - val_loss: 0.0100
Epoch 20/20
198s - loss: 0.0051 - val_loss: 0.0095
03.02.2018 19:29:34 INFO    Starting theta 89/100: number 125 ([-0.7910712  -0.98769884])
Train on 899556 samples, validate on 99951 samples
Epoch 1/20
199s - loss: 0.0523 - val_loss: 0.0285
Epoch 2/20
198s - loss: 0.0149 - val_loss: 0.0210
Epoch 3/20
198s - loss: 0.0116 - val_loss: 0.0229
Epoch 4/20
198s - loss: 0.0100 - val_loss: 0.0159
Epoch 5/20
198s - loss: 0.0090 - val_loss: 0.0156
Epoch 6/20
198s - loss: 0.0084 - val_loss: 0.0148
Epoch 7/20
198s - loss: 0.0078 - val_loss: 0.0113
Epoch 8/20
198s - loss: 0.0074 - val_loss: 0.0128
Epoch 9/20
198s - loss: 0.0072 - val_loss: 0.0107
Epoch 10/20
198s - loss: 0.0069 - val_loss: 0.0113
Epoch 11/20
198s - loss: 0.0066 - val_loss: 0.0132
Epoch 12/20
198s - loss: 0.0066 - val_loss: 0.0116
Epoch 13/20
198s - loss: 0.0064 - val_loss: 0.0099
Epoch 14/20
198s - loss: 0.0062 - val_loss: 0.0086
Epoch 15/20
196s - loss: 0.0062 - val_loss: 0.0113
Epoch 16/20
197s - loss: 0.0061 - val_loss: 0.0101
Epoch 17/20
198s - loss: 0.0060 - val_loss: 0.0089
Epoch 18/20
198s - loss: 0.0058 - val_loss: 0.0089
Epoch 00017: early stopping
03.02.2018 20:41:46 INFO    Starting theta 90/100: number 429 ([-0.17418656 -0.37102219])
Train on 898664 samples, validate on 99852 samples
Epoch 1/20
199s - loss: 0.0288 - val_loss: 0.0255
Epoch 2/20
198s - loss: 0.0096 - val_loss: 0.0146
Epoch 3/20
198s - loss: 0.0072 - val_loss: 0.0100
Epoch 4/20
198s - loss: 0.0062 - val_loss: 0.0102
Epoch 5/20
198s - loss: 0.0055 - val_loss: 0.0091
Epoch 6/20
197s - loss: 0.0051 - val_loss: 0.0107
Epoch 7/20
198s - loss: 0.0049 - val_loss: 0.0100
Epoch 8/20
198s - loss: 0.0046 - val_loss: 0.0111
Epoch 9/20
198s - loss: 0.0044 - val_loss: 0.0067
Epoch 10/20
197s - loss: 0.0043 - val_loss: 0.0091
Epoch 11/20
197s - loss: 0.0042 - val_loss: 0.0071
Epoch 12/20
197s - loss: 0.0040 - val_loss: 0.0094
Epoch 13/20
198s - loss: 0.0039 - val_loss: 0.0082
Epoch 00012: early stopping
03.02.2018 21:37:31 INFO    Starting theta 91/100: number 149 ([-0.73726809 -0.38348788])
Train on 897831 samples, validate on 99759 samples
Epoch 1/20
199s - loss: 0.0453 - val_loss: 0.0300
Epoch 2/20
198s - loss: 0.0146 - val_loss: 0.0210
Epoch 3/20
198s - loss: 0.0117 - val_loss: 0.0203
Epoch 4/20
199s - loss: 0.0103 - val_loss: 0.0163
Epoch 5/20
198s - loss: 0.0093 - val_loss: 0.0163
Epoch 6/20
198s - loss: 0.0086 - val_loss: 0.0147
Epoch 7/20
198s - loss: 0.0080 - val_loss: 0.0173
Epoch 8/20
198s - loss: 0.0076 - val_loss: 0.0206
Epoch 9/20
199s - loss: 0.0073 - val_loss: 0.0131
Epoch 10/20
198s - loss: 0.0071 - val_loss: 0.0139
Epoch 11/20
198s - loss: 0.0068 - val_loss: 0.0117
Epoch 12/20
198s - loss: 0.0067 - val_loss: 0.0131
Epoch 13/20
198s - loss: 0.0064 - val_loss: 0.0116
Epoch 14/20
199s - loss: 0.0063 - val_loss: 0.0143
Epoch 15/20
198s - loss: 0.0062 - val_loss: 0.0117
Epoch 16/20
198s - loss: 0.0061 - val_loss: 0.0097
Epoch 17/20
198s - loss: 0.0060 - val_loss: 0.0129
Epoch 18/20
198s - loss: 0.0059 - val_loss: 0.0111
Epoch 19/20
198s - loss: 0.0058 - val_loss: 0.0103
Epoch 20/20
198s - loss: 0.0057 - val_loss: 0.0101
Epoch 00019: early stopping
03.02.2018 22:56:40 INFO    Starting theta 92/100: number 430 ([-0.16930044  0.22814164])
Train on 899103 samples, validate on 99901 samples
Epoch 1/20
200s - loss: 0.0188 - val_loss: 0.0134
Epoch 2/20
199s - loss: 0.0072 - val_loss: 0.0114
Epoch 3/20
199s - loss: 0.0053 - val_loss: 0.0076
Epoch 4/20
198s - loss: 0.0045 - val_loss: 0.0064
Epoch 5/20
199s - loss: 0.0041 - val_loss: 0.0075
Epoch 6/20
198s - loss: 0.0038 - val_loss: 0.0062
Epoch 7/20
199s - loss: 0.0035 - val_loss: 0.0053
Epoch 8/20
198s - loss: 0.0034 - val_loss: 0.0112
Epoch 9/20
199s - loss: 0.0032 - val_loss: 0.0046
Epoch 10/20
199s - loss: 0.0031 - val_loss: 0.0041
Epoch 11/20
198s - loss: 0.0030 - val_loss: 0.0047
Epoch 12/20
198s - loss: 0.0029 - val_loss: 0.0055
Epoch 13/20
198s - loss: 0.0029 - val_loss: 0.0058
Epoch 14/20
198s - loss: 0.0028 - val_loss: 0.0055
Epoch 00013: early stopping
03.02.2018 23:56:07 INFO    Starting theta 93/100: number 720 ([ 0.41602256 -0.1168588 ])
Train on 899878 samples, validate on 99987 samples
Epoch 1/20
200s - loss: 0.0090 - val_loss: 0.0046
Epoch 2/20
199s - loss: 0.0032 - val_loss: 0.0039
Epoch 3/20
197s - loss: 0.0025 - val_loss: 0.0024
Epoch 4/20
198s - loss: 0.0021 - val_loss: 0.0025
Epoch 5/20
198s - loss: 0.0020 - val_loss: 0.0023
Epoch 6/20
199s - loss: 0.0018 - val_loss: 0.0021
Epoch 7/20
199s - loss: 0.0017 - val_loss: 0.0030
Epoch 8/20
199s - loss: 0.0016 - val_loss: 0.0024
Epoch 9/20
199s - loss: 0.0016 - val_loss: 0.0030
Epoch 10/20
199s - loss: 0.0015 - val_loss: 0.0019
Epoch 11/20
199s - loss: 0.0015 - val_loss: 0.0022
Epoch 12/20
199s - loss: 0.0014 - val_loss: 0.0018
Epoch 13/20
199s - loss: 0.0014 - val_loss: 0.0033
Epoch 14/20
198s - loss: 0.0014 - val_loss: 0.0014
Epoch 15/20
199s - loss: 0.0014 - val_loss: 0.0018
Epoch 16/20
199s - loss: 0.0013 - val_loss: 0.0017
Epoch 17/20
199s - loss: 0.0013 - val_loss: 0.0017
Epoch 18/20
199s - loss: 0.0013 - val_loss: 0.0018
Epoch 00017: early stopping
04.02.2018 01:08:57 INFO    Starting theta 94/100: number 123 ([-0.79179407  0.72243203])
Train on 899870 samples, validate on 99986 samples
Epoch 1/20
200s - loss: 0.0476 - val_loss: 0.0282
Epoch 2/20
199s - loss: 0.0143 - val_loss: 0.0182
Epoch 3/20
199s - loss: 0.0114 - val_loss: 0.0147
Epoch 4/20
199s - loss: 0.0100 - val_loss: 0.0115
Epoch 5/20
198s - loss: 0.0091 - val_loss: 0.0135
Epoch 6/20
198s - loss: 0.0086 - val_loss: 0.0117
Epoch 7/20
198s - loss: 0.0080 - val_loss: 0.0100
Epoch 8/20
197s - loss: 0.0077 - val_loss: 0.0105
Epoch 9/20
193s - loss: 0.0075 - val_loss: 0.0112
Epoch 10/20
194s - loss: 0.0072 - val_loss: 0.0130
Epoch 11/20
194s - loss: 0.0071 - val_loss: 0.0103
Epoch 00010: early stopping
04.02.2018 01:58:00 INFO    Starting theta 95/100: number 908 ([ 0.77844761  0.32603028])
Train on 900000 samples, validate on 100000 samples
Epoch 1/20
195s - loss: 0.0028 - val_loss: 6.5578e-04
Epoch 2/20
194s - loss: 8.3312e-04 - val_loss: 4.3415e-04
Epoch 3/20
194s - loss: 6.6343e-04 - val_loss: 4.9689e-04
Epoch 4/20
194s - loss: 5.8428e-04 - val_loss: 7.9662e-04
Epoch 5/20
194s - loss: 5.3013e-04 - val_loss: 5.8425e-04
Epoch 6/20
199s - loss: 5.0183e-04 - val_loss: 4.1730e-04
Epoch 7/20
197s - loss: 4.8548e-04 - val_loss: 3.5710e-04
Epoch 8/20
200s - loss: 4.6117e-04 - val_loss: 3.4618e-04
Epoch 9/20
201s - loss: 4.4712e-04 - val_loss: 4.8136e-04
Epoch 10/20
199s - loss: 4.3710e-04 - val_loss: 3.3850e-04
Epoch 11/20
199s - loss: 4.2929e-04 - val_loss: 4.1060e-04
Epoch 12/20
199s - loss: 4.2005e-04 - val_loss: 3.2859e-04
Epoch 13/20
198s - loss: 4.0998e-04 - val_loss: 6.1834e-04
Epoch 14/20
198s - loss: 4.0359e-04 - val_loss: 3.0323e-04
Epoch 15/20
198s - loss: 4.0305e-04 - val_loss: 3.2833e-04
Epoch 16/20
199s - loss: 3.9934e-04 - val_loss: 4.7363e-04
Epoch 17/20
198s - loss: 3.9106e-04 - val_loss: 3.4035e-04
Epoch 18/20
200s - loss: 3.8561e-04 - val_loss: 4.2951e-04
Epoch 00017: early stopping
04.02.2018 03:10:38 INFO    Starting theta 96/100: number 256 ([-0.50703066 -0.72121867])
Train on 899475 samples, validate on 99942 samples
Epoch 1/20
202s - loss: 0.0418 - val_loss: 0.0312
Epoch 2/20
200s - loss: 0.0127 - val_loss: 0.0209
Epoch 3/20
200s - loss: 0.0097 - val_loss: 0.0180
Epoch 4/20
200s - loss: 0.0084 - val_loss: 0.0131
Epoch 5/20
200s - loss: 0.0077 - val_loss: 0.0123
Epoch 6/20
200s - loss: 0.0072 - val_loss: 0.0154
Epoch 7/20
199s - loss: 0.0067 - val_loss: 0.0116
Epoch 8/20
195s - loss: 0.0065 - val_loss: 0.0109
Epoch 9/20
194s - loss: 0.0062 - val_loss: 0.0105
Epoch 10/20
194s - loss: 0.0059 - val_loss: 0.0116
Epoch 11/20
194s - loss: 0.0057 - val_loss: 0.0150
Epoch 12/20
194s - loss: 0.0057 - val_loss: 0.0111
Epoch 13/20
194s - loss: 0.0055 - val_loss: 0.0078
Epoch 14/20
194s - loss: 0.0054 - val_loss: 0.0113
Epoch 15/20
194s - loss: 0.0053 - val_loss: 0.0085
Epoch 16/20
194s - loss: 0.0052 - val_loss: 0.0084
Epoch 17/20
194s - loss: 0.0052 - val_loss: 0.0079
Epoch 00016: early stopping
04.02.2018 04:19:26 INFO    Starting theta 97/100: number 777 ([ 0.52377237  0.01987936])
Train on 899863 samples, validate on 99985 samples
Epoch 1/20
196s - loss: 0.0055 - val_loss: 0.0038
Epoch 2/20
194s - loss: 0.0018 - val_loss: 0.0016
Epoch 3/20
195s - loss: 0.0014 - val_loss: 0.0012
Epoch 4/20
194s - loss: 0.0012 - val_loss: 0.0011
Epoch 5/20
194s - loss: 0.0011 - val_loss: 9.7613e-04
Epoch 6/20
195s - loss: 0.0010 - val_loss: 0.0011
Epoch 7/20
195s - loss: 9.7798e-04 - val_loss: 0.0014
Epoch 8/20
194s - loss: 9.2973e-04 - val_loss: 7.7973e-04
Epoch 9/20
194s - loss: 8.8995e-04 - val_loss: 7.1747e-04
Epoch 10/20
195s - loss: 8.8004e-04 - val_loss: 0.0012
Epoch 11/20
195s - loss: 8.3710e-04 - val_loss: 8.2895e-04
Epoch 12/20
194s - loss: 8.2443e-04 - val_loss: 9.6848e-04
Epoch 13/20
195s - loss: 8.0553e-04 - val_loss: 9.0399e-04
Epoch 00012: early stopping
04.02.2018 05:14:42 INFO    Starting theta 98/100: number 809 ([ 0.58338739 -0.68531326])
Train on 899964 samples, validate on 99996 samples
Epoch 1/20
196s - loss: 0.0279 - val_loss: 0.0160
Epoch 2/20
195s - loss: 0.0091 - val_loss: 0.0119
Epoch 3/20
195s - loss: 0.0072 - val_loss: 0.0090
Epoch 4/20
194s - loss: 0.0063 - val_loss: 0.0076
Epoch 5/20
194s - loss: 0.0057 - val_loss: 0.0086
Epoch 6/20
194s - loss: 0.0054 - val_loss: 0.0063
Epoch 7/20
195s - loss: 0.0051 - val_loss: 0.0074
Epoch 8/20
195s - loss: 0.0049 - val_loss: 0.0073
Epoch 9/20
195s - loss: 0.0048 - val_loss: 0.0084
Epoch 10/20
195s - loss: 0.0047 - val_loss: 0.0062
Epoch 11/20
195s - loss: 0.0046 - val_loss: 0.0055
Epoch 12/20
195s - loss: 0.0045 - val_loss: 0.0063
Epoch 13/20
195s - loss: 0.0044 - val_loss: 0.0055
Epoch 14/20
195s - loss: 0.0043 - val_loss: 0.0060
Epoch 15/20
196s - loss: 0.0042 - val_loss: 0.0056
Epoch 16/20
195s - loss: 0.0042 - val_loss: 0.0050
Epoch 17/20
195s - loss: 0.0041 - val_loss: 0.0049
Epoch 18/20
195s - loss: 0.0041 - val_loss: 0.0055
Epoch 19/20
195s - loss: 0.0041 - val_loss: 0.0052
Epoch 20/20
195s - loss: 0.0040 - val_loss: 0.0054
04.02.2018 06:32:56 INFO    Starting theta 99/100: number 269 ([-0.48969042 -0.23040933])
Train on 897498 samples, validate on 99722 samples
Epoch 1/20
196s - loss: 0.0332 - val_loss: 0.0292
Epoch 2/20
195s - loss: 0.0109 - val_loss: 0.0146
Epoch 3/20
195s - loss: 0.0088 - val_loss: 0.0171
Epoch 4/20
195s - loss: 0.0077 - val_loss: 0.0144
Epoch 5/20
195s - loss: 0.0070 - val_loss: 0.0121
Epoch 6/20
195s - loss: 0.0066 - val_loss: 0.0104
Epoch 7/20
195s - loss: 0.0063 - val_loss: 0.0119
Epoch 8/20
195s - loss: 0.0060 - val_loss: 0.0108
Epoch 9/20
194s - loss: 0.0057 - val_loss: 0.0108
Epoch 10/20
195s - loss: 0.0056 - val_loss: 0.0129
Epoch 00009: early stopping
04.02.2018 07:18:39 INFO    Starting theta 100/100: number 851 ([ 0.66684741 -0.33464755])
Train on 899969 samples, validate on 99997 samples
Epoch 1/20
196s - loss: 0.0166 - val_loss: 0.0113
Epoch 2/20
195s - loss: 0.0061 - val_loss: 0.0074
Epoch 3/20
195s - loss: 0.0048 - val_loss: 0.0052
Epoch 4/20
195s - loss: 0.0042 - val_loss: 0.0054
Epoch 5/20
195s - loss: 0.0038 - val_loss: 0.0054
Epoch 6/20
195s - loss: 0.0036 - val_loss: 0.0047
Epoch 7/20
195s - loss: 0.0034 - val_loss: 0.0050
Epoch 8/20
195s - loss: 0.0033 - val_loss: 0.0044
Epoch 9/20
195s - loss: 0.0032 - val_loss: 0.0040
Epoch 10/20
195s - loss: 0.0031 - val_loss: 0.0055
Epoch 11/20
196s - loss: 0.0030 - val_loss: 0.0037
Epoch 12/20
195s - loss: 0.0030 - val_loss: 0.0037
Epoch 13/20
195s - loss: 0.0029 - val_loss: 0.0034
Epoch 14/20
195s - loss: 0.0029 - val_loss: 0.0044
Epoch 15/20
195s - loss: 0.0029 - val_loss: 0.0039
Epoch 16/20
196s - loss: 0.0028 - val_loss: 0.0035
Epoch 17/20
196s - loss: 0.0028 - val_loss: 0.0037
Epoch 00016: early stopping
04.02.2018 08:27:17 INFO    Interpolation
04.02.2018 08:27:17 INFO    That's it -- have a great day!
